RSSI: -63 [da:44:b7:75:05:1e]

RSSI: -81 [da:44:b7:a2:0a:7a]

RSSI: -82 [da:44:b7:f8:06:9e]

RSSI: -66 [da:44:b8:23:0b:fa]

RSSI: -66 [da:44:b8:63:0c:ba]

RSSI: -76 [da:44:b8:39:07:4e]

RSSI: -88 [da:44:b8:7a:08:0e]

RSSI: -73 [da:44:b8:a4:0d:6a]

RSSI: -78 [da:44:b8:e4:0e:2a]

RSSI: -86 [da:44:b8:bb:08:ce]

RSSI: -83 [da:44:b9:24:0e:fa]

RSSI: -88 [da:44:b9:65:0f:ba]

RSSI: -88 [da:44:b9:7f:0b:0e]

RSSI: -82 [da:44:b9:e6:11:3a]

RSSI: -85 [da:44:ba:36:0d:1e]

RSSI: -82 [da:44:ba:78:0d:de]

RSSI: -79 [da:44:bb:5e:15:aa]

RSSI: -81 [da:44:bb:fe:12:6e]

RSSI: -84 [da:44:bc:62:02:1a]

RSSI: -75 [da:44:bd:26:04:6a]

RSSI: -79 [da:44:bd:be:01:0e]

RSSI: -83 [da:44:be:01:01:ce]

RSSI: -82 [da:44:be:60:08:0a]

RSSI: -87 [da:44:be:78:03:3e]

RSSI: -86 [da:44:be:a1:08:ca]

RSSI: -78 [da:44:be:e3:09:9a]

RSSI: -67 [da:44:be:ba:03:fe]

RSSI: -64 [da:44:be:fc:04:be]

RSSI: -90 [da:44:bf:65:0b:1a]

RSSI: -67 [da:44:bf:a2:0b:ca]

RSSI: -78 [da:44:bf:f9:07:9e]

RSSI: -69 [da:44:c0:26:0d:5a]

RSSI: -89 [da:44:c0:3c:08:5e]

RSSI: -76 [da:44:c0:68:0e:1a]

RSSI: -90 [da:44:c0:7f:09:1e]

RSSI: -80 [da:44:c1:20:10:3a]

RSSI: -84 [da:44:c1:bf:0c:be]

RSSI: -84 [da:44:c2:38:0e:1e]

RSSI: -82 [da:44:c2:a0:14:ba]

RSSI: -86 [da:44:c2:7b:0e:de]

RSSI: -80 [da:44:c2:bd:0f:ae]

RSSI: -86 [da:44:c3:36:11:0e]

RSSI: -85 [da:44:c3:bd:12:8e]

RSSI: -89 [da:44:c3:ff:13:4e]

RSSI: -79 [da:44:c4:63:03:9a]

RSSI: -86 [da:44:c4:36:13:ee]

RSSI: -75 [da:44:c4:a6:04:5a]

RSSI: -78 [da:44:c4:e8:05:2a]

RSSI: -87 [da:44:c5:79:00:ee]

RSSI: -89 [da:44:c5:bc:01:ae]

RSSI: -82 [da:44:c6:36:03:0e]

RSSI: -81 [da:44:c6:a1:0a:3a]

RSSI: -69 [da:44:c6:7b:03:de]

RSSI: -89 [da:44:c6:e3:0a:fa]

RSSI: -70 [da:44:c7:27:0b:ba]

RSSI: -70 [da:44:c7:38:05:fe]

RSSI: -86 [da:44:c7:7c:06:be]

RSSI: -77 [da:44:c7:c0:07:8e]

RSSI: -73 [da:44:c7:e3:0d:ea]

RSSI: -89 [da:44:c8:78:09:8e]

RSSI: -82 [da:44:c8:e3:10:ea]

RSSI: -86 [da:44:c9:7b:0c:7e]

RSSI: -85 [da:44:c9:9f:13:1a]

RSSI: -81 [da:44:ca:26:14:ba]

RSSI: -86 [da:44:ca:3a:0e:ae]

RSSI: -80 [da:44:ca:7f:0f:7e]

RSSI: -85 [da:44:ca:fa:10:ee]

RSSI: -85 [da:44:cb:3e:11:be]

RSSI: -81 [da:44:cb:e5:03:5a]

RSSI: -86 [da:44:cb:ba:13:1e]

RSSI: -87 [da:44:cb:fe:13:de]

RSSI: -83 [da:44:cc:a3:05:9a]

RSSI: -87 [da:44:cc:bf:16:0e]

RSSI: -87 [da:44:cd:3b:00:ee]

RSSI: -85 [da:44:cd:fb:03:2e]

RSSI: -79 [da:44:ce:28:0a:1a]

RSSI: -72 [da:44:ce:a3:0b:8a]

RSSI: -65 [da:44:ce:77:04:8e]

RSSI: -73 [da:44:cf:62:0d:ba]

RSSI: -78 [da:44:cf:7f:07:7e]

RSSI: -84 [da:44:d0:21:0f:fa]

RSSI: -85 [da:44:d0:67:10:ca]

RSSI: -87 [da:44:d1:27:13:1a]

RSSI: -87 [da:44:d1:3a:0c:7e]

RSSI: -79 [da:44:d1:e7:15:5a]

RSSI: -83 [da:44:d1:fc:0e:be]

RSSI: -80 [da:44:d2:79:10:2e]

RSSI: -93 [da:44:d2:df:01:ca]

RSSI: -83 [da:44:d3:26:02:9a]

RSSI: -84 [da:44:d3:3e:12:6e]

RSSI: -76 [da:44:d3:a2:04:1a]

RSSI: -87 [da:44:d4:63:06:5a]

RSSI: -90 [da:44:d4:7f:16:0e]

RSSI: -90 [da:44:d4:b8:00:2e]

RSSI: -81 [da:44:d4:fd:00:ee]

RSSI: -70 [da:44:d5:7c:02:5e]

RSSI: -69 [da:44:d5:a2:0a:0a]

RSSI: -87 [da:44:d5:b4:03:0e]

RSSI: -70 [da:44:d6:1f:0b:7a]

RSSI: -53 [da:44:d6:3a:04:8e]

RSSI: -68 [da:44:d6:66:0c:4a]

RSSI: -84 [da:44:d7:61:0f:3a]

RSSI: -86 [da:44:d7:a6:10:0a]

RSSI: -89 [da:44:d7:7d:08:3e]

RSSI: -89 [da:44:d8:7b:0b:1e]

RSSI: -88 [da:44:d8:a2:12:fa]

RSSI: -81 [da:44:d9:20:14:7a]

RSSI: -79 [da:44:d9:65:15:4a]

RSSI: -84 [da:44:d9:7a:0e:0e]

RSSI: -89 [da:44:d9:e3:00:5a]

RSSI: -85 [da:44:da:fa:12:7e]

RSSI: -77 [da:44:db:20:04:0a]

RSSI: -80 [da:44:db:66:04:da]

RSSI: -85 [da:44:dc:64:07:da]

RSSI: -83 [da:44:dc:7a:00:5e]

RSSI: -78 [da:44:dc:e3:09:4a]

RSSI: -85 [da:44:dc:fb:01:ce]

RSSI: -84 [da:44:dd:63:0a:ca]

RSSI: -79 [da:44:dd:7b:03:4e]

RSSI: -68 [da:44:dd:e2:0c:4a]

RSSI: -64 [da:44:dd:fc:04:ce]

RSSI: -72 [da:44:de:62:0d:ca]

RSSI: -73 [da:44:de:7d:06:3e]

RSSI: -82 [da:44:de:fe:07:ae]

RSSI: -83 [da:44:df:2a:10:1a]

RSSI: -88 [da:44:df:38:08:5e]

RSSI: -90 [da:44:e0:3b:0b:4e]

RSSI: -79 [da:44:e0:e2:15:4a]

RSSI: -86 [da:44:e0:bd:0c:ce]

RSSI: -84 [da:44:e1:77:0e:ee]

RSSI: -87 [da:44:e1:f9:10:6e]

RSSI: -88 [da:44:e2:7b:11:ee]

RSSI: -82 [da:44:e3:20:05:8a]

RSSI: -88 [da:44:e4:22:08:7a]

RSSI: -85 [da:44:e5:01:02:de]

RSSI: -72 [da:44:e5:25:0b:6a]

RSSI: -68 [da:44:e5:60:0c:1a]

RSSI: -75 [da:44:e5:39:03:7e]

RSSI: -69 [da:44:e5:e2:0d:aa]

RSSI: -65 [da:44:e5:bc:04:fe]

RSSI: -67 [da:44:e5:f7:05:ae]

RSSI: -89 [da:44:e6:64:0f:2a]

RSSI: -81 [da:44:e6:7b:07:2e]

RSSI: -86 [da:44:e7:68:12:2a]

RSSI: -90 [da:44:e7:a0:12:da]

RSSI: -90 [da:44:e7:bd:0a:ce]

RSSI: -81 [da:44:e8:23:14:6a]

RSSI: -80 [da:44:e8:5e:15:1a]

RSSI: -85 [da:44:e8:41:0c:4e]

RSSI: -86 [da:44:e8:7a:0c:ee]

RSSI: -85 [da:44:e8:a5:15:ea]

RSSI: -85 [da:44:e8:fe:0e:7e]

RSSI: -88 [da:44:e9:21:00:ca]

RSSI: -81 [da:44:e9:39:0f:2e]

RSSI: -85 [da:44:e9:a4:02:4a]

RSSI: -81 [da:44:e9:dd:02:fa]

RSSI: -83 [da:44:e9:be:10:ae]

RSSI: -84 [da:44:e9:f9:11:5e]

RSSI: -78 [da:44:ea:28:03:da]

RSSI: -83 [da:44:ea:7e:12:ee]

RSSI: -86 [da:44:ea:e3:06:0a]

RSSI: -92 [da:44:eb:3b:15:0e]

RSSI: -87 [da:44:eb:67:07:9a]

RSSI: -87 [da:44:eb:fc:00:ae]

RSSI: -69 [da:44:ec:e5:0b:fa]

RSSI: -73 [da:44:ec:f6:03:8e]

RSSI: -68 [da:44:ed:69:0d:8a]

RSSI: -65 [da:44:ed:42:04:7e]

RSSI: -65 [da:44:ed:7b:05:1e]

RSSI: -68 [da:44:ed:b8:05:ce]

RSSI: -82 [da:44:ee:62:10:6a]

RSSI: -78 [da:44:ee:3d:07:4e]

RSSI: -96 [da:44:ee:7a:07:fe]

RSSI: -86 [da:44:ee:e7:11:fa]

RSSI: -91 [da:44:ee:ff:09:7e]

RSSI: -83 [da:44:ef:e0:14:ea]

RSSI: -85 [da:44:ef:fb:0c:5e]

RSSI: -91 [da:44:f0:a1:00:ba]

RSSI: -84 [da:44:f0:be:0e:9e]

RSSI: -83 [da:44:f1:27:02:4a]

RSSI: -85 [da:44:f0:f7:0f:3e]

RSSI: -79 [da:44:f1:63:02:fa]

RSSI: -83 [da:44:f1:7e:10:ce]

RSSI: -77 [da:44:f1:e8:04:8a]

RSSI: -79 [da:44:f2:21:05:2a]

RSSI: -84 [da:44:f2:7e:13:be]

RSSI: -85 [da:44:f2:a7:06:ba]

RSSI: -86 [da:44:f2:fd:15:2e]

RSSI: -86 [da:44:f3:40:15:ee]

RSSI: -80 [da:44:f3:a6:09:9a]

RSSI: -78 [da:44:f3:df:0a:4a]

RSSI: -68 [da:44:f4:65:0b:da]

RSSI: -77 [da:44:f4:3e:02:4e]

RSSI: -66 [da:44:f4:a2:0c:8a]

RSSI: -83 [da:44:f4:7e:03:0e]

RSSI: -68 [da:44:f4:be:03:ce]

RSSI: -64 [da:44:f4:fd:04:7e]

RSSI: -79 [da:44:f5:65:0e:ca]

RSSI: -65 [da:44:f5:3d:05:3e]

RSSI: -82 [da:44:f5:9e:0f:7a]

RSSI: -67 [da:44:f5:7d:05:fe]

RSSI: -86 [da:44:f5:bd:06:ae]

RSSI: -78 [da:44:f5:fd:07:6e]

RSSI: -85 [da:44:f6:3c:08:1e]

RSSI: -84 [da:44:f6:7c:08:de]

RSSI: -91 [da:44:f7:25:14:0a]

RSSI: -85 [da:44:f7:5f:14:ba]

RSSI: -87 [da:44:f7:7d:0b:ae]

RSSI: -85 [da:44:f7:bd:0c:6e]

RSSI: -85 [da:44:f8:28:00:aa]

RSSI: -88 [da:44:f8:68:01:6a]

RSSI: -85 [da:44:f8:a7:02:2a]

RSSI: -84 [da:44:f8:7d:0e:9e]

RSSI: -81 [da:44:f8:be:0f:5e]

RSSI: -78 [da:44:f8:e7:02:ea]

RSSI: -82 [da:44:f9:3f:10:de]

RSSI: -74 [da:44:f9:66:04:6a]

RSSI: -87 [da:44:f9:7f:11:9e]

RSSI: -82 [da:44:fa:25:06:aa]

RSSI: -81 [da:44:fa:00:13:0e]

RSSI: -85 [da:44:fa:41:13:ce]

RSSI: -81 [da:44:fa:e4:08:ca]

RSSI: -85 [da:44:fa:c2:15:3e]

RSSI: -80 [da:44:fb:25:09:8a]

RSSI: -81 [da:44:fb:a4:0a:fa]

RSSI: -68 [da:44:fb:e5:0b:ba]

RSSI: -67 [da:44:fc:25:0c:6a]

RSSI: -66 [da:44:fc:65:0d:2a]

RSSI: -71 [da:44:fc:7b:03:be]

RSSI: -73 [da:44:fc:a5:0d:ea]

RSSI: -67 [da:44:fc:bc:04:7e]

RSSI: -79 [da:44:fc:e5:0e:aa]

RSSI: -77 [da:44:fd:25:0f:6a]

RSSI: -65 [da:44:fc:fd:05:3e]

RSSI: -67 [da:44:fd:3f:05:ee]

RSSI: -84 [da:44:fd:80:06:ae]

RSSI: -79 [da:44:fd:a6:10:ea]

RSSI: -86 [da:44:fd:e6:11:aa]

RSSI: -86 [da:44:fe:27:12:6a]

RSSI: -85 [da:44:fe:68:13:2a]

RSSI: -87 [da:44:fe:a8:13:da]

RSSI: -82 [da:44:fe:e9:14:9a]

RSSI: -86 [da:44:fe:fb:0a:ee]

RSSI: -83 [da:44:ff:29:15:5a]

RSSI: -86 [da:44:ff:6a:16:1a]

RSSI: -87 [da:44:ff:7e:0c:6e]

RSSI: -84 [da:44:ff:bb:0d:1e]

RSSI: -80 [da:45:00:60:02:7a]

RSSI: -83 [da:45:00:80:0f:5e]

RSSI: -79 [da:45:01:23:04:ba]

RSSI: -82 [da:45:01:64:05:7a]

RSSI: -82 [da:45:01:79:12:2e]

RSSI: -83 [da:45:01:bc:12:fe]

RSSI: -80 [da:45:02:aa:09:3a]

RSSI: -67 [da:45:03:a3:0c:0a]

RSSI: -83 [da:45:03:7d:01:7e]

RSSI: -65 [da:45:03:e4:0c:da]

RSSI: -69 [da:45:04:26:0d:9a]

RSSI: -78 [da:45:04:9c:0e:ea]

RSSI: -65 [da:45:04:7a:04:5e]

RSSI: -65 [da:45:04:bc:05:1e]

RSSI: -79 [da:45:05:28:10:8a]

RSSI: -69 [da:45:04:ff:05:de]

RSSI: -78 [da:45:05:41:06:9e]

RSSI: -81 [da:45:06:e8:15:ca]

RSSI: -89 [da:45:07:2a:00:2a]

RSSI: -84 [da:45:07:3c:0c:4e]

RSSI: -80 [da:45:07:e3:02:5a]

RSSI: -78 [da:45:08:26:03:1a]

RSSI: -77 [da:45:08:68:03:ea]

RSSI: -80 [da:45:08:7e:0f:fe]

RSSI: -77 [da:45:08:aa:04:ba]

RSSI: -83 [da:45:09:3b:12:2e]

RSSI: -81 [da:45:09:7e:12:ee]

RSSI: -87 [da:45:09:a7:07:aa]

RSSI: -74 [da:45:0a:e7:0b:5a]

RSSI: -68 [da:45:0b:29:0c:1a]

RSSI: -88 [da:45:0b:3b:01:8e]

RSSI: -67 [da:45:0b:a1:0d:8a]

RSSI: -82 [da:45:0b:e5:0e:5a]

RSSI: -76 [da:45:0c:28:0f:2a]

RSSI: -65 [da:45:0c:3d:04:7e]

RSSI: -65 [da:45:0c:80:05:3e]

RSSI: -88 [da:45:0c:e3:11:5a]

RSSI: -91 [da:45:0d:27:12:2a]

RSSI: -81 [da:45:0d:7c:08:0e]

RSSI: -81 [da:45:0e:26:15:2a]

RSSI: -88 [da:45:0e:7f:0a:fe]

RSSI: -83 [da:45:0e:e3:00:da]

RSSI: -84 [da:45:0f:3e:0d:2e]

RSSI: -79 [da:45:0f:6a:02:6a]

RSSI: -87 [da:45:0f:b9:0e:8e]

RSSI: -81 [da:45:0f:fd:0f:5e]

RSSI: -79 [da:45:10:28:04:aa]

RSSI: -80 [da:45:10:42:10:1e]

RSSI: -86 [da:45:10:be:11:8e]

RSSI: -86 [da:45:11:28:07:aa]

RSSI: -85 [da:45:11:a2:09:0a]

RSSI: -86 [da:45:11:7d:13:be]

RSSI: -77 [da:45:11:e7:09:da]

RSSI: -71 [da:45:12:69:0b:6a]

RSSI: -87 [da:45:12:3d:15:ee]

RSSI: -84 [da:45:12:b9:00:ce]

RSSI: -64 [da:45:12:e4:0c:da]

RSSI: -76 [da:45:13:a3:0f:1a]

RSSI: -70 [da:45:13:c0:03:ce]

RSSI: -83 [da:45:13:e6:0f:da]

RSSI: -88 [da:45:14:61:11:4a]

RSSI: -63 [da:45:14:3c:05:2e]

RSSI: -89 [da:45:14:a7:12:1a]

RSSI: -67 [da:45:14:81:05:fe]

RSSI: -76 [da:45:14:fd:07:5e]

RSSI: -86 [da:45:16:3e:0b:0e]

RSSI: -80 [da:45:16:e8:02:5a]

RSSI: -84 [da:45:16:bb:0c:7e]

RSSI: -82 [da:45:17:00:0d:3e]

RSSI: -78 [da:45:17:64:03:da]

RSSI: -79 [da:45:17:a8:04:9a]

RSSI: -84 [da:45:17:7d:0e:ae]

RSSI: -88 [da:45:18:24:06:1a]

RSSI: -80 [da:45:18:40:10:fe]

RSSI: -82 [da:45:18:be:12:6e]

RSSI: -87 [da:45:19:2b:09:1a]

RSSI: -80 [da:45:19:62:09:ba]

RSSI: -79 [da:45:19:a8:0a:8a]

RSSI: -92 [da:45:19:b9:15:4e]

RSSI: -84 [da:45:1a:01:16:1e]

RSSI: -64 [da:45:1a:25:0b:fa]

RSSI: -64 [da:45:1a:6a:0c:ba]

RSSI: -66 [da:45:1a:a2:0d:6a]

RSSI: -84 [da:45:1a:7f:00:fe]

RSSI: -86 [da:45:1a:b6:01:9e]

RSSI: -77 [da:45:1b:04:02:7e]

RSSI: -81 [da:45:1b:a9:10:7a]

RSSI: -63 [da:45:1b:ba:04:9e]

RSSI: -64 [da:45:1c:02:05:7e]

RSSI: -86 [da:45:1c:a4:13:6a]

RSSI: -76 [da:45:1c:b7:07:7e]

RSSI: -88 [da:45:1c:eb:14:4a]

RSSI: -79 [da:45:1d:21:14:ea]

RSSI: -85 [da:45:1d:00:08:4e]

RSSI: -80 [da:45:1d:69:15:ba]

RSSI: -82 [da:45:1d:e7:00:aa]

RSSI: -86 [da:45:1d:fe:0b:3e]

RSSI: -81 [da:45:1e:65:02:2a]

RSSI: -87 [da:45:1e:7d:0c:ae]

RSSI: -78 [da:45:1e:e3:03:aa]

RSSI: -76 [da:45:1f:29:04:6a]

RSSI: -81 [da:45:20:7d:12:9e]

RSSI: -83 [da:45:20:e4:09:8a]

RSSI: -78 [da:45:21:2a:0a:5a]

RSSI: -94 [da:45:21:7d:15:8e]

RSSI: -67 [da:45:22:29:0d:4a]

RSSI: -79 [da:45:22:7e:01:ee]

RSSI: -79 [da:45:22:a8:0e:ca]

RSSI: -82 [da:45:23:27:10:3a]

RSSI: -62 [da:45:23:80:04:ee]

RSSI: -72 [da:45:24:01:06:6e]

RSSI: -76 [da:45:24:39:07:0e]

RSSI: -80 [da:45:24:a7:14:ca]

RSSI: -81 [da:45:24:82:07:de]

RSSI: -87 [da:45:25:04:09:5e]

RSSI: -76 [da:45:26:a8:04:3a]

RSSI: -87 [da:45:26:c0:0e:7e]

RSSI: -85 [da:45:27:63:06:6a]

RSSI: -80 [da:45:27:7d:10:ae]

RSSI: -82 [da:45:28:82:13:ae]

RSSI: -86 [da:45:28:f5:14:fe]

RSSI: -64 [da:45:29:68:0c:5a]

RSSI: -79 [da:45:2a:6b:0f:5a]

RSSI: -77 [da:45:2a:3b:02:2e]

RSSI: -81 [da:45:2a:a3:10:0a]

RSSI: -69 [da:45:2a:be:03:ae]

RSSI: -83 [da:45:2a:ed:10:ea]

RSSI: -65 [da:45:2b:7d:05:de]

RSSI: -75 [da:45:2c:00:07:5e]

RSSI: -80 [da:45:2c:29:14:9a]

RSSI: -76 [da:45:2e:2c:04:2a]

RSSI: -82 [da:45:2e:65:04:da]

RSSI: -78 [da:45:30:29:0a:0a]

RSSI: -80 [da:45:30:3d:13:ae]

RSSI: -64 [da:45:31:21:0c:ea]

RSSI: -72 [da:45:31:6c:0d:ca]

RSSI: -67 [da:45:32:7d:03:de]

RSSI: -66 [da:45:33:3f:06:1e]

RSSI: -75 [da:45:33:c4:07:9e]

RSSI: -88 [da:45:34:3a:08:ee]

RSSI: -82 [da:45:34:66:00:2a]

RSSI: -87 [da:45:34:fd:0b:1e]

RSSI: -87 [da:45:35:83:0c:9e]

RSSI: -81 [da:45:35:e7:04:aa]

RSSI: -81 [da:45:35:bc:0d:4e]

RSSI: -82 [da:45:36:20:05:5a]

RSSI: -83 [da:45:35:f9:0d:fe]

RSSI: -83 [da:45:36:6c:06:3a]

RSSI: -80 [da:45:36:7f:0f:8e]

RSSI: -85 [da:45:36:a5:06:ea]

RSSI: -84 [da:45:37:67:09:1a]

RSSI: -82 [da:45:37:43:11:ce]

RSSI: -80 [da:45:37:7c:12:7e]

RSSI: -73 [da:45:38:29:0b:5a]

RSSI: -67 [da:45:38:62:0b:fa]

RSSI: -89 [da:45:38:c0:16:1e]

RSSI: -84 [da:45:39:3f:01:0e]

RSSI: -77 [da:45:39:bf:02:7e]

RSSI: -82 [da:45:39:e8:10:8a]

RSSI: -82 [da:45:39:fe:03:3e]

RSSI: -67 [da:45:3a:3e:03:fe]

RSSI: -62 [da:45:3a:be:05:6e]

RSSI: -68 [da:45:3a:fd:06:2e]

RSSI: -75 [da:45:3b:7d:07:8e]

RSSI: -85 [da:45:3b:a8:15:ca]

RSSI: -83 [da:45:3b:e1:16:7a]

RSSI: -86 [da:45:3b:fe:09:0e]

RSSI: -87 [da:45:3c:fe:0b:ee]

RSSI: -80 [da:45:3d:67:04:9a]

RSSI: -86 [da:45:3d:3e:0c:ae]

RSSI: -84 [da:45:3d:e6:06:1a]

RSSI: -84 [da:45:3d:bf:0e:2e]

RSSI: -81 [da:45:3d:ff:0e:ee]

RSSI: -84 [da:45:3e:26:06:da]

RSSI: -80 [da:45:3e:81:10:5e]

RSSI: -91 [da:45:3e:a5:08:4a]

RSSI: -82 [da:45:3e:e5:09:0a]

RSSI: -80 [da:45:3e:c1:11:1e]

RSSI: -78 [da:45:3f:25:09:ca]

RSSI: -79 [da:45:3f:42:12:9e]

RSSI: -80 [da:45:3f:64:0a:8a]

RSSI: -83 [da:45:3f:83:13:5e]

RSSI: -62 [da:45:40:24:0c:ba]

RSSI: -83 [da:45:40:a4:0e:3a]

RSSI: -74 [da:45:40:e4:0e:fa]

RSSI: -79 [da:45:41:64:10:7a]

RSSI: -81 [da:45:41:3c:01:be]

RSSI: -82 [da:45:41:a4:11:3a]

RSSI: -88 [da:45:42:25:12:ca]

RSSI: -62 [da:45:42:40:04:be]

RSSI: -86 [da:45:42:a6:14:4a]

RSSI: -84 [da:45:43:27:15:ca]

RSSI: -79 [da:45:43:04:06:fe]

RSSI: -88 [da:45:43:a8:00:ea]

RSSI: -81 [da:45:43:e8:01:aa]

RSSI: -80 [da:45:44:29:02:6a]

RSSI: -73 [da:45:44:aa:03:fa]

RSSI: -77 [da:45:44:eb:04:ba]

RSSI: -86 [da:45:44:fe:0c:ae]

RSSI: -81 [da:45:45:40:0d:6e]

RSSI: -82 [da:45:45:6d:06:3a]

RSSI: -85 [da:45:45:c3:0e:ee]

RSSI: -85 [da:45:46:7c:11:0e]

RSSI: -80 [da:45:46:a5:09:ca]

RSSI: -78 [da:45:46:e6:0a:8a]

RSSI: -82 [da:45:47:00:12:8e]

RSSI: -73 [da:45:47:27:0b:4a]

RSSI: -65 [da:45:47:68:0c:1a]

RSSI: -65 [da:45:47:a9:0c:da]

RSSI: -68 [da:45:47:eb:0d:9a]

RSSI: -81 [da:45:48:2c:0e:5a]

RSSI: -87 [da:45:48:3d:16:1e]

RSSI: -84 [da:45:48:7f:00:4e]

RSSI: -84 [da:45:48:c1:01:0e]

RSSI: -83 [da:45:49:04:01:ce]

RSSI: -81 [da:45:49:25:11:4a]

RSSI: -67 [da:45:49:be:03:fe]

RSSI: -86 [da:45:49:e5:13:8a]

RSSI: -63 [da:45:4a:00:04:be]

RSSI: -89 [da:45:4a:69:15:0a]

RSSI: -64 [da:45:4a:44:05:7e]

RSSI: -83 [da:45:4a:aa:15:da]

RSSI: -76 [da:45:4a:fe:07:8e]

RSSI: -90 [da:45:4b:2e:00:ca]

RSSI: -85 [da:45:4b:40:08:4e]

RSSI: -77 [da:45:4c:29:03:ba]

RSSI: -86 [da:45:4c:3f:0b:1e]

RSSI: -76 [da:45:4c:6b:04:8a]

RSSI: -80 [da:45:4c:ad:05:4a]

RSSI: -85 [da:45:4c:c5:0c:ae]

RSSI: -82 [da:45:4d:25:06:aa]

RSSI: -84 [da:45:4d:3e:0e:0e]

RSSI: -87 [da:45:4d:aa:08:2a]

RSSI: -86 [da:45:4d:81:0e:ce]

RSSI: -82 [da:45:4d:ec:08:ea]

RSSI: -78 [da:45:4d:c3:0f:8e]

RSSI: -82 [da:45:4e:2e:09:aa]

RSSI: -78 [da:45:4e:63:0a:4a]

RSSI: -82 [da:45:4e:80:11:be]

RSSI: -81 [da:45:4e:c3:12:7e]

RSSI: -67 [da:45:4e:e9:0b:da]

RSSI: -64 [da:45:4f:2b:0c:9a]

RSSI: -86 [da:45:4f:3d:13:de]

RSSI: -81 [da:45:4f:e5:0e:ca]

RSSI: -86 [da:45:50:3e:00:5e]

RSSI: -83 [da:45:50:81:01:0e]

RSSI: -79 [da:45:51:3e:03:3e]

RSSI: -65 [da:45:51:83:04:0e]

RSSI: -81 [da:45:52:25:15:8a]

RSSI: -63 [da:45:51:fd:05:6e]

RSSI: -86 [da:45:52:68:16:5a]

RSSI: -83 [da:45:52:7f:06:de]

RSSI: -76 [da:45:52:c3:07:ae]

RSSI: -85 [da:45:53:68:02:da]

RSSI: -78 [da:45:53:ab:03:9a]

RSSI: -90 [da:45:53:81:09:ce]

RSSI: -87 [da:45:53:fc:0b:3e]

RSSI: -77 [da:45:54:25:05:0a]

RSSI: -85 [da:45:54:41:0b:fe]

RSSI: -82 [da:45:55:00:0e:2e]

RSSI: -80 [da:45:55:7b:0f:9e]

RSSI: -82 [da:45:55:ae:09:9a]

RSSI: -78 [da:45:55:bf:10:6e]

RSSI: -83 [da:45:55:e3:0a:3a]

RSSI: -78 [da:45:56:05:11:3e]

RSSI: -84 [da:45:56:3b:11:de]

RSSI: -70 [da:45:56:e6:0d:2a]

RSSI: -85 [da:45:57:41:14:ce]

RSSI: -86 [da:45:57:68:0e:ba]

RSSI: -87 [da:45:57:ab:0f:7a]

RSSI: -82 [da:45:58:26:10:ea]

RSSI: -85 [da:45:58:01:00:7e]

RSSI: -85 [da:45:58:e6:13:3a]

RSSI: -63 [da:45:59:40:04:2e]

RSSI: -80 [da:45:59:a5:15:7a]

RSSI: -71 [da:45:5a:01:06:5e]

RSSI: -83 [da:45:5a:aa:02:1a]

RSSI: -81 [da:45:5a:7e:07:be]

RSSI: -78 [da:45:5b:25:03:9a]

RSSI: -75 [da:45:5b:6a:04:5a]

RSSI: -91 [da:45:5b:86:0a:ce]

RSSI: -83 [da:45:5b:e5:05:da]

RSSI: -82 [da:45:5c:2a:06:9a]

RSSI: -81 [da:45:5c:03:0c:3e]

RSSI: -83 [da:45:5c:fe:0f:1e]

RSSI: -81 [da:45:5d:68:0a:4a]

RSSI: -78 [da:45:5d:44:0f:ee]

RSSI: -65 [da:45:5e:29:0c:8a]

RSSI: -79 [da:45:5e:3f:12:ce]

RSSI: -85 [da:45:5e:ea:0e:ca]

RSSI: -86 [da:45:5e:bd:14:3e]

RSSI: -89 [da:45:5f:3c:15:be]

RSSI: -81 [da:45:5f:67:10:3a]

RSSI: -81 [da:45:5f:ae:11:0a]

RSSI: -88 [da:45:60:2b:12:8a]

RSSI: -79 [da:45:60:3f:02:2e]

RSSI: -71 [da:45:60:be:03:9e]

RSSI: -77 [da:45:61:26:15:7a]

RSSI: -63 [da:45:61:3d:05:1e]

RSSI: -84 [da:45:61:e9:01:2a]

RSSI: -83 [da:45:61:bc:06:8e]

RSSI: -74 [da:45:62:01:07:5e]

RSSI: -83 [da:45:62:67:02:9a]

RSSI: -74 [da:45:62:e5:04:1a]

RSSI: -77 [da:45:63:2a:04:ea]

RSSI: -82 [da:45:63:63:05:9a]

RSSI: -84 [da:45:63:ff:0d:2e]

RSSI: -85 [da:45:64:26:07:da]

RSSI: -80 [da:45:64:a5:09:5a]

RSSI: -78 [da:45:64:ff:10:1e]

RSSI: -66 [da:45:65:a9:0c:5a]

RSSI: -85 [da:45:65:7f:11:9e]

RSSI: -85 [da:45:65:ff:13:1e]

RSSI: -87 [da:45:66:a7:0f:4a]

RSSI: -96 [da:45:66:7f:14:8e]

RSSI: -82 [da:45:66:ef:10:2a]

RSSI: -80 [da:45:67:26:10:ca]

RSSI: -83 [da:45:67:80:00:fe]

RSSI: -86 [da:45:67:ee:13:2a]

RSSI: -76 [da:45:68:01:02:6e]

RSSI: -84 [da:45:68:6e:14:aa]

RSSI: -80 [da:45:68:3b:03:1e]

RSSI: -66 [da:45:68:82:03:fe]

RSSI: -62 [da:45:68:bc:04:ae]

RSSI: -62 [da:45:69:03:05:7e]

RSSI: -69 [da:45:69:3e:06:1e]

RSSI: -76 [da:45:69:bf:07:8e]

RSSI: -80 [da:45:6a:25:03:5a]

RSSI: -74 [da:45:6a:6e:04:3a]

RSSI: -90 [da:45:6a:40:09:0e]

RSSI: -78 [da:45:6a:a5:04:ea]

RSSI: -95 [da:45:6a:c2:0a:8e]

RSSI: -83 [da:45:6a:ee:05:ba]

RSSI: -81 [da:45:6b:25:06:5a]

RSSI: -88 [da:45:6b:44:0c:0e]

RSSI: -85 [da:45:6b:a6:07:da]

RSSI: -84 [da:45:6c:00:0e:3e]

RSSI: -81 [da:45:6c:27:09:5a]

RSSI: -79 [da:45:6c:82:0f:be]

RSSI: -83 [da:45:6d:05:11:3e]

RSSI: -67 [da:45:6d:28:0c:6a]

RSSI: -83 [da:45:6d:3d:11:de]

RSSI: -73 [da:45:6d:a9:0d:ea]

RSSI: -86 [da:45:6d:bf:13:5e]

RSSI: -88 [da:45:6d:e4:0e:9a]

RSSI: -80 [da:45:6e:65:10:1a]

RSSI: -81 [da:45:6e:ac:10:ea]

RSSI: -80 [da:45:6f:c4:02:ae]

RSSI: -82 [da:45:6f:ea:14:ba]

RSSI: -75 [da:45:6f:fc:03:4e]

RSSI: -62 [da:45:70:7f:04:de]

RSSI: -64 [da:45:70:bb:05:7e]

RSSI: -78 [da:45:71:3e:06:fe]

RSSI: -78 [da:45:71:ab:03:9a]

RSSI: -83 [da:45:71:c2:08:7e]

RSSI: -78 [da:45:72:2e:05:1a]

RSSI: -88 [da:45:72:81:0a:ae]

RSSI: -85 [da:45:73:23:08:0a]

RSSI: -80 [da:45:73:ac:09:9a]

RSSI: -81 [da:45:73:e8:0a:4a]

RSSI: -67 [da:45:74:6b:0b:ca]

RSSI: -70 [da:45:74:ee:0d:5a]

RSSI: -76 [da:45:75:27:0e:0a]

RSSI: -81 [da:45:75:43:12:be]

RSSI: -81 [da:45:75:e6:10:4a]

RSSI: -88 [da:45:76:3d:15:9e]

RSSI: -81 [da:45:77:83:02:ee]

RSSI: -80 [da:45:77:ad:15:aa]

RSSI: -73 [da:45:77:bc:03:8e]

RSSI: -64 [da:45:78:42:05:1e]

RSSI: -66 [da:45:78:7e:05:ce]

RSSI: -82 [da:45:78:a6:02:1a]

RSSI: -87 [da:45:79:40:07:ee]

RSSI: -83 [da:45:7a:a9:08:2a]

RSSI: -85 [da:45:7a:e5:08:da]

RSSI: -84 [da:45:7a:c2:0c:5e]

RSSI: -89 [da:45:7a:ff:0d:0e]

RSSI: -81 [da:45:7b:6a:0a:6a]

RSSI: -84 [da:45:7b:86:0e:9e]

RSSI: -84 [da:45:7b:bf:0f:3e]

RSSI: -66 [da:45:7c:2b:0c:aa]

RSSI: -78 [da:45:7b:fc:0f:ee]

RSSI: -73 [da:45:7c:65:0d:5a]

RSSI: -89 [da:45:7c:83:11:7e]

RSSI: -82 [da:45:7c:ea:0e:da]

RSSI: -80 [da:45:7d:02:12:fe]

RSSI: -85 [da:45:7d:48:13:be]

RSSI: -85 [da:45:7d:ac:11:2a]

RSSI: -89 [da:45:7d:e9:11:ea]

RSSI: -90 [da:45:7e:06:15:ee]

RSSI: -95 [da:45:7e:46:00:2e]

RSSI: -86 [da:45:7e:6f:13:7a]

RSSI: -85 [da:45:7e:85:00:de]

RSSI: -77 [da:45:7f:05:02:4e]

RSSI: -80 [da:45:7f:44:03:0e]

RSSI: -89 [da:45:7f:6b:16:7a]

RSSI: -68 [da:45:7f:84:03:ce]

RSSI: -63 [da:45:7f:c4:04:8e]

RSSI: -83 [da:45:80:2f:02:4a]

RSSI: -66 [da:45:80:44:05:fe]

RSSI: -85 [da:45:80:68:02:fa]

RSSI: -79 [da:45:80:a5:03:ba]

RSSI: -84 [da:45:80:84:06:be]

RSSI: -75 [da:45:80:c4:07:6e]

RSSI: -86 [da:45:81:03:08:2e]

RSSI: -83 [da:45:81:44:08:ee]

RSSI: -87 [da:45:82:04:0b:1e]

RSSI: -86 [da:45:82:45:0b:ce]

RSSI: -84 [da:45:82:6c:09:0a]

RSSI: -84 [da:45:82:85:0c:8e]

RSSI: -85 [da:45:82:c5:0d:4e]

RSSI: -80 [da:45:82:eb:0a:7a]

RSSI: -84 [da:45:83:06:0e:0e]

RSSI: -66 [da:45:83:6a:0b:fa]

RSSI: -65 [da:45:83:a9:0c:ba]

RSSI: -80 [da:45:83:87:0f:8e]

RSSI: -73 [da:45:83:e9:0d:7a]

RSSI: -86 [da:45:84:07:11:0e]

RSSI: -78 [da:45:84:29:0e:3a]

RSSI: -79 [da:45:84:68:0e:fa]

RSSI: -94 [da:45:84:a8:0f:ba]

RSSI: -82 [da:45:84:e8:10:7a]

RSSI: -84 [da:45:84:fd:13:de]

RSSI: -83 [da:45:85:28:11:3a]

RSSI: -89 [da:45:85:c0:16:0e]

RSSI: -87 [da:45:85:e8:13:7a]

RSSI: -87 [da:45:86:28:14:3a]

RSSI: -88 [da:45:86:01:00:4e]

RSSI: -85 [da:45:86:42:01:0e]

RSSI: -80 [da:45:86:68:14:fa]

RSSI: -86 [da:45:86:83:01:ce]

RSSI: -86 [da:45:86:e8:16:7a]

RSSI: -80 [da:45:87:05:03:4e]

RSSI: -67 [da:45:87:46:04:1e]

RSSI: -87 [da:45:87:a9:02:1a]

RSSI: -78 [da:45:88:2a:03:aa]

RSSI: -76 [da:45:88:6b:04:6a]

RSSI: -89 [da:45:88:eb:05:ea]

RSSI: -83 [da:45:88:c1:08:5e]

RSSI: -91 [da:45:89:44:09:de]

RSSI: -94 [da:45:89:85:0a:9e]

RSSI: -81 [da:45:89:ee:08:ea]

RSSI: -91 [da:45:8a:03:0c:1e]

RSSI: -83 [da:45:8a:fd:0e:fe]

RSSI: -80 [da:45:8b:3f:0f:be]

RSSI: -83 [da:45:8b:81:10:7e]

RSSI: -76 [da:45:8b:a8:0e:0a]

RSSI: -78 [da:45:8b:e9:0e:ca]

RSSI: -84 [da:45:8b:c3:11:3e]

RSSI: -83 [da:45:8c:05:11:fe]

RSSI: -82 [da:45:8c:47:12:be]

RSSI: -82 [da:45:8c:6b:10:4a]

RSSI: -83 [da:45:8c:ad:11:1a]

RSSI: -90 [da:45:8d:42:15:ae]

RSSI: -85 [da:45:8d:c7:00:9e]

RSSI: -77 [da:45:8e:28:15:9a]

RSSI: -85 [da:45:8e:69:16:5a]

RSSI: -79 [da:45:8e:81:02:be]

RSSI: -73 [da:45:8e:c4:03:7e]

RSSI: -93 [da:45:8f:2a:02:1a]

RSSI: -65 [da:45:8f:06:04:4e]

RSSI: -88 [da:45:8f:6b:02:da]

RSSI: -65 [da:45:8f:7e:05:ae]

RSSI: -79 [da:45:8f:ac:03:9a]

RSSI: -83 [da:45:90:46:07:ee]

RSSI: -80 [da:45:91:6d:08:da]

RSSI: -89 [da:45:91:44:0a:de]

RSSI: -76 [da:45:91:af:09:9a]

RSSI: -85 [da:45:91:ff:0c:fe]

RSSI: -65 [da:45:92:69:0b:ba]

RSSI: -87 [da:45:92:86:0e:8e]

RSSI: -70 [da:45:92:ed:0d:4a]

RSSI: -74 [da:45:93:30:0e:0a]

RSSI: -83 [da:45:93:42:10:be]

RSSI: -81 [da:45:93:84:11:8e]

RSSI: -82 [da:45:93:ea:10:3a]

RSSI: -83 [da:45:93:c9:12:4e]

RSSI: -82 [da:45:93:fe:12:ee]

RSSI: -83 [da:45:94:2c:10:fa]

RSSI: -87 [da:45:94:70:11:ca]

RSSI: -87 [da:45:94:85:14:6e]

RSSI: -85 [da:45:94:e8:13:2a]

RSSI: -84 [da:45:95:2a:13:fa]

RSSI: -79 [da:45:95:6c:14:ba]

RSSI: -86 [da:45:95:86:00:ce]

RSSI: -75 [da:45:95:b0:15:8a]

RSSI: -76 [da:45:96:00:02:2e]

RSSI: -82 [da:45:96:6b:01:4a]

RSSI: -91 [da:45:96:ae:02:0a]

RSSI: -64 [da:45:96:be:04:6e]

RSSI: -85 [da:45:96:f1:02:da]

RSSI: -64 [da:45:97:01:05:2e]

RSSI: -68 [da:45:97:3f:05:ee]

RSSI: -76 [da:45:97:6a:04:4a]

RSSI: -84 [da:45:97:83:06:ae]

RSSI: -79 [da:45:97:ad:05:0a]

RSSI: -77 [da:45:97:c8:07:6e]

RSSI: -90 [da:45:98:86:09:9e]

RSSI: -94 [da:45:99:45:0b:ce]

RSSI: -75 [da:45:99:6a:0a:3a]

RSSI: -68 [da:45:9a:6c:0d:3a]

RSSI: -72 [da:45:9a:af:0d:fa]

RSSI: -82 [da:45:9a:80:0f:6e]

RSSI: -81 [da:45:9b:6c:10:3a]

RSSI: -83 [da:45:9c:00:13:de]

RSSI: -85 [da:45:9c:68:13:2a]

RSSI: -84 [da:45:9c:ad:13:fa]

RSSI: -76 [da:45:9d:28:15:6a]

RSSI: -82 [da:45:9d:6c:16:3a]

RSSI: -83 [da:45:9d:e6:01:4a]

RSSI: -78 [da:45:9d:c6:02:7e]

RSSI: -91 [da:45:9e:2a:02:1a]

RSSI: -66 [da:45:9e:43:03:fe]

RSSI: -65 [da:45:9e:bf:05:6e]

RSSI: -76 [da:45:9e:eb:04:5a]

RSSI: -78 [da:45:9f:2f:05:2a]

RSSI: -71 [da:45:9f:06:06:3e]

RSSI: -85 [da:45:9f:aa:06:9a]

RSSI: -82 [da:45:9f:82:07:9e]

RSSI: -84 [da:45:9f:c7:08:6e]

RSSI: -80 [da:45:a0:26:08:0a]

RSSI: -92 [da:45:9f:ff:09:1e]

RSSI: -79 [da:45:a0:6a:08:da]

RSSI: -95 [da:45:a0:44:09:de]

RSSI: -75 [da:45:a0:e5:0a:4a]

RSSI: -89 [da:45:a0:c1:0b:4e]

RSSI: -88 [da:45:a1:3f:0c:be]

RSSI: -65 [da:45:a1:70:0b:ea]

RSSI: -63 [da:45:a1:a7:0c:8a]

RSSI: -83 [da:45:a1:84:0d:8e]

RSSI: -68 [da:45:a1:ec:0d:5a]

RSSI: -73 [da:45:a2:30:0e:2a]

RSSI: -79 [da:45:a2:68:0e:ca]

RSSI: -79 [da:45:a2:48:0f:de]

RSSI: -81 [da:45:a2:7f:10:7e]

RSSI: -85 [da:45:a2:fc:11:ee]

RSSI: -83 [da:45:a3:29:11:0a]

RSSI: -82 [da:45:a3:44:12:be]

RSSI: -87 [da:45:a3:c2:14:2e]

RSSI: -86 [da:45:a3:ec:13:6a]

RSSI: -79 [da:45:a4:69:14:da]

RSSI: -76 [da:45:a4:ae:15:aa]

RSSI: -78 [da:45:a5:43:02:2e]

RSSI: -72 [da:45:a5:c2:03:ae]

RSSI: -84 [da:45:a5:ed:02:ca]

RSSI: -64 [da:45:a6:41:05:1e]

RSSI: -79 [da:45:a6:b1:05:1a]

RSSI: -86 [da:45:a7:2f:06:8a]

RSSI: -78 [da:45:a7:06:07:5e]

RSSI: -80 [da:45:a7:ad:08:0a]

RSSI: -85 [da:45:a7:85:08:ce]

RSSI: -88 [da:45:a8:84:0b:be]

RSSI: -67 [da:45:a8:ee:0b:ca]

RSSI: -86 [da:45:a9:03:0d:2e]

RSSI: -70 [da:45:a9:6c:0d:3a]

RSSI: -88 [da:45:a9:83:0e:ae]

RSSI: -83 [da:45:a9:eb:0e:ba]

RSSI: -92 [da:45:aa:2b:0f:7a]

RSSI: -81 [da:45:aa:03:10:2e]

RSSI: -82 [da:45:aa:70:10:4a]

RSSI: -89 [da:45:aa:83:11:9e]

RSSI: -83 [da:45:aa:a9:10:ea]

RSSI: -89 [da:45:ab:03:13:1e]

RSSI: -85 [da:45:ab:6e:13:4a]

RSSI: -81 [da:45:ab:ed:14:ca]

RSSI: -89 [da:45:ac:04:16:0e]

RSSI: -89 [da:45:ac:6d:16:4a]

RSSI: -85 [da:45:ac:84:00:fe]

RSSI: -88 [da:45:ac:ec:01:4a]

RSSI: -77 [da:45:ad:05:02:6e]

RSSI: -81 [da:45:ad:6b:02:ca]

RSSI: -69 [da:45:ad:86:03:ee]

RSSI: -76 [da:45:ad:eb:04:5a]

RSSI: -65 [da:45:ae:07:05:6e]

RSSI: -86 [da:45:ae:6b:05:da]

RSSI: -70 [da:45:ae:41:06:1e]

RSSI: -78 [da:45:ae:c3:07:8e]

RSSI: -79 [da:45:af:eb:0a:4a]

RSSI: -69 [da:45:b0:6c:0b:ca]

RSSI: -85 [da:45:b0:7f:0c:8e]

RSSI: -70 [da:45:b0:ec:0d:4a]

RSSI: -85 [da:45:b1:01:0e:0e]

RSSI: -83 [da:45:b1:be:10:3e]

RSSI: -82 [da:45:b2:28:10:fa]

RSSI: -83 [da:45:b2:05:11:0e]

RSSI: -83 [da:45:b2:40:11:be]

RSSI: -90 [da:45:b2:a9:12:8a]

RSSI: -88 [da:45:b2:c3:13:3e]

RSSI: -79 [da:45:b3:ac:15:9a]

RSSI: -92 [da:45:b3:86:15:7e]

RSSI: -89 [da:45:b4:65:01:5a]

RSSI: -84 [da:45:b4:af:02:3a]

RSSI: -83 [da:45:b4:e7:02:ea]

RSSI: -80 [da:45:b4:c4:02:7e]

RSSI: -83 [da:45:b5:00:03:2e]

RSSI: -79 [da:45:b5:31:03:ca]

RSSI: -76 [da:45:b5:69:04:6a]

RSSI: -68 [da:45:b5:83:04:ae]

RSSI: -77 [da:45:b5:b3:05:4a]

RSSI: -86 [da:45:b5:eb:05:fa]

RSSI: -86 [da:45:b6:c5:08:4e]

RSSI: -76 [da:45:b7:2a:09:aa]

RSSI: -89 [da:45:b7:ad:0b:3a]

RSSI: -64 [da:45:b8:2f:0c:ba]

RSSI: -68 [da:45:b8:70:0d:8a]

RSSI: -75 [da:45:b8:a9:0e:2a]

RSSI: -86 [da:45:b8:c5:0e:1e]

RSSI: -80 [da:45:b9:67:10:6a]

RSSI: -80 [da:45:b9:85:10:3e]

RSSI: -82 [da:45:b9:af:11:3a]

RSSI: -80 [da:45:b9:be:10:ee]

RSSI: -85 [da:45:b9:ea:11:fa]

RSSI: -85 [da:45:ba:6d:13:8a]

RSSI: -82 [da:45:ba:43:12:6e]

RSSI: -82 [da:45:ba:7f:13:1e]

RSSI: -79 [da:45:bb:2c:15:ca]

RSSI: -87 [da:45:bb:c4:00:5e]

RSSI: -78 [da:45:bc:a8:03:aa]

RSSI: -78 [da:45:bc:82:02:7e]

RSSI: -78 [da:45:bc:bf:03:3e]

RSSI: -65 [da:45:bd:44:04:be]

RSSI: -84 [da:45:be:25:08:2a]

RSSI: -86 [da:45:be:06:06:ee]

RSSI: -82 [da:45:be:3f:07:9e]

RSSI: -90 [da:45:be:71:09:0a]

RSSI: -79 [da:45:be:aa:09:aa]

RSSI: -82 [da:45:be:e6:0a:5a]

RSSI: -66 [da:45:bf:6b:0b:ea]

RSSI: -86 [da:45:bf:c5:0b:fe]

RSSI: -86 [da:45:c0:84:0e:1e]

RSSI: -91 [da:45:c0:b1:0f:ca]

RSSI: -82 [da:45:c1:26:11:2a]

RSSI: -86 [da:45:c1:ac:12:ba]

RSSI: -84 [da:45:c1:85:11:0e]

RSSI: -87 [da:45:c2:04:12:8e]

RSSI: -87 [da:45:c2:4a:13:4e]

RSSI: -88 [da:45:c3:69:01:9a]

RSSI: -85 [da:45:c3:87:00:6e]

RSSI: -85 [da:45:c3:c7:01:2e]

RSSI: -78 [da:45:c4:2c:03:ea]

RSSI: -82 [da:45:c4:b2:05:7a]

RSSI: -68 [da:45:c4:c6:04:1e]

RSSI: -85 [da:45:c4:ec:06:2a]

RSSI: -66 [da:45:c5:06:04:de]

RSSI: -66 [da:45:c5:46:05:9e]

RSSI: -84 [da:45:c5:c6:06:fe]

RSSI: -86 [da:45:c5:ec:09:2a]

RSSI: -78 [da:45:c6:06:07:be]

RSSI: -76 [da:45:c6:ad:0b:6a]

RSSI: -67 [da:45:c6:ea:0c:2a]

RSSI: -84 [da:45:c7:ac:0e:6a]

RSSI: -86 [da:45:c7:87:0c:2e]

RSSI: -79 [da:45:c7:eb:0f:2a]

RSSI: -82 [da:45:c8:6a:10:aa]

RSSI: -84 [da:45:c8:88:0f:1e]

RSSI: -85 [da:45:c8:aa:11:6a]

RSSI: -83 [da:45:c8:c9:0f:de]

RSSI: -89 [da:45:c9:29:12:ea]

RSSI: -82 [da:45:c9:0a:10:9e]

RSSI: -87 [da:45:ca:29:15:fa]

RSSI: -89 [da:45:ca:81:14:ee]

RSSI: -88 [da:45:ca:e9:01:aa]

RSSI: -87 [da:45:cb:44:00:9e]

RSSI: -76 [da:45:cb:a9:03:fa]

RSSI: -85 [da:45:cb:c6:02:0e]

RSSI: -80 [da:45:cc:29:05:7a]

RSSI: -83 [da:45:cc:07:02:ce]

RSSI: -73 [da:45:cc:48:03:8e]

RSSI: -84 [da:45:cc:6a:06:3a]

RSSI: -63 [da:45:cc:ca:05:0e]

RSSI: -91 [da:45:cd:2b:08:7a]

RSSI: -86 [da:45:cd:6b:09:3a]

RSSI: -76 [da:45:cd:82:07:2e]

RSSI: -81 [da:45:cd:c3:07:ee]

RSSI: -71 [da:45:ce:2d:0b:7a]

RSSI: -64 [da:45:ce:6d:0c:4a]

RSSI: -64 [da:45:ce:ae:0d:0a]

RSSI: -87 [da:45:cf:30:0e:8a]

RSSI: -77 [da:45:cf:71:0f:5a]

RSSI: -83 [da:45:cf:f2:10:da]

RSSI: -79 [da:45:d0:41:0f:2e]

RSSI: -80 [da:45:d0:83:0f:ee]

RSSI: -78 [da:45:d0:c6:10:ae]

RSSI: -92 [da:45:d0:ea:13:ca]

RSSI: -85 [da:45:d1:2b:14:8a]

RSSI: -79 [da:45:d1:07:11:6e]

RSSI: -81 [da:45:d1:49:12:2e]

RSSI: -87 [da:45:d2:03:14:4e]

RSSI: -86 [da:45:d2:45:15:0e]

RSSI: -87 [da:45:d2:87:15:ce]

RSSI: -76 [da:45:d3:83:02:1e]

RSSI: -83 [da:45:d3:ac:05:8a]

RSSI: -82 [da:45:d3:c5:02:de]

RSSI: -86 [da:45:d3:ed:06:5a]

RSSI: -74 [da:45:d4:08:03:ae]

RSSI: -86 [da:45:d4:6b:07:ca]

RSSI: -65 [da:45:d4:80:05:0e]

RSSI: -87 [da:45:d4:ae:08:8a]

RSSI: -70 [da:45:d4:c3:05:ce]

RSSI: -79 [da:45:d5:05:06:8e]

RSSI: -79 [da:45:d5:48:07:4e]

RSSI: -66 [da:45:d5:ea:0c:3a]

RSSI: -66 [da:45:d6:2c:0c:fa]

RSSI: -74 [da:45:d6:6e:0d:ca]

RSSI: -78 [da:45:d6:f2:0f:4a]

RSSI: -82 [da:45:d7:87:0d:de]

RSSI: -85 [da:45:d7:ac:11:7a]

RSSI: -84 [da:45:d7:ef:12:4a]

RSSI: -85 [da:45:d8:00:0f:3e]

RSSI: -84 [da:45:d8:31:13:0a]

RSSI: -80 [da:45:d8:45:10:0e]

RSSI: -81 [da:45:d8:88:10:ce]

RSSI: -82 [da:45:d8:ea:15:4a]

RSSI: -83 [da:45:d9:44:12:ee]
