

Initialized RTC: 0x01Dev config complete
SCAN START
RSSI: -74 [da:ee:aa:ff:0b:db]

RSSI: -46 [da:ee:aa:ff:10:5a]

RSSI: -74 [da:ee:aa:ff:0b:eb]

RSSI: -59 [da:ee:aa:ff:10:7a]

RSSI: -72 [da:ee:aa:ff:0b:fb]

RSSI: -59 [da:ee:aa:ff:10:8a]

RSSI: -71 [da:ee:aa:ff:0c:0b]

RSSI: -56 [da:ee:aa:ff:10:aa]

RSSI: -69 [da:ee:aa:ff:0c:2b]

RSSI: -69 [da:ee:aa:ff:0c:2b]

RSSI: -70 [da:ee:aa:ff:0c:2b]

RSSI: -69 [da:ee:aa:ff:0c:2b]

RSSI: -69 [da:ee:aa:ff:0c:2b]

RSSI: -69 [da:ee:aa:ff:0c:2b]

RSSI: -56 [da:ee:aa:ff:10:ca]

RSSI: -70 [da:ee:aa:ff:0c:2b]

RSSI: -74 [da:ee:aa:ff:0c:3b]

RSSI: -59 [da:ee:aa:ff:10:ca]

RSSI: -74 [da:ee:aa:ff:0c:3b]

RSSI: -74 [da:ee:aa:ff:0c:3b]

RSSI: -74 [da:ee:aa:ff:0c:3b]

RSSI: -59 [da:ee:aa:ff:10:da]

RSSI: -74 [da:ee:aa:ff:0c:3b]

RSSI: -59 [da:ee:aa:ff:10:da]

RSSI: -90 [da:ee:aa:ff:06:0c]

RSSI: -59 [da:ee:aa:ff:10:da]

RSSI: -74 [da:ee:aa:ff:0c:4b]

RSSI: -59 [da:ee:aa:ff:10:da]

RSSI: -59 [da:ee:aa:ff:10:da]

RSSI: -73 [da:ee:aa:ff:0c:4b]

RSSI: -59 [da:ee:aa:ff:10:da]

RSSI: -73 [da:ee:aa:ff:0c:4b]

RSSI: -59 [da:ee:aa:ff:10:da]

RSSI: -58 [da:ee:aa:ff:10:fa]

RSSI: -71 [da:ee:aa:ff:0c:5b]

RSSI: -58 [da:ee:aa:ff:10:fa]

RSSI: -58 [da:ee:aa:ff:10:fa]

RSSI: -71 [da:ee:aa:ff:0c:5b]

RSSI: -58 [da:ee:aa:ff:10:fa]

RSSI: -71 [da:ee:aa:ff:0c:5b]

RSSI: -58 [da:ee:aa:ff:10:fa]

RSSI: -71 [da:ee:aa:ff:0c:5b]

RSSI: -58 [da:ee:aa:ff:10:fa]

RSSI: -71 [da:ee:aa:ff:0c:5b]

RSSI: -71 [da:ee:aa:ff:0c:5b]

RSSI: -71 [da:ee:aa:ff:0c:5b]

RSSI: -58 [da:ee:aa:ff:11:0a]

RSSI: -58 [da:ee:aa:ff:11:0a]

RSSI: -69 [da:ee:aa:ff:0c:6b]

RSSI: -69 [da:ee:aa:ff:0c:6b]

RSSI: -70 [da:ee:aa:ff:0c:6b]

RSSI: -56 [da:ee:aa:ff:11:1a]

RSSI: -56 [da:ee:aa:ff:11:1a]

RSSI: -60 [da:ee:aa:ff:0c:8b]

RSSI: -55 [da:ee:aa:ff:11:1a]

RSSI: -52 [da:ee:aa:ff:0c:8b]

RSSI: -56 [da:ee:aa:ff:11:1a]

RSSI: -68 [da:ee:aa:ff:0c:8b]

RSSI: -56 [da:ee:aa:ff:11:1a]

RSSI: -63 [da:ee:aa:ff:0c:8b]

RSSI: -56 [da:ee:aa:ff:11:1a]

RSSI: -52 [da:ee:aa:ff:0c:8b]

RSSI: -56 [da:ee:aa:ff:11:1a]

RSSI: -57 [da:ee:aa:ff:0c:ab]

RSSI: -89 [da:ee:aa:ff:06:6c]

RSSI: -60 [da:ee:aa:ff:11:3a]

RSSI: -72 [da:ee:aa:ff:0c:ab]

RSSI: -60 [da:ee:aa:ff:11:3a]

RSSI: -74 [da:ee:aa:ff:0c:ab]

RSSI: -59 [da:ee:aa:ff:11:3a]

RSSI: -57 [da:ee:aa:ff:0c:ab]

RSSI: -59 [da:ee:aa:ff:11:3a]

RSSI: -74 [da:ee:aa:ff:0c:ab]

RSSI: -59 [da:ee:aa:ff:11:3a]

RSSI: -73 [da:ee:aa:ff:0c:ab]

RSSI: -74 [da:ee:aa:ff:0c:ab]

RSSI: -59 [da:ee:aa:ff:11:4a]

RSSI: -59 [da:ee:aa:ff:11:4a]

RSSI: -57 [da:ee:aa:ff:11:4a]

RSSI: -73 [da:ee:aa:ff:0c:bb]

RSSI: -53 [da:ee:aa:ff:11:4a]

RSSI: -74 [da:ee:aa:ff:0c:bb]

RSSI: -71 [da:ee:aa:ff:0c:bb]

RSSI: -71 [da:ee:aa:ff:0c:bb]

RSSI: -71 [da:ee:aa:ff:0c:db]

RSSI: -71 [da:ee:aa:ff:0c:db]

RSSI: -71 [da:ee:aa:ff:0c:db]

RSSI: -73 [da:ee:aa:ff:0c:db]

RSSI: -58 [da:ee:aa:ff:11:5a]

RSSI: -71 [da:ee:aa:ff:0c:db]

RSSI: -58 [da:ee:aa:ff:11:5a]

RSSI: -71 [da:ee:aa:ff:0c:db]

RSSI: -58 [da:ee:aa:ff:11:5a]

RSSI: -71 [da:ee:aa:ff:0c:db]

RSSI: -69 [da:ee:aa:ff:0c:eb]

RSSI: -55 [da:ee:aa:ff:11:7a]

RSSI: -55 [da:ee:aa:ff:11:7a]

RSSI: -69 [da:ee:aa:ff:0c:eb]

RSSI: -55 [da:ee:aa:ff:11:7a]

RSSI: -69 [da:ee:aa:ff:0c:eb]

RSSI: -55 [da:ee:aa:ff:11:7a]

RSSI: -69 [da:ee:aa:ff:0c:eb]

RSSI: -55 [da:ee:aa:ff:11:9a]

RSSI: -55 [da:ee:aa:ff:11:9a]

RSSI: -68 [da:ee:aa:ff:0c:fb]

RSSI: -69 [da:ee:aa:ff:0c:fb]

RSSI: -55 [da:ee:aa:ff:11:9a]

RSSI: -69 [da:ee:aa:ff:0c:fb]

RSSI: -60 [da:ee:aa:ff:11:aa]

RSSI: -73 [da:ee:aa:ff:0d:1b]

RSSI: -59 [da:ee:aa:ff:11:aa]

RSSI: -74 [da:ee:aa:ff:0d:1b]

RSSI: -60 [da:ee:aa:ff:11:aa]

RSSI: -74 [da:ee:aa:ff:0d:1b]

RSSI: -60 [da:ee:aa:ff:11:aa]

RSSI: -74 [da:ee:aa:ff:0d:1b]

RSSI: -60 [da:ee:aa:ff:11:aa]

RSSI: -73 [da:ee:aa:ff:0d:1b]

RSSI: -60 [da:ee:aa:ff:11:aa]

RSSI: -74 [da:ee:aa:ff:0d:1b]

RSSI: -60 [da:ee:aa:ff:11:aa]

RSSI: -74 [da:ee:aa:ff:0d:1b]

RSSI: -60 [da:ee:aa:ff:11:aa]

RSSI: -74 [da:ee:aa:ff:0d:1b]

RSSI: -74 [da:ee:aa:ff:0d:1b]

RSSI: -60 [da:ee:aa:ff:11:ca]

RSSI: -58 [da:ee:aa:ff:11:ca]

RSSI: -86 [da:ee:aa:ff:07:0c]

RSSI: -58 [da:ee:aa:ff:11:ca]

RSSI: -58 [da:ee:aa:ff:11:ca]

RSSI: -86 [da:ee:aa:ff:07:0c]

RSSI: -58 [da:ee:aa:ff:11:ea]

RSSI: -72 [da:ee:aa:ff:0d:4b]

RSSI: -59 [da:ee:aa:ff:11:ea]

RSSI: -59 [da:ee:aa:ff:11:ea]

RSSI: -58 [da:ee:aa:ff:11:ea]

RSSI: -71 [da:ee:aa:ff:0d:4b]

RSSI: -58 [da:ee:aa:ff:11:ea]

RSSI: -72 [da:ee:aa:ff:0d:4b]

RSSI: -59 [da:ee:aa:ff:11:ea]

RSSI: -55 [da:ee:aa:ff:12:0a]

RSSI: -69 [da:ee:aa:ff:0d:6b]

RSSI: -55 [da:ee:aa:ff:12:0a]

RSSI: -69 [da:ee:aa:ff:0d:6b]

RSSI: -55 [da:ee:aa:ff:12:0a]

RSSI: -70 [da:ee:aa:ff:0d:6b]

RSSI: -55 [da:ee:aa:ff:12:0a]

RSSI: -69 [da:ee:aa:ff:0d:6b]

RSSI: -55 [da:ee:aa:ff:12:0a]

RSSI: -69 [da:ee:aa:ff:0d:6b]

RSSI: -55 [da:ee:aa:ff:12:0a]

RSSI: -70 [da:ee:aa:ff:0d:6b]

RSSI: -55 [da:ee:aa:ff:12:0a]

RSSI: -70 [da:ee:aa:ff:0d:6b]

RSSI: -55 [da:ee:aa:ff:12:2a]

RSSI: -69 [da:ee:aa:ff:0d:8b]

RSSI: -60 [da:ee:aa:ff:12:2a]

RSSI: -74 [da:ee:aa:ff:0d:8b]

RSSI: -60 [da:ee:aa:ff:12:2a]

RSSI: -87 [da:ee:aa:ff:07:3c]

RSSI: -60 [da:ee:aa:ff:12:4a]

RSSI: -73 [da:ee:aa:ff:0d:9b]

RSSI: -73 [da:ee:aa:ff:0d:9b]

RSSI: -60 [da:ee:aa:ff:12:4a]

RSSI: -60 [da:ee:aa:ff:12:4a]

RSSI: -60 [da:ee:aa:ff:12:4a]

RSSI: -72 [da:ee:aa:ff:0d:9b]

RSSI: -60 [da:ee:aa:ff:12:4a]

RSSI: -57 [da:ee:aa:ff:0d:9b]

RSSI: -60 [da:ee:aa:ff:12:4a]

RSSI: -61 [da:ee:aa:ff:0d:9b]

RSSI: -60 [da:ee:aa:ff:12:6a]

RSSI: -59 [da:ee:aa:ff:12:6a]

RSSI: -59 [da:ee:aa:ff:12:6a]

RSSI: -72 [da:ee:aa:ff:0d:db]

RSSI: -60 [da:ee:aa:ff:12:8a]

RSSI: -72 [da:ee:aa:ff:0d:db]

RSSI: -72 [da:ee:aa:ff:0d:db]

RSSI: -45 [da:ee:aa:ff:12:8a]

RSSI: -70 [da:ee:aa:ff:0d:eb]

RSSI: -70 [da:ee:aa:ff:0d:eb]

RSSI: -70 [da:ee:aa:ff:0d:eb]

RSSI: -70 [da:ee:aa:ff:0d:eb]

RSSI: -70 [da:ee:aa:ff:0d:eb]

RSSI: -70 [da:ee:aa:ff:0d:eb]

RSSI: -57 [da:ee:aa:ff:12:aa]

RSSI: -61 [da:ee:aa:ff:12:ba]

RSSI: -74 [da:ee:aa:ff:0d:fb]

RSSI: -61 [da:ee:aa:ff:12:ba]

RSSI: -74 [da:ee:aa:ff:0d:fb]

RSSI: -61 [da:ee:aa:ff:12:ba]

RSSI: -74 [da:ee:aa:ff:0d:fb]

RSSI: -61 [da:ee:aa:ff:12:ba]

RSSI: -74 [da:ee:aa:ff:0d:fb]

RSSI: -61 [da:ee:aa:ff:12:ba]

RSSI: -74 [da:ee:aa:ff:0e:0b]

RSSI: -61 [da:ee:aa:ff:12:ba]

RSSI: -74 [da:ee:aa:ff:0e:0b]

RSSI: -73 [da:ee:aa:ff:0e:0b]

RSSI: -73 [da:ee:aa:ff:0e:2b]

RSSI: -60 [da:ee:aa:ff:12:da]

RSSI: -73 [da:ee:aa:ff:0e:2b]

RSSI: -59 [da:ee:aa:ff:12:da]

RSSI: -72 [da:ee:aa:ff:0e:2b]

RSSI: -72 [da:ee:aa:ff:0e:2b]

RSSI: -59 [da:ee:aa:ff:12:fa]

RSSI: -72 [da:ee:aa:ff:0e:2b]

RSSI: -60 [da:ee:aa:ff:12:fa]

RSSI: -73 [da:ee:aa:ff:0e:2b]

RSSI: -60 [da:ee:aa:ff:12:fa]

RSSI: -73 [da:ee:aa:ff:0e:2b]

RSSI: -59 [da:ee:aa:ff:12:fa]

RSSI: -73 [da:ee:aa:ff:0e:2b]

RSSI: -60 [da:ee:aa:ff:12:fa]

RSSI: -61 [da:ee:aa:ff:12:fa]

RSSI: -57 [da:ee:aa:ff:13:0a]

RSSI: -71 [da:ee:aa:ff:0e:4b]

RSSI: -57 [da:ee:aa:ff:13:0a]

RSSI: -71 [da:ee:aa:ff:0e:4b]

RSSI: -57 [da:ee:aa:ff:13:0a]

RSSI: -57 [da:ee:aa:ff:13:0a]

RSSI: -71 [da:ee:aa:ff:0e:5b]

RSSI: -57 [da:ee:aa:ff:13:0a]

RSSI: -71 [da:ee:aa:ff:0e:5b]

RSSI: -57 [da:ee:aa:ff:13:0a]

RSSI: -71 [da:ee:aa:ff:0e:5b]

RSSI: -71 [da:ee:aa:ff:0e:5b]

RSSI: -57 [da:ee:aa:ff:13:2a]

RSSI: -71 [da:ee:aa:ff:0e:5b]

RSSI: -89 [da:ee:aa:ff:07:ec]

RSSI: -75 [da:ee:aa:ff:0e:6b]

RSSI: -61 [da:ee:aa:ff:13:2a]

RSSI: -75 [da:ee:aa:ff:0e:6b]

RSSI: -74 [da:ee:aa:ff:0e:6b]

RSSI: -61 [da:ee:aa:ff:13:4a]

RSSI: -74 [da:ee:aa:ff:0e:6b]

RSSI: -61 [da:ee:aa:ff:13:4a]

RSSI: -75 [da:ee:aa:ff:0e:6b]

RSSI: -61 [da:ee:aa:ff:13:4a]

RSSI: -74 [da:ee:aa:ff:0e:6b]

RSSI: -61 [da:ee:aa:ff:13:4a]

RSSI: -62 [da:ee:aa:ff:13:4a]

RSSI: -74 [da:ee:aa:ff:0e:8b]

RSSI: -61 [da:ee:aa:ff:13:4a]

RSSI: -61 [da:ee:aa:ff:13:4a]

RSSI: -74 [da:ee:aa:ff:0e:8b]

RSSI: -60 [da:ee:aa:ff:13:6a]

RSSI: -60 [da:ee:aa:ff:13:6a]

RSSI: -57 [da:ee:aa:ff:0e:ab]

RSSI: -60 [da:ee:aa:ff:13:6a]

RSSI: -67 [da:ee:aa:ff:0e:ab]

RSSI: -60 [da:ee:aa:ff:13:6a]

RSSI: -74 [da:ee:aa:ff:0e:ab]

RSSI: -60 [da:ee:aa:ff:13:6a]

RSSI: -60 [da:ee:aa:ff:13:6a]

RSSI: -63 [da:ee:aa:ff:0e:ab]

RSSI: -60 [da:ee:aa:ff:13:8a]

RSSI: -83 [da:ee:aa:ff:08:0c]

RSSI: -60 [da:ee:aa:ff:13:8a]

RSSI: -60 [da:ee:aa:ff:13:8a]

RSSI: -74 [da:ee:aa:ff:0e:ab]

RSSI: -71 [da:ee:aa:ff:0e:bb]

RSSI: -57 [da:ee:aa:ff:13:aa]

RSSI: -57 [da:ee:aa:ff:13:aa]

RSSI: -72 [da:ee:aa:ff:0e:db]

RSSI: -57 [da:ee:aa:ff:13:aa]

RSSI: -72 [da:ee:aa:ff:0e:db]

RSSI: -57 [da:ee:aa:ff:13:aa]

RSSI: -72 [da:ee:aa:ff:0e:db]

RSSI: -57 [da:ee:aa:ff:13:aa]

RSSI: -72 [da:ee:aa:ff:0e:db]

RSSI: -74 [da:ee:aa:ff:0e:fb]

RSSI: -74 [da:ee:aa:ff:0e:fb]

RSSI: -48 [da:ee:aa:ff:13:ba]

RSSI: -74 [da:ee:aa:ff:0e:fb]

RSSI: -47 [da:ee:aa:ff:13:ba]

RSSI: -74 [da:ee:aa:ff:0e:fb]

RSSI: -62 [da:ee:aa:ff:13:ba]

RSSI: -75 [da:ee:aa:ff:0e:fb]

RSSI: -62 [da:ee:aa:ff:13:da]

RSSI: -75 [da:ee:aa:ff:0e:fb]

RSSI: -60 [da:ee:aa:ff:13:da]

RSSI: -75 [da:ee:aa:ff:0f:1b]

RSSI: -73 [da:ee:aa:ff:0f:1b]

RSSI: -60 [da:ee:aa:ff:13:fa]

RSSI: -60 [da:ee:aa:ff:13:fa]

RSSI: -60 [da:ee:aa:ff:13:fa]

RSSI: -74 [da:ee:aa:ff:0f:2b]

RSSI: -73 [da:ee:aa:ff:0f:2b]

RSSI: -60 [da:ee:aa:ff:13:fa]

RSSI: -74 [da:ee:aa:ff:0f:2b]

RSSI: -60 [da:ee:aa:ff:13:fa]

RSSI: -74 [da:ee:aa:ff:0f:2b]

RSSI: -60 [da:ee:aa:ff:13:fa]

RSSI: -74 [da:ee:aa:ff:0f:2b]

RSSI: -60 [da:ee:aa:ff:13:fa]

RSSI: -73 [da:ee:aa:ff:0f:2b]

RSSI: -56 [da:ee:aa:ff:14:0a]

RSSI: -72 [da:ee:aa:ff:0f:4b]

RSSI: -56 [da:ee:aa:ff:14:0a]

RSSI: -72 [da:ee:aa:ff:0f:4b]

RSSI: -57 [da:ee:aa:ff:14:0a]

RSSI: -72 [da:ee:aa:ff:0f:4b]

RSSI: -73 [da:ee:aa:ff:0f:4b]

RSSI: -72 [da:ee:aa:ff:0f:4b]

RSSI: -57 [da:ee:aa:ff:14:2a]

RSSI: -56 [da:ee:aa:ff:14:2a]

RSSI: -56 [da:ee:aa:ff:14:2a]

RSSI: -56 [da:ee:aa:ff:14:2a]

RSSI: -57 [da:ee:aa:ff:14:2a]

RSSI: -76 [da:ee:aa:ff:0f:5b]

RSSI: -62 [da:ee:aa:ff:14:4a]

RSSI: -62 [da:ee:aa:ff:14:4a]

RSSI: -62 [da:ee:aa:ff:14:4a]

RSSI: -63 [da:ee:aa:ff:14:4a]

RSSI: -62 [da:ee:aa:ff:14:4a]

RSSI: -62 [da:ee:aa:ff:14:4a]

RSSI: -63 [da:ee:aa:ff:14:4a]

RSSI: -75 [da:ee:aa:ff:0f:7b]

RSSI: -75 [da:ee:aa:ff:0f:7b]

RSSI: -63 [da:ee:aa:ff:14:5a]

RSSI: -60 [da:ee:aa:ff:14:5a]

RSSI: -74 [da:ee:aa:ff:0f:9b]

RSSI: -60 [da:ee:aa:ff:14:5a]

RSSI: -61 [da:ee:aa:ff:14:5a]

RSSI: -74 [da:ee:aa:ff:0f:9b]

RSSI: -60 [da:ee:aa:ff:14:7a]

RSSI: -60 [da:ee:aa:ff:14:7a]

RSSI: -60 [da:ee:aa:ff:14:7a]

RSSI: -60 [da:ee:aa:ff:14:7a]

RSSI: -75 [da:ee:aa:ff:0f:ab]

RSSI: -60 [da:ee:aa:ff:14:7a]

RSSI: -74 [da:ee:aa:ff:0f:ab]

RSSI: -57 [da:ee:aa:ff:14:9a]

RSSI: -56 [da:ee:aa:ff:0f:cb]

RSSI: -57 [da:ee:aa:ff:14:9a]

RSSI: -57 [da:ee:aa:ff:14:9a]

RSSI: -57 [da:ee:aa:ff:14:9a]

RSSI: -61 [da:ee:aa:ff:0f:cb]

RSSI: -57 [da:ee:aa:ff:14:9a]

RSSI: -56 [da:ee:aa:ff:0f:cb]

RSSI: -57 [da:ee:aa:ff:14:9a]

RSSI: -74 [da:ee:aa:ff:0f:cb]

RSSI: -64 [da:ee:aa:ff:0f:cb]

RSSI: -56 [da:ee:aa:ff:0f:cb]

RSSI: -57 [da:ee:aa:ff:14:ba]

RSSI: -62 [da:ee:aa:ff:14:ba]

RSSI: -62 [da:ee:aa:ff:14:ca]

RSSI: -62 [da:ee:aa:ff:14:ca]

RSSI: -76 [da:ee:aa:ff:0f:fb]

RSSI: -62 [da:ee:aa:ff:14:ca]

RSSI: -76 [da:ee:aa:ff:0f:fb]

RSSI: -62 [da:ee:aa:ff:14:ca]

RSSI: -76 [da:ee:aa:ff:0f:fb]

RSSI: -62 [da:ee:aa:ff:14:ca]

RSSI: -76 [da:ee:aa:ff:0f:fb]

RSSI: -62 [da:ee:aa:ff:14:ca]

RSSI: -77 [da:ee:aa:ff:0f:fb]

RSSI: -62 [da:ee:aa:ff:14:ca]

RSSI: -76 [da:ee:aa:ff:0f:fb]

RSSI: -55 [da:ee:aa:ff:14:da]

RSSI: -75 [da:ee:aa:ff:10:1b]

RSSI: -76 [da:ee:aa:ff:10:1b]

RSSI: -52 [da:ee:aa:ff:14:da]

RSSI: -74 [da:ee:aa:ff:10:1b]

RSSI: -60 [da:ee:aa:ff:14:da]

RSSI: -75 [da:ee:aa:ff:10:1b]

RSSI: -83 [da:ee:aa:ff:09:5c]

RSSI: -60 [da:ee:aa:ff:14:ea]

RSSI: -85 [da:ee:aa:ff:09:5c]

RSSI: -46 [da:ee:aa:ff:14:ea]

RSSI: -76 [da:ee:aa:ff:10:2b]

RSSI: -57 [da:ee:aa:ff:15:0a]

RSSI: -74 [da:ee:aa:ff:10:3b]

RSSI: -76 [da:ee:aa:ff:10:5b]

RSSI: -76 [da:ee:aa:ff:10:5b]

RSSI: -77 [da:ee:aa:ff:10:5b]

RSSI: -76 [da:ee:aa:ff:10:5b]

RSSI: -76 [da:ee:aa:ff:10:5b]

RSSI: -76 [da:ee:aa:ff:10:7b]

RSSI: -63 [da:ee:aa:ff:15:3a]

RSSI: -76 [da:ee:aa:ff:10:7b]

RSSI: -62 [da:ee:aa:ff:15:3a]

RSSI: -76 [da:ee:aa:ff:10:7b]

RSSI: -63 [da:ee:aa:ff:15:3a]

RSSI: -76 [da:ee:aa:ff:10:7b]

RSSI: -59 [da:ee:aa:ff:15:5a]

RSSI: -75 [da:ee:aa:ff:10:8b]

RSSI: -59 [da:ee:aa:ff:15:5a]

RSSI: -75 [da:ee:aa:ff:10:8b]

RSSI: -59 [da:ee:aa:ff:15:5a]

RSSI: -59 [da:ee:aa:ff:15:5a]

RSSI: -75 [da:ee:aa:ff:10:8b]

RSSI: -59 [da:ee:aa:ff:15:5a]

RSSI: -75 [da:ee:aa:ff:10:8b]

RSSI: -59 [da:ee:aa:ff:15:5a]

RSSI: -75 [da:ee:aa:ff:10:8b]

RSSI: -59 [da:ee:aa:ff:15:5a]

RSSI: -75 [da:ee:aa:ff:10:8b]

RSSI: -59 [da:ee:aa:ff:15:5a]

RSSI: -75 [da:ee:aa:ff:10:8b]

RSSI: -59 [da:ee:aa:ff:15:5a]

RSSI: -57 [da:ee:aa:ff:15:7a]

RSSI: -73 [da:ee:aa:ff:10:ab]

RSSI: -57 [da:ee:aa:ff:15:7a]

RSSI: -73 [da:ee:aa:ff:10:ab]

RSSI: -57 [da:ee:aa:ff:15:7a]

RSSI: -73 [da:ee:aa:ff:10:ab]

RSSI: -73 [da:ee:aa:ff:10:cb]

RSSI: -73 [da:ee:aa:ff:10:cb]

RSSI: -58 [da:ee:aa:ff:15:8a]

RSSI: -73 [da:ee:aa:ff:10:cb]

RSSI: -57 [da:ee:aa:ff:15:8a]

RSSI: -74 [da:ee:aa:ff:10:cb]

RSSI: -57 [da:ee:aa:ff:15:8a]

RSSI: -57 [da:ee:aa:ff:15:8a]

RSSI: -76 [da:ee:aa:ff:10:db]

RSSI: -63 [da:ee:aa:ff:15:aa]

RSSI: -62 [da:ee:aa:ff:10:db]

RSSI: -63 [da:ee:aa:ff:15:aa]

RSSI: -63 [da:ee:aa:ff:15:aa]

RSSI: -73 [da:ee:aa:ff:10:db]

RSSI: -63 [da:ee:aa:ff:15:aa]

RSSI: -59 [da:ee:aa:ff:10:db]

RSSI: -63 [da:ee:aa:ff:15:aa]

RSSI: -68 [da:ee:aa:ff:10:db]

RSSI: -63 [da:ee:aa:ff:15:aa]

RSSI: -63 [da:ee:aa:ff:15:aa]

RSSI: -63 [da:ee:aa:ff:15:aa]

RSSI: -76 [da:ee:aa:ff:10:fb]

RSSI: -63 [da:ee:aa:ff:15:ca]

RSSI: -60 [da:ee:aa:ff:15:ca]

RSSI: -75 [da:ee:aa:ff:10:fb]

RSSI: -60 [da:ee:aa:ff:15:ca]

RSSI: -60 [da:ee:aa:ff:15:ca]

RSSI: -60 [da:ee:aa:ff:15:da]

RSSI: -60 [da:ee:aa:ff:15:da]

RSSI: -60 [da:ee:aa:ff:15:da]

RSSI: -60 [da:ee:aa:ff:15:da]

RSSI: -75 [da:ee:aa:ff:11:0b]

RSSI: -60 [da:ee:aa:ff:15:da]

RSSI: -75 [da:ee:aa:ff:11:0b]

RSSI: -74 [da:ee:aa:ff:11:1b]

RSSI: -75 [da:ee:aa:ff:11:1b]

RSSI: -73 [da:ee:aa:ff:11:1b]

RSSI: -59 [da:ee:aa:ff:15:fa]

RSSI: -74 [da:ee:aa:ff:11:1b]

RSSI: -52 [da:ee:aa:ff:15:fa]

RSSI: -73 [da:ee:aa:ff:11:1b]

RSSI: -74 [da:ee:aa:ff:11:3b]

RSSI: -73 [da:ee:aa:ff:11:3b]

RSSI: -74 [da:ee:aa:ff:11:3b]

RSSI: -63 [da:ee:aa:ff:16:1a]

RSSI: -76 [da:ee:aa:ff:11:5b]

RSSI: -63 [da:ee:aa:ff:16:2a]

RSSI: -63 [da:ee:aa:ff:16:2a]

RSSI: -63 [da:ee:aa:ff:16:2a]

RSSI: -77 [da:ee:aa:ff:11:5b]

RSSI: -63 [da:ee:aa:ff:16:2a]

RSSI: -63 [da:ee:aa:ff:16:2a]

RSSI: -63 [da:ee:aa:ff:16:2a]

RSSI: -59 [da:ee:aa:ff:16:4a]

RSSI: -60 [da:ee:aa:ff:16:4a]

RSSI: -60 [da:ee:aa:ff:16:4a]

RSSI: -87 [da:ee:aa:ff:0a:7c]

RSSI: -60 [da:ee:aa:ff:16:4a]

RSSI: -86 [da:ee:aa:ff:0a:7c]

RSSI: -60 [da:ee:aa:ff:16:4a]

RSSI: -77 [da:ee:aa:ff:11:8b]

RSSI: -60 [da:ee:aa:ff:16:4a]

RSSI: -60 [da:ee:aa:ff:16:4a]

RSSI: -87 [da:ee:aa:ff:0a:7c]

RSSI: -75 [da:ee:aa:ff:11:8b]

RSSI: -88 [da:ee:aa:ff:0a:7c]

RSSI: -57 [da:ee:aa:ff:16:7a]

RSSI: -74 [da:ee:aa:ff:11:ab]

RSSI: -58 [da:ee:aa:ff:16:7a]

RSSI: -74 [da:ee:aa:ff:11:ab]

RSSI: -58 [da:ee:aa:ff:16:7a]

RSSI: -74 [da:ee:aa:ff:11:ab]

RSSI: -58 [da:ee:aa:ff:16:7a]

RSSI: -58 [da:ee:aa:ff:16:7a]

RSSI: -57 [da:ee:aa:ff:16:7a]

RSSI: -76 [da:ee:aa:ff:11:bb]

RSSI: -64 [da:ee:aa:ff:00:1a]

RSSI: -76 [da:ee:aa:ff:11:bb]

RSSI: -64 [da:ee:aa:ff:00:1a]

RSSI: -76 [da:ee:aa:ff:11:cb]

RSSI: -64 [da:ee:aa:ff:00:3a]

RSSI: -75 [da:ee:aa:ff:11:cb]

RSSI: -64 [da:ee:aa:ff:00:3a]

RSSI: -76 [da:ee:aa:ff:11:cb]

RSSI: -64 [da:ee:aa:ff:00:3a]

RSSI: -75 [da:ee:aa:ff:11:cb]

RSSI: -64 [da:ee:aa:ff:00:3a]

RSSI: -59 [da:ee:aa:ff:11:eb]

RSSI: -63 [da:ee:aa:ff:11:eb]

RSSI: -61 [da:ee:aa:ff:00:4a]

RSSI: -75 [da:ee:aa:ff:11:eb]

RSSI: -61 [da:ee:aa:ff:00:4a]

RSSI: -86 [da:ee:aa:ff:0a:dc]

RSSI: -58 [da:ee:aa:ff:11:eb]

RSSI: -61 [da:ee:aa:ff:00:4a]

RSSI: -75 [da:ee:aa:ff:11:eb]

RSSI: -61 [da:ee:aa:ff:00:4a]

RSSI: -88 [da:ee:aa:ff:0a:dc]

RSSI: -61 [da:ee:aa:ff:00:4a]

RSSI: -61 [da:ee:aa:ff:00:4a]

RSSI: -61 [da:ee:aa:ff:00:4a]

RSSI: -61 [da:ee:aa:ff:00:4a]

RSSI: -57 [da:ee:aa:ff:00:6a]

RSSI: -58 [da:ee:aa:ff:00:6a]

RSSI: -57 [da:ee:aa:ff:00:6a]

RSSI: -74 [da:ee:aa:ff:12:1b]

RSSI: -57 [da:ee:aa:ff:00:6a]

RSSI: -74 [da:ee:aa:ff:12:1b]

RSSI: -74 [da:ee:aa:ff:12:1b]

RSSI: -74 [da:ee:aa:ff:12:1b]

RSSI: -57 [da:ee:aa:ff:00:8a]

RSSI: -74 [da:ee:aa:ff:12:1b]

RSSI: -58 [da:ee:aa:ff:00:8a]

RSSI: -57 [da:ee:aa:ff:00:8a]

RSSI: -85 [da:ee:aa:ff:0a:fc]

RSSI: -75 [da:ee:aa:ff:12:1b]

RSSI: -57 [da:ee:aa:ff:00:8a]

RSSI: -76 [da:ee:aa:ff:12:3b]

RSSI: -76 [da:ee:aa:ff:12:3b]

RSSI: -63 [da:ee:aa:ff:00:9a]

RSSI: -76 [da:ee:aa:ff:12:3b]

RSSI: -76 [da:ee:aa:ff:12:3b]

RSSI: -54 [da:ee:aa:ff:00:9a]

RSSI: -59 [da:ee:aa:ff:00:9a]

RSSI: -88 [da:ee:aa:ff:0b:1c]

RSSI: -76 [da:ee:aa:ff:12:4b]

RSSI: -49 [da:ee:aa:ff:00:9a]

RSSI: -60 [da:ee:aa:ff:00:9a]

RSSI: -76 [da:ee:aa:ff:12:4b]

RSSI: -76 [da:ee:aa:ff:12:4b]

RSSI: -75 [da:ee:aa:ff:12:4b]

RSSI: -75 [da:ee:aa:ff:12:5b]

RSSI: -61 [da:ee:aa:ff:00:ba]

RSSI: -75 [da:ee:aa:ff:12:5b]

RSSI: -61 [da:ee:aa:ff:00:ba]

RSSI: -76 [da:ee:aa:ff:12:5b]

RSSI: -61 [da:ee:aa:ff:00:ba]

RSSI: -75 [da:ee:aa:ff:12:5b]

RSSI: -75 [da:ee:aa:ff:12:5b]

RSSI: -61 [da:ee:aa:ff:00:ca]

RSSI: -75 [da:ee:aa:ff:12:5b]

RSSI: -61 [da:ee:aa:ff:00:ca]

RSSI: -75 [da:ee:aa:ff:12:5b]

RSSI: -61 [da:ee:aa:ff:00:ca]

RSSI: -61 [da:ee:aa:ff:00:ca]

RSSI: -61 [da:ee:aa:ff:00:ca]

RSSI: -75 [da:ee:aa:ff:12:7b]

RSSI: -76 [da:ee:aa:ff:12:7b]

RSSI: -58 [da:ee:aa:ff:00:da]

RSSI: -74 [da:ee:aa:ff:12:7b]

RSSI: -92 [da:ee:aa:ff:0b:5c]

RSSI: -58 [da:ee:aa:ff:00:da]

RSSI: -58 [da:ee:aa:ff:00:da]

RSSI: -75 [da:ee:aa:ff:12:8b]

RSSI: -58 [da:ee:aa:ff:00:da]

RSSI: -74 [da:ee:aa:ff:12:8b]

RSSI: -58 [da:ee:aa:ff:00:da]

RSSI: -74 [da:ee:aa:ff:12:8b]

RSSI: -58 [da:ee:aa:ff:00:da]

RSSI: -74 [da:ee:aa:ff:12:8b]

RSSI: -91 [da:ee:aa:ff:0b:6c]

RSSI: -57 [da:ee:aa:ff:00:fa]

RSSI: -74 [da:ee:aa:ff:12:8b]

RSSI: -62 [da:ee:aa:ff:00:fa]

RSSI: -76 [da:ee:aa:ff:12:ab]

RSSI: -62 [da:ee:aa:ff:00:fa]

RSSI: -76 [da:ee:aa:ff:12:ab]

RSSI: -62 [da:ee:aa:ff:00:fa]

RSSI: -76 [da:ee:aa:ff:12:ab]

RSSI: -62 [da:ee:aa:ff:01:1a]

RSSI: -76 [da:ee:aa:ff:12:ab]

RSSI: -62 [da:ee:aa:ff:01:1a]

RSSI: -76 [da:ee:aa:ff:12:ab]

RSSI: -62 [da:ee:aa:ff:01:1a]

RSSI: -62 [da:ee:aa:ff:01:1a]

RSSI: -76 [da:ee:aa:ff:12:cb]

RSSI: -62 [da:ee:aa:ff:01:1a]

RSSI: -77 [da:ee:aa:ff:12:cb]

RSSI: -76 [da:ee:aa:ff:12:cb]

RSSI: -61 [da:ee:aa:ff:01:3a]

RSSI: -61 [da:ee:aa:ff:01:3a]

RSSI: -61 [da:ee:aa:ff:01:3a]

RSSI: -76 [da:ee:aa:ff:12:db]

RSSI: -61 [da:ee:aa:ff:01:3a]

RSSI: -76 [da:ee:aa:ff:12:db]

RSSI: -61 [da:ee:aa:ff:01:3a]

RSSI: -76 [da:ee:aa:ff:12:db]

RSSI: -61 [da:ee:aa:ff:01:3a]

RSSI: -76 [da:ee:aa:ff:12:db]

RSSI: -76 [da:ee:aa:ff:12:db]

RSSI: -61 [da:ee:aa:ff:01:5a]

RSSI: -77 [da:ee:aa:ff:12:db]

RSSI: -58 [da:ee:aa:ff:01:5a]

RSSI: -75 [da:ee:aa:ff:12:fb]

RSSI: -57 [da:ee:aa:ff:12:fb]

RSSI: -58 [da:ee:aa:ff:01:6a]

RSSI: -61 [da:ee:aa:ff:12:fb]

RSSI: -58 [da:ee:aa:ff:01:6a]

RSSI: -58 [da:ee:aa:ff:01:6a]

RSSI: -58 [da:ee:aa:ff:01:6a]

RSSI: -67 [da:ee:aa:ff:13:1b]

RSSI: -58 [da:ee:aa:ff:01:6a]

RSSI: -57 [da:ee:aa:ff:13:1b]

RSSI: -58 [da:ee:aa:ff:01:6a]

RSSI: -72 [da:ee:aa:ff:13:1b]

RSSI: -58 [da:ee:aa:ff:01:6a]

RSSI: -63 [da:ee:aa:ff:01:8a]

RSSI: -76 [da:ee:aa:ff:13:2b]

RSSI: -63 [da:ee:aa:ff:01:8a]

RSSI: -76 [da:ee:aa:ff:13:2b]

RSSI: -63 [da:ee:aa:ff:01:8a]

RSSI: -76 [da:ee:aa:ff:13:2b]

RSSI: -63 [da:ee:aa:ff:01:8a]

RSSI: -76 [da:ee:aa:ff:13:2b]

RSSI: -63 [da:ee:aa:ff:01:8a]

RSSI: -76 [da:ee:aa:ff:13:2b]

RSSI: -63 [da:ee:aa:ff:01:8a]

RSSI: -76 [da:ee:aa:ff:13:2b]

RSSI: -78 [da:ee:aa:ff:13:2b]

RSSI: -63 [da:ee:aa:ff:01:aa]

RSSI: -76 [da:ee:aa:ff:13:2b]

RSSI: -63 [da:ee:aa:ff:01:aa]

RSSI: -63 [da:ee:aa:ff:01:aa]

RSSI: -60 [da:ee:aa:ff:01:aa]

RSSI: -76 [da:ee:aa:ff:13:4b]

RSSI: -76 [da:ee:aa:ff:13:4b]

RSSI: -47 [da:ee:aa:ff:01:ca]

RSSI: -57 [da:ee:aa:ff:01:ca]

RSSI: -61 [da:ee:aa:ff:01:ca]

RSSI: -60 [da:ee:aa:ff:01:ca]

RSSI: -74 [da:ee:aa:ff:13:6b]

RSSI: -74 [da:ee:aa:ff:13:6b]

RSSI: -74 [da:ee:aa:ff:13:6b]

RSSI: -58 [da:ee:aa:ff:01:da]

RSSI: -74 [da:ee:aa:ff:13:6b]

RSSI: -58 [da:ee:aa:ff:01:da]

RSSI: -74 [da:ee:aa:ff:13:6b]

RSSI: -73 [da:ee:aa:ff:13:6b]

RSSI: -58 [da:ee:aa:ff:01:fa]

RSSI: -58 [da:ee:aa:ff:01:fa]

RSSI: -74 [da:ee:aa:ff:13:8b]

RSSI: -58 [da:ee:aa:ff:01:fa]

RSSI: -74 [da:ee:aa:ff:13:8b]

RSSI: -57 [da:ee:aa:ff:01:fa]

RSSI: -63 [da:ee:aa:ff:02:1a]

RSSI: -63 [da:ee:aa:ff:02:1a]

RSSI: -62 [da:ee:aa:ff:02:1a]

RSSI: -77 [da:ee:aa:ff:13:ab]

RSSI: -62 [da:ee:aa:ff:02:1a]

RSSI: -76 [da:ee:aa:ff:13:ab]

RSSI: -76 [da:ee:aa:ff:13:ab]

RSSI: -62 [da:ee:aa:ff:02:1a]

RSSI: -77 [da:ee:aa:ff:13:ab]

RSSI: -63 [da:ee:aa:ff:02:1a]

RSSI: -77 [da:ee:aa:ff:13:ab]

RSSI: -76 [da:ee:aa:ff:13:ab]

RSSI: -60 [da:ee:aa:ff:02:2a]

RSSI: -60 [da:ee:aa:ff:02:2a]

RSSI: -60 [da:ee:aa:ff:02:2a]

RSSI: -61 [da:ee:aa:ff:02:2a]

RSSI: -76 [da:ee:aa:ff:13:cb]

RSSI: -60 [da:ee:aa:ff:02:4a]

RSSI: -60 [da:ee:aa:ff:02:4a]

RSSI: -60 [da:ee:aa:ff:02:4a]

RSSI: -61 [da:ee:aa:ff:02:4a]

RSSI: -87 [da:ee:aa:ff:0c:5c]

RSSI: -60 [da:ee:aa:ff:02:4a]

RSSI: -58 [da:ee:aa:ff:02:5a]

RSSI: -74 [da:ee:aa:ff:13:eb]

RSSI: -58 [da:ee:aa:ff:02:5a]

RSSI: -73 [da:ee:aa:ff:13:eb]

RSSI: -58 [da:ee:aa:ff:02:5a]

RSSI: -73 [da:ee:aa:ff:13:eb]

RSSI: -58 [da:ee:aa:ff:02:5a]

RSSI: -73 [da:ee:aa:ff:13:eb]

RSSI: -58 [da:ee:aa:ff:02:5a]

RSSI: -73 [da:ee:aa:ff:13:eb]

RSSI: -58 [da:ee:aa:ff:02:5a]

RSSI: -73 [da:ee:aa:ff:13:eb]

RSSI: -74 [da:ee:aa:ff:13:eb]

RSSI: -63 [da:ee:aa:ff:02:6a]

RSSI: -60 [da:ee:aa:ff:14:0b]

RSSI: -63 [da:ee:aa:ff:02:6a]

RSSI: -76 [da:ee:aa:ff:14:0b]

RSSI: -63 [da:ee:aa:ff:02:7a]

RSSI: -63 [da:ee:aa:ff:02:7a]

RSSI: -60 [da:ee:aa:ff:14:2b]

RSSI: -63 [da:ee:aa:ff:02:7a]

RSSI: -65 [da:ee:aa:ff:14:2b]

RSSI: -63 [da:ee:aa:ff:02:7a]

RSSI: -60 [da:ee:aa:ff:14:2b]

RSSI: -63 [da:ee:aa:ff:02:7a]

RSSI: -63 [da:ee:aa:ff:02:7a]

RSSI: -67 [da:ee:aa:ff:14:2b]

RSSI: -76 [da:ee:aa:ff:14:4b]

RSSI: -60 [da:ee:aa:ff:02:aa]

RSSI: -58 [da:ee:aa:ff:02:aa]

RSSI: -73 [da:ee:aa:ff:14:4b]

RSSI: -58 [da:ee:aa:ff:02:aa]

RSSI: -74 [da:ee:aa:ff:14:6b]

RSSI: -74 [da:ee:aa:ff:14:6b]

RSSI: -74 [da:ee:aa:ff:14:6b]

RSSI: -74 [da:ee:aa:ff:14:6b]

RSSI: -47 [da:ee:aa:ff:02:ca]

RSSI: -74 [da:ee:aa:ff:14:6b]

RSSI: -58 [da:ee:aa:ff:02:ca]

RSSI: -73 [da:ee:aa:ff:14:6b]

RSSI: -74 [da:ee:aa:ff:14:6b]

RSSI: -59 [da:ee:aa:ff:02:da]

RSSI: -87 [da:ee:aa:ff:0c:fc]

RSSI: -77 [da:ee:aa:ff:14:8b]

RSSI: -49 [da:ee:aa:ff:02:da]

RSSI: -77 [da:ee:aa:ff:14:8b]

RSSI: -48 [da:ee:aa:ff:02:da]

RSSI: -63 [da:ee:aa:ff:02:da]

RSSI: -77 [da:ee:aa:ff:14:8b]

RSSI: -63 [da:ee:aa:ff:02:da]

RSSI: -77 [da:ee:aa:ff:14:8b]

RSSI: -77 [da:ee:aa:ff:14:9b]

RSSI: -77 [da:ee:aa:ff:14:9b]

RSSI: -63 [da:ee:aa:ff:02:ea]

RSSI: -77 [da:ee:aa:ff:14:9b]

RSSI: -63 [da:ee:aa:ff:02:ea]

RSSI: -60 [da:ee:aa:ff:02:ea]

RSSI: -75 [da:ee:aa:ff:14:bb]

RSSI: -60 [da:ee:aa:ff:03:0a]

RSSI: -85 [da:ee:aa:ff:0d:1c]

RSSI: -75 [da:ee:aa:ff:14:bb]

RSSI: -60 [da:ee:aa:ff:03:0a]

RSSI: -75 [da:ee:aa:ff:14:bb]

RSSI: -60 [da:ee:aa:ff:03:0a]

RSSI: -85 [da:ee:aa:ff:0d:1c]

RSSI: -75 [da:ee:aa:ff:14:bb]

RSSI: -60 [da:ee:aa:ff:03:0a]

RSSI: -76 [da:ee:aa:ff:14:bb]

RSSI: -60 [da:ee:aa:ff:03:0a]

RSSI: -75 [da:ee:aa:ff:14:bb]

RSSI: -60 [da:ee:aa:ff:03:0a]

RSSI: -76 [da:ee:aa:ff:14:bb]

RSSI: -60 [da:ee:aa:ff:03:0a]

RSSI: -86 [da:ee:aa:ff:0d:1c]

RSSI: -74 [da:ee:aa:ff:14:db]

RSSI: -58 [da:ee:aa:ff:03:2a]

RSSI: -74 [da:ee:aa:ff:14:db]

RSSI: -58 [da:ee:aa:ff:03:2a]

RSSI: -74 [da:ee:aa:ff:14:db]

RSSI: -58 [da:ee:aa:ff:03:2a]

RSSI: -58 [da:ee:aa:ff:03:2a]

RSSI: -92 [da:ee:aa:ff:0d:3c]

RSSI: -74 [da:ee:aa:ff:14:eb]

RSSI: -74 [da:ee:aa:ff:14:eb]

RSSI: -58 [da:ee:aa:ff:03:3a]

RSSI: -74 [da:ee:aa:ff:14:eb]

RSSI: -58 [da:ee:aa:ff:03:3a]

RSSI: -74 [da:ee:aa:ff:14:eb]

RSSI: -77 [da:ee:aa:ff:15:0b]

RSSI: -62 [da:ee:aa:ff:03:5a]

RSSI: -77 [da:ee:aa:ff:15:0b]

RSSI: -62 [da:ee:aa:ff:03:5a]

RSSI: -76 [da:ee:aa:ff:15:0b]

RSSI: -62 [da:ee:aa:ff:03:5a]

RSSI: -77 [da:ee:aa:ff:15:0b]

RSSI: -62 [da:ee:aa:ff:03:5a]

RSSI: -76 [da:ee:aa:ff:15:0b]

RSSI: -62 [da:ee:aa:ff:03:5a]

RSSI: -77 [da:ee:aa:ff:15:0b]

RSSI: -62 [da:ee:aa:ff:03:5a]

RSSI: -76 [da:ee:aa:ff:15:0b]

RSSI: -62 [da:ee:aa:ff:03:5a]

RSSI: -77 [da:ee:aa:ff:15:0b]

RSSI: -75 [da:ee:aa:ff:15:2b]

RSSI: -62 [da:ee:aa:ff:03:5a]

RSSI: -60 [da:ee:aa:ff:03:7a]

RSSI: -75 [da:ee:aa:ff:15:2b]

RSSI: -61 [da:ee:aa:ff:03:7a]

RSSI: -60 [da:ee:aa:ff:03:7a]

RSSI: -74 [da:ee:aa:ff:0d:6c]

RSSI: -58 [da:ee:aa:ff:15:3b]

RSSI: -66 [da:ee:aa:ff:15:3b]

RSSI: -70 [da:ee:aa:ff:15:3b]

RSSI: -60 [da:ee:aa:ff:03:8a]

RSSI: -75 [da:ee:aa:ff:15:3b]

RSSI: -60 [da:ee:aa:ff:03:8a]

RSSI: -73 [da:ee:aa:ff:15:3b]

RSSI: -60 [da:ee:aa:ff:03:8a]

RSSI: -75 [da:ee:aa:ff:15:3b]

RSSI: -60 [da:ee:aa:ff:03:8a]

RSSI: -73 [da:ee:aa:ff:15:5b]

RSSI: -59 [da:ee:aa:ff:03:aa]

RSSI: -73 [da:ee:aa:ff:15:5b]

RSSI: -59 [da:ee:aa:ff:03:aa]

RSSI: -73 [da:ee:aa:ff:15:5b]

RSSI: -58 [da:ee:aa:ff:03:aa]

RSSI: -73 [da:ee:aa:ff:15:5b]

RSSI: -58 [da:ee:aa:ff:03:aa]

RSSI: -73 [da:ee:aa:ff:15:5b]

RSSI: -74 [da:ee:aa:ff:15:5b]

RSSI: -58 [da:ee:aa:ff:03:aa]

RSSI: -73 [da:ee:aa:ff:15:7b]

RSSI: -74 [da:ee:aa:ff:15:7b]

RSSI: -62 [da:ee:aa:ff:03:ca]

RSSI: -77 [da:ee:aa:ff:15:9b]

RSSI: -75 [da:ee:aa:ff:15:9b]

RSSI: -77 [da:ee:aa:ff:15:9b]

RSSI: -88 [da:ee:aa:ff:0d:ac]

RSSI: -62 [da:ee:aa:ff:03:da]

RSSI: -77 [da:ee:aa:ff:15:9b]

RSSI: -63 [da:ee:aa:ff:03:da]

RSSI: -76 [da:ee:aa:ff:15:9b]

RSSI: -76 [da:ee:aa:ff:15:9b]

RSSI: -58 [da:ee:aa:ff:03:da]

RSSI: -76 [da:ee:aa:ff:15:9b]

RSSI: -75 [da:ee:aa:ff:15:bb]

RSSI: -76 [da:ee:aa:ff:15:bb]

RSSI: -74 [da:ee:aa:ff:15:bb]

RSSI: -61 [da:ee:aa:ff:03:fa]

RSSI: -61 [da:ee:aa:ff:03:fa]

RSSI: -61 [da:ee:aa:ff:03:fa]

RSSI: -61 [da:ee:aa:ff:04:1a]

RSSI: -59 [da:ee:aa:ff:04:1a]

RSSI: -73 [da:ee:aa:ff:15:eb]

RSSI: -58 [da:ee:aa:ff:04:1a]

RSSI: -74 [da:ee:aa:ff:15:eb]

RSSI: -73 [da:ee:aa:ff:15:eb]

RSSI: -73 [da:ee:aa:ff:15:eb]

RSSI: -58 [da:ee:aa:ff:04:3a]

RSSI: -59 [da:ee:aa:ff:04:3a]

RSSI: -58 [da:ee:aa:ff:04:3a]

RSSI: -58 [da:ee:aa:ff:04:3a]

RSSI: -58 [da:ee:aa:ff:04:3a]

RSSI: -63 [da:ee:aa:ff:04:5a]

RSSI: -62 [da:ee:aa:ff:04:5a]

RSSI: -62 [da:ee:aa:ff:04:5a]

RSSI: -62 [da:ee:aa:ff:04:5a]

RSSI: -77 [da:ee:aa:ff:16:2b]

RSSI: -62 [da:ee:aa:ff:04:5a]

RSSI: -77 [da:ee:aa:ff:16:2b]

RSSI: -62 [da:ee:aa:ff:04:5a]

RSSI: -76 [da:ee:aa:ff:16:2b]

RSSI: -62 [da:ee:aa:ff:04:5a]

RSSI: -76 [da:ee:aa:ff:16:2b]

RSSI: -76 [da:ee:aa:ff:16:2b]

RSSI: -62 [da:ee:aa:ff:04:7a]

RSSI: -76 [da:ee:aa:ff:16:2b]

RSSI: -62 [da:ee:aa:ff:04:7a]

RSSI: -75 [da:ee:aa:ff:16:3b]

RSSI: -60 [da:ee:aa:ff:04:7a]

RSSI: -75 [da:ee:aa:ff:16:3b]

RSSI: -60 [da:ee:aa:ff:04:7a]

RSSI: -75 [da:ee:aa:ff:16:3b]

RSSI: -75 [da:ee:aa:ff:16:3b]

RSSI: -60 [da:ee:aa:ff:04:9a]

RSSI: -59 [da:ee:aa:ff:04:9a]

RSSI: -61 [da:ee:aa:ff:04:9a]

RSSI: -60 [da:ee:aa:ff:04:9a]

RSSI: -60 [da:ee:aa:ff:04:9a]

RSSI: -59 [da:ee:aa:ff:16:5b]

RSSI: -60 [da:ee:aa:ff:04:9a]

RSSI: -59 [da:ee:aa:ff:04:ba]

RSSI: -59 [da:ee:aa:ff:04:ba]

RSSI: -74 [da:ee:aa:ff:16:7b]

RSSI: -59 [da:ee:aa:ff:04:ba]

RSSI: -55 [da:ee:aa:ff:16:7b]

RSSI: -59 [da:ee:aa:ff:04:ba]

RSSI: -56 [da:ee:aa:ff:16:7b]

RSSI: -59 [da:ee:aa:ff:04:ba]

RSSI: -62 [da:ee:aa:ff:16:7b]

RSSI: -59 [da:ee:aa:ff:04:ba]

RSSI: -56 [da:ee:aa:ff:16:7b]

RSSI: -73 [da:ee:aa:ff:16:7b]

RSSI: -59 [da:ee:aa:ff:04:da]

RSSI: -73 [da:ee:aa:ff:16:7b]

RSSI: -59 [da:ee:aa:ff:04:da]

RSSI: -77 [da:ee:aa:ff:00:0b]

RSSI: -76 [da:ee:aa:ff:00:0b]

RSSI: -76 [da:ee:aa:ff:00:0b]

RSSI: -86 [da:ee:aa:ff:0e:8c]

RSSI: -62 [da:ee:aa:ff:04:ea]

RSSI: -62 [da:ee:aa:ff:04:ea]

RSSI: -62 [da:ee:aa:ff:04:ea]

RSSI: -76 [da:ee:aa:ff:00:2b]

RSSI: -62 [da:ee:aa:ff:04:ea]

RSSI: -76 [da:ee:aa:ff:00:2b]

RSSI: -62 [da:ee:aa:ff:04:ea]

RSSI: -77 [da:ee:aa:ff:00:2b]

RSSI: -62 [da:ee:aa:ff:04:ea]

RSSI: -76 [da:ee:aa:ff:00:2b]

RSSI: -62 [da:ee:aa:ff:04:ea]

RSSI: -86 [da:ee:aa:ff:0e:9c]

RSSI: -61 [da:ee:aa:ff:05:0a]

RSSI: -75 [da:ee:aa:ff:00:4b]

RSSI: -61 [da:ee:aa:ff:05:0a]

RSSI: -75 [da:ee:aa:ff:00:4b]

RSSI: -61 [da:ee:aa:ff:05:0a]

RSSI: -76 [da:ee:aa:ff:00:4b]

RSSI: -60 [da:ee:aa:ff:05:0a]

RSSI: -75 [da:ee:aa:ff:00:4b]

RSSI: -61 [da:ee:aa:ff:05:0a]

RSSI: -75 [da:ee:aa:ff:00:4b]

RSSI: -61 [da:ee:aa:ff:05:0a]

RSSI: -74 [da:ee:aa:ff:00:4b]

RSSI: -75 [da:ee:aa:ff:00:4b]

RSSI: -76 [da:ee:aa:ff:00:4b]

RSSI: -86 [da:ee:aa:ff:0e:ac]

RSSI: -73 [da:ee:aa:ff:00:5b]

RSSI: -91 [da:ee:aa:ff:0e:bc]

RSSI: -73 [da:ee:aa:ff:00:5b]

RSSI: -73 [da:ee:aa:ff:00:5b]

RSSI: -73 [da:ee:aa:ff:00:7b]

RSSI: -73 [da:ee:aa:ff:00:7b]

RSSI: -73 [da:ee:aa:ff:00:7b]

RSSI: -89 [da:ee:aa:ff:0e:cc]

RSSI: -73 [da:ee:aa:ff:00:7b]

RSSI: -58 [da:ee:aa:ff:05:3a]

RSSI: -58 [da:ee:aa:ff:05:3a]

RSSI: -89 [da:ee:aa:ff:0e:cc]

RSSI: -76 [da:ee:aa:ff:00:8b]

RSSI: -63 [da:ee:aa:ff:05:5a]

RSSI: -63 [da:ee:aa:ff:05:5a]

RSSI: -63 [da:ee:aa:ff:05:5a]

RSSI: -62 [da:ee:aa:ff:05:5a]

RSSI: -76 [da:ee:aa:ff:00:8b]

RSSI: -76 [da:ee:aa:ff:00:8b]

RSSI: -63 [da:ee:aa:ff:05:7a]

RSSI: -63 [da:ee:aa:ff:05:7a]

RSSI: -76 [da:ee:aa:ff:00:9b]

RSSI: -63 [da:ee:aa:ff:05:7a]

RSSI: -75 [da:ee:aa:ff:00:9b]

RSSI: -85 [da:ee:aa:ff:0e:fc]

RSSI: -76 [da:ee:aa:ff:00:9b]

RSSI: -61 [da:ee:aa:ff:05:8a]

RSSI: -61 [da:ee:aa:ff:05:8a]

RSSI: -61 [da:ee:aa:ff:05:8a]

RSSI: -61 [da:ee:aa:ff:05:8a]

RSSI: -75 [da:ee:aa:ff:00:bb]

RSSI: -61 [da:ee:aa:ff:05:8a]

RSSI: -75 [da:ee:aa:ff:00:bb]

RSSI: -61 [da:ee:aa:ff:05:8a]

RSSI: -75 [da:ee:aa:ff:00:bb]

RSSI: -61 [da:ee:aa:ff:05:8a]

RSSI: -76 [da:ee:aa:ff:00:bb]

RSSI: -61 [da:ee:aa:ff:05:8a]

RSSI: -57 [da:ee:aa:ff:05:aa]

RSSI: -73 [da:ee:aa:ff:00:db]

RSSI: -57 [da:ee:aa:ff:05:aa]

RSSI: -73 [da:ee:aa:ff:00:db]

RSSI: -57 [da:ee:aa:ff:05:aa]

RSSI: -73 [da:ee:aa:ff:00:db]

RSSI: -57 [da:ee:aa:ff:05:aa]

RSSI: -73 [da:ee:aa:ff:00:db]

RSSI: -57 [da:ee:aa:ff:05:aa]

RSSI: -73 [da:ee:aa:ff:00:db]

RSSI: -73 [da:ee:aa:ff:00:db]

RSSI: -73 [da:ee:aa:ff:00:db]

RSSI: -57 [da:ee:aa:ff:05:ca]

RSSI: -62 [da:ee:aa:ff:05:da]

RSSI: -62 [da:ee:aa:ff:05:da]

RSSI: -62 [da:ee:aa:ff:05:da]

RSSI: -76 [da:ee:aa:ff:01:0b]

RSSI: -62 [da:ee:aa:ff:05:da]

RSSI: -60 [da:ee:aa:ff:01:0b]

RSSI: -62 [da:ee:aa:ff:05:da]

RSSI: -62 [da:ee:aa:ff:05:da]

RSSI: -60 [da:ee:aa:ff:01:0b]

RSSI: -62 [da:ee:aa:ff:05:da]

RSSI: -76 [da:ee:aa:ff:01:0b]

RSSI: -62 [da:ee:aa:ff:05:da]

RSSI: -61 [da:ee:aa:ff:05:fa]

RSSI: -76 [da:ee:aa:ff:01:2b]

RSSI: -76 [da:ee:aa:ff:01:2b]

RSSI: -85 [da:ee:aa:ff:0f:6c]

RSSI: -61 [da:ee:aa:ff:05:fa]

RSSI: -76 [da:ee:aa:ff:01:2b]

RSSI: -61 [da:ee:aa:ff:05:fa]

RSSI: -76 [da:ee:aa:ff:01:2b]

RSSI: -85 [da:ee:aa:ff:0f:6c]

RSSI: -61 [da:ee:aa:ff:06:0a]

RSSI: -75 [da:ee:aa:ff:01:2b]

RSSI: -61 [da:ee:aa:ff:06:0a]

RSSI: -84 [da:ee:aa:ff:0f:6c]

RSSI: -61 [da:ee:aa:ff:06:0a]

RSSI: -77 [da:ee:aa:ff:01:4b]

RSSI: -61 [da:ee:aa:ff:06:0a]

RSSI: -76 [da:ee:aa:ff:01:4b]

RSSI: -73 [da:ee:aa:ff:01:4b]

RSSI: -57 [da:ee:aa:ff:06:1a]

RSSI: -57 [da:ee:aa:ff:06:1a]

RSSI: -73 [da:ee:aa:ff:01:6b]

RSSI: -57 [da:ee:aa:ff:06:1a]

RSSI: -73 [da:ee:aa:ff:01:6b]

RSSI: -57 [da:ee:aa:ff:06:1a]

RSSI: -73 [da:ee:aa:ff:01:6b]

RSSI: -57 [da:ee:aa:ff:06:1a]

RSSI: -73 [da:ee:aa:ff:01:6b]

RSSI: -57 [da:ee:aa:ff:06:1a]

RSSI: -57 [da:ee:aa:ff:06:1a]

RSSI: -73 [da:ee:aa:ff:01:6b]

RSSI: -73 [da:ee:aa:ff:01:6b]

RSSI: -61 [da:ee:aa:ff:06:3a]

RSSI: -47 [da:ee:aa:ff:06:3a]

RSSI: -88 [da:ee:aa:ff:0f:ac]

RSSI: -53 [da:ee:aa:ff:06:3a]

RSSI: -76 [da:ee:aa:ff:01:7b]

RSSI: -89 [da:ee:aa:ff:0f:ac]

RSSI: -48 [da:ee:aa:ff:06:4a]

RSSI: -46 [da:ee:aa:ff:06:4a]

RSSI: -77 [da:ee:aa:ff:01:9b]

RSSI: -76 [da:ee:aa:ff:01:9b]

RSSI: -51 [da:ee:aa:ff:06:4a]

RSSI: -76 [da:ee:aa:ff:01:9b]

RSSI: -76 [da:ee:aa:ff:01:9b]

RSSI: -61 [da:ee:aa:ff:06:5a]

RSSI: -76 [da:ee:aa:ff:01:bb]

RSSI: -61 [da:ee:aa:ff:06:5a]

RSSI: -75 [da:ee:aa:ff:01:bb]

RSSI: -61 [da:ee:aa:ff:06:5a]

RSSI: -75 [da:ee:aa:ff:01:bb]

RSSI: -61 [da:ee:aa:ff:06:5a]

RSSI: -76 [da:ee:aa:ff:01:bb]

RSSI: -61 [da:ee:aa:ff:06:5a]

RSSI: -75 [da:ee:aa:ff:01:bb]

RSSI: -61 [da:ee:aa:ff:06:5a]

RSSI: -75 [da:ee:aa:ff:01:bb]

RSSI: -61 [da:ee:aa:ff:06:5a]

RSSI: -76 [da:ee:aa:ff:01:bb]

RSSI: -61 [da:ee:aa:ff:06:5a]

RSSI: -76 [da:ee:aa:ff:01:bb]

RSSI: -61 [da:ee:aa:ff:06:7a]

RSSI: -58 [da:ee:aa:ff:06:7a]

RSSI: -57 [da:ee:aa:ff:06:7a]

RSSI: -58 [da:ee:aa:ff:06:7a]

RSSI: -58 [da:ee:aa:ff:06:7a]

RSSI: -58 [da:ee:aa:ff:06:8a]

RSSI: -74 [da:ee:aa:ff:01:db]

RSSI: -58 [da:ee:aa:ff:06:8a]

RSSI: -74 [da:ee:aa:ff:01:db]

RSSI: -58 [da:ee:aa:ff:06:8a]

RSSI: -73 [da:ee:aa:ff:01:db]

RSSI: -58 [da:ee:aa:ff:06:8a]

RSSI: -73 [da:ee:aa:ff:01:db]

RSSI: -57 [da:ee:aa:ff:06:8a]

RSSI: -73 [da:ee:aa:ff:01:db]

RSSI: -62 [da:ee:aa:ff:06:9a]

RSSI: -77 [da:ee:aa:ff:01:eb]

RSSI: -62 [da:ee:aa:ff:06:9a]

RSSI: -77 [da:ee:aa:ff:01:eb]

RSSI: -62 [da:ee:aa:ff:06:9a]

RSSI: -76 [da:ee:aa:ff:01:eb]

RSSI: -62 [da:ee:aa:ff:06:9a]

RSSI: -76 [da:ee:aa:ff:01:eb]

RSSI: -76 [da:ee:aa:ff:01:eb]

RSSI: -77 [da:ee:aa:ff:01:eb]

RSSI: -61 [da:ee:aa:ff:06:ba]

RSSI: -61 [da:ee:aa:ff:06:ba]

RSSI: -60 [da:ee:aa:ff:02:2b]

RSSI: -61 [da:ee:aa:ff:06:da]

RSSI: -63 [da:ee:aa:ff:02:2b]

RSSI: -61 [da:ee:aa:ff:06:da]

RSSI: -76 [da:ee:aa:ff:02:2b]

RSSI: -61 [da:ee:aa:ff:06:da]

RSSI: -59 [da:ee:aa:ff:02:2b]

RSSI: -61 [da:ee:aa:ff:06:da]

RSSI: -68 [da:ee:aa:ff:02:2b]

RSSI: -61 [da:ee:aa:ff:06:da]

RSSI: -76 [da:ee:aa:ff:02:2b]

RSSI: -61 [da:ee:aa:ff:06:da]

RSSI: -76 [da:ee:aa:ff:02:2b]

RSSI: -73 [da:ee:aa:ff:02:4b]

RSSI: -57 [da:ee:aa:ff:06:ea]

RSSI: -73 [da:ee:aa:ff:02:4b]

RSSI: -57 [da:ee:aa:ff:06:ea]

RSSI: -73 [da:ee:aa:ff:02:4b]

RSSI: -57 [da:ee:aa:ff:06:ea]

RSSI: -73 [da:ee:aa:ff:02:4b]

RSSI: -57 [da:ee:aa:ff:06:ea]

RSSI: -73 [da:ee:aa:ff:02:4b]

RSSI: -57 [da:ee:aa:ff:06:ea]

RSSI: -73 [da:ee:aa:ff:02:4b]

RSSI: -57 [da:ee:aa:ff:06:ea]

RSSI: -91 [da:ee:aa:ff:10:7c]

RSSI: -73 [da:ee:aa:ff:02:6b]

RSSI: -62 [da:ee:aa:ff:07:0a]

RSSI: -62 [da:ee:aa:ff:07:0a]

RSSI: -76 [da:ee:aa:ff:02:7b]

RSSI: -76 [da:ee:aa:ff:02:7b]

RSSI: -62 [da:ee:aa:ff:07:2a]

RSSI: -76 [da:ee:aa:ff:02:7b]

RSSI: -62 [da:ee:aa:ff:07:2a]

RSSI: -77 [da:ee:aa:ff:02:7b]

RSSI: -62 [da:ee:aa:ff:07:2a]

RSSI: -77 [da:ee:aa:ff:02:7b]

RSSI: -62 [da:ee:aa:ff:07:2a]

RSSI: -76 [da:ee:aa:ff:02:7b]

RSSI: -62 [da:ee:aa:ff:07:2a]

RSSI: -77 [da:ee:aa:ff:02:7b]

RSSI: -62 [da:ee:aa:ff:07:2a]

RSSI: -76 [da:ee:aa:ff:02:7b]

RSSI: -62 [da:ee:aa:ff:07:2a]

RSSI: -76 [da:ee:aa:ff:02:9b]

RSSI: -61 [da:ee:aa:ff:07:3a]

RSSI: -75 [da:ee:aa:ff:02:9b]

RSSI: -48 [da:ee:aa:ff:07:3a]

RSSI: -75 [da:ee:aa:ff:02:9b]

RSSI: -53 [da:ee:aa:ff:07:3a]

RSSI: -75 [da:ee:aa:ff:02:9b]

RSSI: -46 [da:ee:aa:ff:07:3a]

RSSI: -76 [da:ee:aa:ff:02:ab]

RSSI: -61 [da:ee:aa:ff:07:3a]

RSSI: -76 [da:ee:aa:ff:02:ab]

RSSI: -76 [da:ee:aa:ff:02:ab]

RSSI: -76 [da:ee:aa:ff:02:ab]

RSSI: -75 [da:ee:aa:ff:02:ab]

RSSI: -57 [da:ee:aa:ff:07:5a]

RSSI: -73 [da:ee:aa:ff:02:bb]

RSSI: -73 [da:ee:aa:ff:02:bb]

RSSI: -57 [da:ee:aa:ff:07:7a]

RSSI: -73 [da:ee:aa:ff:02:bb]

RSSI: -57 [da:ee:aa:ff:07:7a]

RSSI: -73 [da:ee:aa:ff:02:bb]

RSSI: -57 [da:ee:aa:ff:07:7a]

RSSI: -73 [da:ee:aa:ff:02:bb]

RSSI: -57 [da:ee:aa:ff:07:7a]

RSSI: -73 [da:ee:aa:ff:02:bb]

RSSI: -57 [da:ee:aa:ff:07:7a]

RSSI: -57 [da:ee:aa:ff:07:7a]

RSSI: -57 [da:ee:aa:ff:07:7a]

RSSI: -73 [da:ee:aa:ff:02:cb]

RSSI: -76 [da:ee:aa:ff:02:cb]

RSSI: -62 [da:ee:aa:ff:07:8a]

RSSI: -77 [da:ee:aa:ff:02:cb]

RSSI: -62 [da:ee:aa:ff:07:8a]

RSSI: -76 [da:ee:aa:ff:02:cb]

RSSI: -62 [da:ee:aa:ff:07:8a]

RSSI: -77 [da:ee:aa:ff:02:eb]

RSSI: -62 [da:ee:aa:ff:07:8a]

RSSI: -77 [da:ee:aa:ff:02:eb]

RSSI: -62 [da:ee:aa:ff:07:8a]

RSSI: -76 [da:ee:aa:ff:02:eb]

RSSI: -62 [da:ee:aa:ff:07:9a]

RSSI: -62 [da:ee:aa:ff:07:9a]

RSSI: -60 [da:ee:aa:ff:07:9a]

RSSI: -76 [da:ee:aa:ff:02:fb]

RSSI: -60 [da:ee:aa:ff:07:ba]

RSSI: -76 [da:ee:aa:ff:02:fb]

RSSI: -76 [da:ee:aa:ff:02:fb]

RSSI: -76 [da:ee:aa:ff:02:fb]

RSSI: -60 [da:ee:aa:ff:07:ba]

RSSI: -76 [da:ee:aa:ff:02:fb]

RSSI: -60 [da:ee:aa:ff:07:ba]

RSSI: -60 [da:ee:aa:ff:07:ba]

RSSI: -60 [da:ee:aa:ff:07:ba]

RSSI: -58 [da:ee:aa:ff:07:da]

RSSI: -57 [da:ee:aa:ff:07:da]

RSSI: -57 [da:ee:aa:ff:07:da]

RSSI: -58 [da:ee:aa:ff:07:da]

RSSI: -58 [da:ee:aa:ff:03:3b]

RSSI: -57 [da:ee:aa:ff:03:3b]

RSSI: -67 [da:ee:aa:ff:03:3b]

RSSI: -58 [da:ee:aa:ff:07:ea]

RSSI: -56 [da:ee:aa:ff:03:3b]

RSSI: -89 [da:ee:aa:ff:11:4c]

RSSI: -58 [da:ee:aa:ff:07:ea]

RSSI: -73 [da:ee:aa:ff:03:3b]

RSSI: -58 [da:ee:aa:ff:07:ea]

RSSI: -74 [da:ee:aa:ff:03:3b]

RSSI: -76 [da:ee:aa:ff:03:4b]

RSSI: -62 [da:ee:aa:ff:08:0a]

RSSI: -77 [da:ee:aa:ff:03:4b]

RSSI: -63 [da:ee:aa:ff:08:0a]

RSSI: -62 [da:ee:aa:ff:08:0a]

RSSI: -77 [da:ee:aa:ff:03:4b]

RSSI: -62 [da:ee:aa:ff:08:0a]

RSSI: -63 [da:ee:aa:ff:08:0a]

RSSI: -62 [da:ee:aa:ff:08:0a]

RSSI: -76 [da:ee:aa:ff:03:6b]

RSSI: -62 [da:ee:aa:ff:08:0a]

RSSI: -76 [da:ee:aa:ff:03:6b]

RSSI: -62 [da:ee:aa:ff:08:0a]

RSSI: -76 [da:ee:aa:ff:03:6b]

RSSI: -60 [da:ee:aa:ff:08:1a]

RSSI: -60 [da:ee:aa:ff:08:1a]

RSSI: -75 [da:ee:aa:ff:03:8b]

RSSI: -60 [da:ee:aa:ff:08:1a]

RSSI: -87 [da:ee:aa:ff:11:9c]

RSSI: -76 [da:ee:aa:ff:03:8b]

RSSI: -60 [da:ee:aa:ff:08:3a]

RSSI: -76 [da:ee:aa:ff:03:8b]

RSSI: -60 [da:ee:aa:ff:08:3a]

RSSI: -76 [da:ee:aa:ff:03:8b]

RSSI: -76 [da:ee:aa:ff:03:8b]

RSSI: -60 [da:ee:aa:ff:08:3a]

RSSI: -73 [da:ee:aa:ff:03:9b]

RSSI: -73 [da:ee:aa:ff:03:9b]

RSSI: -73 [da:ee:aa:ff:03:9b]

RSSI: -82 [da:ee:aa:ff:03:bb]

RSSI: -73 [da:ee:aa:ff:03:bb]

RSSI: -45 [da:ee:aa:ff:08:5a]

RSSI: -74 [da:ee:aa:ff:03:bb]

RSSI: -44 [da:ee:aa:ff:08:5a]

RSSI: -74 [da:ee:aa:ff:03:bb]

RSSI: -73 [da:ee:aa:ff:03:bb]

RSSI: -75 [da:ee:aa:ff:03:db]

RSSI: -76 [da:ee:aa:ff:03:db]

RSSI: -62 [da:ee:aa:ff:08:6a]

RSSI: -77 [da:ee:aa:ff:03:db]

RSSI: -62 [da:ee:aa:ff:08:6a]

RSSI: -77 [da:ee:aa:ff:03:db]

RSSI: -62 [da:ee:aa:ff:08:6a]

RSSI: -77 [da:ee:aa:ff:03:db]

RSSI: -62 [da:ee:aa:ff:08:8a]

RSSI: -63 [da:ee:aa:ff:08:8a]

RSSI: -77 [da:ee:aa:ff:03:db]

RSSI: -62 [da:ee:aa:ff:08:8a]

RSSI: -87 [da:ee:aa:ff:11:ec]

RSSI: -63 [da:ee:aa:ff:08:8a]

RSSI: -76 [da:ee:aa:ff:03:eb]

RSSI: -62 [da:ee:aa:ff:08:8a]

RSSI: -76 [da:ee:aa:ff:03:eb]

RSSI: -61 [da:ee:aa:ff:08:aa]

RSSI: -77 [da:ee:aa:ff:03:eb]

RSSI: -61 [da:ee:aa:ff:08:aa]

RSSI: -61 [da:ee:aa:ff:08:aa]

RSSI: -76 [da:ee:aa:ff:04:0b]

RSSI: -61 [da:ee:aa:ff:08:aa]

RSSI: -76 [da:ee:aa:ff:04:0b]

RSSI: -61 [da:ee:aa:ff:08:aa]

RSSI: -76 [da:ee:aa:ff:04:0b]

RSSI: -61 [da:ee:aa:ff:08:aa]

RSSI: -77 [da:ee:aa:ff:04:0b]

RSSI: -61 [da:ee:aa:ff:08:aa]

RSSI: -77 [da:ee:aa:ff:04:0b]

RSSI: -61 [da:ee:aa:ff:08:aa]

RSSI: -76 [da:ee:aa:ff:04:0b]

RSSI: -77 [da:ee:aa:ff:04:0b]

RSSI: -58 [da:ee:aa:ff:08:ba]

RSSI: -74 [da:ee:aa:ff:04:2b]

RSSI: -58 [da:ee:aa:ff:08:ba]

RSSI: -74 [da:ee:aa:ff:04:2b]

RSSI: -58 [da:ee:aa:ff:08:ba]

RSSI: -74 [da:ee:aa:ff:04:2b]

RSSI: -74 [da:ee:aa:ff:04:2b]

RSSI: -74 [da:ee:aa:ff:04:2b]

RSSI: -58 [da:ee:aa:ff:08:da]

RSSI: -58 [da:ee:aa:ff:08:da]

RSSI: -58 [da:ee:aa:ff:08:da]

RSSI: -77 [da:ee:aa:ff:04:4b]

RSSI: -64 [da:ee:aa:ff:08:fa]

RSSI: -60 [da:ee:aa:ff:04:4b]

RSSI: -60 [da:ee:aa:ff:04:4b]

RSSI: -64 [da:ee:aa:ff:08:fa]

RSSI: -63 [da:ee:aa:ff:08:fa]

RSSI: -61 [da:ee:aa:ff:09:0a]

RSSI: -77 [da:ee:aa:ff:04:6b]

RSSI: -61 [da:ee:aa:ff:09:0a]

RSSI: -76 [da:ee:aa:ff:04:6b]

RSSI: -61 [da:ee:aa:ff:09:0a]

RSSI: -77 [da:ee:aa:ff:04:6b]

RSSI: -76 [da:ee:aa:ff:04:6b]

RSSI: -61 [da:ee:aa:ff:09:2a]

RSSI: -61 [da:ee:aa:ff:09:2a]

RSSI: -61 [da:ee:aa:ff:09:2a]

RSSI: -61 [da:ee:aa:ff:09:2a]

RSSI: -61 [da:ee:aa:ff:09:2a]

RSSI: -74 [da:ee:aa:ff:04:9b]

RSSI: -74 [da:ee:aa:ff:04:9b]

RSSI: -74 [da:ee:aa:ff:04:9b]

RSSI: -58 [da:ee:aa:ff:09:4a]

RSSI: -73 [da:ee:aa:ff:04:9b]

RSSI: -58 [da:ee:aa:ff:09:4a]

RSSI: -74 [da:ee:aa:ff:04:9b]

RSSI: -58 [da:ee:aa:ff:09:4a]

RSSI: -73 [da:ee:aa:ff:04:9b]

RSSI: -58 [da:ee:aa:ff:09:4a]

RSSI: -74 [da:ee:aa:ff:04:9b]

RSSI: -74 [da:ee:aa:ff:04:9b]

RSSI: -78 [da:ee:aa:ff:04:bb]

RSSI: -63 [da:ee:aa:ff:09:5a]

RSSI: -77 [da:ee:aa:ff:04:bb]

RSSI: -63 [da:ee:aa:ff:09:5a]

RSSI: -77 [da:ee:aa:ff:04:bb]

RSSI: -63 [da:ee:aa:ff:09:7a]

RSSI: -58 [da:ee:aa:ff:09:7a]

RSSI: -78 [da:ee:aa:ff:04:db]

RSSI: -76 [da:ee:aa:ff:04:db]

RSSI: -52 [da:ee:aa:ff:09:7a]

RSSI: -77 [da:ee:aa:ff:04:db]

RSSI: -50 [da:ee:aa:ff:09:7a]

RSSI: -77 [da:ee:aa:ff:04:db]

RSSI: -78 [da:ee:aa:ff:04:db]

RSSI: -48 [da:ee:aa:ff:09:7a]

RSSI: -60 [da:ee:aa:ff:09:9a]

RSSI: -47 [da:ee:aa:ff:09:9a]

RSSI: -57 [da:ee:aa:ff:09:9a]

RSSI: -60 [da:ee:aa:ff:09:9a]

RSSI: -62 [da:ee:aa:ff:09:9a]

RSSI: -62 [da:ee:aa:ff:09:9a]

RSSI: -61 [da:ee:aa:ff:09:9a]

RSSI: -76 [da:ee:aa:ff:04:fb]

RSSI: -61 [da:ee:aa:ff:09:aa]

RSSI: -74 [da:ee:aa:ff:05:1b]

RSSI: -58 [da:ee:aa:ff:09:aa]

RSSI: -58 [da:ee:aa:ff:09:ca]

RSSI: -73 [da:ee:aa:ff:05:2b]

RSSI: -58 [da:ee:aa:ff:09:ca]

RSSI: -74 [da:ee:aa:ff:05:2b]

RSSI: -58 [da:ee:aa:ff:09:ca]

RSSI: -74 [da:ee:aa:ff:05:2b]

RSSI: -58 [da:ee:aa:ff:09:ca]

RSSI: -74 [da:ee:aa:ff:05:2b]

RSSI: -58 [da:ee:aa:ff:09:ca]

RSSI: -75 [da:ee:aa:ff:05:2b]

RSSI: -58 [da:ee:aa:ff:09:ca]

RSSI: -74 [da:ee:aa:ff:05:2b]

RSSI: -58 [da:ee:aa:ff:09:ca]

RSSI: -62 [da:ee:aa:ff:09:ea]

RSSI: -78 [da:ee:aa:ff:05:4b]

RSSI: -62 [da:ee:aa:ff:09:ea]

RSSI: -78 [da:ee:aa:ff:05:4b]

RSSI: -62 [da:ee:aa:ff:09:ea]

RSSI: -78 [da:ee:aa:ff:05:4b]

RSSI: -62 [da:ee:aa:ff:09:ea]

RSSI: -78 [da:ee:aa:ff:05:4b]

RSSI: -62 [da:ee:aa:ff:09:ea]

RSSI: -78 [da:ee:aa:ff:05:4b]

RSSI: -63 [da:ee:aa:ff:05:6b]

RSSI: -62 [da:ee:aa:ff:09:fa]

RSSI: -62 [da:ee:aa:ff:09:fa]

RSSI: -89 [da:ee:aa:ff:13:3c]

RSSI: -61 [da:ee:aa:ff:09:fa]

RSSI: -58 [da:ee:aa:ff:0a:2a]

RSSI: -74 [da:ee:aa:ff:05:ab]

RSSI: -58 [da:ee:aa:ff:0a:2a]

RSSI: -74 [da:ee:aa:ff:05:ab]

RSSI: -58 [da:ee:aa:ff:0a:2a]

RSSI: -75 [da:ee:aa:ff:05:ab]

RSSI: -58 [da:ee:aa:ff:0a:2a]

RSSI: -74 [da:ee:aa:ff:05:ab]

RSSI: -58 [da:ee:aa:ff:0a:2a]

RSSI: -94 [da:ee:aa:ff:13:6c]

RSSI: -75 [da:ee:aa:ff:05:bb]

RSSI: -74 [da:ee:aa:ff:05:bb]

RSSI: -58 [da:ee:aa:ff:0a:3a]

RSSI: -74 [da:ee:aa:ff:05:bb]

RSSI: -58 [da:ee:aa:ff:0a:3a]

RSSI: -62 [da:ee:aa:ff:0a:3a]

RSSI: -78 [da:ee:aa:ff:05:cb]

RSSI: -62 [da:ee:aa:ff:0a:5a]

RSSI: -78 [da:ee:aa:ff:05:cb]

RSSI: -62 [da:ee:aa:ff:0a:5a]

RSSI: -78 [da:ee:aa:ff:05:cb]

RSSI: -62 [da:ee:aa:ff:0a:5a]

RSSI: -78 [da:ee:aa:ff:05:cb]

RSSI: -62 [da:ee:aa:ff:0a:5a]

RSSI: -78 [da:ee:aa:ff:05:cb]

RSSI: -62 [da:ee:aa:ff:0a:5a]

RSSI: -77 [da:ee:aa:ff:05:cb]

RSSI: -78 [da:ee:aa:ff:05:cb]

RSSI: -78 [da:ee:aa:ff:05:cb]

RSSI: -62 [da:ee:aa:ff:0a:5a]

RSSI: -85 [da:ee:aa:ff:13:ac]

RSSI: -77 [da:ee:aa:ff:05:db]

RSSI: -87 [da:ee:aa:ff:13:ac]

RSSI: -76 [da:ee:aa:ff:05:db]

RSSI: -77 [da:ee:aa:ff:05:db]

RSSI: -61 [da:ee:aa:ff:0a:7a]

RSSI: -76 [da:ee:aa:ff:05:fb]

RSSI: -76 [da:ee:aa:ff:05:fb]

RSSI: -76 [da:ee:aa:ff:05:fb]

RSSI: -74 [da:ee:aa:ff:06:0b]

RSSI: -58 [da:ee:aa:ff:0a:aa]

RSSI: -74 [da:ee:aa:ff:06:0b]

RSSI: -74 [da:ee:aa:ff:06:0b]

RSSI: -74 [da:ee:aa:ff:06:0b]

RSSI: -74 [da:ee:aa:ff:06:0b]

RSSI: -75 [da:ee:aa:ff:06:0b]

RSSI: -57 [da:ee:aa:ff:0a:aa]

RSSI: -57 [da:ee:aa:ff:0a:aa]

RSSI: -74 [da:ee:aa:ff:06:2b]

RSSI: -64 [da:ee:aa:ff:0a:ca]

RSSI: -78 [da:ee:aa:ff:06:2b]

RSSI: -64 [da:ee:aa:ff:0a:ca]

RSSI: -64 [da:ee:aa:ff:0a:ca]

RSSI: -78 [da:ee:aa:ff:06:4b]

RSSI: -77 [da:ee:aa:ff:06:4b]

RSSI: -77 [da:ee:aa:ff:06:4b]

RSSI: -63 [da:ee:aa:ff:0a:da]

RSSI: -89 [da:ee:aa:ff:14:0c]

RSSI: -76 [da:ee:aa:ff:06:5b]

RSSI: -60 [da:ee:aa:ff:0a:ea]

RSSI: -77 [da:ee:aa:ff:06:5b]

RSSI: -60 [da:ee:aa:ff:0a:ea]

RSSI: -77 [da:ee:aa:ff:06:5b]

RSSI: -61 [da:ee:aa:ff:0a:ea]

RSSI: -77 [da:ee:aa:ff:06:5b]

RSSI: -60 [da:ee:aa:ff:0a:ea]

RSSI: -77 [da:ee:aa:ff:06:5b]

RSSI: -61 [da:ee:aa:ff:0a:ea]

RSSI: -77 [da:ee:aa:ff:06:5b]

RSSI: -61 [da:ee:aa:ff:0a:ea]

RSSI: -89 [da:ee:aa:ff:14:0c]

RSSI: -61 [da:ee:aa:ff:0a:ea]

RSSI: -89 [da:ee:aa:ff:14:0c]

RSSI: -77 [da:ee:aa:ff:06:7b]

RSSI: -61 [da:ee:aa:ff:0a:ea]

RSSI: -89 [da:ee:aa:ff:14:2c]

RSSI: -61 [da:ee:aa:ff:0a:ea]

RSSI: -70 [da:ee:aa:ff:06:7b]

RSSI: -57 [da:ee:aa:ff:0b:0a]

RSSI: -57 [da:ee:aa:ff:0b:0a]

RSSI: -57 [da:ee:aa:ff:0b:0a]

RSSI: -73 [da:ee:aa:ff:06:9b]

RSSI: -64 [da:ee:aa:ff:06:9b]

RSSI: -57 [da:ee:aa:ff:0b:1a]

RSSI: -57 [da:ee:aa:ff:0b:1a]

RSSI: -74 [da:ee:aa:ff:06:9b]

RSSI: -57 [da:ee:aa:ff:0b:1a]

RSSI: -74 [da:ee:aa:ff:06:9b]

RSSI: -63 [da:ee:aa:ff:0b:3a]

RSSI: -63 [da:ee:aa:ff:0b:3a]

RSSI: -77 [da:ee:aa:ff:06:ab]

RSSI: -64 [da:ee:aa:ff:0b:3a]

RSSI: -77 [da:ee:aa:ff:06:ab]

RSSI: -64 [da:ee:aa:ff:0b:3a]

RSSI: -77 [da:ee:aa:ff:06:ab]

RSSI: -64 [da:ee:aa:ff:0b:3a]

RSSI: -64 [da:ee:aa:ff:0b:3a]

RSSI: -77 [da:ee:aa:ff:06:cb]

RSSI: -64 [da:ee:aa:ff:0b:3a]

RSSI: -76 [da:ee:aa:ff:06:cb]

RSSI: -64 [da:ee:aa:ff:0b:3a]

RSSI: -77 [da:ee:aa:ff:06:cb]

RSSI: -64 [da:ee:aa:ff:0b:3a]

RSSI: -78 [da:ee:aa:ff:06:cb]

RSSI: -77 [da:ee:aa:ff:06:eb]

RSSI: -77 [da:ee:aa:ff:06:eb]

RSSI: -61 [da:ee:aa:ff:0b:5a]

RSSI: -77 [da:ee:aa:ff:06:eb]

RSSI: -86 [da:ee:aa:ff:14:7c]

RSSI: -76 [da:ee:aa:ff:06:eb]

RSSI: -87 [da:ee:aa:ff:14:7c]

RSSI: -77 [da:ee:aa:ff:06:eb]

RSSI: -61 [da:ee:aa:ff:0b:6a]

RSSI: -76 [da:ee:aa:ff:06:eb]

RSSI: -61 [da:ee:aa:ff:0b:6a]

RSSI: -77 [da:ee:aa:ff:06:eb]

RSSI: -61 [da:ee:aa:ff:0b:6a]

RSSI: -76 [da:ee:aa:ff:06:eb]

RSSI: -61 [da:ee:aa:ff:0b:6a]

RSSI: -57 [da:ee:aa:ff:0b:8a]

RSSI: -73 [da:ee:aa:ff:06:fb]

RSSI: -57 [da:ee:aa:ff:0b:8a]

RSSI: -74 [da:ee:aa:ff:06:fb]

RSSI: -57 [da:ee:aa:ff:0b:8a]

RSSI: -73 [da:ee:aa:ff:06:fb]

RSSI: -57 [da:ee:aa:ff:0b:8a]

RSSI: -57 [da:ee:aa:ff:0b:8a]

RSSI: -56 [da:ee:aa:ff:0b:8a]

RSSI: -74 [da:ee:aa:ff:07:1b]

RSSI: -57 [da:ee:aa:ff:0b:8a]

RSSI: -74 [da:ee:aa:ff:07:1b]

RSSI: -57 [da:ee:aa:ff:0b:8a]

RSSI: -73 [da:ee:aa:ff:07:1b]

RSSI: -57 [da:ee:aa:ff:0b:8a]

RSSI: -73 [da:ee:aa:ff:07:1b]

RSSI: -73 [da:ee:aa:ff:07:1b]

RSSI: -78 [da:ee:aa:ff:07:3b]

RSSI: -63 [da:ee:aa:ff:0b:aa]

RSSI: -77 [da:ee:aa:ff:07:3b]

RSSI: -64 [da:ee:aa:ff:0b:aa]

RSSI: -77 [da:ee:aa:ff:07:3b]

RSSI: -77 [da:ee:aa:ff:07:3b]

RSSI: -78 [da:ee:aa:ff:07:3b]

RSSI: -77 [da:ee:aa:ff:07:3b]

RSSI: -78 [da:ee:aa:ff:07:3b]

RSSI: -76 [da:ee:aa:ff:07:4b]

RSSI: -61 [da:ee:aa:ff:0b:da]

RSSI: -76 [da:ee:aa:ff:07:4b]

RSSI: -61 [da:ee:aa:ff:0b:da]

RSSI: -76 [da:ee:aa:ff:07:4b]

RSSI: -61 [da:ee:aa:ff:0b:da]

RSSI: -61 [da:ee:aa:ff:0b:da]

RSSI: -76 [da:ee:aa:ff:07:6b]

RSSI: -61 [da:ee:aa:ff:0b:da]

RSSI: -77 [da:ee:aa:ff:07:6b]

RSSI: -61 [da:ee:aa:ff:0b:da]

RSSI: -76 [da:ee:aa:ff:07:6b]

RSSI: -61 [da:ee:aa:ff:0b:da]

RSSI: -76 [da:ee:aa:ff:07:6b]

RSSI: -61 [da:ee:aa:ff:0b:da]

RSSI: -76 [da:ee:aa:ff:07:6b]

RSSI: -76 [da:ee:aa:ff:07:6b]

RSSI: -61 [da:ee:aa:ff:0b:fa]

RSSI: -57 [da:ee:aa:ff:0b:fa]

RSSI: -73 [da:ee:aa:ff:07:8b]

RSSI: -57 [da:ee:aa:ff:0b:fa]

RSSI: -74 [da:ee:aa:ff:07:8b]

RSSI: -74 [da:ee:aa:ff:07:8b]

RSSI: -73 [da:ee:aa:ff:07:8b]

RSSI: -74 [da:ee:aa:ff:07:8b]

RSSI: -57 [da:ee:aa:ff:0c:0a]

RSSI: -73 [da:ee:aa:ff:07:8b]

RSSI: -57 [da:ee:aa:ff:0c:0a]

RSSI: -57 [da:ee:aa:ff:0c:0a]

RSSI: -57 [da:ee:aa:ff:0c:0a]

RSSI: -73 [da:ee:aa:ff:07:9b]

RSSI: -57 [da:ee:aa:ff:0c:0a]

RSSI: -64 [da:ee:aa:ff:0c:1a]

RSSI: -64 [da:ee:aa:ff:0c:1a]

RSSI: -77 [da:ee:aa:ff:07:bb]

RSSI: -64 [da:ee:aa:ff:0c:1a]

RSSI: -73 [da:ee:aa:ff:07:bb]

RSSI: -64 [da:ee:aa:ff:0c:1a]

RSSI: -61 [da:ee:aa:ff:07:bb]

RSSI: -64 [da:ee:aa:ff:0c:1a]

RSSI: -71 [da:ee:aa:ff:07:bb]

RSSI: -64 [da:ee:aa:ff:0c:1a]

RSSI: -76 [da:ee:aa:ff:07:bb]

RSSI: -64 [da:ee:aa:ff:0c:1a]

RSSI: -61 [da:ee:aa:ff:07:bb]

RSSI: -63 [da:ee:aa:ff:0c:3a]

RSSI: -77 [da:ee:aa:ff:07:bb]

RSSI: -63 [da:ee:aa:ff:0c:3a]

RSSI: -60 [da:ee:aa:ff:0c:3a]

RSSI: -88 [da:ee:aa:ff:15:2c]

RSSI: -76 [da:ee:aa:ff:07:cb]

RSSI: -60 [da:ee:aa:ff:0c:3a]

RSSI: -89 [da:ee:aa:ff:15:2c]

RSSI: -76 [da:ee:aa:ff:07:cb]

RSSI: -75 [da:ee:aa:ff:07:cb]

RSSI: -77 [da:ee:aa:ff:07:cb]

RSSI: -60 [da:ee:aa:ff:0c:4a]

RSSI: -76 [da:ee:aa:ff:07:cb]

RSSI: -60 [da:ee:aa:ff:0c:4a]

RSSI: -89 [da:ee:aa:ff:15:4c]

RSSI: -60 [da:ee:aa:ff:0c:4a]

RSSI: -60 [da:ee:aa:ff:0c:4a]

RSSI: -60 [da:ee:aa:ff:0c:4a]

RSSI: -60 [da:ee:aa:ff:0c:4a]

RSSI: -56 [da:ee:aa:ff:0c:6a]

RSSI: -56 [da:ee:aa:ff:0c:6a]

RSSI: -56 [da:ee:aa:ff:0c:6a]

RSSI: -57 [da:ee:aa:ff:0c:6a]

RSSI: -56 [da:ee:aa:ff:0c:6a]

RSSI: -57 [da:ee:aa:ff:0c:6a]

RSSI: -73 [da:ee:aa:ff:07:fb]

RSSI: -56 [da:ee:aa:ff:0c:8a]

RSSI: -77 [da:ee:aa:ff:08:1b]

RSSI: -63 [da:ee:aa:ff:0c:8a]

RSSI: -77 [da:ee:aa:ff:08:1b]

RSSI: -77 [da:ee:aa:ff:08:1b]

RSSI: -76 [da:ee:aa:ff:08:1b]

RSSI: -63 [da:ee:aa:ff:0c:9a]

RSSI: -63 [da:ee:aa:ff:0c:9a]

RSSI: -63 [da:ee:aa:ff:0c:9a]

RSSI: -77 [da:ee:aa:ff:08:2b]

RSSI: -63 [da:ee:aa:ff:0c:9a]

RSSI: -63 [da:ee:aa:ff:0c:9a]

RSSI: -77 [da:ee:aa:ff:08:2b]

RSSI: -63 [da:ee:aa:ff:0c:9a]

RSSI: -77 [da:ee:aa:ff:08:2b]

RSSI: -63 [da:ee:aa:ff:0c:9a]

RSSI: -54 [da:ee:aa:ff:0c:ba]

RSSI: -47 [da:ee:aa:ff:0c:ba]

RSSI: -75 [da:ee:aa:ff:08:4b]

RSSI: -47 [da:ee:aa:ff:0c:da]

RSSI: -46 [da:ee:aa:ff:0c:da]

RSSI: -73 [da:ee:aa:ff:08:6b]

RSSI: -73 [da:ee:aa:ff:08:6b]

RSSI: -56 [da:ee:aa:ff:0c:ea]

RSSI: -56 [da:ee:aa:ff:0c:ea]

RSSI: -73 [da:ee:aa:ff:08:7b]

RSSI: -57 [da:ee:aa:ff:0c:ea]

RSSI: -73 [da:ee:aa:ff:08:7b]

RSSI: -56 [da:ee:aa:ff:0c:ea]

RSSI: -73 [da:ee:aa:ff:08:7b]

RSSI: -57 [da:ee:aa:ff:0c:ea]

RSSI: -73 [da:ee:aa:ff:08:7b]

RSSI: -56 [da:ee:aa:ff:0c:ea]

RSSI: -73 [da:ee:aa:ff:08:7b]

RSSI: -57 [da:ee:aa:ff:0c:ea]

RSSI: -62 [da:ee:aa:ff:0d:0a]

RSSI: -77 [da:ee:aa:ff:08:9b]

RSSI: -62 [da:ee:aa:ff:0d:0a]

RSSI: -77 [da:ee:aa:ff:08:9b]

RSSI: -62 [da:ee:aa:ff:0d:0a]

RSSI: -77 [da:ee:aa:ff:08:9b]

RSSI: -62 [da:ee:aa:ff:0d:0a]

RSSI: -77 [da:ee:aa:ff:08:9b]

RSSI: -62 [da:ee:aa:ff:0d:0a]

RSSI: -77 [da:ee:aa:ff:08:9b]

RSSI: -62 [da:ee:aa:ff:0d:0a]

RSSI: -77 [da:ee:aa:ff:08:9b]

RSSI: -90 [da:ee:aa:ff:16:0c]

RSSI: -77 [da:ee:aa:ff:08:9b]

RSSI: -62 [da:ee:aa:ff:0d:2a]

RSSI: -62 [da:ee:aa:ff:0d:2a]

RSSI: -62 [da:ee:aa:ff:0d:2a]

RSSI: -76 [da:ee:aa:ff:08:bb]

RSSI: -75 [da:ee:aa:ff:08:bb]

RSSI: -75 [da:ee:aa:ff:08:bb]

RSSI: -88 [da:ee:aa:ff:16:1c]

RSSI: -59 [da:ee:aa:ff:0d:4a]

RSSI: -88 [da:ee:aa:ff:16:1c]

RSSI: -59 [da:ee:aa:ff:0d:4a]

RSSI: -59 [da:ee:aa:ff:0d:4a]

RSSI: -59 [da:ee:aa:ff:0d:4a]

RSSI: -59 [da:ee:aa:ff:0d:4a]

RSSI: -88 [da:ee:aa:ff:16:3c]

RSSI: -56 [da:ee:aa:ff:0d:5a]

RSSI: -56 [da:ee:aa:ff:0d:5a]

RSSI: -56 [da:ee:aa:ff:0d:5a]

RSSI: -57 [da:ee:aa:ff:0d:5a]

RSSI: -56 [da:ee:aa:ff:0d:5a]

RSSI: -56 [da:ee:aa:ff:0d:5a]

RSSI: -56 [da:ee:aa:ff:0d:7a]

RSSI: -73 [da:ee:aa:ff:09:0b]

RSSI: -56 [da:ee:aa:ff:0d:7a]

RSSI: -73 [da:ee:aa:ff:09:0b]

RSSI: -56 [da:ee:aa:ff:0d:7a]

RSSI: -62 [da:ee:aa:ff:0d:8a]

RSSI: -77 [da:ee:aa:ff:09:1b]

RSSI: -88 [da:ee:aa:ff:16:6c]

RSSI: -62 [da:ee:aa:ff:0d:8a]

RSSI: -62 [da:ee:aa:ff:0d:8a]

RSSI: -77 [da:ee:aa:ff:09:1b]

RSSI: -61 [da:ee:aa:ff:0d:8a]

RSSI: -77 [da:ee:aa:ff:09:1b]

RSSI: -62 [da:ee:aa:ff:0d:8a]

RSSI: -77 [da:ee:aa:ff:09:1b]

RSSI: -61 [da:ee:aa:ff:0d:8a]

RSSI: -76 [da:ee:aa:ff:09:1b]

RSSI: -62 [da:ee:aa:ff:0d:8a]

RSSI: -77 [da:ee:aa:ff:09:1b]

RSSI: -62 [da:ee:aa:ff:0d:8a]

RSSI: -76 [da:ee:aa:ff:09:1b]

RSSI: -88 [da:ee:aa:ff:00:1c]

RSSI: -59 [da:ee:aa:ff:0d:aa]

RSSI: -74 [da:ee:aa:ff:09:3b]

RSSI: -59 [da:ee:aa:ff:0d:aa]

RSSI: -74 [da:ee:aa:ff:09:3b]

RSSI: -59 [da:ee:aa:ff:0d:aa]

RSSI: -74 [da:ee:aa:ff:09:3b]

RSSI: -59 [da:ee:aa:ff:0d:aa]

RSSI: -74 [da:ee:aa:ff:09:3b]

RSSI: -59 [da:ee:aa:ff:0d:aa]

RSSI: -74 [da:ee:aa:ff:09:3b]

RSSI: -88 [da:ee:aa:ff:00:1c]

RSSI: -59 [da:ee:aa:ff:0d:ca]

RSSI: -59 [da:ee:aa:ff:0d:ca]

RSSI: -59 [da:ee:aa:ff:0d:ca]

RSSI: -59 [da:ee:aa:ff:0d:ca]

RSSI: -72 [da:ee:aa:ff:09:6b]

RSSI: -72 [da:ee:aa:ff:09:6b]

RSSI: -73 [da:ee:aa:ff:09:6b]

RSSI: -72 [da:ee:aa:ff:09:6b]

RSSI: -72 [da:ee:aa:ff:09:6b]

RSSI: -72 [da:ee:aa:ff:09:6b]

RSSI: -76 [da:ee:aa:ff:09:8b]

RSSI: -88 [da:ee:aa:ff:00:5c]

RSSI: -76 [da:ee:aa:ff:09:8b]

RSSI: -61 [da:ee:aa:ff:0d:fa]

RSSI: -76 [da:ee:aa:ff:09:8b]

RSSI: -61 [da:ee:aa:ff:0d:fa]

RSSI: -75 [da:ee:aa:ff:09:8b]

RSSI: -62 [da:ee:aa:ff:0d:fa]

RSSI: -76 [da:ee:aa:ff:09:ab]

RSSI: -62 [da:ee:aa:ff:0e:1a]

RSSI: -76 [da:ee:aa:ff:09:ab]

RSSI: -76 [da:ee:aa:ff:09:ab]

RSSI: -62 [da:ee:aa:ff:0e:1a]

RSSI: -76 [da:ee:aa:ff:09:ab]

RSSI: -62 [da:ee:aa:ff:0e:1a]

RSSI: -73 [da:ee:aa:ff:09:bb]

RSSI: -59 [da:ee:aa:ff:0e:2a]

RSSI: -59 [da:ee:aa:ff:0e:2a]

RSSI: -58 [da:ee:aa:ff:0e:2a]

RSSI: -58 [da:ee:aa:ff:0e:2a]

RSSI: -59 [da:ee:aa:ff:0e:2a]

RSSI: -59 [da:ee:aa:ff:0e:2a]

RSSI: -89 [da:ee:aa:ff:00:8c]

RSSI: -58 [da:ee:aa:ff:0e:2a]

RSSI: -58 [da:ee:aa:ff:0e:2a]

RSSI: -56 [da:ee:aa:ff:0e:4a]

RSSI: -56 [da:ee:aa:ff:0e:4a]

RSSI: -71 [da:ee:aa:ff:09:fb]

RSSI: -54 [da:ee:aa:ff:09:fb]

RSSI: -56 [da:ee:aa:ff:0e:6a]

RSSI: -54 [da:ee:aa:ff:09:fb]

RSSI: -56 [da:ee:aa:ff:0e:6a]

RSSI: -58 [da:ee:aa:ff:09:fb]

RSSI: -56 [da:ee:aa:ff:0e:6a]

RSSI: -62 [da:ee:aa:ff:09:fb]

RSSI: -56 [da:ee:aa:ff:0e:6a]

RSSI: -71 [da:ee:aa:ff:09:fb]

RSSI: -61 [da:ee:aa:ff:0e:7a]

RSSI: -75 [da:ee:aa:ff:0a:0b]

RSSI: -61 [da:ee:aa:ff:0e:7a]

RSSI: -75 [da:ee:aa:ff:0a:0b]

RSSI: -61 [da:ee:aa:ff:0e:7a]

RSSI: -76 [da:ee:aa:ff:0a:0b]

RSSI: -61 [da:ee:aa:ff:0e:7a]

RSSI: -75 [da:ee:aa:ff:0a:0b]

RSSI: -61 [da:ee:aa:ff:0e:7a]

RSSI: -75 [da:ee:aa:ff:0a:0b]

RSSI: -61 [da:ee:aa:ff:0e:7a]

RSSI: -75 [da:ee:aa:ff:0a:0b]

RSSI: -61 [da:ee:aa:ff:0e:7a]

RSSI: -75 [da:ee:aa:ff:0a:2b]

RSSI: -61 [da:ee:aa:ff:0e:9a]

RSSI: -75 [da:ee:aa:ff:0a:2b]

RSSI: -73 [da:ee:aa:ff:0a:2b]

RSSI: -57 [da:ee:aa:ff:0e:9a]

RSSI: -73 [da:ee:aa:ff:0a:2b]

RSSI: -57 [da:ee:aa:ff:0e:9a]

RSSI: -57 [da:ee:aa:ff:0e:9a]

RSSI: -71 [da:ee:aa:ff:0a:5b]

RSSI: -56 [da:ee:aa:ff:0e:ca]

RSSI: -71 [da:ee:aa:ff:0a:5b]

RSSI: -56 [da:ee:aa:ff:0e:ca]

RSSI: -71 [da:ee:aa:ff:0a:5b]

RSSI: -56 [da:ee:aa:ff:0e:ca]

RSSI: -71 [da:ee:aa:ff:0a:5b]

RSSI: -56 [da:ee:aa:ff:0e:ca]

RSSI: -71 [da:ee:aa:ff:0a:5b]

RSSI: -56 [da:ee:aa:ff:0e:ca]

RSSI: -56 [da:ee:aa:ff:0e:ca]

RSSI: -71 [da:ee:aa:ff:0a:6b]

RSSI: -72 [da:ee:aa:ff:0a:6b]

RSSI: -72 [da:ee:aa:ff:0a:6b]

RSSI: -56 [da:ee:aa:ff:0e:da]

RSSI: -61 [da:ee:aa:ff:0e:da]

RSSI: -74 [da:ee:aa:ff:0a:8b]

RSSI: -61 [da:ee:aa:ff:0e:da]

RSSI: -75 [da:ee:aa:ff:0a:8b]

RSSI: -75 [da:ee:aa:ff:0a:8b]

RSSI: -60 [da:ee:aa:ff:0e:ea]

RSSI: -87 [da:ee:aa:ff:01:1c]

RSSI: -75 [da:ee:aa:ff:0a:8b]

RSSI: -60 [da:ee:aa:ff:0e:ea]

RSSI: -75 [da:ee:aa:ff:0a:8b]

RSSI: -55 [da:ee:aa:ff:0e:ea]

RSSI: -75 [da:ee:aa:ff:0a:8b]

RSSI: -59 [da:ee:aa:ff:0e:ea]

RSSI: -74 [da:ee:aa:ff:0a:8b]

RSSI: -49 [da:ee:aa:ff:0e:ea]

RSSI: -75 [da:ee:aa:ff:0a:8b]

RSSI: -73 [da:ee:aa:ff:0a:9b]

RSSI: -73 [da:ee:aa:ff:0a:9b]

RSSI: -72 [da:ee:aa:ff:0a:9b]

RSSI: -72 [da:ee:aa:ff:0a:9b]

RSSI: -56 [da:ee:aa:ff:0e:fa]

RSSI: -88 [da:ee:aa:ff:01:4c]

RSSI: -56 [da:ee:aa:ff:0e:fa]

RSSI: -72 [da:ee:aa:ff:0a:bb]

RSSI: -56 [da:ee:aa:ff:0e:fa]

RSSI: -72 [da:ee:aa:ff:0a:bb]

RSSI: -73 [da:ee:aa:ff:0a:bb]

RSSI: -56 [da:ee:aa:ff:0f:0a]

RSSI: -72 [da:ee:aa:ff:0a:bb]

RSSI: -56 [da:ee:aa:ff:0f:0a]

RSSI: -56 [da:ee:aa:ff:0f:0a]

RSSI: -71 [da:ee:aa:ff:0a:db]

RSSI: -56 [da:ee:aa:ff:0f:0a]

RSSI: -71 [da:ee:aa:ff:0a:db]

RSSI: -56 [da:ee:aa:ff:0f:0a]

RSSI: -71 [da:ee:aa:ff:0a:db]

RSSI: -72 [da:ee:aa:ff:0a:db]

RSSI: -56 [da:ee:aa:ff:0f:2a]

RSSI: -71 [da:ee:aa:ff:0a:db]

RSSI: -56 [da:ee:aa:ff:0f:2a]

RSSI: -71 [da:ee:aa:ff:0a:db]

RSSI: -56 [da:ee:aa:ff:0f:2a]

RSSI: -71 [da:ee:aa:ff:0a:db]

RSSI: -56 [da:ee:aa:ff:0f:2a]

RSSI: -56 [da:ee:aa:ff:0f:2a]

RSSI: -56 [da:ee:aa:ff:0f:2a]

RSSI: -58 [da:ee:aa:ff:0a:eb]

RSSI: -87 [da:ee:aa:ff:01:8c]

RSSI: -74 [da:ee:aa:ff:0a:eb]

RSSI: -60 [da:ee:aa:ff:0f:3a]

RSSI: -57 [da:ee:aa:ff:0b:0b]

RSSI: -60 [da:ee:aa:ff:0f:3a]

RSSI: -66 [da:ee:aa:ff:0b:0b]

RSSI: -60 [da:ee:aa:ff:0f:3a]

RSSI: -60 [da:ee:aa:ff:0b:0b]

RSSI: -60 [da:ee:aa:ff:0f:5a]

RSSI: -74 [da:ee:aa:ff:0b:0b]

RSSI: -60 [da:ee:aa:ff:0f:5a]

RSSI: -58 [da:ee:aa:ff:0b:0b]

RSSI: -60 [da:ee:aa:ff:0f:5a]

RSSI: -72 [da:ee:aa:ff:0b:2b]

RSSI: -56 [da:ee:aa:ff:0f:5a]

RSSI: -86 [da:ee:aa:ff:01:ac]

RSSI: -72 [da:ee:aa:ff:0b:2b]

RSSI: -56 [da:ee:aa:ff:0f:5a]

RSSI: -72 [da:ee:aa:ff:0b:2b]

RSSI: -72 [da:ee:aa:ff:0b:2b]

RSSI: -56 [da:ee:aa:ff:0f:7a]

RSSI: -72 [da:ee:aa:ff:0b:2b]

RSSI: -56 [da:ee:aa:ff:0f:7a]

RSSI: -72 [da:ee:aa:ff:0b:2b]

RSSI: -56 [da:ee:aa:ff:0f:7a]

RSSI: -72 [da:ee:aa:ff:0b:2b]

RSSI: -56 [da:ee:aa:ff:0f:7a]

RSSI: -56 [da:ee:aa:ff:0f:7a]

RSSI: -72 [da:ee:aa:ff:0b:3b]

RSSI: -87 [da:ee:aa:ff:01:bc]

RSSI: -56 [da:ee:aa:ff:0f:8a]

RSSI: -72 [da:ee:aa:ff:0b:3b]

RSSI: -55 [da:ee:aa:ff:0f:8a]

RSSI: -56 [da:ee:aa:ff:0f:8a]

RSSI: -56 [da:ee:aa:ff:0f:8a]

RSSI: -72 [da:ee:aa:ff:0b:5b]

RSSI: -72 [da:ee:aa:ff:0b:5b]

RSSI: -56 [da:ee:aa:ff:0f:8a]

RSSI: -72 [da:ee:aa:ff:0b:5b]

RSSI: -71 [da:ee:aa:ff:0b:5b]

RSSI: -72 [da:ee:aa:ff:0b:5b]

RSSI: -56 [da:ee:aa:ff:0f:9a]

RSSI: -72 [da:ee:aa:ff:0b:5b]

RSSI: -56 [da:ee:aa:ff:0f:9a]

RSSI: -71 [da:ee:aa:ff:0b:5b]

RSSI: -60 [da:ee:aa:ff:0f:9a]

RSSI: -74 [da:ee:aa:ff:0b:7b]

RSSI: -74 [da:ee:aa:ff:0b:7b]

RSSI: -60 [da:ee:aa:ff:0f:ba]

RSSI: -75 [da:ee:aa:ff:0b:7b]

RSSI: -60 [da:ee:aa:ff:0f:ba]

RSSI: -74 [da:ee:aa:ff:0b:7b]

RSSI: -60 [da:ee:aa:ff:0f:ba]

RSSI: -74 [da:ee:aa:ff:0b:7b]

RSSI: -59 [da:ee:aa:ff:0f:ba]

RSSI: -60 [da:ee:aa:ff:0f:ba]

RSSI: -74 [da:ee:aa:ff:0b:8b]

RSSI: -60 [da:ee:aa:ff:0f:ba]

RSSI: -74 [da:ee:aa:ff:0b:8b]

RSSI: -60 [da:ee:aa:ff:0f:ba]

RSSI: -74 [da:ee:aa:ff:0b:8b]

RSSI: -60 [da:ee:aa:ff:0f:ba]

RSSI: -72 [da:ee:aa:ff:0b:8b]

RSSI: -56 [da:ee:aa:ff:0f:ca]

RSSI: -56 [da:ee:aa:ff:0f:ca]

RSSI: -72 [da:ee:aa:ff:0b:ab]

RSSI: -56 [da:ee:aa:ff:0f:ca]

RSSI: -72 [da:ee:aa:ff:0b:ab]

RSSI: -56 [da:ee:aa:ff:0f:ca]

RSSI: -72 [da:ee:aa:ff:0b:ab]

RSSI: -56 [da:ee:aa:ff:0f:ca]

RSSI: -88 [da:ee:aa:ff:02:2c]

RSSI: -72 [da:ee:aa:ff:0b:ab]

RSSI: -56 [da:ee:aa:ff:0f:ca]

RSSI: -88 [da:ee:aa:ff:02:2c]

RSSI: -72 [da:ee:aa:ff:0b:ab]

RSSI: -87 [da:ee:aa:ff:02:2c]

RSSI: -72 [da:ee:aa:ff:0b:ab]

RSSI: -56 [da:ee:aa:ff:0f:ea]

RSSI: -72 [da:ee:aa:ff:0b:ab]

RSSI: -72 [da:ee:aa:ff:0b:ab]

RSSI: -43 [da:ee:aa:ff:0f:ea]

RSSI: -72 [da:ee:aa:ff:0b:cb]

RSSI: -55 [da:ee:aa:ff:0f:ea]

RSSI: -72 [da:ee:aa:ff:0b:cb]

RSSI: -72 [da:ee:aa:ff:0b:cb]

RSSI: -55 [da:ee:aa:ff:10:0a]

RSSI: -72 [da:ee:aa:ff:0b:cb]

RSSI: -50 [da:ee:aa:ff:10:0a]

RSSI: -55 [da:ee:aa:ff:10:0a]

RSSI: -55 [da:ee:aa:ff:10:0a]

RSSI: -60 [da:ee:aa:ff:10:1a]

RSSI: -60 [da:ee:aa:ff:10:1a]

RSSI: -60 [da:ee:aa:ff:10:1a]

RSSI: -60 [da:ee:aa:ff:10:1a]

RSSI: -59 [da:ee:aa:ff:10:1a]

RSSI: -87 [da:ee:aa:ff:02:7c]

RSSI: -60 [da:ee:aa:ff:10:3a]

RSSI: -60 [da:ee:aa:ff:10:3a]

RSSI: -59 [da:ee:aa:ff:10:3a]

RSSI: -60 [da:ee:aa:ff:10:3a]

RSSI: -62 [da:ee:aa:ff:0c:1b]

RSSI: -87 [da:ee:aa:ff:02:9c]

RSSI: -67 [da:ee:aa:ff:0c:1b]

RSSI: -72 [da:ee:aa:ff:0c:1b]

RSSI: -55 [da:ee:aa:ff:0c:2b]

RSSI: -63 [da:ee:aa:ff:0c:2b]

RSSI: -87 [da:ee:aa:ff:02:ac]

RSSI: -69 [da:ee:aa:ff:0c:2b]

RSSI: -71 [da:ee:aa:ff:0c:2b]

RSSI: -62 [da:ee:aa:ff:0c:2b]

RSSI: -55 [da:ee:aa:ff:10:6a]

RSSI: -56 [da:ee:aa:ff:10:6a]

RSSI: -55 [da:ee:aa:ff:10:6a]

RSSI: -55 [da:ee:aa:ff:10:6a]

RSSI: -72 [da:ee:aa:ff:0c:3b]

RSSI: -72 [da:ee:aa:ff:0c:3b]

RSSI: -72 [da:ee:aa:ff:0c:3b]

RSSI: -75 [da:ee:aa:ff:0c:4b]

RSSI: -60 [da:ee:aa:ff:10:9a]

RSSI: -60 [da:ee:aa:ff:10:9a]

RSSI: -88 [da:ee:aa:ff:02:ec]

RSSI: -87 [da:ee:aa:ff:02:ec]

RSSI: -74 [da:ee:aa:ff:0c:6b]

RSSI: -60 [da:ee:aa:ff:10:9a]

RSSI: -74 [da:ee:aa:ff:0c:6b]

RSSI: -60 [da:ee:aa:ff:10:9a]

RSSI: -74 [da:ee:aa:ff:0c:6b]

RSSI: -60 [da:ee:aa:ff:10:9a]

RSSI: -74 [da:ee:aa:ff:0c:6b]

RSSI: -60 [da:ee:aa:ff:10:9a]

RSSI: -74 [da:ee:aa:ff:0c:6b]

RSSI: -60 [da:ee:aa:ff:10:9a]

RSSI: -74 [da:ee:aa:ff:0c:6b]

RSSI: -55 [da:ee:aa:ff:10:ba]

RSSI: -55 [da:ee:aa:ff:10:ba]

RSSI: -55 [da:ee:aa:ff:10:ba]

RSSI: -73 [da:ee:aa:ff:0c:7b]

RSSI: -55 [da:ee:aa:ff:10:ba]

RSSI: -72 [da:ee:aa:ff:0c:7b]

RSSI: -56 [da:ee:aa:ff:10:da]

RSSI: -73 [da:ee:aa:ff:0c:7b]

RSSI: -56 [da:ee:aa:ff:10:da]

RSSI: -85 [da:ee:aa:ff:03:0c]

RSSI: -55 [da:ee:aa:ff:10:da]

RSSI: -72 [da:ee:aa:ff:0c:8b]

RSSI: -76 [da:ee:aa:ff:03:0c]

RSSI: -55 [da:ee:aa:ff:10:da]

RSSI: -55 [da:ee:aa:ff:10:da]

RSSI: -56 [da:ee:aa:ff:10:ea]

RSSI: -56 [da:ee:aa:ff:10:ea]

RSSI: -71 [da:ee:aa:ff:0c:ab]

RSSI: -71 [da:ee:aa:ff:0c:ab]

RSSI: -53 [da:ee:aa:ff:10:fa]

RSSI: -74 [da:ee:aa:ff:0c:cb]

RSSI: -47 [da:ee:aa:ff:10:fa]

RSSI: -74 [da:ee:aa:ff:0c:cb]

RSSI: -47 [da:ee:aa:ff:10:fa]

RSSI: -74 [da:ee:aa:ff:0c:cb]

RSSI: -73 [da:ee:aa:ff:0c:cb]

RSSI: -48 [da:ee:aa:ff:11:0a]

RSSI: -74 [da:ee:aa:ff:0c:db]

RSSI: -55 [da:ee:aa:ff:11:0a]

RSSI: -74 [da:ee:aa:ff:0c:db]

RSSI: -61 [da:ee:aa:ff:11:0a]

RSSI: -47 [da:ee:aa:ff:11:0a]

RSSI: -74 [da:ee:aa:ff:0c:db]

RSSI: -56 [da:ee:aa:ff:11:2a]

RSSI: -87 [da:ee:aa:ff:03:6c]

RSSI: -55 [da:ee:aa:ff:11:2a]

RSSI: -72 [da:ee:aa:ff:0c:eb]

RSSI: -55 [da:ee:aa:ff:11:2a]

RSSI: -73 [da:ee:aa:ff:0c:eb]

RSSI: -55 [da:ee:aa:ff:11:2a]

RSSI: -72 [da:ee:aa:ff:0c:eb]

RSSI: -55 [da:ee:aa:ff:11:2a]

RSSI: -72 [da:ee:aa:ff:0c:eb]

RSSI: -56 [da:ee:aa:ff:11:2a]

RSSI: -72 [da:ee:aa:ff:0c:eb]

RSSI: -55 [da:ee:aa:ff:11:2a]

RSSI: -73 [da:ee:aa:ff:0c:eb]

RSSI: -56 [da:ee:aa:ff:11:2a]

RSSI: -72 [da:ee:aa:ff:0c:eb]

RSSI: -73 [da:ee:aa:ff:0c:eb]

RSSI: -63 [da:ee:aa:ff:0d:0b]

RSSI: -72 [da:ee:aa:ff:0d:0b]

RSSI: -54 [da:ee:aa:ff:0d:0b]

RSSI: -59 [da:ee:aa:ff:0d:0b]

RSSI: -55 [da:ee:aa:ff:11:5a]

RSSI: -74 [da:ee:aa:ff:0d:4b]

RSSI: -61 [da:ee:aa:ff:11:7a]

RSSI: -75 [da:ee:aa:ff:0d:4b]

RSSI: -61 [da:ee:aa:ff:11:7a]

RSSI: -74 [da:ee:aa:ff:0d:4b]

RSSI: -61 [da:ee:aa:ff:11:7a]

RSSI: -74 [da:ee:aa:ff:0d:4b]

RSSI: -61 [da:ee:aa:ff:11:7a]

RSSI: -74 [da:ee:aa:ff:0d:4b]

RSSI: -61 [da:ee:aa:ff:11:7a]

RSSI: -74 [da:ee:aa:ff:0d:4b]

RSSI: -61 [da:ee:aa:ff:11:7a]

RSSI: -74 [da:ee:aa:ff:0d:4b]

RSSI: -61 [da:ee:aa:ff:11:7a]

RSSI: -75 [da:ee:aa:ff:0d:4b]

RSSI: -88 [da:ee:aa:ff:03:bc]

RSSI: -75 [da:ee:aa:ff:0d:6b]

RSSI: -56 [da:ee:aa:ff:11:8a]

RSSI: -73 [da:ee:aa:ff:0d:6b]

RSSI: -55 [da:ee:aa:ff:11:8a]

RSSI: -73 [da:ee:aa:ff:0d:6b]

RSSI: -55 [da:ee:aa:ff:11:8a]

RSSI: -72 [da:ee:aa:ff:0d:6b]

RSSI: -56 [da:ee:aa:ff:11:aa]

RSSI: -73 [da:ee:aa:ff:0d:8b]

RSSI: -55 [da:ee:aa:ff:11:aa]

RSSI: -73 [da:ee:aa:ff:0d:8b]

RSSI: -56 [da:ee:aa:ff:11:aa]

RSSI: -73 [da:ee:aa:ff:0d:8b]

RSSI: -56 [da:ee:aa:ff:11:aa]

RSSI: -73 [da:ee:aa:ff:0d:8b]

RSSI: -56 [da:ee:aa:ff:11:aa]

RSSI: -73 [da:ee:aa:ff:0d:8b]

RSSI: -56 [da:ee:aa:ff:11:aa]

RSSI: -73 [da:ee:aa:ff:0d:8b]

RSSI: -72 [da:ee:aa:ff:0d:9b]

RSSI: -72 [da:ee:aa:ff:0d:9b]

RSSI: -72 [da:ee:aa:ff:0d:9b]

RSSI: -72 [da:ee:aa:ff:0d:9b]

RSSI: -72 [da:ee:aa:ff:0d:9b]

RSSI: -72 [da:ee:aa:ff:0d:9b]

RSSI: -72 [da:ee:aa:ff:0d:bb]

RSSI: -72 [da:ee:aa:ff:0d:bb]

RSSI: -74 [da:ee:aa:ff:0d:bb]

RSSI: -61 [da:ee:aa:ff:11:ea]

RSSI: -75 [da:ee:aa:ff:0d:bb]

RSSI: -61 [da:ee:aa:ff:11:ea]

RSSI: -74 [da:ee:aa:ff:0d:cb]

RSSI: -61 [da:ee:aa:ff:12:0a]

RSSI: -74 [da:ee:aa:ff:0d:cb]

RSSI: -61 [da:ee:aa:ff:12:0a]

RSSI: -74 [da:ee:aa:ff:0d:cb]

RSSI: -61 [da:ee:aa:ff:12:0a]

RSSI: -73 [da:ee:aa:ff:0d:cb]

RSSI: -61 [da:ee:aa:ff:12:0a]

RSSI: -74 [da:ee:aa:ff:0d:cb]

RSSI: -61 [da:ee:aa:ff:12:0a]

RSSI: -75 [da:ee:aa:ff:0d:cb]

RSSI: -61 [da:ee:aa:ff:12:0a]

RSSI: -74 [da:ee:aa:ff:0d:cb]

RSSI: -61 [da:ee:aa:ff:12:0a]

RSSI: -72 [da:ee:aa:ff:0d:db]

RSSI: -52 [da:ee:aa:ff:12:2a]

RSSI: -73 [da:ee:aa:ff:0d:db]

RSSI: -87 [da:ee:aa:ff:04:2c]

RSSI: -42 [da:ee:aa:ff:12:2a]

RSSI: -72 [da:ee:aa:ff:0d:db]

RSSI: -54 [da:ee:aa:ff:12:2a]

RSSI: -72 [da:ee:aa:ff:0d:db]

RSSI: -56 [da:ee:aa:ff:12:2a]

RSSI: -73 [da:ee:aa:ff:0d:db]

RSSI: -72 [da:ee:aa:ff:0d:db]

RSSI: -56 [da:ee:aa:ff:12:2a]

RSSI: -73 [da:ee:aa:ff:0d:fb]

RSSI: -73 [da:ee:aa:ff:0d:fb]

RSSI: -73 [da:ee:aa:ff:0d:fb]

RSSI: -45 [da:ee:aa:ff:12:3a]

RSSI: -55 [da:ee:aa:ff:12:3a]

RSSI: -72 [da:ee:aa:ff:0e:1b]

RSSI: -55 [da:ee:aa:ff:12:5a]

RSSI: -72 [da:ee:aa:ff:0e:1b]

RSSI: -55 [da:ee:aa:ff:12:5a]

RSSI: -72 [da:ee:aa:ff:0e:1b]

RSSI: -56 [da:ee:aa:ff:12:5a]

RSSI: -72 [da:ee:aa:ff:0e:1b]

RSSI: -56 [da:ee:aa:ff:12:5a]

RSSI: -72 [da:ee:aa:ff:0e:1b]

RSSI: -55 [da:ee:aa:ff:12:5a]

RSSI: -72 [da:ee:aa:ff:0e:1b]

RSSI: -55 [da:ee:aa:ff:12:5a]

RSSI: -56 [da:ee:aa:ff:12:5a]

RSSI: -61 [da:ee:aa:ff:12:7a]

RSSI: -66 [da:ee:aa:ff:0e:2b]

RSSI: -60 [da:ee:aa:ff:12:7a]

RSSI: -60 [da:ee:aa:ff:12:7a]

RSSI: -60 [da:ee:aa:ff:12:7a]

RSSI: -74 [da:ee:aa:ff:0e:2b]

RSSI: -60 [da:ee:aa:ff:12:7a]

RSSI: -60 [da:ee:aa:ff:12:7a]

RSSI: -57 [da:ee:aa:ff:0e:4b]

RSSI: -60 [da:ee:aa:ff:12:8a]

RSSI: -57 [da:ee:aa:ff:0e:4b]

RSSI: -60 [da:ee:aa:ff:12:8a]

RSSI: -57 [da:ee:aa:ff:0e:4b]

RSSI: -56 [da:ee:aa:ff:12:8a]

RSSI: -73 [da:ee:aa:ff:0e:6b]

RSSI: -55 [da:ee:aa:ff:12:8a]

RSSI: -73 [da:ee:aa:ff:0e:6b]

RSSI: -55 [da:ee:aa:ff:12:9a]

RSSI: -72 [da:ee:aa:ff:0e:6b]

RSSI: -56 [da:ee:aa:ff:12:9a]

RSSI: -72 [da:ee:aa:ff:0e:6b]

RSSI: -73 [da:ee:aa:ff:0e:6b]

RSSI: -56 [da:ee:aa:ff:12:9a]

RSSI: -72 [da:ee:aa:ff:0e:6b]

RSSI: -56 [da:ee:aa:ff:12:9a]

RSSI: -72 [da:ee:aa:ff:0e:6b]

RSSI: -56 [da:ee:aa:ff:12:9a]

RSSI: -72 [da:ee:aa:ff:0e:6b]

RSSI: -56 [da:ee:aa:ff:12:9a]

RSSI: -72 [da:ee:aa:ff:0e:7b]

RSSI: -55 [da:ee:aa:ff:12:ba]

RSSI: -72 [da:ee:aa:ff:0e:7b]

RSSI: -55 [da:ee:aa:ff:12:ba]

RSSI: -72 [da:ee:aa:ff:0e:7b]

RSSI: -55 [da:ee:aa:ff:12:ba]

RSSI: -55 [da:ee:aa:ff:12:ba]

RSSI: -55 [da:ee:aa:ff:12:ba]

RSSI: -72 [da:ee:aa:ff:0e:9b]

RSSI: -72 [da:ee:aa:ff:0e:9b]

RSSI: -72 [da:ee:aa:ff:0e:9b]

RSSI: -72 [da:ee:aa:ff:0e:9b]

RSSI: -55 [da:ee:aa:ff:12:ca]

RSSI: -72 [da:ee:aa:ff:0e:9b]

RSSI: -55 [da:ee:aa:ff:12:ca]

RSSI: -61 [da:ee:aa:ff:12:ca]

RSSI: -74 [da:ee:aa:ff:0e:bb]

RSSI: -74 [da:ee:aa:ff:0e:bb]

RSSI: -61 [da:ee:aa:ff:12:ea]

RSSI: -74 [da:ee:aa:ff:0e:bb]

RSSI: -61 [da:ee:aa:ff:12:ea]

RSSI: -74 [da:ee:aa:ff:0e:bb]

RSSI: -61 [da:ee:aa:ff:12:ea]

RSSI: -74 [da:ee:aa:ff:0e:bb]

RSSI: -61 [da:ee:aa:ff:12:ea]

RSSI: -74 [da:ee:aa:ff:0e:bb]

RSSI: -61 [da:ee:aa:ff:12:ea]

RSSI: -61 [da:ee:aa:ff:12:ea]

RSSI: -61 [da:ee:aa:ff:12:ea]

RSSI: -74 [da:ee:aa:ff:0e:cb]

RSSI: -55 [da:ee:aa:ff:13:0a]

RSSI: -56 [da:ee:aa:ff:13:0a]

RSSI: -56 [da:ee:aa:ff:13:0a]

RSSI: -73 [da:ee:aa:ff:0e:eb]

RSSI: -56 [da:ee:aa:ff:13:0a]

RSSI: -56 [da:ee:aa:ff:13:0a]

RSSI: -73 [da:ee:aa:ff:0e:eb]

RSSI: -56 [da:ee:aa:ff:13:1a]

RSSI: -73 [da:ee:aa:ff:0e:eb]

RSSI: -56 [da:ee:aa:ff:13:1a]

RSSI: -72 [da:ee:aa:ff:0f:0b]

RSSI: -72 [da:ee:aa:ff:0f:0b]

RSSI: -72 [da:ee:aa:ff:0f:0b]

RSSI: -55 [da:ee:aa:ff:13:3a]

RSSI: -72 [da:ee:aa:ff:0f:0b]

RSSI: -72 [da:ee:aa:ff:0f:0b]

RSSI: -72 [da:ee:aa:ff:0f:0b]

RSSI: -75 [da:ee:aa:ff:0f:2b]

RSSI: -53 [da:ee:aa:ff:13:5a]

RSSI: -61 [da:ee:aa:ff:13:5a]

RSSI: -61 [da:ee:aa:ff:13:5a]

RSSI: -61 [da:ee:aa:ff:13:5a]

RSSI: -74 [da:ee:aa:ff:0f:4b]

RSSI: -75 [da:ee:aa:ff:0f:4b]

RSSI: -61 [da:ee:aa:ff:13:6a]

RSSI: -61 [da:ee:aa:ff:13:6a]

RSSI: -61 [da:ee:aa:ff:13:6a]

RSSI: -60 [da:ee:aa:ff:0f:6b]

RSSI: -56 [da:ee:aa:ff:13:8a]

RSSI: -56 [da:ee:aa:ff:13:8a]

RSSI: -56 [da:ee:aa:ff:13:8a]

RSSI: -57 [da:ee:aa:ff:0f:7b]

RSSI: -56 [da:ee:aa:ff:13:8a]

RSSI: -56 [da:ee:aa:ff:13:8a]

RSSI: -72 [da:ee:aa:ff:0f:7b]

RSSI: -56 [da:ee:aa:ff:13:8a]

RSSI: -55 [da:ee:aa:ff:13:aa]

RSSI: -56 [da:ee:aa:ff:13:aa]

RSSI: -72 [da:ee:aa:ff:0f:9b]

RSSI: -55 [da:ee:aa:ff:13:aa]

RSSI: -72 [da:ee:aa:ff:0f:9b]

RSSI: -55 [da:ee:aa:ff:13:aa]

RSSI: -72 [da:ee:aa:ff:0f:9b]

RSSI: -72 [da:ee:aa:ff:0f:9b]

RSSI: -72 [da:ee:aa:ff:0f:9b]

RSSI: -72 [da:ee:aa:ff:0f:9b]

RSSI: -55 [da:ee:aa:ff:13:ca]

RSSI: -72 [da:ee:aa:ff:0f:9b]

RSSI: -55 [da:ee:aa:ff:13:ca]

RSSI: -72 [da:ee:aa:ff:0f:9b]

RSSI: -55 [da:ee:aa:ff:13:ca]

RSSI: -74 [da:ee:aa:ff:0f:bb]

RSSI: -61 [da:ee:aa:ff:13:ea]

RSSI: -74 [da:ee:aa:ff:0f:bb]

RSSI: -61 [da:ee:aa:ff:13:ea]

RSSI: -75 [da:ee:aa:ff:0f:bb]

RSSI: -61 [da:ee:aa:ff:13:ea]

RSSI: -74 [da:ee:aa:ff:0f:bb]

RSSI: -61 [da:ee:aa:ff:13:ea]

RSSI: -61 [da:ee:aa:ff:13:ea]

RSSI: -61 [da:ee:aa:ff:13:ea]

RSSI: -61 [da:ee:aa:ff:13:ea]

RSSI: -61 [da:ee:aa:ff:13:ea]

RSSI: -61 [da:ee:aa:ff:13:ea]

RSSI: -72 [da:ee:aa:ff:0f:eb]

RSSI: -56 [da:ee:aa:ff:14:0a]

RSSI: -72 [da:ee:aa:ff:0f:eb]

RSSI: -56 [da:ee:aa:ff:14:0a]

RSSI: -72 [da:ee:aa:ff:0f:eb]

RSSI: -56 [da:ee:aa:ff:14:0a]

RSSI: -72 [da:ee:aa:ff:0f:eb]

RSSI: -56 [da:ee:aa:ff:14:0a]

RSSI: -72 [da:ee:aa:ff:0f:eb]

RSSI: -72 [da:ee:aa:ff:0f:eb]

RSSI: -73 [da:ee:aa:ff:0f:eb]

RSSI: -56 [da:ee:aa:ff:14:2a]

RSSI: -72 [da:ee:aa:ff:0f:eb]

RSSI: -56 [da:ee:aa:ff:14:2a]

RSSI: -72 [da:ee:aa:ff:0f:eb]

RSSI: -55 [da:ee:aa:ff:14:2a]

RSSI: -56 [da:ee:aa:ff:14:2a]

RSSI: -72 [da:ee:aa:ff:10:0b]

RSSI: -55 [da:ee:aa:ff:14:4a]

RSSI: -72 [da:ee:aa:ff:10:0b]

RSSI: -55 [da:ee:aa:ff:14:4a]

RSSI: -56 [da:ee:aa:ff:14:4a]

RSSI: -55 [da:ee:aa:ff:14:4a]

RSSI: -55 [da:ee:aa:ff:14:4a]

RSSI: -72 [da:ee:aa:ff:10:1b]

RSSI: -55 [da:ee:aa:ff:14:4a]

RSSI: -72 [da:ee:aa:ff:10:1b]

RSSI: -55 [da:ee:aa:ff:14:4a]

RSSI: -72 [da:ee:aa:ff:10:1b]

RSSI: -55 [da:ee:aa:ff:14:4a]

RSSI: -72 [da:ee:aa:ff:10:1b]

RSSI: -55 [da:ee:aa:ff:14:4a]

RSSI: -72 [da:ee:aa:ff:10:1b]

RSSI: -74 [da:ee:aa:ff:10:3b]

RSSI: -74 [da:ee:aa:ff:10:3b]

RSSI: -74 [da:ee:aa:ff:10:3b]

RSSI: -74 [da:ee:aa:ff:10:3b]

RSSI: -74 [da:ee:aa:ff:10:3b]

RSSI: -74 [da:ee:aa:ff:10:3b]

RSSI: -74 [da:ee:aa:ff:10:3b]

RSSI: -54 [da:ee:aa:ff:14:7a]

RSSI: -74 [da:ee:aa:ff:10:5b]

RSSI: -73 [da:ee:aa:ff:10:5b]

RSSI: -72 [da:ee:aa:ff:10:5b]

RSSI: -53 [da:ee:aa:ff:14:9a]

RSSI: -72 [da:ee:aa:ff:10:7b]

RSSI: -71 [da:ee:aa:ff:10:7b]

RSSI: -46 [da:ee:aa:ff:14:9a]

RSSI: -72 [da:ee:aa:ff:10:7b]

RSSI: -56 [da:ee:aa:ff:14:9a]

RSSI: -56 [da:ee:aa:ff:14:9a]

RSSI: -72 [da:ee:aa:ff:10:7b]

RSSI: -72 [da:ee:aa:ff:10:7b]

RSSI: -55 [da:ee:aa:ff:14:ba]

RSSI: -71 [da:ee:aa:ff:10:9b]

RSSI: -55 [da:ee:aa:ff:14:ba]

RSSI: -55 [da:ee:aa:ff:10:9b]

RSSI: -55 [da:ee:aa:ff:14:ba]

RSSI: -60 [da:ee:aa:ff:10:9b]

RSSI: -72 [da:ee:aa:ff:10:9b]

RSSI: -56 [da:ee:aa:ff:10:9b]

RSSI: -61 [da:ee:aa:ff:10:9b]

RSSI: -55 [da:ee:aa:ff:14:ca]

RSSI: -55 [da:ee:aa:ff:14:ca]

RSSI: -62 [da:ee:aa:ff:10:bb]

RSSI: -55 [da:ee:aa:ff:14:ca]

RSSI: -72 [da:ee:aa:ff:10:bb]

RSSI: -55 [da:ee:aa:ff:14:ca]

RSSI: -61 [da:ee:aa:ff:14:ea]

RSSI: -61 [da:ee:aa:ff:14:ea]

RSSI: -74 [da:ee:aa:ff:10:cb]

RSSI: -74 [da:ee:aa:ff:10:cb]

RSSI: -74 [da:ee:aa:ff:10:cb]

RSSI: -74 [da:ee:aa:ff:10:cb]

RSSI: -74 [da:ee:aa:ff:10:cb]

RSSI: -89 [da:ee:aa:ff:06:8c]

RSSI: -74 [da:ee:aa:ff:10:cb]

RSSI: -74 [da:ee:aa:ff:10:cb]

RSSI: -74 [da:ee:aa:ff:10:cb]

RSSI: -61 [da:ee:aa:ff:15:0a]

RSSI: -56 [da:ee:aa:ff:15:0a]

RSSI: -72 [da:ee:aa:ff:10:eb]

RSSI: -56 [da:ee:aa:ff:15:0a]

RSSI: -72 [da:ee:aa:ff:10:eb]

RSSI: -56 [da:ee:aa:ff:15:0a]

RSSI: -72 [da:ee:aa:ff:10:eb]

RSSI: -71 [da:ee:aa:ff:10:eb]

RSSI: -72 [da:ee:aa:ff:10:eb]

RSSI: -56 [da:ee:aa:ff:15:1a]

RSSI: -56 [da:ee:aa:ff:15:1a]

RSSI: -73 [da:ee:aa:ff:11:0b]

RSSI: -56 [da:ee:aa:ff:15:1a]

RSSI: -72 [da:ee:aa:ff:11:0b]

RSSI: -56 [da:ee:aa:ff:15:1a]

RSSI: -72 [da:ee:aa:ff:11:0b]

RSSI: -56 [da:ee:aa:ff:15:1a]

RSSI: -72 [da:ee:aa:ff:11:0b]

RSSI: -55 [da:ee:aa:ff:15:3a]

RSSI: -55 [da:ee:aa:ff:15:3a]

RSSI: -72 [da:ee:aa:ff:11:1b]

RSSI: -55 [da:ee:aa:ff:15:3a]

RSSI: -72 [da:ee:aa:ff:11:1b]

RSSI: -56 [da:ee:aa:ff:15:3a]

RSSI: -72 [da:ee:aa:ff:11:1b]

RSSI: -55 [da:ee:aa:ff:15:3a]

RSSI: -72 [da:ee:aa:ff:11:1b]

RSSI: -55 [da:ee:aa:ff:15:3a]

RSSI: -72 [da:ee:aa:ff:11:1b]

RSSI: -55 [da:ee:aa:ff:15:3a]

RSSI: -55 [da:ee:aa:ff:15:3a]

RSSI: -72 [da:ee:aa:ff:11:1b]

RSSI: -74 [da:ee:aa:ff:11:3b]

RSSI: -74 [da:ee:aa:ff:11:3b]

RSSI: -62 [da:ee:aa:ff:15:5a]

RSSI: -74 [da:ee:aa:ff:11:3b]

RSSI: -74 [da:ee:aa:ff:11:3b]

RSSI: -62 [da:ee:aa:ff:15:6a]

RSSI: -73 [da:ee:aa:ff:11:5b]

RSSI: -62 [da:ee:aa:ff:15:6a]

RSSI: -74 [da:ee:aa:ff:11:5b]

RSSI: -62 [da:ee:aa:ff:15:6a]

RSSI: -74 [da:ee:aa:ff:11:5b]

RSSI: -62 [da:ee:aa:ff:15:6a]

RSSI: -74 [da:ee:aa:ff:11:5b]

RSSI: -62 [da:ee:aa:ff:15:6a]

RSSI: -74 [da:ee:aa:ff:11:5b]

RSSI: -62 [da:ee:aa:ff:15:6a]

RSSI: -72 [da:ee:aa:ff:11:6b]

RSSI: -72 [da:ee:aa:ff:11:6b]

RSSI: -56 [da:ee:aa:ff:15:8a]

RSSI: -72 [da:ee:aa:ff:11:6b]

RSSI: -56 [da:ee:aa:ff:15:8a]

RSSI: -72 [da:ee:aa:ff:11:6b]

RSSI: -56 [da:ee:aa:ff:15:8a]

RSSI: -72 [da:ee:aa:ff:11:6b]

RSSI: -56 [da:ee:aa:ff:15:8a]

RSSI: -87 [da:ee:aa:ff:07:1c]

RSSI: -72 [da:ee:aa:ff:11:6b]

RSSI: -56 [da:ee:aa:ff:15:8a]

RSSI: -72 [da:ee:aa:ff:11:6b]

RSSI: -56 [da:ee:aa:ff:15:8a]

RSSI: -72 [da:ee:aa:ff:11:6b]

RSSI: -56 [da:ee:aa:ff:15:aa]

RSSI: -72 [da:ee:aa:ff:11:7b]

RSSI: -72 [da:ee:aa:ff:11:9b]

RSSI: -72 [da:ee:aa:ff:11:9b]

RSSI: -72 [da:ee:aa:ff:11:9b]

RSSI: -72 [da:ee:aa:ff:11:9b]

RSSI: -71 [da:ee:aa:ff:11:9b]

RSSI: -72 [da:ee:aa:ff:11:9b]

RSSI: -62 [da:ee:aa:ff:15:da]

RSSI: -60 [da:ee:aa:ff:11:ab]

RSSI: -62 [da:ee:aa:ff:15:da]

RSSI: -58 [da:ee:aa:ff:11:ab]

RSSI: -62 [da:ee:aa:ff:15:da]

RSSI: -67 [da:ee:aa:ff:11:ab]

RSSI: -62 [da:ee:aa:ff:15:da]

RSSI: -62 [da:ee:aa:ff:11:ab]

RSSI: -62 [da:ee:aa:ff:15:da]

RSSI: -73 [da:ee:aa:ff:11:ab]

RSSI: -62 [da:ee:aa:ff:15:da]

RSSI: -70 [da:ee:aa:ff:11:ab]

RSSI: -62 [da:ee:aa:ff:15:da]

RSSI: -74 [da:ee:aa:ff:11:cb]

RSSI: -62 [da:ee:aa:ff:15:fa]

RSSI: -64 [da:ee:aa:ff:11:cb]

RSSI: -62 [da:ee:aa:ff:15:fa]

RSSI: -56 [da:ee:aa:ff:15:fa]

RSSI: -72 [da:ee:aa:ff:11:cb]

RSSI: -56 [da:ee:aa:ff:15:fa]

RSSI: -72 [da:ee:aa:ff:11:cb]

RSSI: -72 [da:ee:aa:ff:11:eb]

RSSI: -56 [da:ee:aa:ff:16:1a]

RSSI: -72 [da:ee:aa:ff:11:eb]

RSSI: -56 [da:ee:aa:ff:16:1a]

RSSI: -72 [da:ee:aa:ff:11:eb]

RSSI: -56 [da:ee:aa:ff:16:1a]

RSSI: -56 [da:ee:aa:ff:16:1a]

RSSI: -71 [da:ee:aa:ff:11:eb]

RSSI: -56 [da:ee:aa:ff:16:1a]

RSSI: -56 [da:ee:aa:ff:16:1a]

RSSI: -72 [da:ee:aa:ff:11:fb]

RSSI: -72 [da:ee:aa:ff:11:fb]

RSSI: -72 [da:ee:aa:ff:11:fb]

RSSI: -55 [da:ee:aa:ff:16:4a]

RSSI: -72 [da:ee:aa:ff:11:fb]

RSSI: -55 [da:ee:aa:ff:16:4a]

RSSI: -72 [da:ee:aa:ff:11:fb]

RSSI: -55 [da:ee:aa:ff:16:4a]

RSSI: -72 [da:ee:aa:ff:12:1b]

RSSI: -55 [da:ee:aa:ff:16:4a]

RSSI: -72 [da:ee:aa:ff:12:1b]

RSSI: -55 [da:ee:aa:ff:16:4a]

RSSI: -72 [da:ee:aa:ff:12:1b]

RSSI: -75 [da:ee:aa:ff:12:1b]

RSSI: -63 [da:ee:a