

Initialized RTC: 0x01Dev config complete
SCAN START
RSSI: -56 [da:ee:aa:ff:10:4a]

RSSI: -73 [da:ee:aa:ff:0d:4b]

RSSI: -72 [da:ee:aa:ff:0d:6b]

RSSI: -53 [da:ee:aa:ff:10:5a]

RSSI: -72 [da:ee:aa:ff:0d:7b]

RSSI: -58 [da:ee:aa:ff:10:6a]

RSSI: -56 [da:ee:aa:ff:10:7a]

RSSI: -65 [da:ee:aa:ff:0d:bb]

RSSI: -57 [da:ee:aa:ff:10:8a]

RSSI: -54 [da:ee:aa:ff:10:9a]

RSSI: -55 [da:ee:aa:ff:10:9a]

RSSI: -46 [da:ee:aa:ff:10:9a]

RSSI: -51 [da:ee:aa:ff:10:9a]

RSSI: -51 [da:ee:aa:ff:10:9a]

RSSI: -71 [da:ee:aa:ff:0d:eb]

RSSI: -54 [da:ee:aa:ff:10:9a]

RSSI: -71 [da:ee:aa:ff:0d:eb]

RSSI: -41 [da:ee:aa:ff:10:aa]

RSSI: -58 [da:ee:aa:ff:10:aa]

RSSI: -58 [da:ee:aa:ff:10:aa]

RSSI: -74 [da:ee:aa:ff:0e:0b]

RSSI: -58 [da:ee:aa:ff:10:ba]

RSSI: -58 [da:ee:aa:ff:10:ba]

RSSI: -58 [da:ee:aa:ff:10:ba]

RSSI: -58 [da:ee:aa:ff:10:ba]

RSSI: -58 [da:ee:aa:ff:10:ba]

RSSI: -57 [da:ee:aa:ff:10:ba]

RSSI: -58 [da:ee:aa:ff:10:ba]

RSSI: -74 [da:ee:aa:ff:0e:2b]

RSSI: -74 [da:ee:aa:ff:0e:2b]

RSSI: -91 [da:ee:aa:ff:03:3c]

RSSI: -74 [da:ee:aa:ff:0e:2b]

RSSI: -55 [da:ee:aa:ff:10:fa]

RSSI: -72 [da:ee:aa:ff:0e:4b]

RSSI: -73 [da:ee:aa:ff:0e:4b]

RSSI: -73 [da:ee:aa:ff:0e:4b]

RSSI: -73 [da:ee:aa:ff:0e:4b]

RSSI: -73 [da:ee:aa:ff:0e:4b]

RSSI: -73 [da:ee:aa:ff:0e:4b]

RSSI: -73 [da:ee:aa:ff:0e:4b]

RSSI: -73 [da:ee:aa:ff:0e:4b]

RSSI: -56 [da:ee:aa:ff:11:0a]

RSSI: -77 [da:ee:aa:ff:0e:5b]

RSSI: -60 [da:ee:aa:ff:11:0a]

RSSI: -60 [da:ee:aa:ff:11:0a]

RSSI: -76 [da:ee:aa:ff:0e:5b]

RSSI: -60 [da:ee:aa:ff:11:2a]

RSSI: -60 [da:ee:aa:ff:11:2a]

RSSI: -60 [da:ee:aa:ff:11:2a]

RSSI: -77 [da:ee:aa:ff:0e:6b]

RSSI: -60 [da:ee:aa:ff:11:2a]

RSSI: -77 [da:ee:aa:ff:0e:6b]

RSSI: -60 [da:ee:aa:ff:11:2a]

RSSI: -76 [da:ee:aa:ff:0e:6b]

RSSI: -60 [da:ee:aa:ff:11:2a]

RSSI: -77 [da:ee:aa:ff:0e:6b]

RSSI: -60 [da:ee:aa:ff:11:2a]

RSSI: -55 [da:ee:aa:ff:11:3a]

RSSI: -89 [da:ee:aa:ff:03:9c]

RSSI: -55 [da:ee:aa:ff:11:3a]

RSSI: -88 [da:ee:aa:ff:03:9c]

RSSI: -55 [da:ee:aa:ff:11:3a]

RSSI: -71 [da:ee:aa:ff:0e:8b]

RSSI: -55 [da:ee:aa:ff:11:3a]

RSSI: -71 [da:ee:aa:ff:0e:8b]

RSSI: -55 [da:ee:aa:ff:11:3a]

RSSI: -71 [da:ee:aa:ff:0e:8b]

RSSI: -71 [da:ee:aa:ff:0e:8b]

RSSI: -72 [da:ee:aa:ff:0e:8b]

RSSI: -89 [da:ee:aa:ff:03:ac]

RSSI: -56 [da:ee:aa:ff:0e:9b]

RSSI: -56 [da:ee:aa:ff:11:5a]

RSSI: -56 [da:ee:aa:ff:0e:9b]

RSSI: -56 [da:ee:aa:ff:11:5a]

RSSI: -73 [da:ee:aa:ff:0e:bb]

RSSI: -56 [da:ee:aa:ff:11:5a]

RSSI: -56 [da:ee:aa:ff:11:5a]

RSSI: -57 [da:ee:aa:ff:0e:bb]

RSSI: -56 [da:ee:aa:ff:11:5a]

RSSI: -73 [da:ee:aa:ff:0e:bb]

RSSI: -57 [da:ee:aa:ff:11:5a]

RSSI: -56 [da:ee:aa:ff:0e:bb]

RSSI: -66 [da:ee:aa:ff:0e:bb]

RSSI: -74 [da:ee:aa:ff:0e:db]

RSSI: -74 [da:ee:aa:ff:0e:db]

RSSI: -57 [da:ee:aa:ff:11:6a]

RSSI: -74 [da:ee:aa:ff:0e:db]

RSSI: -74 [da:ee:aa:ff:0e:db]

RSSI: -74 [da:ee:aa:ff:0e:db]

RSSI: -75 [da:ee:aa:ff:0e:db]

RSSI: -57 [da:ee:aa:ff:11:8a]

RSSI: -74 [da:ee:aa:ff:0e:db]

RSSI: -57 [da:ee:aa:ff:11:8a]

RSSI: -74 [da:ee:aa:ff:0e:eb]

RSSI: -53 [da:ee:aa:ff:11:9a]

RSSI: -70 [da:ee:aa:ff:0e:eb]

RSSI: -53 [da:ee:aa:ff:11:9a]

RSSI: -87 [da:ee:aa:ff:03:fc]

RSSI: -53 [da:ee:aa:ff:11:9a]

RSSI: -53 [da:ee:aa:ff:11:9a]

RSSI: -69 [da:ee:aa:ff:0f:0b]

RSSI: -53 [da:ee:aa:ff:11:9a]

RSSI: -69 [da:ee:aa:ff:0f:0b]

RSSI: -70 [da:ee:aa:ff:0f:0b]

RSSI: -53 [da:ee:aa:ff:11:aa]

RSSI: -69 [da:ee:aa:ff:0f:0b]

RSSI: -70 [da:ee:aa:ff:0f:0b]

RSSI: -70 [da:ee:aa:ff:0f:0b]

RSSI: -74 [da:ee:aa:ff:0f:2b]

RSSI: -55 [da:ee:aa:ff:11:ba]

RSSI: -74 [da:ee:aa:ff:0f:2b]

RSSI: -55 [da:ee:aa:ff:11:ba]

RSSI: -74 [da:ee:aa:ff:0f:2b]

RSSI: -55 [da:ee:aa:ff:11:ba]

RSSI: -74 [da:ee:aa:ff:0f:2b]

RSSI: -55 [da:ee:aa:ff:11:ba]

RSSI: -74 [da:ee:aa:ff:0f:2b]

RSSI: -55 [da:ee:aa:ff:11:ba]

RSSI: -73 [da:ee:aa:ff:0f:2b]

RSSI: -55 [da:ee:aa:ff:11:ba]

RSSI: -55 [da:ee:aa:ff:11:ba]

RSSI: -55 [da:ee:aa:ff:11:ba]

RSSI: -73 [da:ee:aa:ff:0f:3b]

RSSI: -74 [da:ee:aa:ff:0f:3b]

RSSI: -55 [da:ee:aa:ff:11:da]

RSSI: -73 [da:ee:aa:ff:0f:3b]

RSSI: -56 [da:ee:aa:ff:11:da]

RSSI: -56 [da:ee:aa:ff:11:da]

RSSI: -73 [da:ee:aa:ff:0f:5b]

RSSI: -73 [da:ee:aa:ff:0f:5b]

RSSI: -55 [da:ee:aa:ff:11:ea]

RSSI: -73 [da:ee:aa:ff:0f:5b]

RSSI: -55 [da:ee:aa:ff:11:ea]

RSSI: -92 [da:ee:aa:ff:04:4c]

RSSI: -73 [da:ee:aa:ff:0f:5b]

RSSI: -55 [da:ee:aa:ff:11:ea]

RSSI: -73 [da:ee:aa:ff:0f:5b]

RSSI: -56 [da:ee:aa:ff:11:ea]

RSSI: -73 [da:ee:aa:ff:0f:5b]

RSSI: -55 [da:ee:aa:ff:11:ea]

RSSI: -72 [da:ee:aa:ff:0f:5b]

RSSI: -55 [da:ee:aa:ff:11:ea]

RSSI: -53 [da:ee:aa:ff:11:fa]

RSSI: -69 [da:ee:aa:ff:0f:7b]

RSSI: -53 [da:ee:aa:ff:11:fa]

RSSI: -69 [da:ee:aa:ff:0f:7b]

RSSI: -53 [da:ee:aa:ff:11:fa]

RSSI: -69 [da:ee:aa:ff:0f:7b]

RSSI: -53 [da:ee:aa:ff:11:fa]

RSSI: -69 [da:ee:aa:ff:0f:7b]

RSSI: -53 [da:ee:aa:ff:11:fa]

RSSI: -53 [da:ee:aa:ff:12:0a]

RSSI: -69 [da:ee:aa:ff:0f:9b]

RSSI: -53 [da:ee:aa:ff:12:0a]

RSSI: -53 [da:ee:aa:ff:12:0a]

RSSI: -69 [da:ee:aa:ff:0f:9b]

RSSI: -56 [da:ee:aa:ff:12:1a]

RSSI: -74 [da:ee:aa:ff:0f:bb]

RSSI: -56 [da:ee:aa:ff:12:1a]

RSSI: -74 [da:ee:aa:ff:0f:bb]

RSSI: -56 [da:ee:aa:ff:12:1a]

RSSI: -73 [da:ee:aa:ff:0f:bb]

RSSI: -56 [da:ee:aa:ff:12:1a]

RSSI: -73 [da:ee:aa:ff:0f:bb]

RSSI: -56 [da:ee:aa:ff:12:1a]

RSSI: -74 [da:ee:aa:ff:0f:bb]

RSSI: -56 [da:ee:aa:ff:12:1a]

RSSI: -73 [da:ee:aa:ff:0f:bb]

RSSI: -56 [da:ee:aa:ff:12:1a]

RSSI: -73 [da:ee:aa:ff:0f:bb]

RSSI: -56 [da:ee:aa:ff:12:1a]

RSSI: -73 [da:ee:aa:ff:0f:bb]

RSSI: -73 [da:ee:aa:ff:0f:bb]

RSSI: -56 [da:ee:aa:ff:12:2a]

RSSI: -56 [da:ee:aa:ff:0f:db]

RSSI: -55 [da:ee:aa:ff:12:2a]

RSSI: -55 [da:ee:aa:ff:12:2a]

RSSI: -72 [da:ee:aa:ff:0f:db]

RSSI: -55 [da:ee:aa:ff:12:3a]

RSSI: -49 [da:ee:aa:ff:12:3a]

RSSI: -51 [da:ee:aa:ff:12:3a]

RSSI: -53 [da:ee:aa:ff:12:3a]

RSSI: -57 [da:ee:aa:ff:0f:fb]

RSSI: -49 [da:ee:aa:ff:12:3a]

RSSI: -69 [da:ee:aa:ff:10:1b]

RSSI: -69 [da:ee:aa:ff:10:1b]

RSSI: -69 [da:ee:aa:ff:10:1b]

RSSI: -53 [da:ee:aa:ff:12:4a]

RSSI: -69 [da:ee:aa:ff:10:1b]

RSSI: -53 [da:ee:aa:ff:12:4a]

RSSI: -69 [da:ee:aa:ff:10:1b]

RSSI: -86 [da:ee:aa:ff:04:cc]

RSSI: -69 [da:ee:aa:ff:10:1b]

RSSI: -53 [da:ee:aa:ff:12:5a]

RSSI: -69 [da:ee:aa:ff:10:1b]

RSSI: -53 [da:ee:aa:ff:12:5a]

RSSI: -86 [da:ee:aa:ff:04:ec]

RSSI: -53 [da:ee:aa:ff:12:5a]

RSSI: -74 [da:ee:aa:ff:10:3b]

RSSI: -56 [da:ee:aa:ff:12:6a]

RSSI: -73 [da:ee:aa:ff:10:3b]

RSSI: -56 [da:ee:aa:ff:12:6a]

RSSI: -74 [da:ee:aa:ff:10:3b]

RSSI: -56 [da:ee:aa:ff:12:6a]

RSSI: -56 [da:ee:aa:ff:12:6a]

RSSI: -56 [da:ee:aa:ff:12:6a]

RSSI: -73 [da:ee:aa:ff:10:5b]

RSSI: -56 [da:ee:aa:ff:12:6a]

RSSI: -74 [da:ee:aa:ff:10:5b]

RSSI: -56 [da:ee:aa:ff:12:6a]

RSSI: -74 [da:ee:aa:ff:10:5b]

RSSI: -56 [da:ee:aa:ff:12:6a]

RSSI: -74 [da:ee:aa:ff:10:5b]

RSSI: -72 [da:ee:aa:ff:10:7b]

RSSI: -55 [da:ee:aa:ff:12:7a]

RSSI: -72 [da:ee:aa:ff:10:7b]

RSSI: -54 [da:ee:aa:ff:12:7a]

RSSI: -72 [da:ee:aa:ff:10:7b]

RSSI: -72 [da:ee:aa:ff:10:7b]

RSSI: -54 [da:ee:aa:ff:12:9a]

RSSI: -73 [da:ee:aa:ff:10:7b]

RSSI: -55 [da:ee:aa:ff:12:9a]

RSSI: -73 [da:ee:aa:ff:10:7b]

RSSI: -55 [da:ee:aa:ff:12:9a]

RSSI: -74 [da:ee:aa:ff:10:7b]

RSSI: -54 [da:ee:aa:ff:12:9a]

RSSI: -73 [da:ee:aa:ff:10:7b]

RSSI: -54 [da:ee:aa:ff:12:9a]

RSSI: -55 [da:ee:aa:ff:12:9a]

RSSI: -72 [da:ee:aa:ff:10:9b]

RSSI: -53 [da:ee:aa:ff:12:ba]

RSSI: -85 [da:ee:aa:ff:05:3c]

RSSI: -53 [da:ee:aa:ff:12:ba]

RSSI: -85 [da:ee:aa:ff:05:3c]

RSSI: -53 [da:ee:aa:ff:12:ba]

RSSI: -85 [da:ee:aa:ff:05:3c]

RSSI: -53 [da:ee:aa:ff:12:ba]

RSSI: -53 [da:ee:aa:ff:12:ba]

RSSI: -69 [da:ee:aa:ff:10:ab]

RSSI: -86 [da:ee:aa:ff:05:3c]

RSSI: -68 [da:ee:aa:ff:10:ab]

RSSI: -86 [da:ee:aa:ff:05:3c]

RSSI: -53 [da:ee:aa:ff:12:ca]

RSSI: -86 [da:ee:aa:ff:05:3c]

RSSI: -68 [da:ee:aa:ff:10:ab]

RSSI: -53 [da:ee:aa:ff:12:ca]

RSSI: -68 [da:ee:aa:ff:10:ab]

RSSI: -53 [da:ee:aa:ff:12:ca]

RSSI: -73 [da:ee:aa:ff:10:cb]

RSSI: -56 [da:ee:aa:ff:12:da]

RSSI: -74 [da:ee:aa:ff:10:cb]

RSSI: -56 [da:ee:aa:ff:12:da]

RSSI: -73 [da:ee:aa:ff:10:cb]

RSSI: -56 [da:ee:aa:ff:12:da]

RSSI: -74 [da:ee:aa:ff:10:cb]

RSSI: -56 [da:ee:aa:ff:12:da]

RSSI: -74 [da:ee:aa:ff:10:cb]

RSSI: -56 [da:ee:aa:ff:12:da]

RSSI: -73 [da:ee:aa:ff:10:cb]

RSSI: -56 [da:ee:aa:ff:12:da]

RSSI: -74 [da:ee:aa:ff:10:cb]

RSSI: -56 [da:ee:aa:ff:12:da]

RSSI: -55 [da:ee:aa:ff:12:da]

RSSI: -74 [da:ee:aa:ff:10:eb]

RSSI: -73 [da:ee:aa:ff:10:eb]

RSSI: -56 [da:ee:aa:ff:12:fa]

RSSI: -72 [da:ee:aa:ff:10:eb]

RSSI: -55 [da:ee:aa:ff:12:fa]

RSSI: -55 [da:ee:aa:ff:12:fa]

RSSI: -72 [da:ee:aa:ff:10:fb]

RSSI: -55 [da:ee:aa:ff:13:0a]

RSSI: -72 [da:ee:aa:ff:10:fb]

RSSI: -55 [da:ee:aa:ff:13:0a]

RSSI: -55 [da:ee:aa:ff:13:0a]

RSSI: -73 [da:ee:aa:ff:10:fb]

RSSI: -55 [da:ee:aa:ff:13:0a]

RSSI: -72 [da:ee:aa:ff:10:fb]

RSSI: -55 [da:ee:aa:ff:13:0a]

RSSI: -72 [da:ee:aa:ff:10:fb]

RSSI: -55 [da:ee:aa:ff:13:0a]

RSSI: -72 [da:ee:aa:ff:10:fb]

RSSI: -55 [da:ee:aa:ff:13:0a]

RSSI: -68 [da:ee:aa:ff:11:1b]

RSSI: -51 [da:ee:aa:ff:11:1b]

RSSI: -68 [da:ee:aa:ff:11:1b]

RSSI: -84 [da:ee:aa:ff:05:9c]

RSSI: -87 [da:ee:aa:ff:05:9c]

RSSI: -69 [da:ee:aa:ff:11:2b]

RSSI: -40 [da:ee:aa:ff:13:3a]

RSSI: -85 [da:ee:aa:ff:05:9c]

RSSI: -61 [da:ee:aa:ff:11:2b]

RSSI: -50 [da:ee:aa:ff:11:2b]

RSSI: -56 [da:ee:aa:ff:13:4a]

RSSI: -56 [da:ee:aa:ff:13:4a]

RSSI: -74 [da:ee:aa:ff:11:3b]

RSSI: -56 [da:ee:aa:ff:13:4a]

RSSI: -74 [da:ee:aa:ff:11:3b]

RSSI: -56 [da:ee:aa:ff:13:4a]

RSSI: -74 [da:ee:aa:ff:11:3b]

RSSI: -56 [da:ee:aa:ff:13:4a]

RSSI: -73 [da:ee:aa:ff:11:3b]

RSSI: -56 [da:ee:aa:ff:13:4a]

RSSI: -73 [da:ee:aa:ff:11:3b]

RSSI: -56 [da:ee:aa:ff:13:4a]

RSSI: -73 [da:ee:aa:ff:11:3b]

RSSI: -56 [da:ee:aa:ff:13:4a]

RSSI: -73 [da:ee:aa:ff:11:3b]

RSSI: -74 [da:ee:aa:ff:11:3b]

RSSI: -55 [da:ee:aa:ff:13:5a]

RSSI: -72 [da:ee:aa:ff:11:5b]

RSSI: -55 [da:ee:aa:ff:13:5a]

RSSI: -72 [da:ee:aa:ff:11:5b]

RSSI: -55 [da:ee:aa:ff:13:5a]

RSSI: -73 [da:ee:aa:ff:11:5b]

RSSI: -72 [da:ee:aa:ff:11:5b]

RSSI: -55 [da:ee:aa:ff:13:7a]

RSSI: -73 [da:ee:aa:ff:11:7b]

RSSI: -55 [da:ee:aa:ff:13:7a]

RSSI: -72 [da:ee:aa:ff:11:7b]

RSSI: -55 [da:ee:aa:ff:13:7a]

RSSI: -73 [da:ee:aa:ff:11:7b]

RSSI: -55 [da:ee:aa:ff:13:7a]

RSSI: -73 [da:ee:aa:ff:11:7b]

RSSI: -53 [da:ee:aa:ff:13:8a]

RSSI: -53 [da:ee:aa:ff:13:8a]

RSSI: -53 [da:ee:aa:ff:13:8a]

RSSI: -53 [da:ee:aa:ff:13:8a]

RSSI: -70 [da:ee:aa:ff:11:8b]

RSSI: -69 [da:ee:aa:ff:11:8b]

RSSI: -69 [da:ee:aa:ff:11:8b]

RSSI: -53 [da:ee:aa:ff:13:9a]

RSSI: -69 [da:ee:aa:ff:11:8b]

RSSI: -53 [da:ee:aa:ff:13:9a]

RSSI: -53 [da:ee:aa:ff:13:9a]

RSSI: -73 [da:ee:aa:ff:11:9b]

RSSI: -56 [da:ee:aa:ff:13:ba]

RSSI: -73 [da:ee:aa:ff:11:9b]

RSSI: -56 [da:ee:aa:ff:13:ba]

RSSI: -73 [da:ee:aa:ff:11:9b]

RSSI: -56 [da:ee:aa:ff:13:ba]

RSSI: -73 [da:ee:aa:ff:11:9b]

RSSI: -57 [da:ee:aa:ff:13:ba]

RSSI: -57 [da:ee:aa:ff:13:ba]

RSSI: -57 [da:ee:aa:ff:13:ba]

RSSI: -74 [da:ee:aa:ff:11:bb]

RSSI: -57 [da:ee:aa:ff:13:ba]

RSSI: -73 [da:ee:aa:ff:11:bb]

RSSI: -57 [da:ee:aa:ff:13:ba]

RSSI: -74 [da:ee:aa:ff:11:bb]

RSSI: -73 [da:ee:aa:ff:11:bb]

RSSI: -57 [da:ee:aa:ff:13:ca]

RSSI: -73 [da:ee:aa:ff:11:cb]

RSSI: -55 [da:ee:aa:ff:13:ca]

RSSI: -72 [da:ee:aa:ff:11:cb]

RSSI: -55 [da:ee:aa:ff:13:ca]

RSSI: -72 [da:ee:aa:ff:11:cb]

RSSI: -72 [da:ee:aa:ff:11:cb]

RSSI: -56 [da:ee:aa:ff:13:da]

RSSI: -72 [da:ee:aa:ff:11:cb]

RSSI: -56 [da:ee:aa:ff:13:da]

RSSI: -72 [da:ee:aa:ff:11:cb]

RSSI: -55 [da:ee:aa:ff:13:da]

RSSI: -73 [da:ee:aa:ff:11:cb]

RSSI: -55 [da:ee:aa:ff:13:da]

RSSI: -72 [da:ee:aa:ff:11:cb]

RSSI: -55 [da:ee:aa:ff:13:da]

RSSI: -56 [da:ee:aa:ff:13:da]

RSSI: -73 [da:ee:aa:ff:11:eb]

RSSI: -69 [da:ee:aa:ff:11:eb]

RSSI: -53 [da:ee:aa:ff:13:fa]

RSSI: -69 [da:ee:aa:ff:11:eb]

RSSI: -69 [da:ee:aa:ff:11:eb]

RSSI: -53 [da:ee:aa:ff:13:fa]

RSSI: -53 [da:ee:aa:ff:13:fa]

RSSI: -87 [da:ee:aa:ff:06:6c]

RSSI: -53 [da:ee:aa:ff:13:fa]

RSSI: -69 [da:ee:aa:ff:12:0b]

RSSI: -69 [da:ee:aa:ff:12:0b]

RSSI: -69 [da:ee:aa:ff:12:0b]

RSSI: -70 [da:ee:aa:ff:12:0b]

RSSI: -73 [da:ee:aa:ff:12:1b]

RSSI: -56 [da:ee:aa:ff:12:1b]

RSSI: -53 [da:ee:aa:ff:14:1a]

RSSI: -65 [da:ee:aa:ff:12:1b]

RSSI: -44 [da:ee:aa:ff:14:1a]

RSSI: -56 [da:ee:aa:ff:12:1b]

RSSI: -56 [da:ee:aa:ff:12:1b]

RSSI: -57 [da:ee:aa:ff:14:1a]

RSSI: -68 [da:ee:aa:ff:12:1b]

RSSI: -57 [da:ee:aa:ff:14:1a]

RSSI: -73 [da:ee:aa:ff:12:1b]

RSSI: -57 [da:ee:aa:ff:14:1a]

RSSI: -73 [da:ee:aa:ff:12:2b]

RSSI: -57 [da:ee:aa:ff:12:2b]

RSSI: -57 [da:ee:aa:ff:14:2a]

RSSI: -56 [da:ee:aa:ff:14:2a]

RSSI: -73 [da:ee:aa:ff:12:2b]

RSSI: -56 [da:ee:aa:ff:14:2a]

RSSI: -73 [da:ee:aa:ff:12:2b]

RSSI: -56 [da:ee:aa:ff:14:2a]

RSSI: -72 [da:ee:aa:ff:12:4b]

RSSI: -56 [da:ee:aa:ff:14:3a]

RSSI: -73 [da:ee:aa:ff:12:4b]

RSSI: -56 [da:ee:aa:ff:14:3a]

RSSI: -73 [da:ee:aa:ff:12:4b]

RSSI: -56 [da:ee:aa:ff:14:3a]

RSSI: -72 [da:ee:aa:ff:12:4b]

RSSI: -56 [da:ee:aa:ff:14:3a]

RSSI: -72 [da:ee:aa:ff:12:4b]

RSSI: -55 [da:ee:aa:ff:14:3a]

RSSI: -73 [da:ee:aa:ff:12:4b]

RSSI: -69 [da:ee:aa:ff:12:6b]

RSSI: -53 [da:ee:aa:ff:14:4a]

RSSI: -69 [da:ee:aa:ff:12:6b]

RSSI: -53 [da:ee:aa:ff:14:4a]

RSSI: -69 [da:ee:aa:ff:12:6b]

RSSI: -53 [da:ee:aa:ff:14:4a]

RSSI: -69 [da:ee:aa:ff:12:6b]

RSSI: -53 [da:ee:aa:ff:14:4a]

RSSI: -69 [da:ee:aa:ff:12:6b]

RSSI: -53 [da:ee:aa:ff:14:4a]

RSSI: -69 [da:ee:aa:ff:12:6b]

RSSI: -53 [da:ee:aa:ff:14:5a]

RSSI: -70 [da:ee:aa:ff:12:8b]

RSSI: -53 [da:ee:aa:ff:14:5a]

RSSI: -70 [da:ee:aa:ff:12:8b]

RSSI: -53 [da:ee:aa:ff:14:5a]

RSSI: -72 [da:ee:aa:ff:12:8b]

RSSI: -58 [da:ee:aa:ff:14:6a]

RSSI: -58 [da:ee:aa:ff:14:6a]

RSSI: -58 [da:ee:aa:ff:14:6a]

RSSI: -71 [da:ee:aa:ff:12:ab]

RSSI: -58 [da:ee:aa:ff:14:6a]

RSSI: -72 [da:ee:aa:ff:12:ab]

RSSI: -58 [da:ee:aa:ff:14:6a]

RSSI: -72 [da:ee:aa:ff:12:ab]

RSSI: -58 [da:ee:aa:ff:14:6a]

RSSI: -71 [da:ee:aa:ff:12:ab]

RSSI: -58 [da:ee:aa:ff:14:6a]

RSSI: -71 [da:ee:aa:ff:12:ab]

RSSI: -57 [da:ee:aa:ff:14:6a]

RSSI: -71 [da:ee:aa:ff:12:ab]

RSSI: -72 [da:ee:aa:ff:12:ab]

RSSI: -70 [da:ee:aa:ff:12:bb]

RSSI: -54 [da:ee:aa:ff:14:7a]

RSSI: -69 [da:ee:aa:ff:12:bb]

RSSI: -54 [da:ee:aa:ff:14:7a]

RSSI: -70 [da:ee:aa:ff:12:bb]

RSSI: -54 [da:ee:aa:ff:14:7a]

RSSI: -69 [da:ee:aa:ff:12:bb]

RSSI: -54 [da:ee:aa:ff:14:9a]

RSSI: -69 [da:ee:aa:ff:12:db]

RSSI: -53 [da:ee:aa:ff:14:9a]

RSSI: -69 [da:ee:aa:ff:12:db]

RSSI: -53 [da:ee:aa:ff:14:9a]

RSSI: -69 [da:ee:aa:ff:12:db]

RSSI: -53 [da:ee:aa:ff:14:9a]

RSSI: -52 [da:ee:aa:ff:14:aa]

RSSI: -88 [da:ee:aa:ff:07:4c]

RSSI: -68 [da:ee:aa:ff:12:fb]

RSSI: -67 [da:ee:aa:ff:12:fb]

RSSI: -88 [da:ee:aa:ff:07:4c]

RSSI: -52 [da:ee:aa:ff:14:ba]

RSSI: -89 [da:ee:aa:ff:07:4c]

RSSI: -52 [da:ee:aa:ff:14:ba]

RSSI: -71 [da:ee:aa:ff:13:0b]

RSSI: -46 [da:ee:aa:ff:14:ca]

RSSI: -71 [da:ee:aa:ff:13:0b]

RSSI: -44 [da:ee:aa:ff:14:ca]

RSSI: -71 [da:ee:aa:ff:13:0b]

RSSI: -51 [da:ee:aa:ff:14:ca]

RSSI: -71 [da:ee:aa:ff:13:0b]

RSSI: -71 [da:ee:aa:ff:13:0b]

RSSI: -71 [da:ee:aa:ff:13:2b]

RSSI: -56 [da:ee:aa:ff:14:ca]

RSSI: -71 [da:ee:aa:ff:13:2b]

RSSI: -70 [da:ee:aa:ff:13:2b]

RSSI: -71 [da:ee:aa:ff:13:2b]

RSSI: -54 [da:ee:aa:ff:14:da]

RSSI: -54 [da:ee:aa:ff:14:da]

RSSI: -53 [da:ee:aa:ff:13:4b]

RSSI: -88 [da:ee:aa:ff:07:8c]

RSSI: -54 [da:ee:aa:ff:14:da]

RSSI: -67 [da:ee:aa:ff:13:4b]

RSSI: -61 [da:ee:aa:ff:13:4b]

RSSI: -55 [da:ee:aa:ff:14:ea]

RSSI: -55 [da:ee:aa:ff:13:4b]

RSSI: -55 [da:ee:aa:ff:14:ea]

RSSI: -52 [da:ee:aa:ff:13:4b]

RSSI: -55 [da:ee:aa:ff:14:ea]

RSSI: -58 [da:ee:aa:ff:13:4b]

RSSI: -55 [da:ee:aa:ff:14:ea]

RSSI: -69 [da:ee:aa:ff:13:4b]

RSSI: -55 [da:ee:aa:ff:14:ea]

RSSI: -70 [da:ee:aa:ff:13:4b]

RSSI: -55 [da:ee:aa:ff:14:ea]

RSSI: -55 [da:ee:aa:ff:13:5b]

RSSI: -53 [da:ee:aa:ff:14:fa]

RSSI: -69 [da:ee:aa:ff:13:5b]

RSSI: -53 [da:ee:aa:ff:14:fa]

RSSI: -69 [da:ee:aa:ff:13:5b]

RSSI: -53 [da:ee:aa:ff:14:fa]

RSSI: -69 [da:ee:aa:ff:13:5b]

RSSI: -84 [da:ee:aa:ff:07:ac]

RSSI: -54 [da:ee:aa:ff:14:fa]

RSSI: -84 [da:ee:aa:ff:07:ac]

RSSI: -84 [da:ee:aa:ff:07:ac]

RSSI: -69 [da:ee:aa:ff:13:7b]

RSSI: -54 [da:ee:aa:ff:15:1a]

RSSI: -69 [da:ee:aa:ff:13:7b]

RSSI: -53 [da:ee:aa:ff:15:1a]

RSSI: -69 [da:ee:aa:ff:13:7b]

RSSI: -53 [da:ee:aa:ff:15:1a]

RSSI: -70 [da:ee:aa:ff:13:9b]

RSSI: -56 [da:ee:aa:ff:15:2a]

RSSI: -69 [da:ee:aa:ff:13:9b]

RSSI: -57 [da:ee:aa:ff:15:2a]

RSSI: -69 [da:ee:aa:ff:13:9b]

RSSI: -57 [da:ee:aa:ff:15:2a]

RSSI: -70 [da:ee:aa:ff:13:9b]

RSSI: -57 [da:ee:aa:ff:15:2a]

RSSI: -70 [da:ee:aa:ff:13:9b]

RSSI: -57 [da:ee:aa:ff:15:2a]

RSSI: -70 [da:ee:aa:ff:13:9b]

RSSI: -58 [da:ee:aa:ff:15:2a]

RSSI: -70 [da:ee:aa:ff:13:9b]

RSSI: -58 [da:ee:aa:ff:15:2a]

RSSI: -71 [da:ee:aa:ff:13:9b]

RSSI: -58 [da:ee:aa:ff:15:2a]

RSSI: -71 [da:ee:aa:ff:13:ab]

RSSI: -72 [da:ee:aa:ff:13:ab]

RSSI: -56 [da:ee:aa:ff:15:3a]

RSSI: -71 [da:ee:aa:ff:13:ab]

RSSI: -56 [da:ee:aa:ff:15:3a]

RSSI: -71 [da:ee:aa:ff:13:ab]

RSSI: -56 [da:ee:aa:ff:15:4a]

RSSI: -71 [da:ee:aa:ff:13:bb]

RSSI: -55 [da:ee:aa:ff:15:4a]

RSSI: -71 [da:ee:aa:ff:13:bb]

RSSI: -54 [da:ee:aa:ff:15:4a]

RSSI: -70 [da:ee:aa:ff:13:bb]

RSSI: -54 [da:ee:aa:ff:15:4a]

RSSI: -69 [da:ee:aa:ff:13:bb]

RSSI: -54 [da:ee:aa:ff:15:4a]

RSSI: -69 [da:ee:aa:ff:13:bb]

RSSI: -53 [da:ee:aa:ff:15:4a]

RSSI: -52 [da:ee:aa:ff:15:5a]

RSSI: -68 [da:ee:aa:ff:13:db]

RSSI: -88 [da:ee:aa:ff:08:0c]

RSSI: -52 [da:ee:aa:ff:15:5a]

RSSI: -68 [da:ee:aa:ff:13:db]

RSSI: -87 [da:ee:aa:ff:08:0c]

RSSI: -52 [da:ee:aa:ff:15:5a]

RSSI: -67 [da:ee:aa:ff:13:db]

RSSI: -52 [da:ee:aa:ff:15:5a]

RSSI: -67 [da:ee:aa:ff:13:db]

RSSI: -52 [da:ee:aa:ff:15:5a]

RSSI: -68 [da:ee:aa:ff:13:db]

RSSI: -52 [da:ee:aa:ff:15:5a]

RSSI: -68 [da:ee:aa:ff:13:db]

RSSI: -90 [da:ee:aa:ff:08:1c]

RSSI: -67 [da:ee:aa:ff:13:db]

RSSI: -52 [da:ee:aa:ff:15:6a]

RSSI: -52 [da:ee:aa:ff:15:6a]

RSSI: -70 [da:ee:aa:ff:13:eb]

RSSI: -59 [da:ee:aa:ff:15:7a]

RSSI: -59 [da:ee:aa:ff:15:7a]

RSSI: -59 [da:ee:aa:ff:15:7a]

RSSI: -71 [da:ee:aa:ff:14:0b]

RSSI: -58 [da:ee:aa:ff:15:7a]

RSSI: -70 [da:ee:aa:ff:14:0b]

RSSI: -58 [da:ee:aa:ff:15:7a]

RSSI: -71 [da:ee:aa:ff:14:0b]

RSSI: -58 [da:ee:aa:ff:15:7a]

RSSI: -71 [da:ee:aa:ff:14:0b]

RSSI: -58 [da:ee:aa:ff:15:7a]

RSSI: -71 [da:ee:aa:ff:14:0b]

RSSI: -58 [da:ee:aa:ff:15:7a]

RSSI: -70 [da:ee:aa:ff:14:2b]

RSSI: -70 [da:ee:aa:ff:14:2b]

RSSI: -42 [da:ee:aa:ff:15:8a]

RSSI: -70 [da:ee:aa:ff:14:2b]

RSSI: -56 [da:ee:aa:ff:15:8a]

RSSI: -70 [da:ee:aa:ff:14:2b]

RSSI: -89 [da:ee:aa:ff:08:5c]

RSSI: -43 [da:ee:aa:ff:15:aa]

RSSI: -70 [da:ee:aa:ff:14:2b]

RSSI: -56 [da:ee:aa:ff:15:aa]

RSSI: -70 [da:ee:aa:ff:14:2b]

RSSI: -56 [da:ee:aa:ff:15:aa]

RSSI: -70 [da:ee:aa:ff:14:2b]

RSSI: -53 [da:ee:aa:ff:15:aa]

RSSI: -56 [da:ee:aa:ff:15:aa]

RSSI: -69 [da:ee:aa:ff:14:3b]

RSSI: -53 [da:ee:aa:ff:15:ba]

RSSI: -68 [da:ee:aa:ff:14:3b]

RSSI: -52 [da:ee:aa:ff:15:ba]

RSSI: -89 [da:ee:aa:ff:08:7c]

RSSI: -53 [da:ee:aa:ff:15:ba]

RSSI: -88 [da:ee:aa:ff:08:7c]

RSSI: -53 [da:ee:aa:ff:15:ba]

RSSI: -51 [da:ee:aa:ff:14:5b]

RSSI: -67 [da:ee:aa:ff:14:5b]

RSSI: -52 [da:ee:aa:ff:15:ca]

RSSI: -53 [da:ee:aa:ff:15:ca]

RSSI: -63 [da:ee:aa:ff:14:7b]

RSSI: -58 [da:ee:aa:ff:15:da]

RSSI: -69 [da:ee:aa:ff:14:7b]

RSSI: -58 [da:ee:aa:ff:15:da]

RSSI: -53 [da:ee:aa:ff:14:7b]

RSSI: -58 [da:ee:aa:ff:15:da]

RSSI: -70 [da:ee:aa:ff:14:7b]

RSSI: -58 [da:ee:aa:ff:15:da]

RSSI: -70 [da:ee:aa:ff:14:7b]

RSSI: -59 [da:ee:aa:ff:15:da]

RSSI: -70 [da:ee:aa:ff:14:7b]

RSSI: -59 [da:ee:aa:ff:15:da]

RSSI: -59 [da:ee:aa:ff:15:da]

RSSI: -59 [da:ee:aa:ff:15:da]

RSSI: -71 [da:ee:aa:ff:14:9b]

RSSI: -71 [da:ee:aa:ff:14:9b]

RSSI: -59 [da:ee:aa:ff:15:ea]

RSSI: -72 [da:ee:aa:ff:14:9b]

RSSI: -59 [da:ee:aa:ff:15:ea]

RSSI: -59 [da:ee:aa:ff:15:ea]

RSSI: -72 [da:ee:aa:ff:14:bb]

RSSI: -72 [da:ee:aa:ff:14:bb]

RSSI: -59 [da:ee:aa:ff:15:fa]

RSSI: -71 [da:ee:aa:ff:14:bb]

RSSI: -59 [da:ee:aa:ff:15:fa]

RSSI: -72 [da:ee:aa:ff:14:bb]

RSSI: -59 [da:ee:aa:ff:15:fa]

RSSI: -73 [da:ee:aa:ff:14:bb]

RSSI: -58 [da:ee:aa:ff:15:fa]

RSSI: -72 [da:ee:aa:ff:14:bb]

RSSI: -58 [da:ee:aa:ff:15:fa]

RSSI: -72 [da:ee:aa:ff:14:bb]

RSSI: -54 [da:ee:aa:ff:16:1a]

RSSI: -54 [da:ee:aa:ff:16:1a]

RSSI: -70 [da:ee:aa:ff:14:db]

RSSI: -54 [da:ee:aa:ff:16:1a]

RSSI: -54 [da:ee:aa:ff:16:1a]

RSSI: -54 [da:ee:aa:ff:16:1a]

RSSI: -54 [da:ee:aa:ff:16:3a]

RSSI: -69 [da:ee:aa:ff:14:eb]

RSSI: -70 [da:ee:aa:ff:14:eb]

RSSI: -58 [da:ee:aa:ff:16:5a]

RSSI: -70 [da:ee:aa:ff:15:0b]

RSSI: -58 [da:ee:aa:ff:16:5a]

RSSI: -71 [da:ee:aa:ff:15:0b]

RSSI: -58 [da:ee:aa:ff:16:5a]

RSSI: -70 [da:ee:aa:ff:15:0b]

RSSI: -59 [da:ee:aa:ff:16:5a]

RSSI: -70 [da:ee:aa:ff:15:0b]

RSSI: -58 [da:ee:aa:ff:16:5a]

RSSI: -70 [da:ee:aa:ff:15:0b]

RSSI: -59 [da:ee:aa:ff:16:5a]

RSSI: -70 [da:ee:aa:ff:15:0b]

RSSI: -59 [da:ee:aa:ff:16:5a]

RSSI: -70 [da:ee:aa:ff:15:0b]

RSSI: -59 [da:ee:aa:ff:16:5a]

RSSI: -71 [da:ee:aa:ff:15:0b]

RSSI: -57 [da:ee:aa:ff:16:6a]

RSSI: -57 [da:ee:aa:ff:16:6a]

RSSI: -57 [da:ee:aa:ff:16:6a]

RSSI: -71 [da:ee:aa:ff:15:2b]

RSSI: -57 [da:ee:aa:ff:16:7a]

RSSI: -43 [da:ee:aa:ff:16:7a]

RSSI: -70 [da:ee:aa:ff:15:3b]

RSSI: -44 [da:ee:aa:ff:16:7a]

RSSI: -70 [da:ee:aa:ff:15:3b]

RSSI: -55 [da:ee:aa:ff:16:7a]

RSSI: -68 [da:ee:aa:ff:15:5b]

RSSI: -88 [da:ee:aa:ff:09:8c]

RSSI: -68 [da:ee:aa:ff:15:5b]

RSSI: -68 [da:ee:aa:ff:15:5b]

RSSI: -68 [da:ee:aa:ff:15:5b]

RSSI: -68 [da:ee:aa:ff:15:5b]

RSSI: -87 [da:ee:aa:ff:09:8c]

RSSI: -67 [da:ee:aa:ff:15:5b]

RSSI: -53 [da:ee:aa:ff:00:1a]

RSSI: -68 [da:ee:aa:ff:15:5b]

RSSI: -86 [da:ee:aa:ff:09:8c]

RSSI: -53 [da:ee:aa:ff:00:1a]

RSSI: -68 [da:ee:aa:ff:15:5b]

RSSI: -69 [da:ee:aa:ff:15:7b]

RSSI: -70 [da:ee:aa:ff:15:7b]

RSSI: -58 [da:ee:aa:ff:00:3a]

RSSI: -58 [da:ee:aa:ff:00:3a]

RSSI: -70 [da:ee:aa:ff:15:7b]

RSSI: -58 [da:ee:aa:ff:00:3a]

RSSI: -70 [da:ee:aa:ff:15:7b]

RSSI: -58 [da:ee:aa:ff:00:3a]

RSSI: -58 [da:ee:aa:ff:00:3a]

RSSI: -58 [da:ee:aa:ff:00:3a]

RSSI: -58 [da:ee:aa:ff:00:3a]

RSSI: -58 [da:ee:aa:ff:00:3a]

RSSI: -55 [da:ee:aa:ff:00:4a]

RSSI: -69 [da:ee:aa:ff:15:ab]

RSSI: -55 [da:ee:aa:ff:00:4a]

RSSI: -61 [da:ee:aa:ff:15:ab]

RSSI: -55 [da:ee:aa:ff:00:4a]

RSSI: -66 [da:ee:aa:ff:15:ab]

RSSI: -55 [da:ee:aa:ff:00:4a]

RSSI: -55 [da:ee:aa:ff:00:6a]

RSSI: -69 [da:ee:aa:ff:15:ab]

RSSI: -55 [da:ee:aa:ff:00:6a]

RSSI: -68 [da:ee:aa:ff:15:ab]

RSSI: -55 [da:ee:aa:ff:00:6a]

RSSI: -69 [da:ee:aa:ff:15:ab]

RSSI: -55 [da:ee:aa:ff:00:6a]

RSSI: -68 [da:ee:aa:ff:15:ab]

RSSI: -55 [da:ee:aa:ff:00:6a]

RSSI: -69 [da:ee:aa:ff:15:ab]

RSSI: -53 [da:ee:aa:ff:00:7a]

RSSI: -67 [da:ee:aa:ff:15:cb]

RSSI: -88 [da:ee:aa:ff:09:dc]

RSSI: -53 [da:ee:aa:ff:00:7a]

RSSI: -67 [da:ee:aa:ff:15:cb]

RSSI: -53 [da:ee:aa:ff:00:7a]

RSSI: -66 [da:ee:aa:ff:15:cb]

RSSI: -53 [da:ee:aa:ff:00:7a]

RSSI: -88 [da:ee:aa:ff:09:fc]

RSSI: -53 [da:ee:aa:ff:00:7a]

RSSI: -66 [da:ee:aa:ff:15:eb]

RSSI: -67 [da:ee:aa:ff:15:eb]

RSSI: -67 [da:ee:aa:ff:15:eb]

RSSI: -70 [da:ee:aa:ff:16:0b]

RSSI: -56 [da:ee:aa:ff:00:9a]

RSSI: -69 [da:ee:aa:ff:16:0b]

RSSI: -56 [da:ee:aa:ff:00:aa]

RSSI: -69 [da:ee:aa:ff:16:0b]

RSSI: -57 [da:ee:aa:ff:00:aa]

RSSI: -70 [da:ee:aa:ff:16:0b]

RSSI: -57 [da:ee:aa:ff:00:aa]

RSSI: -70 [da:ee:aa:ff:16:0b]

RSSI: -56 [da:ee:aa:ff:00:aa]

RSSI: -70 [da:ee:aa:ff:16:0b]

RSSI: -56 [da:ee:aa:ff:00:aa]

RSSI: -70 [da:ee:aa:ff:16:0b]

RSSI: -56 [da:ee:aa:ff:00:aa]

RSSI: -69 [da:ee:aa:ff:16:0b]

RSSI: -56 [da:ee:aa:ff:00:aa]

RSSI: -70 [da:ee:aa:ff:16:0b]

RSSI: -56 [da:ee:aa:ff:00:aa]

RSSI: -55 [da:ee:aa:ff:00:ba]

RSSI: -69 [da:ee:aa:ff:16:2b]

RSSI: -70 [da:ee:aa:ff:16:2b]

RSSI: -70 [da:ee:aa:ff:16:2b]

RSSI: -56 [da:ee:aa:ff:00:ba]

RSSI: -69 [da:ee:aa:ff:16:3b]

RSSI: -56 [da:ee:aa:ff:00:ca]

RSSI: -70 [da:ee:aa:ff:16:3b]

RSSI: -56 [da:ee:aa:ff:00:ca]

RSSI: -69 [da:ee:aa:ff:16:3b]

RSSI: -56 [da:ee:aa:ff:00:ca]

RSSI: -70 [da:ee:aa:ff:16:3b]

RSSI: -56 [da:ee:aa:ff:00:ca]

RSSI: -68 [da:ee:aa:ff:16:5b]

RSSI: -68 [da:ee:aa:ff:16:5b]

RSSI: -68 [da:ee:aa:ff:16:5b]

RSSI: -68 [da:ee:aa:ff:16:5b]

RSSI: -68 [da:ee:aa:ff:16:5b]

RSSI: -68 [da:ee:aa:ff:16:5b]

RSSI: -68 [da:ee:aa:ff:16:5b]

RSSI: -68 [da:ee:aa:ff:16:5b]

RSSI: -55 [da:ee:aa:ff:00:da]

RSSI: -68 [da:ee:aa:ff:16:5b]

RSSI: -70 [da:ee:aa:ff:16:7b]

RSSI: -55 [da:ee:aa:ff:00:ea]

RSSI: -69 [da:ee:aa:ff:16:7b]

RSSI: -55 [da:ee:aa:ff:00:ea]

RSSI: -69 [da:ee:aa:ff:16:7b]

RSSI: -55 [da:ee:aa:ff:01:0a]

RSSI: -55 [da:ee:aa:ff:01:0a]

RSSI: -55 [da:ee:aa:ff:01:0a]

RSSI: -69 [da:ee:aa:ff:00:0b]

RSSI: -55 [da:ee:aa:ff:01:0a]

RSSI: -69 [da:ee:aa:ff:00:0b]

RSSI: -69 [da:ee:aa:ff:00:0b]

RSSI: -55 [da:ee:aa:ff:01:0a]

RSSI: -69 [da:ee:aa:ff:00:0b]

RSSI: -55 [da:ee:aa:ff:01:0a]

RSSI: -70 [da:ee:aa:ff:00:2b]

RSSI: -56 [da:ee:aa:ff:01:1a]

RSSI: -70 [da:ee:aa:ff:00:2b]

RSSI: -56 [da:ee:aa:ff:01:1a]

RSSI: -70 [da:ee:aa:ff:00:2b]

RSSI: -57 [da:ee:aa:ff:01:1a]

RSSI: -71 [da:ee:aa:ff:00:2b]

RSSI: -57 [da:ee:aa:ff:01:1a]

RSSI: -70 [da:ee:aa:ff:00:2b]

RSSI: -57 [da:ee:aa:ff:01:1a]

RSSI: -70 [da:ee:aa:ff:00:2b]

RSSI: -70 [da:ee:aa:ff:00:2b]

RSSI: -57 [da:ee:aa:ff:01:3a]

RSSI: -70 [da:ee:aa:ff:00:2b]

RSSI: -57 [da:ee:aa:ff:01:3a]

RSSI: -57 [da:ee:aa:ff:01:3a]

RSSI: -61 [da:ee:aa:ff:00:4b]

RSSI: -51 [da:ee:aa:ff:00:4b]

RSSI: -51 [da:ee:aa:ff:00:4b]

RSSI: -57 [da:ee:aa:ff:01:5a]

RSSI: -57 [da:ee:aa:ff:01:5a]

RSSI: -57 [da:ee:aa:ff:01:5a]

RSSI: -57 [da:ee:aa:ff:01:5a]

RSSI: -68 [da:ee:aa:ff:00:5b]

RSSI: -57 [da:ee:aa:ff:01:5a]

RSSI: -64 [da:ee:aa:ff:00:5b]

RSSI: -57 [da:ee:aa:ff:01:5a]

RSSI: -51 [da:ee:aa:ff:00:5b]

RSSI: -57 [da:ee:aa:ff:01:5a]

RSSI: -66 [da:ee:aa:ff:00:5b]

RSSI: -67 [da:ee:aa:ff:00:5b]

RSSI: -70 [da:ee:aa:ff:00:7b]

RSSI: -56 [da:ee:aa:ff:01:6a]

RSSI: -71 [da:ee:aa:ff:00:7b]

RSSI: -56 [da:ee:aa:ff:01:6a]

RSSI: -70 [daў

Initialized RTC: 0x01Dev config complete
SCAN START
RSSI: -61 [da:ee:aa:ff:0d:ca]

RSSI: -64 [da:ee:aa:ff:0a:eb]

RSSI: -59 [da:ee:aa:ff:0a:fb]

RSSI: -87 [da:ee:aa:ff:05:ec]

RSSI: -58 [da:ee:aa:ff:0d:fa]

RSSI: -70 [da:ee:aa:ff:0b:0b]

RSSI: -70 [da:ee:aa:ff:0b:2b]

RSSI: -85 [da:ee:aa:ff:06:0c]

RSSI: -55 [da:ee:aa:ff:0e:1a]

RSSI: -71 [da:ee:aa:ff:0b:3b]

RSSI: -55 [da:ee:aa:ff:0e:3a]

RSSI: -55 [da:ee:aa:ff:0e:3a]

RSSI: -55 [da:ee:aa:ff:0e:3a]

RSSI: -56 [da:ee:aa:ff:0e:3a]

RSSI: -56 [da:ee:aa:ff:0e:3a]

RSSI: -56 [da:ee:aa:ff:0e:3a]

RSSI: -69 [da:ee:aa:ff:0b:5b]

RSSI: -61 [da:ee:aa:ff:0e:4a]

RSSI: -69 [da:ee:aa:ff:0b:5b]

RSSI: -70 [da:ee:aa:ff:0b:5b]

RSSI: -61 [da:ee:aa:ff:0e:4a]

RSSI: -70 [da:ee:aa:ff:0b:5b]

RSSI: -61 [da:ee:aa:ff:0e:4a]

RSSI: -70 [da:ee:aa:ff:0b:5b]

RSSI: -61 [da:ee:aa:ff:0e:4a]

RSSI: -70 [da:ee:aa:ff:0b:7b]

RSSI: -70 [da:ee:aa:ff:0b:7b]

RSSI: -61 [da:ee:aa:ff:0e:6a]

RSSI: -70 [da:ee:aa:ff:0b:7b]

RSSI: -60 [da:ee:aa:ff:0e:6a]

RSSI: -69 [da:ee:aa:ff:0b:7b]

RSSI: -61 [da:ee:aa:ff:0e:6a]

RSSI: -69 [da:ee:aa:ff:0b:7b]

RSSI: -61 [da:ee:aa:ff:0e:6a]

RSSI: -58 [da:ee:aa:ff:0e:6a]

RSSI: -70 [da:ee:aa:ff:0b:8b]

RSSI: -58 [da:ee:aa:ff:0e:8a]

RSSI: -70 [da:ee:aa:ff:0b:8b]

RSSI: -58 [da:ee:aa:ff:0e:8a]

RSSI: -70 [da:ee:aa:ff:0b:8b]

RSSI: -57 [da:ee:aa:ff:0e:8a]

RSSI: -70 [da:ee:aa:ff:0b:8b]

RSSI: -58 [da:ee:aa:ff:0e:8a]

RSSI: -70 [da:ee:aa:ff:0b:8b]

RSSI: -84 [da:ee:aa:ff:06:8c]

RSSI: -58 [da:ee:aa:ff:0e:8a]

RSSI: -70 [da:ee:aa:ff:0b:8b]

RSSI: -58 [da:ee:aa:ff:0e:8a]

RSSI: -70 [da:ee:aa:ff:0b:8b]

RSSI: -84 [da:ee:aa:ff:06:8c]

RSSI: -57 [da:ee:aa:ff:0e:8a]

RSSI: -86 [da:ee:aa:ff:06:8c]

RSSI: -58 [da:ee:aa:ff:0e:8a]

RSSI: -70 [da:ee:aa:ff:0b:ab]

RSSI: -56 [da:ee:aa:ff:0e:9a]

RSSI: -70 [da:ee:aa:ff:0b:ab]

RSSI: -71 [da:ee:aa:ff:0b:ab]

RSSI: -56 [da:ee:aa:ff:0e:9a]

RSSI: -71 [da:ee:aa:ff:0b:bb]

RSSI: -70 [da:ee:aa:ff:0b:bb]

RSSI: -56 [da:ee:aa:ff:0e:ba]

RSSI: -70 [da:ee:aa:ff:0b:bb]

RSSI: -56 [da:ee:aa:ff:0e:ba]

RSSI: -70 [da:ee:aa:ff:0b:bb]

RSSI: -56 [da:ee:aa:ff:0e:ba]

RSSI: -70 [da:ee:aa:ff:0b:bb]

RSSI: -56 [da:ee:aa:ff:0e:ba]

RSSI: -71 [da:ee:aa:ff:0b:bb]

RSSI: -69 [da:ee:aa:ff:0b:cb]

RSSI: -56 [da:ee:aa:ff:0e:da]

RSSI: -70 [da:ee:aa:ff:0b:cb]

RSSI: -60 [da:ee:aa:ff:0e:da]

RSSI: -70 [da:ee:aa:ff:0b:cb]

RSSI: -47 [da:ee:aa:ff:0e:da]

RSSI: -70 [da:ee:aa:ff:0b:cb]

RSSI: -53 [da:ee:aa:ff:0e:da]

RSSI: -70 [da:ee:aa:ff:0b:cb]

RSSI: -46 [da:ee:aa:ff:0e:da]

RSSI: -70 [da:ee:aa:ff:0b:cb]

RSSI: -47 [da:ee:aa:ff:0e:da]

RSSI: -55 [da:ee:aa:ff:0e:da]

RSSI: -70 [da:ee:aa:ff:0b:db]

RSSI: -60 [da:ee:aa:ff:0e:da]

RSSI: -53 [da:ee:aa:ff:0b:db]

RSSI: -52 [da:ee:aa:ff:0b:db]

RSSI: -57 [da:ee:aa:ff:0e:ea]

RSSI: -57 [da:ee:aa:ff:0e:ea]

RSSI: -53 [da:ee:aa:ff:0b:fb]

RSSI: -86 [da:ee:aa:ff:07:0c]

RSSI: -58 [da:ee:aa:ff:0e:ea]

RSSI: -55 [da:ee:aa:ff:0b:fb]

RSSI: -85 [da:ee:aa:ff:07:0c]

RSSI: -59 [da:ee:aa:ff:0b:fb]

RSSI: -56 [da:ee:aa:ff:0b:fb]

RSSI: -58 [da:ee:aa:ff:0f:0a]

RSSI: -70 [da:ee:aa:ff:0b:fb]

RSSI: -69 [da:ee:aa:ff:0b:fb]

RSSI: -58 [da:ee:aa:ff:0f:0a]

RSSI: -69 [da:ee:aa:ff:0b:fb]

RSSI: -57 [da:ee:aa:ff:0f:0a]

RSSI: -55 [da:ee:aa:ff:0f:2a]

RSSI: -55 [da:ee:aa:ff:0f:2a]

RSSI: -55 [da:ee:aa:ff:0f:2a]

RSSI: -55 [da:ee:aa:ff:0f:2a]

RSSI: -55 [da:ee:aa:ff:0f:2a]

RSSI: -70 [da:ee:aa:ff:0c:3b]

RSSI: -55 [da:ee:aa:ff:0f:2a]

RSSI: -70 [da:ee:aa:ff:0c:3b]

RSSI: -70 [da:ee:aa:ff:0c:3b]

RSSI: -70 [da:ee:aa:ff:0c:3b]

RSSI: -56 [da:ee:aa:ff:0f:3a]

RSSI: -60 [da:ee:aa:ff:0f:3a]

RSSI: -69 [da:ee:aa:ff:0c:5b]

RSSI: -60 [da:ee:aa:ff:0f:3a]

RSSI: -70 [da:ee:aa:ff:0c:5b]

RSSI: -69 [da:ee:aa:ff:0c:5b]

RSSI: -60 [da:ee:aa:ff:0f:5a]

RSSI: -70 [da:ee:aa:ff:0c:5b]

RSSI: -60 [da:ee:aa:ff:0f:5a]

RSSI: -70 [da:ee:aa:ff:0c:5b]

RSSI: -60 [da:ee:aa:ff:0f:5a]

RSSI: -70 [da:ee:aa:ff:0c:5b]

RSSI: -60 [da:ee:aa:ff:0f:5a]

RSSI: -70 [da:ee:aa:ff:0c:5b]

RSSI: -60 [da:ee:aa:ff:0f:5a]

RSSI: -60 [da:ee:aa:ff:0f:5a]

RSSI: -57 [da:ee:aa:ff:0f:6a]

RSSI: -70 [da:ee:aa:ff:0c:7b]

RSSI: -58 [da:ee:aa:ff:0f:6a]

RSSI: -70 [da:ee:aa:ff:0c:7b]

RSSI: -58 [da:ee:aa:ff:0f:6a]

RSSI: -70 [da:ee:aa:ff:0c:7b]

RSSI: -57 [da:ee:aa:ff:0f:6a]

RSSI: -70 [da:ee:aa:ff:0c:7b]

RSSI: -57 [da:ee:aa:ff:0f:6a]

RSSI: -57 [da:ee:aa:ff:0f:6a]

RSSI: -70 [da:ee:aa:ff:0c:9b]

RSSI: -70 [da:ee:aa:ff:0c:9b]

RSSI: -58 [da:ee:aa:ff:0f:7a]

RSSI: -70 [da:ee:aa:ff:0c:9b]

RSSI: -87 [da:ee:aa:ff:07:9c]

RSSI: -70 [da:ee:aa:ff:0c:9b]

RSSI: -70 [da:ee:aa:ff:0c:bb]

RSSI: -71 [da:ee:aa:ff:0c:bb]

RSSI: -56 [da:ee:aa:ff:0f:9a]

RSSI: -71 [da:ee:aa:ff:0c:bb]

RSSI: -56 [da:ee:aa:ff:0f:9a]

RSSI: -70 [da:ee:aa:ff:0c:bb]

RSSI: -56 [da:ee:aa:ff:0f:9a]

RSSI: -70 [da:ee:aa:ff:0c:bb]

RSSI: -56 [da:ee:aa:ff:0f:9a]

RSSI: -71 [da:ee:aa:ff:0c:bb]

RSSI: -56 [da:ee:aa:ff:0f:9a]

RSSI: -70 [da:ee:aa:ff:0c:bb]

RSSI: -56 [da:ee:aa:ff:0f:9a]

RSSI: -56 [da:ee:aa:ff:0f:9a]

RSSI: -56 [da:ee:aa:ff:0f:9a]

RSSI: -59 [da:ee:aa:ff:0f:ba]

RSSI: -69 [da:ee:aa:ff:0c:cb]

RSSI: -59 [da:ee:aa:ff:0f:ba]

RSSI: -70 [da:ee:aa:ff:0c:cb]

RSSI: -59 [da:ee:aa:ff:0f:ba]

RSSI: -69 [da:ee:aa:ff:0c:cb]

RSSI: -59 [da:ee:aa:ff:0f:ba]

RSSI: -69 [da:ee:aa:ff:0c:eb]

RSSI: -69 [da:ee:aa:ff:0c:eb]

RSSI: -59 [da:ee:aa:ff:0f:ca]

RSSI: -69 [da:ee:aa:ff:0c:eb]

RSSI: -60 [da:ee:aa:ff:0f:ca]

RSSI: -69 [da:ee:aa:ff:0c:eb]

RSSI: -59 [da:ee:aa:ff:0f:ca]

RSSI: -70 [da:ee:aa:ff:0c:eb]

RSSI: -59 [da:ee:aa:ff:0f:ca]

RSSI: -70 [da:ee:aa:ff:0d:0b]

RSSI: -70 [da:ee:aa:ff:0d:0b]

RSSI: -70 [da:ee:aa:ff:0d:0b]

RSSI: -70 [da:ee:aa:ff:0d:0b]

RSSI: -70 [da:ee:aa:ff:0d:0b]

RSSI: -70 [da:ee:aa:ff:0d:0b]

RSSI: -43 [da:ee:aa:ff:0f:ea]

RSSI: -70 [da:ee:aa:ff:0d:0b]

RSSI: -50 [da:ee:aa:ff:0f:ea]

RSSI: -53 [da:ee:aa:ff:0d:2b]

RSSI: -64 [da:ee:aa:ff:0d:2b]

RSSI: -55 [da:ee:aa:ff:0d:2b]

RSSI: -56 [da:ee:aa:ff:10:0a]

RSSI: -56 [da:ee:aa:ff:10:0a]

RSSI: -70 [da:ee:aa:ff:0d:4b]

RSSI: -53 [da:ee:aa:ff:0d:4b]

RSSI: -64 [da:ee:aa:ff:0d:4b]

RSSI: -92 [da:ee:aa:ff:08:3c]

RSSI: -70 [da:ee:aa:ff:0d:4b]

RSSI: -56 [da:ee:aa:ff:10:1a]

RSSI: -53 [da:ee:aa:ff:0d:4b]

RSSI: -56 [da:ee:aa:ff:10:1a]

RSSI: -70 [da:ee:aa:ff:0d:4b]

RSSI: -56 [da:ee:aa:ff:10:1a]

RSSI: -70 [da:ee:aa:ff:0d:4b]

RSSI: -56 [da:ee:aa:ff:10:1a]

RSSI: -59 [da:ee:aa:ff:10:2a]

RSSI: -69 [da:ee:aa:ff:0d:6b]

RSSI: -59 [da:ee:aa:ff:10:2a]

RSSI: -69 [da:ee:aa:ff:0d:6b]

RSSI: -59 [da:ee:aa:ff:10:2a]

RSSI: -69 [da:ee:aa:ff:0d:6b]

RSSI: -59 [da:ee:aa:ff:10:2a]

RSSI: -69 [da:ee:aa:ff:0d:6b]

RSSI: -59 [da:ee:aa:ff:10:2a]

RSSI: -59 [da:ee:aa:ff:10:2a]

RSSI: -69 [da:ee:aa:ff:0d:7b]

RSSI: -59 [da:ee:aa:ff:10:2a]

RSSI: -69 [da:ee:aa:ff:0d:7b]

RSSI: -59 [da:ee:aa:ff:10:2a]

RSSI: -69 [da:ee:aa:ff:0d:7b]

RSSI: -57 [da:ee:aa:ff:10:4a]

RSSI: -70 [da:ee:aa:ff:0d:9b]

RSSI: -57 [da:ee:aa:ff:10:4a]

RSSI: -70 [da:ee:aa:ff:0d:9b]

RSSI: -57 [da:ee:aa:ff:10:4a]

RSSI: -70 [da:ee:aa:ff:0d:9b]

RSSI: -57 [da:ee:aa:ff:10:6a]

RSSI: -57 [da:ee:aa:ff:10:6a]

RSSI: -56 [da:ee:aa:ff:10:8a]

RSSI: -71 [da:ee:aa:ff:0d:ab]

RSSI: -56 [da:ee:aa:ff:10:8a]

RSSI: -71 [da:ee:aa:ff:0d:ab]

RSSI: -56 [da:ee:aa:ff:10:8a]

RSSI: -57 [da:ee:aa:ff:10:8a]

RSSI: -56 [da:ee:aa:ff:10:8a]

RSSI: -71 [da:ee:aa:ff:0d:cb]

RSSI: -71 [da:ee:aa:ff:0d:cb]

RSSI: -71 [da:ee:aa:ff:0d:cb]

RSSI: -71 [da:ee:aa:ff:0d:cb]

RSSI: -56 [da:ee:aa:ff:10:aa]

RSSI: -71 [da:ee:aa:ff:0d:cb]

RSSI: -68 [da:ee:aa:ff:0d:eb]

RSSI: -58 [da:ee:aa:ff:10:aa]

RSSI: -68 [da:ee:aa:ff:0d:eb]

RSSI: -68 [da:ee:aa:ff:0d:eb]

RSSI: -58 [da:ee:aa:ff:10:ca]

RSSI: -69 [da:ee:aa:ff:0d:eb]

RSSI: -58 [da:ee:aa:ff:10:ca]

RSSI: -69 [da:ee:aa:ff:0d:eb]

RSSI: -58 [da:ee:aa:ff:10:ca]

RSSI: -69 [da:ee:aa:ff:0d:eb]

RSSI: -58 [da:ee:aa:ff:10:ca]

RSSI: -69 [da:ee:aa:ff:0d:eb]

RSSI: -69 [da:ee:aa:ff:0d:fb]

RSSI: -58 [da:ee:aa:ff:10:ca]

RSSI: -69 [da:ee:aa:ff:0d:fb]

RSSI: -58 [da:ee:aa:ff:10:ca]

RSSI: -70 [da:ee:aa:ff:0e:0b]

RSSI: -70 [da:ee:aa:ff:0e:0b]

RSSI: -70 [da:ee:aa:ff:0e:0b]

RSSI: -57 [da:ee:aa:ff:10:ea]

RSSI: -70 [da:ee:aa:ff:0e:0b]

RSSI: -70 [da:ee:aa:ff:0e:0b]

RSSI: -56 [da:ee:aa:ff:10:fa]

RSSI: -84 [da:ee:aa:ff:09:0c]

RSSI: -70 [da:ee:aa:ff:0e:0b]

RSSI: -57 [da:ee:aa:ff:10:fa]

RSSI: -83 [da:ee:aa:ff:09:0c]

RSSI: -70 [da:ee:aa:ff:0e:0b]

RSSI: -83 [da:ee:aa:ff:09:0c]

RSSI: -71 [da:ee:aa:ff:0e:1b]

RSSI: -71 [da:ee:aa:ff:0e:1b]

RSSI: -72 [da:ee:aa:ff:0e:1b]

RSSI: -48 [da:ee:aa:ff:11:1a]

RSSI: -72 [da:ee:aa:ff:0e:1b]

RSSI: -64 [da:ee:aa:ff:0e:3b]

RSSI: -71 [da:ee:aa:ff:0e:3b]

RSSI: -52 [da:ee:aa:ff:0e:4b]

RSSI: -44 [da:ee:aa:ff:11:3a]

RSSI: -51 [da:ee:aa:ff:0e:4b]

RSSI: -58 [da:ee:aa:ff:11:3a]

RSSI: -51 [da:ee:aa:ff:0e:4b]

RSSI: -58 [da:ee:aa:ff:11:3a]

RSSI: -51 [da:ee:aa:ff:0e:4b]

RSSI: -58 [da:ee:aa:ff:11:3a]

RSSI: -68 [da:ee:aa:ff:0e:4b]

RSSI: -68 [da:ee:aa:ff:0e:4b]

RSSI: -58 [da:ee:aa:ff:11:5a]

RSSI: -68 [da:ee:aa:ff:0e:4b]

RSSI: -58 [da:ee:aa:ff:11:5a]

RSSI: -69 [da:ee:aa:ff:0e:4b]

RSSI: -58 [da:ee:aa:ff:11:5a]

RSSI: -58 [da:ee:aa:ff:11:5a]

RSSI: -68 [da:ee:aa:ff:0e:6b]

RSSI: -70 [da:ee:aa:ff:0e:6b]

RSSI: -70 [da:ee:aa:ff:0e:6b]

RSSI: -57 [da:ee:aa:ff:11:6a]

RSSI: -71 [da:ee:aa:ff:0e:6b]

RSSI: -57 [da:ee:aa:ff:11:6a]

RSSI: -57 [da:ee:aa:ff:11:6a]

RSSI: -85 [da:ee:aa:ff:09:8c]

RSSI: -70 [da:ee:aa:ff:0e:8b]

RSSI: -70 [da:ee:aa:ff:0e:8b]

RSSI: -57 [da:ee:aa:ff:11:6a]

RSSI: -70 [da:ee:aa:ff:0e:8b]

RSSI: -70 [da:ee:aa:ff:0e:8b]

RSSI: -57 [da:ee:aa:ff:11:6a]

RSSI: -70 [da:ee:aa:ff:0e:8b]

RSSI: -84 [da:ee:aa:ff:09:8c]

RSSI: -70 [da:ee:aa:ff:0e:8b]

RSSI: -71 [da:ee:aa:ff:0e:9b]

RSSI: -57 [da:ee:aa:ff:11:8a]

RSSI: -71 [da:ee:aa:ff:0e:9b]

RSSI: -57 [da:ee:aa:ff:11:8a]

RSSI: -71 [da:ee:aa:ff:0e:9b]

RSSI: -57 [da:ee:aa:ff:11:8a]

RSSI: -71 [da:ee:aa:ff:0e:9b]

RSSI: -71 [da:ee:aa:ff:0e:9b]

RSSI: -57 [da:ee:aa:ff:11:aa]

RSSI: -57 [da:ee:aa:ff:11:aa]

RSSI: -57 [da:ee:aa:ff:11:aa]

RSSI: -71 [da:ee:aa:ff:0e:bb]

RSSI: -57 [da:ee:aa:ff:11:aa]

RSSI: -71 [da:ee:aa:ff:0e:bb]

RSSI: -56 [da:ee:aa:ff:11:aa]

RSSI: -58 [da:ee:aa:ff:11:ba]

RSSI: -58 [da:ee:aa:ff:11:ba]

RSSI: -68 [da:ee:aa:ff:0e:db]

RSSI: -58 [da:ee:aa:ff:11:ba]

RSSI: -69 [da:ee:aa:ff:0e:db]

RSSI: -58 [da:ee:aa:ff:11:ba]

RSSI: -58 [da:ee:aa:ff:11:ba]

RSSI: -68 [da:ee:aa:ff:0e:db]

RSSI: -58 [da:ee:aa:ff:11:ba]

RSSI: -69 [da:ee:aa:ff:0e:db]

RSSI: -58 [da:ee:aa:ff:11:ba]

RSSI: -68 [da:ee:aa:ff:0e:db]

RSSI: -69 [da:ee:aa:ff:0e:db]

RSSI: -68 [da:ee:aa:ff:0e:db]

RSSI: -58 [da:ee:aa:ff:11:da]

RSSI: -70 [da:ee:aa:ff:0e:eb]

RSSI: -56 [da:ee:aa:ff:11:da]

RSSI: -70 [da:ee:aa:ff:0e:eb]

RSSI: -70 [da:ee:aa:ff:0e:eb]

RSSI: -56 [da:ee:aa:ff:11:fa]

RSSI: -70 [da:ee:aa:ff:0e:eb]

RSSI: -56 [da:ee:aa:ff:11:fa]

RSSI: -56 [da:ee:aa:ff:11:fa]

RSSI: -84 [da:ee:aa:ff:0a:0c]

RSSI: -56 [da:ee:aa:ff:11:fa]

RSSI: -84 [da:ee:aa:ff:0a:0c]

RSSI: -56 [da:ee:aa:ff:11:fa]

RSSI: -56 [da:ee:aa:ff:11:fa]

RSSI: -57 [da:ee:aa:ff:12:0a]

RSSI: -72 [da:ee:aa:ff:0f:2b]

RSSI: -57 [da:ee:aa:ff:12:0a]

RSSI: -72 [da:ee:aa:ff:0f:2b]

RSSI: -57 [da:ee:aa:ff:12:0a]

RSSI: -71 [da:ee:aa:ff:0f:2b]

RSSI: -57 [da:ee:aa:ff:12:0a]

RSSI: -72 [da:ee:aa:ff:0f:2b]

RSSI: -57 [da:ee:aa:ff:12:0a]

RSSI: -72 [da:ee:aa:ff:0f:2b]

RSSI: -57 [da:ee:aa:ff:12:0a]

RSSI: -72 [da:ee:aa:ff:0f:2b]

RSSI: -72 [da:ee:aa:ff:0f:2b]

RSSI: -57 [da:ee:aa:ff:12:2a]

RSSI: -57 [da:ee:aa:ff:12:2a]

RSSI: -68 [da:ee:aa:ff:0f:3b]

RSSI: -57 [da:ee:aa:ff:12:2a]

RSSI: -69 [da:ee:aa:ff:0f:3b]

RSSI: -68 [da:ee:aa:ff:0f:3b]

RSSI: -57 [da:ee:aa:ff:12:3a]

RSSI: -68 [da:ee:aa:ff:0f:5b]

RSSI: -58 [da:ee:aa:ff:12:3a]

RSSI: -61 [da:ee:aa:ff:0f:5b]

RSSI: -51 [da:ee:aa:ff:0f:5b]

RSSI: -54 [da:ee:aa:ff:12:3a]

RSSI: -66 [da:ee:aa:ff:0f:5b]

RSSI: -44 [da:ee:aa:ff:12:3a]

RSSI: -67 [da:ee:aa:ff:0f:5b]

RSSI: -55 [da:ee:aa:ff:12:3a]

RSSI: -51 [da:ee:aa:ff:0f:5b]

RSSI: -57 [da:ee:aa:ff:12:3a]

RSSI: -53 [da:ee:aa:ff:0f:7b]

RSSI: -55 [da:ee:aa:ff:12:4a]

RSSI: -55 [da:ee:aa:ff:12:4a]

RSSI: -55 [da:ee:aa:ff:12:6a]

RSSI: -55 [da:ee:aa:ff:12:6a]

RSSI: -84 [da:ee:aa:ff:0a:7c]

RSSI: -70 [da:ee:aa:ff:0f:9b]

RSSI: -55 [da:ee:aa:ff:12:6a]

RSSI: -70 [da:ee:aa:ff:0f:9b]

RSSI: -55 [da:ee:aa:ff:12:6a]

RSSI: -57 [da:ee:aa:ff:12:8a]

RSSI: -72 [da:ee:aa:ff:0f:ab]

RSSI: -57 [da:ee:aa:ff:12:8a]

RSSI: -72 [da:ee:aa:ff:0f:ab]

RSSI: -57 [da:ee:aa:ff:12:8a]

RSSI: -72 [da:ee:aa:ff:0f:ab]

RSSI: -57 [da:ee:aa:ff:12:8a]

RSSI: -72 [da:ee:aa:ff:0f:ab]

RSSI: -57 [da:ee:aa:ff:12:8a]

RSSI: -72 [da:ee:aa:ff:0f:ab]

RSSI: -57 [da:ee:aa:ff:12:8a]

RSSI: -72 [da:ee:aa:ff:0f:ab]

RSSI: -72 [da:ee:aa:ff:0f:ab]

RSSI: -72 [da:ee:aa:ff:0f:ab]

RSSI: -57 [da:ee:aa:ff:12:9a]

RSSI: -68 [da:ee:aa:ff:0f:cb]

RSSI: -57 [da:ee:aa:ff:12:9a]

RSSI: -68 [da:ee:aa:ff:0f:cb]

RSSI: -57 [da:ee:aa:ff:12:9a]

RSSI: -68 [da:ee:aa:ff:0f:cb]

RSSI: -57 [da:ee:aa:ff:12:9a]

RSSI: -67 [da:ee:aa:ff:0f:cb]

RSSI: -57 [da:ee:aa:ff:12:ba]

RSSI: -69 [da:ee:aa:ff:0f:fb]

RSSI: -69 [da:ee:aa:ff:0f:fb]

RSSI: -86 [da:ee:aa:ff:0a:fc]

RSSI: -69 [da:ee:aa:ff:0f:fb]

RSSI: -69 [da:ee:aa:ff:0f:fb]

RSSI: -69 [da:ee:aa:ff:0f:fb]

RSSI: -69 [da:ee:aa:ff:0f:fb]

RSSI: -69 [da:ee:aa:ff:0f:fb]

RSSI: -69 [da:ee:aa:ff:0f:fb]

RSSI: -57 [da:ee:aa:ff:12:ea]

RSSI: -72 [da:ee:aa:ff:10:1b]

RSSI: -57 [da:ee:aa:ff:12:ea]

RSSI: -57 [da:ee:aa:ff:13:0a]

RSSI: -73 [da:ee:aa:ff:10:3b]

RSSI: -57 [da:ee:aa:ff:13:0a]

RSSI: -73 [da:ee:aa:ff:10:3b]

RSSI: -57 [da:ee:aa:ff:13:0a]

RSSI: -73 [da:ee:aa:ff:10:3b]

RSSI: -57 [da:ee:aa:ff:13:0a]

RSSI: -73 [da:ee:aa:ff:10:3b]

RSSI: -73 [da:ee:aa:ff:10:3b]

RSSI: -57 [da:ee:aa:ff:13:0a]

RSSI: -57 [da:ee:aa:ff:13:2a]

RSSI: -68 [da:ee:aa:ff:10:5b]

RSSI: -57 [da:ee:aa:ff:13:2a]

RSSI: -67 [da:ee:aa:ff:10:5b]

RSSI: -57 [da:ee:aa:ff:13:2a]

RSSI: -67 [da:ee:aa:ff:10:5b]

RSSI: -57 [da:ee:aa:ff:13:2a]

RSSI: -67 [da:ee:aa:ff:10:5b]

RSSI: -57 [da:ee:aa:ff:13:2a]

RSSI: -67 [da:ee:aa:ff:10:5b]

RSSI: -57 [da:ee:aa:ff:13:2a]

RSSI: -68 [da:ee:aa:ff:10:5b]

RSSI: -57 [da:ee:aa:ff:13:2a]

RSSI: -67 [da:ee:aa:ff:10:5b]

RSSI: -67 [da:ee:aa:ff:10:7b]

RSSI: -67 [da:ee:aa:ff:10:7b]

RSSI: -68 [da:ee:aa:ff:10:7b]

RSSI: -69 [da:ee:aa:ff:10:7b]

RSSI: -55 [da:ee:aa:ff:13:3a]

RSSI: -83 [da:ee:aa:ff:0b:7c]

RSSI: -53 [da:ee:aa:ff:10:8b]

RSSI: -55 [da:ee:aa:ff:13:5a]

RSSI: -83 [da:ee:aa:ff:0b:7c]

RSSI: -53 [da:ee:aa:ff:10:8b]

RSSI: -59 [da:ee:aa:ff:10:8b]

RSSI: -47 [da:ee:aa:ff:13:5a]

RSSI: -84 [da:ee:aa:ff:0b:7c]

RSSI: -57 [da:ee:aa:ff:10:8b]

RSSI: -84 [da:ee:aa:ff:0b:7c]

RSSI: -53 [da:ee:aa:ff:10:8b]

RSSI: -42 [da:ee:aa:ff:13:5a]

RSSI: -66 [da:ee:aa:ff:10:8b]

RSSI: -69 [da:ee:aa:ff:10:8b]

RSSI: -48 [da:ee:aa:ff:13:5a]

RSSI: -84 [da:ee:aa:ff:0b:9c]

RSSI: -72 [da:ee:aa:ff:10:ab]

RSSI: -49 [da:ee:aa:ff:13:7a]

RSSI: -55 [da:ee:aa:ff:10:ab]

RSSI: -74 [da:ee:aa:ff:10:ab]

RSSI: -72 [da:ee:aa:ff:10:ab]

RSSI: -58 [da:ee:aa:ff:13:7a]

RSSI: -73 [da:ee:aa:ff:10:ab]

RSSI: -58 [da:ee:aa:ff:13:7a]

RSSI: -73 [da:ee:aa:ff:10:cb]

RSSI: -73 [da:ee:aa:ff:10:cb]

RSSI: -58 [da:ee:aa:ff:13:9a]

RSSI: -73 [da:ee:aa:ff:10:cb]

RSSI: -58 [da:ee:aa:ff:13:9a]

RSSI: -73 [da:ee:aa:ff:10:cb]

RSSI: -57 [da:ee:aa:ff:13:9a]

RSSI: -68 [da:ee:aa:ff:10:db]

RSSI: -67 [da:ee:aa:ff:10:db]

RSSI: -57 [da:ee:aa:ff:13:ba]

RSSI: -68 [da:ee:aa:ff:10:db]

RSSI: -57 [da:ee:aa:ff:13:ba]

RSSI: -67 [da:ee:aa:ff:10:db]

RSSI: -57 [da:ee:aa:ff:13:ba]

RSSI: -68 [da:ee:aa:ff:10:db]

RSSI: -57 [da:ee:aa:ff:13:ba]

RSSI: -68 [da:ee:aa:ff:10:db]

RSSI: -57 [da:ee:aa:ff:13:ba]

RSSI: -68 [da:ee:aa:ff:10:db]

RSSI: -57 [da:ee:aa:ff:13:ba]

RSSI: -67 [da:ee:aa:ff:10:db]

RSSI: -57 [da:ee:aa:ff:13:ba]

RSSI: -57 [da:ee:aa:ff:13:ba]

RSSI: -68 [da:ee:aa:ff:10:fb]

RSSI: -55 [da:ee:aa:ff:13:da]

RSSI: -69 [da:ee:aa:ff:10:fb]

RSSI: -55 [da:ee:aa:ff:13:da]

RSSI: -70 [da:ee:aa:ff:10:fb]

RSSI: -55 [da:ee:aa:ff:13:da]

RSSI: -55 [da:ee:aa:ff:13:da]

RSSI: -55 [da:ee:aa:ff:13:da]

RSSI: -69 [da:ee:aa:ff:11:1b]

RSSI: -83 [da:ee:aa:ff:0b:fc]

RSSI: -69 [da:ee:aa:ff:11:1b]

RSSI: -69 [da:ee:aa:ff:11:1b]

RSSI: -83 [da:ee:aa:ff:0b:fc]

RSSI: -55 [da:ee:aa:ff:13:ea]

RSSI: -69 [da:ee:aa:ff:11:1b]

RSSI: -55 [da:ee:aa:ff:13:ea]

RSSI: -69 [da:ee:aa:ff:11:1b]

RSSI: -55 [da:ee:aa:ff:13:ea]

RSSI: -69 [da:ee:aa:ff:11:1b]

RSSI: -73 [da:ee:aa:ff:11:2b]

RSSI: -58 [da:ee:aa:ff:14:0a]

RSSI: -73 [da:ee:aa:ff:11:2b]

RSSI: -58 [da:ee:aa:ff:14:0a]

RSSI: -73 [da:ee:aa:ff:11:2b]

RSSI: -57 [da:ee:aa:ff:14:0a]

RSSI: -73 [da:ee:aa:ff:11:2b]

RSSI: -57 [da:ee:aa:ff:14:0a]

RSSI: -73 [da:ee:aa:ff:11:2b]

RSSI: -58 [da:ee:aa:ff:14:0a]

RSSI: -73 [da:ee:aa:ff:11:2b]

RSSI: -88 [da:ee:aa:ff:0c:1c]

RSSI: -57 [da:ee:aa:ff:14:0a]

RSSI: -57 [da:ee:aa:ff:14:0a]

RSSI: -73 [da:ee:aa:ff:11:4b]

RSSI: -57 [da:ee:aa:ff:14:0a]

RSSI: -74 [da:ee:aa:ff:11:4b]

RSSI: -57 [da:ee:aa:ff:14:2a]

RSSI: -68 [da:ee:aa:ff:11:4b]

RSSI: -68 [da:ee:aa:ff:11:5b]

RSSI: -57 [da:ee:aa:ff:14:2a]

RSSI: -68 [da:ee:aa:ff:11:5b]

RSSI: -68 [da:ee:aa:ff:11:5b]

RSSI: -68 [da:ee:aa:ff:11:5b]

RSSI: -57 [da:ee:aa:ff:14:3a]

RSSI: -68 [da:ee:aa:ff:11:5b]

RSSI: -57 [da:ee:aa:ff:14:3a]

RSSI: -68 [da:ee:aa:ff:11:5b]

RSSI: -57 [da:ee:aa:ff:14:3a]

RSSI: -68 [da:ee:aa:ff:11:5b]

RSSI: -57 [da:ee:aa:ff:14:3a]

RSSI: -90 [da:ee:aa:ff:0c:4c]

RSSI: -68 [da:ee:aa:ff:11:5b]

RSSI: -57 [da:ee:aa:ff:14:3a]

RSSI: -83 [da:ee:aa:ff:0c:6c]

RSSI: -55 [da:ee:aa:ff:14:5a]

RSSI: -84 [da:ee:aa:ff:0c:6c]

RSSI: -55 [da:ee:aa:ff:14:5a]

RSSI: -70 [da:ee:aa:ff:11:6b]

RSSI: -55 [da:ee:aa:ff:14:5a]

RSSI: -83 [da:ee:aa:ff:0c:6c]

RSSI: -55 [da:ee:aa:ff:14:5a]

RSSI: -56 [da:ee:aa:ff:14:5a]

RSSI: -70 [da:ee:aa:ff:11:8b]

RSSI: -55 [da:ee:aa:ff:14:5a]

RSSI: -70 [da:ee:aa:ff:11:8b]

RSSI: -83 [da:ee:aa:ff:0c:8c]

RSSI: -56 [da:ee:aa:ff:14:5a]

RSSI: -70 [da:ee:aa:ff:11:8b]

RSSI: -70 [da:ee:aa:ff:11:8b]

RSSI: -83 [da:ee:aa:ff:0c:8c]

RSSI: -55 [da:ee:aa:ff:14:7a]

RSSI: -57 [da:ee:aa:ff:14:7a]

RSSI: -62 [da:ee:aa:ff:11:ab]

RSSI: -57 [da:ee:aa:ff:14:7a]

RSSI: -59 [da:ee:aa:ff:11:ab]

RSSI: -55 [da:ee:aa:ff:11:ab]

RSSI: -48 [da:ee:aa:ff:14:9a]

RSSI: -56 [da:ee:aa:ff:11:ab]

RSSI: -57 [da:ee:aa:ff:14:9a]

RSSI: -68 [da:ee:aa:ff:11:bb]

RSSI: -43 [da:ee:aa:ff:14:ba]

RSSI: -68 [da:ee:aa:ff:11:bb]

RSSI: -43 [da:ee:aa:ff:14:ba]

RSSI: -68 [da:ee:aa:ff:11:bb]

RSSI: -57 [da:ee:aa:ff:14:ba]

RSSI: -57 [da:ee:aa:ff:14:ba]

RSSI: -68 [da:ee:aa:ff:11:cb]

RSSI: -57 [da:ee:aa:ff:14:ba]

RSSI: -68 [da:ee:aa:ff:11:cb]

RSSI: -57 [da:ee:aa:ff:14:ba]

RSSI: -68 [da:ee:aa:ff:11:cb]

RSSI: -57 [da:ee:aa:ff:14:ba]

RSSI: -68 [da:ee:aa:ff:11:cb]

RSSI: -67 [da:ee:aa:ff:11:cb]

RSSI: -57 [da:ee:aa:ff:14:da]

RSSI: -68 [da:ee:aa:ff:11:cb]

RSSI: -56 [da:ee:aa:ff:14:da]

RSSI: -55 [da:ee:aa:ff:14:da]

RSSI: -70 [da:ee:aa:ff:11:db]

RSSI: -70 [da:ee:aa:ff:11:db]

RSSI: -86 [da:ee:aa:ff:0c:ec]

RSSI: -70 [da:ee:aa:ff:11:db]

RSSI: -55 [da:ee:aa:ff:14:ea]

RSSI: -70 [da:ee:aa:ff:11:db]

RSSI: -55 [da:ee:aa:ff:14:ea]

RSSI: -70 [da:ee:aa:ff:11:db]

RSSI: -55 [da:ee:aa:ff:14:ea]

RSSI: -70 [da:ee:aa:ff:11:db]

RSSI: -55 [da:ee:aa:ff:14:ea]

RSSI: -55 [da:ee:aa:ff:14:ea]

RSSI: -70 [da:ee:aa:ff:11:eb]

RSSI: -55 [da:ee:aa:ff:14:ea]

RSSI: -85 [da:ee:aa:ff:0c:ec]

RSSI: -55 [da:ee:aa:ff:14:ea]

RSSI: -57 [da:ee:aa:ff:15:0a]

RSSI: -89 [da:ee:aa:ff:0d:0c]

RSSI: -57 [da:ee:aa:ff:15:0a]

RSSI: -73 [da:ee:aa:ff:11:fb]

RSSI: -57 [da:ee:aa:ff:15:0a]

RSSI: -73 [da:ee:aa:ff:11:fb]

RSSI: -57 [da:ee:aa:ff:15:0a]

RSSI: -73 [da:ee:aa:ff:11:fb]

RSSI: -57 [da:ee:aa:ff:15:0a]

RSSI: -73 [da:ee:aa:ff:11:fb]

RSSI: -73 [da:ee:aa:ff:11:fb]

RSSI: -57 [da:ee:aa:ff:15:2a]

RSSI: -57 [da:ee:aa:ff:15:2a]

RSSI: -57 [da:ee:aa:ff:15:2a]

RSSI: -69 [da:ee:aa:ff:12:1b]

RSSI: -68 [da:ee:aa:ff:12:1b]

RSSI: -57 [da:ee:aa:ff:15:3a]

RSSI: -68 [da:ee:aa:ff:12:1b]

RSSI: -57 [da:ee:aa:ff:15:3a]

RSSI: -69 [da:ee:aa:ff:12:1b]

RSSI: -57 [da:ee:aa:ff:15:3a]

RSSI: -57 [da:ee:aa:ff:15:3a]

RSSI: -57 [da:ee:aa:ff:15:3a]

RSSI: -57 [da:ee:aa:ff:15:3a]

RSSI: -57 [da:ee:aa:ff:15:3a]

RSSI: -57 [da:ee:aa:ff:15:3a]

RSSI: -55 [da:ee:aa:ff:15:5a]

RSSI: -55 [da:ee:aa:ff:15:5a]

RSSI: -55 [da:ee:aa:ff:15:5a]

RSSI: -82 [da:ee:aa:ff:0d:5c]

RSSI: -55 [da:ee:aa:ff:15:5a]

RSSI: -83 [da:ee:aa:ff:0d:5c]

RSSI: -55 [da:ee:aa:ff:15:5a]

RSSI: -70 [da:ee:aa:ff:12:4b]

RSSI: -84 [da:ee:aa:ff:0d:7c]

RSSI: -55 [da:ee:aa:ff:15:6a]

RSSI: -70 [da:ee:aa:ff:12:4b]

RSSI: -85 [da:ee:aa:ff:0d:7c]

RSSI: -55 [da:ee:aa:ff:15:6a]

RSSI: -70 [da:ee:aa:ff:12:4b]

RSSI: -55 [da:ee:aa:ff:15:6a]

RSSI: -55 [da:ee:aa:ff:15:6a]

RSSI: -73 [da:ee:aa:ff:12:6b]

RSSI: -57 [da:ee:aa:ff:15:7a]

RSSI: -57 [da:ee:aa:ff:15:7a]

RSSI: -57 [da:ee:aa:ff:15:7a]

RSSI: -57 [da:ee:aa:ff:15:7a]

RSSI: -73 [da:ee:aa:ff:12:8b]

RSSI: -57 [da:ee:aa:ff:15:7a]

RSSI: -73 [da:ee:aa:ff:12:8b]

RSSI: -57 [da:ee:aa:ff:15:7a]

RSSI: -73 [da:ee:aa:ff:12:8b]

RSSI: -57 [da:ee:aa:ff:15:7a]

RSSI: -73 [da:ee:aa:ff:12:8b]

RSSI: -73 [da:ee:aa:ff:12:8b]

RSSI: -57 [da:ee:aa:ff:15:9a]

RSSI: -67 [da:ee:aa:ff:12:ab]

RSSI: -57 [da:ee:aa:ff:15:9a]

RSSI: -64 [da:ee:aa:ff:12:ab]

RSSI: -57 [da:ee:aa:ff:15:9a]

RSSI: -57 [da:ee:aa:ff:15:9a]

RSSI: -54 [da:ee:aa:ff:12:ab]

RSSI: -68 [da:ee:aa:ff:12:ab]

RSSI: -57 [da:ee:aa:ff:15:ba]

RSSI: -61 [da:ee:aa:ff:12:ab]

RSSI: -57 [da:ee:aa:ff:15:ba]

RSSI: -68 [da:ee:aa:ff:12:ab]

RSSI: -49 [da:ee:aa:ff:15:ba]

RSSI: -69 [da:ee:aa:ff:12:cb]

RSSI: -47 [da:ee:aa:ff:15:ca]

RSSI: -70 [da:ee:aa:ff:12:db]

RSSI: -51 [da:ee:aa:ff:15:ca]

RSSI: -70 [da:ee:aa:ff:12:db]

RSSI: -70 [da:ee:aa:ff:12:db]

RSSI: -55 [da:ee:aa:ff:15:ca]

RSSI: -70 [da:ee:aa:ff:12:db]

RSSI: -55 [da:ee:aa:ff:15:ca]

RSSI: -70 [da:ee:aa:ff:12:db]

RSSI: -55 [da:ee:aa:ff:15:ca]

RSSI: -70 [da:ee:aa:ff:12:db]

RSSI: -73 [da:ee:aa:ff:12:eb]

RSSI: -57 [da:ee:aa:ff:15:ea]

RSSI: -57 [da:ee:aa:ff:15:ea]

RSSI: -73 [da:ee:aa:ff:12:eb]

RSSI: -73 [da:ee:aa:ff:12:eb]

RSSI: -57 [da:ee:aa:ff:16:0a]

RSSI: -57 [da:ee:aa:ff:16:0a]

RSSI: -73 [da:ee:aa:ff:13:0b]

RSSI: -57 [da:ee:aa:ff:16:0a]

RSSI: -72 [da:ee:aa:ff:13:0b]

RSSI: -57 [da:ee:aa:ff:16:0a]

RSSI: -73 [da:ee:aa:ff:13:0b]

RSSI: -57 [da:ee:aa:ff:16:0a]

RSSI: -73 [da:ee:aa:ff:13:0b]

RSSI: -69 [da:ee:aa:ff:13:1b]

RSSI: -57 [da:ee:aa:ff:16:3a]

RSSI: -68 [da:ee:aa:ff:13:1b]

RSSI: -56 [da:ee:aa:ff:16:3a]

RSSI: -69 [da:ee:aa:ff:13:3b]

RSSI: -70 [da:ee:aa:ff:13:3b]

RSSI: -70 [da:ee:aa:ff:13:3b]

RSSI: -70 [da:ee:aa:ff:13:3b]

RSSI: -83 [da:ee:aa:ff:0e:5c]

RSSI: -55 [da:ee:aa:ff:16:5a]

RSSI: -55 [da:ee:aa:ff:16:5a]

RSSI: -70 [da:ee:aa:ff:13:5b]

RSSI: -55 [da:ee:aa:ff:16:5a]

RSSI: -71 [da:ee:aa:ff:13:5b]

RSSI: -55 [da:ee:aa:ff:16:5a]

RSSI: -70 [da:ee:aa:ff:13:5b]

RSSI: -55 [da:ee:aa:ff:16:5a]

RSSI: -70 [da:ee:aa:ff:13:5b]

RSSI: -55 [da:ee:aa:ff:16:5a]

RSSI: -70 [da:ee:aa:ff:13:5b]

RSSI: -55 [da:ee:aa:ff:16:5a]

RSSI: -70 [da:ee:aa:ff:13:5b]

RSSI: -72 [da:ee:aa:ff:13:6b]

RSSI: -56 [da:ee:aa:ff:16:6a]

RSSI: -73 [da:ee:aa:ff:13:6b]

RSSI: -56 [da:ee:aa:ff:16:6a]

RSSI: -72 [da:ee:aa:ff:13:6b]

RSSI: -56 [da:ee:aa:ff:16:6a]

RSSI: -72 [da:ee:aa:ff:13:6b]

RSSI: -56 [da:ee:aa:ff:16:6a]

RSSI: -72 [da:ee:aa:ff:13:6b]

RSSI: -72 [da:ee:aa:ff:13:6b]

RSSI: -56 [da:ee:aa:ff:00:0a]

RSSI: -56 [da:ee:aa:ff:00:0a]

RSSI: -73 [da:ee:aa:ff:13:8b]

RSSI: -57 [da:ee:aa:ff:00:0a]

RSSI: -72 [da:ee:aa:ff:13:8b]

RSSI: -69 [da:ee:aa:ff:13:8b]

RSSI: -57 [da:ee:aa:ff:00:2a]

RSSI: -68 [da:ee:aa:ff:13:ab]

RSSI: -57 [da:ee:aa:ff:00:2a]

RSSI: -68 [da:ee:aa:ff:13:ab]

RSSI: -57 [da:ee:aa:ff:00:2a]

RSSI: -69 [da:ee:aa:ff:13:ab]

RSSI: -57 [da:ee:aa:ff:00:2a]

RSSI: -90 [da:ee:aa:ff:0e:bc]

RSSI: -68 [da:ee:aa:ff:13:ab]

RSSI: -57 [da:ee:aa:ff:00:2a]

RSSI: -69 [da:ee:aa:ff:13:ab]

RSSI: -57 [da:ee:aa:ff:00:2a]

RSSI: -69 [da:ee:aa:ff:13:ab]

RSSI: -57 [da:ee:aa:ff:00:2a]

RSSI: -69 [da:ee:aa:ff:13:ab]

RSSI: -57 [da:ee:aa:ff:00:2a]

RSSI: -68 [da:ee:aa:ff:13:ab]

RSSI: -59 [da:ee:aa:ff:13:bb]

RSSI: -55 [da:ee:aa:ff:00:3a]

RSSI: -64 [da:ee:aa:ff:13:bb]

RSSI: -85 [da:ee:aa:ff:0e:cc]

RSSI: -55 [da:ee:aa:ff:00:3a]

RSSI: -69 [da:ee:aa:ff:13:bb]

RSSI: -55 [da:ee:aa:ff:00:3a]

RSSI: -53 [da:ee:aa:ff:13:bb]

RSSI: -55 [da:ee:aa:ff:00:3a]

RSSI: -70 [da:ee:aa:ff:13:bb]

RSSI: -86 [da:ee:aa:ff:0e:cc]

RSSI: -56 [da:ee:aa:ff:00:5a]

RSSI: -53 [da:ee:aa:ff:13:db]

RSSI: -52 [da:ee:aa:ff:00:5a]

RSSI: -56 [da:ee:aa:ff:13:db]

RSSI: -56 [da:ee:aa:ff:00:5a]

RSSI: -61 [da:ee:aa:ff:13:db]

RSSI: -42 [da:ee:aa:ff:00:5a]

RSSI: -69 [da:ee:aa:ff:13:db]

RSSI: -72 [da:ee:aa:ff:13:fb]

RSSI: -72 [da:ee:aa:ff:13:fb]

RSSI: -72 [da:ee:aa:ff:13:fb]

RSSI: -72 [da:ee:aa:ff:13:fb]

RSSI: -72 [da:ee:aa:ff:13:fb]

RSSI: -56 [da:ee:aa:ff:00:7a]

RSSI: -72 [da:ee:aa:ff:13:fb]

RSSI: -56 [da:ee:aa:ff:00:7a]

RSSI: -72 [da:ee:aa:ff:13:fb]

RSSI: -69 [da:ee:aa:ff:14:0b]

RSSI: -57 [da:ee:aa:ff:00:8a]

RSSI: -68 [da:ee:aa:ff:14:0b]

RSSI: -57 [da:ee:aa:ff:00:8a]

RSSI: -68 [da:ee:aa:ff:14:0b]

RSSI: -57 [da:ee:aa:ff:00:8a]

RSSI: -68 [da:ee:aa:ff:14:1b]

RSSI: -57 [da:ee:aa:ff:00:aa]

RSSI: -69 [da:ee:aa:ff:14:1b]

RSSI: -57 [da:ee:aa:ff:00:aa]

RSSI: -69 [da:ee:aa:ff:14:1b]

RSSI: -57 [da:ee:aa:ff:00:aa]

RSSI: -68 [da:ee:aa:ff:14:1b]

RSSI: -57 [da:ee:aa:ff:00:aa]

RSSI: -69 [da:ee:aa:ff:14:1b]

RSSI: -57 [da:ee:aa:ff:00:aa]

RSSI: -69 [da:ee:aa:ff:14:1b]

RSSI: -57 [da:ee:aa:ff:00:aa]

RSSI: -70 [da:ee:aa:ff:14:3b]

RSSI: -55 [da:ee:aa:ff:00:ca]

RSSI: -70 [da:ee:aa:ff:14:3b]

RSSI: -55 [da:ee:aa:ff:00:ca]

RSSI: -70 [da:ee:aa:ff:14:3b]

RSSI: -55 [da:ee:aa:ff:00:ca]

RSSI: -69 [da:ee:aa:ff:14:3b]

RSSI: -85 [da:ee:aa:ff:0f:4c]

RSSI: -55 [da:ee:aa:ff:00:ca]

RSSI: -70 [da:ee:aa:ff:14:3b]

RSSI: -55 [da:ee:aa:ff:00:ca]

RSSI: -70 [da:ee:aa:ff:14:3b]

RSSI: -84 [da:ee:aa:ff:0f:4c]

RSSI: -55 [da:ee:aa:ff:00:ca]

RSSI: -70 [da:ee:aa:ff:14:3b]

RSSI: -85 [da:ee:aa:ff:0f:4c]

RSSI: -56 [da:ee:aa:ff:00:ca]

RSSI: -85 [da:ee:aa:ff:0f:4c]

RSSI: -70 [da:ee:aa:ff:14:5b]

RSSI: -70 [da:ee:aa:ff:14:5b]

RSSI: -56 [da:ee:aa:ff:00:da]

RSSI: -72 [da:ee:aa:ff:14:5b]

RSSI: -56 [da:ee:aa:ff:00:da]

RSSI: -72 [da:ee:aa:ff:14:7b]

RSSI: -90 [da:ee:aa:ff:0f:5c]

RSSI: -56 [da:ee:aa:ff:00:fa]

RSSI: -72 [da:ee:aa:ff:14:7b]

RSSI: -90 [da:ee:aa:ff:0f:5c]

RSSI: -56 [da:ee:aa:ff:00:fa]

RSSI: -72 [da:ee:aa:ff:14:7b]

RSSI: -56 [da:ee:aa:ff:00:fa]

RSSI: -72 [da:ee:aa:ff:14:7b]

RSSI: -73 [da:ee:aa:ff:14:7b]

RSSI: -56 [da:ee:aa:ff:00:fa]

RSSI: -72 [da:ee:aa:ff:14:7b]

RSSI: -56 [da:ee:aa:ff:00:fa]

RSSI: -72 [da:ee:aa:ff:14:7b]

RSSI: -68 [da:ee:aa:ff:14:9b]

RSSI: -57 [da:ee:aa:ff:01:1a]

RSSI: -69 [da:ee:aa:ff:14:9b]

RSSI: -57 [da:ee:aa:ff:01:1a]

RSSI: -68 [da:ee:aa:ff:14:9b]

RSSI: -57 [da:ee:aa:ff:01:1a]

RSSI: -69 [da:ee:aa:ff:14:9b]

RSSI: -57 [da:ee:aa:ff:01:1a]

RSSI: -68 [da:ee:aa:ff:14:9b]

RSSI: -57 [da:ee:aa:ff:01:1a]

RSSI: -57 [da:ee:aa:ff:01:1a]

RSSI: -69 [da:ee:aa:ff:14:bb]

RSSI: -69 [da:ee:aa:ff:14:bb]

RSSI: -57 [da:ee:aa:ff:01:2a]

RSSI: -69 [da:ee:aa:ff:14:bb]

RSSI: -57 [da:ee:aa:ff:01:2a]

RSSI: -69 [da:ee:aa:ff:14:bb]

RSSI: -87 [da:ee:aa:ff:0f:9c]

RSSI: -55 [da:ee:aa:ff:01:2a]

RSSI: -70 [da:ee:aa:ff:14:cb]

RSSI: -69 [da:ee:aa:ff:14:cb]

RSSI: -55 [da:ee:aa:ff:01:3a]

RSSI: -70 [da:ee:aa:ff:14:cb]

RSSI: -55 [da:ee:aa:ff:01:3a]

RSSI: -70 [da:ee:aa:ff:14:cb]

RSSI: -55 [da:ee:aa:ff:01:3a]

RSSI: -69 [da:ee:aa:ff:14:cb]

RSSI: -55 [da:ee:aa:ff:01:3a]

RSSI: -70 [da:ee:aa:ff:14:cb]

RSSI: -55 [da:ee:aa:ff:01:3a]

RSSI: -70 [da:ee:aa:ff:14:cb]

RSSI: -55 [da:ee:aa:ff:01:3a]

RSSI: -55 [da:ee:aa:ff:01:3a]

RSSI: -55 [da:ee:aa:ff:01:3a]

RSSI: -56 [da:ee:aa:ff:01:5a]

RSSI: -71 [da:ee:aa:ff:14:db]

RSSI: -56 [da:ee:aa:ff:01:5a]

RSSI: -65 [da:ee:aa:ff:14:db]

RSSI: -56 [da:ee:aa:ff:01:5a]

RSSI: -56 [da:ee:aa:ff:01:5a]

RSSI: -60 [da:ee:aa:ff:14:eb]

RSSI: -72 [da:ee:aa:ff:14:eb]

RSSI: -55 [da:ee:aa:ff:14:eb]

RSSI: -56 [da:ee:aa:ff:14:eb]

RSSI: -55 [da:ee:aa:ff:14:eb]

RSSI: -68 [da:ee:aa:ff:15:0b]

RSSI: -57 [da:ee:aa:ff:01:9a]

RSSI: -69 [da:ee:aa:ff:15:0b]

RSSI: -51 [da:ee:aa:ff:01:9a]

RSSI: -69 [da:ee:aa:ff:15:0b]

RSSI: -55 [da:ee:aa:ff:01:9a]

RSSI: -69 [da:ee:aa:ff:15:0b]

RSSI: -44 [da:ee:aa:ff:01:9a]

RSSI: -69 [da:ee:aa:ff:15:0b]

RSSI: -69 [da:ee:aa:ff:15:0b]

RSSI: -57 [da:ee:aa:ff:01:9a]

RSSI: -68 [da:ee:aa:ff:15:0b]

RSSI: -57 [da:ee:aa:ff:01:9a]

RSSI: -57 [da:ee:aa:ff:01:9a]

RSSI: -57 [da:ee:aa:ff:01:9a]

RSSI: -55 [da:ee:aa:ff:01:ba]

RSSI: -70 [da:ee:aa:ff:15:1b]

RSSI: -55 [da:ee:aa:ff:01:ba]

RSSI: -55 [da:ee:aa:ff:01:ba]

RSSI: -88 [da:ee:aa:ff:10:2c]

RSSI: -56 [da:ee:aa:ff:01:ba]

RSSI: -70 [da:ee:aa:ff:15:2b]

RSSI: -70 [da:ee:aa:ff:15:2b]

RSSI: -55 [da:ee:aa:ff:01:da]

RSSI: -56 [da:ee:aa:ff:01:da]

RSSI: -55 [da:ee:aa:ff:01:da]

RSSI: -55 [da:ee:aa:ff:01:da]

RSSI: -56 [da:ee:aa:ff:01:fa]

RSSI: -56 [da:ee:aa:ff:01:fa]

RSSI: -56 [da:ee:aa:ff:01:fa]

RSSI: -56 [da:ee:aa:ff:01:fa]

RSSI: -56 [da:ee:aa:ff:01:fa]

RSSI: -56 [da:ee:aa:ff:01:fa]

RSSI: -56 [da:ee:aa:ff:01:fa]

RSSI: -56 [da:ee:aa:ff:01:fa]

RSSI: -72 [da:ee:aaњ