
RSSI: -73 [da:ee:aa:ff:12:7b]

RSSI: -73 [da:ee:aa:ff:12:7b]

RSSI: -73 [da:ee:aa:ff:12:7b]

RSSI: -73 [da:ee:aa:ff:12:7b]

RSSI: -73 [da:ee:aa:ff:12:7b]

RSSI: -77 [da:ee:aa:ff:12:bb]

RSSI: -63 [da:ee:aa:ff:11:ca]

RSSI: -77 [da:ee:aa:ff:12:bb]

RSSI: -62 [da:ee:aa:ff:11:ca]

RSSI: -77 [da:ee:aa:ff:12:bb]

RSSI: -76 [da:ee:aa:ff:12:bb]

RSSI: -75 [da:ee:aa:ff:12:cb]

RSSI: -62 [da:ee:aa:ff:11:fa]

RSSI: -62 [da:ee:aa:ff:11:fa]

RSSI: -75 [da:ee:aa:ff:12:cb]

RSSI: -62 [da:ee:aa:ff:11:fa]

RSSI: -76 [da:ee:aa:ff:12:cb]

RSSI: -62 [da:ee:aa:ff:11:fa]

RSSI: -75 [da:ee:aa:ff:12:cb]

RSSI: -89 [da:ee:aa:ff:06:8c]

RSSI: -64 [da:ee:aa:ff:12:1a]

RSSI: -72 [da:ee:aa:ff:13:0b]

RSSI: -60 [da:ee:aa:ff:13:0b]

RSSI: -64 [da:ee:aa:ff:12:2a]

RSSI: -63 [da:ee:aa:ff:12:4a]

RSSI: -76 [da:ee:aa:ff:13:2b]

RSSI: -63 [da:ee:aa:ff:12:4a]

RSSI: -76 [da:ee:aa:ff:13:2b]

RSSI: -63 [da:ee:aa:ff:12:4a]

RSSI: -76 [da:ee:aa:ff:13:2b]

RSSI: -63 [da:ee:aa:ff:12:4a]

RSSI: -76 [da:ee:aa:ff:13:2b]

RSSI: -63 [da:ee:aa:ff:12:4a]

RSSI: -62 [da:ee:aa:ff:12:7a]

RSSI: -62 [da:ee:aa:ff:12:7a]

RSSI: -62 [da:ee:aa:ff:12:7a]

RSSI: -62 [da:ee:aa:ff:12:7a]

RSSI: -56 [da:ee:aa:ff:12:8a]

RSSI: -74 [da:ee:aa:ff:13:6b]

RSSI: -73 [da:ee:aa:ff:13:6b]

RSSI: -91 [da:ee:aa:ff:06:fc]

RSSI: -64 [da:ee:aa:ff:12:8a]

RSSI: -73 [da:ee:aa:ff:13:6b]

RSSI: -91 [da:ee:aa:ff:06:fc]

RSSI: -75 [da:ee:aa:ff:13:bb]

RSSI: -75 [da:ee:aa:ff:13:bb]

RSSI: -62 [da:ee:aa:ff:12:ea]

RSSI: -88 [da:ee:aa:ff:07:4c]

RSSI: -62 [da:ee:aa:ff:12:ea]

RSSI: -75 [da:ee:aa:ff:13:bb]

RSSI: -62 [da:ee:aa:ff:12:ea]

RSSI: -87 [da:ee:aa:ff:07:6c]

RSSI: -73 [da:ee:aa:ff:13:eb]

RSSI: -64 [da:ee:aa:ff:12:fa]

RSSI: -73 [da:ee:aa:ff:13:eb]

RSSI: -63 [da:ee:aa:ff:12:fa]

RSSI: -73 [da:ee:aa:ff:13:eb]

RSSI: -64 [da:ee:aa:ff:12:fa]

RSSI: -73 [da:ee:aa:ff:13:eb]

RSSI: -73 [da:ee:aa:ff:13:eb]

RSSI: -64 [da:ee:aa:ff:13:2a]

RSSI: -59 [da:ee:aa:ff:13:fb]

RSSI: -63 [da:ee:aa:ff:13:2a]

RSSI: -63 [da:ee:aa:ff:13:2a]

RSSI: -63 [da:ee:aa:ff:13:2a]

RSSI: -76 [da:ee:aa:ff:14:1b]

RSSI: -62 [da:ee:aa:ff:13:4a]

RSSI: -74 [da:ee:aa:ff:14:2b]

RSSI: -62 [da:ee:aa:ff:13:4a]

RSSI: -74 [da:ee:aa:ff:14:2b]

RSSI: -62 [da:ee:aa:ff:13:5a]

RSSI: -74 [da:ee:aa:ff:14:2b]

RSSI: -75 [da:ee:aa:ff:14:2b]

RSSI: -62 [da:ee:aa:ff:13:5a]

RSSI: -63 [da:ee:aa:ff:13:6a]

RSSI: -73 [da:ee:aa:ff:14:4b]

RSSI: -63 [da:ee:aa:ff:13:6a]

RSSI: -72 [da:ee:aa:ff:14:4b]

RSSI: -63 [da:ee:aa:ff:13:6a]

RSSI: -63 [da:ee:aa:ff:13:6a]

RSSI: -73 [da:ee:aa:ff:14:6b]

RSSI: -49 [da:ee:aa:ff:13:9a]

RSSI: -62 [da:ee:aa:ff:13:9a]

RSSI: -63 [da:ee:aa:ff:13:9a]

RSSI: -76 [da:ee:aa:ff:14:8b]

RSSI: -52 [da:ee:aa:ff:13:9a]

RSSI: -75 [da:ee:aa:ff:14:8b]

RSSI: -49 [da:ee:aa:ff:13:9a]

RSSI: -76 [da:ee:aa:ff:14:8b]

RSSI: -74 [da:ee:aa:ff:14:ab]

RSSI: -61 [da:ee:aa:ff:13:aa]

RSSI: -74 [da:ee:aa:ff:14:ab]

RSSI: -61 [da:ee:aa:ff:13:aa]

RSSI: -73 [da:ee:aa:ff:14:ab]

RSSI: -86 [da:ee:aa:ff:08:2c]

RSSI: -73 [da:ee:aa:ff:14:ab]

RSSI: -86 [da:ee:aa:ff:08:2c]

RSSI: -61 [da:ee:aa:ff:13:ca]

RSSI: -74 [da:ee:aa:ff:14:ab]

RSSI: -61 [da:ee:aa:ff:13:da]

RSSI: -72 [da:ee:aa:ff:14:cb]

RSSI: -61 [da:ee:aa:ff:13:da]

RSSI: -62 [da:ee:aa:ff:13:da]

RSSI: -72 [da:ee:aa:ff:14:eb]

RSSI: -62 [da:ee:aa:ff:13:da]

RSSI: -72 [da:ee:aa:ff:14:eb]

RSSI: -62 [da:ee:aa:ff:13:da]

RSSI: -62 [da:ee:aa:ff:14:0a]

RSSI: -75 [da:ee:aa:ff:14:fb]

RSSI: -62 [da:ee:aa:ff:14:0a]

RSSI: -75 [da:ee:aa:ff:14:fb]

RSSI: -62 [da:ee:aa:ff:14:0a]

RSSI: -75 [da:ee:aa:ff:14:fb]

RSSI: -62 [da:ee:aa:ff:14:0a]

RSSI: -75 [da:ee:aa:ff:14:fb]

RSSI: -60 [da:ee:aa:ff:14:1a]

RSSI: -60 [da:ee:aa:ff:14:1a]

RSSI: -68 [da:ee:aa:ff:15:2b]

RSSI: -60 [da:ee:aa:ff:14:1a]

RSSI: -62 [da:ee:aa:ff:15:2b]

RSSI: -72 [da:ee:aa:ff:15:2b]

RSSI: -60 [da:ee:aa:ff:14:3a]

RSSI: -61 [da:ee:aa:ff:14:4a]

RSSI: -71 [da:ee:aa:ff:15:4b]

RSSI: -61 [da:ee:aa:ff:14:4a]

RSSI: -86 [da:ee:aa:ff:08:bc]

RSSI: -71 [da:ee:aa:ff:15:4b]

RSSI: -61 [da:ee:aa:ff:14:4a]

RSSI: -61 [da:ee:aa:ff:14:4a]

RSSI: -61 [da:ee:aa:ff:14:4a]

RSSI: -74 [da:ee:aa:ff:15:6b]

RSSI: -62 [da:ee:aa:ff:14:8a]

RSSI: -74 [da:ee:aa:ff:15:6b]

RSSI: -92 [da:ee:aa:ff:08:dc]

RSSI: -61 [da:ee:aa:ff:14:8a]

RSSI: -73 [da:ee:aa:ff:15:6b]

RSSI: -61 [da:ee:aa:ff:14:8a]

RSSI: -73 [da:ee:aa:ff:15:6b]

RSSI: -72 [da:ee:aa:ff:15:9b]

RSSI: -59 [da:ee:aa:ff:14:9a]

RSSI: -71 [da:ee:aa:ff:15:9b]

RSSI: -59 [da:ee:aa:ff:14:9a]

RSSI: -71 [da:ee:aa:ff:15:9b]

RSSI: -71 [da:ee:aa:ff:15:ab]

RSSI: -61 [da:ee:aa:ff:14:da]

RSSI: -86 [da:ee:aa:ff:09:0c]

RSSI: -71 [da:ee:aa:ff:15:ab]

RSSI: -61 [da:ee:aa:ff:14:da]

RSSI: -70 [da:ee:aa:ff:15:ab]

RSSI: -61 [da:ee:aa:ff:14:da]

RSSI: -61 [da:ee:aa:ff:14:da]

RSSI: -86 [da:ee:aa:ff:09:0c]

RSSI: -60 [da:ee:aa:ff:14:da]

RSSI: -61 [da:ee:aa:ff:14:ea]

RSSI: -61 [da:ee:aa:ff:14:ea]

RSSI: -73 [da:ee:aa:ff:15:db]

RSSI: -61 [da:ee:aa:ff:15:0a]

RSSI: -73 [da:ee:aa:ff:15:db]

RSSI: -61 [da:ee:aa:ff:15:0a]

RSSI: -74 [da:ee:aa:ff:15:db]

RSSI: -59 [da:ee:aa:ff:15:1a]

RSSI: -71 [da:ee:aa:ff:15:fb]

RSSI: -59 [da:ee:aa:ff:15:1a]

RSSI: -71 [da:ee:aa:ff:15:fb]

RSSI: -59 [da:ee:aa:ff:15:1a]

RSSI: -71 [da:ee:aa:ff:15:fb]

RSSI: -59 [da:ee:aa:ff:15:1a]

RSSI: -71 [da:ee:aa:ff:15:fb]

RSSI: -59 [da:ee:aa:ff:15:1a]

RSSI: -60 [da:ee:aa:ff:16:0b]

RSSI: -60 [da:ee:aa:ff:15:4a]

RSSI: -86 [da:ee:aa:ff:09:7c]

RSSI: -67 [da:ee:aa:ff:16:0b]

RSSI: -60 [da:ee:aa:ff:15:4a]

RSSI: -86 [da:ee:aa:ff:09:7c]

RSSI: -60 [da:ee:aa:ff:15:4a]

RSSI: -86 [da:ee:aa:ff:09:7c]

RSSI: -60 [da:ee:aa:ff:15:4a]

RSSI: -61 [da:ee:aa:ff:15:5a]

RSSI: -61 [da:ee:aa:ff:15:5a]

RSSI: -61 [da:ee:aa:ff:15:5a]

RSSI: -74 [da:ee:aa:ff:16:3b]

RSSI: -86 [da:ee:aa:ff:09:ac]

RSSI: -71 [da:ee:aa:ff:16:6b]

RSSI: -50 [da:ee:aa:ff:15:8a]

RSSI: -71 [da:ee:aa:ff:16:6b]

RSSI: -86 [da:ee:aa:ff:09:ac]

RSSI: -46 [da:ee:aa:ff:15:8a]

RSSI: -71 [da:ee:aa:ff:16:6b]

RSSI: -86 [da:ee:aa:ff:09:ac]

RSSI: -59 [da:ee:aa:ff:15:8a]

RSSI: -71 [da:ee:aa:ff:16:6b]

RSSI: -86 [da:ee:aa:ff:09:ac]

RSSI: -87 [da:ee:aa:ff:09:cc]

RSSI: -70 [da:ee:aa:ff:16:7b]

RSSI: -61 [da:ee:aa:ff:15:ba]

RSSI: -86 [da:ee:aa:ff:09:dc]

RSSI: -61 [da:ee:aa:ff:15:ba]

RSSI: -86 [da:ee:aa:ff:09:dc]

RSSI: -71 [da:ee:aa:ff:00:1b]

RSSI: -61 [da:ee:aa:ff:15:ba]

RSSI: -61 [da:ee:aa:ff:15:ca]

RSSI: -73 [da:ee:aa:ff:00:2b]

RSSI: -59 [da:ee:aa:ff:15:fa]

RSSI: -71 [da:ee:aa:ff:00:4b]

RSSI: -84 [da:ee:aa:ff:0a:2c]

RSSI: -59 [da:ee:aa:ff:15:fa]

RSSI: -72 [da:ee:aa:ff:00:4b]

RSSI: -59 [da:ee:aa:ff:15:fa]

RSSI: -71 [da:ee:aa:ff:00:4b]

RSSI: -84 [da:ee:aa:ff:0a:2c]

RSSI: -59 [da:ee:aa:ff:15:fa]

RSSI: -72 [da:ee:aa:ff:00:4b]

RSSI: -85 [da:ee:aa:ff:0a:2c]

RSSI: -61 [da:ee:aa:ff:16:0a]

RSSI: -61 [da:ee:aa:ff:16:0a]

RSSI: -70 [da:ee:aa:ff:00:5b]

RSSI: -61 [da:ee:aa:ff:16:2a]

RSSI: -59 [da:ee:aa:ff:00:6b]

RSSI: -61 [da:ee:aa:ff:16:3a]

RSSI: -74 [da:ee:aa:ff:00:8b]

RSSI: -61 [da:ee:aa:ff:16:3a]

RSSI: -57 [da:ee:aa:ff:00:8b]

RSSI: -61 [da:ee:aa:ff:16:3a]

RSSI: -74 [da:ee:aa:ff:00:8b]

RSSI: -61 [da:ee:aa:ff:16:3a]

RSSI: -74 [da:ee:aa:ff:00:8b]

RSSI: -61 [da:ee:aa:ff:16:3a]

RSSI: -74 [da:ee:aa:ff:00:8b]

RSSI: -72 [da:ee:aa:ff:00:bb]

RSSI: -85 [da:ee:aa:ff:0a:7c]

RSSI: -71 [da:ee:aa:ff:00:bb]

RSSI: -59 [da:ee:aa:ff:16:6a]

RSSI: -72 [da:ee:aa:ff:00:bb]

RSSI: -59 [da:ee:aa:ff:16:6a]

RSSI: -72 [da:ee:aa:ff:00:bb]

RSSI: -59 [da:ee:aa:ff:16:6a]

RSSI: -70 [da:ee:aa:ff:00:cb]

RSSI: -70 [da:ee:aa:ff:00:cb]

RSSI: -47 [da:ee:aa:ff:16:7a]

RSSI: -71 [da:ee:aa:ff:00:db]

RSSI: -61 [da:ee:aa:ff:00:2a]

RSSI: -74 [da:ee:aa:ff:00:eb]

RSSI: -61 [da:ee:aa:ff:00:2a]

RSSI: -74 [da:ee:aa:ff:00:eb]

RSSI: -61 [da:ee:aa:ff:00:2a]

RSSI: -91 [da:ee:aa:ff:0a:dc]

RSSI: -74 [da:ee:aa:ff:00:eb]

RSSI: -61 [da:ee:aa:ff:00:2a]

RSSI: -93 [da:ee:aa:ff:0a:dc]

RSSI: -74 [da:ee:aa:ff:00:eb]

RSSI: -61 [da:ee:aa:ff:00:2a]

RSSI: -89 [da:ee:aa:ff:0a:dc]

RSSI: -74 [da:ee:aa:ff:00:eb]

RSSI: -88 [da:ee:aa:ff:0a:ec]

RSSI: -71 [da:ee:aa:ff:01:1b]

RSSI: -59 [da:ee:aa:ff:00:4a]

RSSI: -71 [da:ee:aa:ff:01:1b]

RSSI: -85 [da:ee:aa:ff:0a:ec]

RSSI: -59 [da:ee:aa:ff:00:4a]

RSSI: -72 [da:ee:aa:ff:01:1b]

RSSI: -85 [da:ee:aa:ff:0a:ec]

RSSI: -59 [da:ee:aa:ff:00:4a]

RSSI: -71 [da:ee:aa:ff:01:1b]

RSSI: -59 [da:ee:aa:ff:00:4a]

RSSI: -71 [da:ee:aa:ff:01:2b]

RSSI: -71 [da:ee:aa:ff:01:2b]

RSSI: -61 [da:ee:aa:ff:00:5a]

RSSI: -86 [da:ee:aa:ff:0b:1c]

RSSI: -71 [da:ee:aa:ff:01:3b]

RSSI: -60 [da:ee:aa:ff:00:8a]

RSSI: -60 [da:ee:aa:ff:00:8a]

RSSI: -57 [da:ee:aa:ff:01:4b]

RSSI: -60 [da:ee:aa:ff:00:8a]

RSSI: -62 [da:ee:aa:ff:01:4b]

RSSI: -60 [da:ee:aa:ff:00:8a]

RSSI: -73 [da:ee:aa:ff:01:4b]

RSSI: -85 [da:ee:aa:ff:0b:6c]

RSSI: -71 [da:ee:aa:ff:01:6b]

RSSI: -59 [da:ee:aa:ff:00:9a]

RSSI: -71 [da:ee:aa:ff:01:6b]

RSSI: -71 [da:ee:aa:ff:01:6b]

RSSI: -59 [da:ee:aa:ff:00:aa]

RSSI: -84 [da:ee:aa:ff:0b:6c]

RSSI: -71 [da:ee:aa:ff:01:6b]

RSSI: -59 [da:ee:aa:ff:00:aa]

RSSI: -85 [da:ee:aa:ff:0b:6c]

RSSI: -71 [da:ee:aa:ff:01:6b]

RSSI: -71 [da:ee:aa:ff:01:8b]

RSSI: -61 [da:ee:aa:ff:00:ba]

RSSI: -71 [da:ee:aa:ff:01:8b]

RSSI: -61 [da:ee:aa:ff:00:ba]

RSSI: -61 [da:ee:aa:ff:00:ba]

RSSI: -61 [da:ee:aa:ff:00:ba]

RSSI: -70 [da:ee:aa:ff:01:9b]

RSSI: -84 [da:ee:aa:ff:0b:9c]

RSSI: -61 [da:ee:aa:ff:00:ba]

RSSI: -46 [da:ee:aa:ff:00:ea]

RSSI: -47 [da:ee:aa:ff:00:ea]

RSSI: -60 [da:ee:aa:ff:00:ea]

RSSI: -61 [da:ee:aa:ff:00:ea]

RSSI: -71 [da:ee:aa:ff:01:cb]

RSSI: -59 [da:ee:aa:ff:01:0a]

RSSI: -85 [da:ee:aa:ff:0b:dc]

RSSI: -71 [da:ee:aa:ff:01:cb]

RSSI: -59 [da:ee:aa:ff:01:0a]

RSSI: -83 [da:ee:aa:ff:0b:dc]

RSSI: -71 [da:ee:aa:ff:01:cb]

RSSI: -71 [da:ee:aa:ff:01:cb]

RSSI: -59 [da:ee:aa:ff:01:1a]

RSSI: -85 [da:ee:aa:ff:0b:dc]

RSSI: -71 [da:ee:aa:ff:01:cb]

RSSI: -59 [da:ee:aa:ff:01:1a]

RSSI: -70 [da:ee:aa:ff:01:db]

RSSI: -86 [da:ee:aa:ff:0b:ec]

RSSI: -60 [da:ee:aa:ff:01:3a]

RSSI: -60 [da:ee:aa:ff:01:3a]

RSSI: -73 [da:ee:aa:ff:01:fb]

RSSI: -60 [da:ee:aa:ff:01:6a]

RSSI: -60 [da:ee:aa:ff:01:6a]

RSSI: -60 [da:ee:aa:ff:01:6a]

RSSI: -60 [da:ee:aa:ff:01:6a]

RSSI: -71 [da:ee:aa:ff:02:1b]

RSSI: -80 [da:ee:aa:ff:0c:4c]

RSSI: -58 [da:ee:aa:ff:01:8a]

RSSI: -58 [da:ee:aa:ff:01:8a]

RSSI: -62 [da:ee:aa:ff:02:1b]

RSSI: -58 [da:ee:aa:ff:01:9a]

RSSI: -85 [da:ee:aa:ff:0c:6c]

RSSI: -60 [da:ee:aa:ff:01:aa]

RSSI: -70 [da:ee:aa:ff:02:3b]

RSSI: -84 [da:ee:aa:ff:0c:6c]

RSSI: -60 [da:ee:aa:ff:01:aa]

RSSI: -82 [da:ee:aa:ff:0c:6c]

RSSI: -61 [da:ee:aa:ff:01:aa]

RSSI: -85 [da:ee:aa:ff:0c:6c]

RSSI: -61 [da:ee:aa:ff:01:aa]

RSSI: -70 [da:ee:aa:ff:02:4b]

RSSI: -85 [da:ee:aa:ff:0c:6c]

RSSI: -61 [da:ee:aa:ff:01:aa]

RSSI: -70 [da:ee:aa:ff:02:4b]

RSSI: -73 [da:ee:aa:ff:02:5b]

RSSI: -60 [da:ee:aa:ff:01:ba]

RSSI: -73 [da:ee:aa:ff:02:5b]

RSSI: -52 [da:ee:aa:ff:01:da]

RSSI: -74 [da:ee:aa:ff:02:5b]

RSSI: -47 [da:ee:aa:ff:01:da]

RSSI: -73 [da:ee:aa:ff:02:5b]

RSSI: -50 [da:ee:aa:ff:01:da]

RSSI: -73 [da:ee:aa:ff:02:5b]

RSSI: -71 [da:ee:aa:ff:02:8b]

RSSI: -54 [da:ee:aa:ff:01:fa]

RSSI: -71 [da:ee:aa:ff:02:8b]

RSSI: -59 [da:ee:aa:ff:01:fa]

RSSI: -71 [da:ee:aa:ff:02:8b]

RSSI: -59 [da:ee:aa:ff:01:fa]

RSSI: -71 [da:ee:aa:ff:02:8b]

RSSI: -59 [da:ee:aa:ff:01:fa]

RSSI: -71 [da:ee:aa:ff:02:8b]

RSSI: -85 [da:ee:aa:ff:0c:fc]

RSSI: -61 [da:ee:aa:ff:02:1a]

RSSI: -70 [da:ee:aa:ff:02:9b]

RSSI: -60 [da:ee:aa:ff:02:1a]

RSSI: -61 [da:ee:aa:ff:02:1a]

RSSI: -85 [da:ee:aa:ff:0c:fc]

RSSI: -60 [da:ee:aa:ff:02:1a]

RSSI: -83 [da:ee:aa:ff:0c:fc]

RSSI: -60 [da:ee:aa:ff:02:1a]

RSSI: -61 [da:ee:aa:ff:02:3a]

RSSI: -73 [da:ee:aa:ff:02:bb]

RSSI: -61 [da:ee:aa:ff:02:3a]

RSSI: -73 [da:ee:aa:ff:02:bb]

RSSI: -61 [da:ee:aa:ff:02:4a]

RSSI: -74 [da:ee:aa:ff:02:bb]

RSSI: -61 [da:ee:aa:ff:02:4a]

RSSI: -58 [da:ee:aa:ff:02:5a]

RSSI: -70 [da:ee:aa:ff:02:db]

RSSI: -59 [da:ee:aa:ff:02:5a]

RSSI: -55 [da:ee:aa:ff:02:db]

RSSI: -59 [da:ee:aa:ff:02:5a]

RSSI: -58 [da:ee:aa:ff:02:5a]

RSSI: -56 [da:ee:aa:ff:02:db]

RSSI: -70 [da:ee:aa:ff:02:eb]

RSSI: -61 [da:ee:aa:ff:02:8a]

RSSI: -60 [da:ee:aa:ff:02:8a]

RSSI: -80 [da:ee:aa:ff:0d:7c]

RSSI: -70 [da:ee:aa:ff:02:fb]

RSSI: -60 [da:ee:aa:ff:02:8a]

RSSI: -85 [da:ee:aa:ff:0d:7c]

RSSI: -70 [da:ee:aa:ff:02:fb]

RSSI: -61 [da:ee:aa:ff:02:8a]

RSSI: -61 [da:ee:aa:ff:02:aa]

RSSI: -74 [da:ee:aa:ff:03:0b]

RSSI: -61 [da:ee:aa:ff:02:aa]

RSSI: -74 [da:ee:aa:ff:03:0b]

RSSI: -61 [da:ee:aa:ff:02:aa]

RSSI: -74 [da:ee:aa:ff:03:0b]

RSSI: -74 [da:ee:aa:ff:03:0b]

RSSI: -61 [da:ee:aa:ff:02:ca]

RSSI: -55 [da:ee:aa:ff:02:da]

RSSI: -85 [da:ee:aa:ff:0d:bc]

RSSI: -84 [da:ee:aa:ff:0d:bc]

RSSI: -61 [da:ee:aa:ff:02:fa]

RSSI: -71 [da:ee:aa:ff:03:5b]

RSSI: -60 [da:ee:aa:ff:02:fa]

RSSI: -71 [da:ee:aa:ff:03:5b]

RSSI: -61 [da:ee:aa:ff:02:fa]

RSSI: -61 [da:ee:aa:ff:03:1a]

RSSI: -74 [da:ee:aa:ff:03:6b]

RSSI: -89 [da:ee:aa:ff:0e:0c]

RSSI: -74 [da:ee:aa:ff:03:6b]

RSSI: -90 [da:ee:aa:ff:0e:0c]

RSSI: -75 [da:ee:aa:ff:03:6b]

RSSI: -74 [da:ee:aa:ff:03:6b]

RSSI: -85 [da:ee:aa:ff:0e:2c]

RSSI: -86 [da:ee:aa:ff:0e:2c]

RSSI: -85 [da:ee:aa:ff:0e:2c]

RSSI: -88 [da:ee:aa:ff:0e:6c]

RSSI: -55 [da:ee:aa:ff:03:ab]

RSSI: -61 [da:ee:aa:ff:03:6a]

RSSI: -88 [da:ee:aa:ff:0e:6c]

RSSI: -61 [da:ee:aa:ff:03:7a]

RSSI: -88 [da:ee:aa:ff:0e:6c]

RSSI: -61 [da:ee:aa:ff:03:7a]

RSSI: -61 [da:ee:aa:ff:03:8a]

RSSI: -74 [da:ee:aa:ff:03:cb]

RSSI: -61 [da:ee:aa:ff:03:8a]

RSSI: -74 [da:ee:aa:ff:03:cb]

RSSI: -61 [da:ee:aa:ff:03:8a]

RSSI: -74 [da:ee:aa:ff:03:cb]

RSSI: -61 [da:ee:aa:ff:03:8a]

RSSI: -75 [da:ee:aa:ff:03:cb]

RSSI: -61 [da:ee:aa:ff:03:8a]

RSSI: -72 [da:ee:aa:ff:03:fb]

RSSI: -85 [da:ee:aa:ff:0e:bc]

RSSI: -71 [da:ee:aa:ff:03:fb]

RSSI: -72 [da:ee:aa:ff:03:fb]

RSSI: -86 [da:ee:aa:ff:0e:bc]

RSSI: -72 [da:ee:aa:ff:03:fb]

RSSI: -86 [da:ee:aa:ff:0e:bc]

RSSI: -71 [da:ee:aa:ff:04:1b]

RSSI: -61 [da:ee:aa:ff:04:1a]

RSSI: -75 [da:ee:aa:ff:04:4b]

RSSI: -61 [da:ee:aa:ff:04:1a]

RSSI: -75 [da:ee:aa:ff:04:4b]

RSSI: -61 [da:ee:aa:ff:04:1a]

RSSI: -75 [da:ee:aa:ff:04:4b]

RSSI: -61 [da:ee:aa:ff:04:1a]

RSSI: -75 [da:ee:aa:ff:04:4b]

RSSI: -61 [da:ee:aa:ff:04:1a]

RSSI: -60 [da:ee:aa:ff:04:2a]

RSSI: -72 [da:ee:aa:ff:04:6b]

RSSI: -84 [da:ee:aa:ff:0f:3c]

RSSI: -72 [da:ee:aa:ff:04:6b]

RSSI: -85 [da:ee:aa:ff:0f:3c]

RSSI: -60 [da:ee:aa:ff:04:3a]

RSSI: -72 [da:ee:aa:ff:04:6b]

RSSI: -85 [da:ee:aa:ff:0f:3c]

RSSI: -60 [da:ee:aa:ff:04:3a]

RSSI: -72 [da:ee:aa:ff:04:6b]

RSSI: -85 [da:ee:aa:ff:0f:3c]

RSSI: -60 [da:ee:aa:ff:04:3a]

RSSI: -71 [da:ee:aa:ff:04:7b]

RSSI: -86 [da:ee:aa:ff:0f:4c]

RSSI: -62 [da:ee:aa:ff:04:5a]

RSSI: -86 [da:ee:aa:ff:0f:4c]

RSSI: -62 [da:ee:aa:ff:04:5a]

RSSI: -62 [da:ee:aa:ff:04:5a]

RSSI: -71 [da:ee:aa:ff:04:8b]

RSSI: -62 [da:ee:aa:ff:04:5a]

RSSI: -53 [da:ee:aa:ff:04:8b]

RSSI: -74 [da:ee:aa:ff:04:9b]

RSSI: -61 [da:ee:aa:ff:04:8a]

RSSI: -74 [da:ee:aa:ff:04:9b]

RSSI: -61 [da:ee:aa:ff:04:8a]

RSSI: -74 [da:ee:aa:ff:04:9b]

RSSI: -61 [da:ee:aa:ff:04:8a]

RSSI: -75 [da:ee:aa:ff:04:9b]

RSSI: -61 [da:ee:aa:ff:04:8a]

RSSI: -61 [da:ee:aa:ff:04:8a]

RSSI: -60 [da:ee:aa:ff:04:aa]

RSSI: -60 [da:ee:aa:ff:04:aa]

RSSI: -71 [da:ee:aa:ff:04:bb]

RSSI: -72 [da:ee:aa:ff:04:bb]

RSSI: -60 [da:ee:aa:ff:04:ba]

RSSI: -72 [da:ee:aa:ff:04:bb]

RSSI: -60 [da:ee:aa:ff:04:ba]

RSSI: -71 [da:ee:aa:ff:04:bb]

RSSI: -71 [da:ee:aa:ff:04:cb]

RSSI: -62 [da:ee:aa:ff:04:ca]

RSSI: -62 [da:ee:aa:ff:04:ca]

RSSI: -86 [da:ee:aa:ff:0f:dc]

RSSI: -72 [da:ee:aa:ff:04:eb]

RSSI: -62 [da:ee:aa:ff:04:ca]

RSSI: -85 [da:ee:aa:ff:0f:dc]

RSSI: -71 [da:ee:aa:ff:04:eb]

RSSI: -62 [da:ee:aa:ff:04:ca]

RSSI: -85 [da:ee:aa:ff:0f:dc]

RSSI: -74 [da:ee:aa:ff:04:fb]

RSSI: -60 [da:ee:aa:ff:04:ea]

RSSI: -75 [da:ee:aa:ff:04:fb]

RSSI: -50 [da:ee:aa:ff:04:ea]

RSSI: -74 [da:ee:aa:ff:04:fb]

RSSI: -48 [da:ee:aa:ff:04:ea]

RSSI: -75 [da:ee:aa:ff:04:fb]

RSSI: -61 [da:ee:aa:ff:04:ea]

RSSI: -85 [da:ee:aa:ff:10:2c]

RSSI: -60 [da:ee:aa:ff:04:fa]

RSSI: -86 [da:ee:aa:ff:10:2c]

RSSI: -87 [da:ee:aa:ff:10:2c]

RSSI: -72 [da:ee:aa:ff:05:2b]

RSSI: -60 [da:ee:aa:ff:05:1a]

RSSI: -72 [da:ee:aa:ff:05:2b]

RSSI: -86 [da:ee:aa:ff:10:6c]

RSSI: -62 [da:ee:aa:ff:05:2a]

RSSI: -86 [da:ee:aa:ff:10:6c]

RSSI: -62 [da:ee:aa:ff:05:2a]

RSSI: -72 [da:ee:aa:ff:05:5b]

RSSI: -62 [da:ee:aa:ff:05:2a]

RSSI: -85 [da:ee:aa:ff:10:6c]

RSSI: -72 [da:ee:aa:ff:05:5b]

RSSI: -63 [da:ee:aa:ff:05:2a]

RSSI: -86 [da:ee:aa:ff:10:6c]

RSSI: -58 [da:ee:aa:ff:05:6b]

RSSI: -75 [da:ee:aa:ff:05:6b]

RSSI: -61 [da:ee:aa:ff:05:4a]

RSSI: -67 [da:ee:aa:ff:05:6b]

RSSI: -61 [da:ee:aa:ff:05:4a]

RSSI: -58 [da:ee:aa:ff:05:6b]

RSSI: -61 [da:ee:aa:ff:05:4a]

RSSI: -62 [da:ee:aa:ff:05:4a]

RSSI: -73 [da:ee:aa:ff:05:8b]

RSSI: -72 [da:ee:aa:ff:05:8b]

RSSI: -73 [da:ee:aa:ff:05:8b]

RSSI: -73 [da:ee:aa:ff:05:8b]

RSSI: -86 [da:ee:aa:ff:10:bc]

RSSI: -72 [da:ee:aa:ff:05:8b]

RSSI: -62 [da:ee:aa:ff:05:7a]

RSSI: -62 [da:ee:aa:ff:05:7a]

RSSI: -75 [da:ee:aa:ff:10:ec]

RSSI: -72 [da:ee:aa:ff:05:bb]

RSSI: -62 [da:ee:aa:ff:05:7a]

RSSI: -72 [da:ee:aa:ff:05:bb]

RSSI: -62 [da:ee:aa:ff:05:7a]

RSSI: -72 [da:ee:aa:ff:05:bb]

RSSI: -75 [da:ee:aa:ff:05:cb]

RSSI: -61 [da:ee:aa:ff:05:8a]

RSSI: -75 [da:ee:aa:ff:05:cb]

RSSI: -75 [da:ee:aa:ff:05:cb]

RSSI: -51 [da:ee:aa:ff:05:9a]

RSSI: -75 [da:ee:aa:ff:05:cb]

RSSI: -62 [da:ee:aa:ff:05:9a]

RSSI: -73 [da:ee:aa:ff:05:eb]

RSSI: -72 [da:ee:aa:ff:05:eb]

RSSI: -62 [da:ee:aa:ff:05:ba]

RSSI: -72 [da:ee:aa:ff:05:eb]

RSSI: -73 [da:ee:aa:ff:05:eb]

RSSI: -63 [da:ee:aa:ff:05:da]

RSSI: -90 [da:ee:aa:ff:11:4c]

RSSI: -63 [da:ee:aa:ff:05:da]

RSSI: -73 [da:ee:aa:ff:06:1b]

RSSI: -63 [da:ee:aa:ff:05:da]

RSSI: -73 [da:ee:aa:ff:06:1b]

RSSI: -63 [da:ee:aa:ff:05:da]

RSSI: -72 [da:ee:aa:ff:06:1b]

RSSI: -75 [da:ee:aa:ff:06:2b]

RSSI: -62 [da:ee:aa:ff:05:fa]

RSSI: -75 [da:ee:aa:ff:06:2b]

RSSI: -62 [da:ee:aa:ff:05:fa]

RSSI: -75 [da:ee:aa:ff:06:2b]

RSSI: -75 [da:ee:aa:ff:06:2b]

RSSI: -62 [da:ee:aa:ff:06:1a]

RSSI: -73 [da:ee:aa:ff:06:4b]

RSSI: -60 [da:ee:aa:ff:06:2a]

RSSI: -56 [da:ee:aa:ff:06:4b]

RSSI: -61 [da:ee:aa:ff:06:2a]

RSSI: -63 [da:ee:aa:ff:06:4b]

RSSI: -60 [da:ee:aa:ff:06:2a]

RSSI: -68 [da:ee:aa:ff:06:4b]

RSSI: -87 [da:ee:aa:ff:11:bc]

RSSI: -60 [da:ee:aa:ff:06:2a]

RSSI: -73 [da:ee:aa:ff:06:4b]

RSSI: -87 [da:ee:aa:ff:11:bc]

RSSI: -64 [da:ee:aa:ff:06:4a]

RSSI: -64 [da:ee:aa:ff:06:5a]

RSSI: -73 [da:ee:aa:ff:06:6b]

RSSI: -90 [da:ee:aa:ff:11:cc]

RSSI: -65 [da:ee:aa:ff:06:5a]

RSSI: -73 [da:ee:aa:ff:06:6b]

RSSI: -88 [da:ee:aa:ff:11:cc]

RSSI: -65 [da:ee:aa:ff:06:5a]

RSSI: -73 [da:ee:aa:ff:06:6b]

RSSI: -75 [da:ee:aa:ff:06:7b]

RSSI: -62 [da:ee:aa:ff:06:7a]

RSSI: -75 [da:ee:aa:ff:06:7b]

RSSI: -61 [da:ee:aa:ff:06:7a]

RSSI: -75 [da:ee:aa:ff:06:7b]

RSSI: -61 [da:ee:aa:ff:06:7a]

RSSI: -75 [da:ee:aa:ff:06:7b]

RSSI: -61 [da:ee:aa:ff:06:7a]

RSSI: -73 [da:ee:aa:ff:06:9b]

RSSI: -73 [da:ee:aa:ff:06:9b]

RSSI: -63 [da:ee:aa:ff:06:aa]

RSSI: -73 [da:ee:aa:ff:06:9b]

RSSI: -57 [da:ee:aa:ff:06:aa]

RSSI: -85 [da:ee:aa:ff:12:1c]

RSSI: -73 [da:ee:aa:ff:06:9b]

RSSI: -73 [da:ee:aa:ff:06:9b]

RSSI: -48 [da:ee:aa:ff:06:aa]

RSSI: -64 [da:ee:aa:ff:06:ba]

RSSI: -86 [da:ee:aa:ff:12:3c]

RSSI: -86 [da:ee:aa:ff:12:3c]

RSSI: -73 [da:ee:aa:ff:06:cb]

RSSI: -64 [da:ee:aa:ff:06:da]

RSSI: -73 [da:ee:aa:ff:06:cb]

RSSI: -87 [da:ee:aa:ff:12:3c]

RSSI: -64 [da:ee:aa:ff:06:da]

RSSI: -73 [da:ee:aa:ff:06:cb]

RSSI: -61 [da:ee:aa:ff:06:ea]

RSSI: -61 [da:ee:aa:ff:06:ea]

RSSI: -61 [da:ee:aa:ff:06:ea]

RSSI: -61 [da:ee:aa:ff:06:ea]

RSSI: -61 [da:ee:aa:ff:06:ea]

RSSI: -84 [da:ee:aa:ff:12:8c]

RSSI: -61 [da:ee:aa:ff:07:1a]

RSSI: -84 [da:ee:aa:ff:12:8c]

RSSI: -61 [da:ee:aa:ff:07:1a]

RSSI: -84 [da:ee:aa:ff:12:8c]

RSSI: -60 [da:ee:aa:ff:07:1a]

RSSI: -61 [da:ee:aa:ff:07:1a]

RSSI: -60 [da:ee:aa:ff:07:1a]

RSSI: -73 [da:ee:aa:ff:07:3b]

RSSI: -66 [da:ee:aa:ff:07:3a]

RSSI: -65 [da:ee:aa:ff:07:3a]

RSSI: -73 [da:ee:aa:ff:07:4b]

RSSI: -89 [da:ee:aa:ff:12:bc]

RSSI: -73 [da:ee:aa:ff:07:4b]

RSSI: -73 [da:ee:aa:ff:07:4b]

RSSI: -75 [da:ee:aa:ff:07:5b]

RSSI: -75 [da:ee:aa:ff:07:5b]

RSSI: -94 [da:ee:aa:ff:12:dc]

RSSI: -75 [da:ee:aa:ff:07:5b]

RSSI: -75 [da:ee:aa:ff:07:5b]

RSSI: -61 [da:ee:aa:ff:07:6a]

RSSI: -61 [da:ee:aa:ff:07:7a]

RSSI: -73 [da:ee:aa:ff:07:7b]

RSSI: -61 [da:ee:aa:ff:07:8a]

RSSI: -61 [da:ee:aa:ff:07:8a]

RSSI: -61 [da:ee:aa:ff:07:8a]

RSSI: -88 [da:ee:aa:ff:13:1c]

RSSI: -88 [da:ee:aa:ff:13:1c]

RSSI: -88 [da:ee:aa:ff:13:1c]

RSSI: -74 [da:ee:aa:ff:07:9b]

RSSI: -74 [da:ee:aa:ff:07:bb]

RSSI: -61 [da:ee:aa:ff:07:ca]

RSSI: -74 [da:ee:aa:ff:07:bb]

RSSI: -61 [da:ee:aa:ff:07:ca]

RSSI: -75 [da:ee:aa:ff:07:bb]

RSSI: -61 [da:ee:aa:ff:07:ca]

RSSI: -74 [da:ee:aa:ff:07:bb]

RSSI: -61 [da:ee:aa:ff:07:ca]

RSSI: -61 [da:ee:aa:ff:07:ca]

RSSI: -62 [da:ee:aa:ff:07:da]

RSSI: -73 [da:ee:aa:ff:07:eb]

RSSI: -61 [da:ee:aa:ff:07:da]

RSSI: -73 [da:ee:aa:ff:07:eb]

RSSI: -73 [da:ee:aa:ff:07:eb]

RSSI: -73 [da:ee:aa:ff:07:eb]

RSSI: -86 [da:ee:aa:ff:13:9c]

RSSI: -61 [da:ee:aa:ff:07:ea]

RSSI: -73 [da:ee:aa:ff:07:eb]

RSSI: -64 [da:ee:aa:ff:07:fa]

RSSI: -64 [da:ee:aa:ff:07:fa]

RSSI: -64 [da:ee:aa:ff:07:fa]

RSSI: -86 [da:ee:aa:ff:13:bc]

RSSI: -68 [da:ee:aa:ff:08:0b]

RSSI: -64 [da:ee:aa:ff:07:fa]

RSSI: -87 [da:ee:aa:ff:13:bc]

RSSI: -74 [da:ee:aa:ff:08:0b]

RSSI: -64 [da:ee:aa:ff:07:fa]

RSSI: -87 [da:ee:aa:ff:13:bc]

RSSI: -56 [da:ee:aa:ff:08:0b]

RSSI: -75 [da:ee:aa:ff:08:1b]

RSSI: -61 [da:ee:aa:ff:08:2a]

RSSI: -74 [da:ee:aa:ff:08:1b]

RSSI: -61 [da:ee:aa:ff:08:2a]

RSSI: -75 [da:ee:aa:ff:08:1b]

RSSI: -61 [da:ee:aa:ff:08:2a]

RSSI: -75 [da:ee:aa:ff:08:1b]

RSSI: -61 [da:ee:aa:ff:08:2a]

RSSI: -61 [da:ee:aa:ff:08:2a]

RSSI: -73 [da:ee:aa:ff:08:4b]

RSSI: -88 [da:ee:aa:ff:13:fc]

RSSI: -74 [da:ee:aa:ff:08:4b]

RSSI: -73 [da:ee:aa:ff:08:4b]

RSSI: -87 [da:ee:aa:ff:13:fc]

RSSI: -73 [da:ee:aa:ff:08:4b]

RSSI: -61 [da:ee:aa:ff:08:5a]

RSSI: -73 [da:ee:aa:ff:08:4b]

RSSI: -68 [da:ee:aa:ff:08:6a]

RSSI: -67 [da:ee:aa:ff:08:6a]

RSSI: -68 [da:ee:aa:ff:08:6a]

RSSI: -68 [da:ee:aa:ff:08:6a]

RSSI: -68 [da:ee:aa:ff:08:6a]

RSSI: -60 [da:ee:aa:ff:08:7a]

RSSI: -74 [da:ee:aa:ff:08:9b]

RSSI: -74 [da:ee:aa:ff:08:9b]

RSSI: -74 [da:ee:aa:ff:08:9b]

RSSI: -48 [da:ee:aa:ff:08:9a]

RSSI: -74 [da:ee:aa:ff:08:9b]

RSSI: -54 [da:ee:aa:ff:08:9a]

RSSI: -58 [da:ee:aa:ff:08:9a]

RSSI: -61 [da:ee:aa:ff:08:aa]

RSSI: -85 [da:ee:aa:ff:14:6c]

RSSI: -62 [da:ee:aa:ff:08:aa]

RSSI: -88 [da:ee:aa:ff:14:6c]

RSSI: -61 [da:ee:aa:ff:08:aa]

RSSI: -87 [da:ee:aa:ff:14:6c]

RSSI: -62 [da:ee:aa:ff:08:aa]

RSSI: -87 [da:ee:aa:ff:14:6c]

RSSI: -73 [da:ee:aa:ff:08:cb]

RSSI: -65 [da:ee:aa:ff:08:da]

RSSI: -64 [da:ee:aa:ff:08:da]

RSSI: -64 [da:ee:aa:ff:08:da]

RSSI: -73 [da:ee:aa:ff:08:fb]

RSSI: -64 [da:ee:aa:ff:08:da]

RSSI: -56 [da:ee:aa:ff:08:fb]

RSSI: -64 [da:ee:aa:ff:08:da]

RSSI: -72 [da:ee:aa:ff:09:0b]

RSSI: -61 [da:ee:aa:ff:08:ea]

RSSI: -73 [da:ee:aa:ff:09:0b]

RSSI: -61 [da:ee:aa:ff:09:0a]

RSSI: -61 [da:ee:aa:ff:09:0a]

RSSI: -61 [da:ee:aa:ff:09:1a]

RSSI: -61 [da:ee:aa:ff:09:1a]

RSSI: -61 [da:ee:aa:ff:09:1a]

RSSI: -61 [da:ee:aa:ff:09:1a]

RSSI: -62 [da:ee:aa:ff:09:1a]

RSSI: -74 [da:ee:aa:ff:09:4b]

RSSI: -90 [da:ee:aa:ff:15:0c]

RSSI: -63 [da:ee:aa:ff:09:5a]

RSSI: -91 [da:ee:aa:ff:15:0c]

RSSI: -63 [da:ee:aa:ff:09:5a]

RSSI: -91 [da:ee:aa:ff:15:0c]

RSSI: -63 [da:ee:aa:ff:09:5a]

RSSI: -92 [da:ee:aa:ff:15:0c]

RSSI: -63 [da:ee:aa:ff:09:5a]

RSSI: -61 [da:ee:aa:ff:09:6a]

RSSI: -74 [da:ee:aa:ff:09:7b]

RSSI: -61 [da:ee:aa:ff:09:6a]

RSSI: -75 [da:ee:aa:ff:09:7b]

RSSI: -61 [da:ee:aa:ff:09:6a]

RSSI: -74 [da:ee:aa:ff:09:7b]

RSSI: -74 [da:ee:aa:ff:09:7b]

RSSI: -60 [da:ee:aa:ff:09:8a]

RSSI: -73 [da:ee:aa:ff:09:ab]

RSSI: -48 [da:ee:aa:ff:09:8a]

RSSI: -73 [da:ee:aa:ff:09:ab]

RSSI: -73 [da:ee:aa:ff:09:ab]

RSSI: -61 [da:ee:aa:ff:09:8a]

RSSI: -73 [da:ee:aa:ff:09:ab]

RSSI: -74 [da:ee:aa:ff:09:bb]

RSSI: -66 [da:ee:aa:ff:09:aa]

RSSI: -87 [da:ee:aa:ff:15:8c]

RSSI: -74 [da:ee:aa:ff:09:cb]

RSSI: -74 [da:ee:aa:ff:09:cb]

RSSI: -89 [da:ee:aa:ff:15:8c]

RSSI: -73 [da:ee:aa:ff:09:eb]

RSSI: -60 [da:ee:aa:ff:09:da]

RSSI: -60 [da:ee:aa:ff:09:eb]

RSSI: -60 [da:ee:aa:ff:09:da]

RSSI: -64 [da:ee:aa:ff:09:eb]

RSSI: -60 [da:ee:aa:ff:09:da]

RSSI: -59 [da:ee:aa:ff:09:eb]

RSSI: -60 [da:ee:aa:ff:09:da]

RSSI: -90 [da:ee:aa:ff:15:cc]

RSSI: -61 [da:ee:aa:ff:0a:0a]

RSSI: -73 [da:ee:aa:ff:0a:1b]

RSSI: -61 [da:ee:aa:ff:0a:0a]

RSSI: -73 [da:ee:aa:ff:0a:1b]

RSSI: -61 [da:ee:aa:ff:0a:0a]

RSSI: -73 [da:ee:aa:ff:0a:1b]

RSSI: -86 [da:ee:aa:ff:15:ec]

RSSI: -61 [da:ee:aa:ff:0a:0a]

RSSI: -73 [da:ee:aa:ff:0a:1b]

RSSI: -61 [da:ee:aa:ff:0a:0a]

RSSI: -72 [da:ee:aa:ff:0a:1b]

RSSI: -75 [da:ee:aa:ff:0a:2b]

RSSI: -65 [da:ee:aa:ff:0a:1a]

RSSI: -74 [da:ee:aa:ff:0a:3b]

RSSI: -61 [da:ee:aa:ff:0a:5a]

RSSI: -73 [da:ee:aa:ff:0a:4b]

RSSI: -61 [da:ee:aa:ff:0a:5a]

RSSI: -73 [da:ee:aa:ff:0a:4b]

RSSI: -61 [da:ee:aa:ff:0a:5a]

RSSI: -73 [da:ee:aa:ff:0a:4b]

RSSI: -61 [da:ee:aa:ff:0a:5a]

RSSI: -73 [da:ee:aa:ff:0a:4b]

RSSI: -61 [da:ee:aa:ff:0a:5a]

RSSI: -61 [da:ee:aa:ff:0a:6a]

RSSI: -73 [da:ee:aa:ff:0a:7b]

RSSI: -87 [da:ee:aa:ff:16:5c]

RSSI: -73 [da:ee:aa:ff:0a:7b]

RSSI: -73 [da:ee:aa:ff:0a:7b]

RSSI: -58 [da:ee:aa:ff:0a:7a]

RSSI: -73 [da:ee:aa:ff:0a:7b]

RSSI: -75 [da:ee:aa:ff:0a:8b]

RSSI: -65 [da:ee:aa:ff:0a:8a]

RSSI: -75 [da:ee:aa:ff:0a:9b]

RSSI: -65 [da:ee:aa:ff:0a:8a]

RSSI: -75 [da:ee:aa:ff:0a:9b]

RSSI: -60 [da:ee:aa:ff:0a:9a]

RSSI: -74 [da:ee:aa:ff:0a:ab]

RSSI: -73 [da:ee:aa:ff:0a:ab]

RSSI: -60 [da:ee:aa:ff:0a:ba]

RSSI: -60 [da:ee:aa:ff:0a:ba]

RSSI: -60 [da:ee:aa:ff:0a:ba]

RSSI: -62 [da:ee:aa:ff:0a:da]

RSSI: -75 [da:ee:aa:ff:0a:db]

RSSI: -92 [da:ee:aa:ff:00:9c]

RSSI: -65 [da:ee:aa:ff:0b:0a]

RSSI: -90 [da:ee:aa:ff:00:9c]

RSSI: -66 [da:ee:aa:ff:0b:0a]

RSSI: -75 [da:ee:aa:ff:0a:eb]

RSSI: -66 [da:ee:aa:ff:0b:0a]

RSSI: -91 [da:ee:aa:ff:00:9c]

RSSI: -75 [da:ee:aa:ff:0a:eb]

RSSI: -66 [da:ee:aa:ff:0b:0a]

RSSI: -90 [da:ee:aa:ff:00:9c]

RSSI: -60 [da:ee:aa:ff:0b:1a]

RSSI: -60 [da:ee:aa:ff:0b:1a]

RSSI: -60 [da:ee:aa:ff:0b:1a]

RSSI: -73 [da:ee:aa:ff:0b:0b]

RSSI: -60 [da:ee:aa:ff:0b:3a]

RSSI: -62 [da:ee:aa:ff:0b:4a]

RSSI: -87 [da:ee:aa:ff:00:ec]

RSSI: -74 [da:ee:aa:ff:0b:3b]

RSSI: -62 [da:ee:aa:ff:0b:4a]

RSSI: -74 [da:ee:aa:ff:0b:3b]

RSSI: -62 [da:ee:aa:ff:0b:4a]

RSSI: -73 [da:ee:aa:ff:0b:3b]

RSSI: -62 [da:ee:aa:ff:0b:4a]

RSSI: -73 [da:ee:aa:ff:0b:3b]

RSSI: -62 [da:ee:aa:ff:0b:4a]

RSSI: -89 [da:ee:aa:ff:00:ec]

RSSI: -73 [da:ee:aa:ff:0b:3b]

RSSI: -67 [da:ee:aa:ff:0b:6a]

RSSI: -75 [da:ee:aa:ff:0b:5b]

RSSI: -75 [da:ee:aa:ff:0b:5b]

RSSI: -74 [da:ee:aa:ff:0b:6b]

RSSI: -47 [da:ee:aa:ff:0b:8a]

RSSI: -73 [da:ee:aa:ff:0b:6b]

RSSI: -73 [da:ee:aa:ff:0b:6b]

RSSI: -60 [da:ee:aa:ff:0b:8a]

RSSI: -73 [da:ee:aa:ff:0b:6b]

RSSI: -60 [da:ee:aa:ff:0b:8a]

RSSI: -87 [da:ee:aa:ff:01:4c]

RSSI: -61 [da:ee:aa:ff:0b:ba]

RSSI: -63 [da:ee:aa:ff:0b:9b]

RSSI: -61 [da:ee:aa:ff:0b:ba]

RSSI: -87 [da:ee:aa:ff:01:6c]

RSSI: -61 [da:ee:aa:ff:0b:ba]

RSSI: -61 [da:ee:aa:ff:0b:ba]

RSSI: -75 [da:ee:aa:ff:0b:ab]

RSSI: -68 [da:ee:aa:ff:0b:ca]

RSSI: -90 [da:ee:aa:ff:01:7c]

RSSI: -68 [da:ee:aa:ff:0b:ca]

RSSI: -68 [da:ee:aa:ff:0b:ca]

RSSI: -75 [da:ee:aa:ff:0b:cb]

RSSI: -75 [da:ee:aa:ff:0b:cb]

RSSI: -60 [da:ee:aa:ff:0b:ea]

RSSI: -60 [da:ee:aa:ff:0b:ea]

RSSI: -73 [da:ee:aa:ff:0b:db]

RSSI: -60 [da:ee:aa:ff:0b:ea]

RSSI: -73 [da:ee:aa:ff:0b:db]

RSSI: -60 [da:ee:aa:ff:0b:ea]

RSSI: -73 [da:ee:aa:ff:0b:db]

RSSI: -60 [da:ee:aa:ff:0b:ea]

RSSI: -61 [da:ee:aa:ff:0c:0a]

RSSI: -60 [da:ee:aa:ff:0c:1a]

RSSI: -74 [da:ee:aa:ff:0b:fb]

RSSI: -75 [da:ee:aa:ff:0c:0b]

RSSI: -91 [da:ee:aa:ff:02:0c]

RSSI: -67 [da:ee:aa:ff:0c:2a]

RSSI: -67 [da:ee:aa:ff:0c:2a]

RSSI: -90 [da:ee:aa:ff:02:0c]

RSSI: -67 [da:ee:aa:ff:0c:2a]

RSSI: -75 [da:ee:aa:ff:0c:1b]

RSSI: -76 [da:ee:aa:ff:0c:1b]

RSSI: -73 [da:ee:aa:ff:0c:2b]

RSSI: -60 [da:ee:aa:ff:0c:5a]

RSSI: -73 [da:ee:aa:ff:0c:2b]

RSSI: -60 [da:ee:aa:ff:0c:5a]

RSSI: -73 [da:ee:aa:ff:0c:2b]

RSSI: -57 [da:ee:aa:ff:0c:5a]

RSSI: -73 [da:ee:aa:ff:0c:2b]

RSSI: -55 [da:ee:aa:ff:0c:5a]

RSSI: -59 [da:ee:aa:ff:0c:5a]

RSSI: -86 [da:ee:aa:ff:02:4c]

RSSI: -60 [da:ee:aa:ff:0c:7a]

RSSI: -73 [da:ee:aa:ff:0c:4b]

RSSI: -60 [da:ee:aa:ff:0c:7a]

RSSI: -73 [da:ee:aa:ff:0c:4b]

RSSI: -60 [da:ee:aa:ff:0c:7a]

RSSI: -73 [da:ee:aa:ff:0c:4b]

RSSI: -73 [da:ee:aa:ff:0c:4b]

RSSI: -86 [da:ee:aa:ff:02:4c]

RSSI: -59 [da:ee:aa:ff:0c:5b]

RSSI: -66 [da:ee:aa:ff:0c:aa]

RSSI: -66 [da:ee:aa:ff:0c:aa]

RSSI: -66 [da:ee:aa:ff:0c:aa]

RSSI: -68 [da:ee:aa:ff:0c:7b]

RSSI: -66 [da:ee:aa:ff:0c:aa]

RSSI: -60 [da:ee:aa:ff:0c:ba]

RSSI: -74 [da:ee:aa:ff:0c:9b]

RSSI: -73 [da:ee:aa:ff:0c:9b]

RSSI: -60 [da:ee:aa:ff:0c:ca]

RSSI: -73 [da:ee:aa:ff:0c:9b]

RSSI: -60 [da:ee:aa:ff:0c:ca]

RSSI: -73 [da:ee:aa:ff:0c:9b]

RSSI: -60 [da:ee:aa:ff:0c:ca]

RSSI: -73 [da:ee:aa:ff:0c:bb]

RSSI: -61 [da:ee:aa:ff:0c:ea]

RSSI: -73 [da:ee:aa:ff:0c:bb]

RSSI: -61 [da:ee:aa:ff:0c:ea]

RSSI: -87 [da:ee:aa:ff:02:bc]

RSSI: -73 [da:ee:aa:ff:0c:bb]

RSSI: -61 [da:ee:aa:ff:0c:ea]

RSSI: -72 [da:ee:aa:ff:0c:bb]

RSSI: -88 [da:ee:aa:ff:02:bc]

RSSI: -73 [da:ee:aa:ff:0c:bb]

RSSI: -61 [da:ee:aa:ff:0c:ea]

RSSI: -75 [da:ee:aa:ff:0c:db]

RSSI: -67 [da:ee:aa:ff:0d:1a]

RSSI: -67 [da:ee:aa:ff:0d:1a]

RSSI: -68 [da:ee:aa:ff:0d:1a]

RSSI: -75 [da:ee:aa:ff:0c:fb]

RSSI: -68 [da:ee:aa:ff:0d:1a]

RSSI: -75 [da:ee:aa:ff:0c:fb]

RSSI: -60 [da:ee:aa:ff:0d:3a]

RSSI: -60 [da:ee:aa:ff:0d:3a]

RSSI: -73 [da:ee:aa:ff:0d:0b]

RSSI: -60 [da:ee:aa:ff:0d:3a]

RSSI: -74 [da:ee:aa:ff:0d:0b]

RSSI: -93 [da:ee:aa:ff:03:0c]

RSSI: -73 [da:ee:aa:ff:0d:0b]

RSSI: -73 [da:ee:aa:ff:0d:3b]

RSSI: -48 [da:ee:aa:ff:0d:6a]

RSSI: -73 [da:ee:aa:ff:0d:3b]

RSSI: -73 [da:ee:aa:ff:0d:3b]

RSSI: -54 [da:ee:aa:ff:0d:6a]

RSSI: -73 [da:ee:aa:ff:0d:3b]

RSSI: -75 [da:ee:aa:ff:0d:5b]

RSSI: -93 [da:ee:aa:ff:03:5c]

RSSI: -67 [da:ee:aa:ff:0d:7b]

RSSI: -60 [da:ee:aa:ff:0d:ba]

RSSI: -73 [da:ee:aa:ff:0d:7b]

RSSI: -60 [da:ee:aa:ff:0d:ba]

RSSI: -73 [da:ee:aa:ff:0d:7b]

RSSI: -60 [da:ee:aa:ff:0d:ba]

RSSI: -73 [da:ee:aa:ff:0d:7b]

RSSI: -60 [da:ee:aa:ff:0d:ba]

RSSI: -74 [da:ee:aa:ff:0d:7b]

RSSI: -61 [da:ee:aa:ff:0d:da]

RSSI: -73 [da:ee:aa:ff:0d:9b]

RSSI: -61 [da:ee:aa:ff:0d:da]

RSSI: -62 [da:ee:aa:ff:0d:da]

RSSI: -61 [da:ee:aa:ff:0d:da]

RSSI: -76 [da:ee:aa:ff:0d:ab]

RSSI: -67 [da:ee:aa:ff:0d:fa]

RSSI: -75 [da:ee:aa:ff:0d:ab]

RSSI: -67 [da:ee:aa:ff:0d:fa]

RSSI: -67 [da:ee:aa:ff:0d:fa]

RSSI: -75 [da:ee:aa:ff:0d:cb]

RSSI: -73 [da:ee:aa:ff:0d:db]

RSSI: -73 [da:ee:aa:ff:0d:db]

RSSI: -73 [da:ee:aa:ff:0d:db]

RSSI: -60 [da:ee:aa:ff:0e:3a]

RSSI: -73 [da:ee:aa:ff:0d:db]

RSSI: -73 [da:ee:aa:ff:0d:db]

RSSI: -61 [da:ee:aa:ff:0e:5a]

RSSI: -73 [da:ee:aa:ff:0e:0b]

RSSI: -87 [da:ee:aa:ff:04:3c]

RSSI: -73 [da:ee:aa:ff:0e:0b]

RSSI: -61 [da:ee:aa:ff:0e:7a]

RSSI: -87 [da:ee:aa:ff:04:3c]

RSSI: -73 [da:ee:aa:ff:0e:0b]

RSSI: -61 [da:ee:aa:ff:0e:7a]

RSSI: -88 [da:ee:aa:ff:04:3c]

RSSI: -73 [da:ee:aa:ff:0e:0b]

RSSI: -76 [da:ee:aa:ff:0e:1b]

RSSI: -75 [da:ee:aa:ff:0e:1b]

RSSI: -75 [da:ee:aa:ff:0e:1b]

RSSI: -71 [da:ee:aa:ff:0e:3b]

RSSI: -60 [da:ee:aa:ff:0e:ba]

RSSI: -63 [da:ee:aa:ff:0e:3b]

RSSI: -60 [da:ee:aa:ff:0e:ba]

RSSI: -60 [da:ee:aa:ff:0e:ba]

RSSI: -56 [da:ee:aa:ff:0e:3b]

RSSI: -60 [da:ee:aa:ff:0e:ba]

RSSI: -71 [da:ee:aa:ff:0e:3b]

RSSI: -60 [da:ee:aa:ff:0e:ba]

RSSI: -73 [da:ee:aa:ff:0e:4b]

RSSI: -61 [da:ee:aa:ff:0e:da]

RSSI: -87 [da:ee:aa:ff:04:9c]

RSSI: -61 [da:ee:aa:ff:0e:da]

RSSI: -73 [da:ee:aa:ff:0e:5b]

RSSI: -73 [da:ee:aa:ff:0e:5b]

RSSI: -73 [da:ee:aa:ff:0e:5b]

RSSI: -61 [da:ee:aa:ff:0e:ea]

RSSI: -67 [da:ee:aa:ff:0f:0a]

RSSI: -75 [da:ee:aa:ff:0e:6b]

RSSI: -67 [da:ee:aa:ff:0f:0a]

RSSI: -75 [da:ee:aa:ff:0e:6b]

RSSI: -89 [da:ee:aa:ff:04:dc]

RSSI: -67 [da:ee:aa:ff:0f:0a]

RSSI: -75 [da:ee:aa:ff:0e:6b]

RSSI: -89 [da:ee:aa:ff:04:dc]

RSSI: -67 [da:ee:aa:ff:0f:0a]

RSSI: -89 [da:ee:aa:ff:04:dc]

RSSI: -67 [da:ee:aa:ff:0f:0a]

RSSI: -61 [da:ee:aa:ff:0f:2a]

RSSI: -73 [da:ee:aa:ff:0e:ab]

RSSI: -62 [da:ee:aa:ff:0f:5a]

RSSI: -87 [da:ee:aa:ff:05:1c]

RSSI: -73 [da:ee:aa:ff:0e:bb]

RSSI: -62 [da:ee:aa:ff:0f:5a]

RSSI: -74 [da:ee:aa:ff:0e:db]

RSSI: -87 [da:ee:aa:ff:05:1c]

RSSI: -62 [da:ee:aa:ff:0f:5a]

RSSI: -74 [da:ee:aa:ff:0e:db]

RSSI: -62 [da:ee:aa:ff:0f:5a]

RSSI: -74 [da:ee:aa:ff:0e:db]

RSSI: -74 [da:ee:aa:ff:0e:eb]

RSSI: -65 [da:ee:aa:ff:0f:7a]

RSSI: -88 [da:ee:aa:ff:05:5c]

RSSI: -66 [da:ee:aa:ff:0f:7a]

RSSI: -74 [da:ee:aa:ff:0e:eb]

RSSI: -65 [da:ee:aa:ff:0f:7a]

RSSI: -73 [da:ee:aa:ff:0e:eb]

RSSI: -87 [da:ee:aa:ff:05:5c]

RSSI: -65 [da:ee:aa:ff:0f:7a]

RSSI: -48 [da:ee:aa:ff:0f:8a]

RSSI: -75 [da:ee:aa:ff:0f:1b]

RSSI: -54 [da:ee:aa:ff:0f:8a]

RSSI: -75 [da:ee:aa:ff:0f:1b]

RSSI: -74 [da:ee:aa:ff:0f:1b]

RSSI: -75 [da:ee:aa:ff:0f:1b]

RSSI: -53 [da:ee:aa:ff:0f:9a]

RSSI: -62 [da:ee:aa:ff:0f:aa]

RSSI: -88 [da:ee:aa:ff:05:8c]

RSSI: -61 [da:ee:aa:ff:0f:aa]

RSSI: -87 [da:ee:aa:ff:05:8c]

RSSI: -61 [da:ee:aa:ff:0f:aa]

RSSI: -88 [da:ee:aa:ff:05:8c]

RSSI: -61 [da:ee:aa:ff:0f:aa]

RSSI: -62 [da:ee:aa:ff:0f:aa]

RSSI: -73 [da:ee:aa:ff:0f:5b]

RSSI: -64 [da:ee:aa:ff:0f:ca]

RSSI: -73 [da:ee:aa:ff:0f:5b]

RSSI: -64 [da:ee:aa:ff:0f:da]

RSSI: -64 [da:ee:aa:ff:0f:da]

RSSI: -75 [da:ee:aa:ff:0f:9b]

RSSI: -62 [da:ee:aa:ff:0f:ea]

RSSI: -75 [da:ee:aa:ff:0f:9b]

RSSI: -62 [da:ee:aa:ff:0f:ea]

RSSI: -74 [da:ee:aa:ff:0f:9b]

RSSI: -62 [da:ee:aa:ff:0f:ea]

RSSI: -75 [da:ee:aa:ff:0f:9b]

RSSI: -62 [da:ee:aa:ff:0f:ea]

RSSI: -75 [da:ee:aa:ff:0f:9b]

RSSI: -73 [da:ee:aa:ff:0f:ab]

RSSI: -73 [da:ee:aa:ff:0f:ab]

RSSI: -62 [da:ee:aa:ff:10:1a]

RSSI: -73 [da:ee:aa:ff:0f:ab]

RSSI: -62 [da:ee:aa:ff:10:1a]

RSSI: -62 [da:ee:aa:ff:10:1a]

RSSI: -75 [da:ee:aa:ff:0f:bb]

RSSI: -62 [da:ee:aa:ff:10:1a]

RSSI: -65 [da:ee:aa:ff:10:3a]

RSSI: -65 [da:ee:aa:ff:10:3a]

RSSI: -89 [da:ee:aa:ff:06:2c]

RSSI: -65 [da:ee:aa:ff:10:3a]

RSSI: -90 [da:ee:aa:ff:06:2c]

RSSI: -74 [da:ee:aa:ff:0f:cb]

RSSI: -89 [da:ee:aa:ff:06:2c]

RSSI: -61 [da:ee:aa:ff:10:7a]

RSSI: -61 [da:ee:aa:ff:10:7a]

RSSI: -61 [da:ee:aa:ff:10:7a]

RSSI: -61 [da:ee:aa:ff:10:7a]

RSSI: -61 [da:ee:aa:ff:10:7a]

RSSI: -74 [da:ee:aa:ff:0f:fb]

RSSI: -85 [da:ee:aa:ff:06:7c]

RSSI: -49 [da:ee:aa:ff:10:9a]

RSSI: -73 [da:ee:aa:ff:0f:fb]

RSSI: -73 [da:ee:aa:ff:0f:fb]

RSSI: -77 [da:ee:aa:ff:06:7c]

RSSI: -55 [da:ee:aa:ff:10:aa]

RSSI: -65 [da:ee:aa:ff:10:ba]

RSSI: -65 [da:ee:aa:ff:10:ba]

RSSI: -89 [da:ee:aa:ff:06:ac]

RSSI: -65 [da:ee:aa:ff:10:ba]

RSSI: -64 [da:ee:aa:ff:10:ba]

RSSI: -90 [da:ee:aa:ff:06:ac]

RSSI: -75 [da:ee:aa:ff:10:4b]

RSSI: -60 [da:ee:aa:ff:10:ea]

RSSI: -60 [da:ee:aa:ff:10:ea]

RSSI: -60 [da:ee:aa:ff:10:ea]

RSSI: -61 [da:ee:aa:ff:10:ea]

RSSI: -73 [da:ee:aa:ff:10:7b]

RSSI: -73 [da:ee:aa:ff:10:7b]

RSSI: -87 [da:ee:aa:ff:06:ec]

RSSI: -74 [da:ee:aa:ff:10:7b]

RSSI: -87 [da:ee:aa:ff:06:ec]

RSSI: -74 [da:ee:aa:ff:10:7b]

RSSI: -74 [da:ee:aa:ff:10:9b]

RSSI: -88 [da:ee:aa:ff:07:0c]

RSSI: -64 [da:ee:aa:ff:11:2a]

RSSI: -74 [da:ee:aa:ff:10:9b]

RSSI: -89 [da:ee:aa:ff:07:0c]

RSSI: -64 [da:ee:aa:ff:11:2a]

RSSI: -74 [da:ee:aa:ff:10:9b]

RSSI: -65 [da:ee:aa:ff:11:2a]

RSSI: -74 [da:ee:aa:ff:10:9b]

RSSI: -64 [da:ee:aa:ff:11:2a]

RSSI: -74 [da:ee:aa:ff:10:9b]

RSSI: -64 [da:ee:aa:ff:11:2a]

RSSI: -61 [da:ee:aa:ff:11:4a]

RSSI: -61 [da:ee:aa:ff:11:6a]

RSSI: -75 [da:ee:aa:ff:10:cb]

RSSI: -61 [da:ee:aa:ff:11:6a]

RSSI: -74 [da:ee:aa:ff:10:cb]

RSSI: -61 [da:ee:aa:ff:11:6a]

RSSI: -73 [da:ee:aa:ff:10:db]

RSSI: -62 [da:ee:aa:ff:11:8a]

RSSI: -87 [da:ee:aa:ff:07:5c]

RSSI: -73 [da:ee:aa:ff:10:db]

RSSI: -62 [da:ee:aa:ff:11:8a]

RSSI: -73 [da:ee:aa:ff:10:db]

RSSI: -62 [da:ee:aa:ff:11:8a]

RSSI: -74 [da:ee:aa:ff:10:db]

RSSI: -88 [da:ee:aa:ff:07:6c]

RSSI: -73 [da:ee:aa:ff:10:db]

RSSI: -87 [da:ee:aa:ff:07:6c]

RSSI: -74 [da:ee:aa:ff:11:1b]

RSSI: -74 [da:ee:aa:ff:11:1b]

RSSI: -61 [da:ee:aa:ff:11:ea]

RSSI: -61 [da:ee:aa:ff:11:ea]

RSSI: -74 [da:ee:aa:ff:11:2b]

RSSI: -74 [da:ee:aa:ff:11:2b]

RSSI: -73 [da:ee:aa:ff:11:3b]

RSSI: -73 [da:ee:aa:ff:11:3b]

RSSI: -74 [da:ee:aa:ff:11:3b]

RSSI: -74 [da:ee:aa:ff:11:3b]

RSSI: -74 [da:ee:aa:ff:11:3b]

RSSI: -66 [da:ee:aa:ff:12:2a]

RSSI: -74 [da:ee:aa:ff:11:7b]

RSSI: -74 [da:ee:aa:ff:11:7b]

RSSI: -74 [da:ee:aa:ff:11:7b]

RSSI: -66 [da:ee:aa:ff:12:4a]

RSSI: -74 [da:ee:aa:ff:11:7b]

RSSI: -66 [da:ee:aa:ff:12:4a]

RSSI: -61 [da:ee:aa:ff:12:5a]

RSSI: -74 [da:ee:aa:ff:11:8b]

RSSI: -61 [da:ee:aa:ff:12:5a]

RSSI: -75 [da:ee:aa:ff:11:8b]

RSSI: -61 [da:ee:aa:ff:12:5a]

RSSI: -74 [da:ee:aa:ff:11:8b]

RSSI: -61 [da:ee:aa:ff:12:5a]

RSSI: -74 [da:ee:aa:ff:11:ab]

RSSI: -74 [da:ee:aa:ff:11:cb]

RSSI: -62 [da:ee:aa:ff:12:9a]

RSSI: -74 [da:ee:aa:ff:11:cb]

RSSI: -62 [da:ee:aa:ff:12:9a]

RSSI: -62 [da:ee:aa:ff:12:9a]

RSSI: -74 [da:ee:aa:ff:11:cb]

RSSI: -87 [da:ee:aa:ff:08:3c]

RSSI: -62 [da:ee:aa:ff:12:9a]

RSSI: -66 [da:ee:aa:ff:12:aa]

RSSI: -66 [da:ee:aa:ff:12:aa]

RSSI: -66 [da:ee:aa:ff:12:aa]

RSSI: -74 [da:ee:aa:ff:11:fb]

RSSI: -66 [da:ee:aa:ff:12:aa]

RSSI: -74 [da:ee:aa:ff:11:fb]

RSSI: -74 [da:ee:aa:ff:11:fb]

RSSI: -48 [da:ee:aa:ff:12:ca]

RSSI: -57 [da:ee:aa:ff:12:1b]

RSSI: -48 [da:ee:aa:ff:12:ca]

RSSI: -64 [da:ee:aa:ff:12:1b]

RSSI: -62 [da:ee:aa:ff:12:ca]

RSSI: -74 [da:ee:aa:ff:12:1b]

RSSI: -48 [da:ee:aa:ff:12:ca]

RSSI: -61 [da:ee:aa:ff:12:ca]

RSSI: -62 [da:ee:aa:ff:12:ea]

RSSI: -74 [da:ee:aa:ff:12:4b]

RSSI: -74 [da:ee:aa:ff:12:4b]

RSSI: -74 [da:ee:aa:ff:12:4b]

RSSI: -86 [da:ee:aa:ff:08:bc]

RSSI: -62 [da:ee:aa:ff:13:0a]

RSSI: -74 [da:ee:aa:ff:12:4b]

RSSI: -62 [da:ee:aa:ff:13:0a]

RSSI: -74 [da:ee:aa:ff:12:4b]

RSSI: -74 [da:ee:aa:ff:12:5b]

RSSI: -65 [da:ee:aa:ff:13:1a]

RSSI: -74 [da:ee:aa:ff:12:6b]

RSSI: -65 [da:ee:aa:ff:13:1a]

RSSI: -74 [da:ee:aa:ff:12:6b]

RSSI: -65 [da:ee:aa:ff:13:1a]

RSSI: -74 [da:ee:aa:ff:12:8b]

RSSI: -61 [da:ee:aa:ff:13:4a]

RSSI: -74 [da:ee:aa:ff:12:8b]

RSSI: -61 [da:ee:aa:ff:13:4a]

RSSI: -74 [da:ee:aa:ff:12:8b]

RSSI: -61 [da:ee:aa:ff:13:4a]

RSSI: -74 [da:ee:aa:ff:12:8b]

RSSI: -61 [da:ee:aa:ff:13:4a]

RSSI: -62 [da:ee:aa:ff:13:5a]

RSSI: -74 [da:ee:aa:ff:12:ab]

RSSI: -62 [da:ee:aa:ff:13:5a]

RSSI: -73 [da:ee:aa:ff:12:ab]

RSSI: -88 [da:ee:aa:ff:09:1c]

RSSI: -62 [da:ee:aa:ff:13:5a]

RSSI: -74 [da:ee:aa:ff:12:ab]

RSSI: -88 [da:ee:aa:ff:09:1c]

RSSI: -62 [da:ee:aa:ff:13:5a]

RSSI: -74 [da:ee:aa:ff:12:ab]

RSSI: -87 [da:ee:aa:ff:09:1c]

RSSI: -74 [da:ee:aa:ff:12:ab]

RSSI: -65 [da:ee:aa:ff:13:9a]

RSSI: -74 [da:ee:aa:ff:12:cb]

RSSI: -65 [da:ee:aa:ff:13:9a]

RSSI: -74 [da:ee:aa:ff:12:cb]

RSSI: -65 [da:ee:aa:ff:13:9a]

RSSI: -74 [da:ee:aa:ff:12:cb]

RSSI: -65 [da:ee:aa:ff:13:9a]

RSSI: -74 [da:ee:aa:ff:12:cb]

RSSI: -65 [da:ee:aa:ff:13:9a]

RSSI: -74 [da:ee:aa:ff:12:cb]

RSSI: -62 [da:ee:aa:ff:13:aa]

RSSI: -74 [da:ee:aa:ff:12:fb]

RSSI: -62 [da:ee:aa:ff:13:aa]

RSSI: -74 [da:ee:aa:ff:12:fb]

RSSI: -74 [da:ee:aa:ff:12:fb]

RSSI: -62 [da:ee:aa:ff:13:ca]

RSSI: -74 [da:ee:aa:ff:12:fb]

RSSI: -48 [da:ee:aa:ff:13:ca]

RSSI: -63 [da:ee:aa:ff:13:ea]

RSSI: -86 [da:ee:aa:ff:09:ac]

RSSI: -74 [da:ee:aa:ff:13:0b]

RSSI: -63 [da:ee:aa:ff:13:ea]

RSSI: -63 [da:ee:aa:ff:13:ea]

RSSI: -58 [da:ee:aa:ff:13:1b]

RSSI: -74 [da:ee:aa:ff:13:2b]

RSSI: -90 [da:ee:aa:ff:09:cc]

RSSI: -74 [da:ee:aa:ff:13:2b]

RSSI: -66 [da:ee:aa:ff:14:1a]

RSSI: -66 [da:ee:aa:ff:14:1a]

RSSI: -66 [da:ee:aa:ff:14:1a]

RSSI: -61 [da:ee:aa:ff:14:2a]

RSSI: -61 [da:ee:aa:ff:14:2a]

RSSI: -75 [da:ee:aa:ff:13:5b]

RSSI: -61 [da:ee:aa:ff:14:2a]

RSSI: -61 [da:ee:aa:ff:14:2a]

RSSI: -74 [da:ee:aa:ff:13:5b]

RSSI: -75 [da:ee:aa:ff:13:5b]

RSSI: -74 [da:ee:aa:ff:13:6b]

RSSI: -74 [da:ee:aa:ff:13:6b]

RSSI: -61 [da:ee:aa:ff:14:5a]

RSSI: -74 [da:ee:aa:ff:13:6b]

RSSI: -61 [da:ee:aa:ff:14:5a]

RSSI: -74 [da:ee:aa:ff:13:6b]

RSSI: -86 [da:ee:aa:ff:0a:2c]

RSSI: -61 [da:ee:aa:ff:14:5a]

RSSI: -66 [da:ee:aa:ff:14:6a]

RSSI: -74 [da:ee:aa:ff:13:8b]

RSSI: -66 [da:ee:aa:ff:14:6a]

RSSI: -74 [da:ee:aa:ff:13:8b]

RSSI: -74 [da:ee:aa:ff:13:8b]

RSSI: -74 [da:ee:aa:ff:13:8b]

RSSI: -90 [da:ee:aa:ff:0a:4c]

RSSI: -67 [da:ee:aa:ff:14:8a]

RSSI: -74 [da:ee:aa:ff:13:8b]

RSSI: -75 [da:ee:aa:ff:13:9b]

RSSI: -61 [da:ee:aa:ff:14:9a]

RSSI: -61 [da:ee:aa:ff:14:9a]

RSSI: -74 [da:ee:aa:ff:13:bb]

RSSI: -61 [da:ee:aa:ff:14:9a]

RSSI: -75 [da:ee:aa:ff:13:bb]

RSSI: -74 [da:ee:aa:ff:13:bb]

RSSI: -61 [da:ee:aa:ff:14:9a]

RSSI: -86 [da:ee:aa:ff:0a:9c]

RSSI: -74 [da:ee:aa:ff:13:cb]

RSSI: -74 [da:ee:aa:ff:13:cb]

RSSI: -48 [da:ee:aa:ff:14:ba]

RSSI: -87 [da:ee:aa:ff:0a:9c]

RSSI: -73 [da:ee:aa:ff:13:cb]

RSSI: -86 [da:ee:aa:ff:0a:9c]

RSSI: -73 [da:ee:aa:ff:13:cb]

RSSI: -56 [da:ee:aa:ff:14:ba]

RSSI: -68 [da:ee:aa:ff:13:fb]

RSSI: -74 [da:ee:aa:ff:14:0b]

RSSI: -87 [da:ee:aa:ff:0b:1c]

RSSI: -74 [da:ee:aa:ff:14:3b]

RSSI: -74 [da:ee:aa:ff:14:3b]

RSSI: -62 [da:ee:aa:ff:15:3a]

RSSI: -87 [da:ee:aa:ff:0b:1c]

RSSI: -74 [da:ee:aa:ff:14:3b]

RSSI: -66 [da:ee:aa:ff:15:4a]

RSSI: -65 [da:ee:aa:ff:15:4a]

RSSI: -74 [da:ee:aa:ff:14:5b]

RSSI: -66 [da:ee:aa:ff:15:4a]

RSSI: -74 [da:ee:aa:ff:14:5b]

RSSI: -66 [da:ee:aa:ff:15:4a]

RSSI: -74 [da:ee:aa:ff:14:5b]

RSSI: -66 [da:ee:aa:ff:15:4a]

RSSI: -74 [da:ee:aa:ff:14:5b]

RSSI: -61 [da:ee:aa:ff:15:6a]

RSSI: -74 [da:ee:aa:ff:14:7b]

RSSI: -61 [da:ee:aa:ff:15:7a]

RSSI: -62 [da:ee:aa:ff:15:8a]

RSSI: -88 [da:ee:aa:ff:0b:7c]

RSSI: -74 [da:ee:aa:ff:14:9b]

RSSI: -62 [da:ee:aa:ff:15:8a]

RSSI: -74 [da:ee:aa:ff:14:9b]

RSSI: -62 [da:ee:aa:ff:15:8a]

RSSI: -74 [da:ee:aa:ff:14:9b]

RSSI: -62 [da:ee:aa:ff:15:8a]

RSSI: -74 [da:ee:aa:ff:14:9b]

RSSI: -62 [da:ee:aa:ff:15:8a]

RSSI: -73 [da:ee:aa:ff:14:9b]

RSSI: -74 [da:ee:aa:ff:14:bb]

RSSI: -74 [da:ee:aa:ff:14:db]

RSSI: -91 [da:ee:aa:ff:0b:ac]

RSSI: -69 [da:ee:aa:ff:14:db]

RSSI: -65 [da:ee:aa:ff:15:ba]

RSSI: -63 [da:ee:aa:ff:14:db]

RSSI: -61 [da:ee:aa:ff:15:da]

RSSI: -75 [da:ee:aa:ff:14:eb]

RSSI: -61 [da:ee:aa:ff:15:da]

RSSI: -74 [da:ee:aa:ff:14:eb]

RSSI: -61 [da:ee:aa:ff:15:da]

RSSI: -74 [da:ee:aa:ff:14:eb]

RSSI: -61 [da:ee:aa:ff:15:fa]

RSSI: -75 [da:ee:aa:ff:14:fb]

RSSI: -61 [da:ee:aa:ff:15:fa]

RSSI: -74 [da:ee:aa:ff:15:1b]

RSSI: -62 [da:ee:aa:ff:16:1a]

RSSI: -74 [da:ee:aa:ff:15:1b]

RSSI: -62 [da:ee:aa:ff:16:1a]

RSSI: -74 [da:ee:aa:ff:15:1b]

RSSI: -62 [da:ee:aa:ff:16:1a]

RSSI: -74 [da:ee:aa:ff:15:1b]

RSSI: -62 [da:ee:aa:ff:16:1a]

RSSI: -74 [da:ee:aa:ff:15:1b]

RSSI: -74 [da:ee:aa:ff:15:3b]

RSSI: -65 [da:ee:aa:ff:16:4a]

RSSI: -74 [da:ee:aa:ff:15:4b]

RSSI: -65 [da:ee:aa:ff:16:4a]

RSSI: -74 [da:ee:aa:ff:15:4b]

RSSI: -65 [da:ee:aa:ff:16:4a]

RSSI: -74 [da:ee:aa:ff:15:4b]

RSSI: -74 [da:ee:aa:ff:15:6b]

RSSI: -61 [da:ee:aa:ff:16:5a]

RSSI: -75 [da:ee:aa:ff:15:6b]

RSSI: -61 [da:ee:aa:ff:16:5a]

RSSI: -75 [da:ee:aa:ff:15:6b]

RSSI: -61 [da:ee:aa:ff:16:5a]

RSSI: -75 [da:ee:aa:ff:15:6b]

RSSI: -61 [da:ee:aa:ff:16:5a]

RSSI: -62 [da:ee:aa:ff:16:7a]

RSSI: -62 [da:ee:aa:ff:16:7a]

RSSI: -62 [da:ee:aa:ff:16:7a]

RSSI: -62 [da:ee:aa:ff:16:7a]

RSSI: -74 [da:ee:aa:ff:15:8b]

RSSI: -62 [da:ee:aa:ff:16:7a]

RSSI: -67 [da:ee:aa:ff:00:0a]

RSSI: -66 [da:ee:aa:ff:00:0a]

RSSI: -74 [da:ee:aa:ff:15:ab]

RSSI: -70 [da:ee:aa:ff:15:bb]

RSSI: -61 [da:ee:aa:ff:00:3a]

RSSI: -74 [da:ee:aa:ff:15:bb]

RSSI: -48 [da:ee:aa:ff:00:3a]

RSSI: -58 [da:ee:aa:ff:15:bb]

RSSI: -60 [da:ee:aa:ff:15:bb]

RSSI: -57 [da:ee:aa:ff:00:3a]

RSSI: -65 [da:ee:aa:ff:15:bb]

RSSI: -62 [da:ee:aa:ff:00:3a]

RSSI: -62 [da:ee:aa:ff:00:5a]

RSSI: -74 [da:ee:aa:ff:15:db]

RSSI: -74 [da:ee:aa:ff:15:db]

RSSI: -87 [da:ee:aa:ff:0c:cc]

RSSI: -87 [da:ee:aa:ff:0c:ec]

RSSI: -66 [da:ee:aa:ff:00:8a]

RSSI: -67 [da:ee:aa:ff:00:8a]

RSSI: -74 [da:ee:aa:ff:16:1b]

RSSI: -62 [da:ee:aa:ff:00:ba]

RSSI: -74 [da:ee:aa:ff:16:1b]

RSSI: -62 [da:ee:aa:ff:00:ba]

RSSI: -75 [da:ee:aa:ff:16:1b]

RSSI: -61 [da:ee:aa:ff:00:ba]

RSSI: -74 [da:ee:aa:ff:16:1b]

RSSI: -62 [da:ee:aa:ff:00:ba]

RSSI: -74 [da:ee:aa:ff:16:1b]

RSSI: -62 [da:ee:aa:ff:00:ca]

RSSI: -62 [da:ee:aa:ff:00:ca]

RSSI: -74 [da:ee:aa:ff:16:3b]

RSSI: -62 [da:ee:aa:ff:00:ca]

RSSI: -74 [da:ee:aa:ff:16:3b]

RSSI: -74 [da:ee:aa:ff:16:3b]

RSSI: -73 [da:ee:aa:ff:16:4b]

RSSI: -65 [da:ee:aa:ff:00:fa]

RSSI: -73 [da:ee:aa:ff:16:4b]

RSSI: -65 [da:ee:aa:ff:00:fa]

RSSI: -65 [da:ee:aa:ff:00:fa]

RSSI: -65 [da:ee:aa:ff:00:fa]

RSSI: -61 [da:ee:aa:ff:01:1a]

RSSI: -75 [da:ee:aa:ff:16:6b]

RSSI: -61 [da:ee:aa:ff:01:1a]

RSSI: -74 [da:ee:aa:ff:16:6b]

RSSI: -61 [da:ee:aa:ff:01:3a]

RSSI: -74 [da:ee:aa:ff:16:6b]

RSSI: -61 [da:ee:aa:ff:01:3a]

RSSI: -75 [da:ee:aa:ff:16:6b]

RSSI: -61 [da:ee:aa:ff:01:3a]

RSSI: -75 [da:ee:aa:ff:00:0b]

RSSI: -87 [da:ee:aa:ff:0d:bc]

RSSI: -61 [da:ee:aa:ff:01:4a]

RSSI: -72 [da:ee:aa:ff:00:2b]

RSSI: -57 [da:ee:aa:ff:00:2b]

RSSI: -62 [da:ee:aa:ff:01:4a]

RSSI: -58 [da:ee:aa:ff:00:2b]

RSSI: -86 [da:ee:aa:ff:0d:bc]

RSSI: -90 [da:ee:aa:ff:0d:dc]

RSSI: -73 [da:ee:aa:ff:00:4b]

RSSI: -73 [da:ee:aa:ff:00:4b]

RSSI: -65 [da:ee:aa:ff:01:7a]

RSSI: -73 [da:ee:aa:ff:00:4b]

RSSI: -65 [da:ee:aa:ff:01:7a]

RSSI: -73 [da:ee:aa:ff:00:4b]

RSSI: -65 [da:ee:aa:ff:01:7a]

RSSI: -65 [da:ee:aa:ff:01:7a]

RSSI: -74 [da:ee:aa:ff:00:7b]

RSSI: -61 [da:ee:aa:ff:01:8a]

RSSI: -75 [da:ee:aa:ff:00:7b]

RSSI: -61 [da:ee:aa:ff:01:8a]

RSSI: -74 [da:ee:aa:ff:00:7b]

RSSI: -61 [da:ee:aa:ff:01:8a]

RSSI: -74 [da:ee:aa:ff:00:7b]

RSSI: -61 [da:ee:aa:ff:01:9a]

RSSI: -75 [da:ee:aa:ff:00:7b]

RSSI: -74 [da:ee:aa:ff:00:8b]

RSSI: -62 [da:ee:aa:ff:01:aa]

RSSI: -74 [da:ee:aa:ff:00:8b]

RSSI: -62 [da:ee:aa:ff:01:aa]

RSSI: -62 [da:ee:aa:ff:01:aa]

RSSI: -74 [da:ee:aa:ff:00:9b]

RSSI: -62 [da:ee:aa:ff:01:aa]

RSSI: -62 [da:ee:aa:ff:01:aa]

RSSI: -65 [da:ee:aa:ff:01:ba]

RSSI: -74 [da:ee:aa:ff:00:bb]

RSSI: -73 [da:ee:aa:ff:00:bb]

RSSI: -65 [da:ee:aa:ff:01:da]

RSSI: -74 [da:ee:aa:ff:00:bb]

RSSI: -65 [da:ee:aa:ff:01:da]

RSSI: -61 [da:ee:aa:ff:01:ea]

RSSI: -74 [da:ee:aa:ff:00:db]

RSSI: -61 [da:ee:aa:ff:01:ea]

RSSI: -75 [da:ee:aa:ff:00:db]

RSSI: -61 [da:ee:aa:ff:01:ea]

RSSI: -75 [da:ee:aa:ff:00:db]

RSSI: -61 [da:ee:aa:ff:01:ea]

RSSI: -74 [da:ee:aa:ff:00:eb]

RSSI: -75 [da:ee:aa:ff:00:eb]

RSSI: -62 [da:ee:aa:ff:02:0a]

RSSI: -74 [da:ee:aa:ff:00:eb]

RSSI: -62 [da:ee:aa:ff:02:0a]

RSSI: -62 [da:ee:aa:ff:02:0a]

RSSI: -58 [da:ee:aa:ff:01:0b]

RSSI: -62 [da:ee:aa:ff:02:0a]

RSSI: -62 [da:ee:aa:ff:02:4a]

RSSI: -62 [da:ee:aa:ff:02:4a]

RSSI: -62 [da:ee:aa:ff:02:4a]

RSSI: -62 [da:ee:aa:ff:02:4a]

RSSI: -62 [da:ee:aa:ff:02:4a]

RSSI: -61 [da:ee:aa:ff:02:5a]

RSSI: -74 [da:ee:aa:ff:01:5b]

RSSI: -61 [da:ee:aa:ff:02:5a]

RSSI: -74 [da:ee:aa:ff:01:5b]

RSSI: -74 [da:ee:aa:ff:01:5b]

RSSI: -61 [da:ee:aa:ff:02:6a]

RSSI: -73 [da:ee:aa:ff:0f:0c]

RSSI: -63 [da:ee:aa:ff:02:8a]

RSSI: -73 [da:ee:aa:ff:01:8b]

RSSI: -63 [da:ee:aa:ff:02:8a]

RSSI: -72 [da:ee:aa:ff:01:8b]

RSSI: -63 [da:ee:aa:ff:02:8a]

RSSI: -73 [da:ee:aa:ff:01:8b]

RSSI: -63 [da:ee:aa:ff:02:8a]

RSSI: -73 [da:ee:aa:ff:01:8b]

RSSI: -63 [da:ee:aa:ff:02:8a]

RSSI: -76 [da:ee:aa:ff:01:9b]

RSSI: -62 [da:ee:aa:ff:02:aa]

RSSI: -75 [da:ee:aa:ff:01:bb]

RSSI: -62 [da:ee:aa:ff:02:aa]

RSSI: -76 [da:ee:aa:ff:01:bb]

RSSI: -62 [da:ee:aa:ff:02:aa]

RSSI: -73 [da:ee:aa:ff:01:db]

RSSI: -61 [da:ee:aa:ff:02:ca]

RSSI: -73 [da:ee:aa:ff:01:db]

RSSI: -61 [da:ee:aa:ff:02:ca]

RSSI: -86 [da:ee:aa:ff:0f:6c]

RSSI: -73 [da:ee:aa:ff:01:db]

RSSI: -61 [da:ee:aa:ff:02:ca]

RSSI: -74 [da:ee:aa:ff:01:db]

RSSI: -86 [da:ee:aa:ff:0f:8c]

RSSI: -61 [da:ee:aa:ff:02:ca]

RSSI: -74 [da:ee:aa:ff:01:db]

RSSI: -54 [da:ee:aa:ff:02:0b]

RSSI: -63 [da:ee:aa:ff:02:ea]

RSSI: -71 [da:ee:aa:ff:02:0b]

RSSI: -63 [da:ee:aa:ff:02:ea]

RSSI: -59 [da:ee:aa:ff:02:0b]

RSSI: -86 [da:ee:aa:ff:0f:9c]

RSSI: -63 [da:ee:aa:ff:02:ea]

RSSI: -63 [da:ee:aa:ff:02:ea]

RSSI: -68 [da:ee:aa:ff:02:0b]

RSSI: -75 [da:ee:aa:ff:02:2b]

RSSI: -62 [da:ee:aa:ff:03:2a]

RSSI: -75 [da:ee:aa:ff:02:2b]

RSSI: -61 [da:ee:aa:ff:03:3a]

RSSI: -86 [da:ee:aa:ff:0f:ec]

RSSI: -73 [da:ee:aa:ff:02:4b]

RSSI: -88 [da:ee:aa:ff:0f:ec]

RSSI: -73 [da:ee:aa:ff:02:4b]

RSSI: -93 [da:ee:aa:ff:0f:ec]

RSSI: -73 [da:ee:aa:ff:02:4b]

RSSI: -87 [da:ee:aa:ff:0f:ec]

RSSI: -73 [da:ee:aa:ff:02:4b]

RSSI: -63 [da:ee:aa:ff:03:5a]

RSSI: -72 [da:ee:aa:ff:02:6b]

RSSI: -62 [da:ee:aa:ff:03:8a]

RSSI: -75 [da:ee:aa:ff:02:7b]

RSSI: -75 [da:ee:aa:ff:02:7b]

RSSI: -62 [da:ee:aa:ff:03:8a]

RSSI: -75 [da:ee:aa:ff:02:7b]

RSSI: -62 [da:ee:aa:ff:03:8a]

RSSI: -61 [da:ee:aa:ff:03:8a]

RSSI: -75 [da:ee:aa:ff:02:9b]

RSSI: -72 [da:ee:aa:ff:02:ab]

RSSI: -86 [da:ee:aa:ff:10:6c]

RSSI: -61 [da:ee:aa:ff:03:ba]

RSSI: -73 [da:ee:aa:ff:02:ab]

RSSI: -86 [da:ee:aa:ff:10:6c]

RSSI: -61 [da:ee:aa:ff:03:ba]

RSSI: -72 [da:ee:aa:ff:02:ab]

RSSI: -87 [da:ee:aa:ff:10:6c]

RSSI: -61 [da:ee:aa:ff:03:ba]

RSSI: -73 [da:ee:aa:ff:02:ab]

RSSI: -61 [da:ee:aa:ff:03:ba]

RSSI: -73 [da:ee:aa:ff:02:ab]

RSSI: -87 [da:ee:aa:ff:10:6c]

RSSI: -61 [da:ee:aa:ff:03:ba]

RSSI: -71 [da:ee:aa:ff:02:cb]

RSSI: -88 [da:ee:aa:ff:10:7c]

RSSI: -63 [da:ee:aa:ff:03:ca]

RSSI: -63 [da:ee:aa:ff:03:ca]

RSSI: -71 [da:ee:aa:ff:02:db]

RSSI: -71 [da:ee:aa:ff:02:db]

RSSI: -71 [da:ee:aa:ff:02:db]

RSSI: -63 [da:ee:aa:ff:03:da]

RSSI: -61 [da:ee:aa:ff:02:eb]

RSSI: -60 [da:ee:aa:ff:03:fa]

RSSI: -58 [da:ee:aa:ff:02:eb]

RSSI: -60 [da:ee:aa:ff:03:fa]

RSSI: -60 [da:ee:aa:ff:03:fa]

RSSI: -56 [da:ee:aa:ff:02:eb]

RSSI: -60 [da:ee:aa:ff:03:fa]

RSSI: -60 [da:ee:aa:ff:03:fa]

RSSI: -72 [da:ee:aa:ff:03:1b]

RSSI: -60 [da:ee:aa:ff:04:0a]

RSSI: -72 [da:ee:aa:ff:03:1b]

RSSI: -54 [da:ee:aa:ff:04:2a]

RSSI: -72 [da:ee:aa:ff:03:1b]

RSSI: -86 [da:ee:aa:ff:10:ec]

RSSI: -60 [da:ee:aa:ff:04:2a]

RSSI: -72 [da:ee:aa:ff:03:1b]

RSSI: -61 [da:ee:aa:ff:04:4a]

RSSI: -71 [da:ee:aa:ff:03:4b]

RSSI: -71 [da:ee:aa:ff:03:4b]

RSSI: -86 [da:ee:aa:ff:11:0c]

RSSI: -74 [da:ee:aa:ff:03:5b]

RSSI: -74 [da:ee:aa:ff:03:5b]

RSSI: -61 [da:ee:aa:ff:04:7a]

RSSI: -74 [da:ee:aa:ff:03:5b]

RSSI: -92 [da:ee:aa:ff:11:2c]

RSSI: -74 [da:ee:aa:ff:03:5b]

RSSI: -61 [da:ee:aa:ff:04:7a]

RSSI: -73 [da:ee:aa:ff:03:5b]

RSSI: -61 [da:ee:aa:ff:04:7a]

RSSI: -72 [da:ee:aa:ff:03:8b]

RSSI: -61 [da:ee:aa:ff:04:8a]

RSSI: -72 [da:ee:aa:ff:03:8b]

RSSI: -61 [da:ee:aa:ff:04:8a]

RSSI: -72 [da:ee:aa:ff:03:8b]

RSSI: -61 [da:ee:aa:ff:04:8a]

RSSI: -72 [da:ee:aa:ff:03:8b]

RSSI: -72 [da:ee:aa:ff:03:8b]

RSSI: -86 [da:ee:aa:ff:11:7c]

RSSI: -71 [da:ee:aa:ff:03:9b]

RSSI: -62 [da:ee:aa:ff:04:ca]

RSSI: -88 [da:ee:aa:ff:11:7c]

RSSI: -71 [da:ee:aa:ff:03:9b]

RSSI: -62 [da:ee:aa:ff:04:ca]

RSSI: -62 [da:ee:aa:ff:04:ca]

RSSI: -62 [da:ee:aa:ff:04:ca]

RSSI: -71 [da:ee:aa:ff:03:ab]

RSSI: -60 [da:ee:aa:ff:04:ea]

RSSI: -74 [da:ee:aa:ff:03:bb]

RSSI: -75 [da:ee:aa:ff:03:bb]

RSSI: -74 [da:ee:aa:ff:03:bb]

RSSI: -60 [da:ee:aa:ff:04:fa]

RSSI: -75 [da:ee:aa:ff:03:bb]

RSSI: -61 [da:ee:aa:ff:04:fa]

RSSI: -61 [da:ee:aa:ff:05:0a]

RSSI: -87 [da:ee:aa:ff:11:cc]

RSSI: -60 [da:ee:aa:ff:05:0a]

RSSI: -56 [da:ee:aa:ff:03:db]

RSSI: -71 [da:ee:aa:ff:03:db]

RSSI: -60 [da:ee:aa:ff:05:0a]

RSSI: -86 [da:ee:aa:ff:12:0c]

RSSI: -72 [da:ee:aa:ff:03:eb]

RSSI: -86 [da:ee:aa:ff:12:0c]

RSSI: -71 [da:ee:aa:ff:03:eb]

RSSI: -86 [da:ee:aa:ff:12:0c]

RSSI: -75 [da:ee:aa:ff:04:1b]

RSSI: -75 [da:ee:aa:ff:04:1b]

RSSI: -61 [da:ee:aa:ff:05:5a]

RSSI: -75 [da:ee:aa:ff:04:1b]

RSSI: -61 [da:ee:aa:ff:05:5a]

RSSI: -75 [da:ee:aa:ff:04:1b]

RSSI: -61 [da:ee:aa:ff:05:5a]

RSSI: -75 [da:ee:aa:ff:04:1b]

RSSI: -60 [da:ee:aa:ff:05:7a]

RSSI: -73 [da:ee:aa:ff:04:2b]

RSSI: -61 [da:ee:aa:ff:05:7a]

RSSI: -61 [da:ee:aa:ff:05:7a]

RSSI: -73 [da:ee:aa:ff:04:3b]

RSSI: -88 [da:ee:aa:ff:12:4c]

RSSI: -61 [da:ee:aa:ff:05:7a]

RSSI: -73 [da:ee:aa:ff:04:3b]

RSSI: -61 [da:ee:aa:ff:05:7a]

RSSI: -73 [da:ee:aa:ff:04:3b]

RSSI: -72 [da:ee:aa:ff:04:4b]

RSSI: -62 [da:ee:aa:ff:05:9a]

RSSI: -72 [da:ee:aa:ff:04:4b]

RSSI: -62 [da:ee:aa:ff:05:9a]

RSSI: -85 [da:ee:aa:ff:12:7c]

RSSI: -72 [da:ee:aa:ff:04:4b]

RSSI: -72 [da:ee:aa:ff:04:4b]

RSSI: -61 [da:ee:aa:ff:05:aa]

RSSI: -61 [da:ee:aa:ff:05:ba]

RSSI: -75 [da:ee:aa:ff:04:8b]

RSSI: -61 [da:ee:aa:ff:05:ba]

RSSI: -75 [da:ee:aa:ff:04:8b]

RSSI: -61 [da:ee:aa:ff:05:ba]

RSSI: -61 [da:ee:aa:ff:05:ba]

RSSI: -75 [da:ee:aa:ff:04:8b]

RSSI: -61 [da:ee:aa:ff:05:ba]

RSSI: -73 [da:ee:aa:ff:04:9b]

RSSI: -60 [da:ee:aa:ff:05:fa]

RSSI: -88 [da:ee:aa:ff:12:bc]

RSSI: -60 [da:ee:aa:ff:05:fa]

RSSI: -64 [da:ee:aa:ff:04:ab]

RSSI: -87 [da:ee:aa:ff:12:bc]

RSSI: -61 [da:ee:aa:ff:05:fa]

RSSI: -57 [da:ee:aa:ff:04:ab]

RSSI: -57 [da:ee:aa:ff:04:bb]

RSSI: -62 [da:ee:aa:ff:04:bb]

RSSI: -68 [da:ee:aa:ff:04:bb]

RSSI: -72 [da:ee:aa:ff:04:bb]

RSSI: -71 [da:ee:aa:ff:04:bb]

RSSI: -75 [da:ee:aa:ff:04:eb]

RSSI: -49 [da:ee:aa:ff:06:4a]

RSSI: -75 [da:ee:aa:ff:04:eb]

RSSI: -75 [da:ee:aa:ff:04:eb]

RSSI: -56 [da:ee:aa:ff:06:4a]

RSSI: -75 [da:ee:aa:ff:04:eb]

RSSI: -62 [da:ee:aa:ff:06:4a]

RSSI: -75 [da:ee:aa:ff:04:eb]

RSSI: -61 [da:ee:aa:ff:06:5a]

RSSI: -73 [da:ee:aa:ff:04:fb]

RSSI: -61 [da:ee:aa:ff:06:5a]

RSSI: -73 [da:ee:aa:ff:04:fb]

RSSI: -61 [da:ee:aa:ff:06:5a]

RSSI: -72 [da:ee:aa:ff:04:fb]

RSSI: -86 [da:ee:aa:ff:13:3c]

RSSI: -61 [da:ee:aa:ff:06:7a]

RSSI: -73 [da:ee:aa:ff:05:1b]

RSSI: -85 [da:ee:aa:ff:13:3c]

RSSI: -73 [da:ee:aa:ff:13:5c]

RSSI: -61 [da:ee:aa:ff:06:9a]

RSSI: -73 [da:ee:aa:ff:05:6b]

RSSI: -84 [da:ee:aa:ff:13:9c]

RSSI: -60 [da:ee:aa:ff:06:da]

RSSI: -72 [da:ee:aa:ff:05:6b]

RSSI: -84 [da:ee:aa:ff:13:9c]

RSSI: -60 [da:ee:aa:ff:06:da]

RSSI: -72 [da:ee:aa:ff:05:6b]

RSSI: -84 [da:ee:aa:ff:13:9c]

RSSI: -60 [da:ee:aa:ff:06:da]

RSSI: -73 [da:ee:aa:ff:05:6b]

RSSI: -85 [da:ee:aa:ff:13:9c]

RSSI: -60 [da:ee:aa:ff:06:da]

RSSI: -63 [da:ee:aa:ff:06:fa]

RSSI: -53 [da:ee:aa:ff:05:8b]

RSSI: -63 [da:ee:aa:ff:06:fa]

RSSI: -63 [da:ee:aa:ff:06:fa]

RSSI: -71 [da:ee:aa:ff:05:8b]

RSSI: -63 [da:ee:aa:ff:06:fa]

RSSI: -62 [da:ee:aa:ff:07:1a]

RSSI: -76 [da:ee:aa:ff:05:ab]

RSSI: -62 [da:ee:aa:ff:07:1a]

RSSI: -62 [da:ee:aa:ff:07:1a]

RSSI: -75 [da:ee:aa:ff:05:cb]

RSSI: -75 [da:ee:aa:ff:05:cb]

RSSI: -75 [da:ee:aa:ff:05:cb]

RSSI: -58 [da:ee:aa:ff:07:4a]

RSSI: -73 [da:ee:aa:ff:05:db]

RSSI: -87 [da:ee:aa:ff:14:1c]

RSSI: -48 [da:ee:aa:ff:07:4a]

RSSI: -72 [da:ee:aa:ff:05:db]

RSSI: -58 [da:ee:aa:ff:07:4a]

RSSI: -73 [da:ee:aa:ff:05:db]

RSSI: -87 [da:ee:aa:ff:14:1c]

RSSI: -73 [da:ee:aa:ff:05:db]

RSSI: -64 [da:ee:aa:ff:07:6a]

RSSI: -72 [da:ee:aa:ff:06:1b]

RSSI: -89 [da:ee:aa:ff:14:3c]

RSSI: -72 [da:ee:aa:ff:06:1b]

RSSI: -72 [da:ee:aa:ff:06:1b]

RSSI: -64 [da:ee:aa:ff:07:7a]

RSSI: -72 [da:ee:aa:ff:06:1b]

RSSI: -64 [da:ee:aa:ff:07:7a]

RSSI: -61 [da:ee:aa:ff:07:9a]

RSSI: -75 [da:ee:aa:ff:06:2b]

RSSI: -61 [da:ee:aa:ff:07:9a]

RSSI: -75 [da:ee:aa:ff:06:2b]

RSSI: -62 [da:ee:aa:ff:07:9a]

RSSI: -61 [da:ee:aa:ff:07:9a]

RSSI: -61 [da:ee:aa:ff:07:9a]

RSSI: -73 [da:ee:aa:ff:06:4b]

RSSI: -73 [da:ee:aa:ff:06:5b]

RSSI: -73 [da:ee:aa:ff:06:5b]

RSSI: -61 [da:ee:aa:ff:07:ca]

RSSI: -73 [da:ee:aa:ff:06:5b]

RSSI: -61 [da:ee:aa:ff:07:ca]

RSSI: -73 [da:ee:aa:ff:06:5b]

RSSI: -61 [da:ee:aa:ff:07:ca]

RSSI: -73 [da:ee:aa:ff:06:5b]

RSSI: -61 [da:ee:aa:ff:07:ca]

RSSI: -63 [da:ee:aa:ff:07:ea]

RSSI: -63 [da:ee:aa:ff:07:ea]

RSSI: -71 [da:ee:aa:ff:06:7b]

RSSI: -63 [da:ee:aa:ff:07:ea]

RSSI: -71 [da:ee:aa:ff:06:7b]

RSSI: -63 [da:ee:aa:ff:07:ea]

RSSI: -89 [da:ee:aa:ff:14:cc]

RSSI: -71 [da:ee:aa:ff:06:7b]

RSSI: -62 [da:ee:aa:ff:08:2a]

RSSI: -62 [da:ee:aa:ff:08:2a]

RSSI: -61 [da:ee:aa:ff:08:4a]

RSSI: -73 [da:ee:aa:ff:06:ab]

RSSI: -87 [da:ee:aa:ff:15:1c]

RSSI: -73 [da:ee:aa:ff:06:ab]

RSSI: -48 [da:ee:aa:ff:08:6a]

RSSI: -87 [da:ee:aa:ff:15:1c]

RSSI: -73 [da:ee:aa:ff:06:ab]

RSSI: -88 [da:ee:aa:ff:15:4c]

RSSI: -72 [da:ee:aa:ff:06:db]

RSSI: -63 [da:ee:aa:ff:08:7a]

RSSI: -71 [da:ee:aa:ff:06:db]

RSSI: -63 [da:ee:aa:ff:08:7a]

RSSI: -62 [da:ee:aa:ff:08:8a]

RSSI: -75 [da:ee:aa:ff:06:fb]

RSSI: -62 [da:ee:aa:ff:08:aa]

RSSI: -62 [da:ee:aa:ff:08:aa]

RSSI: -62 [da:ee:aa:ff:08:aa]

RSSI: -62 [da:ee:aa:ff:08:aa]

RSSI: -73 [da:ee:aa:ff:07:1b]

RSSI: -61 [da:ee:aa:ff:08:ba]

RSSI: -73 [da:ee:aa:ff:07:1b]

RSSI: -61 [da:ee:aa:ff:08:ba]

RSSI: -73 [da:ee:aa:ff:07:1b]

RSSI: -61 [da:ee:aa:ff:08:ba]

RSSI: -73 [da:ee:aa:ff:07:1b]

RSSI: -61 [da:ee:aa:ff:08:ba]

RSSI: -73 [da:ee:aa:ff:07:1b]

RSSI: -63 [da:ee:aa:ff:08:fa]

RSSI: -72 [da:ee:aa:ff:07:3b]

RSSI: -72 [da:ee:aa:ff:07:3b]

RSSI: -64 [da:ee:aa:ff:08:fa]

RSSI: -64 [da:ee:aa:ff:08:fa]

RS