

Initialized RTC: 0x01Dev config complete
SCAN START
RSSI: -74 [da:ee:aa:ff:04:fb]

RSSI: -64 [da:ee:aa:ff:08:8a]

RSSI: -73 [da:ee:aa:ff:05:1b]

RSSI: -67 [da:ee:aa:ff:08:aa]

RSSI: -84 [da:ee:aa:ff:11:ec]

RSSI: -72 [da:ee:aa:ff:05:3b]

RSSI: -73 [da:ee:aa:ff:05:5b]

RSSI: -64 [da:ee:aa:ff:08:da]

RSSI: -83 [da:ee:aa:ff:11:fc]

RSSI: -83 [da:ee:aa:ff:12:0c]

RSSI: -86 [da:ee:aa:ff:12:1c]

RSSI: -74 [da:ee:aa:ff:05:6b]

RSSI: -64 [da:ee:aa:ff:08:fa]

RSSI: -64 [da:ee:aa:ff:08:fa]

RSSI: -74 [da:ee:aa:ff:05:8b]

RSSI: -64 [da:ee:aa:ff:08:fa]

RSSI: -63 [da:ee:aa:ff:05:8b]

RSSI: -64 [da:ee:aa:ff:05:9b]

RSSI: -66 [da:ee:aa:ff:09:1a]

RSSI: -66 [da:ee:aa:ff:09:1a]

RSSI: -72 [da:ee:aa:ff:05:9b]

RSSI: -66 [da:ee:aa:ff:09:1a]

RSSI: -72 [da:ee:aa:ff:05:9b]

RSSI: -66 [da:ee:aa:ff:09:1a]

RSSI: -72 [da:ee:aa:ff:05:9b]

RSSI: -83 [da:ee:aa:ff:12:5c]

RSSI: -73 [da:ee:aa:ff:05:cb]

RSSI: -62 [da:ee:aa:ff:09:2a]

RSSI: -83 [da:ee:aa:ff:12:5c]

RSSI: -73 [da:ee:aa:ff:05:cb]

RSSI: -73 [da:ee:aa:ff:05:cb]

RSSI: -73 [da:ee:aa:ff:05:cb]

RSSI: -74 [da:ee:aa:ff:05:db]

RSSI: -63 [da:ee:aa:ff:09:5a]

RSSI: -74 [da:ee:aa:ff:05:db]

RSSI: -63 [da:ee:aa:ff:09:5a]

RSSI: -73 [da:ee:aa:ff:05:db]

RSSI: -64 [da:ee:aa:ff:09:5a]

RSSI: -85 [da:ee:aa:ff:12:7c]

RSSI: -63 [da:ee:aa:ff:09:5a]

RSSI: -85 [da:ee:aa:ff:12:7c]

RSSI: -73 [da:ee:aa:ff:05:eb]

RSSI: -72 [da:ee:aa:ff:06:0b]

RSSI: -66 [da:ee:aa:ff:09:7a]

RSSI: -71 [da:ee:aa:ff:06:0b]

RSSI: -83 [da:ee:aa:ff:12:9c]

RSSI: -66 [da:ee:aa:ff:09:7a]

RSSI: -72 [da:ee:aa:ff:06:0b]

RSSI: -83 [da:ee:aa:ff:12:9c]

RSSI: -72 [da:ee:aa:ff:06:0b]

RSSI: -83 [da:ee:aa:ff:12:9c]

RSSI: -72 [da:ee:aa:ff:06:0b]

RSSI: -65 [da:ee:aa:ff:09:8a]

RSSI: -65 [da:ee:aa:ff:09:aa]

RSSI: -73 [da:ee:aa:ff:06:2b]

RSSI: -64 [da:ee:aa:ff:09:aa]

RSSI: -65 [da:ee:aa:ff:09:aa]

RSSI: -64 [da:ee:aa:ff:09:aa]

RSSI: -73 [da:ee:aa:ff:06:4b]

RSSI: -64 [da:ee:aa:ff:09:aa]

RSSI: -73 [da:ee:aa:ff:06:6b]

RSSI: -63 [da:ee:aa:ff:09:ca]

RSSI: -73 [da:ee:aa:ff:06:6b]

RSSI: -84 [da:ee:aa:ff:12:dc]

RSSI: -73 [da:ee:aa:ff:06:6b]

RSSI: -73 [da:ee:aa:ff:06:6b]

RSSI: -84 [da:ee:aa:ff:12:dc]

RSSI: -62 [da:ee:aa:ff:09:da]

RSSI: -73 [da:ee:aa:ff:06:6b]

RSSI: -63 [da:ee:aa:ff:09:da]

RSSI: -65 [da:ee:aa:ff:09:fa]

RSSI: -65 [da:ee:aa:ff:09:fa]

RSSI: -68 [da:ee:aa:ff:13:0c]

RSSI: -55 [da:ee:aa:ff:06:9b]

RSSI: -65 [da:ee:aa:ff:09:fa]

RSSI: -70 [da:ee:aa:ff:13:0c]

RSSI: -62 [da:ee:aa:ff:06:9b]

RSSI: -65 [da:ee:aa:ff:09:fa]

RSSI: -74 [da:ee:aa:ff:13:0c]

RSSI: -67 [da:ee:aa:ff:06:9b]

RSSI: -65 [da:ee:aa:ff:09:fa]

RSSI: -73 [da:ee:aa:ff:06:ab]

RSSI: -64 [da:ee:aa:ff:0a:3a]

RSSI: -64 [da:ee:aa:ff:0a:3a]

RSSI: -61 [da:ee:aa:ff:0a:5a]

RSSI: -84 [da:ee:aa:ff:13:4c]

RSSI: -73 [da:ee:aa:ff:06:db]

RSSI: -48 [da:ee:aa:ff:0a:5a]

RSSI: -84 [da:ee:aa:ff:13:4c]

RSSI: -73 [da:ee:aa:ff:06:db]

RSSI: -57 [da:ee:aa:ff:0a:5a]

RSSI: -84 [da:ee:aa:ff:13:4c]

RSSI: -73 [da:ee:aa:ff:06:db]

RSSI: -52 [da:ee:aa:ff:0a:5a]

RSSI: -84 [da:ee:aa:ff:13:4c]

RSSI: -73 [da:ee:aa:ff:06:db]

RSSI: -49 [da:ee:aa:ff:0a:5a]

RSSI: -84 [da:ee:aa:ff:13:4c]

RSSI: -65 [da:ee:aa:ff:0a:7a]

RSSI: -72 [da:ee:aa:ff:06:fb]

RSSI: -72 [da:ee:aa:ff:06:fb]

RSSI: -83 [da:ee:aa:ff:13:7c]

RSSI: -83 [da:ee:aa:ff:13:7c]

RSSI: -64 [da:ee:aa:ff:0a:9a]

RSSI: -64 [da:ee:aa:ff:0a:9a]

RSSI: -72 [da:ee:aa:ff:07:2b]

RSSI: -84 [da:ee:aa:ff:13:8c]

RSSI: -73 [da:ee:aa:ff:07:2b]

RSSI: -83 [da:ee:aa:ff:13:8c]

RSSI: -64 [da:ee:aa:ff:0a:ba]

RSSI: -73 [da:ee:aa:ff:07:2b]

RSSI: -83 [da:ee:aa:ff:13:8c]

RSSI: -65 [da:ee:aa:ff:0a:ba]

RSSI: -73 [da:ee:aa:ff:07:2b]

RSSI: -64 [da:ee:aa:ff:0a:ba]

RSSI: -73 [da:ee:aa:ff:07:2b]

RSSI: -64 [da:ee:aa:ff:0a:ba]

RSSI: -73 [da:ee:aa:ff:07:4b]

RSSI: -84 [da:ee:aa:ff:13:ac]

RSSI: -73 [da:ee:aa:ff:07:5b]

RSSI: -62 [da:ee:aa:ff:0a:fa]

RSSI: -84 [da:ee:aa:ff:13:ac]

RSSI: -73 [da:ee:aa:ff:07:5b]

RSSI: -62 [da:ee:aa:ff:0a:fa]

RSSI: -84 [da:ee:aa:ff:13:ac]

RSSI: -73 [da:ee:aa:ff:07:5b]

RSSI: -62 [da:ee:aa:ff:0a:fa]

RSSI: -83 [da:ee:aa:ff:13:bc]

RSSI: -72 [da:ee:aa:ff:07:6b]

RSSI: -65 [da:ee:aa:ff:0b:0a]

RSSI: -71 [da:ee:aa:ff:07:6b]

RSSI: -65 [da:ee:aa:ff:0b:0a]

RSSI: -72 [da:ee:aa:ff:07:6b]

RSSI: -65 [da:ee:aa:ff:0b:0a]

RSSI: -83 [da:ee:aa:ff:13:cc]

RSSI: -83 [da:ee:aa:ff:13:cc]

RSSI: -72 [da:ee:aa:ff:07:6b]

RSSI: -65 [da:ee:aa:ff:0b:0a]

RSSI: -72 [da:ee:aa:ff:07:ab]

RSSI: -66 [da:ee:aa:ff:13:dc]

RSSI: -64 [da:ee:aa:ff:0b:3a]

RSSI: -86 [da:ee:aa:ff:13:fc]

RSSI: -83 [da:ee:aa:ff:13:fc]

RSSI: -84 [da:ee:aa:ff:13:fc]

RSSI: -63 [da:ee:aa:ff:0b:5a]

RSSI: -73 [da:ee:aa:ff:07:eb]

RSSI: -82 [da:ee:aa:ff:14:1c]

RSSI: -71 [da:ee:aa:ff:08:0b]

RSSI: -52 [da:ee:aa:ff:0b:8a]

RSSI: -71 [da:ee:aa:ff:08:0b]

RSSI: -71 [da:ee:aa:ff:08:0b]

RSSI: -71 [da:ee:aa:ff:08:0b]

RSSI: -71 [da:ee:aa:ff:08:0b]

RSSI: -63 [da:ee:aa:ff:0b:9a]

RSSI: -63 [da:ee:aa:ff:0b:9a]

RSSI: -72 [da:ee:aa:ff:08:3b]

RSSI: -72 [da:ee:aa:ff:08:3b]

RSSI: -73 [da:ee:aa:ff:08:5b]

RSSI: -62 [da:ee:aa:ff:0b:da]

RSSI: -73 [da:ee:aa:ff:08:5b]

RSSI: -62 [da:ee:aa:ff:0b:da]

RSSI: -63 [da:ee:aa:ff:0b:da]

RSSI: -72 [da:ee:aa:ff:08:5b]

RSSI: -62 [da:ee:aa:ff:0b:da]

RSSI: -73 [da:ee:aa:ff:08:5b]

RSSI: -63 [da:ee:aa:ff:0b:da]

RSSI: -71 [da:ee:aa:ff:08:7b]

RSSI: -64 [da:ee:aa:ff:0b:fa]

RSSI: -65 [da:ee:aa:ff:0b:fa]

RSSI: -71 [da:ee:aa:ff:08:9b]

RSSI: -64 [da:ee:aa:ff:0b:fa]

RSSI: -71 [da:ee:aa:ff:08:9b]

RSSI: -83 [da:ee:aa:ff:14:9c]

RSSI: -71 [da:ee:aa:ff:08:9b]

RSSI: -65 [da:ee:aa:ff:0c:1a]

RSSI: -63 [da:ee:aa:ff:0c:3a]

RSSI: -71 [da:ee:aa:ff:08:bb]

RSSI: -83 [da:ee:aa:ff:14:ac]

RSSI: -62 [da:ee:aa:ff:0c:3a]

RSSI: -72 [da:ee:aa:ff:08:bb]

RSSI: -83 [da:ee:aa:ff:14:ac]

RSSI: -63 [da:ee:aa:ff:0c:3a]

RSSI: -72 [da:ee:aa:ff:08:bb]

RSSI: -83 [da:ee:aa:ff:14:ac]

RSSI: -62 [da:ee:aa:ff:0c:3a]

RSSI: -72 [da:ee:aa:ff:08:bb]

RSSI: -73 [da:ee:aa:ff:08:eb]

RSSI: -62 [da:ee:aa:ff:0c:5a]

RSSI: -73 [da:ee:aa:ff:08:eb]

RSSI: -62 [da:ee:aa:ff:0c:5a]

RSSI: -83 [da:ee:aa:ff:14:dc]

RSSI: -70 [da:ee:aa:ff:08:eb]

RSSI: -62 [da:ee:aa:ff:0c:6a]

RSSI: -68 [da:ee:aa:ff:08:eb]

RSSI: -64 [da:ee:aa:ff:0c:8a]

RSSI: -71 [da:ee:aa:ff:09:0b]

RSSI: -64 [da:ee:aa:ff:0c:8a]

RSSI: -71 [da:ee:aa:ff:09:0b]

RSSI: -65 [da:ee:aa:ff:0c:8a]

RSSI: -71 [da:ee:aa:ff:09:0b]

RSSI: -82 [da:ee:aa:ff:15:0c]

RSSI: -64 [da:ee:aa:ff:0c:8a]

RSSI: -65 [da:ee:aa:ff:0c:8a]

RSSI: -84 [da:ee:aa:ff:15:2c]

RSSI: -71 [da:ee:aa:ff:09:3b]

RSSI: -62 [da:ee:aa:ff:0c:aa]

RSSI: -82 [da:ee:aa:ff:15:2c]

RSSI: -71 [da:ee:aa:ff:09:3b]

RSSI: -72 [da:ee:aa:ff:09:3b]

RSSI: -83 [da:ee:aa:ff:15:2c]

RSSI: -71 [da:ee:aa:ff:09:3b]

RSSI: -72 [da:ee:aa:ff:09:5b]

RSSI: -84 [da:ee:aa:ff:15:5c]

RSSI: -49 [da:ee:aa:ff:0c:ea]

RSSI: -83 [da:ee:aa:ff:15:5c]

RSSI: -62 [da:ee:aa:ff:0c:ea]

RSSI: -83 [da:ee:aa:ff:15:5c]

RSSI: -62 [da:ee:aa:ff:0c:ea]

RSSI: -83 [da:ee:aa:ff:15:5c]

RSSI: -62 [da:ee:aa:ff:0c:ea]

RSSI: -66 [da:ee:aa:ff:0d:0a]

RSSI: -83 [da:ee:aa:ff:15:7c]

RSSI: -84 [da:ee:aa:ff:15:7c]

RSSI: -71 [da:ee:aa:ff:09:8b]

RSSI: -63 [da:ee:aa:ff:0d:2a]

RSSI: -82 [da:ee:aa:ff:15:9c]

RSSI: -66 [da:ee:aa:ff:0d:2a]

RSSI: -82 [da:ee:aa:ff:15:9c]

RSSI: -82 [da:ee:aa:ff:15:ac]

RSSI: -62 [da:ee:aa:ff:0d:4a]

RSSI: -82 [da:ee:aa:ff:15:ac]

RSSI: -62 [da:ee:aa:ff:0d:4a]

RSSI: -82 [da:ee:aa:ff:15:ac]

RSSI: -62 [da:ee:aa:ff:0d:4a]

RSSI: -71 [da:ee:aa:ff:09:bb]

RSSI: -83 [da:ee:aa:ff:15:ac]

RSSI: -62 [da:ee:aa:ff:0d:4a]

RSSI: -72 [da:ee:aa:ff:09:bb]

RSSI: -83 [da:ee:aa:ff:15:ac]

RSSI: -62 [da:ee:aa:ff:0d:4a]

RSSI: -62 [da:ee:aa:ff:0d:6a]

RSSI: -72 [da:ee:aa:ff:09:db]

RSSI: -73 [da:ee:aa:ff:09:db]

RSSI: -62 [da:ee:aa:ff:0d:8a]

RSSI: -72 [da:ee:aa:ff:09:db]

RSSI: -62 [da:ee:aa:ff:0d:8a]

RSSI: -72 [da:ee:aa:ff:09:db]

RSSI: -69 [da:ee:aa:ff:15:dc]

RSSI: -62 [da:ee:aa:ff:0d:8a]

RSSI: -72 [da:ee:aa:ff:09:db]

RSSI: -64 [da:ee:aa:ff:0d:9a]

RSSI: -54 [da:ee:aa:ff:0a:1b]

RSSI: -82 [da:ee:aa:ff:15:ec]

RSSI: -57 [da:ee:aa:ff:0a:1b]

RSSI: -83 [da:ee:aa:ff:15:ec]

RSSI: -64 [da:ee:aa:ff:0d:9a]

RSSI: -63 [da:ee:aa:ff:0a:1b]

RSSI: -64 [da:ee:aa:ff:0d:9a]

RSSI: -56 [da:ee:aa:ff:0a:1b]

RSSI: -82 [da:ee:aa:ff:16:1c]

RSSI: -62 [da:ee:aa:ff:0d:ba]

RSSI: -61 [da:ee:aa:ff:0a:3b]

RSSI: -82 [da:ee:aa:ff:16:1c]

RSSI: -71 [da:ee:aa:ff:0a:3b]

RSSI: -82 [da:ee:aa:ff:16:1c]

RSSI: -62 [da:ee:aa:ff:0d:ca]

RSSI: -71 [da:ee:aa:ff:0a:3b]

RSSI: -62 [da:ee:aa:ff:0d:ca]

RSSI: -83 [da:ee:aa:ff:16:1c]

RSSI: -62 [da:ee:aa:ff:0d:ca]

RSSI: -62 [da:ee:aa:ff:0d:da]

RSSI: -62 [da:ee:aa:ff:0d:da]

RSSI: -84 [da:ee:aa:ff:16:3c]

RSSI: -63 [da:ee:aa:ff:0d:da]

RSSI: -85 [da:ee:aa:ff:16:3c]

RSSI: -62 [da:ee:aa:ff:0d:da]

RSSI: -71 [da:ee:aa:ff:0a:ab]

RSSI: -71 [da:ee:aa:ff:0a:bb]

RSSI: -81 [da:ee:aa:ff:16:6c]

RSSI: -62 [da:ee:aa:ff:0e:3a]

RSSI: -71 [da:ee:aa:ff:0a:bb]

RSSI: -81 [da:ee:aa:ff:16:6c]

RSSI: -62 [da:ee:aa:ff:0e:3a]

RSSI: -71 [da:ee:aa:ff:0a:bb]

RSSI: -81 [da:ee:aa:ff:16:6c]

RSSI: -62 [da:ee:aa:ff:0e:3a]

RSSI: -71 [da:ee:aa:ff:0a:bb]

RSSI: -81 [da:ee:aa:ff:16:6c]

RSSI: -71 [da:ee:aa:ff:0a:bb]

RSSI: -81 [da:ee:aa:ff:16:6c]

RSSI: -63 [da:ee:aa:ff:0e:6a]

RSSI: -63 [da:ee:aa:ff:0e:6a]

RSSI: -62 [da:ee:aa:ff:0e:6a]

RSSI: -62 [da:ee:aa:ff:0e:6a]

RSSI: -64 [da:ee:aa:ff:0e:7a]

RSSI: -64 [da:ee:aa:ff:0e:7a]

RSSI: -64 [da:ee:aa:ff:0e:7a]

RSSI: -64 [da:ee:aa:ff:0e:7a]

RSSI: -62 [da:ee:aa:ff:0e:ba]

RSSI: -62 [da:ee:aa:ff:0e:ba]

RSSI: -59 [da:ee:aa:ff:0b:5b]

RSSI: -62 [da:ee:aa:ff:0e:ba]

RSSI: -53 [da:ee:aa:ff:0b:5b]

RSSI: -62 [da:ee:aa:ff:0e:ba]

RSSI: -68 [da:ee:aa:ff:0b:5b]

RSSI: -62 [da:ee:aa:ff:0e:ba]

RSSI: -83 [da:ee:aa:ff:00:5c]

RSSI: -72 [da:ee:aa:ff:0b:6b]

RSSI: -62 [da:ee:aa:ff:0e:ea]

RSSI: -84 [da:ee:aa:ff:00:7c]

RSSI: -71 [da:ee:aa:ff:0b:ab]

RSSI: -64 [da:ee:aa:ff:0f:0a]

RSSI: -71 [da:ee:aa:ff:0b:ab]

RSSI: -64 [da:ee:aa:ff:0f:0a]

RSSI: -71 [da:ee:aa:ff:0b:ab]

RSSI: -64 [da:ee:aa:ff:0f:0a]

RSSI: -71 [da:ee:aa:ff:0b:ab]

RSSI: -64 [da:ee:aa:ff:0f:0a]

RSSI: -71 [da:ee:aa:ff:0b:ab]

RSSI: -74 [da:ee:aa:ff:0b:cb]

RSSI: -82 [da:ee:aa:ff:00:bc]

RSSI: -82 [da:ee:aa:ff:00:bc]

RSSI: -63 [da:ee:aa:ff:0f:3a]

RSSI: -83 [da:ee:aa:ff:00:cc]

RSSI: -72 [da:ee:aa:ff:0b:fb]

RSSI: -85 [da:ee:aa:ff:00:cc]

RSSI: -72 [da:ee:aa:ff:0b:fb]

RSSI: -84 [da:ee:aa:ff:00:cc]

RSSI: -72 [da:ee:aa:ff:0b:fb]

RSSI: -84 [da:ee:aa:ff:00:dc]

RSSI: -62 [da:ee:aa:ff:0f:5a]

RSSI: -71 [da:ee:aa:ff:0c:0b]

RSSI: -71 [da:ee:aa:ff:0c:0b]

RSSI: -82 [da:ee:aa:ff:00:fc]

RSSI: -71 [da:ee:aa:ff:0c:2b]

RSSI: -64 [da:ee:aa:ff:0f:8a]

RSSI: -82 [da:ee:aa:ff:00:fc]

RSSI: -71 [da:ee:aa:ff:0c:2b]

RSSI: -64 [da:ee:aa:ff:0f:8a]

RSSI: -81 [da:ee:aa:ff:00:fc]

RSSI: -62 [da:ee:aa:ff:0f:aa]

RSSI: -72 [da:ee:aa:ff:0c:4b]

RSSI: -61 [da:ee:aa:ff:0f:aa]

RSSI: -71 [da:ee:aa:ff:0c:4b]

RSSI: -62 [da:ee:aa:ff:0f:aa]

RSSI: -71 [da:ee:aa:ff:0c:4b]

RSSI: -67 [da:ee:aa:ff:01:2c]

RSSI: -72 [da:ee:aa:ff:0c:4b]

RSSI: -66 [da:ee:aa:ff:01:2c]

RSSI: -72 [da:ee:aa:ff:0c:4b]

RSSI: -62 [da:ee:aa:ff:0f:ca]

RSSI: -72 [da:ee:aa:ff:0c:8b]

RSSI: -54 [da:ee:aa:ff:0c:8b]

RSSI: -55 [da:ee:aa:ff:0c:8b]

RSSI: -62 [da:ee:aa:ff:10:0a]

RSSI: -70 [da:ee:aa:ff:0c:9b]

RSSI: -70 [da:ee:aa:ff:0c:9b]

RSSI: -63 [da:ee:aa:ff:10:0a]

RSSI: -70 [da:ee:aa:ff:0c:9b]

RSSI: -63 [da:ee:aa:ff:10:0a]

RSSI: -70 [da:ee:aa:ff:0c:9b]

RSSI: -63 [da:ee:aa:ff:10:0a]

RSSI: -83 [da:ee:aa:ff:01:7c]

RSSI: -71 [da:ee:aa:ff:0c:bb]

RSSI: -71 [da:ee:aa:ff:0c:bb]

RSSI: -61 [da:ee:aa:ff:10:4a]

RSSI: -71 [da:ee:aa:ff:0c:bb]

RSSI: -83 [da:ee:aa:ff:01:8c]

RSSI: -61 [da:ee:aa:ff:10:4a]

RSSI: -71 [da:ee:aa:ff:0c:bb]

RSSI: -82 [da:ee:aa:ff:01:8c]

RSSI: -61 [da:ee:aa:ff:10:4a]

RSSI: -72 [da:ee:aa:ff:0c:db]

RSSI: -51 [da:ee:aa:ff:10:6a]

RSSI: -72 [da:ee:aa:ff:0c:db]

RSSI: -72 [da:ee:aa:ff:0c:db]

RSSI: -49 [da:ee:aa:ff:10:6a]

RSSI: -53 [da:ee:aa:ff:10:6a]

RSSI: -62 [da:ee:aa:ff:10:6a]

RSSI: -62 [da:ee:aa:ff:10:8a]

RSSI: -62 [da:ee:aa:ff:10:aa]

RSSI: -62 [da:ee:aa:ff:10:aa]

RSSI: -63 [da:ee:aa:ff:10:aa]

RSSI: -61 [da:ee:aa:ff:10:ca]

RSSI: -71 [da:ee:aa:ff:0d:2b]

RSSI: -61 [da:ee:aa:ff:10:ca]

RSSI: -61 [da:ee:aa:ff:10:ca]

RSSI: -61 [da:ee:aa:ff:10:ca]

RSSI: -72 [da:ee:aa:ff:0d:5b]

RSSI: -62 [da:ee:aa:ff:11:0a]

RSSI: -84 [da:ee:aa:ff:02:2c]

RSSI: -72 [da:ee:aa:ff:0d:5b]

RSSI: -62 [da:ee:aa:ff:11:0a]

RSSI: -84 [da:ee:aa:ff:02:2c]

RSSI: -72 [da:ee:aa:ff:0d:5b]

RSSI: -62 [da:ee:aa:ff:11:0a]

RSSI: -84 [da:ee:aa:ff:02:2c]

RSSI: -72 [da:ee:aa:ff:0d:5b]

RSSI: -62 [da:ee:aa:ff:11:0a]

RSSI: -84 [da:ee:aa:ff:02:2c]

RSSI: -72 [da:ee:aa:ff:0d:5b]

RSSI: -70 [da:ee:aa:ff:0d:7b]

RSSI: -63 [da:ee:aa:ff:11:2a]

RSSI: -83 [da:ee:aa:ff:02:6c]

RSSI: -53 [da:ee:aa:ff:0d:ab]

RSSI: -82 [da:ee:aa:ff:02:8c]

RSSI: -82 [da:ee:aa:ff:02:8c]

RSSI: -61 [da:ee:aa:ff:11:5a]

RSSI: -82 [da:ee:aa:ff:02:8c]

RSSI: -61 [da:ee:aa:ff:11:5a]

RSSI: -62 [da:ee:aa:ff:11:7a]

RSSI: -62 [da:ee:aa:ff:11:7a]

RSSI: -62 [da:ee:aa:ff:11:7a]

RSSI: -72 [da:ee:aa:ff:0d:db]

RSSI: -62 [da:ee:aa:ff:11:7a]

RSSI: -82 [da:ee:aa:ff:02:cc]

RSSI: -63 [da:ee:aa:ff:11:9a]

RSSI: -71 [da:ee:aa:ff:0d:fb]

RSSI: -83 [da:ee:aa:ff:02:cc]

RSSI: -51 [da:ee:aa:ff:11:9a]

RSSI: -71 [da:ee:aa:ff:0d:fb]

RSSI: -82 [da:ee:aa:ff:02:cc]

RSSI: -51 [da:ee:aa:ff:11:9a]

RSSI: -71 [da:ee:aa:ff:0d:fb]

RSSI: -83 [da:ee:aa:ff:02:cc]

RSSI: -56 [da:ee:aa:ff:11:9a]

RSSI: -71 [da:ee:aa:ff:0d:fb]

RSSI: -61 [da:ee:aa:ff:11:9a]

RSSI: -82 [da:ee:aa:ff:02:ec]

RSSI: -82 [da:ee:aa:ff:02:fc]

RSSI: -73 [da:ee:aa:ff:0e:3b]

RSSI: -63 [da:ee:aa:ff:11:ba]

RSSI: -83 [da:ee:aa:ff:02:fc]

RSSI: -73 [da:ee:aa:ff:0e:3b]

RSSI: -63 [da:ee:aa:ff:11:ba]

RSSI: -82 [da:ee:aa:ff:02:fc]

RSSI: -72 [da:ee:aa:ff:0e:3b]

RSSI: -82 [da:ee:aa:ff:02:fc]

RSSI: -73 [da:ee:aa:ff:0e:3b]

RSSI: -82 [da:ee:aa:ff:02:fc]

RSSI: -72 [da:ee:aa:ff:0e:4b]

RSSI: -63 [da:ee:aa:ff:11:ea]

RSSI: -72 [da:ee:aa:ff:0e:4b]

RSSI: -62 [da:ee:aa:ff:11:ea]

RSSI: -73 [da:ee:aa:ff:0e:4b]

RSSI: -62 [da:ee:aa:ff:11:ea]

RSSI: -63 [da:ee:aa:ff:11:ea]

RSSI: -62 [da:ee:aa:ff:11:ea]

RSSI: -82 [da:ee:aa:ff:03:4c]

RSSI: -83 [da:ee:aa:ff:03:4c]

RSSI: -72 [da:ee:aa:ff:0e:7b]

RSSI: -82 [da:ee:aa:ff:03:4c]

RSSI: -72 [da:ee:aa:ff:0e:7b]

RSSI: -83 [da:ee:aa:ff:03:7c]

RSSI: -64 [da:ee:aa:ff:12:4a]

RSSI: -82 [da:ee:aa:ff:03:7c]

RSSI: -64 [da:ee:aa:ff:12:4a]

RSSI: -83 [da:ee:aa:ff:03:7c]

RSSI: -64 [da:ee:aa:ff:12:4a]

RSSI: -83 [da:ee:aa:ff:03:7c]

RSSI: -73 [da:ee:aa:ff:0e:bb]

RSSI: -64 [da:ee:aa:ff:12:4a]

RSSI: -83 [da:ee:aa:ff:03:7c]

RSSI: -59 [da:ee:aa:ff:0e:bb]

RSSI: -64 [da:ee:aa:ff:12:4a]

RSSI: -63 [da:ee:aa:ff:12:6a]

RSSI: -72 [da:ee:aa:ff:0e:cb]

RSSI: -63 [da:ee:aa:ff:12:6a]

RSSI: -56 [da:ee:aa:ff:0e:cb]

RSSI: -73 [da:ee:aa:ff:0e:cb]

RSSI: -85 [da:ee:aa:ff:03:ac]

RSSI: -73 [da:ee:aa:ff:0e:cb]

RSSI: -63 [da:ee:aa:ff:12:7a]

RSSI: -83 [da:ee:aa:ff:03:bc]

RSSI: -64 [da:ee:aa:ff:12:9a]

RSSI: -82 [da:ee:aa:ff:03:bc]

RSSI: -64 [da:ee:aa:ff:12:9a]

RSSI: -82 [da:ee:aa:ff:03:bc]

RSSI: -65 [da:ee:aa:ff:12:9a]

RSSI: -74 [da:ee:aa:ff:0f:0b]

RSSI: -64 [da:ee:aa:ff:12:ba]

RSSI: -82 [da:ee:aa:ff:03:ec]

RSSI: -83 [da:ee:aa:ff:03:ec]

RSSI: -84 [da:ee:aa:ff:03:ec]

RSSI: -59 [da:ee:aa:ff:12:da]

RSSI: -74 [da:ee:aa:ff:0f:4b]

RSSI: -57 [da:ee:aa:ff:12:fa]

RSSI: -74 [da:ee:aa:ff:0f:4b]

RSSI: -84 [da:ee:aa:ff:03:fc]

RSSI: -49 [da:ee:aa:ff:12:fa]

RSSI: -74 [da:ee:aa:ff:0f:4b]

RSSI: -55 [da:ee:aa:ff:12:fa]

RSSI: -74 [da:ee:aa:ff:0f:4b]

RSSI: -73 [da:ee:aa:ff:0f:5b]

RSSI: -73 [da:ee:aa:ff:0f:5b]

RSSI: -73 [da:ee:aa:ff:0f:5b]

RSSI: -84 [da:ee:aa:ff:04:1c]

RSSI: -66 [da:ee:aa:ff:13:2a]

RSSI: -66 [da:ee:aa:ff:13:3a]

RSSI: -75 [da:ee:aa:ff:0f:8b]

RSSI: -66 [da:ee:aa:ff:13:3a]

RSSI: -75 [da:ee:aa:ff:0f:8b]

RSSI: -66 [da:ee:aa:ff:13:3a]

RSSI: -75 [da:ee:aa:ff:0f:8b]

RSSI: -66 [da:ee:aa:ff:13:3a]

RSSI: -75 [da:ee:aa:ff:0f:8b]

RSSI: -66 [da:ee:aa:ff:13:3a]

RSSI: -64 [da:ee:aa:ff:13:4a]

RSSI: -76 [da:ee:aa:ff:0f:9b]

RSSI: -85 [da:ee:aa:ff:04:5c]

RSSI: -74 [da:ee:aa:ff:0f:bb]

RSSI: -64 [da:ee:aa:ff:0f:bb]

RSSI: -85 [da:ee:aa:ff:04:7c]

RSSI: -85 [da:ee:aa:ff:04:7c]

RSSI: -75 [da:ee:aa:ff:10:0b]

RSSI: -82 [da:ee:aa:ff:04:ac]

RSSI: -66 [da:ee:aa:ff:13:ba]

RSSI: -75 [da:ee:aa:ff:10:0b]

RSSI: -83 [da:ee:aa:ff:04:ac]

RSSI: -66 [da:ee:aa:ff:13:ba]

RSSI: -76 [da:ee:aa:ff:10:0b]

RSSI: -82 [da:ee:aa:ff:04:ac]

RSSI: -86 [da:ee:aa:ff:04:bc]

RSSI: -64 [da:ee:aa:ff:13:da]

RSSI: -74 [da:ee:aa:ff:10:2b]

RSSI: -86 [da:ee:aa:ff:04:bc]

RSSI: -64 [da:ee:aa:ff:13:da]

RSSI: -75 [da:ee:aa:ff:10:2b]

RSSI: -65 [da:ee:aa:ff:13:da]

RSSI: -75 [da:ee:aa:ff:10:2b]

RSSI: -64 [da:ee:aa:ff:13:da]

RSSI: -75 [da:ee:aa:ff:10:2b]

RSSI: -64 [da:ee:aa:ff:13:da]

RSSI: -75 [da:ee:aa:ff:10:4b]

RSSI: -84 [da:ee:aa:ff:04:ec]

RSSI: -54 [da:ee:aa:ff:14:1a]

RSSI: -82 [da:ee:aa:ff:04:ec]

RSSI: -74 [da:ee:aa:ff:10:4b]

RSSI: -67 [da:ee:aa:ff:14:3a]

RSSI: -66 [da:ee:aa:ff:14:3a]

RSSI: -76 [da:ee:aa:ff:10:6b]

RSSI: -67 [da:ee:aa:ff:14:3a]

RSSI: -76 [da:ee:aa:ff:10:6b]

RSSI: -67 [da:ee:aa:ff:14:3a]

RSSI: -67 [da:ee:aa:ff:14:3a]

RSSI: -86 [da:ee:aa:ff:05:2c]

RSSI: -76 [da:ee:aa:ff:10:ab]

RSSI: -86 [da:ee:aa:ff:05:2c]

RSSI: -76 [da:ee:aa:ff:10:ab]

RSSI: -86 [da:ee:aa:ff:05:2c]

RSSI: -76 [da:ee:aa:ff:10:ab]

RSSI: -76 [da:ee:aa:ff:10:ab]

RSSI: -77 [da:ee:aa:ff:10:ab]

RSSI: -69 [da:ee:aa:ff:14:8a]

RSSI: -69 [da:ee:aa:ff:14:8a]

RSSI: -83 [da:ee:aa:ff:05:5c]

RSSI: -59 [da:ee:aa:ff:10:fb]

RSSI: -83 [da:ee:aa:ff:05:5c]

RSSI: -68 [da:ee:aa:ff:14:ba]

RSSI: -59 [da:ee:aa:ff:10:fb]

RSSI: -83 [da:ee:aa:ff:05:5c]

RSSI: -68 [da:ee:aa:ff:14:ba]

RSSI: -68 [da:ee:aa:ff:14:ba]

RSSI: -83 [da:ee:aa:ff:05:7c]

RSSI: -67 [da:ee:aa:ff:14:da]

RSSI: -77 [da:ee:aa:ff:11:1b]

RSSI: -67 [da:ee:aa:ff:14:da]

RSSI: -67 [da:ee:aa:ff:14:da]

RSSI: -76 [da:ee:aa:ff:11:2b]

RSSI: -75 [da:ee:aa:ff:11:4b]

RSSI: -70 [da:ee:aa:ff:15:0a]

RSSI: -75 [da:ee:aa:ff:11:4b]

RSSI: -85 [da:ee:aa:ff:05:ac]

RSSI: -70 [da:ee:aa:ff:15:0a]

RSSI: -75 [da:ee:aa:ff:11:4b]

RSSI: -70 [da:ee:aa:ff:15:0a]

RSSI: -75 [da:ee:aa:ff:11:4b]

RSSI: -85 [da:ee:aa:ff:05:ac]

RSSI: -70 [da:ee:aa:ff:15:0a]

RSSI: -76 [da:ee:aa:ff:11:4b]

RSSI: -85 [da:ee:aa:ff:05:ac]

RSSI: -83 [da:ee:aa:ff:05:bc]

RSSI: -84 [da:ee:aa:ff:05:bc]

RSSI: -84 [da:ee:aa:ff:05:bc]

RSSI: -68 [da:ee:aa:ff:15:2a]

RSSI: -77 [da:ee:aa:ff:11:7b]

RSSI: -77 [da:ee:aa:ff:11:7b]

RSSI: -68 [da:ee:aa:ff:15:6a]

RSSI: -68 [da:ee:aa:ff:15:6a]

RSSI: -68 [da:ee:aa:ff:15:6a]

RSSI: -68 [da:ee:aa:ff:15:6a]

RSSI: -76 [da:ee:aa:ff:11:9b]

RSSI: -68 [da:ee:aa:ff:15:6a]

RSSI: -72 [da:ee:aa:ff:15:8a]

RSSI: -76 [da:ee:aa:ff:11:cb]

RSSI: -72 [da:ee:aa:ff:15:8a]

RSSI: -75 [da:ee:aa:ff:11:cb]

RSSI: -85 [da:ee:aa:ff:06:1c]

RSSI: -72 [da:ee:aa:ff:15:8a]

RSSI: -76 [da:ee:aa:ff:11:cb]

RSSI: -84 [da:ee:aa:ff:06:1c]

RSSI: -76 [da:ee:aa:ff:11:cb]

RSSI: -85 [da:ee:aa:ff:06:1c]

RSSI: -72 [da:ee:aa:ff:15:aa]

RSSI: -83 [da:ee:aa:ff:06:2c]

RSSI: -78 [da:ee:aa:ff:11:eb]

RSSI: -83 [da:ee:aa:ff:06:2c]

RSSI: -77 [da:ee:aa:ff:11:eb]

RSSI: -83 [da:ee:aa:ff:06:2c]

RSSI: -77 [da:ee:aa:ff:11:eb]

RSSI: -84 [da:ee:aa:ff:06:2c]

RSSI: -68 [da:ee:aa:ff:15:ba]

RSSI: -68 [da:ee:aa:ff:12:1b]

RSSI: -59 [da:ee:aa:ff:12:1b]

RSSI: -75 [da:ee:aa:ff:12:1b]

RSSI: -68 [da:ee:aa:ff:15:fa]

RSSI: -75 [da:ee:aa:ff:12:1b]

RSSI: -75 [da:ee:aa:ff:12:3b]

RSSI: -71 [da:ee:aa:ff:16:1a]

RSSI: -75 [da:ee:aa:ff:12:3b]

RSSI: -72 [da:ee:aa:ff:16:1a]

RSSI: -75 [da:ee:aa:ff:12:3b]

RSSI: -72 [da:ee:aa:ff:16:1a]

RSSI: -72 [da:ee:aa:ff:16:1a]

RSSI: -76 [da:ee:aa:ff:12:5b]

RSSI: -72 [da:ee:aa:ff:16:1a]

RSSI: -77 [da:ee:aa:ff:12:7b]

RSSI: -70 [da:ee:aa:ff:16:3a]

RSSI: -77 [da:ee:aa:ff:12:7b]

RSSI: -70 [da:ee:aa:ff:16:3a]

RSSI: -84 [da:ee:aa:ff:06:9c]

RSSI: -77 [da:ee:aa:ff:12:7b]

RSSI: -70 [da:ee:aa:ff:16:5a]

RSSI: -77 [da:ee:aa:ff:12:7b]

RSSI: -75 [da:ee:aa:ff:12:9b]

RSSI: -65 [da:ee:aa:ff:16:6a]

RSSI: -88 [da:ee:aa:ff:06:bc]

RSSI: -76 [da:ee:aa:ff:12:bb]

RSSI: -64 [da:ee:aa:ff:16:6a]

RSSI: -76 [da:ee:aa:ff:12:bb]

RSSI: -53 [da:ee:aa:ff:16:6a]

RSSI: -76 [da:ee:aa:ff:12:bb]

RSSI: -56 [da:ee:aa:ff:16:6a]

RSSI: -70 [da:ee:aa:ff:00:0a]

RSSI: -75 [da:ee:aa:ff:12:db]

RSSI: -70 [da:ee:aa:ff:00:0a]

RSSI: -76 [da:ee:aa:ff:12:db]

RSSI: -85 [da:ee:aa:ff:06:dc]

RSSI: -75 [da:ee:aa:ff:12:db]

RSSI: -70 [da:ee:aa:ff:00:2a]

RSSI: -75 [da:ee:aa:ff:12:db]

RSSI: -70 [da:ee:aa:ff:00:2a]

RSSI: -75 [da:ee:aa:ff:12:db]

RSSI: -69 [da:ee:aa:ff:00:3a]

RSSI: -69 [da:ee:aa:ff:00:3a]

RSSI: -76 [da:ee:aa:ff:13:0b]

RSSI: -69 [da:ee:aa:ff:00:3a]

RSSI: -77 [da:ee:aa:ff:13:0b]

RSSI: -69 [da:ee:aa:ff:00:3a]

RSSI: -76 [da:ee:aa:ff:13:0b]

RSSI: -69 [da:ee:aa:ff:00:3a]

RSSI: -75 [da:ee:aa:ff:13:2b]

RSSI: -65 [da:ee:aa:ff:00:5a]

RSSI: -75 [da:ee:aa:ff:13:2b]

RSSI: -76 [da:ee:aa:ff:13:2b]

RSSI: -65 [da:ee:aa:ff:00:7a]

RSSI: -75 [da:ee:aa:ff:13:2b]

RSSI: -65 [da:ee:aa:ff:00:7a]

RSSI: -65 [da:ee:aa:ff:00:7a]

RSSI: -68 [da:ee:aa:ff:00:8a]

RSSI: -68 [da:ee:aa:ff:00:8a]

RSSI: -68 [da:ee:aa:ff:00:8a]

RSSI: -68 [da:ee:aa:ff:00:8a]

RSSI: -68 [da:ee:aa:ff:00:8a]

RSSI: -68 [da:ee:aa:ff:00:aa]

RSSI: -68 [da:ee:aa:ff:00:ca]

RSSI: -68 [da:ee:aa:ff:00:ca]

RSSI: -75 [da:ee:aa:ff:13:9b]

RSSI: -68 [da:ee:aa:ff:00:ca]

RSSI: -65 [da:ee:aa:ff:00:ea]

RSSI: -87 [da:ee:aa:ff:07:8c]

RSSI: -76 [da:ee:aa:ff:13:bb]

RSSI: -65 [da:ee:aa:ff:00:ea]

RSSI: -75 [da:ee:aa:ff:13:bb]

RSSI: -65 [da:ee:aa:ff:00:ea]

RSSI: -75 [da:ee:aa:ff:13:bb]

RSSI: -86 [da:ee:aa:ff:07:9c]

RSSI: -65 [da:ee:aa:ff:00:ea]

RSSI: -75 [da:ee:aa:ff:13:bb]

RSSI: -65 [da:ee:aa:ff:00:ea]

RSSI: -76 [da:ee:aa:ff:07:ac]

RSSI: -75 [da:ee:aa:ff:13:cb]

RSSI: -74 [da:ee:aa:ff:13:cb]

RSSI: -56 [da:ee:aa:ff:01:2a]

RSSI: -85 [da:ee:aa:ff:07:ac]

RSSI: -83 [da:ee:aa:ff:07:ac]

RSSI: -76 [da:ee:aa:ff:13:fb]

RSSI: -85 [da:ee:aa:ff:07:ec]

RSSI: -76 [da:ee:aa:ff:13:fb]

RSSI: -76 [da:ee:aa:ff:13:fb]

RSSI: -85 [da:ee:aa:ff:07:ec]

RSSI: -76 [da:ee:aa:ff:13:fb]

RSSI: -85 [da:ee:aa:ff:07:ec]

RSSI: -76 [da:ee:aa:ff:13:fb]

RSSI: -85 [da:ee:aa:ff:07:ec]

RSSI: -86 [da:ee:aa:ff:07:fc]

RSSI: -65 [da:ee:aa:ff:01:7a]

RSSI: -76 [da:ee:aa:ff:14:2b]

RSSI: -76 [da:ee:aa:ff:14:2b]

RSSI: -65 [da:ee:aa:ff:01:7a]

RSSI: -65 [da:ee:aa:ff:01:7a]

RSSI: -76 [da:ee:aa:ff:14:2b]

RSSI: -70 [da:ee:aa:ff:01:9a]

RSSI: -70 [da:ee:aa:ff:01:9a]

RSSI: -72 [da:ee:aa:ff:01:9a]

RSSI: -71 [da:ee:aa:ff:01:9a]

RSSI: -68 [da:ee:aa:ff:01:da]

RSSI: -85 [da:ee:aa:ff:08:3c]

RSSI: -64 [da:ee:aa:ff:14:6b]

RSSI: -86 [da:ee:aa:ff:08:3c]

RSSI: -76 [da:ee:aa:ff:14:6b]

RSSI: -68 [da:ee:aa:ff:01:da]

RSSI: -85 [da:ee:aa:ff:08:3c]

RSSI: -58 [da:ee:aa:ff:14:6b]

RSSI: -68 [da:ee:aa:ff:01:da]

RSSI: -85 [da:ee:aa:ff:08:3c]

RSSI: -65 [da:ee:aa:ff:01:ea]

RSSI: -76 [da:ee:aa:ff:14:7b]

RSSI: -66 [da:ee:aa:ff:01:ea]

RSSI: -76 [da:ee:aa:ff:14:7b]

RSSI: -66 [da:ee:aa:ff:01:ea]

RSSI: -76 [da:ee:aa:ff:14:7b]

RSSI: -65 [da:ee:aa:ff:01:ea]

RSSI: -86 [da:ee:aa:ff:08:6c]

RSSI: -83 [da:ee:aa:ff:08:7c]

RSSI: -70 [da:ee:aa:ff:02:2a]

RSSI: -69 [da:ee:aa:ff:02:2a]

RSSI: -84 [da:ee:aa:ff:08:7c]

RSSI: -70 [da:ee:aa:ff:02:2a]

RSSI: -84 [da:ee:aa:ff:08:7c]

RSSI: -70 [da:ee:aa:ff:02:2a]

RSSI: -77 [da:ee:aa:ff:14:cb]

RSSI: -69 [da:ee:aa:ff:02:4a]

RSSI: -77 [da:ee:aa:ff:14:cb]

RSSI: -69 [da:ee:aa:ff:02:4a]

RSSI: -69 [da:ee:aa:ff:02:4a]

RSSI: -77 [da:ee:aa:ff:14:db]

RSSI: -66 [da:ee:aa:ff:02:8a]

RSSI: -76 [da:ee:aa:ff:14:eb]

RSSI: -85 [da:ee:aa:ff:08:bc]

RSSI: -52 [da:ee:aa:ff:02:8a]

RSSI: -77 [da:ee:aa:ff:14:eb]

RSSI: -76 [da:ee:aa:ff:15:0b]

RSSI: -70 [da:ee:aa:ff:02:9a]

RSSI: -70 [da:ee:aa:ff:02:9a]

RSSI: -70 [da:ee:aa:ff:02:9a]

RSSI: -76 [da:ee:aa:ff:15:2b]

RSSI: -84 [da:ee:aa:ff:08:dc]

RSSI: -76 [da:ee:aa:ff:15:2b]

RSSI: -70 [da:ee:aa:ff:02:ba]

RSSI: -70 [da:ee:aa:ff:02:da]

RSSI: -76 [da:ee:aa:ff:15:4b]

RSSI: -71 [da:ee:aa:ff:02:da]

RSSI: -77 [da:ee:aa:ff:15:4b]

RSSI: -70 [da:ee:aa:ff:02:da]

RSSI: -77 [da:ee:aa:ff:15:4b]

RSSI: -70 [da:ee:aa:ff:02:da]

RSSI: -77 [da:ee:aa:ff:15:4b]

RSSI: -70 [da:ee:aa:ff:02:da]

RSSI: -77 [da:ee:aa:ff:15:4b]

RSSI: -67 [da:ee:aa:ff:02:ea]

RSSI: -67 [da:ee:aa:ff:02:ea]

RSSI: -69 [da:ee:aa:ff:15:7b]

RSSI: -67 [da:ee:aa:ff:02:ea]

RSSI: -61 [da:ee:aa:ff:15:7b]

RSSI: -67 [da:ee:aa:ff:03:0a]

RSSI: -61 [da:ee:aa:ff:15:7b]

RSSI: -87 [da:ee:aa:ff:09:1c]

RSSI: -67 [da:ee:aa:ff:03:0a]

RSSI: -77 [da:ee:aa:ff:15:9b]

RSSI: -72 [da:ee:aa:ff:03:2a]

RSSI: -77 [da:ee:aa:ff:15:9b]

RSSI: -72 [da:ee:aa:ff:03:2a]

RSSI: -84 [da:ee:aa:ff:09:4c]

RSSI: -77 [da:ee:aa:ff:15:9b]

RSSI: -72 [da:ee:aa:ff:03:2a]

RSSI: -84 [da:ee:aa:ff:09:4c]

RSSI: -76 [da:ee:aa:ff:15:9b]

RSSI: -72 [da:ee:aa:ff:03:2a]

RSSI: -76 [da:ee:aa:ff:15:9b]

RSSI: -72 [da:ee:aa:ff:03:2a]

RSSI: -72 [da:ee:aa:ff:03:3a]

RSSI: -86 [da:ee:aa:ff:09:6c]

RSSI: -72 [da:ee:aa:ff:03:3a]

RSSI: -78 [da:ee:aa:ff:15:cb]

RSSI: -78 [da:ee:aa:ff:15:cb]

RSSI: -78 [da:ee:aa:ff:15:cb]

RSSI: -72 [da:ee:aa:ff:03:5a]

RSSI: -78 [da:ee:aa:ff:15:cb]

RSSI: -86 [da:ee:aa:ff:09:8c]

RSSI: -70 [da:ee:aa:ff:03:7a]

RSSI: -69 [da:ee:aa:ff:03:7a]

RSSI: -79 [da:ee:aa:ff:15:eb]

RSSI: -69 [da:ee:aa:ff:03:7a]

RSSI: -78 [da:ee:aa:ff:15:eb]

RSSI: -69 [da:ee:aa:ff:03:7a]

RSSI: -79 [da:ee:aa:ff:16:0b]

RSSI: -69 [da:ee:aa:ff:03:7a]

RSSI: -78 [da:ee:aa:ff:16:1b]

RSSI: -75 [da:ee:aa:ff:03:8a]

RSSI: -83 [da:ee:aa:ff:09:bc]

RSSI: -78 [da:ee:aa:ff:16:1b]

RSSI: -79 [da:ee:aa:ff:16:1b]

RSSI: -75 [da:ee:aa:ff:03:aa]

RSSI: -84 [da:ee:aa:ff:09:bc]

RSSI: -78 [da:ee:aa:ff:16:1b]

RSSI: -71 [da:ee:aa:ff:03:ca]

RSSI: -78 [da:ee:aa:ff:16:3b]

RSSI: -72 [da:ee:aa:ff:03:ca]

RSSI: -80 [da:ee:aa:ff:16:3b]

RSSI: -71 [da:ee:aa:ff:03:ca]

RSSI: -85 [da:ee:aa:ff:09:dc]

RSSI: -72 [da:ee:aa:ff:03:ca]

RSSI: -71 [da:ee:aa:ff:03:ca]

RSSI: -80 [da:ee:aa:ff:16:5b]

RSSI: -80 [da:ee:aa:ff:16:6b]

RSSI: -71 [da:ee:aa:ff:03:ea]

RSSI: -79 [da:ee:aa:ff:16:6b]

RSSI: -86 [da:ee:aa:ff:09:fc]

RSSI: -71 [da:ee:aa:ff:04:0a]

RSSI: -87 [da:ee:aa:ff:09:fc]

RSSI: -71 [da:ee:aa:ff:04:0a]

RSSI: -70 [da:ee:aa:ff:04:0a]

RSSI: -74 [da:ee:aa:ff:04:2a]

RSSI: -85 [da:ee:aa:ff:0a:0c]

RSSI: -78 [da:ee:aa:ff:00:0b]

RSSI: -73 [da:ee:aa:ff:04:2a]

RSSI: -74 [da:ee:aa:ff:04:2a]

RSSI: -74 [da:ee:aa:ff:04:2a]

RSSI: -74 [da:ee:aa:ff:04:2a]

RSSI: -80 [da:ee:aa:ff:00:2b]

RSSI: -72 [da:ee:aa:ff:04:3a]

RSSI: -84 [da:ee:aa:ff:0a:3c]

RSSI: -85 [da:ee:aa:ff:0a:3c]

RSSI: -80 [da:ee:aa:ff:00:3b]

RSSI: -84 [da:ee:aa:ff:0a:3c]

RSSI: -72 [da:ee:aa:ff:04:5a]

RSSI: -80 [da:ee:aa:ff:00:3b]

RSSI: -84 [da:ee:aa:ff:0a:3c]

RSSI: -72 [da:ee:aa:ff:04:5a]

RSSI: -80 [da:ee:aa:ff:00:3b]

RSSI: -72 [da:ee:aa:ff:04:5a]

RSSI: -71 [da:ee:aa:ff:04:6a]

RSSI: -71 [da:ee:aa:ff:04:6a]

RSSI: -81 [da:ee:aa:ff:00:7b]

RSSI: -71 [da:ee:aa:ff:04:6a]

RSSI: -82 [da:ee:aa:ff:00:7b]

RSSI: -71 [da:ee:aa:ff:04:6a]

RSSI: -82 [da:ee:aa:ff:00:7b]

RSSI: -84 [da:ee:aa:ff:0a:7c]

RSSI: -77 [da:ee:aa:ff:04:8a]

RSSI: -85 [da:ee:aa:ff:0a:8c]

RSSI: -84 [da:ee:aa:ff:0a:ac]

RSSI: -80 [da:ee:aa:ff:00:cb]

RSSI: -84 [da:ee:aa:ff:0a:ac]

RSSI: -84 [da:ee:aa:ff:0a:ac]

RSSI: -79 [da:ee:aa:ff:00:cb]

RSSI: -84 [da:ee:aa:ff:0a:ac]

RSSI: -79 [da:ee:aa:ff:00:cb]

RSSI: -84 [da:ee:aa:ff:0a:ac]

RSSI: -81 [da:ee:aa:ff:00:db]

RSSI: -72 [da:ee:aa:ff:04:ea]

RSSI: -73 [da:ee:aa:ff:04:ea]

RSSI: -72 [da:ee:aa:ff:04:ea]

RSSI: -72 [da:ee:aa:ff:05:0a]

RSSI: -84 [da:ee:aa:ff:0a:ec]

RSSI: -84 [da:ee:aa:ff:0a:ec]

RSSI: -84 [da:ee:aa:ff:0a:fc]

RSSI: -85 [da:ee:aa:ff:0b:0c]

RSSI: -86 [da:ee:aa:ff:0b:0c]

RSSI: -85 [da:ee:aa:ff:0b:0c]

RSSI: -85 [da:ee:aa:ff:0b:0c]

RSSI: -87 [da:ee:aa:ff:0b:0c]

RSSI: -74 [da:ee:aa:ff:05:5a]

RSSI: -75 [da:ee:aa:ff:05:5a]

RSSI: -75 [da:ee:aa:ff:05:5a]

RSSI: -75 [da:ee:aa:ff:05:5a]

RSSI: -76 [da:ee:aa:ff:05:5a]

RSSI: -70 [da:ee:aa:ff:0b:4c]

RSSI: -75 [da:ee:aa:ff:0b:4c]

RSSI: -79 [da:ee:aa:ff:01:ab]

RSSI: -84 [da:ee:aa:ff:0b:6c]

RSSI: -85 [da:ee:aa:ff:0b:6c]

RSSI: -77 [da:ee:aa:ff:01:cb]

RSSI: -84 [da:ee:aa:ff:0b:6c]

RSSI: -77 [da:ee:aa:ff:01:cb]

RSSI: -75 [da:ee:aa:ff:05:aa]

RSSI: -77 [da:ee:aa:ff:01:cb]

RSSI: -75 [da:ee:aa:ff:05:aa]

RSSI: -57 [da:ee:aa:ff:05:ba]

RSSI: -86 [da:ee:aa:ff:0b:9c]

RSSI: -70 [da:ee:aa:ff:05:ba]

RSSI: -81 [da:ee:aa:ff:01:fb]

RSSI: -79 [da:ee:aa:ff:02:1b]

RSSI: -78 [da:ee:aa:ff:05:da]

RSSI: -79 [da:ee:aa:ff:02:1b]

RSSI: -86 [da:ee:aa:ff:0b:ac]

RSSI: -78 [da:ee:aa:ff:05:da]

RSSI: -79 [da:ee:aa:ff:02:1b]

RSSI: -86 [da:ee:aa:ff:0b:ac]

RSSI: -78 [da:ee:aa:ff:02:1b]

RSSI: -86 [da:ee:aa:ff:0b:ac]

RSSI: -77 [da:ee:aa:ff:05:da]

RSSI: -86 [da:ee:aa:ff:0b:ac]

RSSI: -76 [da:ee:aa:ff:02:4b]

RSSI: -85 [da:ee:aa:ff:0b:cc]

RSSI: -77 [da:ee:aa:ff:02:4b]

RSSI: -70 [da:ee:aa:ff:05:fa]

RSSI: -77 [da:ee:aa:ff:02:4b]

RSSI: -70 [da:ee:aa:ff:05:fa]

RSSI: -76 [da:ee:aa:ff:02:4b]

RSSI: -71 [da:ee:aa:ff:06:0a]

RSSI: -71 [da:ee:aa:ff:06:0a]

RSSI: -88 [da:ee:aa:ff:0b:ec]

RSSI: -70 [da:ee:aa:ff:06:0a]

RSSI: -70 [da:ee:aa:ff:06:0a]

RSSI: -81 [da:ee:aa:ff:02:7b]

RSSI: -86 [da:ee:aa:ff:0c:1c]

RSSI: -78 [da:ee:aa:ff:02:9b]

RSSI: -86 [da:ee:aa:ff:0c:1c]

RSSI: -74 [da:ee:aa:ff:06:3a]

RSSI: -78 [da:ee:aa:ff:02:9b]

RSSI: -86 [da:ee:aa:ff:0c:1c]

RSSI: -74 [da:ee:aa:ff:06:3a]

RSSI: -78 [da:ee:aa:ff:02:9b]

RSSI: -86 [da:ee:aa:ff:0c:1c]

RSSI: -74 [da:ee:aa:ff:06:3a]

RSSI: -78 [da:ee:aa:ff:02:9b]

RSSI: -86 [da:ee:aa:ff:0c:1c]

RSSI: -71 [da:ee:aa:ff:06:4a]

RSSI: -76 [da:ee:aa:ff:02:bb]

RSSI: -67 [da:ee:aa:ff:0c:4c]

RSSI: -71 [da:ee:aa:ff:06:5a]

RSSI: -71 [da:ee:aa:ff:06:5a]

RSSI: -74 [da:ee:aa:ff:06:7a]

RSSI: -75 [da:ee:aa:ff:06:7a]

RSSI: -75 [da:ee:aa:ff:06:7a]

RSSI: -81 [da:ee:aa:ff:02:db]

RSSI: -75 [da:ee:aa:ff:06:7a]

RSSI: -80 [da:ee:aa:ff:02:db]

RSSI: -81 [da:ee:aa:ff:02:db]

RSSI: -79 [da:ee:aa:ff:02:fb]

RSSI: -86 [da:ee:aa:ff:0c:8c]

RSSI: -75 [da:ee:aa:ff:06:aa]

RSSI: -86 [da:ee:aa:ff:0c:8c]

RSSI: -77 [da:ee:aa:ff:06:aa]

RSSI: -78 [da:ee:aa:ff:03:0b]

RSSI: -86 [da:ee:aa:ff:0c:8c]

RSSI: -78 [da:ee:aa:ff:03:0b]

RSSI: -86 [da:ee:aa:ff:0c:8c]

RSSI: -76 [da:ee:aa:ff:06:aa]

RSSI: -79 [da:ee:aa:ff:03:0b]

RSSI: -69 [da:ee:aa:ff:06:ba]

RSSI: -83 [da:ee:aa:ff:0c:ac]

RSSI: -76 [da:ee:aa:ff:03:2b]

RSSI: -77 [da:ee:aa:ff:03:2b]

RSSI: -69 [da:ee:aa:ff:06:ca]

RSSI: -77 [da:ee:aa:ff:03:2b]

RSSI: -85 [da:ee:aa:ff:0c:bc]

RSSI: -70 [da:ee:aa:ff:06:ca]

RSSI: -76 [da:ee:aa:ff:03:2b]

RSSI: -84 [da:ee:aa:ff:0c:bc]

RSSI: -71 [da:ee:aa:ff:06:da]

RSSI: -73 [da:ee:aa:ff:06:da]

RSSI: -87 [da:ee:aa:ff:0c:dc]

RSSI: -72 [da:ee:aa:ff:06:da]

RSSI: -78 [da:ee:aa:ff:07:0a]

RSSI: -79 [da:ee:aa:ff:07:0a]

RSSI: -63 [da:ee:aa:ff:03:7b]

RSSI: -79 [da:ee:aa:ff:07:0a]

RSSI: -81 [da:ee:aa:ff:07:0a]

RSSI: -86 [da:ee:aa:ff:0c:fc]

RSSI: -85 [da:ee:aa:ff:0d:0c]

RSSI: -77 [da:ee:aa:ff:03:ab]

RSSI: -77 [da:ee:aa:ff:03:ab]

RSSI: -85 [da:ee:aa:ff:0d:0c]

RSSI: -73 [da:ee:aa:ff:07:3a]

RSSI: -77 [da:ee:aa:ff:03:ab]

RSSI: -73 [da:ee:aa:ff:07:3a]

RSSI: -77 [da:ee:aa:ff:03:ab]

RSSI: -84 [da:ee:aa:ff:0d:1c]

RSSI: -73 [da:ee:aa:ff:07:3a]

RSSI: -80 [da:ee:aa:ff:03:cb]

RSSI: -72 [da:ee:aa:ff:07:4a]

RSSI: -81 [da:ee:aa:ff:03:cb]

RSSI: -72 [da:ee:aa:ff:07:4a]

RSSI: -81 [da:ee:aa:ff:03:cb]

RSSI: -72 [da:ee:aa:ff:07:4a]

RSSI: -81 [da:ee:aa:ff:03:eb]

RSSI: -64 [da:ee:aa:ff:07:6a]

RSSI: -79 [da:ee:aa:ff:03:fb]

RSSI: -76 [da:ee:aa:ff:07:6a]

RSSI: -79 [da:ee:aa:ff:03:fb]

RSSI: -79 [da:ee:aa:ff:03:fb]

RSSI: -78 [da:ee:aa:ff:07:6a]

RSSI: -85 [da:ee:aa:ff:0d:7c]

RSSI: -77 [da:ee:aa:ff:04:1b]

RSSI: -74 [da:ee:aa:ff:07:8a]

RSSI: -77 [da:ee:aa:ff:04:3b]

RSSI: -73 [da:ee:aa:ff:07:8a]

RSSI: -78 [da:ee:aa:ff:04:3b]

RSSI: -74 [da:ee:aa:ff:07:9a]

RSSI: -74 [da:ee:aa:ff:07:9a]

RSSI: -74 [da:ee:aa:ff:07:9a]

RSSI: -74 [da:ee:aa:ff:07:9a]

RSSI: -81 [da:ee:aa:ff:04:4b]

RSSI: -74 [da:ee:aa:ff:07:aa]

RSSI: -83 [da:ee:aa:ff:07:ca]

RSSI: -80 [da:ee:aa:ff:04:6b]

RSSI: -86 [da:ee:aa:ff:0d:bc]

RSSI: -84 [da:ee:aa:ff:07:ca]

RSSI: -86 [da:ee:aa:ff:0d:cc]

RSSI: -86 [da:ee:aa:ff:0d:cc]

RSSI: -85 [da:ee:aa:ff:0d:cc]

RSSI: -85 [da:ee:aa:ff:0d:dc]

RSSI: -85 [da:ee:aa:ff:0d:dc]

RSSI: -71 [da:ee:aa:ff:04:9b]

RSSI: -85 [da:ee:aa:ff:0d:dc]

RSSI: -74 [da:ee:aa:ff:07:ea]

RSSI: -60 [da:ee:aa:ff:04:9b]

RSSI: -85 [da:ee:aa:ff:0d:dc]

RSSI: -74 [da:ee:aa:ff:07:ea]

RSSI: -75 [da:ee:aa:ff:04:9b]

RSSI: -72 [da:ee:aa:ff:08:2a]

RSSI: -78 [da:ee:aa:ff:08:3a]

RSSI: -79 [da:ee:aa:ff:04:eb]

RSSI: -77 [da:ee:aa:ff:08:3a]

RSSI: -78 [da:ee:aa:ff:08:3a]

RSSI: -78 [da:ee:aa:ff:08:3a]

RSSI: -85 [da:ee:aa:ff:0e:3c]

RSSI: -84 [da:ee:aa:ff:0e:3c]

RSSI: -81 [da:ee:aa:ff:05:2b]

RSSI: -71 [da:ee:aa:ff:08:6a]

RSSI: -80 [da:ee:aa:ff:05:2b]

RSSI: -71 [da:ee:aa:ff:08:6a]

RSSI: -80 [da:ee:aa:ff:05:4b]

RSSI: -71 [da:ee:aa:ff:08:7a]

RSSI: -80 [da:ee:aa:ff:05:4b]

RSSI: -74 [da:ee:aa:ff:08:9a]

RSSI: -74 [da:ee:aa:ff:08:9a]

RSSI: -87 [da:ee:aa:ff:0e:7c]

RSSI: -74 [da:ee:aa:ff:08:9a]

RSSI: -74 [da:ee:aa:ff:08:9a]

RSSI: -74 [da:ee:aa:ff:08:9a]

RSSI: -87 [da:ee:aa:ff:0e:9c]

RSSI: -83 [da:ee:aa:ff:0e:ac]

RSSI: -72 [da:ee:aa:ff:08:ca]

RSSI: -83 [da:ee:aa:ff:0e:ac]

RSSI: -72 [da:ee:aa:ff:08:ca]

RSSI: -77 [da:ee:aa:ff:05:9b]

RSSI: -83 [da:ee:aa:ff:0e:ac]

RSSI: -72 [da:ee:aa:ff:08:ca]

RSSI: -77 [da:ee:aa:ff:05:9b]

RSSI: -83 [da:ee:aa:ff:0e:ac]

RSSI: -62 [da:ee:aa:ff:05:bb]

RSSI: -70 [da:ee:aa:ff:08:fa]

RSSI: -78 [da:ee:aa:ff:05:db]

RSSI: -75 [da:ee:aa:ff:09:0a]

RSSI: -76 [da:ee:aa:ff:0e:dc]

RSSI: -75 [da:ee:aa:ff:09:0a]

RSSI: -75 [da:ee:aa:ff:09:0a]

RSSI: -75 [da:ee:aa:ff:09:0a]

RSSI: -78 [da:ee:aa:ff:05:fb]

RSSI: -77 [da:ee:aa:ff:06:1b]

RSSI: -77 [da:ee:aa:ff:06:1b]

RSSI: -77 [da:ee:aa:ff:06:1b]

RSSI: -60 [da:ee:aa:ff:09:4a]

RSSI: -83 [da:ee:aa:ff:0f:0c]

RSSI: -71 [da:ee:aa:ff:09:5a]

RSSI: -71 [da:ee:aa:ff:09:5a]

RSSI: -71 [da:ee:aa:ff:09:5a]

RSSI: -80 [da:ee:aa:ff:06:3b]

RSSI: -89 [da:ee:aa:ff:0f:3c]

RSSI: -70 [da:ee:aa:ff:09:6a]

RSSI: -80 [da:ee:aa:ff:06:3b]

RSSI: -78 [da:ee:aa:ff:06:5b]

RSSI: -78 [da:ee:aa:ff:06:5b]

RSSI: -78 [da:ee:aa:ff:06:5b]

RSSI: -77 [da:ee:aa:ff:06:8b]

RSSI: -77 [da:ee:aa:ff:06:8b]

RSSI: -84 [da:ee:aa:ff:0f:6c]

RSSI: -72 [da:ee:aa:ff:09:9a]

RSSI: -77 [da:ee:aa:ff:06:8b]

RSSI: -84 [da:ee:aa:ff:0f:6c]

RSSI: -72 [da:ee:aa:ff:09:9a]

RSSI: -77 [da:ee:aa:ff:06:8b]

RSSI: -84 [da:ee:aa:ff:0f:6c]

RSSI: -72 [da:ee:aa:ff:09:9a]

RSSI: -77 [da:ee:aa:ff:06:8b]

RSSI: -70 [da:ee:aa:ff:09:aa]

RSSI: -79 [da:ee:aa:ff:06:ab]

RSSI: -87 [da:ee:aa:ff:0f:7c]

RSSI: -70 [da:ee:aa:ff:09:aa]

RSSI: -79 [da:ee:aa:ff:06:ab]

RSSI: -70 [da:ee:aa:ff:09:aa]

RSSI: -70 [da:ee:aa:ff:09:ba]

RSSI: -75 [da:ee:aa:ff:09:ca]

RSSI: -75 [da:ee:aa:ff:09:ca]

RSSI: -75 [da:ee:aa:ff:09:ca]

RSSI: -75 [da:ee:aa:ff:09:ca]

RSSI: -75 [da:ee:aa:ff:09:ca]

RSSI: -77 [da:ee:aa:ff:06:eb]

RSSI: -72 [da:ee:aa:ff:09:ea]

RSSI: -72 [da:ee:aa:ff:09:ea]

RSSI: -66 [da:ee:aa:ff:0f:ec]

RSSI: -73 [da:ee:aa:ff:09:ea]

RSSI: -76 [da:ee:aa:ff:06:fb]

RSSI: -57 [da:ee:aa:ff:09:fa]

RSSI: -62 [da:ee:aa:ff:09:fa]

RSSI: -70 [da:ee:aa:ff:09:fa]

RSSI: -86 [da:ee:aa:ff:0f:fc]

RSSI: -78 [da:ee:aa:ff:07:1b]

RSSI: -83 [da:ee:aa:ff:10:1c]

RSSI: -75 [da:ee:aa:ff:0a:2a]

RSSI: -84 [da:ee:aa:ff:10:1c]

RSSI: -75 [da:ee:aa:ff:0a:2a]

RSSI: -77 [da:ee:aa:ff:07:4b]

RSSI: -83 [da:ee:aa:ff:10:1c]

RSSI: -75 [da:ee:aa:ff:0a:2a]

RSSI: -77 [da:ee:aa:ff:07:4b]

RSSI: -75 [da:ee:aa:ff:0a:2a]

RSSI: -77 [da:ee:aa:ff:07:4b]

RSSI: -77 [da:ee:aa:ff:07:6b]

RSSI: -82 [da:ee:aa:ff:10:2c]

RSSI: -77 [da:ee:aa:ff:07:6b]

RSSI: -83 [da:ee:aa:ff:10:2c]

RSSI: -77 [da:ee:aa:ff:07:6b]

RSSI: -73 [da:ee:aa:ff:0a:5a]

RSSI: -77 [da:ee:aa:ff:07:6b]

RSSI: -72 [da:ee:aa:ff:0a:5a]

RSSI: -77 [da:ee:aa:ff:07:6b]

RSSI: -83 [da:ee:aa:ff:10:3c]

RSSI: -73 [da:ee:aa:ff:0a:5a]

RSSI: -70 [da:ee:aa:ff:0a:6a]

RSSI: -70 [da:ee:aa:ff:0a:6a]

RSSI: -70 [da:ee:aa:ff:0a:6a]

RSSI: -77 [da:ee:aa:ff:07:8b]

RSSI: -69 [da:ee:aa:ff:0a:7a]

RSSI: -78 [da:ee:aa:ff:07:8b]

RSSI: -75 [da:ee:aa:ff:0a:9a]

RSSI: -77 [da:ee:aa:ff:07:ab]

RSSI: -84 [da:ee:aa:ff:10:7c]

RSSI: -74 [da:ee:aa:ff:0a:9a]

RSSI: -76 [da:ee:aa:ff:07:ab]

RSSI: -74 [da:ee:aa:ff:0a:9a]

RSSI: -76 [da:ee:aa:ff:07:ab]

RSSI: -84 [da:ee:aa:ff:10:7c]

RSSI: -74 [da:ee:aa:ff:0a:9a]

RSSI: -77 [da:ee:aa:ff:07:ab]

RSSI: -73 [da:ee:aa:ff:0a:9a]

RSSI: -72 [da:ee:aa:ff:0a:ba]

RSSI: -65 [da:ee:aa:ff:07:db]

RSSI: -72 [da:ee:aa:ff:0a:ba]

RSSI: -60 [da:ee:aa:ff:07:db]

RSSI: -72 [da:ee:aa:ff:0a:ba]

RSSI: -72 [da:ee:aa:ff:0a:ba]

RSSI: -69 [da:ee:aa:ff:0a:ca]

RSSI: -69 [da:ee:aa:ff:0a:ca]

RSSI: -69 [da:ee:aa:ff:0a:ca]

RSSI: -87 [da:ee:aa:ff:10:cc]

RSSI: -66 [da:ee:aa:ff:0a:ea]

RSSI: -87 [da:ee:aa:ff:10:cc]

RSSI: -67 [da:ee:aa:ff:0a:fa]

RSSI: -76 [da:ee:aa:ff:08:2b]

RSSI: -79 [da:ee:aa:ff:08:2b]

RSSI: -75 [da:ee:aa:ff:0a:fa]

RSSI: -74 [da:ee:aa:ff:08:2b]

RSSI: -74 [da:ee:aa:ff:0a:fa]

RSSI: -77 [da:ee:aa:ff:08:4b]

RSSI: -85 [da:ee:aa:ff:11:1c]

RSSI: -77 [da:ee:aa:ff:08:4b]

RSSI: -72 [da:ee:aa:ff:0b:3a]

RSSI: -77 [da:ee:aa:ff:08:4b]

RSSI: -72 [da:ee:aa:ff:0b:3a]

RSSI: -77 [da:ee:aa:ff:08:4b]

RSSI: -72 [da:ee:aa:ff:0b:3a]

RSSI: -72 [da:ee:aa:ff:0b:3a]

RSSI: -69 [da:ee:aa:ff:0b:4a]

RSSI: -78 [da:ee:aa:ff:08:7b]

RSSI: -68 [da:ee:aa:ff:0b:4a]

RSSI: -68 [da:ee:aa:ff:0b:4a]

RSSI: -78 [da:ee:aa:ff:08:7b]

RSSI: -78 [da:ee:aa:ff:08:7b]

RSSI: -68 [da:ee:aa:ff:0b:5a]

RSSI: -88 [da:ee:aa:ff:11:3c]

RSSI: -78 [da:ee:aa:ff:08:7b]

RSSI: -74 [da:ee:aa:ff:0b:6a]

RSSI: -76 [da:ee:aa:ff:08:9b]

RSSI: -73 [da:ee:aa:ff:0b:6a]

RSSI: -77 [da:ee:aa:ff:08:9b]

RSSI: -74 [da:ee:aa:ff:0b:6a]

RSSI: -77 [da:ee:aa:ff:08:9b]

RSSI: -74 [da:ee:aa:ff:0b:6a]

RSSI: -74 [da:ee:aa:ff:0b:6a]

RSSI: -77 [da:ee:aa:ff:08:bb]

RSSI: -78 [da:ee:aa:ff:08:cb]

RSSI: -85 [da:ee:aa:ff:11:7c]

RSSI: -78 [da:ee:aa:ff:08:cb]

RSSI: -71 [da:ee:aa:ff:0b:9a]

RSSI: -86 [da:ee:aa:ff:11:7c]

RSSI: -78 [da:ee:aa:ff:08:cb]

RSSI: -71 [da:ee:aa:ff:0b:9a]

RSSI: -85 [da:ee:aa:ff:11:7c]

RSSI: -77 [da:ee:aa:ff:08:cb]

RSSI: -71 [da:ee:aa:ff:0b:9a]

RSSI: -77 [da:ee:aa:ff:08:cb]

RSSI: -71 [da:ee:aa:ff:0b:9a]

RSSI: -85 [da:ee:aa:ff:11:7c]

RSSI: -69 [da:ee:aa:ff:0b:aa]

RSSI: -69 [da:ee:aa:ff:0b:aa]

RSSI: -77 [da:ee:aa:ff:09:0b]

RSSI: -70 [da:ee:aa:ff:0b:ba]

RSSI: -80 [da:ee:aa:ff:09:0b]

RSSI: -75 [da:ee:aa:ff:09:1b]

RSSI: -60 [da:ee:aa:ff:09:1b]

RSSI: -83 [da:ee:aa:ff:11:cc]

RSSI: -70 [da:ee:aa:ff:0b:da]

RSSI: -62 [da:ee:aa:ff:0b:da]

RSSI: -76 [da:ee:aa:ff:09:1b]

RSSI: -84 [da:ee:aa:ff:11:dc]

RSSI: -77 [da:ee:aa:ff:09:3b]

RSSI: -71 [da:ee:aa:ff:0b:fa]

RSSI: -71 [da:ee:aa:ff:0b:fa]

RSSI: -77 [da:ee:aa:ff:09:4b]

RSSI: -71 [da:ee:aa:ff:0b:fa]

RSSI: -77 [da:ee:aa:ff:09:4b]

RSSI: -71 [da:ee:aa:ff:0b:fa]

RSSI: -78 [da:ee:aa:ff:09:5b]

RSSI: -69 [da:ee:aa:ff:0c:1a]

RSSI: -78 [da:ee:aa:ff:09:5b]

RSSI: -69 [da:ee:aa:ff:0c:1a]

RSSI: -78 [da:ee:aa:ff:09:5b]

RSSI: -78 [da:ee:aa:ff:09:5b]

RSSI: -69 [da:ee:aa:ff:0c:2a]

RSSI: -78 [da:ee:aa:ff:09:5b]

RSSI: -69 [da:ee:aa:ff:0c:2a]

RSSI: -74 [da:ee:aa:ff:0c:4a]

RSSI: -74 [da:ee:aa:ff:0c:4a]

RSSI: -85 [da:ee:aa:ff:12:3c]

RSSI: -77 [da:ee:aa:ff:09:9b]

RSSI: -74 [da:ee:aa:ff:0c:4a]

RSSI: -84 [da:ee:aa:ff:12:3c]

RSSI: -77 [da:ee:aa:ff:09:9b]

RSSI: -74 [da:ee:aa:ff:0c:4a]

RSSI: -85 [da:ee:aa:ff:12:3c]

RSSI: -77 [da:ee:aa:ff:09:9b]

RSSI: -74 [da:ee:aa:ff:0c:4a]

RSSI: -77 [da:ee:aa:ff:09:9b]

RSSI: -77 [da:ee:aa:ff:09:ab]

RSSI: -85 [da:ee:aa:ff:12:5c]

RSSI: -77 [da:ee:aa:ff:09:ab]

RSSI: -72 [da:ee:aa:ff:0c:6a]

RSSI: -77 [da:ee:aa:ff:09:ab]

RSSI: -72 [da:ee:aa:ff:0c:6a]

RSSI: -85 [da:ee:aa:ff:12:5c]

RSSI: -77 [da:ee:aa:ff:09:ab]

RSSI: -72 [da:ee:aa:ff:0c:6a]

RSSI: -84 [da:ee:aa:ff:12:5c]

RSSI: -72 [da:ee:aa:ff:0c:6a]

RSSI: -79 [da:ee:aa:ff:09:eb]

RSSI: -70 [da:ee:aa:ff:0c:8a]

RSSI: -78 [da:ee:aa:ff:09:eb]

RSSI: -69 [da:ee:aa:ff:0c:8a]

RSSI: -78 [da:ee:aa:ff:09:eb]

RSSI: -87 [da:ee:aa:ff:12:7c]

RSSI: -78 [da:ee:aa:ff:09:eb]

RSSI: -75 [da:ee:aa:ff:0c:ba]

RSSI: -77 [da:ee:aa:ff:09:fb]

RSSI: -75 [da:ee:aa:ff:0c:ba]

RSSI: -81 [da:ee:aa:ff:12:8c]

RSSI: -77 [da:ee:aa:ff:09:fb]

RSSI: -75 [da:ee:aa:ff:0c:ba]

RSSI: -77 [da:ee:aa:ff:09:fb]

RSSI: -75 [da:ee:aa:ff:0c:ba]

RSSI: -75 [da:ee:aa:ff:0c:ba]

RSSI: -84 [da:ee:aa:ff:12:8c]

RSSI: -77 [da:ee:aa:ff:0a:1b]

RSSI: -77 [da:ee:aa:ff:0a:3b]

RSSI: -85 [da:ee:aa:ff:12:bc]

RSSI: -72 [da:ee:aa:ff:0a:3b]

RSSI: -84 [da:ee:aa:ff:12:bc]

RSSI: -59 [da:ee:aa:ff:0c:da]

RSSI: -78 [da:ee:aa:ff:0a:5b]

RSSI: -69 [da:ee:aa:ff:0c:ea]

RSSI: -79 [da:ee:aa:ff:0a:5b]

RSSI: -69 [da:ee:aa:ff:0c:ea]

RSSI: -78 [da:ee:aa:ff:0a:7b]

RSSI: -69 [da:ee:aa:ff:0c:fa]

RSSI: -88 [da:ee:aa:ff:12:ec]

RSSI: -78 [da:ee:aa:ff:0a:7b]

RSSI: -69 [da:ee:aa:ff:0c:fa]

RSSI: -76 [da:ee:aa:ff:0d:0a]

RSSI: -77 [da:ee:aa:ff:0a:9b]

RSSI: -75 [da:ee:aa:ff:0d:0a]

RSSI: -85 [da:ee:aa:ff:12:fc]

RSSI: -75 [da:ee:aa:ff:0d:0a]

RSSI: -85 [da:ee:aa:ff:12:fc]

RSSI: -75 [da:ee:aa:ff:0d:0a]

RSSI: -85 [da:ee:aa:ff:12:fc]

RSSI: -76 [da:ee:aa:ff:0d:0a]

RSSI: -85 [da:ee:aa:ff:12:fc]

RSSI: -77 [da:ee:aa:ff:0a:ab]

RSSI: -72 [da:ee:aa:ff:0d:2a]

RSSI: -72 [da:ee:aa:ff:0d:2a]

RSSI: -77 [da:ee:aa:ff:0a:cb]

RSSI: -72 [da:ee:aa:ff:0d:2a]

RSSI: -77 [da:ee:aa:ff:0a:cb]

RSSI: -72 [da:ee:aa:ff:0d:2a]

RSSI: -79 [da:ee:aa:ff:0a:eb]

RSSI: -69 [da:ee:aa:ff:0d:4a]

RSSI: -78 [da:ee:aa:ff:0a:eb]

RSSI: -69 [da:ee:aa:ff:0d:4a]

RSSI: -78 [da:ee:aa:ff:0a:eb]

RSSI: -78 [da:ee:aa:ff:0a:eb]

RSSI: -79 [da:ee:aa:ff:0a:eb]

RSSI: -69 [da:ee:aa:ff:0d:5a]

RSSI: -75 [da:ee:aa:ff:0d:6a]

RSSI: -84 [da:ee:aa:ff:13:8c]

RSSI: -75 [da:ee:aa:ff:0d:6a]

RSSI: -77 [da:ee:aa:ff:0b:2b]

RSSI: -84 [da:ee:aa:ff:13:8c]

RSSI: -76 [da:ee:aa:ff:0d:6a]

RSSI: -77 [da:ee:aa:ff:0b:2b]

RSSI: -85 [da:ee:aa:ff:13:8c]

RSSI: -75 [da:ee:aa:ff:0d:6a]

RSSI: -77 [da:ee:aa:ff:0b:2b]

RSSI: -85 [da:ee:aa:ff:13:8c]

RSSI: -75 [da:ee:aa:ff:0d:6a]

RSSI: -77 [da:ee:aa:ff:0b:2b]

RSSI: -78 [da:ee:aa:ff:0b:4b]

RSSI: -78 [da:ee:aa:ff:0b:4b]

RSSI: -78 [da:ee:aa:ff:0b:7b]

RSSI: -85 [da:ee:aa:ff:13:cc]

RSSI: -69 [da:ee:aa:ff:0d:9a]

RSSI: -74 [da:ee:aa:ff:0b:7b]

RSSI: -85 [da:ee:aa:ff:13:cc]

RSSI: -70 [da:ee:aa:ff:0d:9a]

RSSI: -71 [da:ee:aa:ff:0d:aa]

RSSI: -61 [da:ee:aa:ff:0b:7b]

RSSI: -70 [da:ee:aa:ff:0d:aa]

RSSI: -77 [da:ee:aa:ff:0b:8b]

RSSI: -75 [da:ee:aa:ff:0d:ba]

RSSI: -78 [da:ee:aa:ff:0b:8b]

RSSI: -85 [da:ee:aa:ff:13:fc]

RSSI: -75 [da:ee:aa:ff:0d:ba]

RSSI: -77 [da:ee:aa:ff:0b:8b]

RSSI: -85 [da:ee:aa:ff:13:fc]

RSSI: -75 [da:ee:aa:ff:0d:ba]

RSSI: -75 [da:ee:aa:ff:0d:ba]

RSSI: -84 [da:ee:aa:ff:14:0c]

RSSI: -84 [da:ee:aa:ff:14:0c]

RSSI: -73 [da:ee:aa:ff:0d:da]

RSSI: -78 [da:ee:aa:ff:0b:bb]

RSSI: -73 [da:ee:aa:ff:0d:da]

RSSI: -78 [da:ee:aa:ff:0b:bb]

RSSI: -73 [da:ee:aa:ff:0d:da]

RSSI: -84 [da:ee:aa:ff:14:1c]

RSSI: -71 [da:ee:aa:ff:0d:ea]

RSSI: -70 [da:ee:aa:ff:0d:ea]

RSSI: -86 [da:ee:aa:ff:14:2c]

RSSI: -86 [da:ee:aa:ff:14:2c]

RSSI: -70 [da:ee:aa:ff:0e:0a]

RSSI: -79 [da:ee:aa:ff:0b:db]

RSSI: -85 [da:ee:aa:ff:14:2c]

RSSI: -70 [da:ee:aa:ff:0e:0a]

RSSI: -76 [da:ee:aa:ff:0e:1a]

RSSI: -85 [da:ee:aa:ff:14:3c]

RSSI: -77 [da:ee:aa:ff:0b:fb]

RSSI: -75 [da:ee:aa:ff:0e:1a]

RSSI: -84 [da:ee:aa:ff:14:4c]

RSSI: -77 [da:ee:aa:ff:0b:fb]

RSSI: -75 [da:ee:aa:ff:0e:1a]

RSSI: -76 [da:ee:aa:ff:0b:fb]

RSSI: -77 [da:ee:aa:ff:0b:fb]

RSSI: -72 [da:ee:aa:ff:0e:5a]

RSSI: -85 [da:ee:aa:ff:14:6c]

RSSI: -71 [da:ee:aa:ff:0e:5a]

RSSI: -85 [da:ee:aa:ff:14:6c]

RSSI: -71 [da:ee:aa:ff:0e:5a]

RSSI: -77 [da:ee:aa:ff:0c:3b]

RSSI: -71 [da:ee:aa:ff:0e:5a]

RSSI: -78 [da:ee:aa:ff:0c:4b]

RSSI: -69 [da:ee:aa:ff:0e:6a]

RSSI: -79 [da:ee:aa:ff:0c:4b]

RSSI: -57 [da:ee:aa:ff:0e:6a]

RSSI: -79 [da:ee:aa:ff:0c:4b]

RSSI: -61 [da:ee:aa:ff:0e:7a]

RSSI: -78 [da:ee:aa:ff:0c:4b]

RSSI: -70 [da:ee:aa:ff:0e:7a]

RSSI: -75 [da:ee:aa:ff:0e:8a]

RSSI: -75 [da:ee:aa:ff:0e:8a]

RSSI: -75 [da:ee:aa:ff:0e:8a]

RSSI: -61 [da:ee:aa:ff:0c:7b]

RSSI: -75 [da:ee:aa:ff:0e:8a]

RSSI: -85 [da:ee:aa:ff:14:dc]

RSSI: -76 [da:ee:aa:ff:0c:7b]

RSSI: -75 [da:ee:aa:ff:0e:8a]

RSSI: -85 [da:ee:aa:ff:14:dc]

RSSI: -75 [da:ee:aa:ff:0c:7b]

RSSI: -85 [da:ee:aa:ff:14:fc]

RSSI: -78 [da:ee:aa:ff:0c:8b]

RSSI: -73 [da:ee:aa:ff:0e:aa]

RSSI: -85 [da:ee:aa:ff:14:fc]

RSSI: -78 [da:ee:aa:ff:0c:8b]

RSSI: -73 [da:ee:aa:ff:0e:aa]

RSSI: -78 [da:ee:aa:ff:0c:8b]

RSSI: -72 [da:ee:aa:ff:0e:aa]

RSSI: -85 [da:ee:aa:ff:14:fc]

RSSI: -77 [da:ee:aa:ff:0c:8b]

RSSI: -72 [da:ee:aa:ff:0e:aa]

RSSI: -70 [da:ee:aa:ff:0e:ba]

RSSI: -78 [da:ee:aa:ff:0c:bb]

RSSI: -70 [da:ee:aa:ff:0e:ba]

RSSI: -79 [da:ee:aa:ff:0c:bb]

RSSI: -79 [da:ee:aa:ff:0c:bb]

RSSI: -70 [da:ee:aa:ff:0e:da]

RSSI: -76 [da:ee:aa:ff:0c:bb]

RSSI: -70 [da:ee:aa:ff:0e:da]

RSSI: -85 [da:ee:aa:ff:15:3c]

RSSI: -78 [da:ee:aa:ff:0c:db]

RSSI: -76 [da:ee:aa:ff:0e:ea]

RSSI: -84 [da:ee:aa:ff:15:3c]

RSSI: -77 [da:ee:aa:ff:0c:db]

RSSI: -76 [da:ee:aa:ff:0e:ea]

RSSI: -78 [da:ee:aa:ff:0c:db]

RSSI: -76 [da:ee:aa:ff:0e:ea]

RSSI: -78 [da:ee:aa:ff:0c:db]

RSSI: -76 [da:ee:aa:ff:0e:ea]

RSSI: -84 [da:ee:aa:ff:15:5c]

RSSI: -77 [da:ee:aa:ff:0d:0b]

RSSI: -73 [da:ee:aa:ff:0f:0a]

RSSI: -77 [da:ee:aa:ff:0d:0b]

RSSI: -72 [da:ee:aa:ff:0f:0a]

RSSI: -78 [da:ee:aa:ff:0d:0b]

RSSI: -73 [da:ee:aa:ff:0f:0a]

RSSI: -78 [da:ee:aa:ff:0d:0b]

RSSI: -71 [da:ee:aa:ff:0f:0a]

RSSI: -79 [da:ee:aa:ff:0d:1b]

RSSI: -69 [da:ee:aa:ff:0f:1a]

RSSI: -78 [da:ee:aa:ff:0d:1b]

RSSI: -79 [da:ee:aa:ff:0d:1b]

RSSI: -65 [da:ee:aa:ff:0f:2a]

RSSI: -79 [da:ee:aa:ff:0d:3b]

RSSI: -69 [da:ee:aa:ff:0f:2a]

RSSI: -78 [da:ee:aa:ff:0d:4b]

RSSI: -77 [da:ee:aa:ff:0d:4b]

RSSI: -74 [da:ee:aa:ff:0f:4a]

RSSI: -77 [da:ee:aa:ff:0d:4b]

RSSI: -76 [da:ee:aa:ff:0f:4a]

RSSI: -77 [da:ee:aa:ff:0d:4b]

RSSI: -78 [da:ee:aa:ff:0d:4b]

RSSI: -71 [da:ee:aa:ff:0d:5b]

RSSI: -65 [da:ee:aa:ff:0d:5b]

RSSI: -85 [da:ee:aa:ff:15:fc]

RSSI: -72 [da:ee:aa:ff:0f:6a]

RSSI: -72 [da:ee:aa:ff:0f:6a]

RSSI: -85 [da:ee:aa:ff:15:fc]

RSSI: -72 [da:ee:aa:ff:0f:6a]

RSSI: -85 [da:ee:aa:ff:15:fc]

RSSI: -72 [da:ee:aa:ff:0f:6a]

RSSI: -60 [da:ee:aa:ff:0d:7b]

RSSI: -69 [da:ee:aa:ff:0f:7a]

RSSI: -79 [da:ee:aa:ff:0d:8b]

RSSI: -69 [da:ee:aa:ff:0f:7a]

RSSI: -79 [da:ee:aa:ff:0d:8b]

RSSI: -85 [da:ee:aa:ff:16:2c]

RSSI: -78 [da:ee:aa:ff:0d:8b]

RSSI: -69 [da:ee:aa:ff:0f:8a]

RSSI: -87 [da:ee:aa:ff:16:2c]

RSSI: -79 [da:ee:aa:ff:0d:8b]

RSSI: -69 [da:ee:aa:ff:0f:8a]

RSSI: -76 [da:ee:aa:ff:0f:9a]

RSSI: -86 [da:ee:aa:ff:16:3c]

RSSI: -85 [da:ee:aa:ff:16:3c]

RSSI: -76 [da:ee:aa:ff:0f:9a]

RSSI: -77 [da:ee:aa:ff:0d:cb]

RSSI: -86 [da:ee:aa:ff:16:3c]

RSSI: -76 [da:ee:aa:ff:0f:9a]

RSSI: -77 [da:ee:aa:ff:0d:cb]

RSSI: -87 [da:ee:aa:ff:16:3c]

RSSI: -78 [da:ee:aa:ff:0d:cb]

RSSI: -86 [da:ee:aa:ff:16:3c]

RSSI: -77 [da:ee:aa:ff:0d:eb]

RSSI: -78 [da:ee:aa:ff:0d:eb]

RSSI: -74 [da:ee:aa:ff:0f:ca]

RSSI: -78 [da:ee:aa:ff:0d:eb]

RSSI: -73 [da:ee:aa:ff:0f:ca]

RSSI: -78 [da:ee:aa:ff:0d:eb]

RSSI: -73 [da:ee:aa:ff:0f:ca]

RSSI: -78 [da:ee:aa:ff:0d:eb]

RSSI: -74 [da:ee:aa:ff:0f:ca]

RSSI: -68 [da:ee:aa:ff:0f:ea]

RSSI: -78 [da:ee:aa:ff:0e:2b]

RSSI: -69 [da:ee:aa:ff:0f:ea]

RSSI: -78 [da:ee:aa:ff:0e:2b]

RSSI: -68 [da:ee:aa:ff:0f:fa]

RSSI: -79 [da:ee:aa:ff:0e:2b]

RSSI: -67 [da:ee:aa:ff:0f:fa]

RSSI: -78 [da:ee:aa:ff:0e:4b]

RSSI: -78 [da:ee:aa:ff:0e:6b]

RSSI: -71 [da:ee:aa:ff:10:3a]

RSSI: -78 [da:ee:aa:ff:0e:6b]

RSSI: -71 [da:ee:aa:ff:10:3a]

RSSI: -79 [da:ee:aa:ff:0e:6b]

RSSI: -71 [da:ee:aa:ff:10:3a]

RSSI: -62 [da:ee:aa:ff:0e:8b]

RSSI: -67 [da:ee:aa:ff:10:4a]

RSSI: -70 [da:ee:aa:ff:0e:8b]

RSSI: -67 [da:ee:aa:ff:10:4a]

RSSI: -89 [da:ee:aa:ff:00:5c]

RSSI: -78 [da:ee:aa:ff:0e:8b]

RSSI: -88 [da:ee:aa:ff:00:5c]

RSSI: -66 [da:ee:aa:ff:10:6a]

RSSI: -67 [da:ee:aa:ff:10:6a]

RSSI: -74 [da:ee:aa:ff:10:7a]

RSSI: -77 [da:ee:aa:ff:0e:cb]

RSSI: -74 [da:ee:aa:ff:10:7a]

RSSI: -87 [da:ee:aa:ff:00:8c]

RSSI: -77 [da:ee:aa:ff:0e:cb]

RSSI: -74 [da:ee:aa:ff:10:7a]

RSSI: -77 [da:ee:aa:ff:0e:cb]

RSSI: -74 [da:ee:aa:ff:10:7a]

RSSI: -77 [da:ee:aa:ff:0e:cb]

RSSI: -74 [da:ee:aa:ff:10:7a]

RSSI: -86 [da:ee:aa:ff:00:8c]

RSSI: -77 [da:ee:aa:ff:0e:cb]

RSSI: -78 [da:ee:aa:ff:0e:db]

RSSI: -79 [da:ee:aa:ff:0e:db]

RSSI: -68 [da:ee:aa:ff:10:aa]

RSSI: -86 [da:ee:aa:ff:00:9c]

RSSI: -69 [da:ee:aa:ff:10:aa]

RSSI: -68 [da:ee:aa:ff:10:aa]

RSSI: -86 [da:ee:aa:ff:00:ac]

RSSI: -68 [da:ee:aa:ff:10:aa]

RSSI: -79 [da:ee:aa:ff:0f:1b]

RSSI: -67 [da:ee:aa:ff:10:ca]

RSSI: -78 [da:ee:aa:ff:0f:1b]

RSSI: -67 [da:ee:aa:ff:10:ca]

RSSI: -67 [da:ee:aa:ff:10:da]

RSSI: -88 [da:ee:aa:ff:00:bc]

RSSI: -67 [da:ee:aa:ff:10:da]

RSSI: -73 [da:ee:aa:ff:10:fa]

RSSI: -78 [da:ee:aa:ff:0f:5b]

RSSI: -73 [da:ee:aa:ff:10:fa]

RSSI: -77 [da:ee:aa:ff:0f:5b]

RSSI: -73 [da:ee:aa:ff:10:fa]

RSSI: -67 [da:ee:aa:ff:11:3a]

RSSI: -67 [da:ee:aa:ff:11:3a]

RSSI: -78 [da:ee:aa:ff:0f:9b]

RSSI: -67 [da:ee:aa:ff:11:3a]

RSSI: -78 [da:ee:aa:ff:0f:9b]

RSSI: -89 [da:ee:aa:ff:01:3c]

RSSI: -78 [da:ee:aa:ff:0f:9b]

RSSI: -66 [da:ee:aa:ff:11:4a]

RSSI: -88 [da:ee:aa:ff:01:3c]

RSSI: -78 [da:ee:aa:ff:0f:9b]

RSSI: -66 [da:ee:aa:ff:11:4a]

RSSI: -59 [da:ee:aa:ff:0f:bb]

RSSI: -71 [da:ee:aa:ff:11:5a]

RSSI: -61 [da:ee:aa:ff:0f:bb]

RSSI: -71 [da:ee:aa:ff:11:5a]

RSSI: -59 [da:ee:aa:ff:0f:bb]

RSSI: -71 [da:ee:aa:ff:11:5a]

RSSI: -76 [da:ee:aa:ff:0f:bb]

RSSI: -86 [da:ee:aa:ff:01:7c]

RSSI: -84 [da:ee:aa:ff:01:8c]

RSSI: -75 [da:ee:aa:ff:11:8a]

RSSI: -84 [da:ee:aa:ff:01:8c]

RSSI: -74 [da:ee:aa:ff:11:8a]

RSSI: -84 [da:ee:aa:ff:01:8c]

RSSI: -74 [da:ee:aa:ff:11:8a]

RSSI: -73 [da:ee:aa:ff:11:8a]

RSSI: -67 [da:ee:aa:ff:11:aa]

RSSI: -67 [da:ee:aa:ff:11:aa]

RSSI: -87 [da:ee:aa:ff:01:ac]

RSSI: -67 [da:ee:aa:ff:11:aa]

RSSI: -77 [da:ee:aa:ff:10:0b]

RSSI: -68 [da:ee:aa:ff:11:ba]

RSSI: -87 [da:ee:aa:ff:01:ec]

RSSI: -85 [da:ee:aa:ff:01:ec]

RSSI: -86 [da:ee:aa:ff:01:ec]

RSSI: -74 [da:ee:aa:ff:11:ca]

RSSI: -85 [da:ee:aa:ff:01:ec]

RSSI: -79 [da:ee:aa:ff:10:5b]

RSSI: -80 [da:ee:aa:ff:10:5b]

RSSI: -79 [da:ee:aa:ff:10:5b]

RSSI: -64 [da:ee:aa:ff:11:fa]

RSSI: -85 [da:ee:aa:ff:02:0c]

RSSI: -61 [da:ee:aa:ff:11:fa]

RSSI: -85 [da:ee:aa:ff:02:0c]

RSSI: -67 [da:ee:aa:ff:12:1a]

RSSI: -67 [da:ee:aa:ff:12:1a]

RSSI: -77 [da:ee:aa:ff:10:8b]

RSSI: -77 [da:ee:aa:ff:10:8b]

RSSI: -67 [da:ee:aa:ff:12:2a]

RSSI: -77 [da:ee:aa:ff:10:8b]

RSSI: -76 [da:ee:aa:ff:10:9b]

RSSI: -72 [da:ee:aa:ff:12:3a]

RSSI: -84 [da:ee:aa:ff:02:5c]

RSSI: -76 [da:ee:aa:ff:10:9b]

RSSI: -72 [da:ee:aa:ff:12:3a]

RSSI: -77 [da:ee:aa:ff:10:9b]

RSSI: -72 [da:ee:aa:ff:12:3a]

RSSI: -71 [da:ee:aa:ff:12:3a]

RSSI: -71 [da:ee:aa:ff:12:3a]

RSSI: -85 [da:ee:aa:ff:02:5c]

RSSI: -62 [da:ee:aa:ff:10:db]

RSSI: -72 [da:ee:aa:ff:12:5a]

RSSI: -72 [da:ee:aa:ff:12:5a]

RSSI: -79 [da:ee:aa:ff:10:db]

RSSI: -72 [da:ee:aa:ff:12:5a]

RSSI: -86 [da:ee:aa:ff:02:8c]

RSSI: -72 [da:ee:aa:ff:12:5a]

RSSI: -87 [da:ee:aa:ff:02:ac]

RSSI: -67 [da:ee:aa:ff:12:6a]

RSSI: -86 [da:ee:aa:ff:02:ac]

RSSI: -86 [da:ee:aa:ff:02:ac]

RSSI: -66 [da:ee:aa:ff:12:7a]

RSSI: -77 [da:ee:aa:ff:11:1b]

RSSI: -71 [da:ee:aa:ff:12:9a]

RSSI: -76 [da:ee:aa:ff:11:3b]

RSSI: -71 [da:ee:aa:ff:12:9a]

RSSI: -76 [da:ee:aa:ff:11:3b]

RSSI: -85 [da:ee:aa:ff:02:dc]

RSSI: -71 [da:ee:aa:ff:12:9a]

RSSI: -76 [da:ee:aa:ff:11:3b]

RSSI: -86 [da:ee:aa:ff:02:dc]

RSSI: -71 [da:ee:aa:ff:12:9a]

RSSI: -76 [da:ee:aa:ff:11:3b]

RSSI: -71 [da:ee:aa:ff:12:9a]

RSSI: -76 [da:ee:aa:ff:11:3b]

RSSI: -79 [da:ee:aa:ff:11:5b]

RSSI: -85 [da:ee:aa:ff:02:fc]

RSSI: -73 [da:ee:aa:ff:12:ca]

RSSI: -73 [da:ee:aa:ff:12:ca]

RSSI: -87 [da:ee:aa:ff:02:fc]

RSSI: -73 [da:ee:aa:ff:12:ca]

RSSI: -79 [da:ee:aa:ff:11:7b]

RSSI: -54 [da:ee:aa:ff:12:da]

RSSI: -76 [da:ee:aa:ff:11:9b]

RSSI: -77 [da:ee:aa:ff:11:9b]

RSSI: -77 [da:ee:aa:ff:11:9b]

RSSI: -77 [da:ee:aa:ff:11:9b]

RSSI: -77 [da:ee:aa:ff:11:9b]

RSSI: -76 [da:ee:aa:ff:11:bb]

RSSI: -71 [da:ee:aa:ff:13:0a]

RSSI: -71 [da:ee:aa:ff:13:0a]

RSSI: -71 [da:ee:aa:ff:13:0a]

RSSI: -76 [da:ee:aa:ff:11:cb]

RSSI: -76 [da:ee:aa:ff:11:cb]

RSSI: -71 [da:ee:aa:ff:13:3a]

RSSI: -71 [da:ee:aa:ff:13:3a]

RSSI: -71 [da:ee:aa:ff:13:3a]

RSSI: -87 [da:ee:aa:ff:03:9c]

RSSI: -66 [da:ee:aa:ff:13:5a]

RSSI: -67 [da:ee:aa:ff:13:5a]

RSSI: -77 [da:ee:aa:ff:12:1b]

RSSI: -76 [da:ee:aa:ff:12:1b]

RSSI: -66 [da:ee:aa:ff:13:6a]

RSSI: -76 [da:ee:aa:ff:12:1b]

RSSI: -87 [da:ee:aa:ff:03:bc]

RSSI: -86 [da:ee:aa:ff:03:bc]

RSSI: -85 [da:ee:aa:ff:03:ec]

RSSI: -84 [da:ee:aa:ff:03:ec]

RSSI: -68 [da:ee:aa:ff:13:ba]

RSSI: -85 [da:ee:aa:ff:03:ec]

RSSI: -79 [da:ee:aa:ff:12:6b]

RSSI: -69 [da:ee:aa:ff:13:ba]

RSSI: -86 [da:ee:aa:ff:03:ec]

RSSI: -80 [da:ee:aa:ff:12:6b]

RSSI: -68 [da:ee:aa:ff:13:ba]

RSSI: -86 [da:ee:aa:ff:03:ec]

RSSI: -80 [da:ee:aa:ff:12:6b]

RSSI: -66 [da:ee:aa:ff:13:da]

RSSI: -76 [da:ee:aa:ff:12:8b]

RSSI: -66 [da:ee:aa:ff:13:da]

RSSI: -77 [da:ee:aa:ff:12:8b]

RSSI: -66 [da:ee:aa:ff:13:da]

RSSI: -77 [da:ee:aa:ff:12:8b]

RSSI: -79 [da:ee:aa:ff:12:8b]

RSSI: -53 [da:ee:aa:ff:13:ea]

RSSI: -75 [da:ee:aa:ff:12:cb]

RSSI: -76 [da:ee:aa:ff:12:cb]

RSSI: -87 [da:ee:aa:ff:04:2c]

RSSI: -76 [da:ee:aa:ff:12:cb]

RSSI: -71 [da:ee:aa:ff:13:fa]

RSSI: -86 [da:ee:aa:ff:04:2c]

RSSI: -76 [da:ee:aa:ff:12:cb]

RSSI: -80 [da:ee:aa:ff:12:eb]

RSSI: -72 [da:ee:aa:ff:14:1a]

RSSI: -80 [da:ee:aa:ff:12:eb]

RSSI: -71 [da:ee:aa:ff:14:1a]

RSSI: -71 [da:ee:aa:ff:14:1a]

RSSI: -76 [da:ee:aa:ff:13:1b]

RSSI: -66 [da:ee:aa:ff:14:3a]

RSSI: -76 [da:ee:aa:ff:13:1b]

RSSI: -66 [da:ee:aa:ff:14:3a]

RSSI: -76 [da:ee:aa:ff:13:1b]

RSSI: -66 [da:ee:aa:ff:14:3a]

RSSI: -76 [da:ee:aa:ff:13:1b]

RSSI: -77 [da:ee:aa:ff:13:1b]

RSSI: -71 [da:ee:aa:ff:14:6a]

RSSI: -75 [da:ee:aa:ff:13:3b]

RSSI: -71 [da:ee:aa:ff:14:6a]

RSSI: -76 [da:ee:aa:ff:13:3b]

RSSI: -71 [da:ee:aa:ff:14:6a]

RSSI: -71 [da:ee:aa:ff:14:6a]

RSSI: -71 [da:ee:aa:ff:14:6a]

RSSI: -86 [da:ee:aa:ff:04:9c]

RSSI: -67 [da:ee:aa:ff:13:6b]

RSSI: -86 [da:ee:aa:ff:04:bc]

RSSI: -68 [da:ee:aa:ff:14:aa]

RSSI: -86 [da:ee:aa:ff:04:cc]

RSSI: -67 [da:ee:aa:ff:14:aa]

RSSI: -66 [da:ee:aa:ff:14:aa]

RSSI: -86 [da:ee:aa:ff:04:cc]

RSSI: -67 [da:ee:aa:ff:14:aa]

RSSI: -86 [da:ee:aa:ff:04:cc]

RSSI: -76 [da:ee:aa:ff:13:ab]

RSSI: -87 [da:ee:aa:ff:04:cc]

RSSI: -76 [da:ee:aa:ff:13:cb]

RSSI: -86 [da:ee:aa:ff:04:fc]

RSSI: -76 [da:ee:aa:ff:13:cb]

RSSI: -87 [da:ee:aa:ff:04:fc]

RSSI: -76 [da:ee:aa:ff:13:cb]

RSSI: -76 [da:ee:aa:ff:13:cb]

RSSI: -80 [da:ee:aa:ff:13:eb]

RSSI: -86 [da:ee:aa:ff:05:0c]

RSSI: -86 [da:ee:aa:ff:05:0c]

RSSI: -70 [da:ee:aa:ff:14:fa]

RSSI: -86 [da:ee:aa:ff:05:0c]

RSSI: -70 [da:ee:aa:ff:14:fa]

RSSI: -79 [da:ee:aa:ff:14:0b]

RSSI: -70 [da:ee:aa:ff:14:fa]

RSSI: -66 [da:ee:aa:ff:15:0a]

RSSI: -66 [da:ee:aa:ff:15:0a]

RSSI: -76 [da:ee:aa:ff:14:2b]

RSSI: -66 [da:ee:aa:ff:15:0a]

RSSI: -76 [da:ee:aa:ff:14:2b]

RSSI: -66 [da:ee:aa:ff:15:0a]

RSSI: -86 [da:ee:aa:ff:05:2c]

RSSI: -76 [da:ee:aa:ff:14:2b]

RSSI: -75 [da:ee:aa:ff:14:4b]

RSSI: -71 [da:ee:aa:ff:15:3a]

RSSI: -75 [da:ee:aa:ff:14:4b]

RSSI: -72 [da:ee:aa:ff:15:3a]

RSSI: -71 [da:ee:aa:ff:15:3a]

RSSI: -76 [da:ee:aa:ff:14:6b]

RSSI: -71 [da:ee:aa:ff:15:3a]

RSSI: -76 [da:ee:aa:ff:14:6b]

RSSI: -71 [da:ee:aa:ff:15:3a]

RSSI: -71 [da:ee:aa:ff:15:4a]

RSSI: -85 [da:ee:aa:ff:05:7c]

RSSI: -80 [da:ee:aa:ff:14:7b]

RSSI: -85 [da:ee:aa:ff:05:7c]

RSSI: -79 [da:ee:aa:ff:14:7b]

RSSI: -86 [da:ee:aa:ff:05:7c]

RSSI: -71 [da:ee:aa:ff:15:5a]

RSSI: -79 [da:ee:aa:ff:14:7b]

RSSI: -85 [da:ee:aa:ff:05:7c]

RSSI: -71 [da:ee:aa:ff:15:5a]

RSSI: -79 [da:ee:aa:ff:14:7b]

RSSI: -86 [da:ee:aa:ff:05:7c]

RSSI: -67 [da:ee:aa:ff:14:9b]

RSSI: -65 [da:ee:aa:ff:15:6a]

RSSI: -65 [da:ee:aa:ff:15:6a]

RSSI: -68 [da:ee:aa:ff:14:bb]

RSSI: -65 [da:ee:aa:ff:15:6a]

RSSI: -74 [da:ee:aa:ff:14:bb]

RSSI: -65 [da:ee:aa:ff:15:6a]

RSSI: -72 [da:ee:aa:ff:15:8a]

RSSI: -84 [da:ee:aa:ff:05:cc]

RSSI: -72 [da:ee:aa:ff:15:8a]

RSSI: -85 [da:ee:aa:ff:05:cc]

RSSI: -72 [da:ee:aa:ff:15:8a]

RSSI: -72 [da:ee:aa:ff:15:8a]

RSSI: -84 [da:ee:aa:ff:05:cc]

RSSI: -72 [da:ee:aa: