

Initialized RTC: 0x01Dev config complete
SCAN START
RSSI: -53 [da:ee:aa:ff:08:0a]

RSSI: -66 [da:ee:aa:ff:07:3b]

RSSI: -81 [da:ee:aa:ff:12:cc]

RSSI: -67 [da:ee:aa:ff:07:4b]

RSSI: -51 [da:ee:aa:ff:08:3a]

RSSI: -87 [da:ee:aa:ff:12:ec]

RSSI: -51 [da:ee:aa:ff:08:4a]

RSSI: -69 [da:ee:aa:ff:07:8b]

RSSI: -81 [da:ee:aa:ff:12:fc]

RSSI: -38 [da:ee:aa:ff:08:5a]

RSSI: -53 [da:ee:aa:ff:08:7a]

RSSI: -73 [da:ee:aa:ff:07:ab]

RSSI: -53 [da:ee:aa:ff:08:7a]

RSSI: -81 [da:ee:aa:ff:13:2c]

RSSI: -73 [da:ee:aa:ff:07:ab]

RSSI: -53 [da:ee:aa:ff:08:7a]

RSSI: -81 [da:ee:aa:ff:13:2c]

RSSI: -53 [da:ee:aa:ff:08:7a]

RSSI: -72 [da:ee:aa:ff:07:cb]

RSSI: -72 [da:ee:aa:ff:07:cb]

RSSI: -71 [da:ee:aa:ff:07:eb]

RSSI: -51 [da:ee:aa:ff:08:aa]

RSSI: -69 [da:ee:aa:ff:07:eb]

RSSI: -51 [da:ee:aa:ff:08:aa]

RSSI: -70 [da:ee:aa:ff:07:eb]

RSSI: -51 [da:ee:aa:ff:08:aa]

RSSI: -70 [da:ee:aa:ff:07:eb]

RSSI: -51 [da:ee:aa:ff:08:aa]

RSSI: -70 [da:ee:aa:ff:07:eb]

RSSI: -51 [da:ee:aa:ff:08:aa]

RSSI: -82 [da:ee:aa:ff:13:6c]

RSSI: -69 [da:ee:aa:ff:07:fb]

RSSI: -80 [da:ee:aa:ff:13:6c]

RSSI: -81 [da:ee:aa:ff:13:6c]

RSSI: -51 [da:ee:aa:ff:08:ea]

RSSI: -81 [da:ee:aa:ff:13:6c]

RSSI: -69 [da:ee:aa:ff:08:0b]

RSSI: -50 [da:ee:aa:ff:08:ea]

RSSI: -81 [da:ee:aa:ff:13:6c]

RSSI: -51 [da:ee:aa:ff:08:ea]

RSSI: -53 [da:ee:aa:ff:08:fa]

RSSI: -72 [da:ee:aa:ff:08:2b]

RSSI: -53 [da:ee:aa:ff:08:fa]

RSSI: -72 [da:ee:aa:ff:08:2b]

RSSI: -53 [da:ee:aa:ff:08:fa]

RSSI: -72 [da:ee:aa:ff:08:2b]

RSSI: -53 [da:ee:aa:ff:08:fa]

RSSI: -73 [da:ee:aa:ff:08:2b]

RSSI: -53 [da:ee:aa:ff:09:1a]

RSSI: -51 [da:ee:aa:ff:09:2a]

RSSI: -52 [da:ee:aa:ff:09:2a]

RSSI: -53 [da:ee:aa:ff:08:5b]

RSSI: -52 [da:ee:aa:ff:09:2a]

RSSI: -70 [da:ee:aa:ff:08:5b]

RSSI: -52 [da:ee:aa:ff:09:2a]

RSSI: -60 [da:ee:aa:ff:08:7b]

RSSI: -80 [da:ee:aa:ff:13:bc]

RSSI: -65 [da:ee:aa:ff:08:7b]

RSSI: -80 [da:ee:aa:ff:13:bc]

RSSI: -50 [da:ee:aa:ff:09:5a]

RSSI: -72 [da:ee:aa:ff:08:bb]

RSSI: -81 [da:ee:aa:ff:13:dc]

RSSI: -41 [da:ee:aa:ff:09:6a]

RSSI: -73 [da:ee:aa:ff:08:bb]

RSSI: -53 [da:ee:aa:ff:09:6a]

RSSI: -81 [da:ee:aa:ff:13:ec]

RSSI: -52 [da:ee:aa:ff:09:8a]

RSSI: -70 [da:ee:aa:ff:08:cb]

RSSI: -52 [da:ee:aa:ff:09:8a]

RSSI: -70 [da:ee:aa:ff:08:cb]

RSSI: -52 [da:ee:aa:ff:09:8a]

RSSI: -70 [da:ee:aa:ff:08:cb]

RSSI: -52 [da:ee:aa:ff:09:8a]

RSSI: -51 [da:ee:aa:ff:09:8a]

RSSI: -81 [da:ee:aa:ff:14:2c]

RSSI: -69 [da:ee:aa:ff:09:0b]

RSSI: -81 [da:ee:aa:ff:14:2c]

RSSI: -69 [da:ee:aa:ff:09:0b]

RSSI: -51 [da:ee:aa:ff:09:ba]

RSSI: -80 [da:ee:aa:ff:14:2c]

RSSI: -69 [da:ee:aa:ff:09:0b]

RSSI: -51 [da:ee:aa:ff:09:ba]

RSSI: -80 [da:ee:aa:ff:14:2c]

RSSI: -69 [da:ee:aa:ff:09:0b]

RSSI: -51 [da:ee:aa:ff:09:ba]

RSSI: -81 [da:ee:aa:ff:14:2c]

RSSI: -53 [da:ee:aa:ff:09:ca]

RSSI: -72 [da:ee:aa:ff:09:2b]

RSSI: -53 [da:ee:aa:ff:09:ca]

RSSI: -53 [da:ee:aa:ff:09:ca]

RSSI: -72 [da:ee:aa:ff:09:3b]

RSSI: -53 [da:ee:aa:ff:09:da]

RSSI: -82 [da:ee:aa:ff:14:4c]

RSSI: -70 [da:ee:aa:ff:09:5b]

RSSI: -51 [da:ee:aa:ff:09:ea]

RSSI: -70 [da:ee:aa:ff:09:5b]

RSSI: -51 [da:ee:aa:ff:09:ea]

RSSI: -66 [da:ee:aa:ff:14:6c]

RSSI: -70 [da:ee:aa:ff:09:5b]

RSSI: -51 [da:ee:aa:ff:09:ea]

RSSI: -81 [da:ee:aa:ff:14:6c]

RSSI: -71 [da:ee:aa:ff:09:5b]

RSSI: -51 [da:ee:aa:ff:09:ea]

RSSI: -76 [da:ee:aa:ff:14:6c]

RSSI: -70 [da:ee:aa:ff:09:5b]

RSSI: -69 [da:ee:aa:ff:09:7b]

RSSI: -81 [da:ee:aa:ff:14:9c]

RSSI: -51 [da:ee:aa:ff:0a:0a]

RSSI: -65 [da:ee:aa:ff:09:8b]

RSSI: -51 [da:ee:aa:ff:0a:0a]

RSSI: -68 [da:ee:aa:ff:09:ab]

RSSI: -82 [da:ee:aa:ff:14:bc]

RSSI: -83 [da:ee:aa:ff:14:bc]

RSSI: -83 [da:ee:aa:ff:14:bc]

RSSI: -72 [da:ee:aa:ff:09:ab]

RSSI: -54 [da:ee:aa:ff:0a:3a]

RSSI: -81 [da:ee:aa:ff:14:cc]

RSSI: -80 [da:ee:aa:ff:14:ec]

RSSI: -79 [da:ee:aa:ff:14:ec]

RSSI: -80 [da:ee:aa:ff:14:ec]

RSSI: -51 [da:ee:aa:ff:0a:4a]

RSSI: -79 [da:ee:aa:ff:14:ec]

RSSI: -51 [da:ee:aa:ff:0a:4a]

RSSI: -80 [da:ee:aa:ff:14:ec]

RSSI: -53 [da:ee:aa:ff:0a:9a]

RSSI: -81 [da:ee:aa:ff:15:1c]

RSSI: -72 [da:ee:aa:ff:0a:2b]

RSSI: -53 [da:ee:aa:ff:0a:9a]

RSSI: -81 [da:ee:aa:ff:15:1c]

RSSI: -72 [da:ee:aa:ff:0a:2b]

RSSI: -53 [da:ee:aa:ff:0a:9a]

RSSI: -82 [da:ee:aa:ff:15:1c]

RSSI: -72 [da:ee:aa:ff:0a:2b]

RSSI: -81 [da:ee:aa:ff:15:1c]

RSSI: -79 [da:ee:aa:ff:15:3c]

RSSI: -70 [da:ee:aa:ff:0a:4b]

RSSI: -51 [da:ee:aa:ff:0a:ba]

RSSI: -79 [da:ee:aa:ff:15:3c]

RSSI: -71 [da:ee:aa:ff:0a:4b]

RSSI: -51 [da:ee:aa:ff:0a:ba]

RSSI: -79 [da:ee:aa:ff:15:3c]

RSSI: -51 [da:ee:aa:ff:0a:ba]

RSSI: -69 [da:ee:aa:ff:0a:7b]

RSSI: -69 [da:ee:aa:ff:0a:7b]

RSSI: -74 [da:ee:aa:ff:0a:7b]

RSSI: -82 [da:ee:aa:ff:0a:7b]

RSSI: -75 [da:ee:aa:ff:0a:7b]

RSSI: -72 [da:ee:aa:ff:0a:9b]

RSSI: -53 [da:ee:aa:ff:0a:fa]

RSSI: -81 [da:ee:aa:ff:15:6c]

RSSI: -72 [da:ee:aa:ff:0a:9b]

RSSI: -53 [da:ee:aa:ff:0a:fa]

RSSI: -72 [da:ee:aa:ff:0a:9b]

RSSI: -53 [da:ee:aa:ff:0a:fa]

RSSI: -82 [da:ee:aa:ff:15:6c]

RSSI: -81 [da:ee:aa:ff:15:6c]

RSSI: -71 [da:ee:aa:ff:0a:bb]

RSSI: -53 [da:ee:aa:ff:0b:1a]

RSSI: -81 [da:ee:aa:ff:15:6c]

RSSI: -61 [da:ee:aa:ff:0a:cb]

RSSI: -81 [da:ee:aa:ff:15:9c]

RSSI: -53 [da:ee:aa:ff:0a:cb]

RSSI: -37 [da:ee:aa:ff:0b:2a]

RSSI: -80 [da:ee:aa:ff:15:9c]

RSSI: -70 [da:ee:aa:ff:0a:cb]

RSSI: -80 [da:ee:aa:ff:15:ac]

RSSI: -69 [da:ee:aa:ff:0a:db]

RSSI: -80 [da:ee:aa:ff:15:ac]

RSSI: -50 [da:ee:aa:ff:0b:5a]

RSSI: -81 [da:ee:aa:ff:15:ac]

RSSI: -50 [da:ee:aa:ff:0b:5a]

RSSI: -69 [da:ee:aa:ff:0a:fb]

RSSI: -50 [da:ee:aa:ff:0b:5a]

RSSI: -69 [da:ee:aa:ff:0a:fb]

RSSI: -51 [da:ee:aa:ff:0b:5a]

RSSI: -72 [da:ee:aa:ff:0b:0b]

RSSI: -53 [da:ee:aa:ff:0b:7a]

RSSI: -82 [da:ee:aa:ff:15:ec]

RSSI: -72 [da:ee:aa:ff:0b:0b]

RSSI: -53 [da:ee:aa:ff:0b:7a]

RSSI: -82 [da:ee:aa:ff:15:ec]

RSSI: -72 [da:ee:aa:ff:0b:0b]

RSSI: -53 [da:ee:aa:ff:0b:7a]

RSSI: -82 [da:ee:aa:ff:15:ec]

RSSI: -72 [da:ee:aa:ff:0b:0b]

RSSI: -82 [da:ee:aa:ff:15:ec]

RSSI: -53 [da:ee:aa:ff:0b:9a]

RSSI: -72 [da:ee:aa:ff:0b:0b]

RSSI: -82 [da:ee:aa:ff:15:ec]

RSSI: -51 [da:ee:aa:ff:0b:aa]

RSSI: -51 [da:ee:aa:ff:0b:aa]

RSSI: -80 [da:ee:aa:ff:16:1c]

RSSI: -70 [da:ee:aa:ff:0b:4b]

RSSI: -51 [da:ee:aa:ff:0b:aa]

RSSI: -80 [da:ee:aa:ff:16:1c]

RSSI: -70 [da:ee:aa:ff:0b:4b]

RSSI: -51 [da:ee:aa:ff:0b:aa]

RSSI: -79 [da:ee:aa:ff:16:1c]

RSSI: -79 [da:ee:aa:ff:16:3c]

RSSI: -69 [da:ee:aa:ff:0b:5b]

RSSI: -80 [da:ee:aa:ff:16:3c]

RSSI: -51 [da:ee:aa:ff:0b:da]

RSSI: -81 [da:ee:aa:ff:16:3c]

RSSI: -50 [da:ee:aa:ff:0b:da]

RSSI: -81 [da:ee:aa:ff:16:3c]

RSSI: -51 [da:ee:aa:ff:0b:da]

RSSI: -50 [da:ee:aa:ff:0b:da]

RSSI: -53 [da:ee:aa:ff:0b:ea]

RSSI: -72 [da:ee:aa:ff:0b:9b]

RSSI: -53 [da:ee:aa:ff:0b:ea]

RSSI: -73 [da:ee:aa:ff:0b:9b]

RSSI: -67 [da:ee:aa:ff:16:6c]

RSSI: -53 [da:ee:aa:ff:0b:ea]

RSSI: -72 [da:ee:aa:ff:0b:9b]

RSSI: -72 [da:ee:aa:ff:0b:9b]

RSSI: -72 [da:ee:aa:ff:0b:9b]

RSSI: -51 [da:ee:aa:ff:0c:1a]

RSSI: -50 [da:ee:aa:ff:0c:1a]

RSSI: -51 [da:ee:aa:ff:0c:1a]

RSSI: -51 [da:ee:aa:ff:0c:1a]

RSSI: -51 [da:ee:aa:ff:0c:1a]

RSSI: -79 [da:ee:aa:ff:00:1c]

RSSI: -80 [da:ee:aa:ff:00:2c]

RSSI: -68 [da:ee:aa:ff:0b:eb]

RSSI: -80 [da:ee:aa:ff:00:2c]

RSSI: -88 [da:ee:aa:ff:00:2c]

RSSI: -53 [da:ee:aa:ff:0c:5a]

RSSI: -53 [da:ee:aa:ff:0c:5a]

RSSI: -81 [da:ee:aa:ff:00:4c]

RSSI: -53 [da:ee:aa:ff:0c:5a]

RSSI: -81 [da:ee:aa:ff:00:4c]

RSSI: -72 [da:ee:aa:ff:0c:2b]

RSSI: -53 [da:ee:aa:ff:0c:7a]

RSSI: -72 [da:ee:aa:ff:0c:2b]

RSSI: -70 [da:ee:aa:ff:0c:4b]

RSSI: -51 [da:ee:aa:ff:0c:8a]

RSSI: -79 [da:ee:aa:ff:00:5c]

RSSI: -70 [da:ee:aa:ff:0c:4b]

RSSI: -51 [da:ee:aa:ff:0c:8a]

RSSI: -79 [da:ee:aa:ff:00:5c]

RSSI: -70 [da:ee:aa:ff:0c:4b]

RSSI: -51 [da:ee:aa:ff:0c:8a]

RSSI: -79 [da:ee:aa:ff:00:5c]

RSSI: -70 [da:ee:aa:ff:0c:4b]

RSSI: -51 [da:ee:aa:ff:0c:8a]

RSSI: -70 [da:ee:aa:ff:0c:4b]

RSSI: -51 [da:ee:aa:ff:0c:8a]

RSSI: -79 [da:ee:aa:ff:00:7c]

RSSI: -81 [da:ee:aa:ff:00:9c]

RSSI: -69 [da:ee:aa:ff:0c:6b]

RSSI: -81 [da:ee:aa:ff:00:9c]

RSSI: -50 [da:ee:aa:ff:0c:aa]

RSSI: -82 [da:ee:aa:ff:00:9c]

RSSI: -51 [da:ee:aa:ff:0c:aa]

RSSI: -81 [da:ee:aa:ff:00:9c]

RSSI: -50 [da:ee:aa:ff:0c:aa]

RSSI: -51 [da:ee:aa:ff:0c:aa]

RSSI: -82 [da:ee:aa:ff:00:ac]

RSSI: -72 [da:ee:aa:ff:0c:ab]

RSSI: -53 [da:ee:aa:ff:0c:ba]

RSSI: -53 [da:ee:aa:ff:0c:ba]

RSSI: -53 [da:ee:aa:ff:0c:ca]

RSSI: -53 [da:ee:aa:ff:0c:ca]

RSSI: -51 [da:ee:aa:ff:0c:da]

RSSI: -81 [da:ee:aa:ff:00:ec]

RSSI: -51 [da:ee:aa:ff:0c:da]

RSSI: -80 [da:ee:aa:ff:00:ec]

RSSI: -70 [da:ee:aa:ff:0c:db]

RSSI: -51 [da:ee:aa:ff:0c:da]

RSSI: -80 [da:ee:aa:ff:00:ec]

RSSI: -70 [da:ee:aa:ff:0c:db]

RSSI: -51 [da:ee:aa:ff:0c:da]

RSSI: -79 [da:ee:aa:ff:00:ec]

RSSI: -70 [da:ee:aa:ff:0c:db]

RSSI: -51 [da:ee:aa:ff:0c:da]

RSSI: -83 [da:ee:aa:ff:01:0c]

RSSI: -69 [da:ee:aa:ff:0c:fb]

RSSI: -73 [da:ee:aa:ff:0d:2b]

RSSI: -53 [da:ee:aa:ff:0d:0a]

RSSI: -55 [da:ee:aa:ff:0d:2b]

RSSI: -53 [da:ee:aa:ff:0d:0a]

RSSI: -55 [da:ee:aa:ff:0d:2b]

RSSI: -73 [da:ee:aa:ff:0d:2b]

RSSI: -53 [da:ee:aa:ff:0d:1a]

RSSI: -82 [da:ee:aa:ff:01:3c]

RSSI: -72 [da:ee:aa:ff:0d:2b]

RSSI: -53 [da:ee:aa:ff:0d:1a]

RSSI: -70 [da:ee:aa:ff:0d:4b]

RSSI: -51 [da:ee:aa:ff:0d:2a]

RSSI: -79 [da:ee:aa:ff:01:4c]

RSSI: -70 [da:ee:aa:ff:0d:4b]

RSSI: -51 [da:ee:aa:ff:0d:2a]

RSSI: -70 [da:ee:aa:ff:0d:4b]

RSSI: -51 [da:ee:aa:ff:0d:2a]

RSSI: -79 [da:ee:aa:ff:01:4c]

RSSI: -70 [da:ee:aa:ff:0d:4b]

RSSI: -51 [da:ee:aa:ff:0d:2a]

RSSI: -79 [da:ee:aa:ff:01:4c]

RSSI: -51 [da:ee:aa:ff:0d:2a]

RSSI: -79 [da:ee:aa:ff:01:4c]

RSSI: -69 [da:ee:aa:ff:0d:7b]

RSSI: -69 [da:ee:aa:ff:0d:7b]

RSSI: -51 [da:ee:aa:ff:0d:5a]

RSSI: -81 [da:ee:aa:ff:01:6c]

RSSI: -69 [da:ee:aa:ff:0d:7b]

RSSI: -51 [da:ee:aa:ff:0d:5a]

RSSI: -82 [da:ee:aa:ff:01:6c]

RSSI: -69 [da:ee:aa:ff:0d:7b]

RSSI: -51 [da:ee:aa:ff:0d:5a]

RSSI: -81 [da:ee:aa:ff:01:6c]

RSSI: -69 [da:ee:aa:ff:0d:7b]

RSSI: -51 [da:ee:aa:ff:0d:5a]

RSSI: -81 [da:ee:aa:ff:01:6c]

RSSI: -81 [da:ee:aa:ff:01:8c]

RSSI: -72 [da:ee:aa:ff:0d:9b]

RSSI: -53 [da:ee:aa:ff:0d:7a]

RSSI: -72 [da:ee:aa:ff:0d:9b]

RSSI: -53 [da:ee:aa:ff:0d:7a]

RSSI: -72 [da:ee:aa:ff:0d:9b]

RSSI: -82 [da:ee:aa:ff:01:9c]

RSSI: -53 [da:ee:aa:ff:0d:8a]

RSSI: -77 [da:ee:aa:ff:01:bc]

RSSI: -52 [da:ee:aa:ff:0d:9a]

RSSI: -52 [da:ee:aa:ff:0d:9a]

RSSI: -72 [da:ee:aa:ff:01:bc]

RSSI: -52 [da:ee:aa:ff:0d:9a]

RSSI: -75 [da:ee:aa:ff:01:bc]

RSSI: -52 [da:ee:aa:ff:0d:9a]

RSSI: -79 [da:ee:aa:ff:01:bc]

RSSI: -52 [da:ee:aa:ff:0d:9a]

RSSI: -69 [da:ee:aa:ff:0d:fb]

RSSI: -51 [da:ee:aa:ff:0d:ca]

RSSI: -69 [da:ee:aa:ff:0d:fb]

RSSI: -51 [da:ee:aa:ff:0d:ca]

RSSI: -51 [da:ee:aa:ff:0d:ca]

RSSI: -80 [da:ee:aa:ff:01:ec]

RSSI: -51 [da:ee:aa:ff:0d:ca]

RSSI: -80 [da:ee:aa:ff:01:ec]

RSSI: -82 [da:ee:aa:ff:01:fc]

RSSI: -50 [da:ee:aa:ff:0d:da]

RSSI: -81 [da:ee:aa:ff:01:fc]

RSSI: -40 [da:ee:aa:ff:0d:da]

RSSI: -81 [da:ee:aa:ff:01:fc]

RSSI: -72 [da:ee:aa:ff:0e:3b]

RSSI: -72 [da:ee:aa:ff:0e:3b]

RSSI: -79 [da:ee:aa:ff:02:2c]

RSSI: -52 [da:ee:aa:ff:0e:1a]

RSSI: -63 [da:ee:aa:ff:0e:4b]

RSSI: -79 [da:ee:aa:ff:02:2c]

RSSI: -52 [da:ee:aa:ff:0e:1a]

RSSI: -67 [da:ee:aa:ff:0e:4b]

RSSI: -79 [da:ee:aa:ff:02:2c]

RSSI: -52 [da:ee:aa:ff:0e:1a]

RSSI: -70 [da:ee:aa:ff:0e:4b]

RSSI: -79 [da:ee:aa:ff:02:2c]

RSSI: -52 [da:ee:aa:ff:0e:1a]

RSSI: -79 [da:ee:aa:ff:02:2c]

RSSI: -52 [da:ee:aa:ff:0e:1a]

RSSI: -80 [da:ee:aa:ff:02:3c]

RSSI: -69 [da:ee:aa:ff:0e:8b]

RSSI: -80 [da:ee:aa:ff:02:3c]

RSSI: -50 [da:ee:aa:ff:0e:4a]

RSSI: -69 [da:ee:aa:ff:0e:8b]

RSSI: -50 [da:ee:aa:ff:0e:4a]

RSSI: -69 [da:ee:aa:ff:0e:8b]

RSSI: -50 [da:ee:aa:ff:0e:4a]

RSSI: -69 [da:ee:aa:ff:0e:8b]

RSSI: -80 [da:ee:aa:ff:02:4c]

RSSI: -50 [da:ee:aa:ff:0e:4a]

RSSI: -69 [da:ee:aa:ff:0e:8b]

RSSI: -81 [da:ee:aa:ff:02:4c]

RSSI: -73 [da:ee:aa:ff:0e:9b]

RSSI: -81 [da:ee:aa:ff:02:5c]

RSSI: -53 [da:ee:aa:ff:0e:5a]

RSSI: -81 [da:ee:aa:ff:02:5c]

RSSI: -53 [da:ee:aa:ff:0e:5a]

RSSI: -53 [da:ee:aa:ff:0e:6a]

RSSI: -72 [da:ee:aa:ff:0e:bb]

RSSI: -81 [da:ee:aa:ff:02:5c]

RSSI: -51 [da:ee:aa:ff:0e:7a]

RSSI: -70 [da:ee:aa:ff:0e:db]

RSSI: -51 [da:ee:aa:ff:0e:7a]

RSSI: -70 [da:ee:aa:ff:0e:db]

RSSI: -51 [da:ee:aa:ff:0e:7a]

RSSI: -70 [da:ee:aa:ff:0e:db]

RSSI: -51 [da:ee:aa:ff:0e:7a]

RSSI: -70 [da:ee:aa:ff:0e:db]

RSSI: -51 [da:ee:aa:ff:0e:7a]

RSSI: -70 [da:ee:aa:ff:0e:db]

RSSI: -80 [da:ee:aa:ff:02:8c]

RSSI: -51 [da:ee:aa:ff:0e:aa]

RSSI: -74 [da:ee:aa:ff:02:8c]

RSSI: -51 [da:ee:aa:ff:0e:aa]

RSSI: -51 [da:ee:aa:ff:0e:aa]

RSSI: -69 [da:ee:aa:ff:0f:1b]

RSSI: -51 [da:ee:aa:ff:0e:aa]

RSSI: -69 [da:ee:aa:ff:0f:1b]

RSSI: -81 [da:ee:aa:ff:02:ac]

RSSI: -53 [da:ee:aa:ff:0e:ba]

RSSI: -73 [da:ee:aa:ff:0f:3b]

RSSI: -82 [da:ee:aa:ff:02:ac]

RSSI: -53 [da:ee:aa:ff:0e:ba]

RSSI: -72 [da:ee:aa:ff:0f:3b]

RSSI: -81 [da:ee:aa:ff:02:ac]

RSSI: -72 [da:ee:aa:ff:0f:3b]

RSSI: -73 [da:ee:aa:ff:0f:3b]

RSSI: -40 [da:ee:aa:ff:0e:ea]

RSSI: -79 [da:ee:aa:ff:02:cc]

RSSI: -39 [da:ee:aa:ff:0e:ea]

RSSI: -78 [da:ee:aa:ff:02:ec]

RSSI: -71 [da:ee:aa:ff:0f:6b]

RSSI: -80 [da:ee:aa:ff:02:ec]

RSSI: -52 [da:ee:aa:ff:0e:ea]

RSSI: -80 [da:ee:aa:ff:02:ec]

RSSI: -51 [da:ee:aa:ff:0f:7b]

RSSI: -81 [da:ee:aa:ff:02:fc]

RSSI: -50 [da:ee:aa:ff:0f:1a]

RSSI: -60 [da:ee:aa:ff:0f:7b]

RSSI: -81 [da:ee:aa:ff:02:fc]

RSSI: -50 [da:ee:aa:ff:0f:1a]

RSSI: -54 [da:ee:aa:ff:0f:7b]

RSSI: -80 [da:ee:aa:ff:02:fc]

RSSI: -50 [da:ee:aa:ff:0f:1a]

RSSI: -68 [da:ee:aa:ff:0f:7b]

RSSI: -81 [da:ee:aa:ff:02:fc]

RSSI: -50 [da:ee:aa:ff:0f:1a]

RSSI: -54 [da:ee:aa:ff:0f:2a]

RSSI: -82 [da:ee:aa:ff:03:3c]

RSSI: -54 [da:ee:aa:ff:0f:2a]

RSSI: -81 [da:ee:aa:ff:03:3c]

RSSI: -72 [da:ee:aa:ff:0f:ab]

RSSI: -54 [da:ee:aa:ff:0f:3a]

RSSI: -72 [da:ee:aa:ff:0f:ab]

RSSI: -54 [da:ee:aa:ff:0f:3a]

RSSI: -52 [da:ee:aa:ff:0f:5a]

RSSI: -70 [da:ee:aa:ff:0f:cb]

RSSI: -79 [da:ee:aa:ff:03:5c]

RSSI: -52 [da:ee:aa:ff:0f:5a]

RSSI: -71 [da:ee:aa:ff:0f:cb]

RSSI: -79 [da:ee:aa:ff:03:5c]

RSSI: -51 [da:ee:aa:ff:0f:5a]

RSSI: -70 [da:ee:aa:ff:0f:cb]

RSSI: -79 [da:ee:aa:ff:03:6c]

RSSI: -52 [da:ee:aa:ff:0f:5a]

RSSI: -80 [da:ee:aa:ff:03:6c]

RSSI: -82 [da:ee:aa:ff:03:7c]

RSSI: -51 [da:ee:aa:ff:0f:7a]

RSSI: -51 [da:ee:aa:ff:0f:7a]

RSSI: -80 [da:ee:aa:ff:03:7c]

RSSI: -51 [da:ee:aa:ff:0f:7a]

RSSI: -81 [da:ee:aa:ff:03:7c]

RSSI: -51 [da:ee:aa:ff:0f:7a]

RSSI: -82 [da:ee:aa:ff:03:7c]

RSSI: -54 [da:ee:aa:ff:0f:8a]

RSSI: -54 [da:ee:aa:ff:0f:8a]

RSSI: -53 [da:ee:aa:ff:0f:aa]

RSSI: -72 [da:ee:aa:ff:10:3b]

RSSI: -54 [da:ee:aa:ff:0f:aa]

RSSI: -72 [da:ee:aa:ff:10:3b]

RSSI: -70 [da:ee:aa:ff:10:4b]

RSSI: -70 [da:ee:aa:ff:10:4b]

RSSI: -71 [da:ee:aa:ff:10:4b]

RSSI: -51 [da:ee:aa:ff:0f:ba]

RSSI: -70 [da:ee:aa:ff:10:4b]

RSSI: -79 [da:ee:aa:ff:03:ec]

RSSI: -82 [da:ee:aa:ff:03:fc]

RSSI: -69 [da:ee:aa:ff:10:6b]

RSSI: -51 [da:ee:aa:ff:0f:ea]

RSSI: -82 [da:ee:aa:ff:03:fc]

RSSI: -51 [da:ee:aa:ff:0f:ea]

RSSI: -82 [da:ee:aa:ff:03:fc]

RSSI: -51 [da:ee:aa:ff:0f:ea]

RSSI: -51 [da:ee:aa:ff:0f:ea]

RSSI: -82 [da:ee:aa:ff:04:0c]

RSSI: -54 [da:ee:aa:ff:0f:fa]

RSSI: -55 [da:ee:aa:ff:10:8b]

RSSI: -53 [da:ee:aa:ff:0f:fa]

RSSI: -54 [da:ee:aa:ff:10:8b]

RSSI: -82 [da:ee:aa:ff:04:1c]

RSSI: -54 [da:ee:aa:ff:10:1a]

RSSI: -67 [da:ee:aa:ff:10:8b]

RSSI: -82 [da:ee:aa:ff:04:1c]

RSSI: -54 [da:ee:aa:ff:10:1a]

RSSI: -70 [da:ee:aa:ff:10:ab]

RSSI: -80 [da:ee:aa:ff:04:3c]

RSSI: -51 [da:ee:aa:ff:10:2a]

RSSI: -79 [da:ee:aa:ff:04:3c]

RSSI: -51 [da:ee:aa:ff:10:2a]

RSSI: -80 [da:ee:aa:ff:04:3c]

RSSI: -51 [da:ee:aa:ff:10:2a]

RSSI: -79 [da:ee:aa:ff:04:3c]

RSSI: -51 [da:ee:aa:ff:10:2a]

RSSI: -69 [da:ee:aa:ff:10:cb]

RSSI: -51 [da:ee:aa:ff:10:5a]

RSSI: -82 [da:ee:aa:ff:04:6c]

RSSI: -51 [da:ee:aa:ff:10:5a]

RSSI: -82 [da:ee:aa:ff:04:6c]

RSSI: -51 [da:ee:aa:ff:10:5a]

RSSI: -82 [da:ee:aa:ff:04:6c]

RSSI: -51 [da:ee:aa:ff:10:5a]

RSSI: -82 [da:ee:aa:ff:04:6c]

RSSI: -82 [da:ee:aa:ff:04:7c]

RSSI: -73 [da:ee:aa:ff:11:0b]

RSSI: -54 [da:ee:aa:ff:10:8a]

RSSI: -72 [da:ee:aa:ff:11:0b]

RSSI: -54 [da:ee:aa:ff:10:8a]

RSSI: -71 [da:ee:aa:ff:11:1b]

RSSI: -80 [da:ee:aa:ff:04:ac]

RSSI: -71 [da:ee:aa:ff:11:1b]

RSSI: -73 [da:ee:aa:ff:11:1b]

RSSI: -51 [da:ee:aa:ff:10:9a]

RSSI: -70 [da:ee:aa:ff:11:1b]

RSSI: -79 [da:ee:aa:ff:04:ac]

RSSI: -69 [da:ee:aa:ff:11:5b]

RSSI: -70 [da:ee:aa:ff:11:5b]

RSSI: -82 [da:ee:aa:ff:04:ec]

RSSI: -68 [da:ee:aa:ff:11:5b]

RSSI: -83 [da:ee:aa:ff:04:ec]

RSSI: -69 [da:ee:aa:ff:11:5b]

RSSI: -82 [da:ee:aa:ff:05:0c]

RSSI: -53 [da:ee:aa:ff:10:da]

RSSI: -82 [da:ee:aa:ff:05:0c]

RSSI: -53 [da:ee:aa:ff:10:da]

RSSI: -72 [da:ee:aa:ff:11:6b]

RSSI: -82 [da:ee:aa:ff:05:0c]

RSSI: -53 [da:ee:aa:ff:10:fa]

RSSI: -72 [da:ee:aa:ff:11:8b]

RSSI: -73 [da:ee:aa:ff:11:8b]

RSSI: -64 [da:ee:aa:ff:11:ab]

RSSI: -80 [da:ee:aa:ff:05:3c]

RSSI: -51 [da:ee:aa:ff:11:0a]

RSSI: -69 [da:ee:aa:ff:11:ab]

RSSI: -80 [da:ee:aa:ff:05:3c]

RSSI: -51 [da:ee:aa:ff:11:0a]

RSSI: -53 [da:ee:aa:ff:11:ab]

RSSI: -80 [da:ee:aa:ff:05:3c]

RSSI: -51 [da:ee:aa:ff:11:0a]

RSSI: -61 [da:ee:aa:ff:11:ab]

RSSI: -51 [da:ee:aa:ff:11:0a]

RSSI: -53 [da:ee:aa:ff:11:ab]

RSSI: -80 [da:ee:aa:ff:05:3c]

RSSI: -69 [da:ee:aa:ff:11:cb]

RSSI: -80 [da:ee:aa:ff:05:5c]

RSSI: -50 [da:ee:aa:ff:11:2a]

RSSI: -51 [da:ee:aa:ff:11:2a]

RSSI: -80 [da:ee:aa:ff:05:6c]

RSSI: -50 [da:ee:aa:ff:11:2a]

RSSI: -80 [da:ee:aa:ff:05:6c]

RSSI: -51 [da:ee:aa:ff:11:2a]

RSSI: -53 [da:ee:aa:ff:11:3a]

RSSI: -53 [da:ee:aa:ff:11:3a]

RSSI: -82 [da:ee:aa:ff:05:7c]

RSSI: -72 [da:ee:aa:ff:12:0b]

RSSI: -53 [da:ee:aa:ff:11:4a]

RSSI: -72 [da:ee:aa:ff:12:0b]

RSSI: -53 [da:ee:aa:ff:11:4a]

RSSI: -71 [da:ee:aa:ff:12:0b]

RSSI: -51 [da:ee:aa:ff:11:6a]

RSSI: -52 [da:ee:aa:ff:11:6a]

RSSI: -73 [da:ee:aa:ff:05:bc]

RSSI: -51 [da:ee:aa:ff:11:6a]

RSSI: -64 [da:ee:aa:ff:05:bc]

RSSI: -51 [da:ee:aa:ff:11:6a]

RSSI: -65 [da:ee:aa:ff:05:bc]

RSSI: -81 [da:ee:aa:ff:05:dc]

RSSI: -69 [da:ee:aa:ff:12:4b]

RSSI: -36 [da:ee:aa:ff:11:8a]

RSSI: -70 [da:ee:aa:ff:12:4b]

RSSI: -48 [da:ee:aa:ff:11:8a]

RSSI: -70 [da:ee:aa:ff:12:4b]

RSSI: -70 [da:ee:aa:ff:12:4b]

RSSI: -80 [da:ee:aa:ff:05:fc]

RSSI: -83 [da:ee:aa:ff:06:1c]

RSSI: -72 [da:ee:aa:ff:12:8b]

RSSI: -81 [da:ee:aa:ff:06:1c]

RSSI: -53 [da:ee:aa:ff:11:ba]

RSSI: -72 [da:ee:aa:ff:12:8b]

RSSI: -82 [da:ee:aa:ff:06:1c]

RSSI: -53 [da:ee:aa:ff:11:ba]

RSSI: -72 [da:ee:aa:ff:12:8b]

RSSI: -81 [da:ee:aa:ff:06:1c]

RSSI: -51 [da:ee:aa:ff:11:da]

RSSI: -51 [da:ee:aa:ff:11:da]

RSSI: -79 [da:ee:aa:ff:06:4c]

RSSI: -52 [da:ee:aa:ff:11:da]

RSSI: -52 [da:ee:aa:ff:11:da]

RSSI: -79 [da:ee:aa:ff:06:4c]

RSSI: -52 [da:ee:aa:ff:11:da]

RSSI: -79 [da:ee:aa:ff:06:4c]

RSSI: -51 [da:ee:aa:ff:12:1a]

RSSI: -51 [da:ee:aa:ff:12:1a]

RSSI: -51 [da:ee:aa:ff:12:1a]

RSSI: -70 [da:ee:aa:ff:12:cb]

RSSI: -51 [da:ee:aa:ff:12:1a]

RSSI: -52 [da:ee:aa:ff:12:cb]

RSSI: -53 [da:ee:aa:ff:12:3a]

RSSI: -82 [da:ee:aa:ff:06:8c]

RSSI: -53 [da:ee:aa:ff:12:3a]

RSSI: -81 [da:ee:aa:ff:06:8c]

RSSI: -81 [da:ee:aa:ff:06:8c]

RSSI: -53 [da:ee:aa:ff:12:4a]

RSSI: -53 [da:ee:aa:ff:12:4a]

RSSI: -72 [da:ee:aa:ff:12:fb]

RSSI: -71 [da:ee:aa:ff:13:1b]

RSSI: -79 [da:ee:aa:ff:06:ac]

RSSI: -51 [da:ee:aa:ff:12:5a]

RSSI: -70 [da:ee:aa:ff:13:1b]

RSSI: -51 [da:ee:aa:ff:12:5a]

RSSI: -70 [da:ee:aa:ff:13:1b]

RSSI: -51 [da:ee:aa:ff:12:5a]

RSSI: -70 [da:ee:aa:ff:13:1b]

RSSI: -51 [da:ee:aa:ff:12:5a]

RSSI: -70 [da:ee:aa:ff:13:1b]

RSSI: -64 [da:ee:aa:ff:06:dc]

RSSI: -51 [da:ee:aa:ff:12:8a]

RSSI: -69 [da:ee:aa:ff:06:dc]

RSSI: -51 [da:ee:aa:ff:12:8a]

RSSI: -81 [da:ee:aa:ff:06:dc]

RSSI: -51 [da:ee:aa:ff:12:8a]

RSSI: -65 [da:ee:aa:ff:06:dc]

RSSI: -51 [da:ee:aa:ff:12:8a]

RSSI: -80 [da:ee:aa:ff:06:fc]

RSSI: -48 [da:ee:aa:ff:12:aa]

RSSI: -81 [da:ee:aa:ff:06:fc]

RSSI: -52 [da:ee:aa:ff:12:aa]

RSSI: -81 [da:ee:aa:ff:06:fc]

RSSI: -72 [da:ee:aa:ff:13:6b]

RSSI: -82 [da:ee:aa:ff:06:fc]

RSSI: -71 [da:ee:aa:ff:13:6b]

RSSI: -74 [da:ee:aa:ff:13:7b]

RSSI: -80 [da:ee:aa:ff:07:0c]

RSSI: -81 [da:ee:aa:ff:07:0c]

RSSI: -51 [da:ee:aa:ff:12:da]

RSSI: -70 [da:ee:aa:ff:13:bb]

RSSI: -82 [da:ee:aa:ff:07:3c]

RSSI: -51 [da:ee:aa:ff:13:0a]

RSSI: -70 [da:ee:aa:ff:13:bb]

RSSI: -81 [da:ee:aa:ff:07:3c]

RSSI: -52 [da:ee:aa:ff:13:0a]

RSSI: -70 [da:ee:aa:ff:13:bb]

RSSI: -81 [da:ee:aa:ff:07:3c]

RSSI: -51 [da:ee:aa:ff:13:0a]

RSSI: -70 [da:ee:aa:ff:13:bb]

RSSI: -81 [da:ee:aa:ff:07:3c]

RSSI: -51 [da:ee:aa:ff:13:0a]

RSSI: -70 [da:ee:aa:ff:13:bb]

RSSI: -53 [da:ee:aa:ff:13:2a]

RSSI: -80 [da:ee:aa:ff:07:5c]

RSSI: -81 [da:ee:aa:ff:07:5c]

RSSI: -53 [da:ee:aa:ff:13:3a]

RSSI: -71 [da:ee:aa:ff:13:eb]

RSSI: -52 [da:ee:aa:ff:13:4a]

RSSI: -65 [da:ee:aa:ff:14:0b]

RSSI: -51 [da:ee:aa:ff:13:4a]

RSSI: -51 [da:ee:aa:ff:13:4a]

RSSI: -70 [da:ee:aa:ff:14:0b]

RSSI: -52 [da:ee:aa:ff:13:4a]

RSSI: -70 [da:ee:aa:ff:14:0b]

RSSI: -52 [da:ee:aa:ff:13:4a]

RSSI: -70 [da:ee:aa:ff:14:0b]

RSSI: -82 [da:ee:aa:ff:07:ac]

RSSI: -52 [da:ee:aa:ff:13:8a]

RSSI: -71 [da:ee:aa:ff:14:3b]

RSSI: -83 [da:ee:aa:ff:07:ac]

RSSI: -52 [da:ee:aa:ff:13:8a]

RSSI: -71 [da:ee:aa:ff:14:3b]

RSSI: -83 [da:ee:aa:ff:07:ac]

RSSI: -52 [da:ee:aa:ff:13:8a]

RSSI: -71 [da:ee:aa:ff:14:3b]

RSSI: -83 [da:ee:aa:ff:07:ac]

RSSI: -52 [da:ee:aa:ff:13:8a]

RSSI: -71 [da:ee:aa:ff:14:4b]

RSSI: -53 [da:ee:aa:ff:13:9a]

RSSI: -71 [da:ee:aa:ff:14:4b]

RSSI: -53 [da:ee:aa:ff:13:9a]

RSSI: -70 [da:ee:aa:ff:14:4b]

RSSI: -53 [da:ee:aa:ff:13:ba]

RSSI: -71 [da:ee:aa:ff:14:6b]

RSSI: -70 [da:ee:aa:ff:14:7b]

RSSI: -38 [da:ee:aa:ff:13:ca]

RSSI: -70 [da:ee:aa:ff:14:7b]

RSSI: -79 [da:ee:aa:ff:07:fc]

RSSI: -70 [da:ee:aa:ff:14:7b]

RSSI: -80 [da:ee:aa:ff:07:fc]

RSSI: -52 [da:ee:aa:ff:13:ca]

RSSI: -70 [da:ee:aa:ff:14:7b]

RSSI: -79 [da:ee:aa:ff:07:fc]

RSSI: -52 [da:ee:aa:ff:13:ca]

RSSI: -70 [da:ee:aa:ff:14:7b]

RSSI: -79 [da:ee:aa:ff:07:fc]

RSSI: -71 [da:ee:aa:ff:14:8b]

RSSI: -72 [da:ee:aa:ff:14:ab]

RSSI: -53 [da:ee:aa:ff:13:fa]

RSSI: -53 [da:ee:aa:ff:13:fa]

RSSI: -72 [da:ee:aa:ff:14:bb]

RSSI: -53 [da:ee:aa:ff:14:1a]

RSSI: -71 [da:ee:aa:ff:14:bb]

RSSI: -82 [da:ee:aa:ff:08:4c]

RSSI: -54 [da:ee:aa:ff:14:1a]

RSSI: -53 [da:ee:aa:ff:14:2a]

RSSI: -71 [da:ee:aa:ff:14:cb]

RSSI: -53 [da:ee:aa:ff:14:2a]

RSSI: -71 [da:ee:aa:ff:14:cb]

RSSI: -80 [da:ee:aa:ff:08:5c]

RSSI: -53 [da:ee:aa:ff:14:2a]

RSSI: -54 [da:ee:aa:ff:14:eb]

RSSI: -53 [da:ee:aa:ff:14:2a]

RSSI: -60 [da:ee:aa:ff:14:eb]

RSSI: -80 [da:ee:aa:ff:08:5c]

RSSI: -72 [da:ee:aa:ff:14:fb]

RSSI: -85 [da:ee:aa:ff:08:7c]

RSSI: -59 [da:ee:aa:ff:14:fb]

RSSI: -54 [da:ee:aa:ff:14:4a]

RSSI: -61 [da:ee:aa:ff:14:fb]

RSSI: -54 [da:ee:aa:ff:14:4a]

RSSI: -55 [da:ee:aa:ff:14:fb]

RSSI: -54 [da:ee:aa:ff:14:4a]

RSSI: -72 [da:ee:aa:ff:14:fb]

RSSI: -54 [da:ee:aa:ff:14:4a]

RSSI: -83 [da:ee:aa:ff:08:bc]

RSSI: -72 [da:ee:aa:ff:15:1b]

RSSI: -54 [da:ee:aa:ff:14:6a]

RSSI: -82 [da:ee:aa:ff:08:bc]

RSSI: -54 [da:ee:aa:ff:14:6a]

RSSI: -72 [da:ee:aa:ff:15:3b]

RSSI: -81 [da:ee:aa:ff:08:bc]

RSSI: -72 [da:ee:aa:ff:15:3b]

RSSI: -54 [da:ee:aa:ff:14:8a]

RSSI: -82 [da:ee:aa:ff:08:bc]

RSSI: -72 [da:ee:aa:ff:15:3b]

RSSI: -54 [da:ee:aa:ff:14:8a]

RSSI: -38 [da:ee:aa:ff:14:9a]

RSSI: -73 [da:ee:aa:ff:15:4b]

RSSI: -41 [da:ee:aa:ff:14:9a]

RSSI: -72 [da:ee:aa:ff:15:4b]

RSSI: -47 [da:ee:aa:ff:14:9a]

RSSI: -72 [da:ee:aa:ff:15:4b]

RSSI: -54 [da:ee:aa:ff:14:ca]

RSSI: -54 [da:ee:aa:ff:14:ca]

RSSI: -86 [da:ee:aa:ff:08:fc]

RSSI: -54 [da:ee:aa:ff:14:ca]

RSSI: -86 [da:ee:aa:ff:08:fc]

RSSI: -54 [da:ee:aa:ff:14:ca]

RSSI: -54 [da:ee:aa:ff:14:da]

RSSI: -73 [da:ee:aa:ff:15:8b]

RSSI: -54 [da:ee:aa:ff:14:da]

RSSI: -82 [da:ee:aa:ff:09:2c]

RSSI: -72 [da:ee:aa:ff:15:8b]

RSSI: -54 [da:ee:aa:ff:14:da]

RSSI: -82 [da:ee:aa:ff:09:2c]

RSSI: -72 [da:ee:aa:ff:15:8b]

RSSI: -82 [da:ee:aa:ff:09:2c]

RSSI: -72 [da:ee:aa:ff:15:8b]

RSSI: -54 [da:ee:aa:ff:14:ea]

RSSI: -54 [da:ee:aa:ff:14:ea]

RSSI: -53 [da:ee:aa:ff:14:fa]

RSSI: -81 [da:ee:aa:ff:09:3c]

RSSI: -72 [da:ee:aa:ff:15:cb]

RSSI: -53 [da:ee:aa:ff:14:fa]

RSSI: -81 [da:ee:aa:ff:09:3c]

RSSI: -72 [da:ee:aa:ff:15:cb]

RSSI: -53 [da:ee:aa:ff:14:fa]

RSSI: -81 [da:ee:aa:ff:09:3c]

RSSI: -72 [da:ee:aa:ff:15:cb]

RSSI: -53 [da:ee:aa:ff:14:fa]

RSSI: -72 [da:ee:aa:ff:15:cb]

RSSI: -53 [da:ee:aa:ff:14:fa]

RSSI: -85 [da:ee:aa:ff:09:6c]

RSSI: -73 [da:ee:aa:ff:15:db]

RSSI: -84 [da:ee:aa:ff:09:6c]

RSSI: -54 [da:ee:aa:ff:15:2a]

RSSI: -72 [da:ee:aa:ff:15:db]

RSSI: -85 [da:ee:aa:ff:09:6c]

RSSI: -54 [da:ee:aa:ff:15:2a]

RSSI: -73 [da:ee:aa:ff:15:db]

RSSI: -84 [da:ee:aa:ff:09:6c]

RSSI: -54 [da:ee:aa:ff:15:2a]

RSSI: -85 [da:ee:aa:ff:09:6c]

RSSI: -54 [da:ee:aa:ff:15:2a]

RSSI: -55 [da:ee:aa:ff:15:4a]

RSSI: -61 [da:ee:aa:ff:16:1b]

RSSI: -82 [da:ee:aa:ff:09:8c]

RSSI: -55 [da:ee:aa:ff:15:4a]

RSSI: -55 [da:ee:aa:ff:16:1b]

RSSI: -55 [da:ee:aa:ff:15:4a]

RSSI: -55 [da:ee:aa:ff:16:1b]

RSSI: -83 [da:ee:aa:ff:09:ac]

RSSI: -72 [da:ee:aa:ff:16:1b]

RSSI: -55 [da:ee:aa:ff:15:6a]

RSSI: -56 [da:ee:aa:ff:16:1b]

RSSI: -54 [da:ee:aa:ff:15:7a]

RSSI: -72 [da:ee:aa:ff:16:2b]

RSSI: -80 [da:ee:aa:ff:09:bc]

RSSI: -54 [da:ee:aa:ff:15:7a]

RSSI: -72 [da:ee:aa:ff:16:2b]

RSSI: -80 [da:ee:aa:ff:09:bc]

RSSI: -54 [da:ee:aa:ff:15:7a]

RSSI: -72 [da:ee:aa:ff:16:2b]

RSSI: -80 [da:ee:aa:ff:09:bc]

RSSI: -54 [da:ee:aa:ff:15:7a]

RSSI: -81 [da:ee:aa:ff:09:bc]

RSSI: -53 [da:ee:aa:ff:15:7a]

RSSI: -72 [da:ee:aa:ff:16:5b]

RSSI: -74 [da:ee:aa:ff:16:5b]

RSSI: -72 [da:ee:aa:ff:16:5b]

RSSI: -49 [da:ee:aa:ff:15:aa]

RSSI: -55 [da:ee:aa:ff:15:ba]

RSSI: -74 [da:ee:aa:ff:16:6b]

RSSI: -82 [da:ee:aa:ff:0a:0c]

RSSI: -55 [da:ee:aa:ff:15:ba]

RSSI: -73 [da:ee:aa:ff:16:6b]

RSSI: -82 [da:ee:aa:ff:0a:0c]

RSSI: -55 [da:ee:aa:ff:15:ba]

RSSI: -83 [da:ee:aa:ff:0a:0c]

RSSI: -73 [da:ee:aa:ff:00:0b]

RSSI: -55 [da:ee:aa:ff:15:ca]

RSSI: -73 [da:ee:aa:ff:00:0b]

RSSI: -83 [da:ee:aa:ff:0a:2c]

RSSI: -53 [da:ee:aa:ff:15:da]

RSSI: -72 [da:ee:aa:ff:00:1b]

RSSI: -53 [da:ee:aa:ff:15:da]

RSSI: -73 [da:ee:aa:ff:00:1b]

RSSI: -53 [da:ee:aa:ff:15:da]

RSSI: -72 [da:ee:aa:ff:00:1b]

RSSI: -53 [da:ee:aa:ff:15:da]

RSSI: -73 [da:ee:aa:ff:00:1b]

RSSI: -53 [da:ee:aa:ff:15:da]

RSSI: -72 [da:ee:aa:ff:00:2b]

RSSI: -54 [da:ee:aa:ff:16:0a]

RSSI: -54 [da:ee:aa:ff:16:0a]

RSSI: -72 [da:ee:aa:ff:00:4b]

RSSI: -54 [da:ee:aa:ff:16:0a]

RSSI: -72 [da:ee:aa:ff:00:4b]

RSSI: -54 [da:ee:aa:ff:16:0a]

RSSI: -73 [da:ee:aa:ff:00:6b]

RSSI: -56 [da:ee:aa:ff:16:1a]

RSSI: -74 [da:ee:aa:ff:00:6b]

RSSI: -56 [da:ee:aa:ff:16:1a]

RSSI: -74 [da:ee:aa:ff:00:6b]

RSSI: -56 [da:ee:aa:ff:16:1a]

RSSI: -74 [da:ee:aa:ff:00:6b]

RSSI: -84 [da:ee:aa:ff:0a:8c]

RSSI: -55 [da:ee:aa:ff:16:2a]

RSSI: -83 [da:ee:aa:ff:0a:8c]

RSSI: -54 [da:ee:aa:ff:16:3a]

RSSI: -72 [da:ee:aa:ff:00:7b]

RSSI: -82 [da:ee:aa:ff:0a:bc]

RSSI: -54 [da:ee:aa:ff:16:3a]

RSSI: -72 [da:ee:aa:ff:00:9b]

RSSI: -58 [da:ee:aa:ff:00:9b]

RSSI: -71 [da:ee:aa:ff:00:9b]

RSSI: -73 [da:ee:aa:ff:00:bb]

RSSI: -72 [da:ee:aa:ff:00:bb]

RSSI: -50 [da:ee:aa:ff:16:5a]

RSSI: -73 [da:ee:aa:ff:00:bb]

RSSI: -73 [da:ee:aa:ff:00:bb]

RSSI: -73 [da:ee:aa:ff:00:bb]

RSSI: -56 [da:ee:aa:ff:16:6a]

RSSI: -55 [da:ee:aa:ff:16:6a]

RSSI: -73 [da:ee:aa:ff:00:db]

RSSI: -73 [da:ee:aa:ff:00:db]

RSSI: -74 [da:ee:aa:ff:00:db]

RSSI: -56 [da:ee:aa:ff:16:7a]

RSSI: -74 [da:ee:aa:ff:00:db]

RSSI: -82 [da:ee:aa:ff:0b:1c]

RSSI: -54 [da:ee:aa:ff:00:1a]

RSSI: -82 [da:ee:aa:ff:0b:1c]

RSSI: -54 [da:ee:aa:ff:00:1a]

RSSI: -73 [da:ee:aa:ff:00:fb]

RSSI: -54 [da:ee:aa:ff:00:1a]

RSSI: -72 [da:ee:aa:ff:00:fb]

RSSI: -82 [da:ee:aa:ff:0b:2c]

RSSI: -54 [da:ee:aa:ff:00:1a]

RSSI: -72 [da:ee:aa:ff:00:fb]

RSSI: -82 [da:ee:aa:ff:0b:2c]

RSSI: -54 [da:ee:aa:ff:00:1a]

RSSI: -86 [da:ee:aa:ff:0b:4c]

RSSI: -72 [da:ee:aa:ff:01:2b]

RSSI: -86 [da:ee:aa:ff:0b:4c]

RSSI: -53 [da:ee:aa:ff:00:4a]

RSSI: -72 [da:ee:aa:ff:01:2b]

RSSI: -85 [da:ee:aa:ff:0b:4c]

RSSI: -54 [da:ee:aa:ff:00:4a]

RSSI: -72 [da:ee:aa:ff:01:2b]

RSSI: -86 [da:ee:aa:ff:0b:4c]

RSSI: -54 [da:ee:aa:ff:00:4a]

RSSI: -72 [da:ee:aa:ff:01:2b]

RSSI: -74 [da:ee:aa:ff:01:4b]

RSSI: -55 [da:ee:aa:ff:00:5a]

RSSI: -73 [da:ee:aa:ff:01:4b]

RSSI: -55 [da:ee:aa:ff:00:5a]

RSSI: -73 [da:ee:aa:ff:01:4b]

RSSI: -55 [da:ee:aa:ff:00:5a]

RSSI: -73 [da:ee:aa:ff:01:4b]

RSSI: -55 [da:ee:aa:ff:00:6a]

RSSI: -72 [da:ee:aa:ff:01:7b]

RSSI: -73 [da:ee:aa:ff:01:7b]

RSSI: -72 [da:ee:aa:ff:01:7b]

RSSI: -73 [da:ee:aa:ff:01:7b]

RSSI: -53 [da:ee:aa:ff:00:7a]

RSSI: -72 [da:ee:aa:ff:01:7b]

RSSI: -65 [da:ee:aa:ff:01:9b]

RSSI: -84 [da:ee:aa:ff:0b:cc]

RSSI: -54 [da:ee:aa:ff:01:9b]

RSSI: -41 [da:ee:aa:ff:00:ba]

RSSI: -47 [da:ee:aa:ff:00:ba]

RSSI: -73 [da:ee:aa:ff:01:cb]

RSSI: -54 [da:ee:aa:ff:00:ba]

RSSI: -73 [da:ee:aa:ff:01:cb]

RSSI: -48 [da:ee:aa:ff:00:ca]

RSSI: -72 [da:ee:aa:ff:01:db]

RSSI: -72 [da:ee:aa:ff:01:db]

RSSI: -72 [da:ee:aa:ff:01:db]

RSSI: -71 [da:ee:aa:ff:02:0b]

RSSI: -71 [da:ee:aa:ff:02:0b]

RSSI: -53 [da:ee:aa:ff:01:1a]

RSSI: -72 [da:ee:aa:ff:02:0b]

RSSI: -53 [da:ee:aa:ff:01:1a]

RSSI: -72 [da:ee:aa:ff:02:0b]

RSSI: -53 [da:ee:aa:ff:01:1a]

RSSI: -73 [da:ee:aa:ff:02:2b]

RSSI: -73 [da:ee:aa:ff:02:2b]

RSSI: -74 [da:ee:aa:ff:02:3b]

RSSI: -53 [da:ee:aa:ff:01:4a]

RSSI: -82 [da:ee:aa:ff:0c:6c]

RSSI: -71 [da:ee:aa:ff:02:5b]

RSSI: -53 [da:ee:aa:ff:01:4a]

RSSI: -82 [da:ee:aa:ff:0c:6c]

RSSI: -71 [da:ee:aa:ff:02:5b]

RSSI: -53 [da:ee:aa:ff:01:4a]

RSSI: -82 [da:ee:aa:ff:0c:6c]

RSSI: -71 [da:ee:aa:ff:02:5b]

RSSI: -53 [da:ee:aa:ff:01:4a]

RSSI: -82 [da:ee:aa:ff:0c:6c]

RSSI: -71 [da:ee:aa:ff:02:5b]

RSSI: -53 [da:ee:aa:ff:01:4a]

RSSI: -82 [da:ee:aa:ff:0c:6c]

RSSI: -71 [da:ee:aa:ff:02:7b]

RSSI: -52 [da:ee:aa:ff:01:8a]

RSSI: -82 [da:ee:aa:ff:0c:ac]

RSSI: -52 [da:ee:aa:ff:01:8a]

RSSI: -83 [da:ee:aa:ff:0c:ac]

RSSI: -71 [da:ee:aa:ff:02:8b]

RSSI: -52 [da:ee:aa:ff:01:8a]

RSSI: -61 [da:ee:aa:ff:02:ab]

RSSI: -55 [da:ee:aa:ff:01:aa]

RSSI: -73 [da:ee:aa:ff:02:ab]

RSSI: -55 [da:ee:aa:ff:01:aa]

RSSI: -86 [da:ee:aa:ff:0c:cc]

RSSI: -73 [da:ee:aa:ff:02:ab]

RSSI: -55 [da:ee:aa:ff:01:aa]

RSSI: -55 [da:ee:aa:ff:01:aa]

RSSI: -71 [da:ee:aa:ff:02:ab]

RSSI: -72 [da:ee:aa:ff:02:cb]

RSSI: -73 [da:ee:aa:ff:0c:fc]

RSSI: -78 [da:ee:aa:ff:0c:fc]

RSSI: -71 [da:ee:aa:ff:02:db]

RSSI: -72 [da:ee:aa:ff:02:db]

RSSI: -71 [da:ee:aa:ff:02:fb]

RSSI: -52 [da:ee:aa:ff:01:ea]

RSSI: -71 [da:ee:aa:ff:02:fb]

RSSI: -52 [da:ee:aa:ff:01:ea]

RSSI: -70 [da:ee:aa:ff:02:fb]

RSSI: -82 [da:ee:aa:ff:0d:1c]

RSSI: -70 [da:ee:aa:ff:02:fb]

RSSI: -52 [da:ee:aa:ff:01:fa]

RSSI: -71 [da:ee:aa:ff:02:fb]

RSSI: -52 [da:ee:aa:ff:01:fa]

RSSI: -55 [da:ee:aa:ff:02:0a]

RSSI: -56 [da:ee:aa:ff:02:0a]

RSSI: -56 [da:ee:aa:ff:02:0a]

RSSI: -74 [da:ee:aa:ff:03:2b]

RSSI: -56 [da:ee:aa:ff:02:0a]

RSSI: -74 [da:ee:aa:ff:03:2b]

RSSI: -56 [da:ee:aa:ff:02:0a]

RSSI: -72 [da:ee:aa:ff:03:4b]

RSSI: -53 [da:ee:aa:ff:02:3a]

RSSI: -72 [da:ee:aa:ff:03:4b]

RSSI: -53 [da:ee:aa:ff:02:3a]

RSSI: -72 [da:ee:aa:ff:03:4b]

RSSI: -53 [da:ee:aa:ff:02:3a]

RSSI: -72 [da:ee:aa:ff:03:4b]

RSSI: -53 [da:ee:aa:ff:02:3a]

RSSI: -72 [da:ee:aa:ff:03:4b]

RSSI: -53 [da:ee:aa:ff:02:3a]

RSSI: -82 [da:ee:aa:ff:0d:8c]

RSSI: -52 [da:ee:aa:ff:02:4a]

RSSI: -82 [da:ee:aa:ff:0d:8c]

RSSI: -52 [da:ee:aa:ff:02:4a]

RSSI: -70 [da:ee:aa:ff:03:8b]

RSSI: -81 [da:ee:aa:ff:0d:8c]

RSSI: -52 [da:ee:aa:ff:02:5a]

RSSI: -82 [da:ee:aa:ff:0d:8c]

RSSI: -74 [da:ee:aa:ff:03:ab]

RSSI: -56 [da:ee:aa:ff:02:6a]

RSSI: -74 [da:ee:aa:ff:03:ab]

RSSI: -55 [da:ee:aa:ff:02:6a]

RSSI: -86 [da:ee:aa:ff:0d:ac]

RSSI: -56 [da:ee:aa:ff:02:6a]

RSSI: -74 [da:ee:aa:ff:03:ab]

RSSI: -56 [da:ee:aa:ff:02:6a]

RSSI: -74 [da:ee:aa:ff:03:ab]

RSSI: -56 [da:ee:aa:ff:02:6a]

RSSI: -82 [da:ee:aa:ff:0d:cc]

RSSI: -45 [da:ee:aa:ff:02:aa]

RSSI: -82 [da:ee:aa:ff:0d:cc]

RSSI: -53 [da:ee:aa:ff:03:fb]

RSSI: -52 [da:ee:aa:ff:02:ba]

RSSI: -68 [da:ee:aa:ff:0d:fc]

RSSI: -52 [da:ee:aa:ff:03:fb]

RSSI: -52 [da:ee:aa:ff:02:ba]

RSSI: -63 [da:ee:aa:ff:0d:fc]

RSSI: -70 [da:ee:aa:ff:03:fb]

RSSI: -70 [da:ee:aa:ff:03:fb]

RSSI: -71 [da:ee:aa:ff:0d:fc]

RSSI: -70 [da:ee:aa:ff:03:fb]

RSSI: -55 [da:ee:aa:ff:02:da]

RSSI: -83 [da:ee:aa:ff:0e:0c]

RSSI: -74 [da:ee:aa:ff:04:3b]

RSSI: -55 [da:ee:aa:ff:02:da]

RSSI: -85 [da:ee:aa:ff:0e:0c]

RSSI: -74 [da:ee:aa:ff:04:3b]

RSSI: -55 [da:ee:aa:ff:02:da]

RSSI: -75 [da:ee:aa:ff:04:3b]

RSSI: -56 [da:ee:aa:ff:02:da]

RSSI: -74 [da:ee:aa:ff:04:3b]

RSSI: -55 [da:ee:aa:ff:02:da]

RSSI: -53 [da:ee:aa:ff:02:fa]

RSSI: -82 [da:ee:aa:ff:0e:3c]

RSSI: -72 [da:ee:aa:ff:04:5b]

RSSI: -82 [da:ee:aa:ff:0e:3c]

RSSI: -53 [da:ee:aa:ff:03:0a]

RSSI: -83 [da:ee:aa:ff:0e:3c]

RSSI: -72 [da:ee:aa:ff:04:5b]

RSSI: -53 [da:ee:aa:ff:03:0a]

RSSI: -71 [da:ee:aa:ff:04:5b]

RSSI: -53 [da:ee:aa:ff:03:0a]

RSSI: -81 [da:ee:aa:ff:0e:3c]

RSSI: -52 [da:ee:aa:ff:03:2a]

RSSI: -70 [da:ee:aa:ff:04:8b]

RSSI: -52 [da:ee:aa:ff:03:2a]

RSSI: -81 [da:ee:aa:ff:0e:7c]

RSSI: -70 [da:ee:aa:ff:04:8b]

RSSI: -52 [da:ee:aa:ff:03:2a]

RSSI: -81 [da:ee:aa:ff:0e:7c]

RSSI: -70 [da:ee:aa:ff:04:8b]

RSSI: -52 [da:ee:aa:ff:03:2a]

RSSI: -80 [da:ee:aa:ff:0e:7c]

RSSI: -70 [da:ee:aa:ff:04:8b]

RSSI: -55 [da:ee:aa:ff:03:4a]

RSSI: -74 [da:ee:aa:ff:04:ab]

RSSI: -75 [da:ee:aa:ff:04:ab]

RSSI: -74 [da:ee:aa:ff:04:ab]

RSSI: -84 [da:ee:aa:ff:0e:9c]

RSSI: -55 [da:ee:aa:ff:03:4a]

RSSI: -74 [da:ee:aa:ff:04:cb]

RSSI: -71 [da:ee:aa:ff:04:db]

RSSI: -53 [da:ee:aa:ff:03:5a]

RSSI: -81 [da:ee:aa:ff:0e:cc]

RSSI: -72 [da:ee:aa:ff:04:db]

RSSI: -81 [da:ee:aa:ff:0e:cc]

RSSI: -71 [da:ee:aa:ff:04:db]

RSSI: -53 [da:ee:aa:ff:03:7a]

RSSI: -81 [da:ee:aa:ff:0e:cc]

RSSI: -72 [da:ee:aa:ff:04:db]

RSSI: -53 [da:ee:aa:ff:03:7a]

RSSI: -81 [da:ee:aa:ff:0e:cc]

RSSI: -71 [da:ee:aa:ff:04:db]

RSSI: -53 [da:ee:aa:ff:03:7a]

RSSI: -70 [da:ee:aa:ff:04:fb]

RSSI: -82 [da:ee:aa:ff:0e:ec]

RSSI: -70 [da:ee:aa:ff:04:fb]

RSSI: -70 [da:ee:aa:ff:04:fb]

RSSI: -81 [da:ee:aa:ff:0e:fc]

RSSI: -81 [da:ee:aa:ff:0e:fc]

RSSI: -57 [da:ee:aa:ff:05:3b]

RSSI: -55 [da:ee:aa:ff:03:aa]

RSSI: -57 [da:ee:aa:ff:05:3b]

RSSI: -73 [da:ee:aa:ff:05:3b]

RSSI: -69 [da:ee:aa:ff:0f:1c]

RSSI: -74 [da:ee:aa:ff:05:3b]

RSSI: -74 [da:ee:aa:ff:05:3b]

RSSI: -53 [da:ee:aa:ff:03:ba]

RSSI: -71 [da:ee:aa:ff:05:5b]

RSSI: -53 [da:ee:aa:ff:03:ba]

RSSI: -71 [da:ee:aa:ff:05:5b]

RSSI: -81 [da:ee:aa:ff:0f:4c]

RSSI: -53 [da:ee:aa:ff:03:da]

RSSI: -81 [da:ee:aa:ff:0f:4c]

RSSI: -71 [da:ee:aa:ff:05:7b]

RSSI: -53 [da:ee:aa:ff:03:da]

RSSI: -81 [da:ee:aa:ff:0f:4c]

RSSI: -52 [da:ee:aa:ff:03:fa]

RSSI: -70 [da:ee:aa:ff:05:8b]

RSSI: -52 [da:ee:aa:ff:03:fa]

RSSI: -70 [da:ee:aa:ff:05:8b]

RSSI: -52 [da:ee:aa:ff:03:fa]

RSSI: -70 [da:ee:aa:ff:05:8b]

RSSI: -52 [da:ee:aa:ff:03:fa]

RSSI: -70 [da:ee:aa:ff:05:8b]

RSSI: -52 [da:ee:aa:ff:03:fa]

RSSI: -70 [da:ee:aa:ff:05:8b]

RSSI: -74 [da:ee:aa:ff:05:ab]

RSSI: -55 [da:ee:aa:ff:04:1a]

RSSI: -74 [da:ee:aa:ff:05:ab]

RSSI: -55 [da:ee:aa:ff:04:1a]

RSSI: -55 [da:ee:aa:ff:04:1a]

RSSI: -74 [da:ee:aa:ff:05:cb]

RSSI: -55 [da:ee:aa:ff:04:1a]

RSSI: -53 [da:ee:aa:ff:04:2a]

RSSI: -81 [da:ee:aa:ff:0f:9c]

RSSI: -71 [da:ee:aa:ff:05:db]

RSSI: -53 [da:ee:aa:ff:04:2a]

RSSI: -82 [da:ee:aa:ff:0f:9c]

RSSI: -71 [da:ee:aa:ff:05:db]

RSSI: -53 [da:ee:aa:ff:04:2a]

RSSI: -71 [da:ee:aa:ff:05:db]

RSSI: -71 [da:ee:aa:ff:05:db]

RSSI: -81 [da:ee:aa:ff:0f:bc]

RSSI: -53 [da:ee:aa:ff:04:4a]

RSSI: -70 [da:ee:aa:ff:05:fb]

RSSI: -82 [da:ee:aa:ff:0f:dc]

RSSI: -52 [da:ee:aa:ff:04:5a]

RSSI: -70 [da:ee:aa:ff:05:fb]

RSSI: -82 [da:ee:aa:ff:0f:dc]

RSSI: -52 [da:ee:aa:ff:04:5a]

RSSI: -81 [da:ee:aa:ff:0f:dc]

RSSI: -52 [da:ee:aa:ff:04:5a]

RSSI: -70 [da:ee:aa:ff:06:1b]

RSSI: -52 [da:ee:aa:ff:04:5a]

RSSI: -70 [da:ee:aa:ff:06:1b]

RSSI: -52 [da:ee:aa:ff:04:5a]

RSSI: -74 [da:ee:aa:ff:06:3b]

RSSI: -56 [da:ee:aa:ff:04:8a]

RSSI: -83 [da:ee:aa:ff:10:0c]

RSSI: -74 [da:ee:aa:ff:06:3b]

RSSI: -83 [da:ee:aa:ff:10:0c]

RSSI: -74 [da:ee:aa:ff:06:3b]

RSSI: -47 [da:ee:aa:ff:04:8a]

RSSI: -74 [da:ee:aa:ff:06:3b]

RSSI: -55 [da:ee:aa:ff:04:8a]

RSSI: -71 [da:ee:aa:ff:06:5b]

RSSI: -53 [da:ee:aa:ff:04:aa]

RSSI: -65 [da:ee:aa:ff:10:1c]

RSSI: -70 [da:ee:aa:ff:06:7b]

RSSI: -53 [da:ee:aa:ff:04:aa]

RSSI: -78 [da:ee:aa:ff:10:1c]

RSSI: -64 [da:ee:aa:ff:06:7b]

RSSI: -70 [da:ee:aa:ff:06:7b]

RSSI: -70 [da:ee:aa:ff:06:9b]

RSSI: -52 [da:ee:aa:ff:04:da]

RSSI: -70 [da:ee:aa:ff:06:9b]

RSSI: -52 [da:ee:aa:ff:04:da]

RSSI: -70 [da:ee:aa:ff:06:9b]

RSSI: -52 [da:ee:aa:ff:04:da]

RSSI: -70 [da:ee:aa:ff:06:9b]

RSSI: -52 [da:ee:aa:ff:04:da]

RSSI: -70 [da:ee:aa:ff:06:9b]

RSSI: -52 [da:ee:aa:ff:04:da]

RSSI: -55 [da:ee:aa:ff:04:fa]

RSSI: -83 [da:ee:aa:ff:10:5c]

RSSI: -73 [da:ee:aa:ff:06:db]

RSSI: -55 [da:ee:aa:ff:05:0a]

RSSI: -74 [da:ee:aa:ff:06:db]

RSSI: -55 [da:ee:aa:ff:05:0a]

RSSI: -55 [da:ee:aa:ff:05:0a]

RSSI: -71 [da:ee:aa:ff:06:eb]

RSSI: -53 [da:ee:aa:ff:05:1a]

RSSI: -71 [da:ee:aa:ff:06:eb]

RSSI: -81 [da:ee:aa:ff:10:7c]

RSSI: -53 [da:ee:aa:ff:05:1a]

RSSI: -71 [da:ee:aa:ff:06:eb]

RSSI: -81 [da:ee:aa:ff:10:7c]

RSSI: -53 [da:ee:aa:ff:05:1a]

RSSI: -71 [da:ee:aa:ff:06:eb]

RSSI: -81 [da:ee:aa:ff:10:7c]

RSSI: -53 [da:ee:aa:ff:05:1a]

RSSI: -71 [da:ee:aa:ff:06:eb]

RSSI: -80 [da:ee:aa:ff:10:7c]

RSSI: -82 [da:ee:aa:ff:10:9c]

RSSI: -52 [da:ee:aa:ff:05:4a]

RSSI: -52 [da:ee:aa:ff:05:4a]

RSSI: -70 [da:ee:aa:ff:07:2b]

RSSI: -52 [da:ee:aa:ff:05:4a]

RSSI: -81 [da:ee:aa:ff:10:bc]

RSSI: -70 [da:ee:aa:ff:07:2b]

RSSI: -52 [da:ee:aa:ff:05:4a]

RSSI: -70 [da:ee:aa:ff:07:2b]

RSSI: -52 [da:ee:aa:ff:05:4a]

RSSI: -82 [da:ee:aa:ff:10:bc]

RSSI: -70 [da:ee:aa:ff:07:2b]

RSSI: -55 [da:ee:aa:ff:05:5a]

RSSI: -55 [da:ee:aa:ff:05:5a]

RSSI: -82 [da:ee:aa:ff:10:cc]

RSSI: -42 [da:ee:aa:ff:05:7a]

RSSI: -42 [da:ee:aa:ff:05:7a]

RSSI: -82 [da:ee:aa:ff:10:fc]

RSSI: -73 [da:ee:aa:ff:07:6b]

RSSI: -81 [da:ee:aa:ff:10:fc]

RSSI: -71 [da:ee:aa:ff:07:6b]

RSSI: -53 [da:ee:aa:ff:05:8a]

RSSI: -71 [da:ee:aa:ff:07:6b]

RSSI: -81 [da:ee:aa:ff:10:fc]

RSSI: -53 [da:ee:aa:ff:05:8a]

RSSI: -71 [da:ee:aa:ff:07:6b]

RSSI: -81 [da:ee:aa:ff:10:fc]

RSSI: -53 [da:ee:aa:ff:05:8a]

RSSI: -52 [da:ee:aa:ff:05:aa]

RSSI: -66 [da:ee:aa:ff:11:0c]

RSSI: -51 [da:ee:aa:ff:05:ca]

RSSI: -52 [da:ee:aa:ff:05:ca]

RSSI: -74 [da:ee:aa:ff:07:cb]

RSSI: -84 [da:ee:aa:ff:11:3c]

RSSI: -55 [da:ee:aa:ff:05:ea]

RSSI: -74 [da:ee:aa:ff:07:cb]

RSSI: -84 [da:ee:aa:ff:11:3c]

RSSI: -55 [da:ee:aa:ff:05:ea]

RSSI: -74 [da:ee:aa:ff:07:cb]

RSSI: -85 [da:ee:aa:ff:11:3c]

RSSI: -55 [da:ee:aa:ff:05:ea]

RSSI: -74 [da:ee:aa:ff:07:cb]

RSSI: -55 [da:ee:aa:ff:05:ea]

RSSI: -74 [da:ee:aa:ff:07:cb]

RSSI: -85 [da:ee:aa:ff:11:3c]

RSSI: -70 [da:ee:aa:ff:07:db]

RSSI: -53 [da:ee:aa:ff:06:1a]

RSSI: -71 [da:ee:aa:ff:07:db]

RSSI: -53 [da:ee:aa:ff:06:1a]

RSSI: -71 [da:ee:aa:ff:07:db]

RSSI: -82 [da:ee:aa:ff:11:7c]

RSSI: -53 [da:ee:aa:ff:06:1a]

RSSI: -53 [da:ee:aa:ff:06:1a]

RSSI: -71 [da:ee:aa:ff:07:fb]

RSSI: -51 [da:ee:aa:ff:06:3a]

RSSI: -52 [da:ee:aa:ff:06:3a]

RSSI: -51 [da:ee:aa:ff:06:3a]

RSSI: -70 [da:ee:aa:ff:08:1b]

RSSI: -55 [da:ee:aa:ff:06:5a]

RSSI: -74 [da:ee:aa:ff:08:2b]

RSSI: -55 [da:ee:aa:ff:06:5a]

RSSI: -55 [da:ee:aa:ff:06:5a]

RSSI: -55 [da:ee:aa:ff:06:5a]

RSSI: -74 [da:ee:aa:ff:08:3b]

RSSI: -84 [da:ee:aa:ff:11:ac]

RSSI: -55 [da:ee:aa:ff:06:5a]

RSSI: -74 [da:ee:aa:ff:08:3b]

RSSI: -53 [da:ee:aa:ff:06:6a]

RSSI: -71 [da:ee:aa:ff:08:5b]

RSSI: -81 [da:ee:aa:ff:11:cc]

RSSI: -71 [da:ee:aa:ff:08:5b]

RSSI: -81 [da:ee:aa:ff:11:cc]

RSSI: -40 [da:ee:aa:ff:06:7a]

RSSI: -72 [da:ee:aa:ff:08:5b]

RSSI: -72 [da:ee:aa:ff:08:5b]

RSSI: -48 [da:ee:aa:ff:06:7a]

RSSI: -71 [da:ee:aa:ff:08:5b]

RSSI: -70 [da:ee:aa:ff:08:7b]

RSSI: -44 [da:ee:aa:ff:06:9a]

RSSI: -82 [da:ee:aa:ff:11:ec]

RSSI: -70 [da:ee:aa:ff:08:7b]

RSSI: -52 [da:ee:aa:ff:06:9a]

RSSI: -52 [da:ee:aa:ff:06:9a]

RSSI: -83 [da:ee:aa:ff:11:ec]

RSSI: -52 [da:ee:aa:ff:06:9a]

RSSI: -71 [da:ee:aa:ff:08:9b]

RSSI: -71 [da:ee:aa:ff:08:bb]

RSSI: -82 [da:ee:aa:ff:12:3c]

RSSI: -53 [da:ee:aa:ff:06:da]

RSSI: -71 [da:ee:aa:ff:08:bb]

RSSI: -82 [da:ee:aa:ff:12:3c]

RSSI: -82 [da:ee:aa:ff:12:3c]

RSSI: -83 [da:ee:aa:ff:12:3c]

RSSI: -85 [da:ee:aa:ff:12:3c]

RSSI: -51 [da:ee:aa:ff:06:fa]

RSSI: -82 [da:ee:aa:ff:12:7c]

RSSI: -55 [da:ee:aa:ff:07:1a]

RSSI: -74 [da:ee:aa:ff:08:fb]

RSSI: -55 [da:ee:aa:ff:07:1a]

RSSI: -74 [da:ee:aa:ff:09:1b]

RSSI: -55 [da:ee:aa:ff:07:1a]

RSSI: -84 [da:ee:aa:ff:12:9c]

RSSI: -74 [da:ee:aa:ff:09:1b]

RSSI: -55 [da:ee:aa:ff:07:1a]

RSSI: -74 [da:ee:aa:ff:09:1b]

RSSI: -55 [da:ee:aa:ff:07:1a]

RSSI: -71 [da:ee:aa:ff:09:3b]

RSSI: -53 [da:ee:aa:ff:07:2a]

RSSI: -71 [da:ee:aa:ff:09:3b]

RSSI: -52 [da:ee:aa:ff:07:2a]

RSSI: -71 [da:ee:aa:ff:09:3b]

RSSI: -52 [da:ee:aa:ff:07:3a]

RSSI: -71 [da:ee:aa:ff:09:3b]

RSSI: -52 [da:ee:aa:ff:07:3a]

RSSI: -37 [da:ee:aa:ff:07:5a]

RSSI: -71 [da:ee:aa:ff:09:5b]

RSSI: -82 [da:ee:aa:ff:13:0c]

RSSI: -71 [da:ee:aa:ff:09:5b]

RSSI: -75 [da:ee:aa:ff:09:5b]

RSSI: -85 [da:ee:aa:ff:13:1c]

RSSI: -55 [da:ee:aa:ff:07:8a]

RSSI: -85 [da:ee:aa:ff:13:1c]

RSSI: -55 [da:ee:aa:ff:07:8a]

RSSI: -84 [da:ee:aa:ff:13:1c]

RSSI: -55 [da:ee:aa:ff:07:8a]

RSSI: -85 [da:ee:aa:ff:13:1c]

RSSI: -55 [da:ee:aa:ff:07:8a]

RSSI: -53 [da:ee:aa:ff:07:9a]

RSSI: -82 [da:ee:aa:ff:13:3c]

RSSI: -71 [da:ee:aa:ff:09:ab]

RSSI: -53 [da:ee:aa:ff:07:9a]

RSSI: -56 [da:ee:aa:ff:09:ab]

RSSI: -53 [da:ee:aa:ff:07:9a]

RSSI: -66 [da:ee:aa:ff:13:3c]

RSSI: -56 [da:ee:aa:ff:09:ab]

RSSI: -66 [da:ee:aa:ff:13:3c]

RSSI: -63 [da:ee:aa:ff:09:ab]

RSSI: -53 [da:ee:aa:ff:07:aa]

RSSI: -52 [da:ee:aa:ff:07:ba]

RSSI: -52 [da:ee:aa:ff:07:ba]

RSSI: -52 [da:ee:aa:ff:07:ba]

RSSI: -52 [da:ee:aa:ff:07:ba]

RSSI: -52 [da:ee:aa:ff:07:ba]

RSSI: -82 [da:ee:aa:ff:13:6c]

RSSI: -74 [da:ee:aa:ff:09:fb]

RSSI: -84 [da:ee:aa:ff:13:7c]

RSSI: -74 [da:ee:aa:ff:09:fb]

RSSI: -55 [da:ee:aa:ff:07:ea]

RSSI: -74 [da:ee:aa:ff:09:fb]

RSSI: -55 [da:ee:aa:ff:07:ea]

RSSI: -74 [da:ee:aa:ff:09:fb]

RSSI: -55 [da:ee:aa:ff:07:ea]

RSSI: -74 [da:ee:aa:ff:09:fb]

RSSI: -80 [da:ee:aa:ff:13:9c]

RSSI: -80 [da:ee:aa:ff:13:9c]

RSSI: -81 [da:ee:aa:ff:13:ac]

RSSI: -80 [da:ee:aa:ff:13:ac]

RSSI: -70 [da:ee:aa:ff:0a:4b]

RSSI: -83 [da:ee:aa:ff:13:cc]

RSSI: -70 [da:ee:aa:ff:0a:4b]

RSSI: -81 [da:ee:aa:ff:13:cc]

RSSI: -70 [da:ee:aa:ff:0a:4b]

RSSI: -83 [da:ee:aa:ff:13:cc]

RSSI: -70 [da:ee:aa:ff:0a:4b]

RSSI: -82 [da:ee:aa:ff:13:cc]

RSSI: -70 [da:ee:aa:ff:0a:4b]

RSSI: -74 [da:ee:aa:ff:0a:6b]

RSSI: -84 [da:ee:aa:ff:14:0c]

RSSI: -74 [da:ee:aa:ff:0a:6b]

RSSI: -41 [da:ee:aa:ff:08:5a]

RSSI: -41 [da:ee:aa:ff:08:5a]

RSSI: -53 [da:ee:aa:ff:08:7a]

RSSI: -81 [da:ee:aa:ff:14:2c]

RSSI: -52 [da:ee:aa:ff:08:7a]

RSSI: -81 [da:ee:aa:ff:14:2c]

RSSI: -52 [da:ee:aa:ff:08:7a]

RSSI: -81 [da:ee:aa:ff:14:2c]

RSSI: -53 [da:ee:aa:ff:08:7a]

RSSI: -71 [da:ee:aa:ff:0a:9b]

RSSI: -53 [da:ee:aa:ff:08:7a]

RSSI: -52 [da:ee:aa:ff:08:aa]

RSSI: -70 [da:ee:aa:ff:0a:bb]

RSSI: -52 [da:ee:aa:ff:08:aa]

RSSI: -52 [da:ee:aa:ff:08:aa]

RSSI: -52 [da:ee:aa:ff:08:aa]

RSSI: -83 [da:ee:aa:ff:14:4c]

RSSI: -67 [da:ee:aa:ff:0a:db]

RSSI: -55 [da:ee:aa:ff:08:ba]

RSSI: -74 [da:ee:aa:ff:0a:db]

RSSI: -55 [da:ee:aa:ff:08:ba]

RSSI: -56 [da:ee:aa:ff:0a:db]

RSSI: -55 [da:ee:aa:ff:08:ca]

RSSI: -64 [da:ee:aa:ff:0a:db]

RSSI: -55 [da:ee:aa:ff:08:ca]

RSSI: -53 [da:ee:aa:ff:08:ea]

RSSI: -80 [da:ee:aa:ff:14:8c]

RSSI: -71 [da:ee:aa:ff:0a:eb]

RSSI: -53 [da:ee:aa:ff:08:ea]

RSSI: -81 [da:ee:aa:ff:14:8c]

RSSI: -71 [da:ee:aa:ff:0a:eb]

RSSI: -53 [da:ee:aa:ff:08:ea]

RSSI: -81 [da:ee:aa:ff:14:8c]

RSSI: -53 [da:ee:aa:ff:08:ea]

RSSI: -81 [da:ee:aa:ff:14:8c]

RSSI: -53 [da:ee:aa:ff:08:ea]

RSSI: -81 [da:ee:aa:ff:14:8c]

RSSI: -70 [da:ee:aa:ff:0b:1b]

RSSI: -70 [da:ee:aa:ff:0b:1b]

RSSI: -52 [da:ee:aa:ff:09:1a]

RSSI: -82 [da:ee:aa:ff:14:bc]

RSSI: -70 [da:ee:aa:ff:0b:1b]

RSSI: -52 [da:ee:aa:ff:09:1a]

RSSI: -83 [da:ee:aa:ff:14:bc]

RSSI: -70 [da:ee:aa:ff:0b:1b]

RSSI: -52 [da:ee:aa:ff:09:1a]

RSSI: -83 [da:ee:aa:ff:14:bc]

RSSI: -74 [da:ee:aa:ff:0b:3b]

RSSI: -55 [da:ee:aa:ff:09:2a]

RSSI: -73 [da:ee:aa:ff:0b:3b]

RSSI: -55 [da:ee:aa:ff:09:2a]

RSSI: -55 [da:ee:aa:ff:09:2a]

RSSI: -74 [da:ee:aa:ff:0b:4b]

RSSI: -55 [da:ee:aa:ff:09:3a]

RSSI: -71 [da:ee:aa:ff:0b:6b]

RSSI: -81 [da:ee:aa:ff:14:fc]

RSSI: -71 [da:ee:aa:ff:0b:6b]

RSSI: -81 [da:ee:aa:ff:14:fc]

RSSI: -71 [da:ee:aa:ff:0b:6b]

RSSI: -52 [da:ee:aa:ff:09:4a]

RSSI: -81 [da:ee:aa:ff:14:fc]

RSSI: -71 [da:ee:aa:ff:0b:6b]

RSSI: -53 [da:ee:aa:ff:09:4a]

RSSI: -81 [da:ee:aa:ff:14:fc]

RSSI: -71 [da:ee:aa:ff:0b:6b]

RSSI: -70 [da:ee:aa:ff:0b:7b]

RSSI: -83 [da:ee:aa:ff:15:0c]

RSSI: -83 [da:ee:aa:ff:15:0c]

RSSI: -52 [da:ee:aa:ff:09:7a]

RSSI: -52 [da:ee:aa:ff:09:7a]

RSSI: -70 [da:ee:aa:ff:0b:9b]

RSSI: -52 [da:ee:aa:ff:09:7a]

RSSI: -55 [da:ee:aa:ff:09:8a]

RSSI: -73 [da:ee:aa:ff:0b:bb]

RSSI: -55 [da:ee:aa:ff:09:8a]

RSSI: -73 [da:ee:aa:ff:0b:bb]

RSSI: -55 [da:ee:aa:ff:09:8a]

RSSI: -74 [da:ee:aa:ff:0b:bb]

RSSI: -83 [da:ee:aa:ff:15:3c]

RSSI: -55 [da:ee:aa:ff:09:8a]

RSSI: -73 [da:ee:aa:ff:0b:bb]

RSSI: -83 [da:ee:aa:ff:15:3c]

RSSI: -73 [da:ee:aa:ff:0b:bb]

RSSI: -72 [da:ee:aa:ff:0b:db]

RSSI: -53 [da:ee:aa:ff:09:aa]

RSSI: -81 [da:ee:aa:ff:15:6c]

RSSI: -53 [da:ee:aa:ff:09:aa]

RSSI: -78 [da:ee:aa:ff:15:6c]

RSSI: -53 [da:ee:aa:ff:09:aa]

RSSI: -54 [da:ee:aa:ff:0b:eb]

RSSI: -81 [da:ee:aa:ff:15:6c]

RSSI: -53 [da:ee:aa:ff:09:aa]

RSSI: -69 [da:ee:aa:ff:0b:eb]

RSSI: -80 [da:ee:aa:ff:15:6c]

RSSI: -52 [da:ee:aa:ff:09:ca]

RSSI: -70 [da:ee:aa:ff:0c:0b]

RSSI: -52 [da:ee:aa:ff:09:ca]

RSSI: -71 [da:ee:aa:ff:0c:0b]

RSSI: -71 [da:ee:aa:ff:0c:0b]

RSSI: -52 [da:ee:aa:ff:09:da]

RSSI: -71 [da:ee:aa:ff:0c:0b]

RSSI: -52 [da:ee:aa:ff:09:da]

RSSI: -55 [da:ee:aa:ff:09:fa]

RSSI: -54 [da:ee:aa:ff:09:fa]

RSSI: -82 [da:ee:aa:ff:15:ac]

RSSI: -55 [da:ee:aa:ff:09:fa]

RSSI: -74 [da:ee:aa:ff:0c:3b]

RSSI: -55 [da:ee:aa:ff:09:fa]

RSSI: -73 [da:ee:aa:ff:0c:3b]

RSSI: -83 [da:ee:aa:ff:15:ac]

RSSI: -55 [da:ee:aa:ff:09:fa]

RSSI: -73 [da:ee:aa:ff:0c:3b]

RSSI: -40 [da:ee:aa:ff:0a:2a]

RSSI: -71 [da:ee:aa:ff:0c:5b]

RSSI: -81 [da:ee:aa:ff:15:bc]

RSSI: -71 [da:ee:aa:ff:0c:5b]

RSSI: -48 [da:ee:aa:ff:0a:2a]

RSSI: -71 [da:ee:aa:ff:0c:5b]

RSSI: -71 [da:ee:aa:ff:0c:5b]

RSSI: -81 [da:ee:aa:ff:15:dc]

RSSI: -53 [da:ee:aa:ff:0a:3a]

RSSI: -53 [da:ee:aa:ff:0a:3a]

RSSI: -84 [da:ee:aa:ff:15:fc]

RSSI: -84 [da:ee:aa:ff:15:fc]

RSSI: -71 [da:ee:aa:ff:0c:9b]

RSSI: -83 [da:ee:aa:ff:15:fc]

RSSI: -72 [da:ee:aa:ff:0c:9b]

RSSI: -53 [da:ee:aa:ff:0a:4a]

RSSI: -85 [da:ee:aa:ff:15:fc]

RSSI: -72 [da:ee:aa:ff:0c:9b]

RSSI: -54 [da:ee:aa:ff:0a:6a]

RSSI: -73 [da:ee:aa:ff:0c:ab]

RSSI: -54 [da:ee:aa:ff:0a:6a]

RSSI: -72 [da:ee:aa:ff:0c:ab]

RSSI: -81 [da:ee:aa:ff:16:2c]

RSSI: -54 [da:ee:aa:ff:0a:6a]

RSSI: -72 [da:ee:aa:ff:0c:ab]

RSSI: -54 [da:ee:aa:ff:0a:6a]

RSSI: -73 [da:ee:aa:ff:0c:ab]

RSSI: -82 [da:ee:aa:ff:16:2c]

RSSI: -54 [da:ee:aa:ff:0a:6a]

RSSI: -73 [da:ee:aa:ff:0c:ab]

RSSI: -53 [da:ee:aa:ff:0a:8a]

RSSI: -81 [da:ee:aa:ff:16:3c]

RSSI: -71 [da:ee:aa:ff:0c:db]

RSSI: -53 [da:ee:aa:ff:0a:8a]

RSSI: -79 [da:ee:aa:ff:16:3c]

RSSI: -71 [da:ee:aa:ff:0c:db]

RSSI: -53 [da:ee:aa:ff:0a:8a]

RSSI: -71 [da:ee:aa:ff:0c:db]

RSSI: -53 [da:ee:aa:ff:0a:8a]

RSSI: -85 [da:ee:aa:ff:16:6c]

RSSI: -87 [da:ee:aa:ff:16:6c]

RSSI: -55 [da:ee:aa:ff:0c:fb]

RSSI: -85 [da:ee:aa:ff:16:6c]

RSSI: -73 [da:ee:aa:ff:0c:fb]

RSSI: -85 [da:ee:aa:ff:16:6c]

RSSI: -53 [da:ee:aa:ff:0a:ca]

RSSI: -72 [da:ee:aa:ff:0d:3b]

RSSI: -81 [da:ee:aa:ff:00:0c]

RSSI: -53 [da:ee:aa:ff:0a:ca]

RSSI: -72 [da:ee:aa:ff:0d:3b]

RSSI: -53 [da:ee:aa:ff:0a:ca]

RSSI: -72 [da:ee:aa:ff:0d:3b]

RSSI: -53 [da:ee:aa:ff:0a:ca]

RSSI: -81 [da:ee:aa:ff:00:2c]

RSSI: -53 [da:ee:aa:ff:0a:ca]

RSSI: -53 [da:ee:aa:ff:0a:da]

RSSI: -74 [da:ee:aa:ff:0d:8b]

RSSI: -54 [da:ee:aa:ff:0a:fa]

RSSI: -74 [da:ee:aa:ff:0d:8b]

RSSI: -43 [da:ee:aa:ff:0a:fa]

RSSI: -74 [da:ee:aa:ff:0d:8b]

RSSI: -56 [da:ee:aa:ff:0a:fa]

RSSI: -74 [da:ee:aa:ff:0d:8b]

RSSI: -81 [da:ee:aa:ff:00:9c]

RSSI: -71 [da:ee:aa:ff:0d:9b]

RSSI: -54 [da:ee:aa:ff:0b:2a]

RSSI: -81 [da:ee:aa:ff:00:9c]

RSSI: -73 [da:ee:aa:ff:0d:9b]

RSSI: -54 [da:ee:aa:ff:0b:2a]

RSSI: -72 [da:ee:aa:ff:0d:9b]

RSSI: -53 [da:ee:aa:ff:0b:2a]

RSSI: -82 [da:ee:aa:ff:00:9c]

RSSI: -82 [da:ee:aa:ff:00:9c]

RSSI: -55 [da:ee:aa:ff:0b:3a]

RSSI: -72 [da:ee:aa:ff:0d:cb]

RSSI: -54 [da:ee:aa:ff:0b:3a]

RSSI: -73 [da:ee:aa:ff:0d:cb]

RSSI: -73 [da:ee:aa:ff:0d:cb]

RSSI: -80 [da:ee:aa:ff:00:cc]

RSSI: -54 [da:ee:aa:ff:0b:5a]

RSSI: -73 [da:ee:aa:ff:0d:cb]

RSSI: -67 [da:ee:aa:ff:00:cc]

RSSI: -54 [da:ee:aa:ff:0b:5a]

RSSI: -73 [da:ee:aa:ff:0d:cb]

RSSI: -75 [da:ee:aa:ff:0d:eb]

RSSI: -57 [da:ee:aa:ff:0b:6a]

RSSI: -75 [da:ee:aa:ff:0d:eb]

RSSI: -57 [da:ee:aa:ff:0b:6a]

RSSI: -75 [da:ee:aa:ff:0d:eb]

RSSI: -57 [da:ee:aa:ff:0b:6a]

RSSI: -75 [da:ee:aa:ff:0d:eb]

RSSI: -57 [da:ee:aa:ff:0b:6a]

RSSI: -57 [da:ee:aa:ff:0b:6a]

RSSI: -54 [da:ee:aa:ff:0b:aa]

RSSI: -73 [da:ee:aa:ff:0e:1b]

RSSI: -54 [da:ee:aa:ff:0b:aa]

RSSI: -54 [da:ee:aa:ff:0b:aa]

RSSI: -58 [da:ee:aa:ff:0e:1b]

RSSI: -54 [da:ee:aa:ff:0b:aa]

RSSI: -65 [da:ee:aa:ff:0e:1b]

RSSI: -82 [da:ee:aa:ff:01:1c]

RSSI: -54 [da:ee:aa:ff:0b:aa]

RSSI: -73 [da:ee:aa:ff:0e:3b]

RSSI: -55 [da:ee:aa:ff:0b:ba]

RSSI: -74 [da:ee:aa:ff:0e:3b]

RSSI: -55 [da:ee:aa:ff:0b:ba]

RSSI: -74 [da:ee:aa:ff:0e:3b]

RSSI: -55 [da:ee:aa:ff:0b:ba]

RSSI: -83 [da:ee:aa:ff:01:4c]

RSSI: -84 [da:ee:aa:ff:01:4c]

RSSI: -55 [da:ee:aa:ff:0b:ca]

RSSI: -74 [da:ee:aa:ff:0e:5b]

RSSI: -76 [da:ee:aa:ff:0e:6b]

RSSI: -57 [da:ee:aa:ff:0b:da]

RSSI: -57 [da:ee:aa:ff:0b:da]

RSSI: -57 [da:ee:aa:ff:0b:da]

RSSI: -75 [da:ee:aa:ff:0e:6b]

RSSI: -57 [da:ee:aa:ff:0b:da]

RSSI: -75 [da:ee:aa:ff:0e:6b]

RSSI: -73 [da:ee:aa:ff:0e:8b]

RSSI: -82 [da:ee:aa:ff:01:9c]

RSSI: -43 [da:ee:aa:ff:0b:fa]

RSSI: -54 [da:ee:aa:ff:0b:fa]

RSSI: -83 [da:ee:aa:ff:01:9c]

RSSI: -54 [da:ee:aa:ff:0b:fa]

RSSI: -83 [da:ee:aa:ff:01:9c]

RSSI: -41 [da:ee:aa:ff:0b:fa]

RSSI: -56 [da:ee:aa:ff:0c:0a]

RSSI: -83 [da:ee:aa:ff:01:bc]

RSSI: -55 [da:ee:aa:ff:0c:0a]

RSSI: -83 [da:ee:aa:ff:01:bc]

RSSI: -55 [da:ee:aa:ff:0c:0a]

RSSI: -83 [da:ee:aa:ff:01:bc]

RSSI: -55 [da:ee:aa:ff:0c:0a]

RSSI: -74 [da:ee:aa:ff:0e:ab]

RSSI: -83 [da:ee:aa:ff:01:dc]

RSSI: -57 [da:ee:aa:ff:0c:2a]

RSSI: -57 [da:ee:aa:ff:0c:2a]

RSSI: -57 [da:ee:aa:ff:0c:2a]

RSSI: -83 [da:ee:aa:ff:02:0c]

RSSI: -73 [da:ee:aa:ff:0e:fb]

RSSI: -73 [da:ee:aa:ff:0e:fb]

RSSI: -73 [da:ee:aa:ff:0e:fb]

RSSI: -55 [da:ee:aa:ff:0c:4a]

RSSI: -55 [da:ee:aa:ff:0c:6a]

RSSI: -55 [da:ee:aa:ff:0c:6a]

RSSI: -55 [da:ee:aa:ff:0c:6a]

RSSI: -55 [da:ee:aa:ff:0c:6a]

RSSI: -55 [da:ee:aa:ff:0c:6a]

RSSI: -57 [da:ee:aa:ff:0c:9a]

RSSI: -59 [da:ee:aa:ff:0f:4b]

RSSI: -57 [da:ee:aa:ff:0c:9a]

RSSI: -57 [da:ee:aa:ff:0c:9a]

RSSI: -75 [da:ee:aa:ff:0f:4b]

RSSI: -57 [da:ee:aa:ff:0c:9a]

RSSI: -75 [da:ee:aa:ff:0f:4b]

RSSI: -73 [da:ee:aa:ff:0f:6b]

RSSI: -55 [da:ee:aa:ff:0c:aa]

RSSI: -83 [da:ee:aa:ff:02:7c]

RSSI: -55 [da:ee:aa:ff:0c:aa]

RSSI: -82 [da:ee:aa:ff:02:7c]

RSSI: -73 [da:ee:aa:ff:0f:7b]

RSSI: -82 [da:ee:aa:ff:02:7c]

RSSI: -73 [da:ee:aa:ff:0f:7b]

RSSI: -54 [da:ee:aa:ff:0c:ba]

RSSI: -73 [da:ee:aa:ff:0f:7b]

RSSI: -54 [da:ee:aa:ff:0c:ba]

RSSI: -74 [da:ee:aa:ff:0f:9b]

RSSI: -51 [da:ee:aa:ff:0c:da]

RSSI: -83 [da:ee:aa:ff:02:9c]

RSSI: -75 [da:ee:aa:ff:0f:9b]

RSSI: -46 [da:ee:aa:ff:0c:da]

RSSI: -82 [da:ee:aa:ff:02:9c]

RSSI: -74 [da:ee:aa:ff:0f:9b]

RSSI: -55 [da:ee:aa:ff:0c:da]

RSSI: -82 [da:ee:aa:ff:02:9c]

RSSI: -74 [da:ee:aa:ff:0f:9b]

RSSI: -55 [da:ee:aa:ff:0c:da]

RSSI: -82 [da:ee:aa:ff:02:9c]

RSSI: -75 [da:ee:aa:ff:0f:bb]

RSSI: -57 [da:ee:aa:ff:0c:fa]

RSSI: -75 [da:ee:aa:ff:0f:db]

RSSI: -57 [da:ee:aa:ff:0c:fa]

RSSI: -75 [da:ee:aa:ff:0f:db]

RSSI: -57 [da:ee:aa:ff:0c:fa]

RSSI: -74 [da:ee:aa:ff:0f:db]

RSSI: -57 [da:ee:aa:ff:0c:fa]

RSSI: -55 [da:ee:aa:ff:0d:0a]

RSSI: -73 [da:ee:aa:ff:0f:eb]

RSSI: -55 [da:ee:aa:ff:0d:0a]

RSSI: -73 [da:ee:aa:ff:0f:eb]

RSSI: -55 [da:ee:aa:ff:0d:0a]

RSSI: -73 [da:ee:aa:ff:0f:eb]

RSSI: -55 [da:ee:aa:ff:0d:2a]

RSSI: -71 [da:ee:aa:ff:02:dc]

RSSI: -55 [da:ee:aa:ff:0d:4a]

RSSI: -73 [da:ee:aa:ff:10:2b]

RSSI: -54 [da:ee:aa:ff:0d:4a]

RSSI: -82 [da:ee:aa:ff:03:1c]

RSSI: -74 [da:ee:aa:ff:10:2b]

RSSI: -54 [da:ee:aa:ff:0d:4a]

RSSI: -82 [da:ee:aa:ff:03:1c]

RSSI: -74 [da:ee:aa:ff:10:2b]

RSSI: -55 [da:ee:aa:ff:0d:4a]

RSSI: -82 [da:ee:aa:ff:03:1c]

RSSI: -73 [da:ee:aa:ff:10:2b]

RSSI: -74 [da:ee:aa:ff:10:3b]

RSSI: -87 [da:ee:aa:ff:03:2c]

RSSI: -74 [da:ee:aa:ff:10:3b]

RSSI: -90 [da:ee:aa:ff:03:2c]

RSSI: -56 [da:ee:aa:ff:0d:6a]

RSSI: -54 [da:ee:aa:ff:0d:8a]

RSSI: -56 [da:ee:aa:ff:10:7b]

RSSI: -54 [da:ee:aa:ff:0d:8a]

RSSI: -55 [da:ee:aa:ff:10:7b]

RSSI: -54 [da:ee:aa:ff:0d:8a]

RSSI: -54 [da:ee:aa:ff:0d:8a]

RSSI: -74 [da:ee:aa:ff:10:8b]

RSSI: -41 [da:ee:aa:ff:0d:aa]

RSSI: -74 [da:ee:aa:ff:10:8b]

RSSI: -45 [da:ee:aa:ff:0d:aa]

RSSI: -73 [da:ee:aa:ff:10:8b]

RSSI: -74 [da:ee:aa:ff:10:8b]

RSSI: -82 [da:ee:aa:ff:03:8c]

RSSI: -89 [da:ee:aa:ff:03:9c]

RSSI: -57 [da:ee:aa:ff:0d:ba]

RSSI: -74 [da:ee:aa:ff:10:cb]

RSSI: -74 [da:ee:aa:ff:10:cb]

RSSI: -90 [da:ee:aa:ff:03:9c]

RSSI: -75 [da:ee:aa:ff:10:cb]

RSSI: -57 [da:ee:aa:ff:0d:ca]

RSSI: -74 [da:ee:aa:ff:10:cb]

RSSI: -90 [da:ee:aa:ff:03:9c]

RSSI: -57 [da:ee:aa:ff:0d:ca]

RSSI: -55 [da:ee:aa:ff:0d:ea]

RSSI: -55 [da:ee:aa:ff:0d:ea]

RSSI: -73 [da:ee:aa:ff:10:db]

RSSI: -55 [da:ee:aa:ff:0d:ea]

RSSI: -73 [da:ee:aa:ff:10:db]

RSSI: -55 [da:ee:aa:ff:0d:ea]

RSSI: -55 [da:ee:aa:ff:0d:ea]

RSSI: -73 [da:ee:aa:ff:10:fb]

RSSI: -55 [da:ee:aa:ff:0e:0a]

RSSI: -55 [da:ee:aa:ff:0e:0a]

RSSI: -55 [da:ee:aa:ff:0e:0a]

RSSI: -74 [da:ee:aa:ff:11:0b]

RSSI: -55 [da:ee:aa:ff:0e:0a]

RSSI: -83 [da:ee:aa:ff:03:dc]

RSSI: -74 [da:ee:aa:ff:11:0b]

RSSI: -57 [da:ee:aa:ff:0e:2a]

RSSI: -57 [da:ee:aa:ff:0e:2a]

RSSI: -88 [da:ee:aa:ff:04:1c]

RSSI: -57 [da:ee:aa:ff:0e:2a]

RSSI: -90 [da:ee:aa:ff:04:1c]

RSSI: -74 [da:ee:aa:ff:11:2b]

RSSI: -57 [da:ee:aa:ff:0e:3a]

RSSI: -55 [da:ee:aa:ff:0e:5a]

RSSI: -74 [da:ee:aa:ff:11:4b]

RSSI: -55 [da:ee:aa:ff:0e:5a]

RSSI: -55 [da:ee:aa:ff:0e:5a]

RSSI: -73 [da:ee:aa:ff:11:6b]

RSSI: -55 [da:ee:aa:ff:0e:5a]

RSSI: -73 [da:ee:aa:ff:11:6b]

RSSI: -83 [da:ee:aa:ff:04:3c]

RSSI: -55 [da:ee:aa:ff:0e:5a]

RSSI: -83 [da:ee:aa:ff:04:5c]

RSSI: -60 [da:ee:aa:ff:11:7b]

RSSI: -83 [da:ee:aa:ff:04:5c]

RSSI: -74 [da:ee:aa:ff:11:7b]

RSSI: -59 [da:ee:aa:ff:11:7b]

RSSI: -72 [da:ee:aa:ff:11:7b]

RSSI: -57 [da:ee:aa:ff:11:7b]

RSSI: -88 [da:ee:aa:ff:04:6c]

RSSI: -43 [da:ee:aa:ff:0e:9a]

RSSI: -87 [da:ee:aa:ff:04:8c]

RSSI: -74 [da:ee:aa:ff:11:ab]

RSSI: -88 [da:ee:aa:ff:04:8c]

RSSI: -74 [da:ee:aa:ff:11:ab]

RSSI: -55 [da:ee:aa:ff:0e:ca]

RSSI: -74 [da:ee:aa:ff:11:cb]

RSSI: -55 [da:ee:aa:ff:0e:ca]

RSSI: -74 [da:ee:aa:ff:11:cb]

RSSI: -55 [da:ee:aa:ff:0e:ca]

RSSI: -74 [da:ee:aa:ff:11:cb]

RSSI: -55 [da:ee:aa:ff:0e:ca]

RSSI: -74 [da:ee:aa:ff:11:cb]

RSSI: -55 [da:ee:aa:ff:0e:ca]

RSSI: -74 [da:ee:aa:ff:11:eb]

RSSI: -55 [da:ee:aa:ff:0e:da]

RSSI: -83 [da:ee:aa:ff:04:dc]

RSSI: -74 [da:ee:aa:ff:11:eb]

RSSI: -55 [da:ee:aa:ff:0e:ea]

RSSI: -74 [da:ee:aa:ff:11:eb]

RSSI: -83 [da:ee:aa:ff:04:dc]

RSSI: -55 [da:ee:aa:ff:0e:ea]

RSSI: -74 [da:ee:aa:ff:11:eb]

RSSI: -83 [da:ee:aa:ff:04:dc]

RSSI: -56 [da:ee:aa:ff:0e:fa]

RSSI: -56 [da:ee:aa:ff:0e:fa]

RSSI: -56 [da:ee:aa:ff:0e:fa]

RSSI: -74 [da:ee:aa:ff:12:0b]

RSSI: -56 [da:ee:aa:ff:0e:fa]

RSSI: -74 [da:ee:aa:ff:12:0b]

RSSI: -83 [da:ee:aa:ff:05:1c]

RSSI: -74 [da:ee:aa:ff:12:1b]

RSSI: -55 [da:ee:aa:ff:0f:2a]

RSSI: -83 [da:ee:aa:ff:05:1c]

RSSI: -73 [da:ee:aa:ff:12:1b]

RSSI: -55 [da:ee:aa:ff:0f:2a]

RSSI: -73 [da:ee:aa:ff:12:1b]

RSSI: -55 [da:ee:aa:ff:0f:2a]

RSSI: -82 [da:ee:aa:ff:05:1c]

RSSI: -73 [da:ee:aa:ff:12:1b]

RSSI: -55 [da:ee:aa:ff:0f:2a]

RSSI: -84 [da:ee:aa:ff:05:1c]

RSSI: -73 [da:ee:aa:ff:12:3b]

RSSI: -54 [da:ee:aa:ff:0f:3a]

RSSI: -83 [da:ee:aa:ff:05:3c]

RSSI: -72 [da:ee:aa:ff:12:3b]

RSSI: -54 [da:ee:aa:ff:0f:5a]

RSSI: -73 [da:ee:aa:ff:12:3b]

RSSI: -82 [da:ee:aa:ff:05:5c]

RSSI: -55 [da:ee:aa:ff:0f:7a]

RSSI: -85 [da:ee:aa:ff:05:6c]

RSSI: -55 [da:ee:aa:ff:0f:7a]

RSSI: -85 [da:ee:aa:ff:05:6c]

RSSI: -55 [da:ee:aa:ff:0f:7a]

RSSI: -64 [da:ee:aa:ff:12:5b]

RSSI: -85 [da:ee:aa:ff:05:6c]

RSSI: -55 [da:ee:aa:ff:0f:7a]

RSSI: -73 [da:ee:aa:ff:12:5b]

RSSI: -85 [da:ee:aa:ff:05:6c]

RSSI: -55 [da:ee:aa:ff:0f:7a]

RSSI: -73 [da:ee:aa:ff:12:6b]

RSSI: -82 [da:ee:aa:ff:05:9c]

RSSI: -54 [da:ee:aa:ff:0f:aa]

RSSI: -83 [da:ee:aa:ff:05:9c]

RSSI: -81 [da:ee:aa:ff:05:ac]

RSSI: -72 [da:ee:aa:ff:12:ab]

RSSI: -53 [da:ee:aa:ff:0f:ba]

RSSI: -72 [da:ee:aa:ff:12:ab]

RSSI: -53 [da:ee:aa:ff:0f:ba]

RSSI: -81 [da:ee:aa:ff:05:ac]

RSSI: -72 [da:ee:aa:ff:12:ab]

RSSI: -53 [da:ee:aa:ff:0f:ba]

RSSI: -80 [da:ee:aa:ff:05:ac]

RSSI: -72 [da:ee:aa:ff:12:ab]

RSSI: -72 [da:ee:aa:ff:12:ab]

RSSI: -53 [da:ee:aa:ff:0f:da]

RSSI: -54 [da:ee:aa:ff:0f:ea]

RSSI: -54 [da:ee:aa:ff:0f:ea]

RSSI: -84 [da:ee:aa:ff:05:dc]

RSSI: -54 [da:ee:aa:ff:0f:ea]

RSSI: -85 [da:ee:aa:ff:05:dc]

RSSI: -54 [da:ee:aa:ff:0f:ea]

RSSI: -84 [da:ee:aa:ff:05:dc]

RSSI: -54 [da:ee:aa:ff:0f:ea]

RSSI: -85 [da:ee:aa:ff:05:dc]

RSSI: -54 [da:ee:aa:ff:10:0a]

RSSI: -73 [da:ee:aa:ff:12:eb]

RSSI: -75 [da:ee:aa:ff:05:fc]

RSSI: -54 [da:ee:aa:ff:10:1a]

RSSI: -66 [da:ee:aa:ff:05:fc]

RSSI: -72 [da:ee:aa:ff:12:fb]

RSSI: -71 [da:ee:aa:ff:13:0b]

RSSI: -71 [da:ee:aa:ff:13:0b]

RSSI: -80 [da:ee:aa:ff:06:1c]

RSSI: -71 [da:ee:aa:ff:13:0b]

RSSI: -80 [da:ee:aa:ff:06:1c]

RSSI: -72 [da:ee:aa:ff:13:0b]

RSSI: -80 [da:ee:aa:ff:06:1c]

RSSI: -72 [da:ee:aa:ff:13:0b]

RSSI: -83 [da:ee:aa:ff:06:2c]

RSSI: -53 [da:ee:aa:ff:10:5a]

RSSI: -53 [da:ee:aa:ff:10:5a]

RSSI: -84 [da:ee:aa:ff:06:4c]

RSSI: -83 [da:ee:aa:ff:06:4c]

RSSI: -84 [da:ee:aa:ff:06:4c]

RSSI: -54 [da:ee:aa:ff:10:7a]

RSSI: -54 [da:ee:aa:ff:10:7a]

RSSI: -83 [da:ee:aa:ff:06:5c]

RSSI: -73 [da:ee:aa:ff:13:4b]

RSSI: -71 [da:ee:aa:ff:13:5b]

RSSI: -80 [da:ee:aa:ff:06:8c]

RSSI: -71 [da:ee:aa:ff:13:5b]

RSSI: -80 [da:ee:aa:ff:06:8c]

RSSI: -43 [da:ee:aa:ff:10:9a]

RSSI: -80 [da:ee:aa:ff:06:8c]

RSSI: -52 [da:ee:aa:ff:10:9a]

RSSI: -71 [da:ee:aa:ff:13:5b]

RSSI: -80 [da:ee:aa:ff:06:8c]

RSSI: -52 [da:ee:aa:ff:10:9a]

RSSI: -71 [da:ee:aa:ff:13:5b]

RSSI: -80 [da:ee:aa:ff:06:8c]

RSSI: -52 [da:ee:aa:ff:10:9a]

RSSI: -83 [da:ee:aa:ff:06:ac]

RSSI: -53 [da:ee:aa:ff:10:da]

RSSI: -84 [da:ee:aa:ff:06:ac]

RSSI: -71 [da:ee:aa:ff:13:8b]

RSSI: -72 [da:ee:aa:ff:13:8b]

RSSI: -72 [da:ee:aa:ff:13:8b]

RSSI: -84 [da:ee:aa:ff:06:cc]

RSSI: -54 [da:ee:aa:ff:10:ea]

RSSI: -72 [da:ee:aa:ff:13:9b]

RSSI: -54 [da:ee:aa:ff:10:ea]

RSSI: -72 [da:ee:aa:ff:13:9b]

RSSI: -54 [da:ee:aa:ff:10:ea]

RSSI: -72 [da:ee:aa:ff:13:9b]

RSSI: -82 [da:ee:aa:ff:06:ec]

RSSI: -72 [da:ee:aa:ff:13:ab]

RSSI: -81 [da:ee:aa:ff:06:ec]

RSSI: -52 [da:ee:aa:ff:11:0a]

RSSI: -70 [da:ee:aa:ff:13:cb]

RSSI: -79 [da:ee:aa:ff:07:0c]

RSSI: -52 [da:ee:aa:ff:11:0a]

RSSI: -71 [da:ee:aa:ff:13:cb]

RSSI: -52 [da:ee:aa:ff:11:0a]

RSSI: -70 [da:ee:aa:ff:13:cb]

RSSI: -79 [da:ee:aa:ff:07:2c]

RSSI: -52 [da:ee:aa:ff:11:0a]

RSSI: -71 [da:ee:aa:ff:13:cb]

RSSI: -78 [da:ee:aa:ff:07:2c]

RSSI: -52 [da:ee:aa:ff:11:0a]

RSSI: -82 [da:ee:aa:ff:07:4c]

RSSI: -83 [da:ee:aa:ff:07:4c]

RSSI: -70 [da:ee:aa:ff:13:fb]

RSSI: -52 [da:ee:aa:ff:11:3a]

RSSI: -83 [da:ee:aa:ff:07:4c]

RSSI: -70 [da:ee:aa:ff:13:fb]

RSSI: -52 [da:ee:aa:ff:11:3a]

RSSI: -83 [da:ee:aa:ff:07:4c]

RSSI: -70 [da:ee:aa:ff:13:fb]

RSSI: -53 [da:ee:aa:ff:11:3a]

RSSI: -54 [da:ee:aa:ff:11:5a]

RSSI: -58 [da:ee:aa:ff:14:0b]

RSSI: -82 [da:ee:aa:ff:07:8c]

RSSI: -54 [da:ee:aa:ff:11:5a]

RSSI: -64 [da:ee:aa:ff:14:0b]

RSSI: -82 [da:ee:aa:ff:07:8c]

RSSI: -54 [da:ee:aa:ff:11:5a]

RSSI: -56 [da:ee:aa:ff:14:0b]

RSSI: -54 [da:ee:aa:ff:11:5a]

RSSI: -63 [da:ee:aa:ff:14:1b]

RSSI: -72 [da:ee:aa:ff:14:2b]

RSSI: -71 [da:ee:aa:ff:14:2b]

RSSI: -48 [da:ee:aa:ff:11:7a]

RSSI: -71 [da:ee:aa:ff:14:2b]

RSSI: -38 [da:ee:aa:ff:11:7a]

RSSI: -71 [da:ee:aa:ff:14:2b]

RSSI: -71 [da:ee:aa:ff:14:2b]

RSSI: -52 [da:ee:aa:ff:11:8a]

RSSI: -82 [da:ee:aa:ff:07:cc]

RSSI: -52 [da:ee:aa:ff:11:8a]

RSSI: -70 [da:ee:aa:ff:14:4b]

RSSI: -70 [da:ee:aa:ff:14:4b]

RSSI: -52 [da:ee:aa:ff:11:9a]

RSSI: -70 [da:ee:aa:ff:14:4b]

RSSI: -52 [da:ee:aa:ff:11:9a]

RSSI: -81 [da:ee:aa:ff:07:ec]

RSSI: -53 [da:ee:aa:ff:11:ba]

RSSI: -83 [da:ee:aa:ff:07:ec]

RSSI: -54 [da:ee:aa:ff:11:ba]

RSSI: -53 [da:ee:aa:ff:11:ba]

RSSI: -54 [da:ee:aa:ff:11:ba]

RSSI: -81 [da:ee:aa:ff:07:fc]

RSSI: -72 [da:ee:aa:ff:14:7b]

RSSI: -53 [da:ee:aa:ff:11:ba]

RSSI: -52 [da:ee:aa:ff:11:fa]

RSSI: -80 [da:ee:aa:ff:08:1c]

RSSI: -71 [da:ee:aa:ff:14:8b]

RSSI: -52 [da:ee:aa:ff:11:fa]

RSSI: -79 [da:ee:aa:ff:08:1c]

RSSI: -71 [da:ee:aa:ff:14:8b]

RSSI: -52 [da:ee:aa:ff:11:fa]

RSSI: -70 [da:ee:aa:ff:14:8b]

RSSI: -52 [da:ee:aa:ff:11:fa]

RSSI: -79 [da:ee:aa:ff:08:1c]

RSSI: -70 [da:ee:aa:ff:14:8b]

RSSI: -52 [da:ee:aa:ff:11:fa]

RSSI: -52 [da:ee:aa:ff:12:1a]

RSSI: -52 [da:ee:aa:ff:12:1a]

RSSI: -52 [da:ee:aa:ff:12:3a]

RSSI: -54 [da:ee:aa:ff:12:4a]

RSSI: -71 [da:ee:aa:ff:14:eb]

RSSI: -54 [da:ee:aa:ff:12:4a]

RSSI: -52 [da:ee:aa:ff:12:6a]

RSSI: -54 [da:ee:aa:ff:15:0b]

RSSI: -79 [da:ee:aa:ff:08:9c]

RSSI: -54 [da:ee:aa:ff:15:0b]

RSSI: -52 [da:ee:aa:ff:12:8a]

RSSI: -79 [da:ee:aa:ff:08:9c]

RSSI: -67 [da:ee:aa:ff:15:0b]

RSSI: -52 [da:ee:aa:ff:12:8a]

RSSI: -79 [da:ee:aa:ff:08:9c]

RSSI: -70 [da:ee:aa:ff:15:0b]

RSSI: -52 [da:ee:aa:ff:12:8a]

RSSI: -79 [da:ee:aa:ff:08:9c]

RSSI: -70 [da:ee:aa:ff:15:0b]

RSSI: -52 [da:ee:aa:ff:12:8a]

RSSI: -82 [da:ee:aa:ff:08:ac]

RSSI: -44 [da:ee:aa:ff:12:aa]

RSSI: -82 [da:ee:aa:ff:08:ac]

RSSI: -81 [da:ee:aa:ff:08:ac]

RSSI: -70 [da:ee:aa:ff:15:2b]

RSSI: -70 [da:ee:aa:ff:15:2b]

RSSI: -72 [da:ee:aa:ff:15:3b]

RSSI: -54 [da:ee:aa:ff:12:da]

RSSI: -54 [da:ee:aa:ff:12:da]

RSSI: -73 [da:ee:aa:ff:15:3b]

RSSI: -54 [da:ee:aa:ff:12:da]

RSSI: -54 [da:ee:aa:ff:12:da]

RSSI: -72 [da:ee:aa:ff:15:4b]

RSSI: -54 [da:ee:aa:ff:12:da]

RSSI: -72 [da:ee:aa:ff:15:4b]

RSSI: -52 [da:ee:aa:ff:12:ea]

RSSI: -70 [da:ee:aa:ff:15:5b]

RSSI: -70 [da:ee:aa:ff:15:5b]

RSSI: -81 [da:ee:aa:ff:09:0c]

RSSI: -52 [da:ee:aa:ff:12:fa]

RSSI: -70 [da:ee:aa:ff:15:5b]

RSSI: -52 [da:ee:aa:ff:12:fa]

RSSI: -70 [da:ee:aa:ff:15:5b]

RSSI: -80 [da:ee:aa:ff:09:0c]

RSSI: -83 [da:ee:aa:ff:09:1c]

RSSI: -52 [da:ee:aa:ff:13:1a]

RSSI: -81 [da:ee:aa:ff:09:1c]

RSSI: -70 [da:ee:aa:ff:15:8b]

RSSI: -52 [da:ee:aa:ff:13:1a]

RSSI: -82 [da:ee:aa:ff:09:1c]

RSSI: -70 [da:ee:aa:ff:15:8b]

RSSI: -73 [da:ee:aa:ff:15:9b]

RSSI: -54 [da:ee:aa:ff:13:3a]

RSSI: -72 [da:ee:aa:ff:15:9b]

RSSI: -54 [da:ee:aa:ff:13:3a]

RSSI: -72 [da:ee:aa:ff:15:9b]

RSSI: -53 [da:ee:aa:ff:13:3a]

RSSI: -66 [da:ee:aa:ff:09:5c]

RSSI: -54 [da:ee:aa:ff:13:3a]

RSSI: -72 [da:ee:aa:ff:15:ab]

RSSI: -54 [da:ee:aa:ff:13:3a]

RSSI: -72 [da:ee:aa:ff:15:ab]

RSSI: -52 [da:ee:aa:ff:13:4a]

RSSI: -52 [da:ee:aa:ff:13:4a]

RSSI: -52 [da:ee:aa:ff:13:5a]

RSSI: -70 [da:ee:aa:ff:15:bb]

RSSI: -52 [da:ee:aa:ff:13:6a]

RSSI: -70 [da:ee:aa:ff:15:db]

RSSI: -52 [da:ee:aa:ff:13:6a]

RSSI: -70 [da:ee:aa:ff:15:db]

RSSI: -52 [da:ee:aa:ff:13:6a]

RSSI: -70 [da:ee:aa:ff:15:db]

RSSI: -52 [da:ee:aa:ff:13:6a]

RSSI: -69 [da:ee:aa:ff:15:db]

RSSI: -81 [da:ee:aa:ff:09:bc]

RSSI: -72 [da:ee:aa:ff:15:eb]

RSSI: -82 [da:ee:aa:ff:09:bc]

RSSI: -72 [da:ee:aa:ff:15:eb]

RSSI: -40 [da:ee:aa:ff:13:9a]

RSSI: -40 [da:ee:aa:ff:13:9a]

RSSI: -72 [da:ee:aa:ff:16:0b]

RSSI: -81 [da:ee:aa:ff:09:cc]

RSSI: -40 [da:ee:aa:ff:13:9a]

RSSI: -73 [da:ee:aa:ff:16:0b]

RSSI: -71 [da:ee:aa:ff:16:2b]

RSSI: -52 [da:ee:aa:ff:13:aa]

RSSI: -52 [da:ee:aa:ff:13:aa]

RSSI: -80 [da:ee:aa:ff:09:dc]

RSSI: -52 [da:ee:aa:ff:13:aa]

RSSI: -80 [da:ee:aa:ff:09:dc]

RSSI: -52 [da:ee:aa:ff:13:aa]

RSSI: -80 [da:ee:aa:ff:09:dc]

RSSI: -52 [da:ee:aa:ff:13:ea]

RSSI: -70 [da:ee:aa:ff:16:4b]

RSSI: -52 [da:ee:aa:ff:13:ea]

RSSI: -69 [da:ee:aa:ff:16:4b]

RSSI: -52 [da:ee:aa:ff:13:ea]

RSSI: -82 [da:ee:aa:ff:0a:0c]

RSSI: -70 [da:ee:aa:ff:16:4b]

RSSI: -52 [da:ee:aa:ff:13:ea]

RSSI: -82 [da:ee:aa:ff:0a:0c]

RSSI: -70 [da:ee:aa:ff:16:4b]

RSSI: -52 [da:ee:aa:ff:13:ea]

RSSI: -54 [da:ee:aa:ff:14:0a]

RSSI: -81 [da:ee:aa:ff:0a:1c]

RSSI: -73 [da:ee:aa:ff:16:6b]

RSSI: -81 [da:ee:aa:ff:0a:1c]

RSSI: -54 [da:ee:aa:ff:14:2a]

RSSI: -81 [da:ee:aa:ff:0a:1c]

RSSI: -54 [da:ee:aa:ff:14:2a]

RSSI: -73 [da:ee:aa:ff:16:7b]

RSSI: -82 [da:ee:aa:ff:0a:1c]

RSSI: -54 [da:ee:aa:ff:14:2a]

RSSI: -73 [da:ee:aa:ff:16:7b]

RSSI: -52 [da:ee:aa:ff:14:3a]

RSSI: -71 [da:ee:aa:ff:0a:5c]

RSSI: -74 [da:ee:aa:ff:0a:5c]

RSSI: -52 [da:ee:aa:ff:14:6a]

RSSI: -70 [da:ee:aa:ff:00:3b]

RSSI: -51 [da:ee:aa:ff:14:6a]

RSSI: -65 [da:ee:aa:ff:00:3b]

RSSI: -52 [da:ee:aa:ff:14:6a]

RSSI: -51 [da:ee:aa:ff:14:6a]

RSSI: -54 [da:ee:aa:ff:00:3b]

RSSI: -51 [da:ee:aa:ff:14:6a]
