ff:15:8a]

RSSI: -71 [da:ee:aa:ff:03:1a]

RSSI: -83 [da:ee:aa:ff:03:eb]

RSSI: -68 [da:ee:aa:ff:09:6c]

RSSI: -71 [da:ee:aa:ff:03:1a]

RSSI: -83 [da:ee:aa:ff:03:eb]

RSSI: -71 [da:ee:aa:ff:03:1a]

RSSI: -82 [da:ee:aa:ff:03:eb]

RSSI: -76 [da:ee:aa:ff:09:6c]

RSSI: -71 [da:ee:aa:ff:03:1a]

RSSI: -71 [da:ee:aa:ff:03:1a]

RSSI: -69 [da:ee:aa:ff:03:4a]

RSSI: -84 [da:ee:aa:ff:09:ac]

RSSI: -76 [da:ee:aa:ff:04:1b]

RSSI: -69 [da:ee:aa:ff:03:4a]

RSSI: -76 [da:ee:aa:ff:04:1b]

RSSI: -69 [da:ee:aa:ff:03:4a]

RSSI: -83 [da:ee:aa:ff:09:ac]

RSSI: -75 [da:ee:aa:ff:04:1b]

RSSI: -70 [da:ee:aa:ff:03:4a]

RSSI: -76 [da:ee:aa:ff:04:1b]

RSSI: -70 [da:ee:aa:ff:03:4a]

RSSI: -75 [da:ee:aa:ff:04:1b]

RSSI: -75 [da:ee:aa:ff:04:3b]

RSSI: -77 [da:ee:aa:ff:03:6a]

RSSI: -77 [da:ee:aa:ff:03:6a]

RSSI: -76 [da:ee:aa:ff:03:7a]

RSSI: -83 [da:ee:aa:ff:09:dc]

RSSI: -77 [da:ee:aa:ff:03:7a]

RSSI: -70 [da:ee:aa:ff:03:8a]

RSSI: -83 [da:ee:aa:ff:09:fc]

RSSI: -82 [da:ee:aa:ff:04:6b]

RSSI: -70 [da:ee:aa:ff:03:8a]

RSSI: -84 [da:ee:aa:ff:09:fc]

RSSI: -82 [da:ee:aa:ff:04:6b]

RSSI: -71 [da:ee:aa:ff:03:8a]

RSSI: -84 [da:ee:aa:ff:09:fc]

RSSI: -82 [da:ee:aa:ff:04:6b]

RSSI: -70 [da:ee:aa:ff:03:8a]

RSSI: -82 [da:ee:aa:ff:04:6b]

RSSI: -71 [da:ee:aa:ff:03:8a]

RSSI: -84 [da:ee:aa:ff:09:fc]

RSSI: -82 [da:ee:aa:ff:04:6b]

RSSI: -83 [da:ee:aa:ff:0a:1c]

RSSI: -70 [da:ee:aa:ff:03:ba]

RSSI: -76 [da:ee:aa:ff:04:8b]

RSSI: -70 [da:ee:aa:ff:03:ba]

RSSI: -76 [da:ee:aa:ff:04:8b]

RSSI: -69 [da:ee:aa:ff:03:ba]

RSSI: -70 [da:ee:aa:ff:03:ba]

RSSI: -77 [da:ee:aa:ff:04:bb]

RSSI: -83 [da:ee:aa:ff:0a:3c]

RSSI: -84 [da:ee:aa:ff:0a:3c]

RSSI: -82 [da:ee:aa:ff:04:cb]

RSSI: -84 [da:ee:aa:ff:0a:6c]

RSSI: -84 [da:ee:aa:ff:0a:6c]

RSSI: -84 [da:ee:aa:ff:0a:6c]

RSSI: -71 [da:ee:aa:ff:03:fa]

RSSI: -72 [da:ee:aa:ff:03:fa]

RSSI: -82 [da:ee:aa:ff:04:db]

RSSI: -84 [da:ee:aa:ff:0a:6c]

RSSI: -69 [da:ee:aa:ff:04:2a]

RSSI: -69 [da:ee:aa:ff:04:2a]

RSSI: -84 [da:ee:aa:ff:0a:bc]

RSSI: -84 [da:ee:aa:ff:0a:bc]

RSSI: -84 [da:ee:aa:ff:0a:bc]

RSSI: -77 [da:ee:aa:ff:05:2b]

RSSI: -77 [da:ee:aa:ff:04:5a]

RSSI: -83 [da:ee:aa:ff:0a:bc]

RSSI: -77 [da:ee:aa:ff:05:2b]

RSSI: -73 [da:ee:aa:ff:04:7a]

RSSI: -73 [da:ee:aa:ff:04:7a]

RSSI: -72 [da:ee:aa:ff:04:7a]

RSSI: -72 [da:ee:aa:ff:04:7a]

RSSI: -73 [da:ee:aa:ff:04:7a]

RSSI: -83 [da:ee:aa:ff:0a:ec]

RSSI: -70 [da:ee:aa:ff:04:9a]

RSSI: -70 [da:ee:aa:ff:04:9a]

RSSI: -84 [da:ee:aa:ff:0a:ec]

RSSI: -84 [da:ee:aa:ff:0a:ec]

RSSI: -76 [da:ee:aa:ff:05:6b]

RSSI: -70 [da:ee:aa:ff:04:9a]

RSSI: -84 [da:ee:aa:ff:0a:ec]

RSSI: -76 [da:ee:aa:ff:05:6b]

RSSI: -78 [da:ee:aa:ff:04:ba]

RSSI: -83 [da:ee:aa:ff:0b:1c]

RSSI: -77 [da:ee:aa:ff:05:8b]

RSSI: -77 [da:ee:aa:ff:04:ba]

RSSI: -83 [da:ee:aa:ff:0b:1c]

RSSI: -77 [da:ee:aa:ff:05:8b]

RSSI: -77 [da:ee:aa:ff:04:ba]

RSSI: -84 [da:ee:aa:ff:0b:1c]

RSSI: -77 [da:ee:aa:ff:05:8b]

RSSI: -83 [da:ee:aa:ff:0b:1c]

RSSI: -77 [da:ee:aa:ff:05:8b]

RSSI: -78 [da:ee:aa:ff:04:ca]

RSSI: -84 [da:ee:aa:ff:0b:3c]

RSSI: -71 [da:ee:aa:ff:04:da]

RSSI: -84 [da:ee:aa:ff:0b:3c]

RSSI: -82 [da:ee:aa:ff:05:bb]

RSSI: -84 [da:ee:aa:ff:0b:5c]

RSSI: -75 [da:ee:aa:ff:05:db]

RSSI: -71 [da:ee:aa:ff:05:0a]

RSSI: -85 [da:ee:aa:ff:0b:5c]

RSSI: -76 [da:ee:aa:ff:05:db]

RSSI: -71 [da:ee:aa:ff:05:0a]

RSSI: -84 [da:ee:aa:ff:0b:5c]

RSSI: -71 [da:ee:aa:ff:05:0a]

RSSI: -84 [da:ee:aa:ff:0b:5c]

RSSI: -76 [da:ee:aa:ff:05:db]

RSSI: -71 [da:ee:aa:ff:05:0a]

RSSI: -77 [da:ee:aa:ff:05:1a]

RSSI: -76 [da:ee:aa:ff:06:0b]

RSSI: -76 [da:ee:aa:ff:05:1a]

RSSI: -76 [da:ee:aa:ff:05:1a]

RSSI: -81 [da:ee:aa:ff:06:1b]

RSSI: -69 [da:ee:aa:ff:05:3a]

RSSI: -85 [da:ee:aa:ff:0b:8c]

RSSI: -82 [da:ee:aa:ff:06:1b]

RSSI: -69 [da:ee:aa:ff:05:3a]

RSSI: -84 [da:ee:aa:ff:0b:8c]

RSSI: -81 [da:ee:aa:ff:06:1b]

RSSI: -69 [da:ee:aa:ff:05:3a]

RSSI: -84 [da:ee:aa:ff:0b:8c]

RSSI: -82 [da:ee:aa:ff:06:1b]

RSSI: -69 [da:ee:aa:ff:05:3a]

RSSI: -84 [da:ee:aa:ff:0b:8c]

RSSI: -82 [da:ee:aa:ff:06:1b]

RSSI: -69 [da:ee:aa:ff:05:3a]

RSSI: -71 [da:ee:aa:ff:05:5a]

RSSI: -76 [da:ee:aa:ff:06:4b]

RSSI: -84 [da:ee:aa:ff:0b:ac]

RSSI: -76 [da:ee:aa:ff:06:4b]

RSSI: -71 [da:ee:aa:ff:05:6a]

RSSI: -68 [da:ee:aa:ff:06:4b]

RSSI: -71 [da:ee:aa:ff:05:6a]

RSSI: -84 [da:ee:aa:ff:0b:ac]

RSSI: -71 [da:ee:aa:ff:05:6a]

RSSI: -61 [da:ee:aa:ff:06:6b]

RSSI: -77 [da:ee:aa:ff:06:6b]

RSSI: -77 [da:ee:aa:ff:06:6b]

RSSI: -77 [da:ee:aa:ff:06:6b]

RSSI: -76 [da:ee:aa:ff:05:7a]

RSSI: -82 [da:ee:aa:ff:0b:dc]

RSSI: -69 [da:ee:aa:ff:05:9a]

RSSI: -81 [da:ee:aa:ff:06:ab]

RSSI: -69 [da:ee:aa:ff:05:9a]

RSSI: -81 [da:ee:aa:ff:06:ab]

RSSI: -70 [da:ee:aa:ff:05:9a]

RSSI: -81 [da:ee:aa:ff:06:ab]

RSSI: -69 [da:ee:aa:ff:05:9a]

RSSI: -82 [da:ee:aa:ff:06:ab]

RSSI: -75 [da:ee:aa:ff:06:cb]

RSSI: -62 [da:ee:aa:ff:05:ba]

RSSI: -76 [da:ee:aa:ff:06:cb]

RSSI: -76 [da:ee:aa:ff:06:cb]

RSSI: -84 [da:ee:aa:ff:0c:1c]

RSSI: -63 [da:ee:aa:ff:05:da]

RSSI: -76 [da:ee:aa:ff:06:eb]

RSSI: -75 [da:ee:aa:ff:05:fa]

RSSI: -77 [da:ee:aa:ff:06:fb]

RSSI: -83 [da:ee:aa:ff:0c:2c]

RSSI: -75 [da:ee:aa:ff:05:fa]

RSSI: -76 [da:ee:aa:ff:06:fb]

RSSI: -83 [da:ee:aa:ff:0c:2c]

RSSI: -75 [da:ee:aa:ff:05:fa]

RSSI: -77 [da:ee:aa:ff:06:fb]

RSSI: -83 [da:ee:aa:ff:0c:2c]

RSSI: -75 [da:ee:aa:ff:05:fa]

RSSI: -77 [da:ee:aa:ff:06:fb]

RSSI: -83 [da:ee:aa:ff:0c:2c]

RSSI: -74 [da:ee:aa:ff:05:fa]

RSSI: -81 [da:ee:aa:ff:07:1b]

RSSI: -82 [da:ee:aa:ff:07:1b]

RSSI: -82 [da:ee:aa:ff:07:1b]

RSSI: -81 [da:ee:aa:ff:07:3b]

RSSI: -70 [da:ee:aa:ff:06:3a]

RSSI: -71 [da:ee:aa:ff:06:3a]

RSSI: -76 [da:ee:aa:ff:07:5b]

RSSI: -76 [da:ee:aa:ff:07:5b]

RSSI: -70 [da:ee:aa:ff:06:4a]

RSSI: -76 [da:ee:aa:ff:07:5b]

RSSI: -71 [da:ee:aa:ff:06:4a]

RSSI: -75 [da:ee:aa:ff:06:5a]

RSSI: -77 [da:ee:aa:ff:07:6b]

RSSI: -83 [da:ee:aa:ff:0c:8c]

RSSI: -75 [da:ee:aa:ff:06:5a]

RSSI: -77 [da:ee:aa:ff:07:6b]

RSSI: -76 [da:ee:aa:ff:06:5a]

RSSI: -84 [da:ee:aa:ff:0c:8c]

RSSI: -75 [da:ee:aa:ff:06:5a]

RSSI: -61 [da:ee:aa:ff:07:8b]

RSSI: -83 [da:ee:aa:ff:0c:8c]

RSSI: -74 [da:ee:aa:ff:06:5a]

RSSI: -64 [da:ee:aa:ff:07:8b]

RSSI: -71 [da:ee:aa:ff:06:7a]

RSSI: -70 [da:ee:aa:ff:07:ab]

RSSI: -71 [da:ee:aa:ff:06:7a]

RSSI: -71 [da:ee:aa:ff:06:7a]

RSSI: -81 [da:ee:aa:ff:07:ab]

RSSI: -71 [da:ee:aa:ff:06:7a]

RSSI: -70 [da:ee:aa:ff:06:9a]

RSSI: -76 [da:ee:aa:ff:07:cb]

RSSI: -70 [da:ee:aa:ff:06:9a]

RSSI: -84 [da:ee:aa:ff:0c:dc]

RSSI: -70 [da:ee:aa:ff:06:9a]

RSSI: -76 [da:ee:aa:ff:07:eb]

RSSI: -76 [da:ee:aa:ff:07:eb]

RSSI: -77 [da:ee:aa:ff:07:fb]

RSSI: -77 [da:ee:aa:ff:07:fb]

RSSI: -83 [da:ee:aa:ff:0d:0c]

RSSI: -78 [da:ee:aa:ff:07:fb]

RSSI: -77 [da:ee:aa:ff:07:fb]

RSSI: -75 [da:ee:aa:ff:06:ca]

RSSI: -82 [da:ee:aa:ff:0d:0c]

RSSI: -77 [da:ee:aa:ff:07:fb]

RSSI: -74 [da:ee:aa:ff:06:ca]

RSSI: -83 [da:ee:aa:ff:0d:2c]

RSSI: -81 [da:ee:aa:ff:08:0b]

RSSI: -84 [da:ee:aa:ff:0d:2c]

RSSI: -71 [da:ee:aa:ff:06:ea]

RSSI: -84 [da:ee:aa:ff:0d:2c]

RSSI: -81 [da:ee:aa:ff:08:2b]

RSSI: -71 [da:ee:aa:ff:06:ea]

RSSI: -81 [da:ee:aa:ff:08:2b]

RSSI: -71 [da:ee:aa:ff:06:ea]

RSSI: -81 [da:ee:aa:ff:08:2b]

RSSI: -76 [da:ee:aa:ff:08:3b]

RSSI: -75 [da:ee:aa:ff:08:3b]

RSSI: -70 [da:ee:aa:ff:07:0a]

RSSI: -76 [da:ee:aa:ff:08:3b]

RSSI: -70 [da:ee:aa:ff:07:0a]

RSSI: -75 [da:ee:aa:ff:08:3b]

RSSI: -76 [da:ee:aa:ff:08:3b]

RSSI: -83 [da:ee:aa:ff:0d:6c]

RSSI: -75 [da:ee:aa:ff:07:2a]

RSSI: -77 [da:ee:aa:ff:08:7b]

RSSI: -75 [da:ee:aa:ff:07:2a]

RSSI: -75 [da:ee:aa:ff:07:2a]

RSSI: -76 [da:ee:aa:ff:07:2a]

RSSI: -72 [da:ee:aa:ff:07:4a]

RSSI: -81 [da:ee:aa:ff:08:8b]

RSSI: -83 [da:ee:aa:ff:0d:9c]

RSSI: -81 [da:ee:aa:ff:08:8b]

RSSI: -83 [da:ee:aa:ff:0d:9c]

RSSI: -81 [da:ee:aa:ff:08:8b]

RSSI: -83 [da:ee:aa:ff:0d:9c]

RSSI: -81 [da:ee:aa:ff:08:8b]

RSSI: -83 [da:ee:aa:ff:0d:9c]

RSSI: -62 [da:ee:aa:ff:08:cb]

RSSI: -69 [da:ee:aa:ff:07:6a]

RSSI: -76 [da:ee:aa:ff:08:cb]

RSSI: -71 [da:ee:aa:ff:08:cb]

RSSI: -69 [da:ee:aa:ff:07:6a]

RSSI: -65 [da:ee:aa:ff:08:cb]

RSSI: -83 [da:ee:aa:ff:0d:cc]

RSSI: -77 [da:ee:aa:ff:08:db]

RSSI: -77 [da:ee:aa:ff:08:db]

RSSI: -61 [da:ee:aa:ff:07:aa]

RSSI: -77 [da:ee:aa:ff:08:db]

RSSI: -77 [da:ee:aa:ff:08:db]

RSSI: -84 [da:ee:aa:ff:0e:1c]

RSSI: -72 [da:ee:aa:ff:07:ba]

RSSI: -81 [da:ee:aa:ff:09:1b]

RSSI: -83 [da:ee:aa:ff:0e:1c]

RSSI: -81 [da:ee:aa:ff:09:1b]

RSSI: -81 [da:ee:aa:ff:09:1b]

RSSI: -73 [da:ee:aa:ff:07:da]

RSSI: -81 [da:ee:aa:ff:09:1b]

RSSI: -72 [da:ee:aa:ff:07:da]

RSSI: -69 [da:ee:aa:ff:07:ea]

RSSI: -83 [da:ee:aa:ff:0e:3c]

RSSI: -76 [da:ee:aa:ff:09:2b]

RSSI: -76 [da:ee:aa:ff:09:2b]

RSSI: -70 [da:ee:aa:ff:07:ea]

RSSI: -76 [da:ee:aa:ff:09:2b]

RSSI: -76 [da:ee:aa:ff:09:4b]

RSSI: -77 [da:ee:aa:ff:09:6b]

RSSI: -72 [da:ee:aa:ff:0e:6c]

RSSI: -74 [da:ee:aa:ff:08:0a]

RSSI: -77 [da:ee:aa:ff:09:6b]

RSSI: -68 [da:ee:aa:ff:0e:6c]

RSSI: -74 [da:ee:aa:ff:08:0a]

RSSI: -77 [da:ee:aa:ff:09:6b]

RSSI: -82 [da:ee:aa:ff:0e:6c]

RSSI: -74 [da:ee:aa:ff:08:0a]

RSSI: -77 [da:ee:aa:ff:09:6b]

RSSI: -82 [da:ee:aa:ff:0e:6c]

RSSI: -74 [da:ee:aa:ff:08:0a]

RSSI: -76 [da:ee:aa:ff:09:6b]

RSSI: -83 [da:ee:aa:ff:0e:6c]

RSSI: -72 [da:ee:aa:ff:08:2a]

RSSI: -81 [da:ee:aa:ff:09:7b]

RSSI: -84 [da:ee:aa:ff:0e:8c]

RSSI: -72 [da:ee:aa:ff:08:2a]

RSSI: -81 [da:ee:aa:ff:09:7b]

RSSI: -84 [da:ee:aa:ff:0e:8c]

RSSI: -69 [da:ee:aa:ff:08:4a]

RSSI: -75 [da:ee:aa:ff:09:bb]

RSSI: -70 [da:ee:aa:ff:08:4a]

RSSI: -69 [da:ee:aa:ff:08:4a]

RSSI: -76 [da:ee:aa:ff:09:bb]

RSSI: -69 [da:ee:aa:ff:08:4a]

RSSI: -75 [da:ee:aa:ff:09:bb]

RSSI: -69 [da:ee:aa:ff:08:4a]

RSSI: -75 [da:ee:aa:ff:09:bb]

RSSI: -70 [da:ee:aa:ff:09:cb]

RSSI: -82 [da:ee:aa:ff:0e:cc]

RSSI: -77 [da:ee:aa:ff:09:cb]

RSSI: -74 [da:ee:aa:ff:08:7a]

RSSI: -76 [da:ee:aa:ff:09:cb]

RSSI: -83 [da:ee:aa:ff:0e:cc]

RSSI: -74 [da:ee:aa:ff:08:7a]

RSSI: -82 [da:ee:aa:ff:0e:cc]

RSSI: -83 [da:ee:aa:ff:0e:cc]

RSSI: -81 [da:ee:aa:ff:0a:0b]

RSSI: -81 [da:ee:aa:ff:0a:0b]

RSSI: -81 [da:ee:aa:ff:0a:0b]

RSSI: -80 [da:ee:aa:ff:0a:0b]

RSSI: -84 [da:ee:aa:ff:0f:0c]

RSSI: -81 [da:ee:aa:ff:0a:0b]

RSSI: -84 [da:ee:aa:ff:0f:0c]

RSSI: -70 [da:ee:aa:ff:08:ba]

RSSI: -76 [da:ee:aa:ff:0a:1b]

RSSI: -71 [da:ee:aa:ff:08:ba]

RSSI: -76 [da:ee:aa:ff:0a:1b]

RSSI: -71 [da:ee:aa:ff:08:ba]

RSSI: -76 [da:ee:aa:ff:0a:3b]

RSSI: -70 [da:ee:aa:ff:08:ba]

RSSI: -75 [da:ee:aa:ff:0a:3b]

RSSI: -71 [da:ee:aa:ff:08:ba]

RSSI: -76 [da:ee:aa:ff:0a:5b]

RSSI: -76 [da:ee:aa:ff:0a:5b]

RSSI: -74 [da:ee:aa:ff:08:ea]

RSSI: -76 [da:ee:aa:ff:0a:5b]

RSSI: -74 [da:ee:aa:ff:08:ea]

RSSI: -76 [da:ee:aa:ff:0a:5b]

RSSI: -76 [da:ee:aa:ff:0a:5b]

RSSI: -84 [da:ee:aa:ff:0f:6c]

RSSI: -71 [da:ee:aa:ff:08:fa]

RSSI: -81 [da:ee:aa:ff:0a:6b]

RSSI: -84 [da:ee:aa:ff:0f:6c]

RSSI: -71 [da:ee:aa:ff:08:fa]

RSSI: -84 [da:ee:aa:ff:0f:6c]

RSSI: -71 [da:ee:aa:ff:08:fa]

RSSI: -71 [da:ee:aa:ff:08:fa]

RSSI: -81 [da:ee:aa:ff:0a:8b]

RSSI: -85 [da:ee:aa:ff:0f:ac]

RSSI: -71 [da:ee:aa:ff:09:2a]

RSSI: -76 [da:ee:aa:ff:0a:ab]

RSSI: -83 [da:ee:aa:ff:0f:ac]

RSSI: -71 [da:ee:aa:ff:09:2a]

RSSI: -75 [da:ee:aa:ff:0a:ab]

RSSI: -84 [da:ee:aa:ff:0f:ac]

RSSI: -71 [da:ee:aa:ff:09:2a]

RSSI: -76 [da:ee:aa:ff:0a:ab]

RSSI: -84 [da:ee:aa:ff:0f:ac]

RSSI: -71 [da:ee:aa:ff:09:2a]

RSSI: -76 [da:ee:aa:ff:0a:ab]

RSSI: -84 [da:ee:aa:ff:0f:ac]

RSSI: -70 [da:ee:aa:ff:09:2a]

RSSI: -72 [da:ee:aa:ff:09:3a]

RSSI: -82 [da:ee:aa:ff:0f:cc]

RSSI: -73 [da:ee:aa:ff:09:3a]

RSSI: -77 [da:ee:aa:ff:0a:eb]

RSSI: -72 [da:ee:aa:ff:09:4a]

RSSI: -73 [da:ee:aa:ff:09:4a]

RSSI: -85 [da:ee:aa:ff:0f:ec]

RSSI: -81 [da:ee:aa:ff:0b:0b]

RSSI: -85 [da:ee:aa:ff:0f:ec]

RSSI: -85 [da:ee:aa:ff:0f:ec]

RSSI: -86 [da:ee:aa:ff:0f:ec]

RSSI: -60 [da:ee:aa:ff:09:8a]

RSSI: -75 [da:ee:aa:ff:0b:3b]

RSSI: -70 [da:ee:aa:ff:09:8a]

RSSI: -84 [da:ee:aa:ff:10:2c]

RSSI: -76 [da:ee:aa:ff:0b:3b]

RSSI: -83 [da:ee:aa:ff:10:2c]

RSSI: -83 [da:ee:aa:ff:10:2c]

RSSI: -76 [da:ee:aa:ff:0b:5b]

RSSI: -76 [da:ee:aa:ff:0b:5b]

RSSI: -76 [da:ee:aa:ff:0b:5b]

RSSI: -76 [da:ee:aa:ff:0b:5b]

RSSI: -76 [da:ee:aa:ff:0b:5b]

RSSI: -79 [da:ee:aa:ff:10:7c]

RSSI: -81 [da:ee:aa:ff:0b:8b]

RSSI: -70 [da:ee:aa:ff:09:fa]

RSSI: -81 [da:ee:aa:ff:0b:8b]

RSSI: -71 [da:ee:aa:ff:09:fa]

RSSI: -81 [da:ee:aa:ff:0b:8b]

RSSI: -71 [da:ee:aa:ff:09:fa]

RSSI: -81 [da:ee:aa:ff:0b:8b]

RSSI: -70 [da:ee:aa:ff:09:fa]

RSSI: -75 [da:ee:aa:ff:0b:ab]

RSSI: -71 [da:ee:aa:ff:0a:1a]

RSSI: -84 [da:ee:aa:ff:10:8c]

RSSI: -76 [da:ee:aa:ff:0b:ab]

RSSI: -71 [da:ee:aa:ff:0a:1a]

RSSI: -75 [da:ee:aa:ff:0b:ab]

RSSI: -71 [da:ee:aa:ff:0a:1a]

RSSI: -75 [da:ee:aa:ff:0b:ab]

RSSI: -71 [da:ee:aa:ff:0a:2a]

RSSI: -82 [da:ee:aa:ff:10:bc]

RSSI: -72 [da:ee:aa:ff:0a:3a]

RSSI: -76 [da:ee:aa:ff:0b:db]

RSSI: -72 [da:ee:aa:ff:0a:3a]

RSSI: -77 [da:ee:aa:ff:0b:db]

RSSI: -72 [da:ee:aa:ff:0a:3a]

RSSI: -76 [da:ee:aa:ff:0b:db]

RSSI: -72 [da:ee:aa:ff:0a:3a]

RSSI: -76 [da:ee:aa:ff:0b:db]

RSSI: -80 [da:ee:aa:ff:0b:fb]

RSSI: -81 [da:ee:aa:ff:0b:fb]

RSSI: -84 [da:ee:aa:ff:10:dc]

RSSI: -80 [da:ee:aa:ff:0b:fb]

RSSI: -69 [da:ee:aa:ff:0a:5a]

RSSI: -70 [da:ee:aa:ff:0a:5a]

RSSI: -70 [da:ee:aa:ff:0a:5a]

RSSI: -70 [da:ee:aa:ff:0a:6a]

RSSI: -70 [da:ee:aa:ff:0a:6a]

RSSI: -71 [da:ee:aa:ff:0a:6a]

RSSI: -59 [da:ee:aa:ff:0c:2b]

RSSI: -71 [da:ee:aa:ff:0a:6a]

RSSI: -59 [da:ee:aa:ff:0c:2b]

RSSI: -77 [da:ee:aa:ff:0c:3b]

RSSI: -60 [da:ee:aa:ff:0a:9a]

RSSI: -77 [da:ee:aa:ff:0c:3b]

RSSI: -77 [da:ee:aa:ff:0c:3b]

RSSI: -82 [da:ee:aa:ff:11:1c]

RSSI: -81 [da:ee:aa:ff:0c:7b]

RSSI: -70 [da:ee:aa:ff:0a:ba]

RSSI: -81 [da:ee:aa:ff:0c:7b]

RSSI: -81 [da:ee:aa:ff:0c:7b]

RSSI: -81 [da:ee:aa:ff:0c:7b]

RSSI: -69 [da:ee:aa:ff:0a:da]

RSSI: -81 [da:ee:aa:ff:0c:7b]

RSSI: -84 [da:ee:aa:ff:11:4c]

RSSI: -70 [da:ee:aa:ff:0a:da]

RSSI: -71 [da:ee:aa:ff:0a:ea]

RSSI: -75 [da:ee:aa:ff:0c:8b]

RSSI: -71 [da:ee:aa:ff:0a:ea]

RSSI: -76 [da:ee:aa:ff:0c:8b]

RSSI: -71 [da:ee:aa:ff:0a:ea]

RSSI: -71 [da:ee:aa:ff:0a:ea]

RSSI: -81 [da:ee:aa:ff:11:6c]

RSSI: -71 [da:ee:aa:ff:0a:ea]

RSSI: -75 [da:ee:aa:ff:0c:ab]

RSSI: -77 [da:ee:aa:ff:0c:cb]

RSSI: -73 [da:ee:aa:ff:0b:1a]

RSSI: -77 [da:ee:aa:ff:0c:cb]

RSSI: -72 [da:ee:aa:ff:0b:1a]

RSSI: -73 [da:ee:aa:ff:0b:1a]

RSSI: -72 [da:ee:aa:ff:0b:1a]

RSSI: -72 [da:ee:aa:ff:0b:1a]

RSSI: -70 [da:ee:aa:ff:0b:3a]

RSSI: -84 [da:ee:aa:ff:11:ac]

RSSI: -81 [da:ee:aa:ff:0c:eb]

RSSI: -70 [da:ee:aa:ff:0b:3a]

RSSI: -84 [da:ee:aa:ff:11:ac]

RSSI: -84 [da:ee:aa:ff:11:ac]

RSSI: -84 [da:ee:aa:ff:11:ac]

RSSI: -70 [da:ee:aa:ff:0b:4a]

RSSI: -84 [da:ee:aa:ff:11:cc]

RSSI: -75 [da:ee:aa:ff:0d:0b]

RSSI: -71 [da:ee:aa:ff:0b:5a]

RSSI: -75 [da:ee:aa:ff:0d:0b]

RSSI: -71 [da:ee:aa:ff:0b:5a]

RSSI: -84 [da:ee:aa:ff:11:cc]

RSSI: -75 [da:ee:aa:ff:0d:0b]

RSSI: -72 [da:ee:aa:ff:0b:5a]

RSSI: -84 [da:ee:aa:ff:11:cc]

RSSI: -75 [da:ee:aa:ff:0d:0b]

RSSI: -71 [da:ee:aa:ff:0b:5a]

RSSI: -84 [da:ee:aa:ff:11:cc]

RSSI: -76 [da:ee:aa:ff:0d:0b]

RSSI: -77 [da:ee:aa:ff:0d:2b]

RSSI: -77 [da:ee:aa:ff:0d:2b]

RSSI: -72 [da:ee:aa:ff:0b:8a]

RSSI: -60 [da:ee:aa:ff:0d:3b]

RSSI: -84 [da:ee:aa:ff:12:0c]

RSSI: -70 [da:ee:aa:ff:0b:9a]

RSSI: -85 [da:ee:aa:ff:12:0c]

RSSI: -70 [da:ee:aa:ff:0b:9a]

RSSI: -84 [da:ee:aa:ff:12:0c]

RSSI: -84 [da:ee:aa:ff:12:0c]

RSSI: -81 [da:ee:aa:ff:0d:5b]

RSSI: -75 [da:ee:aa:ff:0d:7b]

RSSI: -71 [da:ee:aa:ff:0b:ba]

RSSI: -71 [da:ee:aa:ff:0b:ba]

RSSI: -83 [da:ee:aa:ff:12:3c]

RSSI: -71 [da:ee:aa:ff:0b:ba]

RSSI: -75 [da:ee:aa:ff:0d:9b]

RSSI: -71 [da:ee:aa:ff:0b:ba]

RSSI: -83 [da:ee:aa:ff:12:3c]

RSSI: -75 [da:ee:aa:ff:0d:9b]

RSSI: -72 [da:ee:aa:ff:0b:ba]

RSSI: -73 [da:ee:aa:ff:0b:ca]

RSSI: -77 [da:ee:aa:ff:0d:bb]

RSSI: -77 [da:ee:aa:ff:0d:bb]

RSSI: -78 [da:ee:aa:ff:12:4c]

RSSI: -73 [da:ee:aa:ff:0b:ea]

RSSI: -77 [da:ee:aa:ff:0d:bb]

RSSI: -73 [da:ee:aa:ff:0b:ea]

RSSI: -77 [da:ee:aa:ff:0d:bb]

RSSI: -83 [da:ee:aa:ff:12:4c]

RSSI: -73 [da:ee:aa:ff:0b:ea]

RSSI: -77 [da:ee:aa:ff:0d:bb]

RSSI: -82 [da:ee:aa:ff:0d:fb]

RSSI: -82 [da:ee:aa:ff:0d:fb]

RSSI: -71 [da:ee:aa:ff:0c:2a]

RSSI: -71 [da:ee:aa:ff:0c:2a]

RSSI: -71 [da:ee:aa:ff:0c:2a]

RSSI: -76 [da:ee:aa:ff:0e:0b]

RSSI: -76 [da:ee:aa:ff:0e:0b]

RSSI: -70 [da:ee:aa:ff:0c:2a]

RSSI: -74 [da:ee:aa:ff:0c:4a]

RSSI: -82 [da:ee:aa:ff:12:dc]

RSSI: -74 [da:ee:aa:ff:0c:4a]

RSSI: -82 [da:ee:aa:ff:12:dc]

RSSI: -74 [da:ee:aa:ff:0c:6a]

RSSI: -78 [da:ee:aa:ff:0e:3b]

RSSI: -73 [da:ee:aa:ff:0c:6a]

RSSI: -82 [da:ee:aa:ff:0e:4b]

RSSI: -83 [da:ee:aa:ff:0e:4b]

RSSI: -85 [da:ee:aa:ff:13:0c]

RSSI: -82 [da:ee:aa:ff:0e:4b]

RSSI: -84 [da:ee:aa:ff:13:0c]

RSSI: -65 [da:ee:aa:ff:0c:7a]

RSSI: -82 [da:ee:aa:ff:0e:4b]

RSSI: -84 [da:ee:aa:ff:13:0c]

RSSI: -70 [da:ee:aa:ff:0c:9a]

RSSI: -84 [da:ee:aa:ff:13:1c]

RSSI: -71 [da:ee:aa:ff:0c:9a]

RSSI: -74 [da:ee:aa:ff:0e:7b]

RSSI: -71 [da:ee:aa:ff:0c:9a]

RSSI: -84 [da:ee:aa:ff:13:1c]

RSSI: -58 [da:ee:aa:ff:0e:7b]

RSSI: -71 [da:ee:aa:ff:0c:9a]

RSSI: -71 [da:ee:aa:ff:0c:9a]

RSSI: -73 [da:ee:aa:ff:0c:aa]

RSSI: -77 [da:ee:aa:ff:0e:9b]

RSSI: -82 [da:ee:aa:ff:13:4c]

RSSI: -73 [da:ee:aa:ff:0c:aa]

RSSI: -77 [da:ee:aa:ff:0e:9b]

RSSI: -73 [da:ee:aa:ff:0c:aa]

RSSI: -77 [da:ee:aa:ff:0e:9b]

RSSI: -83 [da:ee:aa:ff:13:4c]

RSSI: -78 [da:ee:aa:ff:0e:9b]

RSSI: -83 [da:ee:aa:ff:13:4c]

RSSI: -73 [da:ee:aa:ff:0c:ca]

RSSI: -82 [da:ee:aa:ff:0e:bb]

RSSI: -71 [da:ee:aa:ff:0c:da]

RSSI: -82 [da:ee:aa:ff:0e:bb]

RSSI: -70 [da:ee:aa:ff:0c:da]

RSSI: -82 [da:ee:aa:ff:0e:bb]

RSSI: -70 [da:ee:aa:ff:0c:da]

RSSI: -83 [da:ee:aa:ff:13:8c]

RSSI: -70 [da:ee:aa:ff:0c:fa]

RSSI: -76 [da:ee:aa:ff:0e:db]

RSSI: -70 [da:ee:aa:ff:0c:fa]

RSSI: -84 [da:ee:aa:ff:13:8c]

RSSI: -71 [da:ee:aa:ff:0c:fa]

RSSI: -83 [da:ee:aa:ff:13:8c]

RSSI: -85 [da:ee:aa:ff:13:8c]

RSSI: -82 [da:ee:aa:ff:13:ac]

RSSI: -73 [da:ee:aa:ff:0d:0a]

RSSI: -78 [da:ee:aa:ff:0f:0b]

RSSI: -73 [da:ee:aa:ff:0d:0a]

RSSI: -78 [da:ee:aa:ff:0f:0b]

RSSI: -73 [da:ee:aa:ff:0d:0a]

RSSI: -79 [da:ee:aa:ff:0f:0b]

RSSI: -78 [da:ee:aa:ff:0f:0b]

RSSI: -71 [da:ee:aa:ff:0d:3a]

RSSI: -83 [da:ee:aa:ff:0f:2b]

RSSI: -72 [da:ee:aa:ff:0d:3a]

RSSI: -82 [da:ee:aa:ff:0f:2b]

RSSI: -72 [da:ee:aa:ff:0d:3a]

RSSI: -83 [da:ee:aa:ff:0f:2b]

RSSI: -71 [da:ee:aa:ff:0d:3a]

RSSI: -83 [da:ee:aa:ff:0f:2b]

RSSI: -73 [da:ee:aa:ff:0d:3a]

RSSI: -84 [da:ee:aa:ff:13:fc]

RSSI: -76 [da:ee:aa:ff:0f:5b]

RSSI: -65 [da:ee:aa:ff:0d:6a]

RSSI: -76 [da:ee:aa:ff:0f:5b]

RSSI: -57 [da:ee:aa:ff:0d:6a]

RSSI: -76 [da:ee:aa:ff:0f:5b]

RSSI: -84 [da:ee:aa:ff:13:fc]

RSSI: -57 [da:ee:aa:ff:0d:6a]

RSSI: -76 [da:ee:aa:ff:0f:5b]

RSSI: -73 [da:ee:aa:ff:0d:7a]

RSSI: -73 [da:ee:aa:ff:0d:7a]

RSSI: -73 [da:ee:aa:ff:0f:7b]

RSSI: -83 [da:ee:aa:ff:14:1c]

RSSI: -73 [da:ee:aa:ff:0d:7a]

RSSI: -62 [da:ee:aa:ff:0f:7b]

RSSI: -73 [da:ee:aa:ff:0d:7a]

RSSI: -83 [da:ee:aa:ff:14:2c]

RSSI: -72 [da:ee:aa:ff:0d:aa]

RSSI: -83 [da:ee:aa:ff:0f:ab]

RSSI: -84 [da:ee:aa:ff:14:3c]

RSSI: -72 [da:ee:aa:ff:0d:aa]

RSSI: -82 [da:ee:aa:ff:0f:ab]

RSSI: -84 [da:ee:aa:ff:14:3c]

RSSI: -72 [da:ee:aa:ff:0d:aa]

RSSI: -83 [da:ee:aa:ff:0f:ab]

RSSI: -84 [da:ee:aa:ff:14:3c]

RSSI: -72 [da:ee:aa:ff:0d:aa]

RSSI: -83 [da:ee:aa:ff:0f:ab]

RSSI: -84 [da:ee:aa:ff:14:3c]

RSSI: -72 [da:ee:aa:ff:0d:aa]

RSSI: -83 [da:ee:aa:ff:0f:ab]

RSSI: -76 [da:ee:aa:ff:0f:cb]

RSSI: -71 [da:ee:aa:ff:0d:ba]

RSSI: -76 [da:ee:aa:ff:0f:cb]

RSSI: -84 [da:ee:aa:ff:14:4c]

RSSI: -76 [da:ee:aa:ff:0f:cb]

RSSI: -71 [da:ee:aa:ff:0d:ca]

RSSI: -71 [da:ee:aa:ff:0d:ca]

RSSI: -75 [da:ee:aa:ff:0f:eb]

RSSI: -73 [da:ee:aa:ff:0d:da]

RSSI: -78 [da:ee:aa:ff:10:0b]

RSSI: -73 [da:ee:aa:ff:0d:da]

RSSI: -73 [da:ee:aa:ff:0d:da]

RSSI: -78 [da:ee:aa:ff:10:0b]

RSSI: -72 [da:ee:aa:ff:0d:da]

RSSI: -78 [da:ee:aa:ff:10:0b]

RSSI: -72 [da:ee:aa:ff:0d:da]

RSSI: -82 [da:ee:aa:ff:10:2b]

RSSI: -73 [da:ee:aa:ff:0e:0a]

RSSI: -83 [da:ee:aa:ff:14:9c]

RSSI: -73 [da:ee:aa:ff:0e:0a]

RSSI: -83 [da:ee:aa:ff:14:9c]

RSSI: -73 [da:ee:aa:ff:0e:0a]

RSSI: -73 [da:ee:aa:ff:0e:0a]

RSSI: -82 [da:ee:aa:ff:10:4b]

RSSI: -84 [da:ee:aa:ff:14:9c]

RSSI: -83 [da:ee:aa:ff:14:ac]

RSSI: -83 [da:ee:aa:ff:14:ac]

RSSI: -84 [da:ee:aa:ff:14:ac]

RSSI: -76 [da:ee:aa:ff:10:5b]

RSSI: -56 [da:ee:aa:ff:0e:3a]

RSSI: -84 [da:ee:aa:ff:14:cc]

RSSI: -64 [da:ee:aa:ff:0e:3a]

RSSI: -84 [da:ee:aa:ff:14:fc]

RSSI: -74 [da:ee:aa:ff:0e:6a]

RSSI: -82 [da:ee:aa:ff:10:ab]

RSSI: -74 [da:ee:aa:ff:0e:6a]

RSSI: -84 [da:ee:aa:ff:15:1c]

RSSI: -74 [da:ee:aa:ff:0e:6a]

RSSI: -76 [da:ee:aa:ff:10:cb]

RSSI: -70 [da:ee:aa:ff:0e:7a]

RSSI: -70 [da:ee:aa:ff:0e:7a]

RSSI: -83 [da:ee:aa:ff:15:2c]

RSSI: -76 [da:ee:aa:ff:10:eb]

RSSI: -70 [da:ee:aa:ff:0e:7a]

RSSI: -84 [da:ee:aa:ff:15:2c]

RSSI: -76 [da:ee:aa:ff:10:eb]

RSSI: -84 [da:ee:aa:ff:15:2c]

RSSI: -77 [da:ee:aa:ff:10:eb]

RSSI: -74 [da:ee:aa:ff:0e:aa]

RSSI: -79 [da:ee:aa:ff:10:fb]

RSSI: -74 [da:ee:aa:ff:0e:aa]

RSSI: -78 [da:ee:aa:ff:10:fb]

RSSI: -73 [da:ee:aa:ff:0e:aa]

RSSI: -78 [da:ee:aa:ff:10:fb]

RSSI: -74 [da:ee:aa:ff:0e:aa]

RSSI: -78 [da:ee:aa:ff:10:fb]

RSSI: -73 [da:ee:aa:ff:0e:aa]

RSSI: -78 [da:ee:aa:ff:10:fb]

RSSI: -74 [da:ee:aa:ff:0e:ba]

RSSI: -82 [da:ee:aa:ff:11:1b]

RSSI: -84 [da:ee:aa:ff:15:6c]

RSSI: -83 [da:ee:aa:ff:15:6c]

RSSI: -83 [da:ee:aa:ff:11:3b]

RSSI: -75 [da:ee:aa:ff:0e:ca]

RSSI: -83 [da:ee:aa:ff:11:3b]

RSSI: -74 [da:ee:aa:ff:0e:ca]

RSSI: -82 [da:ee:aa:ff:15:9c]

RSSI: -69 [da:ee:aa:ff:0e:da]

RSSI: -84 [da:ee:aa:ff:15:9c]

RSSI: -70 [da:ee:aa:ff:0e:da]

RSSI: -83 [da:ee:aa:ff:15:9c]

RSSI: -70 [da:ee:aa:ff:0e:da]

RSSI: -83 [da:ee:aa:ff:15:9c]

RSSI: -70 [da:ee:aa:ff:0e:da]

RSSI: -76 [da:ee:aa:ff:11:4b]

RSSI: -79 [da:ee:aa:ff:11:7b]

RSSI: -78 [da:ee:aa:ff:11:7b]

RSSI: -82 [da:ee:aa:ff:15:cc]

RSSI: -78 [da:ee:aa:ff:11:7b]

RSSI: -84 [da:ee:aa:ff:15:ec]

RSSI: -72 [da:ee:aa:ff:0f:1a]

RSSI: -84 [da:ee:aa:ff:15:ec]

RSSI: -85 [da:ee:aa:ff:15:ec]

RSSI: -84 [da:ee:aa:ff:15:ec]

RSSI: -84 [da:ee:aa:ff:15:ec]

RSSI: -70 [da:ee:aa:ff:0f:3a]

RSSI: -75 [da:ee:aa:ff:11:cb]

RSSI: -70 [da:ee:aa:ff:0f:3a]

RSSI: -84 [da:ee:aa:ff:16:0c]

RSSI: -76 [da:ee:aa:ff:11:cb]

RSSI: -70 [da:ee:aa:ff:0f:3a]

RSSI: -83 [da:ee:aa:ff:16:0c]

RSSI: -70 [da:ee:aa:ff:0f:3a]

RSSI: -73 [da:ee:aa:ff:11:eb]

RSSI: -83 [da:ee:aa:ff:16:2c]

RSSI: -73 [da:ee:aa:ff:0f:6a]

RSSI: -78 [da:ee:aa:ff:11:eb]

RSSI: -73 [da:ee:aa:ff:0f:6a]

RSSI: -78 [da:ee:aa:ff:11:eb]

RSSI: -73 [da:ee:aa:ff:0f:6a]

RSSI: -78 [da:ee:aa:ff:11:eb]

RSSI: -73 [da:ee:aa:ff:0f:6a]

RSSI: -72 [da:ee:aa:ff:0f:8a]

RSSI: -72 [da:ee:aa:ff:0f:8a]

RSSI: -84 [da:ee:aa:ff:12:2b]

RSSI: -72 [da:ee:aa:ff:0f:8a]

RSSI: -83 [da:ee:aa:ff:12:2b]

RSSI: -83 [da:ee:aa:ff:12:2b]

RSSI: -84 [da:ee:aa:ff:12:2b]

RSSI: -72 [da:ee:aa:ff:0f:9a]

RSSI: -76 [da:ee:aa:ff:12:4b]

RSSI: -70 [da:ee:aa:ff:0f:ba]

RSSI: -82 [da:ee:aa:ff:16:6c]

RSSI: -76 [da:ee:aa:ff:12:4b]

RSSI: -71 [da:ee:aa:ff:0f:ba]

RSSI: -83 [da:ee:aa:ff:16:6c]

RSSI: -76 [da:ee:aa:ff:12:4b]

RSSI: -71 [da:ee:aa:ff:0f:ba]

RSSI: -76 [da:ee:aa:ff:12:4b]

RSSI: -71 [da:ee:aa:ff:0f:ba]

RSSI: -84 [da:ee:aa:ff:00:0c]

RSSI: -71 [da:ee:aa:ff:0f:ba]

RSSI: -82 [da:ee:aa:ff:00:2c]

RSSI: -73 [da:ee:aa:ff:0f:ca]

RSSI: -78 [da:ee:aa:ff:12:8b]

RSSI: -82 [da:ee:aa:ff:00:2c]

RSSI: -78 [da:ee:aa:ff:12:8b]

RSSI: -73 [da:ee:aa:ff:0f:da]

RSSI: -72 [da:ee:aa:ff:0f:da]

RSSI: -78 [da:ee:aa:ff:12:8b]

RSSI: -73 [da:ee:aa:ff:0f:da]

RSSI: -84 [da:ee:aa:ff:12:ab]

RSSI: -59 [da:ee:aa:ff:0f:ea]

RSSI: -82 [da:ee:aa:ff:12:ab]

RSSI: -91 [da:ee:aa:ff:00:5c]

RSSI: -71 [da:ee:aa:ff:10:1a]

RSSI: -76 [da:ee:aa:ff:12:eb]

RSSI: -71 [da:ee:aa:ff:10:1a]

RSSI: -76 [da:ee:aa:ff:12:eb]

RSSI: -71 [da:ee:aa:ff:10:1a]

RSSI: -76 [da:ee:aa:ff:12:eb]

RSSI: -71 [da:ee:aa:ff:10:1a]

RSSI: -76 [da:ee:aa:ff:12:eb]

RSSI: -71 [da:ee:aa:ff:10:1a]

RSSI: -74 [da:ee:aa:ff:10:2a]

RSSI: -78 [da:ee:aa:ff:12:fb]

RSSI: -74 [da:ee:aa:ff:10:2a]

RSSI: -78 [da:ee:aa:ff:12:fb]

RSSI: -74 [da:ee:aa:ff:12:fb]

RSSI: -73 [da:ee:aa:ff:10:3a]

RSSI: -78 [da:ee:aa:ff:13:1b]

RSSI: -85 [da:ee:aa:ff:00:cc]

RSSI: -73 [da:ee:aa:ff:10:4a]

RSSI: -85 [da:ee:aa:ff:00:cc]

RSSI: -73 [da:ee:aa:ff:10:4a]

RSSI: -85 [da:ee:aa:ff:00:cc]

RSSI: -73 [da:ee:aa:ff:10:4a]

RSSI: -72 [da:ee:aa:ff:10:4a]

RSSI: -73 [da:ee:aa:ff:10:4a]

RSSI: -71 [da:ee:aa:ff:10:7a]

RSSI: -76 [da:ee:aa:ff:13:4b]

RSSI: -71 [da:ee:aa:ff:10:7a]

RSSI: -73 [da:ee:aa:ff:00:ec]

RSSI: -76 [da:ee:aa:ff:13:4b]

RSSI: -70 [da:ee:aa:ff:10:7a]

RSSI: -70 [da:ee:aa:ff:10:7a]

RSSI: -76 [da:ee:aa:ff:13:6b]

RSSI: -83 [da:ee:aa:ff:00:ec]

RSSI: -70 [da:ee:aa:ff:10:7a]

RSSI: -76 [da:ee:aa:ff:13:6b]

RSSI: -77 [da:ee:aa:ff:13:8b]

RSSI: -74 [da:ee:aa:ff:10:8a]

RSSI: -78 [da:ee:aa:ff:13:8b]

RSSI: -74 [da:ee:aa:ff:10:8a]

RSSI: -78 [da:ee:aa:ff:13:8b]

RSSI: -82 [da:ee:aa:ff:01:1c]

RSSI: -77 [da:ee:aa:ff:13:8b]

RSSI: -75 [da:ee:aa:ff:10:aa]

RSSI: -77 [da:ee:aa:ff:13:8b]

RSSI: -82 [da:ee:aa:ff:01:1c]

RSSI: -74 [da:ee:aa:ff:10:ba]

RSSI: -83 [da:ee:aa:ff:13:9b]

RSSI: -74 [da:ee:aa:ff:10:ba]

RSSI: -74 [da:ee:aa:ff:10:ba]

RSSI: -74 [da:ee:aa:ff:10:ba]

RSSI: -73 [da:ee:aa:ff:10:ba]

RSSI: -76 [da:ee:aa:ff:13:db]

RSSI: -58 [da:ee:aa:ff:10:da]

RSSI: -76 [da:ee:aa:ff:13:db]

RSSI: -58 [da:ee:aa:ff:10:da]

RSSI: -76 [da:ee:aa:ff:13:db]

RSSI: -59 [da:ee:aa:ff:10:da]

RSSI: -76 [da:ee:aa:ff:13:db]

RSSI: -60 [da:ee:aa:ff:10:da]

RSSI: -77 [da:ee:aa:ff:13:db]

RSSI: -75 [da:ee:aa:ff:10:ea]

RSSI: -77 [da:ee:aa:ff:13:eb]

RSSI: -82 [da:ee:aa:ff:01:7c]

RSSI: -75 [da:ee:aa:ff:10:ea]

RSSI: -83 [da:ee:aa:ff:01:7c]

RSSI: -75 [da:ee:aa:ff:10:ea]

RSSI: -77 [da:ee:aa:ff:14:0b]

RSSI: -75 [da:ee:aa:ff:11:0a]

RSSI: -75 [da:ee:aa:ff:11:1a]

RSSI: -85 [da:ee:aa:ff:01:ac]

RSSI: -83 [da:ee:aa:ff:14:2b]

RSSI: -75 [da:ee:aa:ff:11:1a]

RSSI: -85 [da:ee:aa:ff:01:ac]

RSSI: -83 [da:ee:aa:ff:14:2b]

RSSI: -76 [da:ee:aa:ff:11:1a]

RSSI: -85 [da:ee:aa:ff:01:ac]

RSSI: -83 [da:ee:aa:ff:14:2b]

RSSI: -75 [da:ee:aa:ff:11:1a]

RSSI: -85 [da:ee:aa:ff:01:ac]

RSSI: -83 [da:ee:aa:ff:14:2b]

RSSI: -75 [da:ee:aa:ff:11:1a]

RSSI: -85 [da:ee:aa:ff:01:ac]

RSSI: -72 [da:ee:aa:ff:11:2a]

RSSI: -75 [da:ee:aa:ff:14:3b]

RSSI: -83 [da:ee:aa:ff:01:bc]

RSSI: -72 [da:ee:aa:ff:11:4a]

RSSI: -76 [da:ee:aa:ff:14:5b]

RSSI: -72 [da:ee:aa:ff:11:4a]

RSSI: -72 [da:ee:aa:ff:11:4a]

RSSI: -77 [da:ee:aa:ff:14:7b]

RSSI: -82 [da:ee:aa:ff:01:fc]

RSSI: -74 [da:ee:aa:ff:11:5a]

RSSI: -77 [da:ee:aa:ff:14:7b]

RSSI: -73 [da:ee:aa:ff:01:fc]

RSSI: -75 [da:ee:aa:ff:11:5a]

RSSI: -77 [da:ee:aa:ff:14:7b]

RSSI: -75 [da:ee:aa:ff:11:5a]

RSSI: -77 [da:ee:aa:ff:14:7b]

RSSI: -81 [da:ee:aa:ff:01:fc]

RSSI: -74 [da:ee:aa:ff:11:5a]

RSSI: -77 [da:ee:aa:ff:14:7b]

RSSI: -75 [da:ee:aa:ff:11:7a]

RSSI: -83 [da:ee:aa:ff:14:8b]

RSSI: -74 [da:ee:aa:ff:11:7a]

RSSI: -74 [da:ee:aa:ff:11:7a]

RSSI: -83 [da:ee:aa:ff:14:8b]

RSSI: -74 [da:ee:aa:ff:11:7a]

RSSI: -83 [da:ee:aa:ff:14:8b]

RSSI: -74 [da:ee:aa:ff:11:7a]

RSSI: -71 [da:ee:aa:ff:11:8a]

RSSI: -71 [da:ee:aa:ff:11:8a]

RSSI: -82 [da:ee:aa:ff:02:4c]

RSSI: -75 [da:ee:aa:ff:14:db]

RSSI: -70 [da:ee:aa:ff:11:9a]

RSSI: -82 [da:ee:aa:ff:02:7c]

RSSI: -82 [da:ee:aa:ff:02:7c]

RSSI: -83 [da:ee:aa:ff:02:7c]

RSSI: -70 [da:ee:aa:ff:11:ba]

RSSI: -82 [da:ee:aa:ff:02:7c]

RSSI: -71 [da:ee:aa:ff:11:ba]

RSSI: -82 [da:ee:aa:ff:02:7c]

RSSI: -73 [da:ee:aa:ff:11:ba]

RSSI: -83 [da:ee:aa:ff:15:2b]

RSSI: -73 [da:ee:aa:ff:11:ea]

RSSI: -84 [da:ee:aa:ff:02:9c]

RSSI: -83 [da:ee:aa:ff:15:2b]

RSSI: -83 [da:ee:aa:ff:15:2b]

RSSI: -73 [da:ee:aa:ff:11:ea]

RSSI: -74 [da:ee:aa:ff:11:ea]

RSSI: -70 [da:ee:aa:ff:12:0a]

RSSI: -76 [da:ee:aa:ff:15:3b]

RSSI: -70 [da:ee:aa:ff:12:0a]

RSSI: -76 [da:ee:aa:ff:15:3b]

RSSI: -70 [da:ee:aa:ff:12:0a]

RSSI: -76 [da:ee:aa:ff:15:3b]

RSSI: -70 [da:ee:aa:ff:12:1a]

RSSI: -85 [da:ee:aa:ff:02:cc]

RSSI: -76 [da:ee:aa:ff:15:5b]

RSSI: -72 [da:ee:aa:ff:12:3a]

RSSI: -72 [da:ee:aa:ff:12:3a]

RSSI: -72 [da:ee:aa:ff:12:3a]

RSSI: -72 [da:ee:aa:ff:12:3a]

RSSI: -73 [da:ee:aa:ff:12:4a]

RSSI: -73 [da:ee:aa:ff:12:6a]

RSSI: -72 [da:ee:aa:ff:12:6a]

RSSI: -72 [da:ee:aa:ff:12:6a]

RSSI: -76 [da:ee:aa:ff:15:9b]

RSSI: -76 [da:ee:aa:ff:15:9b]

RSSI: -76 [da:ee:aa:ff:15:ab]

RSSI: -77 [da:ee:aa:ff:15:cb]

RSSI: -82 [da:ee:aa:ff:03:4c]

RSSI: -77 [da:ee:aa:ff:15:cb]

RSSI: -82 [da:ee:aa:ff:03:4c]

RSSI: -65 [da:ee:aa:ff:12:ba]

RSSI: -77 [da:ee:aa:ff:15:cb]

RSSI: -82 [da:ee:aa:ff:03:4c]

RSSI: -62 [da:ee:aa:ff:12:ba]

RSSI: -77 [da:ee:aa:ff:15:cb]

RSSI: -84 [da:ee:aa:ff:03:7c]

RSSI: -73 [da:ee:aa:ff:12:ca]

RSSI: -70 [da:ee:aa:ff:12:fa]

RSSI: -83 [da:ee:aa:ff:03:9c]

RSSI: -76 [da:ee:aa:ff:16:0b]

RSSI: -70 [da:ee:aa:ff:12:fa]

RSSI: -76 [da:ee:aa:ff:16:0b]

RSSI: -70 [da:ee:aa:ff:12:fa]

RSSI: -76 [da:ee:aa:ff:16:0b]

RSSI: -71 [da:ee:aa:ff:12:fa]

RSSI: -70 [da:ee:aa:ff:12:fa]

RSSI: -76 [da:ee:aa:ff:16:1b]

RSSI: -82 [da:ee:aa:ff:03:bc]

RSSI: -72 [da:ee:aa:ff:13:2a]

RSSI: -78 [da:ee:aa:ff:16:3b]

RSSI: -82 [da:ee:aa:ff:03:bc]

RSSI: -72 [da:ee:aa:ff:13:2a]

RSSI: -77 [da:ee:aa:ff:16:3b]

RSSI: -82 [da:ee:aa:ff:03:bc]

RSSI: -73 [da:ee:aa:ff:13:2a]

RSSI: -77 [da:ee:aa:ff:16:3b]

RSSI: -82 [da:ee:aa:ff:03:bc]

RSSI: -72 [da:ee:aa:ff:13:2a]

RSSI: -76 [da:ee:aa:ff:16:3b]

RSSI: -73 [da:ee:aa:ff:13:4a]

RSSI: -67 [da:ee:aa:ff:03:dc]

RSSI: -74 [da:ee:aa:ff:13:4a]

RSSI: -82 [da:ee:aa:ff:16:6b]

RSSI: -74 [da:ee:aa:ff:13:6a]

RSSI: -83 [da:ee:aa:ff:03:fc]

RSSI: -76 [da:ee:aa:ff:16:7b]

RSSI: -70 [da:ee:aa:ff:13:7a]

RSSI: -76 [da:ee:aa:ff:16:7b]

RSSI: -71 [da:ee:aa:ff:13:7a]

RSSI: -85 [da:ee:aa:ff:03:fc]

RSSI: -76 [da:ee:aa:ff:16:7b]

RSSI: -71 [da:ee:aa:ff:13:7a]

RSSI: -70 [da:ee:aa:ff:13:7a]

RSSI: -76 [da:ee:aa:ff:00:1b]

RSSI: -82 [da:ee:aa:ff:04:0c]

RSSI: -82 [da:ee:aa:ff:04:2c]

RSSI: -76 [da:ee:aa:ff:00:2b]

RSSI: -82 [da:ee:aa:ff:04:2c]

RSSI: -77 [da:ee:aa:ff:00:2b]

RSSI: -72 [da:ee:aa:ff:13:9a]

RSSI: -81 [da:ee:aa:ff:04:2c]

RSSI: -77 [da:ee:aa:ff:00:2b]

RSSI: -72 [da:ee:aa:ff:13:9a]

RSSI: -81 [da:ee:aa:ff:04:2c]

RSSI: -78 [da:ee:aa:ff:00:2b]

RSSI: -72 [da:ee:aa:ff:13:9a]

RSSI: -82 [da:ee:aa:ff:04:2c]

RSSI: -77 [da:ee:aa:ff:00:2b]

RSSI: -82 [da:ee:aa:ff:00:4b]

RSSI: -82 [da:ee:aa:ff:00:4b]

RSSI: -72 [da:ee:aa:ff:13:aa]

RSSI: -71 [da:ee:aa:ff:13:ca]

RSSI: -71 [da:ee:aa:ff:13:ca]

RSSI: -76 [da:ee:aa:ff:00:6b]

RSSI: -77 [da:ee:aa:ff:00:7b]

RSSI: -72 [da:ee:aa:ff:13:da]

RSSI: -77 [da:ee:aa:ff:00:7b]

RSSI: -82 [da:ee:aa:ff:04:9c]

RSSI: -77 [da:ee:aa:ff:00:7b]

RSSI: -72 [da:ee:aa:ff:13:ea]

RSSI: -77 [da:ee:aa:ff:00:7b]

RSSI: -72 [da:ee:aa:ff:13:ea]

RSSI: -77 [da:ee:aa:ff:00:7b]

RSSI: -72 [da:ee:aa:ff:13:ea]

RSSI: -84 [da:ee:aa:ff:04:bc]

RSSI: -77 [da:ee:aa:ff:00:9b]

RSSI: -71 [da:ee:aa:ff:14:2a]

RSSI: -83 [da:ee:aa:ff:04:ec]

RSSI: -71 [da:ee:aa:ff:14:2a]

RSSI: -71 [da:ee:aa:ff:14:2a]

RSSI: -81 [da:ee:aa:ff:04:fc]

RSSI: -77 [da:ee:aa:ff:00:cb]

RSSI: -72 [da:ee:aa:ff:14:4a]

RSSI: -81 [da:ee:aa:ff:04:fc]

RSSI: -77 [da:ee:aa:ff:00:cb]

RSSI: -72 [da:ee:aa:ff:14:4a]

RSSI: -82 [da:ee:aa:ff:04:fc]

RSSI: -77 [da:ee:aa:ff:00:cb]

RSSI: -77 [da:ee:aa:ff:00:cb]

RSSI: -72 [da:ee:aa:ff:14:5a]

RSSI: -82 [da:ee:aa:ff:05:0c]

RSSI: -77 [da:ee:aa:ff:00:cb]

RSSI: -72 [da:ee:aa:ff:14:5a]

RSSI: -84 [da:ee:aa:ff:05:2c]

RSSI: -72 [da:ee:aa:ff:14:7a]

RSSI: -72 [da:ee:aa:ff:14:7a]

RSSI: -72 [da:ee:aa:ff:14:7a]

RSSI: -84 [da:ee:aa:ff:05:2c]

RSSI: -72 [da:ee:aa:ff:14:7a]

RSSI: -85 [da:ee:aa:ff:05:2c]

RSSI: -72 [da:ee:aa:ff:14:7a]

RSSI: -84 [da:ee:aa:ff:05:4c]

RSSI: -76 [da:ee:aa:ff:01:1b]

RSSI: -84 [da:ee:aa:ff:05:6c]

RSSI: -57 [da:ee:aa:ff:14:9a]

RSSI: -73 [da:ee:aa:ff:14:aa]

RSSI: -73 [da:ee:aa:ff:14:aa]

RSSI: -73 [da:ee:aa:ff:14:aa]

RSSI: -77 [da:ee:aa:ff:01:2b]

RSSI: -84 [da:ee:aa:ff:05:ac]

RSSI: -82 [da:ee:aa:ff:01:4b]

RSSI: -85 [da:ee:aa:ff:05:ac]

RSSI: -72 [da:ee:aa:ff:14:ca]

RSSI: -85 [da:ee:aa:ff:05:ac]

RSSI: -82 [da:ee:aa:ff:01:4b]

RSSI: -85 [da:ee:aa:ff:05:ac]

RSSI: -82 [da:ee:aa:ff:01:4b]

RSSI: -70 [da:ee:aa:ff:14:da]

RSSI: -75 [da:ee:aa:ff:01:5b]

RSSI: -75 [da:ee:aa:ff:01:5b]

RSSI: -83 [da:ee:aa:ff:05:bc]

RSSI: -71 [da:ee:aa:ff:14:fa]

RSSI: -69 [da:ee:aa:ff:01:6b]

RSSI: -84 [da:ee:aa:ff:05:cc]

RSSI: -71 [da:ee:aa:ff:14:fa]

RSSI: -58 [da:ee:aa:ff:01:6b]

RSSI: -74 [da:ee:aa:ff:15:0a]

RSSI: -74 [da:ee:aa:ff:15:0a]

RSSI: -74 [da:ee:aa:ff:15:0a]

RSSI: -74 [da:ee:aa:ff:15:0a]

RSSI: -83 [da:ee:aa:ff:05:fc]

RSSI: -72 [da:ee:aa:ff:15:3a]

RSSI: -82 [da:ee:aa:ff:01:ab]

RSSI: -71 [da:ee:aa:ff:15:3a]

RSSI: -82 [da:ee:aa:ff:01:ab]

RSSI: -71 [da:ee:aa:ff:15:3a]

RSSI: -82 [da:ee:aa:ff:01:ab]

RSSI: -71 [da:ee:aa:ff:15:3a]

RSSI: -82 [da:ee:aa:ff:01:ab]

RSSI: -71 [da:ee:aa:ff:15:3a]

RSSI: -70 [da:ee:aa:ff:15:5a]

RSSI: -83 [da:ee:aa:ff:06:3c]

RSSI: -76 [da:ee:aa:ff:01:cb]

RSSI: -70 [da:ee:aa:ff:15:5a]

RSSI: -84 [da:ee:aa:ff:06:3c]

RSSI: -75 [da:ee:aa:ff:01:cb]

RSSI: -75 [da:ee:aa:ff:01:db]

RSSI: -70 [da:ee:aa:ff:15:7a]

RSSI: -75 [da:ee:aa:ff:01:db]

RSSI: -78 [da:ee:aa:ff:01:fb]

RSSI: -66 [da:ee:aa:ff:15:8a]

RSSI: -77 [da:ee:aa:ff:01:fb]

RSSI: -77 [da:ee:aa:ff:01:fb]

RSSI: -74 [da:ee:aa:ff:15:8a]

RSSI: -77 [da:ee:aa:ff:01:fb]

RSSI: -74 [da:ee:aa:ff:15:8a]

RSSI: -85 [da:ee:aa:ff:06:7c]

RSSI: -82 [da:ee:aa:ff:02:2b]

RSSI: -71 [da:ee:aa:ff:15:ba]

RSSI: -82 [da:ee:aa:ff:02:2b]

RSSI: -84 [da:ee:aa:ff:06:7c]

RSSI: -71 [da:ee:aa:ff:15:ba]

RSSI: -82 [da:ee:aa:ff:02:2b]

RSSI: -72 [da:ee:aa:ff:15:ba]

RSSI: -72 [da:ee:aa:ff:15:ba]

RSSI: -84 [da:ee:aa:ff:06:ac]

RSSI: -71 [da:ee:aa:ff:15:ca]

RSSI: -82 [da:ee:aa:ff:06:cc]

RSSI: -70 [da:ee:aa:ff:02:6b]

RSSI: -74 [da:ee:aa:ff:16:0a]

RSSI: -82 [da:ee:aa:ff:06:cc]

RSSI: -74 [da:ee:aa:ff:16:0a]

RSSI: -77 [da:ee:aa:ff:02:6b]

RSSI: -75 [da:ee:aa:ff:16:0a]

RSSI: -77 [da:ee:aa:ff:02:6b]

RSSI: -74 [da:ee:aa:ff:16:0a]

RSSI: -75 [da:ee:aa:ff:06:fc]

RSSI: -82 [da:ee:aa:ff:02:8b]

RSSI: -82 [da:ee:aa:ff:02:8b]

RSSI: -69 [da:ee:aa:ff:06:fc]

RSSI: -82 [da:ee:aa:ff:02:8b]

RSSI: -72 [da:ee:aa:ff:16:3a]

RSSI: -83 [da:ee:aa:ff:02:8b]

RSSI: -72 [da:ee:aa:ff:16:3a]

RSSI: -71 [da:ee:aa:ff:16:5a]

RSSI: -71 [da:ee:aa:ff:16:5a]

RSSI: -84 [da:ee:aa:ff:07:2c]

RSSI: -71 [da:ee:aa:ff:16:5a]

RSSI: -84 [da:ee:aa:ff:07:2c]

RSSI: -71 [da:ee:aa:ff:16:5a]

RSSI: -83 [da:ee:aa:ff:07:2c]

RSSI: -83 [da:ee:aa:ff:07:3c]

RSSI: -83 [da:ee:aa:ff:07:3c]

RSSI: -82 [da:ee:aa:ff:07:3c]

RSSI: -83 [da:ee:aa:ff:07:3c]

RSSI: -78 [da:ee:aa:ff:02:cb]

RSSI: -73 [da:ee:aa:ff:00:1a]

RSSI: -85 [da:ee:aa:ff:07:7c]

RSSI: -81 [da:ee:aa:ff:02:eb]

RSSI: -84 [da:ee:aa:ff:07:7c]

RSSI: -84 [da:ee:aa:ff:07:7c]

RSSI: -83 [da:ee:aa:ff:02:eb]

RSSI: -72 [da:ee:aa:ff:00:2a]

RSSI: -84 [da:ee:aa:ff:07:7c]

RSSI: -82 [da:ee:aa:ff:02:eb]

RSSI: -84 [da:ee:aa:ff:07:8c]

RSSI: -72 [da:ee:aa:ff:00:3a]

RSSI: -85 [da:ee:aa:ff:07:8c]

RSSI: -76 [da:ee:aa:ff:03:0b]

RSSI: -71 [da:ee:aa:ff:00:3a]

RSSI: -85 [da:ee:aa:ff:07:ac]

RSSI: -76 [da:ee:aa:ff:03:0b]

RSSI: -72 [da:ee:aa:ff:00:3a]

RSSI: -74 [da:ee:aa:ff:00:6a]

RSSI: -68 [da:ee:aa:ff:03:1b]

RSSI: -83 [da:ee:aa:ff:07:bc]

RSSI: -62 [da:ee:aa:ff:03:1b]

RSSI: -84 [da:ee:aa:ff:07:bc]

RSSI: -78 [da:ee:aa:ff:03:1b]

RSSI: -73 [da:ee:aa:ff:00:7a]

RSSI: -72 [da:ee:aa:ff:00:7a]

RSSI: -72 [da:ee:aa:ff:00:7a]

RSSI: -84 [da:ee:aa:ff:07:ec]

RSSI: -83 [da:ee:aa:ff:03:4b]

RSSI: -85 [da:ee:aa:ff:07:ec]

RSSI: -72 [da:ee:aa:ff:00:8a]

RSSI: -75 [da:ee:aa:ff:03:5b]

RSSI: -73 [da:ee:aa:ff:00:9a]

RSSI: -76 [da:ee:aa:ff:03:5b]

RSSI: -73 [da:ee:aa:ff:00:9a]

RSSI: -73 [da:ee:aa:ff:00:9a]

RSSI: -77 [da:ee:aa:ff:03:7b]

RSSI: -73 [da:ee:aa:ff:00:9a]

RSSI: -76 [da:ee:aa:ff:03:7b]

RSSI: -73 [da:ee:aa:ff:00:9a]

RSSI: -76 [da:ee:aa:ff:03:7b]

RSSI: -78 [da:ee:aa:ff:03:8b]

RSSI: -78 [da:ee:aa:ff:03:8b]

RSSI: -74 [da:ee:aa:ff:00:ba]

RSSI: -84 [da:ee:aa:ff:08:3c]

RSSI: -78 [da:ee:aa:ff:03:8b]

RSSI: -74 [da:ee:aa:ff:00:ba]

RSSI: -84 [da:ee:aa:ff:08:3c]

RSSI: -78 [da:ee:aa:ff:03:8b]

RSSI: -74 [da:ee:aa:ff:00:ba]

RSSI: -84 [da:ee:aa:ff:08:3c]

RSSI: -78 [da:ee:aa:ff:03:8b]

RSSI: -85 [da:ee:aa:ff:03:ab]

RSSI: -83 [da:ee:aa:ff:03:ab]

RSSI: -76 [da:ee:aa:ff:03:bb]

RSSI: -85 [da:ee:aa:ff:08:7c]

RSSI: -73 [da:ee:aa:ff:01:0a]

RSSI: -76 [da:ee:aa:ff:03:bb]

RSSI: -85 [da:ee:aa:ff:08:7c]

RSSI: -72 [da:ee:aa:ff:01:0a]

RSSI: -85 [da:ee:aa:ff:08:7c]

RSSI: -72 [da:ee:aa:ff:01:0a]

RSSI: -76 [da:ee:aa:ff:03:db]

RSSI: -85 [da:ee:aa:ff:08:7c]

RSSI: -78 [da:ee:aa:ff:03:eb]

RSSI: -75 [da:ee:aa:ff:01:1a]

RSSI: -83 [da:ee:aa:ff:08:8c]

RSSI: -78 [da:ee:aa:ff:03:eb]

RSSI: -75 [da:ee:aa:ff:01:1a]

RSSI: -83 [da:ee:aa:ff:08:8c]

RSSI: -78 [da:ee:aa:ff:03:eb]

RSSI: -75 [da:ee:aa:ff:01:3a]

RSSI: -78 [da:ee:aa:ff:03:eb]

RSSI: -75 [da:ee:aa:ff:01:3a]

RSSI: -78 [da:ee:aa:ff:03:eb]

RSSI: -72 [da:ee:aa:ff:01:5a]

RSSI: -83 [da:ee:aa:ff:04:0b]

RSSI: -72 [da:ee:aa:ff:01:5a]

RSSI: -84 [da:ee:aa:ff:08:cc]

RSSI: -72 [da:ee:aa:ff:01:5a]

RSSI: -84 [da:ee:aa:ff:08:cc]

RSSI: -72 [da:ee:aa:ff:01:5a]

RSSI: -84 [da:ee:aa:ff:08:cc]

RSSI: -78 [da:ee:aa:ff:04:3b]

RSSI: -78 [da:ee:aa:ff:04:3b]

RSSI: -78 [da:ee:aa:ff:04:3b]

RSSI: -78 [da:ee:aa:ff:04:3b]

RSSI: -79 [da:ee:aa:ff:04:3b]

RSSI: -74 [da:ee:aa:ff:01:aa]

RSSI: -84 [da:ee:aa:ff:04:5b]

RSSI: -84 [da:ee:aa:ff:09:0c]

RSSI: -72 [da:ee:aa:ff:01:ba]

RSSI: -84 [da:ee:aa:ff:04:5b]

RSSI: -72 [da:ee:aa:ff:01:ba]

RSSI: -84 [da:ee:aa:ff:04:5b]

RSSI: -72 [da:ee:aa:ff:01:ba]

RSSI: -82 [da:ee:aa:ff:04:5b]

RSSI: -85 [da:ee:aa:ff:09:2c]

RSSI: -84 [da:ee:aa:ff:04:5b]

RSSI: -72 [da:ee:aa:ff:01:ba]

RSSI: -84 [da:ee:aa:ff:09:4c]

RSSI: -59 [da:ee:aa:ff:01:da]

RSSI: -84 [da:ee:aa:ff:09:4c]

RSSI: -76 [da:ee:aa:ff:04:9b]

RSSI: -58 [da:ee:aa:ff:01:da]

RSSI: -77 [da:ee:aa:ff:04:9b]

RSSI: -80 [da:ee:aa:ff:04:ab]

RSSI: -75 [da:ee:aa:ff:01:fa]

RSSI: -79 [da:ee:aa:ff:04:ab]

RSSI: -75 [da:ee:aa:ff:01:fa]

RSSI: -79 [da:ee:aa:ff:04:ab]

RSSI: -75 [da:ee:aa:ff:01:fa]

RSSI: -79 [da:ee:aa:ff:04:ab]

RSSI: -76 [da:ee:aa:ff:01:fa]

RSSI: -78 [da:ee:aa:ff:04:ab]

RSSI: -84 [da:ee:aa:ff:09:8c]

RSSI: -84 [da:ee:aa:ff:09:ac]

RSSI: -84 [da:ee:aa:ff:09:ac]

RSSI: -84 [da:ee:aa:ff:09:ac]

RSSI: -84 [da:ee:aa:ff:09:dc]

RSSI: -72 [da:ee:aa:ff:02:3a]

RSSI: -77 [da:ee:aa:ff:04:db]

RSSI: -85 [da:ee:aa:ff:09:dc]

RSSI: -72 [da:ee:aa:ff:02:5a]

RSSI: -72 [da:ee:aa:ff:02:5a]

RSSI: -72 [da:ee:aa:ff:02:5a]

RSSI: -79 [da:ee:aa:ff:05:0b]

RSSI: -79 [da:ee:aa:ff:05:0b]

RSSI: -77 [da:ee:aa:ff:02:6a]

RSSI: -79 [da:ee:aa:ff:05:0b]

RSSI: -77 [da:ee:aa:ff:02:6a]

RSSI: -79 [da:ee:aa:ff:05:0b]

RSSI: -83 [da:ee:aa:ff:0a:0c]

RSSI: -77 [da:ee:aa:ff:02:6a]

RSSI: -83 [da:ee:aa:ff:05:2b]

RSSI: -73 [da:ee:aa:ff:02:8a]

RSSI: -83 [da:ee:aa:ff:05:2b]

RSSI: -73 [da:ee:aa:ff:02:8a]

RSSI: -82 [da:ee:aa:ff:05:2b]

RSSI: -72 [da:ee:aa:ff:02:8a]

RSSI: -83 [da:ee:aa:ff:05:2b]

RSSI: -72 [da:ee:aa:ff:02:8a]

RSSI: -83 [da:ee:aa:ff:05:2b]

RSSI: -84 [da:ee:aa:ff:0a:1c]

RSSI: -77 [da:ee:aa:ff:05:4b]

RSSI: -73 [da:ee:aa:ff:02:9a]

RSSI: -73 [da:ee:aa:ff:02:9a]

RSSI: -67 [da:ee:aa:ff:02:ca]

RSSI: -85 [da:ee:aa:ff:0a:7c]

RSSI: -80 [da:ee:aa:ff:05:7b]

RSSI: -84 [da:ee:aa:ff:0a:7c]

RSSI: -80 [da:ee:aa:ff:05:7b]

RSSI: -80 [da:ee:aa:ff:05:7b]

RSSI: -78 [da:ee:aa:ff:02:ca]

RSSI: -84 [da:ee:aa:ff:0a:7c]

RSSI: -79 [da:ee:aa:ff:05:7b]

RSSI: -78 [da:ee:aa:ff:02:ca]

RSSI: -83 [da:ee:aa:ff:05:9b]

RSSI: -83 [da:ee:aa:ff:05:9b]

RSSI: -83 [da:ee:aa:ff:0a:ac]

RSSI: -73 [da:ee:aa:ff:02:ea]

RSSI: -72 [da:ee:aa:ff:02:ea]

RSSI: -84 [da:ee:aa:ff:0a:ac]

RSSI: -72 [da:ee:aa:ff:02:ea]

RSSI: -83 [da:ee:aa:ff:0a:ac]

RSSI: -74 [da:ee:aa:ff:03:0a]

RSSI: -73 [da:ee:aa:ff:03:0a]

RSSI: -78 [da:ee:aa:ff:05:bb]

RSSI: -86 [da:ee:aa:ff:0a:bc]

RSSI: -74 [da:ee:aa:ff:03:0a]

RSSI: -60 [da:ee:aa:ff:05:bb]

RSSI: -86 [da:ee:aa:ff:0a:cc]

RSSI: -72 [da:ee:aa:ff:05:bb]

RSSI: -84 [da:ee:aa:ff:0a:ec]

RSSI: -82 [da:ee:aa:ff:03:2a]

RSSI: -83 [da:ee:aa:ff:05:cb]

RSSI: -84 [da:ee:aa:ff:0a:ec]

RSSI: -82 [da:ee:aa:ff:03:2a]

RSSI: -80 [da:ee:aa:ff:05:cb]

RSSI: -84 [da:ee:aa:ff:0a:ec]

RSSI: -82 [da:ee:aa:ff:03:2a]

RSSI: -80 [da:ee:aa:ff:05:cb]

RSSI: -85 [da:ee:aa:ff:0a:ec]

RSSI: -82 [da:ee:aa:ff:03:2a]

RSSI: -80 [da:ee:aa:ff:05:cb]

RSSI: -81 [da:ee:aa:ff:03:2a]

RSSI: -75 [da:ee:aa:ff:03:6a]

RSSI: -74 [da:ee:aa:ff:03:6a]

RSSI: -79 [da:ee:aa:ff:06:2b]

RSSI: -71 [da:ee:aa:ff:0b:2c]

RSSI: -75 [da:ee:aa:ff:03:6a]

RSSI: -79 [da:ee:aa:ff:06:2b]

RSSI: -76 [da:ee:aa:ff:0b:2c]

RSSI: -75 [da:ee:aa:ff:03:6a]

RSSI: -79 [da:ee:aa:ff:06:2b]

RSSI: -85 [da:ee:aa:ff:0b:2c]

RSSI: -81 [da:ee:aa:ff:06:3b]

RSSI: -85 [da:ee:aa:ff:0b:5c]

RSSI: -81 [da:ee:aa:ff:06:3b]

RSSI: -81 [da:ee:aa:ff:06:3b]

RSSI: -84 [da:ee:aa:ff:0b:5c]

RSSI: -81 [da:ee:aa:ff:06:3b]

RSSI: -73 [da:ee:aa:ff:03:ba]

RSSI: -83 [da:ee:aa:ff:0b:7c]

RSSI: -82 [da:ee:aa:ff:06:5b]

RSSI: -83 [da:ee:aa:ff:0b:7c]

RSSI: -82 [da:ee:aa:ff:06:5b]

RSSI: -73 [da:ee:aa:ff:03:ba]

RSSI: -83 [da:ee:aa:ff:0b:7c]

RSSI: -82 [da:ee:aa:ff:06:5b]

RSSI: -82 [da:ee:aa:ff:06:5b]

RSSI: -73 [da:ee:aa:ff:03:ca]

RSSI: -76 [da:ee:aa:ff:03:ea]

RSSI: -80 [da:ee:aa:ff:06:6b]

RSSI: -76 [da:ee:aa:ff:03:ea]

RSSI: -86 [da:ee:aa:ff:0b:ac]

RSSI: -87 [da:ee:aa:ff:0b:ac]

RSSI: -86 [da:ee:aa:ff:0b:ac]

RSSI: -85 [da:ee:aa:ff:0b:bc]

RSSI: -65 [da:ee:aa:ff:06:9b]

RSSI: -83 [da:ee:aa:ff:04:0a]

RSSI: -80 [da:ee:aa:ff:06:9b]

RSSI: -84 [da:ee:aa:ff:0b:bc]

RSSI: -85 [da:ee:aa:ff:04:0a]

RSSI: -81 [da:ee:aa:ff:06:9b]

RSSI: -80 [da:ee:aa:ff:06:9b]

RSSI: -81 [da:ee:aa:ff:06:bb]

RSSI: -75 [da:ee:aa:ff:04:1a]

RSSI: -81 [da:ee:aa:ff:06:bb]

RSSI: -75 [da:ee:aa:ff:04:1a]

RSSI: -81 [da:ee:aa:ff:06:bb]

RSSI: -75 [da:ee:aa:ff:04:1a]

RSSI: -82 [da:ee:aa:ff:06:bb]

RSSI: -83 [da:ee:aa:ff:0b:ec]

RSSI: -81 [da:ee:aa:ff:06:bb]

RSSI: -79 [da:ee:aa:ff:06:cb]

RSSI: -77 [da:ee:aa:ff:04:4a]

RSSI: -87 [da:ee:aa:ff:0c:1c]

RSSI: -75 [da:ee:aa:ff:04:4a]

RSSI: -79 [da:ee:aa:ff:06:db]

RSSI: -87 [da:ee:aa:ff:0c:1c]

RSSI: -76 [da:ee:aa:ff:04:4a]

RSSI: -79 [da:ee:aa:ff:06:db]

RSSI: -87 [da:ee:aa:ff:0c:1c]

RSSI: -76 [da:ee:aa:ff:04:4a]

RSSI: -84 [da:ee:aa:ff:04:5a]

RSSI: -85 [da:ee:aa:ff:04:5a]

RSSI: -84 [da:ee:aa:ff:04:7a]

RSSI: -81 [da:ee:aa:ff:07:1b]

RSSI: -76 [da:ee:aa:ff:04:8a]

RSSI: -82 [da:ee:aa:ff:07:1b]

RSSI: -83 [da:ee:aa:ff:0c:6c]

RSSI: -81 [da:ee:aa:ff:07:1b]

RSSI: -83 [da:ee:aa:ff:0c:6c]

RSSI: -82 [da:ee:aa:ff:07:1b]

RSSI: -83 [da:ee:aa:ff:0c:6c]

RSSI: -82 [da:ee:aa:ff:07:1b]

RSSI: -79 [da:ee:aa:ff:07:3b]

RSSI: -86 [da:ee:aa:ff:04:ea]

RSSI: -84 [da:ee:aa:ff:0c:bc]

RSSI: -73 [da:ee:aa:ff:07:5b]

RSSI: -86 [da:ee:aa:ff:04:ea]

RSSI: -85 [da:ee:aa:ff:0c:bc]

RSSI: -86 [da:ee:aa:ff:04:ea]

RSSI: -85 [da:ee:aa:ff:0c:bc]

RSSI: -80 [da:ee:aa:ff:07:5b]

RSSI: -85 [da:ee:aa:ff:0c:bc]

RSSI: -80 [da:ee:aa:ff:07:5b]

RSSI: -81 [da:ee:aa:ff:07:8b]

RSSI: -76 [da:ee:aa:ff:05:1a]

RSSI: -81 [da:ee:aa:ff:07:8b]

RSSI: -76 [da:ee:aa:ff:05:1a]

RSSI: -81 [da:ee:aa:ff:07:8b]

RSSI: -75 [da:ee:aa:ff:05:1a]

RSSI: -81 [da:ee:aa:ff:07:8b]

RSSI: -75 [da:ee:aa:ff:05:1a]

RSSI: -81 [da:ee:aa:ff:07:8b]

RSSI: -84 [da:ee:aa:ff:0c:ec]

RSSI: -75 [da:ee:aa:ff:05:1a]

RSSI: -79 [da:ee:aa:ff:07:9b]

RSSI: -80 [da:ee:aa:ff:07:ab]

RSSI: -79 [da:ee:aa:ff:05:4a]

RSSI: -79 [da:ee:aa:ff:07:ab]

RSSI: -80 [da:ee:aa:ff:05:4a]

RSSI: -79 [da:ee:aa:ff:05:4a]

RSSI: -81 [da:ee:aa:ff:07:cb]

RSSI: -81 [da:ee:aa:ff:05:6a]

RSSI: -81 [da:ee:aa:ff:07:cb]

RSSI: -81 [da:ee:aa:ff:05:6a]

RSSI: -80 [da:ee:aa:ff:05:6a]

RSSI: -81 [da:ee:aa:ff:07:fb]

RSSI: -82 [da:ee:aa:ff:07:fb]

RSSI: -81 [da:ee:aa:ff:07:fb]

RSSI: -81 [da:ee:aa:ff:07:fb]

RSSI: -79 [da:ee:aa:ff:08:0b]

RSSI: -79 [da:ee:aa:ff:08:1b]

RSSI: -78 [da:ee:aa:ff:05:ca]

RSSI: -79 [da:ee:aa:ff:08:1b]

RSSI: -73 [da:ee:aa:ff:05:ca]

RSSI: -79 [da:ee:aa:ff:05:da]

RSSI: -81 [da:ee:aa:ff:08:2b]

RSSI: -79 [da:ee:aa:ff:05:da]

RSSI: -81 [da:ee:aa:ff:08:2b]

RSSI: -81 [da:ee:aa:ff:08:2b]

RSSI: -79 [da:ee:aa:ff:05:da]

RSSI: -81 [da:ee:aa:ff:08:2b]

RSSI: -79 [da:ee:aa:ff:05:da]

RSSI: -84 [da:ee:aa:ff:0d:bc]

RSSI: -79 [da:ee:aa:ff:08:4b]

RSSI: -84 [da:ee:aa:ff:0d:bc]

RSSI: -84 [da:ee:aa:ff:0d:bc]

RSSI: -68 [da:ee:aa:ff:08:4b]

RSSI: -84 [da:ee:aa:ff:0d:bc]

RSSI: -82 [da:ee:aa:ff:08:4b]

RSSI: -84 [da:ee:aa:ff:0d:bc]

RSSI: -77 [da:ee:aa:ff:06:2a]

RSSI: -79 [da:ee:aa:ff:08:6b]

RSSI: -77 [da:ee:aa:ff:06:2a]

RSSI: -78 [da:ee:aa:ff:08:8b]

RSSI: -76 [da:ee:aa:ff:06:3a]

RSSI: -79 [da:ee:aa:ff:08:8b]

RSSI: -76 [da:ee:aa:ff:06:3a]

RSSI: -79 [da:ee:aa:ff:06:5a]

RSSI: -81 [da:ee:aa:ff:08:ab]

RSSI: -78 [da:ee:aa:ff:06:5a]

RSSI: -81 [da:ee:aa:ff:08:ab]

RSSI: -78 [da:ee:aa:ff:06:5a]

RSSI: -81 [da:ee:aa:ff:08:ab]

RSSI: -84 [da:ee:aa:ff:0d:fc]

RSSI: -79 [da:ee:aa:ff:06:5a]

RSSI: -82 [da:ee:aa:ff:08:ab]

RSSI: -83 [da:ee:aa:ff:0d:fc]

RSSI: -78 [da:ee:aa:ff:06:5a]

RSSI: -83 [da:ee:aa:ff:0e:1c]

RSSI: -82 [da:ee:aa:ff:08:db]

RSSI: -82 [da:ee:aa:ff:08:db]

RSSI: -72 [da:ee:aa:ff:06:8a]

RSSI: -82 [da:ee:aa:ff:08:db]

RSSI: -72 [da:ee:aa:ff:06:8a]

RSSI: -84 [da:ee:aa:ff:0e:3c]

RSSI: -82 [da:ee:aa:ff:08:db]

RSSI: -72 [da:ee:aa:ff:06:8a]

RSSI: -84 [da:ee:aa:ff:0e:3c]

RSSI: -79 [da:ee:aa:ff:08:eb]

RSSI: -76 [da:ee:aa:ff:06:aa]

RSSI: -77 [da:ee:aa:ff:06:aa]

RSSI: -76 [da:ee:aa:ff:06:aa]

RSSI: -79 [da:ee:aa:ff:08:fb]

RSSI: -78 [da:ee:aa:ff:08:fb]

RSSI: -81 [da:ee:aa:ff:09:0b]

RSSI: -81 [da:ee:aa:ff:09:0b]

RSSI: -81 [da:ee:aa:ff:09:0b]

RSSI: -82 [da:ee:aa:ff:0e:8c]

RSSI: -82 [da:ee:aa:ff:09:3b]

RSSI: -83 [da:ee:aa:ff:0e:ac]

RSSI: -73 [da:ee:aa:ff:06:da]

RSSI: -72 [da:ee:aa:ff:09:3b]

RSSI: -83 [da:ee:aa:ff:0e:ac]

RSSI: -83 [da:ee:aa:ff:0e:ac]

RSSI: -73 [da:ee:aa:ff:06:ea]

RSSI: -78 [da:ee:aa:ff:09:5b]

RSSI: -75 [da:ee:aa:ff:06:fa]

RSSI: -78 [da:ee:aa:ff:09:6b]

RSSI: -75 [da:ee:aa:ff:06:fa]

RSSI: -79 [da:ee:aa:ff:09:6b]

RSSI: -74 [da:ee:aa:ff:06:fa]

RSSI: -78 [da:ee:aa:ff:09:6b]

RSSI: -75 [da:ee:aa:ff:06:fa]

RSSI: -84 [da:ee:aa:ff:0e:fc]

RSSI: -80 [da:ee:aa:ff:09:7b]

RSSI: -76 [da:ee:aa:ff:07:1a]

RSSI: -85 [da:ee:aa:ff:0e:fc]

RSSI: -81 [da:ee:aa:ff:09:7b]

RSSI: -76 [da:ee:aa:ff:07:1a]

RSSI: -81 [da:ee:aa:ff:09:7b]

RSSI: -77 [da:ee:aa:ff:07:1a]

RSSI: -80 [da:ee:aa:ff:09:7b]

RSSI: -74 [da:ee:aa:ff:07:3a]

RSSI: -83 [da:ee:aa:ff:09:9b]

RSSI: -75 [da:ee:aa:ff:07:3a]

RSSI: -83 [da:ee:aa:ff:09:9b]

RSSI: -74 [da:ee:aa:ff:07:3a]

RSSI: -83 [da:ee:aa:ff:09:9b]

RSSI: -84 [da:ee:aa:ff:0f:3c]

RSSI: -83 [da:ee:aa:ff:09:9b]

RSSI: -78 [da:ee:aa:ff:09:ab]

RSSI: -75 [da:ee:aa:ff:07:5a]

RSSI: -75 [da:ee:aa:ff:07:5a]

RSSI: -76 [da:ee:aa:ff:07:5a]

RSSI: -78 [da:ee:aa:ff:09:bb]

RSSI: -77 [da:ee:aa:ff:09:bb]

RSSI: -80 [da:ee:aa:ff:09:cb]

RSSI: -80 [da:ee:aa:ff:09:cb]

RSSI: -81 [da:ee:aa:ff:09:cb]

RSSI: -81 [da:ee:aa:ff:09:cb]

RSSI: -75 [da:ee:aa:ff:07:9a]

RSSI: -83 [da:ee:aa:ff:09:eb]

RSSI: -72 [da:ee:aa:ff:07:9a]

RSSI: -83 [da:ee:aa:ff:09:eb]

RSSI: -83 [da:ee:aa:ff:09:eb]

RSSI: -83 [da:ee:aa:ff:09:eb]

RSSI: -84 [da:ee:aa:ff:0f:ac]

RSSI: -75 [da:ee:aa:ff:07:ca]

RSSI: -77 [da:ee:aa:ff:09:fb]

RSSI: -85 [da:ee:aa:ff:0f:bc]

RSSI: -75 [da:ee:aa:ff:07:ca]

RSSI: -85 [da:ee:aa:ff:0f:bc]

RSSI: -75 [da:ee:aa:ff:07:ca]

RSSI: -68 [da:ee:aa:ff:0a:0b]

RSSI: -85 [da:ee:aa:ff:0f:bc]

RSSI: -75 [da:ee:aa:ff:07:ca]

RSSI: -61 [da:ee:aa:ff:0a:0b]

RSSI: -86 [da:ee:aa:ff:0f:bc]

RSSI: -75 [da:ee:aa:ff:07:ca]

RSSI: -76 [da:ee:aa:ff:07:da]

RSSI: -76 [da:ee:aa:ff:07:da]

RSSI: -76 [da:ee:aa:ff:07:da]

RSSI: -84 [da:ee:aa:ff:0a:4b]

RSSI: -75 [da:ee:aa:ff:08:0a]

RSSI: -75 [da:ee:aa:ff:08:0a]

RSSI: -84 [da:ee:aa:ff:0a:4b]

RSSI: -75 [da:ee:aa:ff:08:0a]

RSSI: -84 [da:ee:aa:ff:0a:4b]

RSSI: -75 [da:ee:aa:ff:08:0a]

RSSI: -84 [da:ee:aa:ff:0a:4b]

RSSI: -75 [da:ee:aa:ff:08:0a]

RSSI: -85 [da:ee:aa:ff:10:3c]

RSSI: -77 [da:ee:aa:ff:0a:5b]

RSSI: -75 [da:ee:aa:ff:08:3a]

RSSI: -75 [da:ee:aa:ff:08:4a]

RSSI: -83 [da:ee:aa:ff:10:5c]

RSSI: -75 [da:ee:aa:ff:08:4a]

RSSI: -83 [da:ee:aa:ff:10:5c]

RSSI: -80 [da:ee:aa:ff:0a:7b]

RSSI: -75 [da:ee:aa:ff:08:4a]

RSSI: -80 [da:ee:aa:ff:0a:7b]

RSSI: -75 [da:ee:aa:ff:08:4a]

RSSI: -80 [da:ee:aa:ff:0a:7b]

RSSI: -82 [da:ee:aa:ff:10:6c]

RSSI: -68 [da:ee:aa:ff:10:8c]

RSSI: -70 [da:ee:aa:ff:08:7a]

RSSI: -78 [da:ee:aa:ff:0a:cb]

RSSI: -74 [da:ee:aa:ff:08:9a]

RSSI: -75 [da:ee:aa:ff:08:9a]

RSSI: -86 [da:ee:aa:ff:10:cc]

RSSI: -75 [da:ee:aa:ff:08:9a]

RSSI: -77 [da:ee:aa:ff:0a:db]

RSSI: -83 [da:ee:aa:ff:10:dc]

RSSI: -83 [da:ee:aa:ff:10:dc]

RSSI: -83 [da:ee:aa:ff:10:dc]

RSSI: -83 [da:ee:aa:ff:0b:0b]

RSSI: -76 [da:ee:aa:ff:08:fa]

RSSI: -83 [da:ee:aa:ff:0b:0b]

RSSI: -77 [da:ee:aa:ff:08:fa]

RSSI: -84 [da:ee:aa:ff:0b:0b]

RSSI: -85 [da:ee:aa:ff:11:0c]

RSSI: -84 [da:ee:aa:ff:0b:0b]

RSSI: -84 [da:ee:aa:ff:11:0c]

RSSI: -83 [da:ee:aa:ff:0b:0b]

RSSI: -84 [da:ee:aa:ff:11:0c]

RSSI: -74 [da:ee:aa:ff:09:1a]

RSSI: -74 [da:ee:aa:ff:09:1a]

RSSI: -84 [da:ee:aa:ff:11:2c]

RSSI: -85 [da:ee:aa:ff:11:2c]

RSSI: -79 [da:ee:aa:ff:0b:3b]

RSSI: -74 [da:ee:aa:ff:09:3a]

RSSI: -83 [da:ee:aa:ff:11:5c]

RSSI: -79 [da:ee:aa:ff:0b:3b]

RSSI: -80 [da:ee:aa:ff:0b:3b]

RSSI: -79 [da:ee:aa:ff:0b:3b]

RSSI: -76 [da:ee:aa:ff:09:6a]

RSSI: -76 [da:ee:aa:ff:09:6a]

RSSI: -73 [da:ee:aa:ff:09:aa]

RSSI: -85 [da:ee:aa:ff:11:ac]

RSSI: -77 [da:ee:aa:ff:0b:8b]

RSSI: -73 [da:ee:aa:ff:09:aa]

RSSI: -69 [da:ee:aa:ff:11:ac]

RSSI: -77 [da:ee:aa:ff:0b:8b]

RSSI: -63 [da:ee:aa:ff:09:aa]

RSSI: -7