
RSSI: -87 [da:ee:aa:ff:14:bb]

RSSI: -86 [da:ee:aa:ff:05:2c]

RSSI: -67 [da:ee:aa:ff:15:5a]

RSSI: -68 [da:ee:aa:ff:15:5a]

RSSI: -74 [da:ee:aa:ff:0f:ea]

RSSI: -88 [da:ee:aa:ff:12:2c]

RSSI: -88 [da:ee:aa:ff:12:3c]

RSSI: -73 [da:ee:aa:ff:10:3a]

RSSI: -73 [da:ee:aa:ff:10:3a]

RSSI: -94 [da:ee:aa:ff:0f:7b]

RSSI: -74 [da:ee:aa:ff:10:6a]

RSSI: -74 [da:ee:aa:ff:10:6a]

RSSI: -72 [da:ee:aa:ff:10:7a]

RSSI: -72 [da:ee:aa:ff:10:9a]

RSSI: -72 [da:ee:aa:ff:10:9a]

RSSI: -88 [da:ee:aa:ff:12:9c]

RSSI: -89 [da:ee:aa:ff:0f:eb]

RSSI: -72 [da:ee:aa:ff:10:9a]

RSSI: -71 [da:ee:aa:ff:10:9a]

RSSI: -70 [da:ee:aa:ff:10:aa]

RSSI: -70 [da:ee:aa:ff:10:aa]

RSSI: -70 [da:ee:aa:ff:10:aa]

RSSI: -94 [da:ee:aa:ff:10:0b]

RSSI: -70 [da:ee:aa:ff:10:aa]

RSSI: -92 [da:ee:aa:ff:10:1b]

RSSI: -76 [da:ee:aa:ff:10:da]

RSSI: -86 [da:ee:aa:ff:10:4b]

RSSI: -90 [da:ee:aa:ff:13:1c]

RSSI: -89 [da:ee:aa:ff:10:4b]

RSSI: -71 [da:ee:aa:ff:10:fa]

RSSI: -72 [da:ee:aa:ff:10:fa]

RSSI: -90 [da:ee:aa:ff:13:1c]

RSSI: -71 [da:ee:aa:ff:10:fa]

RSSI: -72 [da:ee:aa:ff:11:0a]

RSSI: -72 [da:ee:aa:ff:11:0a]

RSSI: -72 [da:ee:aa:ff:11:0a]

RSSI: -72 [da:ee:aa:ff:11:0a]

RSSI: -72 [da:ee:aa:ff:11:2a]

RSSI: -73 [da:ee:aa:ff:11:3a]

RSSI: -73 [da:ee:aa:ff:11:3a]

RSSI: -73 [da:ee:aa:ff:11:3a]

RSSI: -73 [da:ee:aa:ff:11:3a]

RSSI: -70 [da:ee:aa:ff:11:7a]

RSSI: -70 [da:ee:aa:ff:11:7a]

RSSI: -70 [da:ee:aa:ff:11:7a]

RSSI: -71 [da:ee:aa:ff:11:7a]

RSSI: -71 [da:ee:aa:ff:11:9a]

RSSI: -70 [da:ee:aa:ff:11:9a]

RSSI: -70 [da:ee:aa:ff:11:ba]

RSSI: -71 [da:ee:aa:ff:11:ea]

RSSI: -86 [da:ee:aa:ff:11:3b]

RSSI: -70 [da:ee:aa:ff:11:ea]

RSSI: -90 [da:ee:aa:ff:14:2c]

RSSI: -70 [da:ee:aa:ff:11:ea]

RSSI: -90 [da:ee:aa:ff:14:2c]

RSSI: -70 [da:ee:aa:ff:12:0a]

RSSI: -70 [da:ee:aa:ff:12:0a]

RSSI: -70 [da:ee:aa:ff:12:0a]

RSSI: -70 [da:ee:aa:ff:12:1a]

RSSI: -89 [da:ee:aa:ff:11:6b]

RSSI: -71 [da:ee:aa:ff:12:3a]

RSSI: -71 [da:ee:aa:ff:12:3a]

RSSI: -71 [da:ee:aa:ff:12:3a]

RSSI: -71 [da:ee:aa:ff:12:3a]

RSSI: -88 [da:ee:aa:ff:14:9c]

RSSI: -70 [da:ee:aa:ff:12:7a]

RSSI: -70 [da:ee:aa:ff:12:7a]

RSSI: -70 [da:ee:aa:ff:12:7a]

RSSI: -70 [da:ee:aa:ff:12:7a]

RSSI: -71 [da:ee:aa:ff:12:8a]

RSSI: -71 [da:ee:aa:ff:12:8a]

RSSI: -92 [da:ee:aa:ff:14:bc]

RSSI: -71 [da:ee:aa:ff:12:8a]

RSSI: -93 [da:ee:aa:ff:11:fb]

RSSI: -71 [da:ee:aa:ff:12:aa]

RSSI: -92 [da:ee:aa:ff:11:fb]

RSSI: -71 [da:ee:aa:ff:12:ca]

RSSI: -71 [da:ee:aa:ff:12:ca]

RSSI: -71 [da:ee:aa:ff:12:ca]

RSSI: -96 [da:ee:aa:ff:12:1b]

RSSI: -71 [da:ee:aa:ff:12:ca]

RSSI: -71 [da:ee:aa:ff:12:ca]

RSSI: -66 [da:ee:aa:ff:12:fa]

RSSI: -57 [da:ee:aa:ff:12:fa]

RSSI: -57 [da:ee:aa:ff:12:fa]

RSSI: -65 [da:ee:aa:ff:12:fa]

RSSI: -71 [da:ee:aa:ff:13:1a]

RSSI: -70 [da:ee:aa:ff:13:1a]

RSSI: -91 [da:ee:aa:ff:15:1c]

RSSI: -71 [da:ee:aa:ff:13:1a]

RSSI: -71 [da:ee:aa:ff:13:2a]

RSSI: -74 [da:ee:aa:ff:13:3a]

RSSI: -93 [da:ee:aa:ff:12:ab]

RSSI: -94 [da:ee:aa:ff:15:4c]

RSSI: -93 [da:ee:aa:ff:15:4c]

RSSI: -94 [da:ee:aa:ff:12:ab]

RSSI: -71 [da:ee:aa:ff:13:5a]

RSSI: -71 [da:ee:aa:ff:13:5a]

RSSI: -71 [da:ee:aa:ff:13:5a]

RSSI: -71 [da:ee:aa:ff:13:5a]

RSSI: -71 [da:ee:aa:ff:13:7a]

RSSI: -91 [da:ee:aa:ff:15:8c]

RSSI: -71 [da:ee:aa:ff:13:7a]

RSSI: -91 [da:ee:aa:ff:15:8c]

RSSI: -71 [da:ee:aa:ff:13:7a]

RSSI: -91 [da:ee:aa:ff:15:8c]

RSSI: -72 [da:ee:aa:ff:13:9a]

RSSI: -72 [da:ee:aa:ff:13:ba]

RSSI: -72 [da:ee:aa:ff:13:ba]

RSSI: -73 [da:ee:aa:ff:13:ba]

RSSI: -73 [da:ee:aa:ff:13:ba]

RSSI: -70 [da:ee:aa:ff:13:da]

RSSI: -71 [da:ee:aa:ff:13:da]

RSSI: -60 [da:ee:aa:ff:13:da]

RSSI: -65 [da:ee:aa:ff:13:da]

RSSI: -72 [da:ee:aa:ff:13:fa]

RSSI: -91 [da:ee:aa:ff:13:5b]

RSSI: -90 [da:ee:aa:ff:13:7b]

RSSI: -71 [da:ee:aa:ff:14:0a]

RSSI: -75 [da:ee:aa:ff:14:1a]

RSSI: -75 [da:ee:aa:ff:14:1a]

RSSI: -75 [da:ee:aa:ff:13:8b]

RSSI: -75 [da:ee:aa:ff:14:1a]

RSSI: -75 [da:ee:aa:ff:14:1a]

RSSI: -69 [da:ee:aa:ff:14:3a]

RSSI: -69 [da:ee:aa:ff:14:3a]

RSSI: -69 [da:ee:aa:ff:14:3a]

RSSI: -69 [da:ee:aa:ff:14:3a]

RSSI: -88 [da:ee:aa:ff:13:cb]

RSSI: -88 [da:ee:aa:ff:16:5c]

RSSI: -89 [da:ee:aa:ff:13:cb]

RSSI: -72 [da:ee:aa:ff:14:5a]

RSSI: -72 [da:ee:aa:ff:14:5a]

RSSI: -71 [da:ee:aa:ff:14:6a]

RSSI: -72 [da:ee:aa:ff:14:6a]

RSSI: -74 [da:ee:aa:ff:14:7a]

RSSI: -74 [da:ee:aa:ff:14:7a]

RSSI: -74 [da:ee:aa:ff:14:7a]

RSSI: -74 [da:ee:aa:ff:14:7a]

RSSI: -74 [da:ee:aa:ff:14:7a]

RSSI: -70 [da:ee:aa:ff:14:ba]

RSSI: -88 [da:ee:aa:ff:14:3b]

RSSI: -70 [da:ee:aa:ff:14:ba]

RSSI: -90 [da:ee:aa:ff:00:3c]

RSSI: -70 [da:ee:aa:ff:14:ba]

RSSI: -87 [da:ee:aa:ff:14:4b]

RSSI: -71 [da:ee:aa:ff:14:ba]

RSSI: -87 [da:ee:aa:ff:14:5b]

RSSI: -57 [da:ee:aa:ff:14:ca]

RSSI: -71 [da:ee:aa:ff:14:ca]

RSSI: -71 [da:ee:aa:ff:14:da]

RSSI: -88 [da:ee:aa:ff:14:5b]

RSSI: -77 [da:ee:aa:ff:14:ea]

RSSI: -77 [da:ee:aa:ff:14:ea]

RSSI: -77 [da:ee:aa:ff:14:ea]

RSSI: -77 [da:ee:aa:ff:14:ea]

RSSI: -70 [da:ee:aa:ff:15:1a]

RSSI: -70 [da:ee:aa:ff:15:1a]

RSSI: -70 [da:ee:aa:ff:15:1a]

RSSI: -70 [da:ee:aa:ff:15:1a]

RSSI: -70 [da:ee:aa:ff:15:1a]

RSSI: -71 [da:ee:aa:ff:15:3a]

RSSI: -71 [da:ee:aa:ff:15:3a]

RSSI: -89 [da:ee:aa:ff:14:db]

RSSI: -71 [da:ee:aa:ff:15:4a]

RSSI: -75 [da:ee:aa:ff:15:5a]

RSSI: -75 [da:ee:aa:ff:15:5a]

RSSI: -96 [da:ee:aa:ff:14:fb]

RSSI: -75 [da:ee:aa:ff:15:5a]

RSSI: -95 [da:ee:aa:ff:14:fb]

RSSI: -75 [da:ee:aa:ff:15:5a]

RSSI: -70 [da:ee:aa:ff:15:8a]

RSSI: -70 [da:ee:aa:ff:15:8a]

RSSI: -70 [da:ee:aa:ff:15:8a]

RSSI: -70 [da:ee:aa:ff:15:9a]

RSSI: -70 [da:ee:aa:ff:15:9a]

RSSI: -94 [da:ee:aa:ff:15:3b]

RSSI: -94 [da:ee:aa:ff:15:7b]

RSSI: -93 [da:ee:aa:ff:15:7b]

RSSI: -78 [da:ee:aa:ff:15:ca]

RSSI: -93 [da:ee:aa:ff:15:7b]

RSSI: -73 [da:ee:aa:ff:15:fa]

RSSI: -73 [da:ee:aa:ff:15:fa]

RSSI: -73 [da:ee:aa:ff:15:fa]

RSSI: -71 [da:ee:aa:ff:16:0a]

RSSI: -93 [da:ee:aa:ff:01:7c]

RSSI: -71 [da:ee:aa:ff:16:0a]

RSSI: -71 [da:ee:aa:ff:16:2a]

RSSI: -71 [da:ee:aa:ff:16:2a]

RSSI: -77 [da:ee:aa:ff:16:3a]

RSSI: -89 [da:ee:aa:ff:15:db]

RSSI: -77 [da:ee:aa:ff:16:3a]

RSSI: -90 [da:ee:aa:ff:15:db]

RSSI: -77 [da:ee:aa:ff:16:3a]

RSSI: -76 [da:ee:aa:ff:16:3a]

RSSI: -73 [da:ee:aa:ff:16:5a]

RSSI: -74 [da:ee:aa:ff:16:5a]

RSSI: -73 [da:ee:aa:ff:16:5a]

RSSI: -73 [da:ee:aa:ff:16:5a]

RSSI: -74 [da:ee:aa:ff:16:6a]

RSSI: -91 [da:ee:aa:ff:02:0c]

RSSI: -74 [da:ee:aa:ff:00:0a]

RSSI: -75 [da:ee:aa:ff:00:0a]

RSSI: -90 [da:ee:aa:ff:16:5b]

RSSI: -90 [da:ee:aa:ff:16:5b]

RSSI: -90 [da:ee:aa:ff:16:5b]

RSSI: -71 [da:ee:aa:ff:00:4a]

RSSI: -72 [da:ee:aa:ff:02:4c]

RSSI: -71 [da:ee:aa:ff:00:4a]

RSSI: -71 [da:ee:aa:ff:00:4a]

RSSI: -86 [da:ee:aa:ff:02:5c]

RSSI: -71 [da:ee:aa:ff:00:4a]

RSSI: -72 [da:ee:aa:ff:00:4a]

RSSI: -72 [da:ee:aa:ff:00:5a]

RSSI: -72 [da:ee:aa:ff:00:5a]

RSSI: -90 [da:ee:aa:ff:02:7c]

RSSI: -72 [da:ee:aa:ff:00:7a]

RSSI: -93 [da:ee:aa:ff:00:2b]

RSSI: -72 [da:ee:aa:ff:00:7a]

RSSI: -75 [da:ee:aa:ff:00:8a]

RSSI: -75 [da:ee:aa:ff:00:8a]

RSSI: -75 [da:ee:aa:ff:00:8a]

RSSI: -90 [da:ee:aa:ff:00:5b]

RSSI: -70 [da:ee:aa:ff:00:ba]

RSSI: -75 [da:ee:aa:ff:00:7b]

RSSI: -70 [da:ee:aa:ff:00:ba]

RSSI: -70 [da:ee:aa:ff:00:ba]

RSSI: -86 [da:ee:aa:ff:02:dc]

RSSI: -90 [da:ee:aa:ff:02:fc]

RSSI: -71 [da:ee:aa:ff:00:ca]

RSSI: -71 [da:ee:aa:ff:00:ca]

RSSI: -88 [da:ee:aa:ff:00:ab]

RSSI: -88 [da:ee:aa:ff:00:ab]

RSSI: -71 [da:ee:aa:ff:00:ea]

RSSI: -71 [da:ee:aa:ff:00:ea]

RSSI: -74 [da:ee:aa:ff:01:0a]

RSSI: -93 [da:ee:aa:ff:03:2c]

RSSI: -55 [da:ee:aa:ff:01:3a]

RSSI: -88 [da:ee:aa:ff:03:3c]

RSSI: -86 [da:ee:aa:ff:00:eb]

RSSI: -56 [da:ee:aa:ff:01:3a]

RSSI: -88 [da:ee:aa:ff:03:3c]

RSSI: -87 [da:ee:aa:ff:00:eb]

RSSI: -69 [da:ee:aa:ff:01:3a]

RSSI: -69 [da:ee:aa:ff:01:3a]

RSSI: -71 [da:ee:aa:ff:01:5a]

RSSI: -71 [da:ee:aa:ff:01:5a]

RSSI: -87 [da:ee:aa:ff:01:0b]

RSSI: -71 [da:ee:aa:ff:01:6a]

RSSI: -88 [da:ee:aa:ff:01:0b]

RSSI: -72 [da:ee:aa:ff:01:6a]

RSSI: -75 [da:ee:aa:ff:01:7a]

RSSI: -75 [da:ee:aa:ff:01:7a]

RSSI: -75 [da:ee:aa:ff:01:7a]

RSSI: -74 [da:ee:aa:ff:01:7a]

RSSI: -68 [da:ee:aa:ff:01:aa]

RSSI: -87 [da:ee:aa:ff:01:5b]

RSSI: -87 [da:ee:aa:ff:03:ac]

RSSI: -68 [da:ee:aa:ff:01:aa]

RSSI: -87 [da:ee:aa:ff:01:5b]

RSSI: -67 [da:ee:aa:ff:01:aa]

RSSI: -87 [da:ee:aa:ff:03:ac]

RSSI: -67 [da:ee:aa:ff:01:aa]

RSSI: -86 [da:ee:aa:ff:01:6b]

RSSI: -72 [da:ee:aa:ff:01:ba]

RSSI: -72 [da:ee:aa:ff:01:ba]

RSSI: -71 [da:ee:aa:ff:01:da]

RSSI: -71 [da:ee:aa:ff:01:da]

RSSI: -73 [da:ee:aa:ff:01:ea]

RSSI: -73 [da:ee:aa:ff:01:ea]

RSSI: -73 [da:ee:aa:ff:01:ea]

RSSI: -74 [da:ee:aa:ff:01:ea]

RSSI: -98 [da:ee:aa:ff:03:fc]

RSSI: -87 [da:ee:aa:ff:04:1c]

RSSI: -64 [da:ee:aa:ff:02:2a]

RSSI: -89 [da:ee:aa:ff:04:1c]

RSSI: -69 [da:ee:aa:ff:02:2a]

RSSI: -88 [da:ee:aa:ff:04:1c]

RSSI: -86 [da:ee:aa:ff:01:db]

RSSI: -89 [da:ee:aa:ff:04:1c]

RSSI: -71 [da:ee:aa:ff:02:3a]

RSSI: -71 [da:ee:aa:ff:02:3a]

RSSI: -71 [da:ee:aa:ff:02:5a]

RSSI: -88 [da:ee:aa:ff:02:0b]

RSSI: -71 [da:ee:aa:ff:02:5a]

RSSI: -74 [da:ee:aa:ff:02:6a]

RSSI: -74 [da:ee:aa:ff:02:6a]

RSSI: -74 [da:ee:aa:ff:02:6a]

RSSI: -74 [da:ee:aa:ff:02:6a]

RSSI: -86 [da:ee:aa:ff:02:5b]

RSSI: -69 [da:ee:aa:ff:02:9a]

RSSI: -69 [da:ee:aa:ff:02:9a]

RSSI: -88 [da:ee:aa:ff:04:9c]

RSSI: -86 [da:ee:aa:ff:02:5b]

RSSI: -69 [da:ee:aa:ff:02:9a]

RSSI: -89 [da:ee:aa:ff:04:9c]

RSSI: -87 [da:ee:aa:ff:02:5b]

RSSI: -69 [da:ee:aa:ff:02:9a]

RSSI: -89 [da:ee:aa:ff:04:9c]

RSSI: -86 [da:ee:aa:ff:02:5b]

RSSI: -73 [da:ee:aa:ff:02:aa]

RSSI: -72 [da:ee:aa:ff:02:aa]

RSSI: -87 [da:ee:aa:ff:02:6b]

RSSI: -72 [da:ee:aa:ff:02:ca]

RSSI: -86 [da:ee:aa:ff:02:6b]

RSSI: -72 [da:ee:aa:ff:02:ca]

RSSI: -73 [da:ee:aa:ff:02:ea]

RSSI: -73 [da:ee:aa:ff:02:ea]

RSSI: -73 [da:ee:aa:ff:02:ea]

RSSI: -69 [da:ee:aa:ff:03:1a]

RSSI: -70 [da:ee:aa:ff:03:1a]

RSSI: -70 [da:ee:aa:ff:03:1a]

RSSI: -70 [da:ee:aa:ff:03:1a]

RSSI: -71 [da:ee:aa:ff:03:2a]

RSSI: -88 [da:ee:aa:ff:02:eb]

RSSI: -88 [da:ee:aa:ff:02:eb]

RSSI: -76 [da:ee:aa:ff:03:5a]

RSSI: -76 [da:ee:aa:ff:03:5a]

RSSI: -76 [da:ee:aa:ff:03:5a]

RSSI: -76 [da:ee:aa:ff:03:5a]

RSSI: -71 [da:ee:aa:ff:03:7a]

RSSI: -91 [da:ee:aa:ff:05:bc]

RSSI: -71 [da:ee:aa:ff:03:7a]

RSSI: -71 [da:ee:aa:ff:03:7a]

RSSI: -71 [da:ee:aa:ff:03:7a]

RSSI: -71 [da:ee:aa:ff:03:7a]

RSSI: -72 [da:ee:aa:ff:03:8a]

RSSI: -89 [da:ee:aa:ff:03:5b]

RSSI: -72 [da:ee:aa:ff:03:8a]

RSSI: -88 [da:ee:aa:ff:03:6b]

RSSI: -74 [da:ee:aa:ff:03:aa]

RSSI: -74 [da:ee:aa:ff:03:aa]

RSSI: -90 [da:ee:aa:ff:06:1c]

RSSI: -89 [da:ee:aa:ff:03:cb]

RSSI: -74 [da:ee:aa:ff:03:ea]

RSSI: -90 [da:ee:aa:ff:06:2c]

RSSI: -74 [da:ee:aa:ff:03:ea]

RSSI: -89 [da:ee:aa:ff:03:cb]

RSSI: -82 [da:ee:aa:ff:03:fa]

RSSI: -89 [da:ee:aa:ff:03:eb]

RSSI: -77 [da:ee:aa:ff:04:1a]

RSSI: -77 [da:ee:aa:ff:04:1a]

RSSI: -81 [da:ee:aa:ff:06:8c]

RSSI: -73 [da:ee:aa:ff:04:3a]

RSSI: -90 [da:ee:aa:ff:04:3b]

RSSI: -73 [da:ee:aa:ff:04:3a]

RSSI: -89 [da:ee:aa:ff:04:3b]

RSSI: -74 [da:ee:aa:ff:04:3a]

RSSI: -73 [da:ee:aa:ff:04:3a]

RSSI: -73 [da:ee:aa:ff:04:3a]

RSSI: -72 [da:ee:aa:ff:04:4a]

RSSI: -72 [da:ee:aa:ff:04:4a]

RSSI: -72 [da:ee:aa:ff:04:6a]

RSSI: -76 [da:ee:aa:ff:04:8a]

RSSI: -76 [da:ee:aa:ff:04:8a]

RSSI: -76 [da:ee:aa:ff:04:8a]

RSSI: -76 [da:ee:aa:ff:04:8a]

RSSI: -73 [da:ee:aa:ff:04:ba]

RSSI: -74 [da:ee:aa:ff:04:ba]

RSSI: -74 [da:ee:aa:ff:04:ba]

RSSI: -73 [da:ee:aa:ff:04:ba]

RSSI: -89 [da:ee:aa:ff:06:fc]

RSSI: -74 [da:ee:aa:ff:04:ba]

RSSI: -73 [da:ee:aa:ff:04:ca]

RSSI: -73 [da:ee:aa:ff:04:ca]

RSSI: -95 [da:ee:aa:ff:07:0c]

RSSI: -96 [da:ee:aa:ff:07:0c]

RSSI: -75 [da:ee:aa:ff:05:1a]

RSSI: -75 [da:ee:aa:ff:05:1a]

RSSI: -75 [da:ee:aa:ff:05:1a]

RSSI: -72 [da:ee:aa:ff:05:2a]

RSSI: -72 [da:ee:aa:ff:05:2a]

RSSI: -92 [da:ee:aa:ff:05:6b]

RSSI: -72 [da:ee:aa:ff:05:4a]

RSSI: -72 [da:ee:aa:ff:05:4a]

RSSI: -77 [da:ee:aa:ff:05:5a]

RSSI: -77 [da:ee:aa:ff:05:5a]

RSSI: -77 [da:ee:aa:ff:05:5a]

RSSI: -77 [da:ee:aa:ff:05:5a]

RSSI: -73 [da:ee:aa:ff:05:8a]

RSSI: -73 [da:ee:aa:ff:05:8a]

RSSI: -73 [da:ee:aa:ff:05:8a]

RSSI: -73 [da:ee:aa:ff:05:8a]

RSSI: -73 [da:ee:aa:ff:05:8a]

RSSI: -74 [da:ee:aa:ff:05:9a]

RSSI: -74 [da:ee:aa:ff:05:9a]

RSSI: -93 [da:ee:aa:ff:07:fc]

RSSI: -74 [da:ee:aa:ff:05:ba]

RSSI: -74 [da:ee:aa:ff:05:ba]

RSSI: -74 [da:ee:aa:ff:05:da]

RSSI: -74 [da:ee:aa:ff:05:da]

RSSI: -74 [da:ee:aa:ff:05:da]

RSSI: -74 [da:ee:aa:ff:05:da]

RSSI: -88 [da:ee:aa:ff:08:2c]

RSSI: -64 [da:ee:aa:ff:06:0a]

RSSI: -89 [da:ee:aa:ff:08:2c]

RSSI: -72 [da:ee:aa:ff:06:0a]

RSSI: -89 [da:ee:aa:ff:08:2c]

RSSI: -60 [da:ee:aa:ff:06:0a]

RSSI: -89 [da:ee:aa:ff:08:2c]

RSSI: -67 [da:ee:aa:ff:06:0a]

RSSI: -88 [da:ee:aa:ff:08:2c]

RSSI: -75 [da:ee:aa:ff:06:1a]

RSSI: -75 [da:ee:aa:ff:06:1a]

RSSI: -74 [da:ee:aa:ff:06:2a]

RSSI: -74 [da:ee:aa:ff:06:3a]

RSSI: -73 [da:ee:aa:ff:06:3a]

RSSI: -73 [da:ee:aa:ff:06:3a]

RSSI: -73 [da:ee:aa:ff:06:3a]

RSSI: -88 [da:ee:aa:ff:08:8c]

RSSI: -73 [da:ee:aa:ff:06:6a]

RSSI: -89 [da:ee:aa:ff:08:8c]

RSSI: -73 [da:ee:aa:ff:06:6a]

RSSI: -87 [da:ee:aa:ff:08:8c]

RSSI: -75 [da:ee:aa:ff:06:8a]

RSSI: -75 [da:ee:aa:ff:06:8a]

RSSI: -92 [da:ee:aa:ff:08:9c]

RSSI: -75 [da:ee:aa:ff:06:9a]

RSSI: -75 [da:ee:aa:ff:06:9a]

RSSI: -72 [da:ee:aa:ff:06:aa]

RSSI: -72 [da:ee:aa:ff:06:aa]

RSSI: -97 [da:ee:aa:ff:08:dc]

RSSI: -73 [da:ee:aa:ff:06:aa]

RSSI: -72 [da:ee:aa:ff:06:aa]

RSSI: -89 [da:ee:aa:ff:08:fc]

RSSI: -89 [da:ee:aa:ff:09:1c]

RSSI: -75 [da:ee:aa:ff:06:da]

RSSI: -75 [da:ee:aa:ff:06:da]

RSSI: -92 [da:ee:aa:ff:09:3c]

RSSI: -92 [da:ee:aa:ff:09:3c]

RSSI: -75 [da:ee:aa:ff:06:fa]

RSSI: -91 [da:ee:aa:ff:09:3c]

RSSI: -75 [da:ee:aa:ff:06:fa]

RSSI: -73 [da:ee:aa:ff:07:0a]

RSSI: -73 [da:ee:aa:ff:07:0a]

RSSI: -74 [da:ee:aa:ff:07:0a]

RSSI: -73 [da:ee:aa:ff:07:0a]

RSSI: -90 [da:ee:aa:ff:09:5c]

RSSI: -87 [da:ee:aa:ff:09:7c]

RSSI: -75 [da:ee:aa:ff:07:2a]

RSSI: -75 [da:ee:aa:ff:07:2a]

RSSI: -88 [da:ee:aa:ff:09:7c]

RSSI: -76 [da:ee:aa:ff:07:2a]

RSSI: -75 [da:ee:aa:ff:07:2a]

RSSI: -75 [da:ee:aa:ff:07:3a]

RSSI: -75 [da:ee:aa:ff:07:4a]

RSSI: -75 [da:ee:aa:ff:07:4a]

RSSI: -75 [da:ee:aa:ff:07:7a]

RSSI: -75 [da:ee:aa:ff:07:7a]

RSSI: -88 [da:ee:aa:ff:09:fc]

RSSI: -75 [da:ee:aa:ff:07:7a]

RSSI: -89 [da:ee:aa:ff:09:fc]

RSSI: -74 [da:ee:aa:ff:07:7a]

RSSI: -88 [da:ee:aa:ff:09:fc]

RSSI: -75 [da:ee:aa:ff:07:7a]

RSSI: -90 [da:ee:aa:ff:0a:1c]

RSSI: -59 [da:ee:aa:ff:07:aa]

RSSI: -77 [da:ee:aa:ff:07:ba]

RSSI: -77 [da:ee:aa:ff:07:ba]

RSSI: -77 [da:ee:aa:ff:07:ba]

RSSI: -77 [da:ee:aa:ff:07:ba]

RSSI: -98 [da:ee:aa:ff:08:4b]

RSSI: -74 [da:ee:aa:ff:07:da]

RSSI: -90 [da:ee:aa:ff:0a:ac]

RSSI: -74 [da:ee:aa:ff:08:1a]

RSSI: -73 [da:ee:aa:ff:08:1a]

RSSI: -96 [da:ee:aa:ff:08:cb]

RSSI: -75 [da:ee:aa:ff:08:2a]

RSSI: -75 [da:ee:aa:ff:08:2a]

RSSI: -98 [da:ee:aa:ff:0a:ec]

RSSI: -96 [da:ee:aa:ff:08:cb]

RSSI: -75 [da:ee:aa:ff:08:2a]

RSSI: -74 [da:ee:aa:ff:08:6a]

RSSI: -75 [da:ee:aa:ff:08:6a]

RSSI: -89 [da:ee:aa:ff:0a:fc]

RSSI: -75 [da:ee:aa:ff:08:6a]

RSSI: -75 [da:ee:aa:ff:08:6a]

RSSI: -74 [da:ee:aa:ff:08:6a]

RSSI: -59 [da:ee:aa:ff:08:aa]

RSSI: -95 [da:ee:aa:ff:0b:6c]

RSSI: -76 [da:ee:aa:ff:08:ea]

RSSI: -76 [da:ee:aa:ff:08:ea]

RSSI: -76 [da:ee:aa:ff:08:ea]

RSSI: -75 [da:ee:aa:ff:08:ea]

RSSI: -76 [da:ee:aa:ff:08:ea]

RSSI: -72 [da:ee:aa:ff:08:fa]

RSSI: -72 [da:ee:aa:ff:08:fa]

RSSI: -74 [da:ee:aa:ff:09:2a]

RSSI: -73 [da:ee:aa:ff:09:2a]

RSSI: -74 [da:ee:aa:ff:09:2a]

RSSI: -74 [da:ee:aa:ff:09:2a]

RSSI: -73 [da:ee:aa:ff:09:2a]

RSSI: -73 [da:ee:aa:ff:09:5a]

RSSI: -73 [da:ee:aa:ff:09:5a]

RSSI: -73 [da:ee:aa:ff:09:5a]

RSSI: -87 [da:ee:aa:ff:0b:ec]

RSSI: -87 [da:ee:aa:ff:0b:ec]

RSSI: -72 [da:ee:aa:ff:09:6a]

RSSI: -88 [da:ee:aa:ff:0c:0c]

RSSI: -72 [da:ee:aa:ff:09:8a]

RSSI: -95 [da:ee:aa:ff:0c:2c]

RSSI: -71 [da:ee:aa:ff:09:ba]

RSSI: -71 [da:ee:aa:ff:09:ba]

RSSI: -71 [da:ee:aa:ff:09:ba]

RSSI: -71 [da:ee:aa:ff:09:ba]

RSSI: -88 [da:ee:aa:ff:0c:6c]

RSSI: -71 [da:ee:aa:ff:09:ba]

RSSI: -71 [da:ee:aa:ff:09:ca]

RSSI: -71 [da:ee:aa:ff:09:ca]

RSSI: -71 [da:ee:aa:ff:09:ca]

RSSI: -91 [da:ee:aa:ff:0c:9c]

RSSI: -71 [da:ee:aa:ff:09:da]

RSSI: -74 [da:ee:aa:ff:09:fa]

RSSI: -73 [da:ee:aa:ff:09:fa]

RSSI: -72 [da:ee:aa:ff:0a:1a]

RSSI: -72 [da:ee:aa:ff:0a:1a]

RSSI: -72 [da:ee:aa:ff:0a:1a]

RSSI: -72 [da:ee:aa:ff:0a:3a]

RSSI: -72 [da:ee:aa:ff:0a:3a]

RSSI: -72 [da:ee:aa:ff:0a:3a]

RSSI: -72 [da:ee:aa:ff:0a:4a]

RSSI: -71 [da:ee:aa:ff:0a:5a]

RSSI: -71 [da:ee:aa:ff:0a:5a]

RSSI: -71 [da:ee:aa:ff:0a:5a]

RSSI: -71 [da:ee:aa:ff:0a:5a]

RSSI: -71 [da:ee:aa:ff:0a:5a]

RSSI: -88 [da:ee:aa:ff:0d:4c]

RSSI: -64 [da:ee:aa:ff:0a:7a]

RSSI: -70 [da:ee:aa:ff:0a:7a]

RSSI: -58 [da:ee:aa:ff:0a:7a]

RSSI: -66 [da:ee:aa:ff:0a:7a]

RSSI: -71 [da:ee:aa:ff:0a:9a]

RSSI: -91 [da:ee:aa:ff:0d:6c]

RSSI: -71 [da:ee:aa:ff:0a:9a]

RSSI: -91 [da:ee:aa:ff:0d:6c]

RSSI: -72 [da:ee:aa:ff:0a:9a]

RSSI: -71 [da:ee:aa:ff:0a:9a]

RSSI: -72 [da:ee:aa:ff:0a:ca]

RSSI: -72 [da:ee:aa:ff:0a:ca]

RSSI: -72 [da:ee:aa:ff:0a:ca]

RSSI: -72 [da:ee:aa:ff:0a:ca]

RSSI: -72 [da:ee:aa:ff:0a:ca]

RSSI: -71 [da:ee:aa:ff:0a:da]

RSSI: -93 [da:ee:aa:ff:0b:db]

RSSI: -71 [da:ee:aa:ff:0a:fa]

RSSI: -71 [da:ee:aa:ff:0a:fa]

RSSI: -72 [da:ee:aa:ff:0a:fa]

RSSI: -91 [da:ee:aa:ff:0d:cc]

RSSI: -91 [da:ee:aa:ff:0d:cc]

RSSI: -71 [da:ee:aa:ff:0b:0a]

RSSI: -96 [da:ee:aa:ff:0c:0b]

RSSI: -91 [da:ee:aa:ff:0d:cc]

RSSI: -71 [da:ee:aa:ff:0b:0a]

RSSI: -91 [da:ee:aa:ff:0d:cc]

RSSI: -71 [da:ee:aa:ff:0b:0a]

RSSI: -72 [da:ee:aa:ff:0b:2a]

RSSI: -72 [da:ee:aa:ff:0b:2a]

RSSI: -72 [da:ee:aa:ff:0b:2a]

RSSI: -72 [da:ee:aa:ff:0b:2a]

RSSI: -94 [da:ee:aa:ff:0d:fc]

RSSI: -72 [da:ee:aa:ff:0b:2a]

RSSI: -94 [da:ee:aa:ff:0d:fc]

RSSI: -72 [da:ee:aa:ff:0b:4a]

RSSI: -70 [da:ee:aa:ff:0b:6a]

RSSI: -72 [da:ee:aa:ff:0b:6a]

RSSI: -92 [da:ee:aa:ff:0c:8b]

RSSI: -71 [da:ee:aa:ff:0b:8a]

RSSI: -91 [da:ee:aa:ff:0e:4c]

RSSI: -71 [da:ee:aa:ff:0b:8a]

RSSI: -94 [da:ee:aa:ff:0c:8b]

RSSI: -71 [da:ee:aa:ff:0b:8a]

RSSI: -71 [da:ee:aa:ff:0b:aa]

RSSI: -71 [da:ee:aa:ff:0b:aa]

RSSI: -71 [da:ee:aa:ff:0b:aa]

RSSI: -70 [da:ee:aa:ff:0b:aa]

RSSI: -73 [da:ee:aa:ff:0b:ba]

RSSI: -72 [da:ee:aa:ff:0b:ba]

RSSI: -73 [da:ee:aa:ff:0b:da]

RSSI: -89 [da:ee:aa:ff:0e:9c]

RSSI: -88 [da:ee:aa:ff:0e:ac]

RSSI: -72 [da:ee:aa:ff:0b:ea]

RSSI: -72 [da:ee:aa:ff:0b:ea]

RSSI: -72 [da:ee:aa:ff:0b:ea]

RSSI: -72 [da:ee:aa:ff:0b:ea]

RSSI: -72 [da:ee:aa:ff:0b:ea]

RSSI: -97 [da:ee:aa:ff:0e:cc]

RSSI: -72 [da:ee:aa:ff:0c:1a]

RSSI: -72 [da:ee:aa:ff:0c:1a]

RSSI: -72 [da:ee:aa:ff:0c:1a]

RSSI: -72 [da:ee:aa:ff:0c:3a]

RSSI: -88 [da:ee:aa:ff:0e:fc]

RSSI: -73 [da:ee:aa:ff:0c:3a]

RSSI: -73 [da:ee:aa:ff:0c:3a]

RSSI: -73 [da:ee:aa:ff:0c:5a]

RSSI: -96 [da:ee:aa:ff:0d:8b]

RSSI: -90 [da:ee:aa:ff:0f:0c]

RSSI: -62 [da:ee:aa:ff:0c:7a]

RSSI: -58 [da:ee:aa:ff:0c:7a]

RSSI: -94 [da:ee:aa:ff:0f:2c]

RSSI: -73 [da:ee:aa:ff:0c:aa]

RSSI: -73 [da:ee:aa:ff:0c:aa]

RSSI: -73 [da:ee:aa:ff:0c:aa]

RSSI: -73 [da:ee:aa:ff:0c:ca]

RSSI: -89 [da:ee:aa:ff:0f:3c]

RSSI: -73 [da:ee:aa:ff:0c:ca]

RSSI: -89 [da:ee:aa:ff:0f:3c]

RSSI: -72 [da:ee:aa:ff:0c:ca]

RSSI: -88 [da:ee:aa:ff:0f:4c]

RSSI: -73 [da:ee:aa:ff:0c:ca]

RSSI: -72 [da:ee:aa:ff:0c:ea]

RSSI: -72 [da:ee:aa:ff:0c:ea]

RSSI: -72 [da:ee:aa:ff:0c:ea]

RSSI: -72 [da:ee:aa:ff:0c:ea]

RSSI: -72 [da:ee:aa:ff:0c:ea]

RSSI: -74 [da:ee:aa:ff:0c:fa]

RSSI: -74 [da:ee:aa:ff:0d:0a]

RSSI: -74 [da:ee:aa:ff:0d:0a]

RSSI: -75 [da:ee:aa:ff:0d:1a]

RSSI: -74 [da:ee:aa:ff:0d:1a]

RSSI: -74 [da:ee:aa:ff:0d:1a]

RSSI: -90 [da:ee:aa:ff:0f:ac]

RSSI: -74 [da:ee:aa:ff:0d:1a]

RSSI: -89 [da:ee:aa:ff:0f:cc]

RSSI: -71 [da:ee:aa:ff:0d:5a]

RSSI: -71 [da:ee:aa:ff:0d:5a]

RSSI: -90 [da:ee:aa:ff:0f:ec]

RSSI: -71 [da:ee:aa:ff:0d:5a]

RSSI: -90 [da:ee:aa:ff:0f:ec]

RSSI: -71 [da:ee:aa:ff:0d:5a]

RSSI: -71 [da:ee:aa:ff:0d:5a]

RSSI: -61 [da:ee:aa:ff:0d:6a]

RSSI: -75 [da:ee:aa:ff:0d:6a]

RSSI: -74 [da:ee:aa:ff:0d:8a]

RSSI: -72 [da:ee:aa:ff:0d:ba]

RSSI: -72 [da:ee:aa:ff:0d:ba]

RSSI: -72 [da:ee:aa:ff:0d:ba]

RSSI: -89 [da:ee:aa:ff:10:6c]

RSSI: -72 [da:ee:aa:ff:0d:ba]

RSSI: -90 [da:ee:aa:ff:10:6c]

RSSI: -77 [da:ee:aa:ff:0d:ca]

RSSI: -76 [da:ee:aa:ff:0d:ca]

RSSI: -76 [da:ee:aa:ff:0d:da]

RSSI: -74 [da:ee:aa:ff:0d:fa]

RSSI: -90 [da:ee:aa:ff:10:bc]

RSSI: -90 [da:ee:aa:ff:10:bc]

RSSI: -74 [da:ee:aa:ff:0e:0a]

RSSI: -74 [da:ee:aa:ff:0e:0a]

RSSI: -74 [da:ee:aa:ff:0e:0a]

RSSI: -76 [da:ee:aa:ff:0e:1a]

RSSI: -77 [da:ee:aa:ff:0e:1a]

RSSI: -76 [da:ee:aa:ff:0e:1a]

RSSI: -74 [da:ee:aa:ff:0e:5a]

RSSI: -61 [da:ee:aa:ff:0e:5a]

RSSI: -75 [da:ee:aa:ff:0e:5a]

RSSI: -73 [da:ee:aa:ff:0e:6a]

RSSI: -73 [da:ee:aa:ff:0e:8a]

RSSI: -73 [da:ee:aa:ff:0e:8a]

RSSI: -76 [da:ee:aa:ff:0e:9a]

RSSI: -76 [da:ee:aa:ff:0e:9a]

RSSI: -76 [da:ee:aa:ff:0e:9a]

RSSI: -76 [da:ee:aa:ff:0e:9a]

RSSI: -75 [da:ee:aa:ff:0e:9a]

RSSI: -73 [da:ee:aa:ff:0e:ca]

RSSI: -74 [da:ee:aa:ff:0e:ca]

RSSI: -74 [da:ee:aa:ff:0e:ca]

RSSI: -74 [da:ee:aa:ff:0e:ca]

RSSI: -75 [da:ee:aa:ff:0e:ca]

RSSI: -72 [da:ee:aa:ff:0e:ea]

RSSI: -73 [da:ee:aa:ff:0e:ea]

RSSI: -73 [da:ee:aa:ff:0e:ea]

RSSI: -73 [da:ee:aa:ff:0e:ea]

RSSI: -73 [da:ee:aa:ff:0e:ea]

RSSI: -73 [da:ee:aa:ff:0f:1a]

RSSI: -73 [da:ee:aa:ff:0f:1a]

RSSI: -74 [da:ee:aa:ff:0f:1a]

RSSI: -75 [da:ee:aa:ff:0f:3a]

RSSI: -75 [da:ee:aa:ff:0f:3a]

RSSI: -89 [da:ee:aa:ff:11:dc]

RSSI: -74 [da:ee:aa:ff:0f:4a]

RSSI: -92 [da:ee:aa:ff:12:1c]

RSSI: -71 [da:ee:aa:ff:0f:5a]

RSSI: -71 [da:ee:aa:ff:0f:5a]

RSSI: -74 [da:ee:aa:ff:0f:6a]

RSSI: -73 [da:ee:aa:ff:0f:7a]

RSSI: -73 [da:ee:aa:ff:0f:7a]

RSSI: -73 [da:ee:aa:ff:0f:7a]

RSSI: -75 [da:ee:aa:ff:0f:9a]

RSSI: -89 [da:ee:aa:ff:12:5c]

RSSI: -75 [da:ee:aa:ff:0f:9a]

RSSI: -75 [da:ee:aa:ff:0f:9a]

RSSI: -74 [da:ee:aa:ff:0f:ba]

RSSI: -72 [da:ee:aa:ff:0f:da]

RSSI: -72 [da:ee:aa:ff:0f:da]

RSSI: -72 [da:ee:aa:ff:0f:da]

RSSI: -72 [da:ee:aa:ff:0f:da]

RSSI: -72 [da:ee:aa:ff:0f:da]

RSSI: -76 [da:ee:aa:ff:0f:fa]

RSSI: -77 [da:ee:aa:ff:10:0a]

RSSI: -77 [da:ee:aa:ff:10:0a]

RSSI: -74 [da:ee:aa:ff:10:1a]

RSSI: -74 [da:ee:aa:ff:10:1a]

RSSI: -90 [da:ee:aa:ff:12:bc]

RSSI: -74 [da:ee:aa:ff:10:1a]

RSSI: -74 [da:ee:aa:ff:10:1a]

RSSI: -90 [da:ee:aa:ff:12:bc]

RSSI: -79 [da:ee:aa:ff:10:5a]

RSSI: -80 [da:ee:aa:ff:10:6a]

RSSI: -75 [da:ee:aa:ff:10:7a]

RSSI: -75 [da:ee:aa:ff:10:7a]

RSSI: -75 [da:ee:aa:ff:10:7a]

RSSI: -74 [da:ee:aa:ff:10:7a]

RSSI: -73 [da:ee:aa:ff:10:ba]

RSSI: -73 [da:ee:aa:ff:10:ba]

RSSI: -73 [da:ee:aa:ff:10:ba]

RSSI: -73 [da:ee:aa:ff:10:ba]

RSSI: -78 [da:ee:aa:ff:10:da]

RSSI: -79 [da:ee:aa:ff:10:da]

RSSI: -79 [da:ee:aa:ff:10:fa]

RSSI: -75 [da:ee:aa:ff:11:0a]

RSSI: -75 [da:ee:aa:ff:11:0a]

RSSI: -75 [da:ee:aa:ff:11:0a]

RSSI: -75 [da:ee:aa:ff:11:0a]

RSSI: -75 [da:ee:aa:ff:11:0a]

RSSI: -72 [da:ee:aa:ff:11:3a]

RSSI: -72 [da:ee:aa:ff:11:3a]

RSSI: -72 [da:ee:aa:ff:11:3a]

RSSI: -72 [da:ee:aa:ff:11:3a]

RSSI: -96 [da:ee:aa:ff:12:9b]

RSSI: -95 [da:ee:aa:ff:12:9b]

RSSI: -76 [da:ee:aa:ff:11:9a]

RSSI: -76 [da:ee:aa:ff:11:9a]

RSSI: -75 [da:ee:aa:ff:11:9a]

RSSI: -92 [da:ee:aa:ff:12:cb]

RSSI: -76 [da:ee:aa:ff:11:9a]

RSSI: -75 [da:ee:aa:ff:11:9a]

RSSI: -95 [da:ee:aa:ff:12:eb]

RSSI: -73 [da:ee:aa:ff:11:aa]

RSSI: -92 [da:ee:aa:ff:14:5c]

RSSI: -95 [da:ee:aa:ff:12:eb]

RSSI: -73 [da:ee:aa:ff:11:ba]

RSSI: -91 [da:ee:aa:ff:14:5c]

RSSI: -73 [da:ee:aa:ff:11:ba]

RSSI: -80 [da:ee:aa:ff:11:da]

RSSI: -79 [da:ee:aa:ff:11:da]

RSSI: -79 [da:ee:aa:ff:11:da]

RSSI: -79 [da:ee:aa:ff:11:da]

RSSI: -92 [da:ee:aa:ff:13:3b]

RSSI: -74 [da:ee:aa:ff:12:1a]

RSSI: -93 [da:ee:aa:ff:14:9c]

RSSI: -73 [da:ee:aa:ff:12:1a]

RSSI: -94 [da:ee:aa:ff:14:ac]

RSSI: -73 [da:ee:aa:ff:12:3a]

RSSI: -73 [da:ee:aa:ff:12:3a]

RSSI: -81 [da:ee:aa:ff:12:4a]

RSSI: -82 [da:ee:aa:ff:12:4a]

RSSI: -82 [da:ee:aa:ff:12:4a]

RSSI: -83 [da:ee:aa:ff:12:4a]

RSSI: -89 [da:ee:aa:ff:14:fc]

RSSI: -90 [da:ee:aa:ff:14:fc]

RSSI: -89 [da:ee:aa:ff:14:fc]

RSSI: -73 [da:ee:aa:ff:12:8a]

RSSI: -94 [da:ee:aa:ff:15:1c]

RSSI: -73 [da:ee:aa:ff:12:8a]

RSSI: -73 [da:ee:aa:ff:12:8a]

RSSI: -73 [da:ee:aa:ff:12:9a]

RSSI: -84 [da:ee: