ff:0d:0b]

RSSI: -77 [da:ee:aa:ff:0d:0b]

RSSI: -77 [da:ee:aa:ff:0d:0b]

RSSI: -57 [da:ee:aa:ff:01:9a]

RSSI: -88 [da:ee:aa:ff:12:1c]

RSSI: -57 [da:ee:aa:ff:01:9a]

RSSI: -57 [da:ee:aa:ff:01:9a]

RSSI: -58 [da:ee:aa:ff:01:9a]

RSSI: -89 [da:ee:aa:ff:12:3c]

RSSI: -57 [da:ee:aa:ff:01:9a]

RSSI: -65 [da:ee:aa:ff:03:eb]

RSSI: -63 [da:ee:aa:ff:01:aa]

RSSI: -55 [da:ee:aa:ff:03:eb]

RSSI: -68 [da:ee:aa:ff:03:eb]

RSSI: -85 [da:ee:aa:ff:12:4c]

RSSI: -64 [da:ee:aa:ff:01:ba]

RSSI: -71 [da:ee:aa:ff:03:eb]

RSSI: -63 [da:ee:aa:ff:01:ba]

RSSI: -66 [da:ee:aa:ff:01:da]

RSSI: -74 [da:ee:aa:ff:04:1b]

RSSI: -67 [da:ee:aa:ff:01:da]

RSSI: -74 [da:ee:aa:ff:04:1b]

RSSI: -66 [da:ee:aa:ff:01:da]

RSSI: -73 [da:ee:aa:ff:04:1b]

RSSI: -67 [da:ee:aa:ff:01:da]

RSSI: -74 [da:ee:aa:ff:04:1b]

RSSI: -67 [da:ee:aa:ff:01:da]

RSSI: -74 [da:ee:aa:ff:04:1b]

RSSI: -72 [da:ee:aa:ff:04:3b]

RSSI: -73 [da:ee:aa:ff:04:3b]

RSSI: -72 [da:ee:aa:ff:04:3b]

RSSI: -63 [da:ee:aa:ff:02:1a]

RSSI: -85 [da:ee:aa:ff:12:bc]

RSSI: -72 [da:ee:aa:ff:04:7b]

RSSI: -63 [da:ee:aa:ff:02:1a]

RSSI: -72 [da:ee:aa:ff:04:7b]

RSSI: -85 [da:ee:aa:ff:12:cc]

RSSI: -72 [da:ee:aa:ff:04:7b]

RSSI: -63 [da:ee:aa:ff:02:2a]

RSSI: -72 [da:ee:aa:ff:04:7b]

RSSI: -63 [da:ee:aa:ff:02:2a]

RSSI: -72 [da:ee:aa:ff:04:7b]

RSSI: -69 [da:ee:aa:ff:02:3a]

RSSI: -56 [da:ee:aa:ff:02:5a]

RSSI: -56 [da:ee:aa:ff:02:5a]

RSSI: -56 [da:ee:aa:ff:02:5a]

RSSI: -72 [da:ee:aa:ff:04:cb]

RSSI: -56 [da:ee:aa:ff:02:5a]

RSSI: -71 [da:ee:aa:ff:04:eb]

RSSI: -67 [da:ee:aa:ff:02:6a]

RSSI: -72 [da:ee:aa:ff:04:eb]

RSSI: -83 [da:ee:aa:ff:13:2c]

RSSI: -67 [da:ee:aa:ff:02:7a]

RSSI: -66 [da:ee:aa:ff:02:7a]

RSSI: -71 [da:ee:aa:ff:05:0b]

RSSI: -67 [da:ee:aa:ff:02:8a]

RSSI: -58 [da:ee:aa:ff:05:2b]

RSSI: -67 [da:ee:aa:ff:02:8a]

RSSI: -72 [da:ee:aa:ff:05:2b]

RSSI: -67 [da:ee:aa:ff:02:8a]

RSSI: -58 [da:ee:aa:ff:05:2b]

RSSI: -67 [da:ee:aa:ff:02:8a]

RSSI: -67 [da:ee:aa:ff:05:2b]

RSSI: -67 [da:ee:aa:ff:02:8a]

RSSI: -72 [da:ee:aa:ff:05:4b]

RSSI: -56 [da:ee:aa:ff:02:ba]

RSSI: -56 [da:ee:aa:ff:02:ba]

RSSI: -56 [da:ee:aa:ff:02:ba]

RSSI: -56 [da:ee:aa:ff:02:ba]

RSSI: -72 [da:ee:aa:ff:05:5b]

RSSI: -54 [da:ee:aa:ff:02:da]

RSSI: -68 [da:ee:aa:ff:02:da]

RSSI: -71 [da:ee:aa:ff:05:7b]

RSSI: -71 [da:ee:aa:ff:05:7b]

RSSI: -74 [da:ee:aa:ff:05:9b]

RSSI: -68 [da:ee:aa:ff:03:0a]

RSSI: -68 [da:ee:aa:ff:03:0a]

RSSI: -68 [da:ee:aa:ff:03:0a]

RSSI: -74 [da:ee:aa:ff:05:ab]

RSSI: -68 [da:ee:aa:ff:03:0a]

RSSI: -74 [da:ee:aa:ff:05:ab]

RSSI: -72 [da:ee:aa:ff:05:cb]

RSSI: -87 [da:ee:aa:ff:13:ec]

RSSI: -72 [da:ee:aa:ff:05:cb]

RSSI: -72 [da:ee:aa:ff:05:cb]

RSSI: -57 [da:ee:aa:ff:03:3a]

RSSI: -72 [da:ee:aa:ff:05:cb]

RSSI: -57 [da:ee:aa:ff:03:3a]

RSSI: -72 [da:ee:aa:ff:05:cb]

RSSI: -58 [da:ee:aa:ff:03:3a]

RSSI: -69 [da:ee:aa:ff:03:5a]

RSSI: -68 [da:ee:aa:ff:03:7a]

RSSI: -70 [da:ee:aa:ff:05:fb]

RSSI: -68 [da:ee:aa:ff:03:7a]

RSSI: -67 [da:ee:aa:ff:03:8a]

RSSI: -67 [da:ee:aa:ff:03:8a]

RSSI: -67 [da:ee:aa:ff:03:8a]

RSSI: -67 [da:ee:aa:ff:03:8a]

RSSI: -58 [da:ee:aa:ff:03:aa]

RSSI: -58 [da:ee:aa:ff:03:aa]

RSSI: -87 [da:ee:aa:ff:14:6c]

RSSI: -58 [da:ee:aa:ff:03:aa]

RSSI: -87 [da:ee:aa:ff:14:6c]

RSSI: -57 [da:ee:aa:ff:06:4b]

RSSI: -58 [da:ee:aa:ff:03:aa]

RSSI: -54 [da:ee:aa:ff:06:6b]

RSSI: -69 [da:ee:aa:ff:03:ba]

RSSI: -69 [da:ee:aa:ff:03:ba]

RSSI: -70 [da:ee:aa:ff:06:6b]

RSSI: -71 [da:ee:aa:ff:06:6b]

RSSI: -71 [da:ee:aa:ff:06:6b]

RSSI: -69 [da:ee:aa:ff:03:ea]

RSSI: -73 [da:ee:aa:ff:06:9b]

RSSI: -68 [da:ee:aa:ff:03:ea]

RSSI: -73 [da:ee:aa:ff:06:9b]

RSSI: -68 [da:ee:aa:ff:03:ea]

RSSI: -87 [da:ee:aa:ff:14:ec]

RSSI: -87 [da:ee:aa:ff:14:ec]

RSSI: -88 [da:ee:aa:ff:14:ec]

RSSI: -85 [da:ee:aa:ff:14:fc]

RSSI: -85 [da:ee:aa:ff:15:0c]

RSSI: -67 [da:ee:aa:ff:04:5a]

RSSI: -73 [da:ee:aa:ff:07:0b]

RSSI: -67 [da:ee:aa:ff:04:6a]

RSSI: -72 [da:ee:aa:ff:07:0b]

RSSI: -67 [da:ee:aa:ff:04:6a]

RSSI: -73 [da:ee:aa:ff:07:0b]

RSSI: -66 [da:ee:aa:ff:04:6a]

RSSI: -72 [da:ee:aa:ff:07:0b]

RSSI: -66 [da:ee:aa:ff:04:6a]

RSSI: -71 [da:ee:aa:ff:07:3b]

RSSI: -72 [da:ee:aa:ff:07:3b]

RSSI: -71 [da:ee:aa:ff:07:3b]

RSSI: -71 [da:ee:aa:ff:07:3b]

RSSI: -65 [da:ee:aa:ff:04:9a]

RSSI: -71 [da:ee:aa:ff:07:5b]

RSSI: -65 [da:ee:aa:ff:04:9a]

RSSI: -70 [da:ee:aa:ff:07:5b]

RSSI: -65 [da:ee:aa:ff:04:9a]

RSSI: -71 [da:ee:aa:ff:07:5b]

RSSI: -65 [da:ee:aa:ff:04:9a]

RSSI: -87 [da:ee:aa:ff:15:7c]

RSSI: -70 [da:ee:aa:ff:07:7b]

RSSI: -56 [da:ee:aa:ff:07:8b]

RSSI: -62 [da:ee:aa:ff:04:ca]

RSSI: -61 [da:ee:aa:ff:07:8b]

RSSI: -57 [da:ee:aa:ff:07:8b]

RSSI: -70 [da:ee:aa:ff:07:8b]

RSSI: -71 [da:ee:aa:ff:07:ab]

RSSI: -59 [da:ee:aa:ff:04:da]

RSSI: -71 [da:ee:aa:ff:07:ab]

RSSI: -59 [da:ee:aa:ff:04:da]

RSSI: -71 [da:ee:aa:ff:07:ab]

RSSI: -87 [da:ee:aa:ff:15:ac]

RSSI: -59 [da:ee:aa:ff:04:fa]

RSSI: -71 [da:ee:aa:ff:07:bb]

RSSI: -66 [da:ee:aa:ff:05:1a]

RSSI: -72 [da:ee:aa:ff:07:cb]

RSSI: -65 [da:ee:aa:ff:05:1a]

RSSI: -72 [da:ee:aa:ff:07:cb]

RSSI: -66 [da:ee:aa:ff:05:1a]

RSSI: -72 [da:ee:aa:ff:07:cb]

RSSI: -65 [da:ee:aa:ff:05:1a]

RSSI: -72 [da:ee:aa:ff:07:cb]

RSSI: -65 [da:ee:aa:ff:05:1a]

RSSI: -68 [da:ee:aa:ff:05:3a]

RSSI: -74 [da:ee:aa:ff:07:eb]

RSSI: -68 [da:ee:aa:ff:05:3a]

RSSI: -74 [da:ee:aa:ff:07:eb]

RSSI: -67 [da:ee:aa:ff:05:3a]

RSSI: -67 [da:ee:aa:ff:05:3a]

RSSI: -74 [da:ee:aa:ff:08:0b]

RSSI: -67 [da:ee:aa:ff:05:3a]

RSSI: -72 [da:ee:aa:ff:08:2b]

RSSI: -72 [da:ee:aa:ff:08:2b]

RSSI: -72 [da:ee:aa:ff:08:2b]

RSSI: -63 [da:ee:aa:ff:05:8a]

RSSI: -88 [da:ee:aa:ff:16:4c]

RSSI: -72 [da:ee:aa:ff:08:3b]

RSSI: -63 [da:ee:aa:ff:05:8a]

RSSI: -63 [da:ee:aa:ff:05:8a]

RSSI: -73 [da:ee:aa:ff:08:4b]

RSSI: -64 [da:ee:aa:ff:05:8a]

RSSI: -90 [da:ee:aa:ff:16:4c]

RSSI: -72 [da:ee:aa:ff:08:4b]

RSSI: -63 [da:ee:aa:ff:05:8a]

RSSI: -74 [da:ee:aa:ff:08:5b]

RSSI: -67 [da:ee:aa:ff:05:ba]

RSSI: -74 [da:ee:aa:ff:08:5b]

RSSI: -67 [da:ee:aa:ff:05:ba]

RSSI: -74 [da:ee:aa:ff:08:5b]

RSSI: -67 [da:ee:aa:ff:05:ba]

RSSI: -74 [da:ee:aa:ff:08:5b]

RSSI: -67 [da:ee:aa:ff:05:ba]

RSSI: -74 [da:ee:aa:ff:08:5b]

RSSI: -67 [da:ee:aa:ff:05:ba]

RSSI: -72 [da:ee:aa:ff:08:7b]

RSSI: -46 [da:ee:aa:ff:05:ca]

RSSI: -72 [da:ee:aa:ff:08:7b]

RSSI: -68 [da:ee:aa:ff:08:8b]

RSSI: -89 [da:ee:aa:ff:00:0c]

RSSI: -55 [da:ee:aa:ff:08:8b]

RSSI: -63 [da:ee:aa:ff:05:ea]

RSSI: -72 [da:ee:aa:ff:08:ab]

RSSI: -63 [da:ee:aa:ff:05:ea]

RSSI: -72 [da:ee:aa:ff:08:ab]

RSSI: -63 [da:ee:aa:ff:05:ea]

RSSI: -72 [da:ee:aa:ff:08:ab]

RSSI: -63 [da:ee:aa:ff:05:ea]

RSSI: -72 [da:ee:aa:ff:08:ab]

RSSI: -63 [da:ee:aa:ff:05:ea]

RSSI: -72 [da:ee:aa:ff:08:ab]

RSSI: -70 [da:ee:aa:ff:06:1a]

RSSI: -69 [da:ee:aa:ff:06:1a]

RSSI: -73 [da:ee:aa:ff:08:eb]

RSSI: -69 [da:ee:aa:ff:06:1a]

RSSI: -73 [da:ee:aa:ff:08:eb]

RSSI: -70 [da:ee:aa:ff:06:1a]

RSSI: -57 [da:ee:aa:ff:06:3a]

RSSI: -72 [da:ee:aa:ff:09:0b]

RSSI: -57 [da:ee:aa:ff:06:3a]

RSSI: -90 [da:ee:aa:ff:00:7c]

RSSI: -72 [da:ee:aa:ff:09:0b]

RSSI: -57 [da:ee:aa:ff:06:3a]

RSSI: -91 [da:ee:aa:ff:00:7c]

RSSI: -72 [da:ee:aa:ff:09:0b]

RSSI: -57 [da:ee:aa:ff:06:3a]

RSSI: -90 [da:ee:aa:ff:00:7c]

RSSI: -72 [da:ee:aa:ff:09:0b]

RSSI: -65 [da:ee:aa:ff:06:6a]

RSSI: -72 [da:ee:aa:ff:09:4b]

RSSI: -65 [da:ee:aa:ff:06:6a]

RSSI: -71 [da:ee:aa:ff:09:4b]

RSSI: -65 [da:ee:aa:ff:06:6a]

RSSI: -71 [da:ee:aa:ff:09:4b]

RSSI: -65 [da:ee:aa:ff:06:6a]

RSSI: -71 [da:ee:aa:ff:09:4b]

RSSI: -70 [da:ee:aa:ff:06:7a]

RSSI: -73 [da:ee:aa:ff:09:5b]

RSSI: -73 [da:ee:aa:ff:09:5b]

RSSI: -70 [da:ee:aa:ff:06:9a]

RSSI: -73 [da:ee:aa:ff:09:5b]

RSSI: -69 [da:ee:aa:ff:06:9a]

RSSI: -73 [da:ee:aa:ff:09:5b]

RSSI: -69 [da:ee:aa:ff:06:9a]

RSSI: -58 [da:ee:aa:ff:06:ba]

RSSI: -58 [da:ee:aa:ff:06:ba]

RSSI: -74 [da:ee:aa:ff:09:9b]

RSSI: -58 [da:ee:aa:ff:06:ba]

RSSI: -73 [da:ee:aa:ff:09:9b]

RSSI: -58 [da:ee:aa:ff:06:ba]

RSSI: -74 [da:ee:aa:ff:09:9b]

RSSI: -74 [da:ee:aa:ff:09:9b]

RSSI: -69 [da:ee:aa:ff:09:ab]

RSSI: -51 [da:ee:aa:ff:06:ea]

RSSI: -54 [da:ee:aa:ff:09:ab]

RSSI: -51 [da:ee:aa:ff:06:ea]

RSSI: -84 [da:ee:aa:ff:01:2c]

RSSI: -62 [da:ee:aa:ff:09:ab]

RSSI: -64 [da:ee:aa:ff:06:ea]

RSSI: -63 [da:ee:aa:ff:06:ea]

RSSI: -63 [da:ee:aa:ff:06:ea]

RSSI: -72 [da:ee:aa:ff:06:fa]

RSSI: -72 [da:ee:aa:ff:09:eb]

RSSI: -71 [da:ee:aa:ff:06:fa]

RSSI: -73 [da:ee:aa:ff:09:eb]

RSSI: -72 [da:ee:aa:ff:09:eb]

RSSI: -72 [da:ee:aa:ff:09:eb]

RSSI: -73 [da:ee:aa:ff:09:eb]

RSSI: -74 [da:ee:aa:ff:0a:0b]

RSSI: -59 [da:ee:aa:ff:07:2a]

RSSI: -73 [da:ee:aa:ff:0a:0b]

RSSI: -59 [da:ee:aa:ff:07:2a]

RSSI: -73 [da:ee:aa:ff:0a:0b]

RSSI: -59 [da:ee:aa:ff:07:2a]

RSSI: -91 [da:ee:aa:ff:01:8c]

RSSI: -59 [da:ee:aa:ff:07:2a]

RSSI: -63 [da:ee:aa:ff:07:4a]

RSSI: -71 [da:ee:aa:ff:0a:4b]

RSSI: -63 [da:ee:aa:ff:07:4a]

RSSI: -70 [da:ee:aa:ff:0a:4b]

RSSI: -63 [da:ee:aa:ff:07:4a]

RSSI: -71 [da:ee:aa:ff:0a:4b]

RSSI: -63 [da:ee:aa:ff:07:4a]

RSSI: -71 [da:ee:aa:ff:0a:4b]

RSSI: -63 [da:ee:aa:ff:07:4a]

RSSI: -70 [da:ee:aa:ff:0a:4b]

RSSI: -71 [da:ee:aa:ff:0a:5b]

RSSI: -70 [da:ee:aa:ff:07:5a]

RSSI: -72 [da:ee:aa:ff:0a:5b]

RSSI: -70 [da:ee:aa:ff:07:5a]

RSSI: -72 [da:ee:aa:ff:0a:5b]

RSSI: -70 [da:ee:aa:ff:07:6a]

RSSI: -71 [da:ee:aa:ff:0a:7b]

RSSI: -58 [da:ee:aa:ff:07:8a]

RSSI: -74 [da:ee:aa:ff:0a:8b]

RSSI: -58 [da:ee:aa:ff:07:8a]

RSSI: -91 [da:ee:aa:ff:01:fc]

RSSI: -73 [da:ee:aa:ff:0a:8b]

RSSI: -59 [da:ee:aa:ff:07:8a]

RSSI: -73 [da:ee:aa:ff:0a:8b]

RSSI: -58 [da:ee:aa:ff:07:8a]

RSSI: -71 [da:ee:aa:ff:0a:ab]

RSSI: -65 [da:ee:aa:ff:07:ba]

RSSI: -71 [da:ee:aa:ff:0a:ab]

RSSI: -71 [da:ee:aa:ff:0a:cb]

RSSI: -71 [da:ee:aa:ff:0a:cb]

RSSI: -69 [da:ee:aa:ff:07:ca]

RSSI: -64 [da:ee:aa:ff:0a:eb]

RSSI: -70 [da:ee:aa:ff:07:ca]

RSSI: -70 [da:ee:aa:ff:07:ca]

RSSI: -55 [da:ee:aa:ff:0a:eb]

RSSI: -62 [da:ee:aa:ff:0a:eb]

RSSI: -70 [da:ee:aa:ff:07:da]

RSSI: -59 [da:ee:aa:ff:07:ea]

RSSI: -74 [da:ee:aa:ff:0b:0b]

RSSI: -59 [da:ee:aa:ff:07:ea]

RSSI: -88 [da:ee:aa:ff:02:7c]

RSSI: -59 [da:ee:aa:ff:07:ea]

RSSI: -59 [da:ee:aa:ff:07:ea]

RSSI: -70 [da:ee:aa:ff:0b:4b]

RSSI: -70 [da:ee:aa:ff:0b:4b]

RSSI: -65 [da:ee:aa:ff:08:2a]

RSSI: -70 [da:ee:aa:ff:0b:4b]

RSSI: -70 [da:ee:aa:ff:0b:4b]

RSSI: -65 [da:ee:aa:ff:08:2a]

RSSI: -70 [da:ee:aa:ff:0b:4b]

RSSI: -71 [da:ee:aa:ff:08:3a]

RSSI: -72 [da:ee:aa:ff:0b:6b]

RSSI: -70 [da:ee:aa:ff:08:3a]

RSSI: -71 [da:ee:aa:ff:0b:8b]

RSSI: -73 [da:ee:aa:ff:0b:ab]

RSSI: -87 [da:ee:aa:ff:02:ec]

RSSI: -59 [da:ee:aa:ff:08:5a]

RSSI: -73 [da:ee:aa:ff:0b:ab]

RSSI: -87 [da:ee:aa:ff:02:ec]

RSSI: -59 [da:ee:aa:ff:08:5a]

RSSI: -73 [da:ee:aa:ff:0b:ab]

RSSI: -59 [da:ee:aa:ff:08:5a]

RSSI: -87 [da:ee:aa:ff:02:ec]

RSSI: -59 [da:ee:aa:ff:08:5a]

RSSI: -73 [da:ee:aa:ff:0b:ab]

RSSI: -87 [da:ee:aa:ff:02:ec]

RSSI: -70 [da:ee:aa:ff:0b:eb]

RSSI: -70 [da:ee:aa:ff:0b:eb]

RSSI: -69 [da:ee:aa:ff:0b:eb]

RSSI: -63 [da:ee:aa:ff:08:8a]

RSSI: -69 [da:ee:aa:ff:0b:eb]

RSSI: -59 [da:ee:aa:ff:08:aa]

RSSI: -71 [da:ee:aa:ff:0c:0b]

RSSI: -64 [da:ee:aa:ff:08:aa]

RSSI: -71 [da:ee:aa:ff:0c:0b]

RSSI: -92 [da:ee:aa:ff:03:2c]

RSSI: -69 [da:ee:aa:ff:08:aa]

RSSI: -71 [da:ee:aa:ff:0c:0b]

RSSI: -61 [da:ee:aa:ff:08:da]

RSSI: -61 [da:ee:aa:ff:08:da]

RSSI: -76 [da:ee:aa:ff:0c:3b]

RSSI: -61 [da:ee:aa:ff:08:da]

RSSI: -58 [da:ee:aa:ff:0c:3b]

RSSI: -74 [da:ee:aa:ff:03:4c]

RSSI: -61 [da:ee:aa:ff:08:da]

RSSI: -75 [da:ee:aa:ff:0c:3b]

RSSI: -61 [da:ee:aa:ff:08:da]

RSSI: -74 [da:ee:aa:ff:0c:3b]

RSSI: -83 [da:ee:aa:ff:03:5c]

RSSI: -52 [da:ee:aa:ff:0c:5b]

RSSI: -62 [da:ee:aa:ff:08:fa]

RSSI: -83 [da:ee:aa:ff:03:5c]

RSSI: -69 [da:ee:aa:ff:0c:5b]

RSSI: -62 [da:ee:aa:ff:09:0a]

RSSI: -69 [da:ee:aa:ff:0c:5b]

RSSI: -62 [da:ee:aa:ff:09:0a]

RSSI: -68 [da:ee:aa:ff:09:2a]

RSSI: -72 [da:ee:aa:ff:0c:9b]

RSSI: -68 [da:ee:aa:ff:09:2a]

RSSI: -72 [da:ee:aa:ff:0c:9b]

RSSI: -68 [da:ee:aa:ff:09:2a]

RSSI: -72 [da:ee:aa:ff:0c:9b]

RSSI: -68 [da:ee:aa:ff:09:2a]

RSSI: -71 [da:ee:aa:ff:0c:9b]

RSSI: -68 [da:ee:aa:ff:09:2a]

RSSI: -87 [da:ee:aa:ff:03:ac]

RSSI: -73 [da:ee:aa:ff:0c:bb]

RSSI: -60 [da:ee:aa:ff:09:5a]

RSSI: -84 [da:ee:aa:ff:03:cc]

RSSI: -61 [da:ee:aa:ff:09:6a]

RSSI: -69 [da:ee:aa:ff:0c:eb]

RSSI: -84 [da:ee:aa:ff:03:cc]

RSSI: -61 [da:ee:aa:ff:09:6a]

RSSI: -84 [da:ee:aa:ff:03:cc]

RSSI: -61 [da:ee:aa:ff:09:6a]

RSSI: -85 [da:ee:aa:ff:03:cc]

RSSI: -61 [da:ee:aa:ff:09:6a]

RSSI: -71 [da:ee:aa:ff:0d:0b]

RSSI: -71 [da:ee:aa:ff:0d:0b]

RSSI: -71 [da:ee:aa:ff:0d:0b]

RSSI: -66 [da:ee:aa:ff:09:8a]

RSSI: -92 [da:ee:aa:ff:04:0c]

RSSI: -75 [da:ee:aa:ff:0d:3b]

RSSI: -88 [da:ee:aa:ff:04:2c]

RSSI: -75 [da:ee:aa:ff:0d:3b]

RSSI: -75 [da:ee:aa:ff:0d:3b]

RSSI: -89 [da:ee:aa:ff:04:2c]

RSSI: -59 [da:ee:aa:ff:09:9a]

RSSI: -75 [da:ee:aa:ff:0d:3b]

RSSI: -70 [da:ee:aa:ff:0d:5b]

RSSI: -60 [da:ee:aa:ff:09:ba]

RSSI: -69 [da:ee:aa:ff:0d:5b]

RSSI: -60 [da:ee:aa:ff:09:ba]

RSSI: -81 [da:ee:aa:ff:04:6c]

RSSI: -69 [da:ee:aa:ff:0d:5b]

RSSI: -60 [da:ee:aa:ff:09:ba]

RSSI: -60 [da:ee:aa:ff:09:ba]

RSSI: -70 [da:ee:aa:ff:04:6c]

RSSI: -60 [da:ee:aa:ff:09:ba]

RSSI: -69 [da:ee:aa:ff:0d:8b]

RSSI: -64 [da:ee:aa:ff:09:ca]

RSSI: -61 [da:ee:aa:ff:0d:8b]

RSSI: -54 [da:ee:aa:ff:0d:8b]

RSSI: -64 [da:ee:aa:ff:09:da]

RSSI: -71 [da:ee:aa:ff:0d:8b]

RSSI: -64 [da:ee:aa:ff:09:da]

RSSI: -64 [da:ee:aa:ff:09:da]

RSSI: -59 [da:ee:aa:ff:09:ea]

RSSI: -59 [da:ee:aa:ff:09:ea]

RSSI: -59 [da:ee:aa:ff:09:ea]

RSSI: -59 [da:ee:aa:ff:09:ea]

RSSI: -89 [da:ee:aa:ff:04:bc]

RSSI: -69 [da:ee:aa:ff:0d:db]

RSSI: -61 [da:ee:aa:ff:0a:0a]

RSSI: -86 [da:ee:aa:ff:04:fc]

RSSI: -69 [da:ee:aa:ff:0d:db]

RSSI: -61 [da:ee:aa:ff:0a:0a]

RSSI: -69 [da:ee:aa:ff:0d:db]

RSSI: -61 [da:ee:aa:ff:0a:0a]

RSSI: -69 [da:ee:aa:ff:0d:db]

RSSI: -71 [da:ee:aa:ff:0d:fb]

RSSI: -63 [da:ee:aa:ff:0a:2a]

RSSI: -71 [da:ee:aa:ff:0d:fb]

RSSI: -63 [da:ee:aa:ff:0a:2a]

RSSI: -63 [da:ee:aa:ff:0a:3a]

RSSI: -63 [da:ee:aa:ff:0a:3a]

RSSI: -60 [da:ee:aa:ff:0a:4a]

RSSI: -75 [da:ee:aa:ff:0e:2b]

RSSI: -60 [da:ee:aa:ff:0a:4a]

RSSI: -75 [da:ee:aa:ff:0e:2b]

RSSI: -90 [da:ee:aa:ff:05:4c]

RSSI: -75 [da:ee:aa:ff:0e:2b]

RSSI: -60 [da:ee:aa:ff:0a:4a]

RSSI: -75 [da:ee:aa:ff:0e:2b]

RSSI: -89 [da:ee:aa:ff:05:4c]

RSSI: -69 [da:ee:aa:ff:0e:4b]

RSSI: -55 [da:ee:aa:ff:0a:8a]

RSSI: -47 [da:ee:aa:ff:0a:8a]

RSSI: -70 [da:ee:aa:ff:0e:6b]

RSSI: -63 [da:ee:aa:ff:0a:aa]

RSSI: -63 [da:ee:aa:ff:0a:aa]

RSSI: -63 [da:ee:aa:ff:0a:aa]

RSSI: -70 [da:ee:aa:ff:0e:6b]

RSSI: -70 [da:ee:aa:ff:0e:6b]

RSSI: -62 [da:ee:aa:ff:0a:ba]

RSSI: -58 [da:ee:aa:ff:0a:da]

RSSI: -69 [da:ee:aa:ff:0e:cb]

RSSI: -68 [da:ee:aa:ff:0e:cb]

RSSI: -60 [da:ee:aa:ff:0b:0a]

RSSI: -68 [da:ee:aa:ff:0e:cb]

RSSI: -60 [da:ee:aa:ff:0b:0a]

RSSI: -68 [da:ee:aa:ff:0e:cb]

RSSI: -60 [da:ee:aa:ff:0b:0a]

RSSI: -69 [da:ee:aa:ff:0e:cb]

RSSI: -60 [da:ee:aa:ff:0b:0a]

RSSI: -70 [da:ee:aa:ff:0e:eb]

RSSI: -62 [da:ee:aa:ff:0b:1a]

RSSI: -62 [da:ee:aa:ff:0b:1a]

RSSI: -70 [da:ee:aa:ff:0e:fb]

RSSI: -70 [da:ee:aa:ff:0e:fb]

RSSI: -71 [da:ee:aa:ff:0f:1b]

RSSI: -88 [da:ee:aa:ff:06:1c]

RSSI: -71 [da:ee:aa:ff:0f:1b]

RSSI: -58 [da:ee:aa:ff:0b:5a]

RSSI: -71 [da:ee:aa:ff:0f:1b]

RSSI: -58 [da:ee:aa:ff:0b:5a]

RSSI: -72 [da:ee:aa:ff:0f:1b]

RSSI: -59 [da:ee:aa:ff:0b:5a]

RSSI: -71 [da:ee:aa:ff:0f:1b]

RSSI: -60 [da:ee:aa:ff:0b:7a]

RSSI: -69 [da:ee:aa:ff:0f:4b]

RSSI: -73 [da:ee:aa:ff:0f:4b]

RSSI: -60 [da:ee:aa:ff:0b:9a]

RSSI: -69 [da:ee:aa:ff:0f:4b]

RSSI: -51 [da:ee:aa:ff:0b:9a]

RSSI: -70 [da:ee:aa:ff:0f:6b]

RSSI: -49 [da:ee:aa:ff:0b:aa]

RSSI: -70 [da:ee:aa:ff:0f:6b]

RSSI: -70 [da:ee:aa:ff:0f:6b]

RSSI: -70 [da:ee:aa:ff:0f:6b]

RSSI: -85 [da:ee:aa:ff:06:7c]

RSSI: -84 [da:ee:aa:ff:06:7c]

RSSI: -71 [da:ee:aa:ff:0f:9b]

RSSI: -57 [da:ee:aa:ff:0b:ca]

RSSI: -71 [da:ee:aa:ff:0f:9b]

RSSI: -57 [da:ee:aa:ff:0b:ca]

RSSI: -71 [da:ee:aa:ff:0f:9b]

RSSI: -57 [da:ee:aa:ff:0b:ca]

RSSI: -61 [da:ee:aa:ff:0b:da]

RSSI: -51 [da:ee:aa:ff:0f:bb]

RSSI: -61 [da:ee:aa:ff:0b:da]

RSSI: -69 [da:ee:aa:ff:0f:bb]

RSSI: -58 [da:ee:aa:ff:0f:bb]

RSSI: -67 [da:ee:aa:ff:0f:bb]

RSSI: -61 [da:ee:aa:ff:0b:ea]

RSSI: -61 [da:ee:aa:ff:0b:fa]

RSSI: -62 [da:ee:aa:ff:0b:fa]

RSSI: -69 [da:ee:aa:ff:0f:eb]

RSSI: -61 [da:ee:aa:ff:0b:fa]

RSSI: -70 [da:ee:aa:ff:0f:eb]

RSSI: -69 [da:ee:aa:ff:10:0b]

RSSI: -71 [da:ee:aa:ff:10:0b]

RSSI: -56 [da:ee:aa:ff:0c:2a]

RSSI: -69 [da:ee:aa:ff:10:0b]

RSSI: -56 [da:ee:aa:ff:0c:2a]

RSSI: -70 [da:ee:aa:ff:10:0b]

RSSI: -57 [da:ee:aa:ff:0c:2a]

RSSI: -70 [da:ee:aa:ff:10:0b]

RSSI: -56 [da:ee:aa:ff:0c:2a]

RSSI: -60 [da:ee:aa:ff:0c:4a]

RSSI: -69 [da:ee:aa:ff:10:3b]

RSSI: -60 [da:ee:aa:ff:0c:4a]

RSSI: -69 [da:ee:aa:ff:10:3b]

RSSI: -60 [da:ee:aa:ff:0c:4a]

RSSI: -69 [da:ee:aa:ff:10:3b]

RSSI: -69 [da:ee:aa:ff:10:3b]

RSSI: -60 [da:ee:aa:ff:0c:5a]

RSSI: -69 [da:ee:aa:ff:10:3b]

RSSI: -70 [da:ee:aa:ff:10:5b]

RSSI: -70 [da:ee:aa:ff:10:5b]

RSSI: -48 [da:ee:aa:ff:0c:7a]

RSSI: -70 [da:ee:aa:ff:10:5b]

RSSI: -48 [da:ee:aa:ff:0c:7a]

RSSI: -70 [da:ee:aa:ff:10:5b]

RSSI: -84 [da:ee:aa:ff:07:8c]

RSSI: -70 [da:ee:aa:ff:10:9b]

RSSI: -86 [da:ee:aa:ff:07:8c]

RSSI: -69 [da:ee:aa:ff:10:9b]

RSSI: -56 [da:ee:aa:ff:0c:aa]

RSSI: -69 [da:ee:aa:ff:10:9b]

RSSI: -57 [da:ee:aa:ff:0c:aa]

RSSI: -69 [da:ee:aa:ff:10:9b]

RSSI: -57 [da:ee:aa:ff:0c:aa]

RSSI: -84 [da:ee:aa:ff:07:8c]

RSSI: -69 [da:ee:aa:ff:10:ab]

RSSI: -60 [da:ee:aa:ff:0c:ca]

RSSI: -70 [da:ee:aa:ff:10:ab]

RSSI: -60 [da:ee:aa:ff:0c:ca]

RSSI: -70 [da:ee:aa:ff:10:ab]

RSSI: -59 [da:ee:aa:ff:0c:ca]

RSSI: -62 [da:ee:aa:ff:0c:ea]

RSSI: -56 [da:ee:aa:ff:10:db]

RSSI: -62 [da:ee:aa:ff:0c:ea]

RSSI: -61 [da:ee:aa:ff:10:db]

RSSI: -62 [da:ee:aa:ff:0c:ea]

RSSI: -58 [da:ee:aa:ff:10:db]

RSSI: -62 [da:ee:aa:ff:0c:ea]

RSSI: -71 [da:ee:aa:ff:10:db]

RSSI: -62 [da:ee:aa:ff:0c:ea]

RSSI: -57 [da:ee:aa:ff:0c:fa]

RSSI: -69 [da:ee:aa:ff:10:fb]

RSSI: -57 [da:ee:aa:ff:0c:fa]

RSSI: -69 [da:ee:aa:ff:10:fb]

RSSI: -57 [da:ee:aa:ff:0d:1a]

RSSI: -57 [da:ee:aa:ff:0d:1a]

RSSI: -69 [da:ee:aa:ff:11:3b]

RSSI: -88 [da:ee:aa:ff:07:fc]

RSSI: -59 [da:ee:aa:ff:0d:2a]

RSSI: -69 [da:ee:aa:ff:11:3b]

RSSI: -87 [da:ee:aa:ff:07:fc]

RSSI: -59 [da:ee:aa:ff:0d:2a]

RSSI: -69 [da:ee:aa:ff:11:3b]

RSSI: -59 [da:ee:aa:ff:0d:2a]

RSSI: -68 [da:ee:aa:ff:11:3b]

RSSI: -59 [da:ee:aa:ff:0d:2a]

RSSI: -69 [da:ee:aa:ff:11:3b]

RSSI: -62 [da:ee:aa:ff:0d:6a]

RSSI: -70 [da:ee:aa:ff:11:4b]

RSSI: -61 [da:ee:aa:ff:0d:6a]

RSSI: -70 [da:ee:aa:ff:11:4b]

RSSI: -61 [da:ee:aa:ff:0d:6a]

RSSI: -61 [da:ee:aa:ff:0d:6a]

RSSI: -70 [da:ee:aa:ff:11:6b]

RSSI: -70 [da:ee:aa:ff:11:8b]

RSSI: -70 [da:ee:aa:ff:11:8b]

RSSI: -70 [da:ee:aa:ff:11:8b]

RSSI: -69 [da:ee:aa:ff:11:8b]

RSSI: -69 [da:ee:aa:ff:11:8b]

RSSI: -59 [da:ee:aa:ff:0d:ba]

RSSI: -69 [da:ee:aa:ff:11:ab]

RSSI: -87 [da:ee:aa:ff:08:9c]

RSSI: -59 [da:ee:aa:ff:0d:ba]

RSSI: -59 [da:ee:aa:ff:0d:ba]

RSSI: -69 [da:ee:aa:ff:11:cb]

RSSI: -86 [da:ee:aa:ff:08:9c]

RSSI: -59 [da:ee:aa:ff:0d:ba]

RSSI: -69 [da:ee:aa:ff:11:cb]

RSSI: -59 [da:ee:aa:ff:0d:ba]

RSSI: -70 [da:ee:aa:ff:11:db]

RSSI: -61 [da:ee:aa:ff:0d:da]

RSSI: -70 [da:ee:aa:ff:11:db]

RSSI: -61 [da:ee:aa:ff:0d:da]

RSSI: -70 [da:ee:aa:ff:11:db]

RSSI: -61 [da:ee:aa:ff:0d:da]

RSSI: -70 [da:ee:aa:ff:11:db]

RSSI: -61 [da:ee:aa:ff:0d:da]

RSSI: -70 [da:ee:aa:ff:11:db]

RSSI: -71 [da:ee:aa:ff:11:fb]

RSSI: -58 [da:ee:aa:ff:0d:fa]

RSSI: -71 [da:ee:aa:ff:11:fb]

RSSI: -88 [da:ee:aa:ff:08:dc]

RSSI: -58 [da:ee:aa:ff:0d:fa]

RSSI: -72 [da:ee:aa:ff:12:1b]

RSSI: -54 [da:ee:aa:ff:12:1b]

RSSI: -58 [da:ee:aa:ff:12:2b]

RSSI: -59 [da:ee:aa:ff:0e:2a]

RSSI: -59 [da:ee:aa:ff:0e:2a]

RSSI: -59 [da:ee:aa:ff:0e:2a]

RSSI: -88 [da:ee:aa:ff:09:0c]

RSSI: -59 [da:ee:aa:ff:0e:2a]

RSSI: -59 [da:ee:aa:ff:0e:2a]

RSSI: -63 [da:ee:aa:ff:0e:4a]

RSSI: -70 [da:ee:aa:ff:12:4b]

RSSI: -63 [da:ee:aa:ff:0e:5a]

RSSI: -70 [da:ee:aa:ff:12:6b]

RSSI: -63 [da:ee:aa:ff:0e:5a]

RSSI: -70 [da:ee:aa:ff:12:6b]

RSSI: -63 [da:ee:aa:ff:0e:5a]

RSSI: -70 [da:ee:aa:ff:12:6b]

RSSI: -71 [da:ee:aa:ff:12:7b]

RSSI: -57 [da:ee:aa:ff:0e:7a]

RSSI: -71 [da:ee:aa:ff:12:7b]

RSSI: -57 [da:ee:aa:ff:0e:7a]

RSSI: -72 [da:ee:aa:ff:12:7b]

RSSI: -58 [da:ee:aa:ff:0e:7a]

RSSI: -71 [da:ee:aa:ff:12:7b]

RSSI: -58 [da:ee:aa:ff:0e:7a]

RSSI: -72 [da:ee:aa:ff:12:7b]

RSSI: -55 [da:ee:aa:ff:0e:aa]

RSSI: -69 [da:ee:aa:ff:12:bb]

RSSI: -50 [da:ee:aa:ff:0e:aa]

RSSI: -70 [da:ee:aa:ff:12:bb]

RSSI: -47 [da:ee:aa:ff:0e:aa]

RSSI: -70 [da:ee:aa:ff:12:bb]

RSSI: -60 [da:ee:aa:ff:0e:aa]

RSSI: -69 [da:ee:aa:ff:12:bb]

RSSI: -64 [da:ee:aa:ff:0e:ca]

RSSI: -72 [da:ee:aa:ff:12:db]

RSSI: -64 [da:ee:aa:ff:0e:ca]

RSSI: -72 [da:ee:aa:ff:12:db]

RSSI: -72 [da:ee:aa:ff:12:db]

RSSI: -65 [da:ee:aa:ff:0e:da]

RSSI: -72 [da:ee:aa:ff:12:db]

RSSI: -65 [da:ee:aa:ff:0e:da]

RSSI: -72 [da:ee:aa:ff:12:db]

RSSI: -58 [da:ee:aa:ff:0e:ea]

RSSI: -58 [da:ee:aa:ff:0e:ea]

RSSI: -58 [da:ee:aa:ff:0e:ea]

RSSI: -60 [da:ee:aa:ff:0f:1a]

RSSI: -70 [da:ee:aa:ff:13:2b]

RSSI: -60 [da:ee:aa:ff:0f:1a]

RSSI: -70 [da:ee:aa:ff:13:2b]

RSSI: -60 [da:ee:aa:ff:0f:1a]

RSSI: -71 [da:ee:aa:ff:13:2b]

RSSI: -60 [da:ee:aa:ff:0f:1a]

RSSI: -70 [da:ee:aa:ff:13:2b]

RSSI: -59 [da:ee:aa:ff:0f:1a]

RSSI: -62 [da:ee:aa:ff:0f:3a]

RSSI: -73 [da:ee:aa:ff:13:5b]

RSSI: -63 [da:ee:aa:ff:0f:4a]

RSSI: -66 [da:ee:aa:ff:13:5b]

RSSI: -71 [da:ee:aa:ff:13:7b]

RSSI: -57 [da:ee:aa:ff:0f:5a]

RSSI: -84 [da:ee:aa:ff:0a:3c]

RSSI: -71 [da:ee:aa:ff:13:7b]

RSSI: -57 [da:ee:aa:ff:0f:5a]

RSSI: -71 [da:ee:aa:ff:13:7b]

RSSI: -57 [da:ee:aa:ff:0f:5a]

RSSI: -71 [da:ee:aa:ff:13:7b]

RSSI: -85 [da:ee:aa:ff:0a:4c]

RSSI: -57 [da:ee:aa:ff:0f:5a]

RSSI: -86 [da:ee:aa:ff:0a:4c]

RSSI: -57 [da:ee:aa:ff:0f:5a]

RSSI: -69 [da:ee:aa:ff:13:bb]

RSSI: -69 [da:ee:aa:ff:13:bb]

RSSI: -70 [da:ee:aa:ff:13:bb]

RSSI: -44 [da:ee:aa:ff:0f:8a]

RSSI: -69 [da:ee:aa:ff:13:bb]

RSSI: -45 [da:ee:aa:ff:0f:8a]

RSSI: -69 [da:ee:aa:ff:13:bb]

RSSI: -62 [da:ee:aa:ff:0f:aa]

RSSI: -72 [da:ee:aa:ff:13:db]

RSSI: -61 [da:ee:aa:ff:0f:aa]

RSSI: -73 [da:ee:aa:ff:13:db]

RSSI: -61 [da:ee:aa:ff:0f:aa]

RSSI: -72 [da:ee:aa:ff:13:db]

RSSI: -93 [da:ee:aa:ff:0a:7c]

RSSI: -56 [da:ee:aa:ff:0f:da]

RSSI: -71 [da:ee:aa:ff:14:1b]

RSSI: -57 [da:ee:aa:ff:0f:da]

RSSI: -72 [da:ee:aa:ff:14:1b]

RSSI: -56 [da:ee:aa:ff:0f:da]

RSSI: -72 [da:ee:aa:ff:14:1b]

RSSI: -57 [da:ee:aa:ff:0f:da]

RSSI: -72 [da:ee:aa:ff:14:1b]

RSSI: -57 [da:ee:aa:ff:0f:da]

RSSI: -72 [da:ee:aa:ff:14:1b]

RSSI: -57 [da:ee:aa:ff:0f:ea]

RSSI: -69 [da:ee:aa:ff:14:2b]

RSSI: -69 [da:ee:aa:ff:14:2b]

RSSI: -57 [da:ee:aa:ff:0f:fa]

RSSI: -58 [da:ee:aa:ff:0f:fa]

RSSI: -69 [da:ee:aa:ff:14:4b]

RSSI: -58 [da:ee:aa:ff:0f:fa]

RSSI: -61 [da:ee:aa:ff:10:0a]

RSSI: -61 [da:ee:aa:ff:10:0a]

RSSI: -61 [da:ee:aa:ff:10:0a]

RSSI: -61 [da:ee:aa:ff:10:0a]

RSSI: -80 [da:ee:aa:ff:0a:ec]

RSSI: -81 [da:ee:aa:ff:0a:ec]

RSSI: -80 [da:ee:aa:ff:0a:ec]

RSSI: -57 [da:ee:aa:ff:10:2a]

RSSI: -57 [da:ee:aa:ff:10:2a]

RSSI: -81 [da:ee:aa:ff:0a:ec]

RSSI: -56 [da:ee:aa:ff:10:2a]

RSSI: -58 [da:ee:aa:ff:10:4a]

RSSI: -58 [da:ee:aa:ff:10:4a]

RSSI: -69 [da:ee:aa:ff:14:cb]

RSSI: -91 [da:ee:aa:ff:0b:0c]

RSSI: -58 [da:ee:aa:ff:10:6a]

RSSI: -58 [da:ee:aa:ff:10:6a]

RSSI: -47 [da:ee:aa:ff:10:7a]

RSSI: -75 [da:ee:aa:ff:14:fb]

RSSI: -47 [da:ee:aa:ff:10:7a]

RSSI: -75 [da:ee:aa:ff:14:fb]

RSSI: -71 [da:ee:aa:ff:15:1b]

RSSI: -80 [da:ee:aa:ff:0b:6c]

RSSI: -81 [da:ee:aa:ff:0b:6c]

RSSI: -80 [da:ee:aa:ff:0b:6c]

RSSI: -80 [da:ee:aa:ff:0b:6c]

RSSI: -70 [da:ee:aa:ff:15:2b]

RSSI: -59 [da:ee:aa:ff:10:da]

RSSI: -70 [da:ee:aa:ff:15:2b]

RSSI: -59 [da:ee:aa:ff:10:da]

RSSI: -70 [da:ee:aa:ff:15:2b]

RSSI: -58 [da:ee:aa:ff:10:da]

RSSI: -69 [da:ee:aa:ff:15:2b]

RSSI: -59 [da:ee:aa:ff:10:ea]

RSSI: -70 [da:ee:aa:ff:15:2b]

RSSI: -73 [da:ee:aa:ff:15:5b]

RSSI: -60 [da:ee:aa:ff:10:fa]

RSSI: -60 [da:ee:aa:ff:10:fa]

RSSI: -74 [da:ee:aa:ff:15:7b]

RSSI: -60 [da:ee:aa:ff:10:fa]

RSSI: -74 [da:ee:aa:ff:15:7b]

RSSI: -60 [da:ee:aa:ff:10:fa]

RSSI: -74 [da:ee:aa:ff:15:7b]

RSSI: -70 [da:ee:aa:ff:15:9b]

RSSI: -80 [da:ee:aa:ff:0b:cc]

RSSI: -70 [da:ee:aa:ff:15:9b]

RSSI: -70 [da:ee:aa:ff:15:9b]

RSSI: -57 [da:ee:aa:ff:11:2a]

RSSI: -79 [da:ee:aa:ff:0b:dc]

RSSI: -70 [da:ee:aa:ff:15:9b]

RSSI: -57 [da:ee:aa:ff:11:2a]

RSSI: -81 [da:ee:aa:ff:0b:dc]

RSSI: -70 [da:ee:aa:ff:15:9b]

RSSI: -57 [da:ee:aa:ff:11:2a]

RSSI: -80 [da:ee:aa:ff:0b:dc]

RSSI: -60 [da:ee:aa:ff:11:3a]

RSSI: -60 [da:ee:aa:ff:11:3a]

RSSI: -70 [da:ee:aa:ff:15:db]

RSSI: -60 [da:ee:aa:ff:11:3a]

RSSI: -70 [da:ee:aa:ff:15:db]

RSSI: -60 [da:ee:aa:ff:11:3a]

RSSI: -59 [da:ee:aa:ff:15:db]

RSSI: -67 [da:ee:aa:ff:15:db]

RSSI: -61 [da:ee:aa:ff:11:5a]

RSSI: -65 [da:ee:aa:ff:15:fb]

RSSI: -61 [da:ee:aa:ff:11:5a]

RSSI: -60 [da:ee:aa:ff:15:fb]

RSSI: -61 [da:ee:aa:ff:11:5a]

RSSI: -74 [da:ee:aa:ff:15:fb]

RSSI: -61 [da:ee:aa:ff:11:5a]

RSSI: -73 [da:ee:aa:ff:15:fb]

RSSI: -61 [da:ee:aa:ff:11:5a]

RSSI: -93 [da:ee:aa:ff:0c:1c]

RSSI: -70 [da:ee:aa:ff:16:2b]

RSSI: -80 [da:ee:aa:ff:0c:2c]

RSSI: -70 [da:ee:aa:ff:16:2b]

RSSI: -70 [da:ee:aa:ff:16:2b]

RSSI: -70 [da:ee:aa:ff:16:4b]

RSSI: -85 [da:ee:aa:ff:0c:5c]

RSSI: -59 [da:ee:aa:ff:11:aa]

RSSI: -84 [da:ee:aa:ff:0c:5c]

RSSI: -59 [da:ee:aa:ff:11:aa]

RSSI: -70 [da:ee:aa:ff:16:6b]

RSSI: -59 [da:ee:aa:ff:11:aa]

RSSI: -69 [da:ee:aa:ff:16:6b]

RSSI: -59 [da:ee:aa:ff:11:aa]

RSSI: -70 [da:ee:aa:ff:16:6b]

RSSI: -74 [da:ee:aa:ff:16:7b]

RSSI: -60 [da:ee:aa:ff:11:ea]

RSSI: -73 [da:ee:aa:ff:16:7b]

RSSI: -60 [da:ee:aa:ff:11:ea]

RSSI: -74 [da:ee:aa:ff:16:7b]

RSSI: -59 [da:ee:aa:ff:11:ea]

RSSI: -73 [da:ee:aa:ff:16:7b]

RSSI: -56 [da:ee:aa:ff:12:0a]

RSSI: -80 [da:ee:aa:ff:0c:9c]

RSSI: -56 [da:ee:aa:ff:12:0a]

RSSI: -56 [da:ee:aa:ff:12:0a]

RSSI: -71 [da:ee:aa:ff:00:1b]

RSSI: -81 [da:ee:aa:ff:0c:9c]

RSSI: -56 [da:ee:aa:ff:12:1a]

RSSI: -57 [da:ee:aa:ff:12:2a]

RSSI: -70 [da:ee:aa:ff:00:2b]

RSSI: -57 [da:ee:aa:ff:12:2a]

RSSI: -84 [da:ee:aa:ff:0c:dc]

RSSI: -57 [da:ee:aa:ff:12:2a]

RSSI: -70 [da:ee:aa:ff:00:3b]

RSSI: -57 [da:ee:aa:ff:12:2a]

RSSI: -70 [da:ee:aa:ff:00:3b]

RSSI: -57 [da:ee:aa:ff:12:2a]

RSSI: -70 [da:ee:aa:ff:00:3b]

RSSI: -59 [da:ee:aa:ff:00:5b]

RSSI: -65 [da:ee:aa:ff:00:5b]

RSSI: -58 [da:ee:aa:ff:12:6a]

RSSI: -74 [da:ee:aa:ff:00:5b]

RSSI: -58 [da:ee:aa:ff:12:6a]

RSSI: -73 [da:ee:aa:ff:00:5b]

RSSI: -58 [da:ee:aa:ff:12:6a]

RSSI: -71 [da:ee:aa:ff:00:8b]

RSSI: -56 [da:ee:aa:ff:12:7a]

RSSI: -81 [da:ee:aa:ff:0d:2c]

RSSI: -71 [da:ee:aa:ff:00:8b]

RSSI: -56 [da:ee:aa:ff:12:7a]

RSSI: -83 [da:ee:aa:ff:0d:2c]

RSSI: -71 [da:ee:aa:ff:00:8b]

RSSI: -56 [da:ee:aa:ff:12:7a]

RSSI: -81 [da:ee:aa:ff:0d:2c]

RSSI: -71 [da:ee:aa:ff:00:8b]

RSSI: -83 [da:ee:aa:ff:0d:2c]

RSSI: -71 [da:ee:aa:ff:00:8b]

RSSI: -82 [da:ee:aa:ff:0d:2c]

RSSI: -70 [da:ee:aa:ff:00:ab]

RSSI: -44 [da:ee:aa:ff:12:aa]

RSSI: -57 [da:ee:aa:ff:12:aa]

RSSI: -70 [da:ee:aa:ff:00:bb]

RSSI: -57 [da:ee:aa:ff:12:aa]

RSSI: -69 [da:ee:aa:ff:00:bb]

RSSI: -58 [da:ee:aa:ff:12:ba]

RSSI: -72 [da:ee:aa:ff:00:cb]

RSSI: -59 [da:ee:aa:ff:12:ca]

RSSI: -72 [da:ee:aa:ff:00:cb]

RSSI: -59 [da:ee:aa:ff:12:ca]

RSSI: -89 [da:ee:aa:ff:0d:7c]

RSSI: -72 [da:ee:aa:ff:00:cb]

RSSI: -59 [da:ee:aa:ff:12:ca]

RSSI: -71 [da:ee:aa:ff:00:eb]

RSSI: -55 [da:ee:aa:ff:12:ea]

RSSI: -71 [da:ee:aa:ff:00:eb]

RSSI: -55 [da:ee:aa:ff:12:ea]

RSSI: -71 [da:ee:aa:ff:00:eb]

RSSI: -72 [da:ee:aa:ff:00:eb]

RSSI: -71 [da:ee:aa:ff:00:eb]

RSSI: -69 [da:ee:aa:ff:00:fb]

RSSI: -58 [da:ee:aa:ff:13:1a]

RSSI: -58 [da:ee:aa:ff:13:1a]

RSSI: -69 [da:ee:aa:ff:01:0b]

RSSI: -58 [da:ee:aa:ff:13:1a]

RSSI: -69 [da:ee:aa:ff:01:0b]

RSSI: -58 [da:ee:aa:ff:13:1a]

RSSI: -69 [da:ee:aa:ff:01:0b]

RSSI: -88 [da:ee:aa:ff:0e:0c]

RSSI: -61 [da:ee:aa:ff:13:3a]

RSSI: -61 [da:ee:aa:ff:13:3a]

RSSI: -71 [da:ee:aa:ff:01:2b]

RSSI: -91 [da:ee:aa:ff:0e:0c]

RSSI: -61 [da:ee:aa:ff:13:4a]

RSSI: -58 [da:ee:aa:ff:13:6a]

RSSI: -80 [da:ee:aa:ff:0e:1c]

RSSI: -55 [da:ee:aa:ff:01:4b]

RSSI: -58 [da:ee:aa:ff:13:6a]

RSSI: -82 [da:ee:aa:ff:0e:1c]

RSSI: -52 [da:ee:aa:ff:01:4b]

RSSI: -58 [da:ee:aa:ff:13:6a]

RSSI: -63 [da:ee:aa:ff:01:4b]

RSSI: -58 [da:ee:aa:ff:13:6a]

RSSI: -65 [da:ee:aa:ff:01:4b]

RSSI: -81 [da:ee:aa:ff:0e:2c]

RSSI: -59 [da:ee:aa:ff:13:6a]

RSSI: -69 [da:ee:aa:ff:01:6b]

RSSI: -59 [da:ee:aa:ff:13:9a]

RSSI: -89 [da:ee:aa:ff:0e:4c]

RSSI: -72 [da:ee:aa:ff:01:9b]

RSSI: -64 [da:ee:aa:ff:13:ca]

RSSI: -83 [da:ee:aa:ff:0e:9c]

RSSI: -58 [da:ee:aa:ff:13:ea]

RSSI: -70 [da:ee:aa:ff:01:db]

RSSI: -82 [da:ee:aa:ff:0e:9c]

RSSI: -58 [da:ee:aa:ff:13:ea]

RSSI: -58 [da:ee:aa:ff:13:ea]

RSSI: -71 [da:ee:aa:ff:01:db]

RSSI: -82 [da:ee:aa:ff:0e:9c]

RSSI: -58 [da:ee:aa:ff:13:ea]

RSSI: -71 [da:ee:aa:ff:01:db]

RSSI: -58 [da:ee:aa:ff:14:2a]

RSSI: -56 [da:ee:aa:ff:14:2a]

RSSI: -58 [da:ee:aa:ff:14:2a]

RSSI: -72 [da:ee:aa:ff:02:1b]

RSSI: -62 [da:ee:aa:ff:14:3a]

RSSI: -72 [da:ee:aa:ff:02:1b]

RSSI: -62 [da:ee:aa:ff:14:3a]

RSSI: -72 [da:ee:aa:ff:02:1b]

RSSI: -61 [da:ee:aa:ff:14:3a]

RSSI: -72 [da:ee:aa:ff:02:1b]

RSSI: -61 [da:ee:aa:ff:14:3a]

RSSI: -84 [da:ee:aa:ff:0f:1c]

RSSI: -57 [da:ee:aa:ff:14:7a]

RSSI: -68 [da:ee:aa:ff:02:4b]

RSSI: -83 [da:ee:aa:ff:0f:1c]

RSSI: -57 [da:ee:aa:ff:14:7a]

RSSI: -62 [da:ee:aa:ff:02:4b]

RSSI: -84 [da:ee:aa:ff:0f:1c]

RSSI: -57 [da:ee:aa:ff:14:7a]

RSSI: -71 [da:ee:aa:ff:02:4b]

RSSI: -84 [da:ee:aa:ff:0f:1c]

RSSI: -57 [da:ee:aa:ff:14:7a]

RSSI: -54 [da:ee:aa:ff:02:4b]

RSSI: -57 [da:ee:aa:ff:14:7a]

RSSI: -54 [da:ee:aa:ff:02:4b]

RSSI: -56 [da:ee:aa:ff:14:8a]

RSSI: -56 [da:ee:aa:ff:14:8a]

RSSI: -70 [da:ee:aa:ff:02:6b]

RSSI: -56 [da:ee:aa:ff:14:9a]

RSSI: -69 [da:ee:aa:ff:02:6b]

RSSI: -56 [da:ee:aa:ff:14:9a]

RSSI: -69 [da:ee:aa:ff:02:6b]

RSSI: -56 [da:ee:aa:ff:14:9a]

RSSI: -71 [da:ee:aa:ff:02:7b]

RSSI: -48 [da:ee:aa:ff:14:aa]

RSSI: -71 [da:ee:aa:ff:02:7b]

RSSI: -73 [da:ee:aa:ff:02:7b]

RSSI: -71 [da:ee:aa:ff:02:7b]

RSSI: -56 [da:ee:aa:ff:14:aa]

RSSI: -61 [da:ee:aa:ff:14:aa]

RSSI: -69 [da:ee:aa:ff:02:9b]

RSSI: -58 [da:ee:aa:ff:14:da]

RSSI: -70 [da:ee:aa:ff:02:9b]

RSSI: -58 [da:ee:aa:ff:14:da]

RSSI: -70 [da:ee:aa:ff:02:9b]

RSSI: -85 [da:ee:aa:ff:0f:9c]

RSSI: -59 [da:ee:aa:ff:14:da]

RSSI: -70 [da:ee:aa:ff:02:9b]

RSSI: -84 [da:ee:aa:ff:0f:9c]

RSSI: -59 [da:ee:aa:ff:14:da]

RSSI: -70 [da:ee:aa:ff:02:9b]

RSSI: -57 [da:ee:aa:ff:14:ea]

RSSI: -68 [da:ee:aa:ff:02:cb]

RSSI: -57 [da:ee:aa:ff:14:ea]

RSSI: -68 [da:ee:aa:ff:02:cb]

RSSI: -68 [da:ee:aa:ff:02:cb]

RSSI: -57 [da:ee:aa:ff:14:fa]

RSSI: -68 [da:ee:aa:ff:02:cb]

RSSI: -64 [da:ee:aa:ff:15:1a]

RSSI: -64 [da:ee:aa:ff:15:1a]

RSSI: -72 [da:ee:aa:ff:02:db]

RSSI: -64 [da:ee:aa:ff:15:1a]

RSSI: -72 [da:ee:aa:ff:02:db]

RSSI: -64 [da:ee:aa:ff:15:1a]

RSSI: -64 [da:ee:aa:ff:15:1a]

RSSI: -72 [da:ee:aa:ff:02:eb]

RSSI: -70 [da:ee:aa:ff:02:fb]

RSSI: -70 [da:ee:aa:ff:02:fb]

RSSI: -70 [da:ee:aa:ff:02:fb]

RSSI: -60 [da:ee:aa:ff:15:4a]

RSSI: -70 [da:ee:aa:ff:02:fb]

RSSI: -60 [da:ee:aa:ff:15:4a]

RSSI: -87 [da:ee:aa:ff:10:0c]

RSSI: -70 [da:ee:aa:ff:02:fb]

RSSI: -60 [da:ee:aa:ff:15:4a]

RSSI: -85 [da:ee:aa:ff:10:0c]

RSSI: -59 [da:ee:aa:ff:15:6a]

RSSI: -60 [da:ee:aa:ff:03:2b]

RSSI: -59 [da:ee:aa:ff:15:6a]

RSSI: -52 [da:ee:aa:ff:03:2b]

RSSI: -69 [da:ee:aa:ff:03:2b]

RSSI: -63 [da:ee:aa:ff:15:9a]

RSSI: -71 [da:ee:aa:ff:03:3b]

RSSI: -72 [da:ee:aa:ff:03:3b]

RSSI: -63 [da:ee:aa:ff:15:9a]

RSSI: -72 [da:ee:aa:ff:03:4b]

RSSI: -71 [da:ee:aa:ff:03:6b]

RSSI: -71 [da:ee:aa:ff:03:6b]

RSSI: -72 [da:ee:aa:ff:03:6b]

RSSI: -47 [da:ee:aa:ff:15:da]

RSSI: -57 [da:ee:aa:ff:15:ea]

RSSI: -69 [da:ee:aa:ff:03:8b]

RSSI: -70 [da:ee:aa:ff:03:8b]

RSSI: -69 [da:ee:aa:ff:03:8b]

RSSI: -70 [da:ee:aa:ff:03:8b]

RSSI: -61 [da:ee:aa:ff:16:1a]

RSSI: -88 [da:ee:aa:ff:10:cc]

RSSI: -60 [da:ee:aa:ff:16:1a]

RSSI: -60 [da:ee:aa:ff:16:1a]

RSSI: -59 [da:ee:aa:ff:16:1a]

RSSI: -73 [da:ee:aa:ff:03:bb]

RSSI: -55 [da:ee:aa:ff:16:2a]

RSSI: -55 [da:ee:aa:ff:16:2a]

RSSI: -55 [da:ee:aa:ff:16:4a]

RSSI: -88 [da:ee:aa:ff:11:1c]

RSSI: -86 [da:ee:aa:ff:11:3c]

RSSI: -86 [da:ee:aa:ff:11:3c]

RSSI: -71 [da:ee:aa:ff:04:1b]

RSSI: -71 [da:ee:aa:ff:04:1b]

RSSI: -87 [da:ee:aa:ff:11:4c]

RSSI: -71 [da:ee:aa:ff:04:1b]

RSSI: -90 [da:ee:aa:ff:11:4c]

RSSI: -58 [da:ee:aa:ff:00:0a]

RSSI: -71 [da:ee:aa:ff:04:2b]

RSSI: -59 [da:ee:aa:ff:00:0a]

RSSI: -55 [da:ee:aa:ff:00:2a]

RSSI: -72 [da:ee:aa:ff:04:4b]

RSSI: -55 [da:ee:aa:ff:00:2a]

RSSI: -55 [da:ee:aa:ff:00:2a]

RSSI: -71 [da:ee:aa:ff:04:4b]

RSSI: -71 [da:ee:aa:ff:04:4b]

RSSI: -41 [da:ee:aa:ff:00:6a]

RSSI: -69 [da:ee:aa:ff:04:8b]

RSSI: -69 [da:ee:aa:ff:04:8b]

RSSI: -58 [da:ee:aa:ff:00:8a]

RSSI: -87 [da:ee:aa:ff:11:dc]

RSSI: -58 [da:ee:aa:ff:00:8a]

RSSI: -69 [da:ee:aa:ff:04:ab]

RSSI: -55 [da:ee:aa:ff:00:aa]

RSSI: -70 [da:ee:aa:ff:04:cb]

RSSI: -55 [da:ee:aa:ff:00:aa]

RSSI: -70 [da:ee:aa:ff:04:cb]

RSSI: -55 [da:ee:aa:ff:00:aa]

RSSI: -70 [da:ee:aa:ff:04:cb]

RSSI: -55 [da:ee:aa:ff:00:aa]

RSSI: -70 [da:ee:aa:ff:04:cb]

RSSI: -55 [da:ee:aa:ff:00:aa]

RSSI: -56 [da:ee:aa:ff:00:ca]

RSSI: -68 [da:ee:aa:ff:04:fb]

RSSI: -56 [da:ee:aa:ff:00:ca]

RSSI: -68 [da:ee:aa:ff:04:fb]

RSSI: -56 [da:ee:aa:ff:00:ca]

RSSI: -68 [da:ee:aa:ff:04:fb]

RSSI: -56 [da:ee:aa:ff:00:ca]

RSSI: -68 [da:ee:aa:ff:04:fb]

RSSI: -56 [da:ee:aa:ff:00:ca]

RSSI: -68 [da:ee:aa:ff:04:fb]

RSSI: -62 [da:ee:aa:ff:05:0b]

RSSI: -62 [da:ee:aa:ff:00:da]

RSSI: -55 [da:ee:aa:ff:05:0b]

RSSI: -62 [da:ee:aa:ff:00:da]

RSSI: -72 [da:ee:aa:ff:05:0b]

RSSI: -63 [da:ee:aa:ff:00:fa]

RSSI: -72 [da:ee:aa:ff:05:3b]

RSSI: -85 [da:ee:aa:ff:12:5c]

RSSI: -72 [da:ee:aa:ff:05:3b]

RSSI: -58 [da:ee:aa:ff:01:0a]

RSSI: -84 [da:ee:aa:ff:12:5c]

RSSI: -72 [da:ee:aa:ff:05:3b]

RSSI: -58 [da:ee:aa:ff:01:0a]

RSSI: -72 [da:ee:aa:ff:05:3b]

RSSI: -58 [da:ee:aa:ff:01:0a]

RSSI: -73 [da:ee:aa:ff:05:3b]

RSSI: -58 [da:ee:aa:ff:01:0a]

RSSI: -70 [da:ee:aa:ff:05:6b]

RSSI: -58 [da:ee:aa:ff:01:3a]

RSSI: -70 [da:ee:aa:ff:05:6b]

RSSI: -58 [da:ee:aa:ff:01:3a]

RSSI: -69 [da:ee:aa:ff:05:6b]

RSSI: -44 [da:ee:aa:ff:01:3a]

RSSI: -70 [da:ee:aa:ff:05:6b]

RSSI: -52 [da:ee:aa:ff:01:3a]

RSSI: -69 [da:ee:aa:ff:05:6b]

RSSI: -64 [da:ee:aa:ff:01:5a]

RSSI: -64 [da:ee:aa:ff:01:5a]

RSSI: -64 [da:ee:aa:ff:01:5a]

RSSI: -90 [da:ee:aa:ff:12:ac]

RSSI: -73 [da:ee:aa:ff:05:8b]

RSSI: -64 [da:ee:aa:ff:01:6a]

RSSI: -74 [da:ee:aa:ff:05:9b]

RSSI: -59 [da:ee:aa:ff:01:7a]

RSSI: -85 [da:ee:aa:ff:12:cc]

RSSI: -74 [da:ee:aa:ff:05:9b]

RSSI: -59 [da:ee:aa:ff:01:7a]

RSSI: -86 [da:ee:aa:ff:12:cc]

RSSI: -74 [da:ee:aa:ff:05:9b]

RSSI: -59 [da:ee:aa:ff:01:7a]

RSSI: -86 [da:ee:aa:ff:12:cc]

RSSI: -74 [da:ee:aa:ff:05:9b]

RSSI: -59 [da:ee:aa:ff:01:7a]

RSSI: -74 [da:ee:aa:ff:05:9b]

RSSI: -59 [da:ee:aa:ff:01:7a]

RSSI: -57 [da:ee:aa:ff:01:9a]

RSSI: -69 [da:ee:aa:ff:05:cb]

RSSI: -69 [da:ee:aa:ff:05:cb]

RSSI: -57 [da:ee:aa:ff:01:ba]

RSSI: -69 [da:ee:aa:ff:05:cb]

RSSI: -57 [da:ee:aa:ff:01:ba]

RSSI: -69 [da:ee:aa:ff:05:cb]

RSSI: -57 [da:ee:aa:ff:01:ba]

RSSI: -69 [da:ee:aa:ff:05:cb]

RSSI: -73 [da:ee:aa:ff:05:db]

RSSI: -73 [da:ee:aa:ff:05:db]

RSSI: -61 [da:ee:aa:ff:01:da]

RSSI: -73 [da:ee:aa:ff:05:db]

RSSI: -56 [da:ee:aa:ff:05:eb]

RSSI: -61 [da:ee:aa:ff:01:da]

RSSI: -67 [da:ee:aa:ff:05:eb]

RSSI: -67 [da:ee:aa:ff:05:fb]

RSSI: -57 [da:ee:aa:ff:01:fa]

RSSI: -67 [da:ee:aa:ff:05:fb]

RSSI: -57 [da:ee:aa:ff:01:fa]

RSSI: -55 [da:ee:aa:ff:05:fb]

RSSI: -57 [da:ee:aa:ff:01:fa]

RSSI: -72 [da:ee:aa:ff:05:fb]

RSSI: -57 [da:ee:aa:ff:01:fa]

RSSI: -72 [da:ee:aa:ff:05:fb]

RSSI: -57 [da:ee:aa:ff:01:fa]

RSSI: -56 [da:ee:aa:ff:02:0a]

RSSI: -68 [da:ee:aa:ff:06:1b]

RSSI: -56 [da:ee:aa:ff:02:0a]

RSSI: -68 [da:ee:aa:ff:06:1b]

RSSI: -68 [da:ee:aa:ff:06:1b]

RSSI: -58 [da:ee:aa:ff:02:2a]

RSSI: -70 [da:ee:aa:ff:06:4b]

RSSI: -45 [da:ee:aa:ff:02:2a]

RSSI: -70 [da:ee:aa:ff:06:4b]

RSSI: -70 [da:ee:aa:ff:06:5b]

RSSI: -70 [da:ee:aa:ff:06:5b]

RSSI: -57 [da:ee:aa:ff:02:5a]

RSSI: -70 [da:ee:aa:ff:06:5b]

RSSI: -87 [da:ee:aa:ff:13:ac]

RSSI: -57 [da:ee:aa:ff:02:5a]

RSSI: -70 [da:ee:aa:ff:06:5b]

RSSI: -87 [da:ee:aa:ff:13:ac]

RSSI: -56 [da:ee:aa:ff:02:5a]

RSSI: -70 [da:ee:aa:ff:06:5b]

RSSI: -87 [da:ee:aa:ff:13:ac]

RSSI: -56 [da:ee:aa:ff:02:7a]

RSSI: -55 [da:ee:aa:ff:02:7a]

RSSI: -55 [da:ee:aa:ff:02:7a]

RSSI: -68 [da:ee:aa:ff:06:7b]

RSSI: -88 [da:ee:aa:ff:13:bc]

RSSI: -55 [da:ee:aa:ff:02:9a]

RSSI: -60 [da:ee:aa:ff:02:aa]

RSSI: -71 [da:ee:aa:ff:06:8b]

RSSI: -60 [da:ee:aa:ff:02:aa]

RSSI: -71 [da:ee:aa:ff:06:8b]

RSSI: -60 [da:ee:aa:ff:02:aa]

RSSI: -60 [da:ee:aa:ff:02:aa]

RSSI: -71 [da:ee:aa:ff:06:9b]

RSSI: -60 [da:ee:aa:ff:02:aa]

RSSI: -71 [da:ee:aa:ff:06:9b]

RSSI: -56 [da:ee:aa:ff:06:ab]

RSSI: -52 [da:ee:aa:ff:06:ab]

RSSI: -71 [da:ee:aa:ff:13:fc]

RSSI: -57 [da:ee:aa:ff:02:ea]

RSSI: -59 [da:ee:aa:ff:06:ab]

RSSI: -68 [da:ee:aa:ff:06:ab]

RSSI: -58 [da:ee:aa:ff:02:ea]

RSSI: -56 [da:ee:aa:ff:02:fa]

RSSI: -57 [da:ee:aa:ff:02:fa]

RSSI: -56 [da:ee:aa:ff:02:fa]

RSSI: -56 [da:ee:aa:ff:02:fa]

RSSI: -61 [da:ee:aa:ff:03:2a]

RSSI: -88 [da:ee:aa:ff:14:4c]

RSSI: -61 [da:ee:aa:ff:03:2a]

RSSI: -88 [da:ee:aa:ff:14:4c]

RSSI: -61 [da:ee:aa:ff:03:2a]

RSSI: -61 [da:ee:aa:ff:03:2a]

RSSI: -61 [da:ee:aa:ff:03:2a]

RSSI: -56 [da:ee:aa:ff:03:5a]

RSSI: -71 [da:ee:aa:ff:07:1b]

RSSI: -85 [da:ee:aa:ff:14:8c]

RSSI: -71 [da:ee:aa:ff:07:4b]

RSSI: -57 [da:ee:aa:ff:03:6a]

RSSI: -57 [da:ee:aa:ff:03:6a]

RSSI: -70 [da:ee:aa:ff:07:4b]

RSSI: -57 [da:ee:aa:ff:03:6a]

RSSI: -70 [da:ee:aa:ff:07:4b]

RSSI: -57 [da:ee:aa:ff:03:6a]

RSSI: -70 [da:ee:aa:ff:07:4b]

RSSI: -57 [da:ee:aa:ff:03:6a]

RSSI: -73 [da:ee:aa:ff:07:5b]

RSSI: -65 [da:ee:aa:ff:03:9a]

RSSI: -90 [da:ee:aa:ff:14:ec]

RSSI: -74 [da:ee:aa:ff:07:5b]

RSSI: -65 [da:ee:aa:ff:03:9a]

RSSI: -65 [da:ee:aa:ff:03:9a]

RSSI: -74 [da:ee:aa:ff:07:6b]

RSSI: -65 [da:ee:aa:ff:03:9a]

RSSI: -74 [da:ee:aa:ff:07:6b]

RSSI: -72 [da:ee:aa:ff:07:7b]

RSSI: -72 [da:ee:aa:ff:07:7b]

RSSI: -80 [da:ee:aa:ff:07:7b]

RSSI: -85 [da:ee:aa:ff:15:1c]

RSSI: -72 [da:ee:aa:ff:07:7b]

RSSI: -84 [da:ee:aa:ff:15:1c]

RSSI: -59 [da:ee:aa:ff:07:bb]

RSSI: -59 [da:ee:aa:ff:03:ea]

RSSI: -54 [da:ee:aa:ff:07:bb]

RSSI: -59 [da:ee:aa:ff:03:ea]

RSSI: -54 [da:ee:aa:ff:07:bb]

RSSI: -59 [da:ee:aa:ff:03:ea]

RSSI: -71 [da:ee:aa:ff:07:bb]

RSSI: -59 [da:ee:aa:ff:03:ea]

RSSI: -54 [da:ee:aa:ff:07:bb]

RSSI: -59 [da:ee:aa:ff:03:ea]

RSSI: -66 [da:ee:aa:ff:04:0a]

RSSI: -88 [da:ee:aa:ff:15:7c]

RSSI: -76 [da:ee:aa:ff:07:cb]

RSSI: -76 [da:ee:aa:ff:07:cb]

RSSI: -66 [da:ee:aa:ff:04:1a]

RSSI: -66 [da:ee:aa:ff:04:1a]

RSSI: -66 [da:ee:aa:ff:04:1a]

RSSI: -73 [da:ee:aa:ff:07:eb]

RSSI: -84 [da:ee:aa:ff:15:8c]

RSSI: -46 [da:ee:aa:ff:04:5a]

RSSI: -71 [da:ee:aa:ff:08:0b]

RSSI: -89 [da:ee:aa:ff:15:bc]

RSSI: -46 [da:ee:aa:ff:04:5a]

RSSI: -71 [da:ee:aa:ff:08:0b]

RSSI: -50 [da:ee:aa:ff:04:5a]

RSSI: -71 [da:ee:aa:ff:08:0b]

RSSI: -87 [da:ee:aa:ff:15:bc]

RSSI: -59 [da:ee:aa:ff:04:5a]

RSSI: -71 [da:ee:aa:ff:08:0b]

RSSI: -89 [da:ee:aa:ff:15:bc]

RSSI: -63 [da:ee:aa:ff:04:7a]

RSSI: -75 [da:ee:aa:ff:08:1b]

RSSI: -63 [da:ee:aa:ff:04:7a]

RSSI: -75 [da:ee:aa:ff:08:1b]

RSSI: -73 [da:ee:aa:ff:08:3b]

RSSI: -84 [da:ee:aa:ff:16:1c]

RSSI: -73 [da:ee:aa:ff:08:3b]

RSSI: -83 [da:ee:aa:ff:16:1c]

RSSI: -73 [da:ee:aa:ff:08:3b]

RSSI: -73 [da:ee:aa:ff:08:3b]

RSSI: -73 [da:ee:aa:ff:08:3b]

RSSI: -65 [da:ee:aa:ff:08:5b]

RSSI: -57 [da:ee:aa:ff:04:da]

RSSI: -57 [da:ee:aa:ff:04:da]

RSSI: -86 [da:ee:aa:ff:16:4c]

RSSI: -57 [da:ee:aa:ff:04:da]

RSSI: -69 [da:ee:aa:ff:08:5b]

RSSI: -86 [da:ee:aa:ff:16:4c]

RSSI: -61 [da:ee:aa:ff:04:ea]

RSSI: -61 [da:ee:aa:ff:04:ea]

RSSI: -61 [da:ee:aa:ff:04:ea]

RSSI: -72 [da:ee:aa:ff:08:8b]

RSSI: -72 [da:ee:aa:ff:08:8b]

RSSI: -73 [da:ee:aa:ff:08:9b]

RSSI: -58 [da:ee:aa:ff:05:1a]

RSSI: -84 [da:ee:aa:ff:00:2c]

RSSI: -73 [da:ee:aa:ff:08:9b]

RSSI: -58 [da:ee:aa:ff:05:1a]

RSSI: -73 [da:ee:aa:ff:08:9b]

RSSI: -59 [da:ee:aa:ff:05:1a]

RSSI: -85 [da:ee:aa:ff:00:2c]

RSSI: -72 [da:ee:aa:ff:08:9b]

RSSI: -59 [da:ee:aa:ff:05:1a]

RSSI: -82 [da:ee:aa:ff:00:2c]

RSSI: -73 [da:ee:aa:ff:08:9b]

RSSI: -59 [da:ee:aa:ff:05:1a]

RSSI: -83 [da:ee:aa:ff:00:2c]

RSSI: -56 [da:ee:aa:ff:05:2a]

RSSI: -68 [da:ee:aa:ff:08:cb]

RSSI: -86 [da:ee:aa:ff:00:4c]

RSSI: -69 [da:ee:aa:ff:08:cb]

RSSI: -42 [da:ee:aa:ff:05:3a]

RSSI: -68 [da:ee:aa:ff:08:cb]

RSSI: -43 [da:ee:aa:ff:05:3a]

RSSI: -68 [da:ee:aa:ff:08:cb]

RSSI: -42 [da:ee:aa:ff:05:3a]

RSSI: -69 [da:ee:aa:ff:08:cb]

RSSI: -47 [da:ee:aa:ff:05:5a]

RSSI: -71 [da:ee:aa:ff:08:db]

RSSI: -58 [da:ee:aa:ff:05:5a]

RSSI: -71 [da:ee:aa:ff:08:db]

RSSI: -59 [da:ee:aa:ff:05:5a]

RSSI: -70 [da:ee:aa:ff:08:eb]

RSSI: -57 [da:ee:aa:ff:05:7a]

RSSI: -71 [da:ee:aa:ff:09:0b]

RSSI: -57 [da:ee:aa:ff:05:7a]

RSSI: -71 [da:ee:aa:ff:09:0b]

RSSI: -57 [da:ee:aa:ff:05:7a]

RSSI: -71 [da:ee:aa:ff:09:0b]

RSSI: -57 [da:ee:aa:ff:05:7a]

RSSI: -71 [da:ee:aa:ff:09:0b]

RSSI: -57 [da:ee:aa:ff:05:7a]

RSSI: -55 [da:ee:aa:ff:05:9a]

RSSI: -68 [da:ee:aa:ff:09:2b]

RSSI: -55 [da:ee:aa:ff:05:9a]

RSSI: -68 [da:ee:aa:ff:09:2b]

RSSI: -68 [da:ee:aa:ff:09:2b]

RSSI: -55 [da:ee:aa:ff:05:aa]

RSSI: -55 [da:ee:aa:ff:05:aa]

RSSI: -88 [da:ee:aa:ff:00:dc]

RSSI: -58 [da:ee:aa:ff:05:ba]

RSSI: -90 [da:ee:aa:ff:00:dc]

RSSI: -58 [da:ee:aa:ff:05:ba]

RSSI: -58 [da:ee:aa:ff:05:ba]

RSSI: -55 [da:ee:aa:ff:09:5b]

RSSI: -58 [da:ee:aa:ff:05:ba]

RSSI: -69 [da:ee:aa:ff:09:5b]

RSSI: -58 [da:ee:aa:ff:05:ba]

RSSI: -71 [da:ee:aa:ff:09:7b]

RSSI: -71 [da:ee:aa:ff:09:7b]

RSSI: -56 [da:ee:aa:ff:05:da]

RSSI: -70 [da:ee:aa:ff:00:fc]

RSSI: -71 [da:ee:aa:ff:09:7b]

RSSI: -56 [da:ee:aa:ff:05:da]

RSSI: -71 [da:ee:aa:ff:09:7b]

RSSI: -56 [da:ee:aa:ff:05:da]

RSSI: -71 [da:ee:aa:ff:09:7b]

RSSI: -56 [da:ee:aa:ff:05:da]

RSSI: -56 [da:ee:aa:ff:05:fa]

RSSI: -68 [da:ee:aa:ff:09:9b]

RSSI: -56 [da:ee:aa:ff:05:fa]

RSSI: -68 [da:ee:aa:ff:09:9b]

RSSI: -86 [da:ee:aa:ff:01:2c]

RSSI: -56 [da:ee:aa:ff:05:fa]

RSSI: -68 [da:ee:aa:ff:09:9b]

RSSI: -68 [da:ee:aa:ff:09:9b]

RSSI: -56 [da:ee:aa:ff:06:1a]

RSSI: -71 [da:ee:aa:ff:09:ab]

RSSI: -71 [da:ee:aa:ff:09:ab]

RSSI: -50 [da:ee:aa:ff:06:2a]

RSSI: -71 [da:ee:aa:ff:09:bb]

RSSI: -71 [da:ee:aa:ff:09:bb]

RSSI: -72 [da:ee:aa:ff:09:db]

RSSI: -57 [da:ee:aa:ff:06:4a]

RSSI: -85 [da:ee:aa:ff:01:6c]

RSSI: -72 [da:ee:aa:ff:09:db]

RSSI: -87 [da:ee:aa:ff:01:6c]

RSSI: -72 [da:ee:aa:ff:09:db]

RSSI: -85 [da:ee:aa:ff:01:6c]

RSSI: -72 [da:ee:aa:ff:09:db]

RSSI: -69 [da:ee:aa:ff:09:fb]

RSSI: -57 [da:ee:aa:ff:06:7a]

RSSI: -70 [da:ee:aa:ff:09:fb]

RSSI: -70 [da:ee:aa:ff:09:fb]

RSSI: -88 [da:ee:aa:ff:01:9c]

RSSI: -70 [da:ee:aa:ff:09:fb]

RSSI: -87 [da:ee:aa:ff:01:9c]

RSSI: -70 [da:ee:aa:ff:09:fb]

RSSI: -59 [da:ee:aa:ff:06:ba]

RSSI: -72 [da:ee:aa:ff:0a:1b]

RSSI: -59 [da:ee:aa:ff:06:ba]

RSSI: -72 [da:ee:aa:ff:0a:1b]

RSSI: -59 [da:ee:aa:ff:06:ba]

RSSI: -59 [da:ee:aa:ff:06:ba]

RSSI: -60 [da:ee:aa:ff:06:ba]

RSSI: -64 [da:ee:aa:ff:0a:2b]

RSSI: -85 [da:ee:aa:ff:01:ec]

RSSI: -53 [da:ee:aa:ff:0a:3b]

RSSI: -57 [da:ee:aa:ff:06:ca]

RSSI: -86 [da:ee:aa:ff:01:ec]

RSSI: -63 [da:ee:aa:ff:0a:3b]

RSSI: -57 [da:ee:aa:ff:06:ca]

RSSI: -86 [da:ee:aa:ff:01:ec]

RSSI: -71 [da:ee:aa:ff:0a:3b]

RSSI: -72 [da:ee:aa:ff:0a:3b]

RSSI: -70 [da:ee:aa:ff:0a:5b]

RSSI: -70 [da:ee:aa:ff:0a:5b]

RSSI: -56 [da:ee:aa:ff:06:fa]

RSSI: -70 [da:ee:aa:ff:0a:5b]

RSSI: -57 [da:ee:aa:ff:06:fa]

RSSI: -70 [da:ee:aa:ff:0a:5b]

RSSI: -56 [da:ee:aa:ff:06:fa]

RSSI: -70 [da:ee:aa:ff:0a:5b]

RSSI: -73 [da:ee:aa:ff:0a:6b]

RSSI: -61 [da:ee:aa:ff:07:1a]

RSSI: -74 [da:ee:aa:ff:0a:6b]

RSSI: -61 [da:ee:aa:ff:07:1a]

RSSI: -91 [da:ee:aa:ff:02:3c]

RSSI: -61 [da:ee:aa:ff:07:1a]

RSSI: -61 [da:ee:aa:ff:07:1a]

RSSI: -87 [da:ee:aa:ff:02:6c]

RSSI: -89 [da:ee:aa:ff:02:6c]

RSSI: -72 [da:ee:aa:ff:0a:cb]

RSSI: -57 [da:ee:aa:ff:07:6a]

RSSI: -72 [da:ee:aa:ff:0a:cb]

RSSI: -57 [da:ee:aa:ff:07:6a]

RSSI: -72 [da:ee:aa:ff:0a:cb]

RSSI: -57 [da:ee:aa:ff:07:6a]

RSSI: -72 [da:ee:aa:ff:0a:cb]

RSSI: -57 [da:ee:aa:ff:07:6a]

RSSI: -71 [da:ee:aa:ff:0a:cb]

RSSI: -58 [da:ee:aa:ff:07:6a]

RSSI: -61 [da:ee:aa:ff:07:7a]

RSSI: -61 [da:ee:aa:ff:07:7a]

RSSI: -76 [da:ee:aa:ff:0a:db]

RSSI: -60 [da:ee:aa:ff:07:8a]

RSSI: -76 [da:ee:aa:ff:0a:eb]

RSSI: -61 [da:ee:aa:ff:07:8a]

RSSI: -60 [da:ee:aa:ff:07:9a]

RSSI: -71 [da:ee:aa:ff:0a:fb]

RSSI: -60 [da:ee:aa:ff:07:9a]

RSSI: -86 [da:ee:aa:ff:02:cc]

RSSI: -60 [da:ee:aa:ff:07:9a]

RSSI: -87 [da:ee:aa:ff:02:cc]

RSSI: -60 [da:ee:aa:ff:07:9a]

RSSI: -70 [da:ee:aa:ff:0a:fb]

RSSI: -60 [da:ee:aa:ff:07:9a]

RSSI: -86 [da:ee:aa:ff:02:fc]

RSSI: -72 [da:ee:aa:ff:0b:2b]

RSSI: -58 [da:ee:aa:ff:07:da]

RSSI: -72 [da:ee:aa:ff:0b:2b]

RSSI: -58 [da:ee:aa:ff:07:da]

RSSI: -72 [da:ee:aa:ff:0b:2b]

RSSI: -58 [da:ee:aa:ff:07:da]

RSSI: -73 [da:ee:aa:ff:0b:2b]

RSSI: -58 [da:ee:aa:ff:07:da]

RSSI: -72 [da:ee:aa:ff:0b:2b]

RSSI: -58 [da:ee:aa:ff:07:da]

RSSI: -62 [da:ee:aa:ff:07:fa]

RSSI: -78 [da:ee:aa:ff:0b:3b]

RSSI: -62 [da:ee:aa:ff:07:fa]

RSSI: -78 [da:ee:aa:ff:0b:3b]

RSSI: -63 [da:ee:aa:ff:07:fa]

RSSI: -62 [da:ee:aa:ff:08:1a]

RSSI: -61 [da:ee:aa:ff:08:2a]

RSSI: -86 [da:ee:aa:ff:03:4c]

RSSI: -61 [da:ee:aa:ff:08:2a]

RSSI: -86 [da:ee:aa:ff:03:4c]

RSSI: -61 [da:ee:aa:ff:08:2a]

RSSI: -61 [da:ee:aa:ff:08:2a]

RSSI: -87 [da:ee:aa:ff:03:4c]

RSSI: -61 [da:ee:aa:ff:08:2a]

RSSI: -73 [da:ee:aa:ff:0b:9b]

RSSI: -79 [da:ee:aa:ff:0b:bb]

RSSI: -63 [da:ee:aa:ff:08:5a]

RSSI: -79 [da:ee:aa:ff:0b:bb]

RSSI: -63 [da:ee:aa:ff:08:5a]

RSSI: -79 [da:ee:aa:ff:0b:bb]

RSSI: -63 [da:ee:aa:ff:08:5a]

RSSI: -63 [da:ee:aa:ff:08:5a]

RSSI: -79 [da:ee:aa:ff:0b:db]

RSSI: -63 [da:ee:aa:ff:08:7a]

RSSI: -75 [da:ee:aa:ff:0b:fb]

RSSI: -63 [da:ee:aa:ff:08:7a]

RSSI: -75 [da:ee:aa:ff:0b:fb]

RSSI: -63 [da:ee:aa:ff:08:7a]

RSSI: -75 [da:ee:aa:ff:0b:fb]

RSSI: -63 [da:ee:aa:ff:08:7a]

RSSI: -75 [da:ee:aa:ff:0b:fb]

RSSI: -64 [da:ee:aa:ff:08:7a]

RSSI: -75 [da:ee:aa:ff:0b:fb]

RSSI: -59 [da:ee:aa:ff:08:8a]

RSSI: -71 [da:ee:aa:ff:0c:2b]

RSSI: -59 [da:ee:aa:ff:08:8a]

RSSI: -71 [da:ee:aa:ff:0c:2b]

RSSI: -60 [da:ee:aa:ff:08:aa]

RSSI: -72 [da:ee:aa:ff:0c:2b]

RSSI: -60 [da:ee:aa:ff:08:aa]

RSSI: -59 [da:ee:aa:ff:08:aa]

RSSI: -63 [da:ee:aa:ff:08:ba]

RSSI: -63 [da:ee:aa:ff:08:ba]

RSSI: -78 [da:ee:aa:ff:0c:3b]

RSSI: -63 [da:ee:aa:ff:08:ba]

RSSI: -63 [da:ee:aa:ff:08:ba]

RSSI: -78 [da:ee:aa:ff:0c:4b]

RSSI: -63 [da:ee:aa:ff:08:ba]

RSSI: -75 [da:ee:aa:ff:0c:5b]

RSSI: -62 [da:ee:aa:ff:08:ea]

RSSI: -62 [da:ee:aa:ff:08:ea]

RSSI: -62 [da:ee:aa:ff:08:ea]

RSSI: -60 [da:ee:aa:ff:08:fa]

RSSI: -71 [da:ee:aa:ff:0c:8b]

RSSI: -59 [da:ee:aa:ff:08:fa]

RSSI: -72 [da:ee:aa:ff:0c:8b]

RSSI: -60 [da:ee:aa:ff:08:fa]

RSSI: -71 [da:ee:aa:ff:0c:8b]

RSSI: -71 [da:ee:aa:ff:0c:8b]

RSSI: -60 [da:ee:aa:ff:09:0a]

RSSI: -71 [da:ee:aa:ff:0c:8b]

RSSI: -76 [da:ee:aa:ff:0c:9b]

RSSI: -77 [da:ee:aa:ff:0c:9b]

RSSI: -50 [da:ee:aa:ff:09:2a]

RSSI: -77 [da:ee:aa:ff:0c:9b]

RSSI: -63 [da:ee:aa:ff:09:2a]

RSSI: -55 [da:ee:aa:ff:09:2a]

RSSI: -76 [da:ee:aa:ff:0c:ab]

RSSI: -63 [da:ee:aa:ff:09:2a]

RSSI: -75 [da:ee:aa:ff:0c:bb]

RSSI: -85 [da:ee:aa:ff:04:ac]

RSSI: -75 [da:ee:aa:ff:0c:bb]

RSSI: -85 [da:ee:aa:ff:04:ac]

RSSI: -63 [da:ee:aa:ff:09:4a]

RSSI: -75 [da:ee:aa:ff:0c:bb]

RSSI: -85 [da:ee:aa:ff:04:ac]

RSSI: -63 [da:ee:aa:ff:09:4a]

RSSI: -75 [da:ee:aa:ff:0c:bb]

RSSI: -60 [da:ee:aa:ff:09:6a]

RSSI: -71 [da:ee:aa:ff:0c:db]

RSSI: -60 [da:ee:aa:ff:09:6a]

RSSI: -60 [da:ee:aa:ff:09:6a]

RSSI: -67 [da:ee:aa:ff:0c:db]

RSSI: -60 [da:ee:aa:ff:09:6a]

RSSI: -59 [da:ee:aa:ff:0c:db]

RSSI: -75 [da:ee:aa:ff:0c:fb]

RSSI: -65 [da:ee:aa:ff:09:9a]

RSSI: -77 [da:ee:aa:ff:0c:fb]

RSSI: -65 [da:ee:aa:ff:09:9a]

RSSI: -76 [da:ee:aa:ff:0c:fb]

RSSI: -64 [da:ee:aa:ff:09:9a]

RSSI: -64 [da:ee:aa:ff:09:9a]

RSSI: -65 [da:ee:aa:ff:09:9a]

RSSI: -75 [da:ee:aa:ff:0d:1b]

RSSI: -63 [da:ee:aa:ff:09:ba]

RSSI: -76 [da:ee:aa:ff:0d:1b]

RSSI: -63 [da:ee:aa:ff:09:ba]

RSSI: -83 [da:ee:aa:ff:05:2c]

RSSI: -75 [da:ee:aa:ff:0d:1b]

RSSI: -63 [da:ee:aa:ff:09:ba]

RSSI: -84 [da:ee:aa:ff:05:2c]

RSSI: -76 [da:ee:aa:ff:0d:1b]

RSSI: -63 [da:ee:aa:ff:09:ba]

RSSI: -83 [da:ee:aa:ff:05:2c]

RSSI: -75 [da:ee:aa:ff:0d:1b]

RSSI: -63 [da:ee:aa:ff:09:ba]

RSSI: -60 [da:ee:aa:ff:09:fa]

RSSI: -60 [da:ee:aa:ff:09:fa]

RSSI: -60 [da:ee:aa:ff:09:fa]

RSSI: -70 [da:ee:aa:ff:0d:5b]

RSSI: -60 [da:ee:aa:ff:09:fa]

RSSI: -71 [da:ee:aa:ff:0d:5b]

RSSI: -76 [da:ee:aa:ff:0d:7b]

RSSI: -64 [da:ee:aa:ff:0a:1a]

RSSI: -76 [da:ee:aa:ff:0d:7b]

RSSI: -64 [da:ee:aa:ff:0a:1a]

RSSI: -77 [da:ee:aa:ff:0d:7b]

RSSI: -65 [da:ee:aa:ff:0a:1a]

RSSI: -76 [da:ee:aa:ff:0d:9b]

RSSI: -83 [da:ee:aa:ff:05:7c]

RSSI: -75 [da:ee:aa:ff:0d:ab]

RSSI: -74 [da:ee:aa:ff:0d:ab]

RSSI: -74 [da:ee:aa:ff:0d:ab]

RSSI: -61 [da:ee:aa:ff:0a:4a]

RSSI: -74 [da:ee:aa:ff:0d:ab]

RSSI: -60 [da:ee:aa:ff:0a:6a]

RSSI: -70 [da:ee:aa:ff:0d:eb]

RSSI: -60 [da:ee:aa:ff:0a:6a]

RSSI: -70 [da:ee:aa:ff:0d:eb]

RSSI: -63 [da:ee:aa:ff:0d:fb]

RSSI: -63 [da:ee:aa:ff:0a:9a]

RSSI: -59 [da:ee:aa:ff:0d:fb]

RSSI: -62 [da:ee:aa:ff:0a:9a]

RSSI: -76 [da:ee:aa:ff:0d:fb]

RSSI: -63 [da:ee:aa:ff:0a:9a]

RSSI: -93 [da:ee:aa:ff:05:dc]

RSSI: -63 [da:ee:aa:ff:0a:9a]

RSSI: -73 [da:ee:aa:ff:0e:2b]

RSSI: -60 [da:ee:aa:ff:0a:ca]

RSSI: -70 [da:ee:aa:ff:0e:6b]

RSSI: -60 [da:ee:aa:ff:0a:ca]

RSSI: -70 [da:ee:aa:ff:0e:6b]

RSSI: -60 [da:ee:aa:ff:0a:ca]

RSSI: -70 [da:ee:aa:ff:0e:6b]

RSSI: -70 [da:ee:aa:ff:0e:6b]

RSSI: -60 [da:ee:aa:ff:0a:ea]

RSSI: -74 [da:ee:aa:ff:0e:7b]

RSSI: -74 [da:ee:aa:ff:0e:7b]

RSSI: -74 [da:ee:aa:ff:0e:7b]

RSSI: -61 [da:ee:aa:ff:0b:0a]

RSSI: -74 [da:ee:aa:ff:0e:8b]

RSSI: -61 [da:ee:aa:ff:0b:0a]

RSSI: -59 [da:ee:aa:ff:0b:1a]

RSSI: -72 [da:ee:aa:ff:0e:9b]

RSSI: -82 [da:ee:aa:ff:06:6c]

RSSI: -71 [da:ee:aa:ff:0e:9b]

RSSI: -81 [da:ee:aa:ff:06:6c]

RSSI: -72 [da:ee:aa:ff:0e:9b]

RSSI: -82 [da:ee:aa:ff:06:6c]

RSSI: -72 [da:ee:aa:ff:0e:9b]

RSSI: -55 [da:ee:aa:ff:0b:5a]

RSSI: -70 [da:ee:aa:ff:0e:cb]

RSSI: -70 [da:ee:aa:ff:0e:cb]

RSSI: -61 [da:ee:aa:ff:0b:5a]

RSSI: -70 [da:ee:aa:ff:0e:cb]

RSSI: -60 [da:ee:aa:ff:0b:5a]

RSSI: -70 [da:ee:aa:ff:0e:cb]

RSSI: -74 [da:ee:aa:ff:0e:eb]

RSSI: -93 [da:ee:aa:ff:06:bc]

RSSI: -62 [da:ee:aa:ff:0b:9a]

RSSI: -75 [da:ee:aa:ff:0e:eb]

RSSI: -62 [da:ee:aa:ff:0b:9a]

RSSI: -75 [da:ee:aa:ff:0e:eb]

RSSI: -62 [da:ee:aa:ff:0b:9a]

RSSI: -62 [da:ee:aa:ff:0b:9a]
