: -86 [da:ee:aa:ff:01:dc]

RSSI: -41 [da:ee:aa:ff:09:1a]

RSSI: -69 [da:ee:aa:ff:04:4b]

RSSI: -86 [da:ee:aa:ff:01:dc]

RSSI: -51 [da:ee:aa:ff:09:1a]

RSSI: -53 [da:ee:aa:ff:09:1a]

RSSI: -69 [da:ee:aa:ff:04:6b]

RSSI: -77 [da:ee:aa:ff:04:4b]

RSSI: -76 [da:ee:aa:ff:04:4b]

RSSI: -58 [da:ee:aa:ff:07:ba]

RSSI: -77 [da:ee:aa:ff:04:4b]

RSSI: -58 [da:ee:aa:ff:07:ba]

RSSI: -77 [da:ee:aa:ff:04:4b]

RSSI: -57 [da:ee:aa:ff:07:ba]

RSSI: -76 [da:ee:aa:ff:04:4b]

RSSI: -69 [da:ee:aa:ff:04:6b]

RSSI: -54 [da:ee:aa:ff:07:da]

RSSI: -69 [da:ee:aa:ff:04:6b]

RSSI: -54 [da:ee:aa:ff:07:da]

RSSI: -54 [da:ee:aa:ff:07:da]

RSSI: -84 [da:ee:aa:ff:15:7c]

RSSI: -54 [da:ee:aa:ff:07:da]

RSSI: -69 [da:ee:aa:ff:04:8b]

RSSI: -54 [da:ee:aa:ff:07:da]

RSSI: -52 [da:ee:aa:ff:04:8b]

RSSI: -54 [da:ee:aa:ff:04:9b]

RSSI: -64 [da:ee:aa:ff:04:9b]

RSSI: -70 [da:ee:aa:ff:04:9b]

RSSI: -71 [da:ee:aa:ff:04:9b]

RSSI: -70 [da:ee:aa:ff:04:9b]

RSSI: -77 [da:ee:aa:ff:04:ab]

RSSI: -58 [da:ee:aa:ff:08:1a]

RSSI: -58 [da:ee:aa:ff:08:1a]

RSSI: -77 [da:ee:aa:ff:04:bb]

RSSI: -58 [da:ee:aa:ff:08:1a]

RSSI: -77 [da:ee:aa:ff:04:bb]

RSSI: -85 [da:ee:aa:ff:15:fc]

RSSI: -70 [da:ee:aa:ff:04:cb]

RSSI: -54 [da:ee:aa:ff:08:4a]

RSSI: -69 [da:ee:aa:ff:04:cb]

RSSI: -85 [da:ee:aa:ff:15:fc]

RSSI: -54 [da:ee:aa:ff:08:4a]

RSSI: -69 [da:ee:aa:ff:04:cb]

RSSI: -85 [da:ee:aa:ff:15:fc]

RSSI: -54 [da:ee:aa:ff:08:4a]

RSSI: -69 [da:ee:aa:ff:04:cb]

RSSI: -84 [da:ee:aa:ff:15:fc]

RSSI: -54 [da:ee:aa:ff:08:4a]

RSSI: -71 [da:ee:aa:ff:04:fb]

RSSI: -71 [da:ee:aa:ff:04:fb]

RSSI: -71 [da:ee:aa:ff:04:fb]

RSSI: -71 [da:ee:aa:ff:04:fb]

RSSI: -77 [da:ee:aa:ff:05:0b]

RSSI: -90 [da:ee:aa:ff:16:3c]

RSSI: -58 [da:ee:aa:ff:08:9a]

RSSI: -78 [da:ee:aa:ff:05:0b]

RSSI: -92 [da:ee:aa:ff:16:3c]

RSSI: -58 [da:ee:aa:ff:08:9a]

RSSI: -78 [da:ee:aa:ff:05:0b]

RSSI: -58 [da:ee:aa:ff:08:9a]

RSSI: -79 [da:ee:aa:ff:05:0b]

RSSI: -58 [da:ee:aa:ff:08:9a]

RSSI: -54 [da:ee:aa:ff:08:ba]

RSSI: -69 [da:ee:aa:ff:05:4b]

RSSI: -84 [da:ee:aa:ff:16:6c]

RSSI: -54 [da:ee:aa:ff:08:ba]

RSSI: -69 [da:ee:aa:ff:05:4b]

RSSI: -54 [da:ee:aa:ff:08:ba]

RSSI: -69 [da:ee:aa:ff:05:4b]

RSSI: -54 [da:ee:aa:ff:08:ba]

RSSI: -69 [da:ee:aa:ff:05:4b]

RSSI: -85 [da:ee:aa:ff:16:6c]

RSSI: -70 [da:ee:aa:ff:05:4b]

RSSI: -71 [da:ee:aa:ff:05:5b]

RSSI: -58 [da:ee:aa:ff:08:ea]

RSSI: -71 [da:ee:aa:ff:05:7b]

RSSI: -58 [da:ee:aa:ff:08:ea]

RSSI: -89 [da:ee:aa:ff:00:2c]

RSSI: -58 [da:ee:aa:ff:09:0a]

RSSI: -92 [da:ee:aa:ff:00:2c]

RSSI: -58 [da:ee:aa:ff:09:0a]

RSSI: -61 [da:ee:aa:ff:05:9b]

RSSI: -58 [da:ee:aa:ff:09:0a]

RSSI: -70 [da:ee:aa:ff:05:9b]

RSSI: -78 [da:ee:aa:ff:05:9b]

RSSI: -91 [da:ee:aa:ff:00:2c]

RSSI: -44 [da:ee:aa:ff:09:2a]

RSSI: -70 [da:ee:aa:ff:05:ab]

RSSI: -59 [da:ee:aa:ff:09:5a]

RSSI: -71 [da:ee:aa:ff:05:eb]

RSSI: -59 [da:ee:aa:ff:09:5a]

RSSI: -71 [da:ee:aa:ff:05:eb]

RSSI: -71 [da:ee:aa:ff:05:eb]

RSSI: -59 [da:ee:aa:ff:09:7a]

RSSI: -71 [da:ee:aa:ff:05:eb]

RSSI: -59 [da:ee:aa:ff:09:7a]

RSSI: -58 [da:ee:aa:ff:09:8a]

RSSI: -58 [da:ee:aa:ff:09:8a]

RSSI: -79 [da:ee:aa:ff:06:1b]

RSSI: -77 [da:ee:aa:ff:06:1b]

RSSI: -79 [da:ee:aa:ff:06:1b]

RSSI: -58 [da:ee:aa:ff:09:8a]

RSSI: -79 [da:ee:aa:ff:06:1b]

RSSI: -55 [da:ee:aa:ff:09:aa]

RSSI: -70 [da:ee:aa:ff:06:3b]

RSSI: -70 [da:ee:aa:ff:06:3b]

RSSI: -84 [da:ee:aa:ff:00:dc]

RSSI: -70 [da:ee:aa:ff:06:3b]

RSSI: -84 [da:ee:aa:ff:00:dc]

RSSI: -85 [da:ee:aa:ff:00:dc]

RSSI: -59 [da:ee:aa:ff:09:da]

RSSI: -59 [da:ee:aa:ff:09:da]

RSSI: -71 [da:ee:aa:ff:06:7b]

RSSI: -59 [da:ee:aa:ff:09:da]

RSSI: -71 [da:ee:aa:ff:06:7b]

RSSI: -59 [da:ee:aa:ff:09:da]

RSSI: -71 [da:ee:aa:ff:06:7b]

RSSI: -59 [da:ee:aa:ff:09:da]

RSSI: -79 [da:ee:aa:ff:06:9b]

RSSI: -58 [da:ee:aa:ff:09:fa]

RSSI: -79 [da:ee:aa:ff:06:9b]

RSSI: -58 [da:ee:aa:ff:0a:1a]

RSSI: -56 [da:ee:aa:ff:0a:4a]

RSSI: -59 [da:ee:aa:ff:0a:6a]

RSSI: -46 [da:ee:aa:ff:0a:6a]

RSSI: -79 [da:ee:aa:ff:07:1b]

RSSI: -57 [da:ee:aa:ff:0a:7a]

RSSI: -79 [da:ee:aa:ff:07:1b]

RSSI: -57 [da:ee:aa:ff:0a:7a]

RSSI: -79 [da:ee:aa:ff:07:1b]

RSSI: -89 [da:ee:aa:ff:01:6c]

RSSI: -58 [da:ee:aa:ff:0a:7a]

RSSI: -79 [da:ee:aa:ff:07:1b]

RSSI: -58 [da:ee:aa:ff:0a:7a]

RSSI: -79 [da:ee:aa:ff:07:1b]

RSSI: -56 [da:ee:aa:ff:0a:9a]

RSSI: -83 [da:ee:aa:ff:01:8c]

RSSI: -56 [da:ee:aa:ff:0a:ba]

RSSI: -70 [da:ee:aa:ff:07:5b]

RSSI: -83 [da:ee:aa:ff:01:9c]

RSSI: -70 [da:ee:aa:ff:07:5b]

RSSI: -83 [da:ee:aa:ff:01:9c]

RSSI: -59 [da:ee:aa:ff:0a:da]

RSSI: -71 [da:ee:aa:ff:07:7b]

RSSI: -59 [da:ee:aa:ff:0a:da]

RSSI: -70 [da:ee:aa:ff:07:7b]

RSSI: -59 [da:ee:aa:ff:0a:da]

RSSI: -71 [da:ee:aa:ff:07:7b]

RSSI: -71 [da:ee:aa:ff:07:7b]

RSSI: -59 [da:ee:aa:ff:0a:da]

RSSI: -71 [da:ee:aa:ff:07:7b]

RSSI: -57 [da:ee:aa:ff:0b:1a]

RSSI: -78 [da:ee:aa:ff:07:ab]

RSSI: -58 [da:ee:aa:ff:0b:1a]

RSSI: -58 [da:ee:aa:ff:0b:1a]

RSSI: -56 [da:ee:aa:ff:0b:2a]

RSSI: -56 [da:ee:aa:ff:0b:2a]

RSSI: -56 [da:ee:aa:ff:0b:2a]

RSSI: -71 [da:ee:aa:ff:07:bb]

RSSI: -70 [da:ee:aa:ff:07:fb]

RSSI: -59 [da:ee:aa:ff:0b:6a]

RSSI: -59 [da:ee:aa:ff:0b:6a]

RSSI: -61 [da:ee:aa:ff:07:fb]

RSSI: -59 [da:ee:aa:ff:0b:6a]

RSSI: -70 [da:ee:aa:ff:07:fb]

RSSI: -59 [da:ee:aa:ff:0b:6a]

RSSI: -59 [da:ee:aa:ff:0b:6a]

RSSI: -53 [da:ee:aa:ff:0b:8a]

RSSI: -77 [da:ee:aa:ff:08:0b]

RSSI: -78 [da:ee:aa:ff:08:0b]

RSSI: -78 [da:ee:aa:ff:08:0b]

RSSI: -89 [da:ee:aa:ff:02:5c]

RSSI: -79 [da:ee:aa:ff:08:1b]

RSSI: -84 [da:ee:aa:ff:02:6c]

RSSI: -71 [da:ee:aa:ff:08:2b]

RSSI: -84 [da:ee:aa:ff:02:6c]

RSSI: -70 [da:ee:aa:ff:08:2b]

RSSI: -83 [da:ee:aa:ff:02:6c]

RSSI: -71 [da:ee:aa:ff:08:2b]

RSSI: -71 [da:ee:aa:ff:08:2b]

RSSI: -70 [da:ee:aa:ff:08:4b]

RSSI: -59 [da:ee:aa:ff:0b:da]

RSSI: -70 [da:ee:aa:ff:08:4b]

RSSI: -59 [da:ee:aa:ff:0b:da]

RSSI: -59 [da:ee:aa:ff:0b:da]

RSSI: -70 [da:ee:aa:ff:08:6b]

RSSI: -70 [da:ee:aa:ff:08:6b]

RSSI: -59 [da:ee:aa:ff:0b:fa]

RSSI: -58 [da:ee:aa:ff:0c:1a]

RSSI: -77 [da:ee:aa:ff:08:7b]

RSSI: -58 [da:ee:aa:ff:0c:1a]

RSSI: -78 [da:ee:aa:ff:08:7b]

RSSI: -58 [da:ee:aa:ff:0c:1a]

RSSI: -58 [da:ee:aa:ff:0c:1a]

RSSI: -78 [da:ee:aa:ff:08:7b]

RSSI: -58 [da:ee:aa:ff:0c:1a]

RSSI: -78 [da:ee:aa:ff:08:7b]

RSSI: -56 [da:ee:aa:ff:0c:2a]

RSSI: -56 [da:ee:aa:ff:0c:2a]

RSSI: -71 [da:ee:aa:ff:08:bb]

RSSI: -83 [da:ee:aa:ff:02:dc]

RSSI: -71 [da:ee:aa:ff:08:bb]

RSSI: -71 [da:ee:aa:ff:08:bb]

RSSI: -59 [da:ee:aa:ff:0c:6a]

RSSI: -70 [da:ee:aa:ff:08:cb]

RSSI: -59 [da:ee:aa:ff:0c:6a]

RSSI: -70 [da:ee:aa:ff:08:cb]

RSSI: -59 [da:ee:aa:ff:0c:6a]

RSSI: -59 [da:ee:aa:ff:0c:6a]

RSSI: -70 [da:ee:aa:ff:08:cb]

RSSI: -59 [da:ee:aa:ff:0c:6a]

RSSI: -58 [da:ee:aa:ff:0c:7a]

RSSI: -78 [da:ee:aa:ff:08:fb]

RSSI: -61 [da:ee:aa:ff:08:fb]

RSSI: -75 [da:ee:aa:ff:08:fb]

RSSI: -59 [da:ee:aa:ff:0c:9a]

RSSI: -59 [da:ee:aa:ff:0c:9a]

RSSI: -71 [da:ee:aa:ff:09:0b]

RSSI: -44 [da:ee:aa:ff:0c:ba]

RSSI: -83 [da:ee:aa:ff:03:5c]

RSSI: -84 [da:ee:aa:ff:03:5c]

RSSI: -70 [da:ee:aa:ff:09:4b]

RSSI: -58 [da:ee:aa:ff:0c:da]

RSSI: -70 [da:ee:aa:ff:09:4b]

RSSI: -69 [da:ee:aa:ff:09:4b]

RSSI: -58 [da:ee:aa:ff:0c:fa]

RSSI: -70 [da:ee:aa:ff:09:4b]

RSSI: -69 [da:ee:aa:ff:09:4b]

RSSI: -58 [da:ee:aa:ff:0d:1a]

RSSI: -76 [da:ee:aa:ff:09:6b]

RSSI: -59 [da:ee:aa:ff:0d:1a]

RSSI: -76 [da:ee:aa:ff:09:6b]

RSSI: -58 [da:ee:aa:ff:0d:1a]

RSSI: -76 [da:ee:aa:ff:09:8b]

RSSI: -59 [da:ee:aa:ff:0d:1a]

RSSI: -76 [da:ee:aa:ff:09:8b]

RSSI: -58 [da:ee:aa:ff:0d:1a]

RSSI: -72 [da:ee:aa:ff:09:ab]

RSSI: -82 [da:ee:aa:ff:03:bc]

RSSI: -72 [da:ee:aa:ff:09:ab]

RSSI: -84 [da:ee:aa:ff:03:bc]

RSSI: -83 [da:ee:aa:ff:03:bc]

RSSI: -72 [da:ee:aa:ff:09:ab]

RSSI: -57 [da:ee:aa:ff:0d:5a]

RSSI: -83 [da:ee:aa:ff:03:bc]

RSSI: -72 [da:ee:aa:ff:09:ab]

RSSI: -57 [da:ee:aa:ff:0d:5a]

RSSI: -83 [da:ee:aa:ff:03:bc]

RSSI: -69 [da:ee:aa:ff:09:bb]

RSSI: -58 [da:ee:aa:ff:0d:7a]

RSSI: -58 [da:ee:aa:ff:0d:7a]

RSSI: -69 [da:ee:aa:ff:09:db]

RSSI: -57 [da:ee:aa:ff:0d:7a]

RSSI: -69 [da:ee:aa:ff:09:db]

RSSI: -58 [da:ee:aa:ff:0d:7a]

RSSI: -69 [da:ee:aa:ff:09:db]

RSSI: -76 [da:ee:aa:ff:09:fb]

RSSI: -60 [da:ee:aa:ff:0d:8a]

RSSI: -77 [da:ee:aa:ff:09:fb]

RSSI: -60 [da:ee:aa:ff:0d:aa]

RSSI: -76 [da:ee:aa:ff:09:fb]

RSSI: -60 [da:ee:aa:ff:0d:aa]

RSSI: -60 [da:ee:aa:ff:0d:aa]

RSSI: -56 [da:ee:aa:ff:0d:ca]

RSSI: -56 [da:ee:aa:ff:0d:ca]

RSSI: -56 [da:ee:aa:ff:0d:ca]

RSSI: -65 [da:ee:aa:ff:0a:2b]

RSSI: -72 [da:ee:aa:ff:0a:2b]

RSSI: -56 [da:ee:aa:ff:0d:ca]

RSSI: -83 [da:ee:aa:ff:04:2c]

RSSI: -55 [da:ee:aa:ff:0a:2b]

RSSI: -69 [da:ee:aa:ff:0a:4b]

RSSI: -69 [da:ee:aa:ff:0a:4b]

RSSI: -58 [da:ee:aa:ff:0d:fa]

RSSI: -70 [da:ee:aa:ff:0a:4b]

RSSI: -69 [da:ee:aa:ff:0a:4b]

RSSI: -57 [da:ee:aa:ff:0d:fa]

RSSI: -46 [da:ee:aa:ff:0d:fa]

RSSI: -76 [da:ee:aa:ff:0a:7b]

RSSI: -75 [da:ee:aa:ff:0a:7b]

RSSI: -59 [da:ee:aa:ff:0e:1a]

RSSI: -76 [da:ee:aa:ff:0a:7b]

RSSI: -59 [da:ee:aa:ff:0e:1a]

RSSI: -76 [da:ee:aa:ff:0a:7b]

RSSI: -59 [da:ee:aa:ff:0e:1a]

RSSI: -84 [da:ee:aa:ff:04:9c]

RSSI: -73 [da:ee:aa:ff:0a:8b]

RSSI: -84 [da:ee:aa:ff:04:9c]

RSSI: -72 [da:ee:aa:ff:0a:8b]

RSSI: -56 [da:ee:aa:ff:0e:4a]

RSSI: -84 [da:ee:aa:ff:04:9c]

RSSI: -56 [da:ee:aa:ff:0e:4a]

RSSI: -82 [da:ee:aa:ff:04:9c]

RSSI: -56 [da:ee:aa:ff:0e:4a]

RSSI: -84 [da:ee:aa:ff:04:9c]

RSSI: -57 [da:ee:aa:ff:0e:6a]

RSSI: -70 [da:ee:aa:ff:0a:bb]

RSSI: -57 [da:ee:aa:ff:0e:6a]

RSSI: -69 [da:ee:aa:ff:0a:bb]

RSSI: -57 [da:ee:aa:ff:0e:6a]

RSSI: -69 [da:ee:aa:ff:0a:bb]

RSSI: -58 [da:ee:aa:ff:0e:6a]

RSSI: -69 [da:ee:aa:ff:0a:bb]

RSSI: -75 [da:ee:aa:ff:0a:db]

RSSI: -59 [da:ee:aa:ff:0e:aa]

RSSI: -76 [da:ee:aa:ff:0a:db]

RSSI: -59 [da:ee:aa:ff:0e:aa]

RSSI: -59 [da:ee:aa:ff:0e:aa]

RSSI: -76 [da:ee:aa:ff:0a:eb]

RSSI: -59 [da:ee:aa:ff:0e:aa]

RSSI: -72 [da:ee:aa:ff:0b:0b]

RSSI: -56 [da:ee:aa:ff:0e:ca]

RSSI: -55 [da:ee:aa:ff:0e:ca]

RSSI: -55 [da:ee:aa:ff:0e:ca]

RSSI: -57 [da:ee:aa:ff:0f:0a]

RSSI: -57 [da:ee:aa:ff:0f:0a]

RSSI: -57 [da:ee:aa:ff:0f:0a]

RSSI: -52 [da:ee:aa:ff:0b:3b]

RSSI: -57 [da:ee:aa:ff:0f:0a]

RSSI: -52 [da:ee:aa:ff:0b:3b]

RSSI: -52 [da:ee:aa:ff:0b:3b]

RSSI: -75 [da:ee:aa:ff:0b:4b]

RSSI: -59 [da:ee:aa:ff:0f:2a]

RSSI: -76 [da:ee:aa:ff:0b:4b]

RSSI: -59 [da:ee:aa:ff:0f:2a]

RSSI: -92 [da:ee:aa:ff:05:4c]

RSSI: -75 [da:ee:aa:ff:0b:4b]

RSSI: -59 [da:ee:aa:ff:0f:2a]

RSSI: -76 [da:ee:aa:ff:0b:4b]

RSSI: -59 [da:ee:aa:ff:0f:2a]

RSSI: -75 [da:ee:aa:ff:0b:4b]

RSSI: -95 [da:ee:aa:ff:05:4c]

RSSI: -81 [da:ee:aa:ff:05:5c]

RSSI: -73 [da:ee:aa:ff:0b:8b]

RSSI: -57 [da:ee:aa:ff:0f:7a]

RSSI: -70 [da:ee:aa:ff:0b:9b]

RSSI: -57 [da:ee:aa:ff:0f:7a]

RSSI: -69 [da:ee:aa:ff:0b:9b]

RSSI: -57 [da:ee:aa:ff:0f:7a]

RSSI: -69 [da:ee:aa:ff:0b:9b]

RSSI: -70 [da:ee:aa:ff:0b:9b]

RSSI: -90 [da:ee:aa:ff:05:ac]

RSSI: -75 [da:ee:aa:ff:0b:bb]

RSSI: -59 [da:ee:aa:ff:0f:aa]

RSSI: -75 [da:ee:aa:ff:0b:bb]

RSSI: -59 [da:ee:aa:ff:0f:aa]

RSSI: -75 [da:ee:aa:ff:0b:bb]

RSSI: -59 [da:ee:aa:ff:0f:aa]

RSSI: -92 [da:ee:aa:ff:05:ac]

RSSI: -75 [da:ee:aa:ff:0b:bb]

RSSI: -59 [da:ee:aa:ff:0f:aa]

RSSI: -75 [da:ee:aa:ff:0b:bb]

RSSI: -73 [da:ee:aa:ff:0b:cb]

RSSI: -83 [da:ee:aa:ff:05:bc]

RSSI: -56 [da:ee:aa:ff:0f:ca]

RSSI: -73 [da:ee:aa:ff:0b:cb]

RSSI: -56 [da:ee:aa:ff:0f:ca]

RSSI: -73 [da:ee:aa:ff:0b:cb]

RSSI: -83 [da:ee:aa:ff:05:dc]

RSSI: -57 [da:ee:aa:ff:0f:fa]

RSSI: -69 [da:ee:aa:ff:0b:fb]

RSSI: -57 [da:ee:aa:ff:0f:fa]

RSSI: -70 [da:ee:aa:ff:0b:fb]

RSSI: -57 [da:ee:aa:ff:0f:fa]

RSSI: -70 [da:ee:aa:ff:0b:fb]

RSSI: -57 [da:ee:aa:ff:0f:fa]

RSSI: -69 [da:ee:aa:ff:0b:fb]

RSSI: -57 [da:ee:aa:ff:0f:fa]

RSSI: -69 [da:ee:aa:ff:0b:fb]

RSSI: -58 [da:ee:aa:ff:10:1a]

RSSI: -58 [da:ee:aa:ff:10:1a]

RSSI: -76 [da:ee:aa:ff:0c:3b]

RSSI: -83 [da:ee:aa:ff:06:3c]

RSSI: -55 [da:ee:aa:ff:10:4a]

RSSI: -73 [da:ee:aa:ff:0c:4b]

RSSI: -81 [da:ee:aa:ff:06:3c]

RSSI: -55 [da:ee:aa:ff:10:4a]

RSSI: -72 [da:ee:aa:ff:0c:4b]

RSSI: -56 [da:ee:aa:ff:10:4a]

RSSI: -72 [da:ee:aa:ff:0c:4b]

RSSI: -56 [da:ee:aa:ff:10:4a]

RSSI: -72 [da:ee:aa:ff:0c:4b]

RSSI: -82 [da:ee:aa:ff:06:4c]

RSSI: -55 [da:ee:aa:ff:10:4a]

RSSI: -57 [da:ee:aa:ff:10:6a]

RSSI: -70 [da:ee:aa:ff:0c:8b]

RSSI: -70 [da:ee:aa:ff:0c:8b]

RSSI: -69 [da:ee:aa:ff:0c:8b]

RSSI: -57 [da:ee:aa:ff:10:7a]

RSSI: -59 [da:ee:aa:ff:10:9a]

RSSI: -59 [da:ee:aa:ff:10:9a]

RSSI: -76 [da:ee:aa:ff:0c:9b]

RSSI: -59 [da:ee:aa:ff:10:9a]

RSSI: -75 [da:ee:aa:ff:0c:9b]

RSSI: -59 [da:ee:aa:ff:10:9a]

RSSI: -76 [da:ee:aa:ff:0c:9b]

RSSI: -59 [da:ee:aa:ff:10:9a]

RSSI: -56 [da:ee:aa:ff:10:ba]

RSSI: -72 [da:ee:aa:ff:0c:db]

RSSI: -56 [da:ee:aa:ff:10:ba]

RSSI: -72 [da:ee:aa:ff:0c:db]

RSSI: -56 [da:ee:aa:ff:10:ba]

RSSI: -72 [da:ee:aa:ff:0c:db]

RSSI: -56 [da:ee:aa:ff:10:ba]

RSSI: -72 [da:ee:aa:ff:0c:db]

RSSI: -70 [da:ee:aa:ff:0c:fb]

RSSI: -69 [da:ee:aa:ff:0c:fb]

RSSI: -58 [da:ee:aa:ff:10:fa]

RSSI: -70 [da:ee:aa:ff:0c:fb]

RSSI: -58 [da:ee:aa:ff:10:fa]

RSSI: -70 [da:ee:aa:ff:0c:fb]

RSSI: -58 [da:ee:aa:ff:10:fa]

RSSI: -58 [da:ee:aa:ff:10:fa]

RSSI: -70 [da:ee:aa:ff:0d:1b]

RSSI: -59 [da:ee:aa:ff:11:1a]

RSSI: -59 [da:ee:aa:ff:11:1a]

RSSI: -59 [da:ee:aa:ff:11:1a]

RSSI: -59 [da:ee:aa:ff:11:1a]

RSSI: -77 [da:ee:aa:ff:06:ec]

RSSI: -59 [da:ee:aa:ff:11:1a]

RSSI: -83 [da:ee:aa:ff:07:0c]

RSSI: -66 [da:ee:aa:ff:0d:4b]

RSSI: -55 [da:ee:aa:ff:11:4a]

RSSI: -83 [da:ee:aa:ff:07:0c]

RSSI: -56 [da:ee:aa:ff:11:4a]

RSSI: -83 [da:ee:aa:ff:07:0c]

RSSI: -56 [da:ee:aa:ff:11:4a]

RSSI: -56 [da:ee:aa:ff:11:4a]

RSSI: -58 [da:ee:aa:ff:11:5a]

RSSI: -58 [da:ee:aa:ff:11:5a]

RSSI: -58 [da:ee:aa:ff:11:5a]

RSSI: -70 [da:ee:aa:ff:0d:8b]

RSSI: -58 [da:ee:aa:ff:11:5a]

RSSI: -70 [da:ee:aa:ff:0d:8b]

RSSI: -76 [da:ee:aa:ff:0d:9b]

RSSI: -59 [da:ee:aa:ff:11:8a]

RSSI: -76 [da:ee:aa:ff:0d:bb]

RSSI: -71 [da:ee:aa:ff:0d:db]

RSSI: -83 [da:ee:aa:ff:07:8c]

RSSI: -72 [da:ee:aa:ff:0d:db]

RSSI: -71 [da:ee:aa:ff:0d:db]

RSSI: -56 [da:ee:aa:ff:11:aa]

RSSI: -84 [da:ee:aa:ff:07:8c]

RSSI: -71 [da:ee:aa:ff:0d:db]

RSSI: -55 [da:ee:aa:ff:11:aa]

RSSI: -82 [da:ee:aa:ff:07:8c]

RSSI: -71 [da:ee:aa:ff:0d:db]

RSSI: -55 [da:ee:aa:ff:11:aa]

RSSI: -58 [da:ee:aa:ff:11:ba]

RSSI: -58 [da:ee:aa:ff:11:ba]

RSSI: -70 [da:ee:aa:ff:0e:0b]

RSSI: -58 [da:ee:aa:ff:11:ba]

RSSI: -70 [da:ee:aa:ff:0e:0b]

RSSI: -58 [da:ee:aa:ff:11:ba]

RSSI: -70 [da:ee:aa:ff:0e:0b]

RSSI: -70 [da:ee:aa:ff:0e:0b]

RSSI: -76 [da:ee:aa:ff:0e:2b]

RSSI: -58 [da:ee:aa:ff:11:da]

RSSI: -77 [da:ee:aa:ff:0e:2b]

RSSI: -58 [da:ee:aa:ff:11:da]

RSSI: -58 [da:ee:aa:ff:11:da]

RSSI: -77 [da:ee:aa:ff:0e:2b]

RSSI: -58 [da:ee:aa:ff:11:da]

RSSI: -70 [da:ee:aa:ff:0e:5b]

RSSI: -56 [da:ee:aa:ff:12:0a]

RSSI: -70 [da:ee:aa:ff:0e:5b]

RSSI: -55 [da:ee:aa:ff:12:0a]

RSSI: -82 [da:ee:aa:ff:07:fc]

RSSI: -71 [da:ee:aa:ff:0e:5b]

RSSI: -53 [da:ee:aa:ff:0e:7b]

RSSI: -59 [da:ee:aa:ff:12:2a]

RSSI: -60 [da:ee:aa:ff:0e:7b]

RSSI: -59 [da:ee:aa:ff:12:2a]

RSSI: -55 [da:ee:aa:ff:0e:7b]

RSSI: -58 [da:ee:aa:ff:12:2a]

RSSI: -58 [da:ee:aa:ff:12:3a]

RSSI: -77 [da:ee:aa:ff:0e:bb]

RSSI: -77 [da:ee:aa:ff:0e:bb]

RSSI: -78 [da:ee:aa:ff:0e:bb]

RSSI: -58 [da:ee:aa:ff:12:4a]

RSSI: -77 [da:ee:aa:ff:0e:bb]

RSSI: -58 [da:ee:aa:ff:12:4a]

RSSI: -82 [da:ee:aa:ff:08:5c]

RSSI: -70 [da:ee:aa:ff:0e:db]

RSSI: -70 [da:ee:aa:ff:0e:db]

RSSI: -82 [da:ee:aa:ff:08:5c]

RSSI: -83 [da:ee:aa:ff:08:5c]

RSSI: -82 [da:ee:aa:ff:08:5c]

RSSI: -71 [da:ee:aa:ff:0f:0b]

RSSI: -59 [da:ee:aa:ff:12:7a]

RSSI: -71 [da:ee:aa:ff:0f:0b]

RSSI: -59 [da:ee:aa:ff:12:7a]

RSSI: -71 [da:ee:aa:ff:0f:0b]

RSSI: -71 [da:ee:aa:ff:0f:0b]

RSSI: -88 [da:ee:aa:ff:08:ac]

RSSI: -90 [da:ee:aa:ff:08:ac]

RSSI: -58 [da:ee:aa:ff:12:aa]

RSSI: -58 [da:ee:aa:ff:12:aa]

RSSI: -78 [da:ee:aa:ff:0f:3b]

RSSI: -58 [da:ee:aa:ff:12:aa]

RSSI: -70 [da:ee:aa:ff:0f:5b]

RSSI: -82 [da:ee:aa:ff:08:dc]

RSSI: -70 [da:ee:aa:ff:0f:5b]

RSSI: -70 [da:ee:aa:ff:0f:5b]

RSSI: -70 [da:ee:aa:ff:0f:5b]

RSSI: -71 [da:ee:aa:ff:0f:5b]

RSSI: -59 [da:ee:aa:ff:12:ea]

RSSI: -59 [da:ee:aa:ff:12:ea]

RSSI: -71 [da:ee:aa:ff:0f:8b]

RSSI: -59 [da:ee:aa:ff:12:ea]

RSSI: -71 [da:ee:aa:ff:0f:8b]

RSSI: -71 [da:ee:aa:ff:0f:8b]

RSSI: -59 [da:ee:aa:ff:12:fa]

RSSI: -89 [da:ee:aa:ff:09:1c]

RSSI: -58 [da:ee:aa:ff:13:0a]

RSSI: -61 [da:ee:aa:ff:0f:ab]

RSSI: -58 [da:ee:aa:ff:13:0a]

RSSI: -89 [da:ee:aa:ff:09:1c]

RSSI: -58 [da:ee:aa:ff:13:0a]

RSSI: -90 [da:ee:aa:ff:09:1c]

RSSI: -62 [da:ee:aa:ff:0f:ab]

RSSI: -58 [da:ee:aa:ff:13:0a]

RSSI: -91 [da:ee:aa:ff:09:1c]

RSSI: -78 [da:ee:aa:ff:0f:ab]

RSSI: -58 [da:ee:aa:ff:13:0a]

RSSI: -82 [da:ee:aa:ff:09:4c]

RSSI: -71 [da:ee:aa:ff:0f:eb]

RSSI: -71 [da:ee:aa:ff:0f:eb]

RSSI: -81 [da:ee:aa:ff:09:4c]

RSSI: -70 [da:ee:aa:ff:0f:eb]

RSSI: -71 [da:ee:aa:ff:10:0b]

RSSI: -58 [da:ee:aa:ff:13:3a]

RSSI: -71 [da:ee:aa:ff:10:0b]

RSSI: -58 [da:ee:aa:ff:13:3a]

RSSI: -70 [da:ee:aa:ff:10:0b]

RSSI: -58 [da:ee:aa:ff:13:3a]

RSSI: -71 [da:ee:aa:ff:10:0b]

RSSI: -58 [da:ee:aa:ff:13:4a]

RSSI: -78 [da:ee:aa:ff:10:3b]

RSSI: -58 [da:ee:aa:ff:13:5a]

RSSI: -78 [da:ee:aa:ff:10:3b]

RSSI: -58 [da:ee:aa:ff:13:5a]

RSSI: -58 [da:ee:aa:ff:13:5a]

RSSI: -58 [da:ee:aa:ff:13:5a]

RSSI: -78 [da:ee:aa:ff:10:3b]

RSSI: -58 [da:ee:aa:ff:13:5a]

RSSI: -70 [da:ee:aa:ff:10:5b]

RSSI: -71 [da:ee:aa:ff:10:5b]

RSSI: -55 [da:ee:aa:ff:13:7a]

RSSI: -81 [da:ee:aa:ff:09:bc]

RSSI: -55 [da:ee:aa:ff:13:7a]

RSSI: -81 [da:ee:aa:ff:09:bc]

RSSI: -71 [da:ee:aa:ff:10:7b]

RSSI: -55 [da:ee:aa:ff:13:7a]

RSSI: -70 [da:ee:aa:ff:10:8b]

RSSI: -58 [da:ee:aa:ff:13:8a]

RSSI: -71 [da:ee:aa:ff:10:8b]

RSSI: -59 [da:ee:aa:ff:13:8a]

RSSI: -71 [da:ee:aa:ff:10:8b]

RSSI: -59 [da:ee:aa:ff:13:8a]

RSSI: -71 [da:ee:aa:ff:10:8b]

RSSI: -58 [da:ee:aa:ff:13:aa]

RSSI: -58 [da:ee:aa:ff:13:ba]

RSSI: -58 [da:ee:aa:ff:13:ba]

RSSI: -58 [da:ee:aa:ff:13:ba]

RSSI: -79 [da:ee:aa:ff:10:cb]

RSSI: -58 [da:ee:aa:ff:13:ba]

RSSI: -53 [da:ee:aa:ff:10:db]

RSSI: -67 [da:ee:aa:ff:10:db]

RSSI: -45 [da:ee:aa:ff:13:fa]

RSSI: -47 [da:ee:aa:ff:13:fa]

RSSI: -71 [da:ee:aa:ff:11:1b]

RSSI: -58 [da:ee:aa:ff:13:fa]

RSSI: -71 [da:ee:aa:ff:11:1b]

RSSI: -57 [da:ee:aa:ff:14:1a]

RSSI: -91 [da:ee:aa:ff:0a:9c]

RSSI: -57 [da:ee:aa:ff:14:1a]

RSSI: -57 [da:ee:aa:ff:14:1a]

RSSI: -57 [da:ee:aa:ff:14:1a]

RSSI: -57 [da:ee:aa:ff:14:1a]

RSSI: -81 [da:ee:aa:ff:0a:ac]

RSSI: -81 [da:ee:aa:ff:0a:ac]

RSSI: -69 [da:ee:aa:ff:11:6b]

RSSI: -54 [da:ee:aa:ff:14:4a]

RSSI: -80 [da:ee:aa:ff:0a:ac]

RSSI: -69 [da:ee:aa:ff:11:6b]

RSSI: -54 [da:ee:aa:ff:14:4a]

RSSI: -69 [da:ee:aa:ff:11:6b]

RSSI: -54 [da:ee:aa:ff:14:4a]

RSSI: -70 [da:ee:aa:ff:11:6b]

RSSI: -54 [da:ee:aa:ff:14:4a]

RSSI: -58 [da:ee:aa:ff:14:5a]

RSSI: -59 [da:ee:aa:ff:14:5a]

RSSI: -70 [da:ee:aa:ff:11:7b]

RSSI: -58 [da:ee:aa:ff:14:7a]

RSSI: -57 [da:ee:aa:ff:14:8a]

RSSI: -80 [da:ee:aa:ff:11:bb]

RSSI: -57 [da:ee:aa:ff:14:8a]

RSSI: -79 [da:ee:aa:ff:11:bb]

RSSI: -57 [da:ee:aa:ff:14:8a]

RSSI: -79 [da:ee:aa:ff:11:bb]

RSSI: -57 [da:ee:aa:ff:14:8a]

RSSI: -82 [da:ee:aa:ff:0b:0c]

RSSI: -57 [da:ee:aa:ff:14:8a]

RSSI: -70 [da:ee:aa:ff:11:db]

RSSI: -81 [da:ee:aa:ff:0b:2c]

RSSI: -54 [da:ee:aa:ff:14:aa]

RSSI: -81 [da:ee:aa:ff:0b:2c]

RSSI: -54 [da:ee:aa:ff:14:aa]

RSSI: -81 [da:ee:aa:ff:0b:2c]

RSSI: -54 [da:ee:aa:ff:14:aa]

RSSI: -70 [da:ee:aa:ff:11:fb]

RSSI: -56 [da:ee:aa:ff:12:1b]

RSSI: -59 [da:ee:aa:ff:14:ba]

RSSI: -61 [da:ee:aa:ff:12:1b]

RSSI: -59 [da:ee:aa:ff:14:ba]

RSSI: -55 [da:ee:aa:ff:14:ca]

RSSI: -54 [da:ee:aa:ff:12:1b]

RSSI: -65 [da:ee:aa:ff:12:1b]

RSSI: -57 [da:ee:aa:ff:14:da]

RSSI: -90 [da:ee:aa:ff:0b:5c]

RSSI: -59 [da:ee:aa:ff:14:da]

RSSI: -90 [da:ee:aa:ff:0b:5c]

RSSI: -80 [da:ee:aa:ff:12:5b]

RSSI: -91 [da:ee:aa:ff:0b:7c]

RSSI: -79 [da:ee:aa:ff:12:5b]

RSSI: -70 [da:ee:aa:ff:12:7b]

RSSI: -80 [da:ee:aa:ff:0b:8c]

RSSI: -54 [da:ee:aa:ff:15:0a]

RSSI: -54 [da:ee:aa:ff:15:0a]

RSSI: -81 [da:ee:aa:ff:0b:8c]

RSSI: -54 [da:ee:aa:ff:15:0a]

RSSI: -82 [da:ee:aa:ff:0b:8c]

RSSI: -54 [da:ee:aa:ff:15:0a]

RSSI: -82 [da:ee:aa:ff:0b:8c]

RSSI: -59 [da:ee:aa:ff:15:1a]

RSSI: -72 [da:ee:aa:ff:12:ab]

RSSI: -59 [da:ee:aa:ff:15:1a]

RSSI: -71 [da:ee:aa:ff:12:ab]

RSSI: -58 [da:ee:aa:ff:15:2a]

RSSI: -58 [da:ee:aa:ff:15:2a]

RSSI: -58 [da:ee:aa:ff:15:3a]

RSSI: -58 [da:ee:aa:ff:15:3a]

RSSI: -58 [da:ee:aa:ff:15:3a]

RSSI: -58 [da:ee:aa:ff:15:3a]

RSSI: -58 [da:ee:aa:ff:15:3a]

RSSI: -70 [da:ee:aa:ff:12:fb]

RSSI: -54 [da:ee:aa:ff:15:5a]

RSSI: -70 [da:ee:aa:ff:12:fb]

RSSI: -54 [da:ee:aa:ff:15:5a]

RSSI: -78 [da:ee:aa:ff:0b:fc]

RSSI: -70 [da:ee:aa:ff:12:fb]

RSSI: -54 [da:ee:aa:ff:15:5a]

RSSI: -54 [da:ee:aa:ff:15:5a]

RSSI: -71 [da:ee:aa:ff:13:1b]

RSSI: -71 [da:ee:aa:ff:13:1b]

RSSI: -71 [da:ee:aa:ff:13:1b]

RSSI: -58 [da:ee:aa:ff:15:8a]

RSSI: -58 [da:ee:aa:ff:15:8a]

RSSI: -58 [da:ee:aa:ff:15:aa]

RSSI: -62 [da:ee:aa:ff:13:4b]

RSSI: -92 [da:ee:aa:ff:0c:2c]

RSSI: -63 [da:ee:aa:ff:13:4b]

RSSI: -50 [da:ee:aa:ff:15:aa]

RSSI: -56 [da:ee:aa:ff:15:aa]

RSSI: -91 [da:ee:aa:ff:0c:2c]

RSSI: -62 [da:ee:aa:ff:13:4b]

RSSI: -69 [da:ee:aa:ff:13:6b]

RSSI: -81 [da:ee:aa:ff:0c:5c]

RSSI: -54 [da:ee:aa:ff:15:ea]

RSSI: -69 [da:ee:aa:ff:13:6b]

RSSI: -81 [da:ee:aa:ff:0c:5c]

RSSI: -54 [da:ee:aa:ff:15:ea]

RSSI: -81 [da:ee:aa:ff:0c:5c]

RSSI: -54 [da:ee:aa:ff:15:ea]

RSSI: -71 [da:ee:aa:ff:13:9b]

RSSI: -59 [da:ee:aa:ff:15:fa]

RSSI: -71 [da:ee:aa:ff:13:9b]

RSSI: -59 [da:ee:aa:ff:16:0a]

RSSI: -59 [da:ee:aa:ff:16:0a]

RSSI: -93 [da:ee:aa:ff:0c:bc]

RSSI: -57 [da:ee:aa:ff:16:1a]

RSSI: -57 [da:ee:aa:ff:16:1a]

RSSI: -92 [da:ee:aa:ff:0c:bc]

RSSI: -57 [da:ee:aa:ff:16:1a]

RSSI: -78 [da:ee:aa:ff:13:cb]

RSSI: -57 [da:ee:aa:ff:16:1a]

RSSI: -78 [da:ee:aa:ff:13:cb]

RSSI: -54 [da:ee:aa:ff:16:4a]

RSSI: -54 [da:ee:aa:ff:16:4a]

RSSI: -54 [da:ee:aa:ff:16:4a]

RSSI: -54 [da:ee:aa:ff:16:4a]

RSSI: -71 [da:ee:aa:ff:14:0b]

RSSI: -71 [da:ee:aa:ff:14:0b]

RSSI: -59 [da:ee:aa:ff:16:5a]

RSSI: -71 [da:ee:aa:ff:14:0b]

RSSI: -59 [da:ee:aa:ff:16:6a]

RSSI: -59 [da:ee:aa:ff:16:6a]

RSSI: -79 [da:ee:aa:ff:14:3b]

RSSI: -90 [da:ee:aa:ff:0d:4c]

RSSI: -58 [da:ee:aa:ff:00:0a]

RSSI: -79 [da:ee:aa:ff:14:3b]

RSSI: -91 [da:ee:aa:ff:0d:4c]

RSSI: -58 [da:ee:aa:ff:00:0a]

RSSI: -78 [da:ee:aa:ff:14:3b]

RSSI: -58 [da:ee:aa:ff:00:0a]

RSSI: -58 [da:ee:aa:ff:00:0a]

RSSI: -79 [da:ee:aa:ff:14:3b]

RSSI: -69 [da:ee:aa:ff:14:5b]

RSSI: -83 [da:ee:aa:ff:0d:6c]

RSSI: -82 [da:ee:aa:ff:0d:6c]

RSSI: -55 [da:ee:aa:ff:14:6b]

RSSI: -59 [da:ee:aa:ff:00:3a]

RSSI: -54 [da:ee:aa:ff:14:8b]

RSSI: -59 [da:ee:aa:ff:00:3a]

RSSI: -71 [da:ee:aa:ff:14:8b]

RSSI: -63 [da:ee:aa:ff:14:8b]

RSSI: -59 [da:ee:aa:ff:00:4a]

RSSI: -69 [da:ee:aa:ff:14:8b]

RSSI: -58 [da:ee:aa:ff:00:4a]

RSSI: -79 [da:ee:aa:ff:14:ab]

RSSI: -58 [da:ee:aa:ff:00:5a]

RSSI: -58 [da:ee:aa:ff:00:5a]

RSSI: -58 [da:ee:aa:ff:00:5a]

RSSI: -78 [da:ee:aa:ff:14:bb]

RSSI: -92 [da:ee:aa:ff:0d:cc]

RSSI: -58 [da:ee:aa:ff:00:5a]

RSSI: -81 [da:ee:aa:ff:0d:dc]

RSSI: -69 [da:ee:aa:ff:14:db]

RSSI: -54 [da:ee:aa:ff:00:8a]

RSSI: -82 [da:ee:aa:ff:0d:dc]

RSSI: -69 [da:ee:aa:ff:14:db]

RSSI: -54 [da:ee:aa:ff:00:8a]

RSSI: -69 [da:ee:aa:ff:14:db]

RSSI: -54 [da:ee:aa:ff:00:8a]

RSSI: -82 [da:ee:aa:ff:0d:fc]

RSSI: -69 [da:ee:aa:ff:14:db]

RSSI: -54 [da:ee:aa:ff:00:8a]

RSSI: -82 [da:ee:aa:ff:0d:fc]

RSSI: -69 [da:ee:aa:ff:14:db]

RSSI: -59 [da:ee:aa:ff:00:9a]

RSSI: -58 [da:ee:aa:ff:00:9a]

RSSI: -72 [da:ee:aa:ff:15:0b]

RSSI: -72 [da:ee:aa:ff:15:0b]

RSSI: -59 [da:ee:aa:ff:00:aa]

RSSI: -71 [da:ee:aa:ff:15:0b]

RSSI: -59 [da:ee:aa:ff:00:aa]

RSSI: -79 [da:ee:aa:ff:15:2b]

RSSI: -59 [da:ee:aa:ff:00:ba]

RSSI: -79 [da:ee:aa:ff:15:2b]

RSSI: -59 [da:ee:aa:ff:00:ba]

RSSI: -58 [da:ee:aa:ff:00:ba]

RSSI: -58 [da:ee:aa:ff:00:ba]

RSSI: -82 [da:ee:aa:ff:0e:4c]

RSSI: -69 [da:ee:aa:ff:15:5b]

RSSI: -69 [da:ee:aa:ff:15:5b]

RSSI: -70 [da:ee:aa:ff:15:5b]

RSSI: -43 [da:ee:aa:ff:00:da]

RSSI: -82 [da:ee:aa:ff:0e:6c]

RSSI: -70 [da:ee:aa:ff:15:5b]

RSSI: -59 [da:ee:aa:ff:00:ea]

RSSI: -71 [da:ee:aa:ff:15:7b]

RSSI: -59 [da:ee:aa:ff:00:ea]

RSSI: -71 [da:ee:aa:ff:15:7b]

RSSI: -72 [da:ee:aa:ff:15:7b]

RSSI: -59 [da:ee:aa:ff:00:fa]

RSSI: -59 [da:ee:aa:ff:00:fa]

RSSI: -72 [da:ee:aa:ff:15:9b]

RSSI: -58 [da:ee:aa:ff:01:0a]

RSSI: -58 [da:ee:aa:ff:01:0a]

RSSI: -71 [da:ee:aa:ff:15:ab]

RSSI: -58 [da:ee:aa:ff:01:0a]

RSSI: -58 [da:ee:aa:ff:01:0a]

RSSI: -80 [da:ee:aa:ff:15:ab]

RSSI: -58 [da:ee:aa:ff:01:0a]

RSSI: -82 [da:ee:aa:ff:0e:ac]

RSSI: -69 [da:ee:aa:ff:15:cb]

RSSI: -55 [da:ee:aa:ff:01:2a]

RSSI: -82 [da:ee:aa:ff:0e:ac]

RSSI: -69 [da:ee:aa:ff:15:cb]

RSSI: -55 [da:ee:aa:ff:01:2a]

RSSI: -82 [da:ee:aa:ff:0e:ac]

RSSI: -55 [da:ee:aa:ff:01:2a]

RSSI: -69 [da:ee:aa:ff:15:eb]

RSSI: -59 [da:ee:aa:ff:01:4a]

RSSI: -72 [da:ee:aa:ff:15:fb]

RSSI: -72 [da:ee:aa:ff:15:fb]

RSSI: -72 [da:ee:aa:ff:15:fb]

RSSI: -59 [da:ee:aa:ff:01:5a]

RSSI: -72 [da:ee:aa:ff:15:fb]

RSSI: -59 [da:ee:aa:ff:01:5a]

RSSI: -82 [da:ee:aa:ff:16:1b]

RSSI: -58 [da:ee:aa:ff:01:6a]

RSSI: -82 [da:ee:aa:ff:16:1b]

RSSI: -58 [da:ee:aa:ff:01:6a]

RSSI: -58 [da:ee:aa:ff:01:6a]

RSSI: -58 [da:ee:aa:ff:01:6a]

RSSI: -58 [da:ee:aa:ff:01:6a]

RSSI: -81 [da:ee:aa:ff:0f:0c]

RSSI: -69 [da:ee:aa:ff:16:4b]

RSSI: -55 [da:ee:aa:ff:01:9a]

RSSI: -81 [da:ee:aa:ff:0f:0c]

RSSI: -68 [da:ee:aa:ff:16:4b]

RSSI: -81 [da:ee:aa:ff:0f:0c]

RSSI: -68 [da:ee:aa:ff:16:4b]

RSSI: -55 [da:ee:aa:ff:01:9a]

RSSI: -81 [da:ee:aa:ff:0f:0c]

RSSI: -68 [da:ee:aa:ff:16:4b]

RSSI: -55 [da:ee:aa:ff:01:9a]

RSSI: -81 [da:ee:aa:ff:0f:0c]

RSSI: -68 [da:ee:aa:ff:16:4b]

RSSI: -55 [da:ee:aa:ff:01:9a]

RSSI: -48 [da:ee:aa:ff:01:aa]

RSSI: -59 [da:ee:aa:ff:01:aa]

RSSI: -72 [da:ee:aa:ff:00:0b]

RSSI: -72 [da:ee:aa:ff:00:0b]

RSSI: -47 [da:ee:aa:ff:01:ba]

RSSI: -72 [da:ee:aa:ff:00:0b]

RSSI: -59 [da:ee:aa:ff:01:ba]

RSSI: -72 [da:ee:aa:ff:00:0b]

RSSI: -58 [da:ee:aa:ff:01:ca]

RSSI: -58 [da:ee:aa:ff:01:ca]

RSSI: -80 [da:ee:aa:ff:00:1b]

RSSI: -58 [da:ee:aa:ff:01:ca]

RSSI: -58 [da:ee:aa:ff:01:ca]

RSSI: -58 [da:ee:aa:ff:01:ca]

RSSI: -55 [da:ee:aa:ff:01:fa]

RSSI: -68 [da:ee:aa:ff:00:4b]

RSSI: -55 [da:ee:aa:ff:01:fa]

RSSI: -59 [da:ee:aa:ff:00:4b]

RSSI: -55 [da:ee:aa:ff:01:fa]

RSSI: -53 [da:ee:aa:ff:00:4b]

RSSI: -55 [da:ee:aa:ff:01:fa]

RSSI: -67 [da:ee:aa:ff:00:4b]

RSSI: -55 [da:ee:aa:ff:01:fa]

RSSI: -59 [da:ee:aa:ff:02:1a]

RSSI: -72 [da:ee:aa:ff:00:6b]

RSSI: -59 [da:ee:aa:ff:02:1a]

RSSI: -71 [da:ee:aa:ff:00:6b]

RSSI: -72 [da:ee:aa:ff:00:6b]

RSSI: -60 [da:ee:aa:ff:02:2a]

RSSI: -59 [da:ee:aa:ff:02:2a]

RSSI: -72 [da:ee:aa:ff:00:8b]

RSSI: -58 [da:ee:aa:ff:02:3a]

RSSI: -81 [da:ee:aa:ff:00:ab]

RSSI: -88 [da:ee:aa:ff:0f:ac]

RSSI: -88 [da:ee:aa:ff:0f:ac]

RSSI: -58 [da:ee:aa:ff:02:3a]

RSSI: -81 [da:ee:aa:ff:00:ab]

RSSI: -88 [da:ee:aa:ff:0f:ac]

RSSI: -59 [da:ee:aa:ff:02:3a]

RSSI: -81 [da:ee:aa:ff:00:ab]

RSSI: -58 [da:ee:aa:ff:02:3a]

RSSI: -54 [da:ee:aa:ff:02:5a]

RSSI: -54 [da:ee:aa:ff:02:5a]

RSSI: -55 [da:ee:aa:ff:02:5a]

RSSI: -69 [da:ee:aa:ff:00:db]

RSSI: -80 [da:ee:aa:ff:0f:dc]

RSSI: -55 [da:ee:aa:ff:02:5a]

RSSI: -59 [da:ee:aa:ff:02:6a]

RSSI: -72 [da:ee:aa:ff:00:fb]

RSSI: -59 [da:ee:aa:ff:02:6a]

RSSI: -72 [da:ee:aa:ff:00:fb]

RSSI: -59 [da:ee:aa:ff:02:7a]

RSSI: -72 [da:ee:aa:ff:00:fb]

RSSI: -82 [da:ee:aa:ff:01:1b]

RSSI: -60 [da:ee:aa:ff:02:8a]

RSSI: -59 [da:ee:aa:ff:02:8a]

RSSI: -81 [da:ee:aa:ff:01:3b]

RSSI: -82 [da:ee:aa:ff:01:3b]

RSSI: -89 [da:ee:aa:ff:10:2c]

RSSI: -59 [da:ee:aa:ff:02:8a]

RSSI: -68 [da:ee:aa:ff:01:5b]

RSSI: -54 [da:ee:aa:ff:02:aa]

RSSI: -68 [da:ee:aa:ff:01:5b]

RSSI: -54 [da:ee:aa:ff:02:aa]

RSSI: -68 [da:ee:aa:ff:01:5b]

RSSI: -54 [da:ee:aa:ff:02:aa]

RSSI: -68 [da:ee:aa:ff:01:5b]

RSSI: -54 [da:ee:aa:ff:02:aa]

RSSI: -68 [da:ee:aa:ff:01:5b]

RSSI: -54 [da:ee:aa:ff:02:aa]

RSSI: -59 [da:ee:aa:ff:02:ba]

RSSI: -59 [da:ee:aa:ff:02:ba]

RSSI: -71 [da:ee:aa:ff:01:8b]

RSSI: -59 [da:ee:aa:ff:02:ca]

RSSI: -55 [da:ee:aa:ff:01:8b]

RSSI: -59 [da:ee:aa:ff:02:ca]

RSSI: -59 [da:ee:aa:ff:02:da]

RSSI: -81 [da:ee:aa:ff:01:ab]

RSSI: -59 [da:ee:aa:ff:02:da]

RSSI: -81 [da:ee:aa:ff:01:ab]

RSSI: -59 [da:ee:aa:ff:02:da]

RSSI: -59 [da:ee:aa:ff:02:da]

RSSI: -80 [da:ee:aa:ff:01:ab]

RSSI: -59 [da:ee:aa:ff:02:da]

RSSI: -53 [da:ee:aa:ff:03:1a]

RSSI: -68 [da:ee:aa:ff:01:db]

RSSI: -53 [da:ee:aa:ff:03:1a]

RSSI: -69 [da:ee:aa:ff:01:db]

RSSI: -53 [da:ee:aa:ff:03:1a]

RSSI: -69 [da:ee:aa:ff:01:db]

RSSI: -53 [da:ee:aa:ff:03:1a]

RSSI: -69 [da:ee:aa:ff:01:db]

RSSI: -53 [da:ee:aa:ff:03:1a]

RSSI: -60 [da:ee:aa:ff:03:2a]

RSSI: -72 [da:ee:aa:ff:01:fb]

RSSI: -60 [da:ee:aa:ff:03:2a]

RSSI: -72 [da:ee:aa:ff:01:fb]

RSSI: -72 [da:ee:aa:ff:01:fb]

RSSI: -60 [da:ee:aa:ff:03:3a]

RSSI: -59 [da:ee:aa:ff:03:3a]

RSSI: -82 [da:ee:aa:ff:02:2b]

RSSI: -82 [da:ee:aa:ff:02:2b]

RSSI: -50 [da:ee:aa:ff:03:4a]

RSSI: -91 [da:ee:aa:ff:11:2c]

RSSI: -83 [da:ee:aa:ff:02:2b]

RSSI: -46 [da:ee:aa:ff:03:4a]

RSSI: -92 [da:ee:aa:ff:11:2c]

RSSI: -68 [da:ee:aa:ff:02:4b]

RSSI: -53 [da:ee:aa:ff:03:7a]

RSSI: -80 [da:ee:aa:ff:11:4c]

RSSI: -68 [da:ee:aa:ff:02:4b]

RSSI: -53 [da:ee:aa:ff:03:7a]

RSSI: -53 [da:ee:aa:ff:03:7a]

RSSI: -80 [da:ee:aa:ff:11:5c]

RSSI: -53 [da:ee:aa:ff:03:7a]

RSSI: -82 [da:ee:aa:ff:11:5c]

RSSI: -53 [da:ee:aa:ff:03:7a]

RSSI: -59 [da:ee:aa:ff:03:8a]

RSSI: -72 [da:ee:aa:ff:02:7b]

RSSI: -59 [da:ee:aa:ff:03:8a]

RSSI: -71 [da:ee:aa:ff:02:7b]

RSSI: -75 [da:ee:aa:ff:02:9b]

RSSI: -59 [da:ee:aa:ff:03:aa]

RSSI: -80 [da:ee:aa:ff:02:9b]

RSSI: -59 [da:ee:aa:ff:03:aa]

RSSI: -59 [da:ee:aa:ff:03:aa]

RSSI: -79 [da:ee:aa:ff:11:bc]

RSSI: -80 [da:ee:aa:ff:11:bc]

RSSI: -80 [da:ee:aa:ff:11:dc]

RSSI: -59 [da:ee:aa:ff:03:fa]

RSSI: -59 [da:ee:aa:ff:03:fa]

RSSI: -81 [da:ee:aa:ff:03:2b]

RSSI: -82 [da:ee:aa:ff:03:2b]

RSSI: -81 [da:ee:aa:ff:03:2b]

RSSI: -81 [da:ee:aa:ff:03:2b]

RSSI: -81 [da:ee:aa:ff:03:2b]

RSSI: -81 [da:ee:aa:ff:12:2c]

RSSI: -81 [da:ee:aa:ff:12:2c]

RSSI: -68 [da:ee:aa:ff:03:6b]

RSSI: -59 [da:ee:aa:ff:04:6a]

RSSI: -72 [da:ee:aa:ff:03:8b]

RSSI: -59 [da:ee:aa:ff:04:6a]

RSSI: -72 [da:ee:aa:ff:03:8b]

RSSI: -59 [da:ee:aa:ff:04:9a]

RSSI: -92 [da:ee:aa:ff:12:7c]

RSSI: -82 [da:ee:aa:ff:03:bb]

RSSI: -60 [da:ee:aa:ff:04:9a]

RSSI: -81 [da:ee:aa:ff:03:bb]

RSSI: -59 [da:ee:aa:ff:04:9a]

RSSI: -81 [da:ee:aa:ff:03:bb]

RSSI: -60 [da:ee:aa:ff:04:9a]

RSSI: -81 [da:ee:aa:ff:03:bb]

RSSI: -60 [da:ee:aa:ff:04:9a]

RSSI: -80 [da:ee:aa:ff:12:9c]

RSSI: -57 [da:ee:aa:ff:03:cb]

RSSI: -55 [da:ee:aa:ff:03:cb]

RSSI: -80 [da:ee:aa:ff:12:9c]

RSSI: -51 [da:ee:aa:ff:03:cb]

RSSI: -81 [da:ee:aa:ff:12:9c]

RSSI: -53 [da:ee:aa:ff:04:ca]

RSSI: -79 [da:ee:aa:ff:12:9c]

RSSI: -53 [da:ee:aa:ff:04:ca]

RSSI: -58 [da:ee:aa:ff:04:da]

RSSI: -72 [da:ee:aa:ff:03:eb]

RSSI: -58 [da:ee:aa:ff:04:da]

RSSI: -72 [da:ee:aa:ff:03:eb]

RSSI: -58 [da:ee:aa:ff:04:ea]

RSSI: -58 [da:ee:aa:ff:04:ea]

RSSI: -81 [da:ee:aa:ff:04:0b]

RSSI: -59 [da:ee:aa:ff:04:fa]

RSSI: -81 [da:ee:aa:ff:04:0b]

RSSI: -59 [da:ee:aa:ff:04:fa]

RSSI: -81 [da:ee:aa:ff:04:0b]

RSSI: -59 [da:ee:aa:ff:04:fa]

RSSI: -59 [da:ee:aa:ff:04:fa]

RSSI: -59 [da:ee:aa:ff:04:fa]

RSSI: -81 [da:ee:aa:ff:13:0c]

RSSI: -49 [da:ee:aa:ff:05:1a]

RSSI: -45 [da:ee:aa:ff:05:1a]

RSSI: -80 [da:ee:aa:ff:13:0c]

RSSI: -80 [da:ee:aa:ff:13:0c]

RSSI: -41 [da:ee:aa:ff:05:1a]

RSSI: -72 [da:ee:aa:ff:04:5b]

RSSI: -58 [da:ee:aa:ff:05:2a]

RSSI: -71 [da:ee:aa:ff:04:5b]

RSSI: -59 [da:ee:aa:ff:05:2a]

RSSI: -72 [da:ee:aa:ff:04:7b]

RSSI: -59 [da:ee:aa:ff:05:4a]

RSSI: -72 [da:ee:aa:ff:04:7b]

RSSI: -59 [da:ee:aa:ff:05:4a]

RSSI: -72 [da:ee:aa:ff:04:7b]

RSSI: -59 [da:ee:aa:ff:05:5a]

RSSI: -59 [da:ee:aa:ff:05:5a]

RSSI: -59 [da:ee:aa:ff:05:5a]

RSSI: -53 [da:ee:aa:ff:05:8a]

RSSI: -69 [da:ee:aa:ff:04:bb]

RSSI: -53 [da:ee:aa:ff:05:8a]

RSSI: -81 [da:ee:aa:ff:13:9c]

RSSI: -69 [da:ee:aa:ff:04:db]

RSSI: -53 [da:ee:aa:ff:05:8a]

RSSI: -69 [da:ee:aa:ff:04:db]

RSSI: -53 [da:ee:aa:ff:05:8a]

RSSI: -68 [da:ee:aa:ff:04:db]

RSSI: -59 [da:ee:aa:ff:05:9a]

RSSI: -59 [da:ee:aa:ff:05:9a]

RSSI: -54 [da:ee:aa:ff:04:eb]

RSSI: -59 [da:ee:aa:ff:05:ba]

RSSI: -60 [da:ee:aa:ff:04:eb]

RSSI: -59 [da:ee:aa:ff:05:ba]

RSSI: -71 [da:ee:aa:ff:04:eb]

RSSI: -59 [da:ee:aa:ff:05:ca]

RSSI: -59 [da:ee:aa:ff:05:ca]

RSSI: -80 [da:ee:aa:ff:05:2b]

RSSI: -59 [da:ee:aa:ff:05:ca]

RSSI: -80 [da:ee:aa:ff:05:2b]

RSSI: -59 [da:ee:aa:ff:05:ca]

RSSI: -80 [da:ee:aa:ff:05:2b]

RSSI: -59 [da:ee:aa:ff:05:ca]

RSSI: -81 [da:ee:aa:ff:05:2b]

RSSI: -68 [da:ee:aa:ff:05:3b]

RSSI: -53 [da:ee:aa:ff:05:fa]

RSSI: -69 [da:ee:aa:ff:05:3b]

RSSI: -53 [da:ee:aa:ff:05:fa]

RSSI: -68 [da:ee:aa:ff:05:3b]

RSSI: -54 [da:ee:aa:ff:05:fa]

RSSI: -65 [da:ee:aa:ff:14:0c]

RSSI: -69 [da:ee:aa:ff:05:3b]

RSSI: -54 [da:ee:aa:ff:05:fa]

RSSI: -54 [da:ee:aa:ff:05:fa]

RSSI: -58 [da:ee:aa:ff:06:0a]

RSSI: -71 [da:ee:aa:ff:05:7b]

RSSI: -43 [da:ee:aa:ff:06:0a]

RSSI: -71 [da:ee:aa:ff:05:7b]

RSSI: -71 [da:ee:aa:ff:05:7b]

RSSI: -59 [da:ee:aa:ff:06:1a]

RSSI: -51 [da:ee:aa:ff:06:1a]

RSSI: -70 [da:ee:aa:ff:05:7b]

RSSI: -82 [da:ee:aa:ff:05:9b]

RSSI: -58 [da:ee:aa:ff:06:2a]

RSSI: -82 [da:ee:aa:ff:05:9b]

RSSI: -58 [da:ee:aa:ff:06:2a]

RSSI: -58 [da:ee:aa:ff:06:2a]

RSSI: -82 [da:ee:aa:ff:05:9b]

RSSI: -58 [da:ee:aa:ff:06:2a]

RSSI: -58 [da:ee:aa:ff:06:2a]

RSSI: -82 [da:ee:aa:ff:14:8c]

RSSI: -83 [da:ee:aa:ff:14:8c]

RSSI: -82 [da:ee:aa:ff:14:8c]

RSSI: -72 [da:ee:aa:ff:05:eb]

RSSI: -71 [da:ee:aa:ff:05:eb]

RSSI: -72 [da:ee:aa:ff:05:eb]

RSSI: -57 [da:ee:aa:ff:06:8a]

RSSI: -71 [da:ee:aa:ff:06:0b]

RSSI: -59 [da:ee:aa:ff:06:9a]

RSSI: -66 [da:ee:aa:ff:06:2b]

RSSI: -59 [da:ee:aa:ff:06:9a]

RSSI: -70 [da:ee:aa:ff:06:2b]

RSSI: -72 [da:ee:aa:ff:06:2b]

RSSI: -59 [da:ee:aa:ff:06:9a]

RSSI: -80 [da:ee:aa:ff:06:2b]

RSSI: -59 [da:ee:aa:ff:06:9a]

RSSI: -68 [da:ee:aa:ff:06:3b]

RSSI: -53 [da:ee:aa:ff:06:ba]

RSSI: -69 [da:ee:aa:ff:06:3b]

RSSI: -53 [da:ee:aa:ff:06:ba]

RSSI: -53 [da:ee:aa:ff:06:ba]

RSSI: -81 [da:ee:aa:ff:14:ec]

RSSI: -69 [da:ee:aa:ff:06:5b]

RSSI: -65 [da:ee:aa:ff:14:ec]

RSSI: -58 [da:ee:aa:ff:06:da]

RSSI: -72 [da:ee:aa:ff:06:7b]

RSSI: -58 [da:ee:aa:ff:06:da]

RSSI: -72 [da:ee:aa:ff:06:7b]

RSSI: -72 [da:ee:aa:ff:06:7b]

RSSI: -57 [da:ee:aa:ff:06:ea]

RSSI: -72 [da:ee:aa:ff:06:7b]

RSSI: -82 [da:ee:aa:ff:06:8b]

RSSI: -81 [da:ee:aa:ff:06:8b]

RSSI: -59 [da:ee:aa:ff:06:fa]

RSSI: -81 [da:ee:aa:ff:06:ab]

RSSI: -59 [da:ee:aa:ff:06:fa]

RSSI: -81 [da:ee:aa:ff:06:ab]

RSSI: -59 [da:ee:aa:ff:06:fa]

RSSI: -53 [da:ee:aa:ff:07:3a]

RSSI: -54 [da:ee:aa:ff:07:3a]

RSSI: -81 [da:ee:aa:ff:15:2c]

RSSI: -54 [da:ee:aa:ff:07:3a]

RSSI: -54 [da:ee:aa:ff:07:3a]

RSSI: -72 [da:ee:aa:ff:06:db]

RSSI: -59 [da:ee:aa:ff:07:4a]

RSSI: -59 [da:ee:aa:ff:07:4a]

RSSI: -59 [da:ee:aa:ff:07:5a]

RSSI: -59 [da:ee:aa:ff:07:5a]

RSSI: -81 [da:ee:aa:ff:07:1b]

RSSI: -58 [da:ee:aa:ff:07:7a]

RSSI: -59 [da:ee:aa:ff:07:7a]

RSSI: -58 [da:ee:aa:ff:07:7a]

RSSI: -81 [da:ee:aa:ff:07:1b]

RSSI: -58 [da:ee:aa:ff:07:7a]

RSSI: -81 [da:ee:aa:ff:07:1b]

RSSI: -58 [da:ee:aa:ff:07:7a]

RSSI: -80 [da:ee:aa:ff:15:cc]

RSSI: -83 [da:ee:aa:ff:15:cc]

RSSI: -81 [da:ee:aa:ff:15:cc]

RSSI: -81 [da:ee:aa:ff:15:cc]

RSSI: -59 [da:ee:aa:ff:07:ba]

RSSI: -64 [da:ee:aa:ff:07:7b]

RSSI: -59 [da:ee:aa:ff:07:ba]

RSSI: -71 [da:ee:aa:ff:07:7b]

RSSI: -72 [da:ee:aa:ff:07:7b]

RSSI: -71 [da:ee:aa:ff:07:7b]

RSSI: -59 [da:ee:aa:ff:07:ca]

RSSI: -47 [da:ee:aa:ff:07:ea]

RSSI: -80 [da:ee:aa:ff:07:ab]

RSSI: -59 [da:ee:aa:ff:07:ea]

RSSI: -68 [da:ee:aa:ff:07:cb]

RSSI: -53 [da:ee:aa:ff:08:0a]

RSSI: -68 [da:ee:aa:ff:07:cb]

RSSI: -53 [da:ee:aa:ff:08:0a]

RSSI: -68 [da:ee:aa:ff:07:cb]

RSSI: -53 [da:ee:aa:ff:08:0a]

RSSI: -53 [da:ee:aa:ff:08:0a]

RSSI: -72 [da:ee:aa:ff:07:fb]

RSSI: -59 [da:ee:aa:ff:08:2a]

RSSI: -72 [da:ee:aa:ff:07:fb]

RSSI: -73 [da:ee:aa:ff:07:fb]

RSSI: -72 [da:ee:aa:ff:07:fb]

RSSI: -59 [da:ee:aa:ff:08:3a]

RSSI: -72 [da:ee:aa:ff:07:fb]

RSSI: -59 [da:ee:aa:ff:08:3a]

RSSI: -58 [da:ee:aa:ff:08:5a]

RSSI: -58 [da:ee:aa:ff:08:5a]

RSSI: -58 [da:ee:aa:ff:08:5a]

RSSI: -68 [da:ee:aa:ff:08:4b]

RSSI: -53 [da:ee:aa:ff:08:8a]

RSSI: -54 [da:ee:aa:ff:08:8a]

RSSI: -54 [da:ee:aa:ff:08:8a]

RSSI: -59 [da:ee:aa:ff:08:9a]

RSSI: -72 [da:ee:aa:ff:08:6b]

RSSI: -59 [da:ee:aa:ff:08:9a]

RSSI: -72 [da:ee:aa:ff:08:6b]

RSSI: -59 [da:ee:aa:ff:08:aa]

RSSI: -59 [da:ee:aa:ff:08:aa]

RSSI: -59 [da:ee:aa:ff:08:ba]

RSSI: -77 [da:ee:aa:ff:08:ab]

RSSI: -59 [da:ee:aa:ff:08:ba]

RSSI: -72 [da:ee:aa:ff:08:ab]

RSSI: -59 [da:ee:aa:ff:08:ba]

RSSI: -78 [da:ee:aa:ff:08:ab]

RSSI: -58 [da:ee:aa:ff:08:ba]

RSSI: -68 [da:ee:aa:ff:08:bb]

RSSI: -72 [da:ee:aa:ff:08:eb]

RSSI: -59 [da:ee:aa:ff:08:fa]

RSSI: -72 [da:ee:aa:ff:08:eb]

RSSI: -59 [da:ee:aa:ff:08:fa]

RSSI: -72 [da:ee:aa:ff:08:eb]

RSSI: -72 [da:ee:aa:ff:08:eb]

RSSI: -59 [da:ee:aa:ff:09:0a]

RSSI: -72 [da:ee:aa:ff:08:eb]

RSSI: -58 [da:ee:aa:ff:09:0a]

RSSI: -81 [da:ee:aa:ff:09:0b]

RSSI: -59 [da:ee:aa:ff:09:1a]

RSSI: -59 [da:ee:aa:ff:09:1a]

RSSI: -59 [da:ee:aa:ff:09:1a]

RSSI: -94 [da:ee:aa:ff:00:fc]

RSSI: -59 [da:ee:aa:ff:09:1a]

RSSI: -68 [da:ee:aa:ff:09:3b]

RSSI: -80 [da:ee:aa:ff:01:0c]

RSSI: -53 [da:ee:aa:ff:09:4a]

RSSI: -68 [da:ee:aa:ff:09:3b]

RSSI: -80 [da:ee:aa:ff:01:0c]

RSSI: -53 [da:ee:aa:ff:09:4a]

RSSI: -68 [da:ee:aa:ff:09:3b]

RSSI: -80 [da:ee:aa:ff:01:0c]

RSSI: -53 [da:ee:aa:ff:09:4a]

RSSI: -68 [da:ee:aa:ff:09:3b]

RSSI: -80 [da:ee:aa:ff:01:0c]

RSSI: -53 [da:ee:aa:ff:09:4a]

RSSI: -68 [da:ee:aa:ff:09:3b]

RSSI: -72 [da:ee:aa:ff:09:5b]

RSSI: -59 [da:ee:aa:ff:09:6a]

RSSI: -58 [da:ee:aa:ff:09:6a]

RSSI: -72 [da:ee:aa:ff:09:6b]

RSSI: -58 [da:ee:aa:ff:09:7a]

RSSI: -72 [da:ee:aa:ff:09:6b]

RSSI: -58 [da:ee:aa:ff:09:7a]

RSSI: -58 [da:ee:aa:ff:09:8a]

RSSI: -81 [da:ee:aa:ff:09:8b]

RSSI: -58 [da:ee:aa:ff:09:8a]

RSSI: -81 [da:ee:aa:ff:09:8b]

RSSI: -58 [da:ee:aa:ff:09:8a]

RSSI: -58 [da:ee:aa:ff:09:8a]

RSSI: -59 [da:ee:aa:ff:09:8a]

RSSI: -80 [da:ee:aa:ff:01:8c]

RSSI: -68 [da:ee:aa:ff:01:8c]

RSSI: -51 [da:ee:aa:ff:09:bb]

RSSI: -63 [da:ee:aa:ff:01:8c]

RSSI: -59 [da:ee:aa:ff:09:ca]

RSSI: -72 [da:ee:aa:ff:09:db]

RSSI: -59 [da:ee:aa:ff:09:ca]

RSSI: -72 [da:ee:aa:ff:09:db]

RSSI: -59 [da:ee:aa:ff:09:ca]

RSSI: -72 [da:ee:aa:ff:09:db]

RSSI: -72 [da:ee:aa:ff:09:db]

RSSI: -58 [da:ee:aa:ff:09:da]

RSSI: -72 [da:ee:aa:ff:09:db]

RSSI: -59 [da:ee:aa:ff:09:ea]

RSSI: -59 [da:ee:aa:ff:09:ea]

RSSI: -80 [da:ee:aa:ff:0a:0b]

RSSI: -59 [da:ee:aa:ff:09:ea]

RSSI: -80 [da:ee:aa:ff:0a:0b]

RSSI: -59 [da:ee:aa:ff:09:ea]

RSSI: -59 [da:ee:aa:ff:09:ea]

RSSI: -68 [da:ee:aa:ff:0a:2b]

RSSI: -68 [da:ee:aa:ff:0a:2b]

RSSI: -82 [da:ee:aa:ff:02:0c]

RSSI: -68 [da:ee:aa:ff:0a:2b]

RSSI: -81 [da:ee:aa:ff:02:0c]

RSSI: -68 [da:ee:aa:ff:0a:2b]

RSSI: -81 [da:ee:aa:ff:02:0c]

RSSI: -68 [da:ee:aa:ff:0a:2b]

RSSI: -59 [da:ee:aa:ff:0a:1a]

RSSI: -72 [da:ee:aa:ff:0a:5b]

RSSI: -58 [da:ee:aa:ff:0a:1a]

RSSI: -72 [da:ee:aa:ff:0a:5b]

RSSI: -58 [da:ee:aa:ff:0a:1a]

RSSI: -73 [da:ee:aa:ff:0a:5b]

RSSI: -59 [da:ee:aa:ff:0a:3a]

RSSI: -73 [da:ee:aa:ff:0a:5b]

RSSI: -59 [da:ee:aa:ff:0a:4a]

RSSI: -79 [da:ee:aa:ff:0a:7b]

RSSI: -59 [da:ee:aa:ff:0a:4a]

RSSI: -59 [da:ee:aa:ff:0a:4a]

RSSI: -80 [da:ee:aa:ff:0a:7b]

RSSI: -80 [da:ee:aa:ff:0a:7b]

RSSI: -59 [da:ee:aa:ff:0a:4a]

RSSI: -80 [da:ee:aa:ff:02:6c]

RSSI: -68 [da:ee:aa:ff:0a:ab]

RSSI: -53 [da:ee:aa:ff:0a:7a]

RSSI: -68 [da:ee:aa:ff:0a:ab]

RSSI: -53 [da:ee:aa:ff:0a:7a]

RSSI: -68 [da:ee:aa:ff:0a:ab]

RSSI: -54 [da:ee:aa:ff:0a:7a]

RSSI: -79 [da:ee:aa:ff:02:8c]

RSSI: -68 [da:ee:aa:ff:0a:ab]

RSSI: -46 [da:ee:aa:ff:0a:8a]

RSSI: -47 [da:ee:aa:ff:0a:8a]

RSSI: -55 [da:ee:aa:ff:0a:cb]

RSSI: -60 [da:ee:aa:ff:0a:8a]

RSSI: -58 [da:ee:aa:ff:0a:9a]

RSSI: -79 [da:ee:aa:ff:0b:0b]

RSSI: -59 [da:ee:aa:ff:0a:aa]

RSSI: -80 [da:ee:aa:ff:0b:0b]

RSSI: -59 [da:ee:aa:ff:0a:aa]

RSSI: -79 [da:ee:aa:ff:0b:0b]

RSSI: -59 [da:ee:aa:ff:0a:aa]

RSSI: -79 [da:ee:aa:ff:0b:0b]

RSSI: -59 [da:ee:aa:ff:0a:aa]

RSSI: -79 [da:ee:aa:ff:0b:0b]

RSSI: -68 [da:ee:aa:ff:0b:2b]

RSSI: -80 [da:ee:aa:ff:02:cc]

RSSI: -68 [da:ee:aa:ff:0b:2b]

RSSI: -68 [da:ee:aa:ff:0b:2b]

RSSI: -80 [da:ee:aa:ff:02:cc]

RSSI: -53 [da:ee:aa:ff:0a:da]

RSSI: -68 [da:ee:aa:ff:0b:2b]

RSSI: -80 [da:ee:aa:ff:02:cc]

RSSI: -53 [da:ee:aa:ff:0a:da]

RSSI: -53 [da:ee:aa:ff:0a:da]

RSSI: -59 [da:ee:aa:ff:0a:fa]

RSSI: -72 [da:ee:aa:ff:0b:5b]

RSSI: -59 [da:ee:aa:ff:0a:fa]

RSSI: -72 [da:ee:aa:ff:0b:5b]

RSSI: -59 [da:ee:aa:ff:0a:fa]

RSSI: -72 [da:ee:aa:ff:0b:5b]

RSSI: -59 [da:ee:aa:ff:0a:fa]

RSSI: -73 [da:ee:aa:ff:0b:5b]

RSSI: -59 [da:ee:aa:ff:0b:2a]

RSSI: -79 [da:ee:aa:ff:0b:7b]

RSSI: -92 [da:ee:aa:ff:03:0c]

RSSI: -59 [da:ee:aa:ff:0b:2a]

RSSI: -79 [da:ee:aa:ff:0b:7b]

RSSI: -59 [da:ee:aa:ff:0b:2a]

RSSI: -79 [da:ee:aa:ff:0b:9b]

RSSI: -53 [da:ee:aa:ff:0b:3a]

RSSI: -80 [da:ee:aa:ff:03:3c]

RSSI: -69 [da:ee:aa:ff:0b:bb]

RSSI: -53 [da:ee:aa:ff:0b:3a]

RSSI: -80 [da:ee:aa:ff:03:3c]

RSSI: -68 [da:ee:aa:ff:0b:bb]

RSSI: -80 [da:ee:aa:ff:03:3c]

RSSI: -68 [da:ee:aa:ff:0b:bb]

RSSI: -53 [da:ee:aa:ff:0b:4a]

RSSI: -80 [da:ee:aa:ff:03:3c]

RSSI: -68 [da:ee:aa:ff:0b:bb]

RSSI: -53 [da:ee:aa:ff:0b:4a]

RSSI: -80 [da:ee:aa:ff:03:3c]

RSSI: -59 [da:ee:aa:ff:0b:6a]

RSSI: -72 [da:ee:aa:ff:0b:db]

RSSI: -59 [da:ee:aa:ff:0b:6a]

RSSI: -71 [da:ee:aa:ff:0b:db]

RSSI: -59 [da:ee:aa:ff:0b:6a]

RSSI: -59 [da:ee:aa:ff:0b:6a]

RSSI: -71 [da:ee:aa:ff:0b:fb]

RSSI: -59 [da:ee:aa:ff:0b:6a]

RSSI: -72 [da:ee:aa:ff:0b:fb]

RSSI: -62 [da:ee:aa:ff:0c:0b]

RSSI: -45 [da:ee:aa:ff:0b:8a]

RSSI: -73 [da:ee:aa:ff:0c:0b]

RSSI: -44 [da:ee:aa:ff:0b:8a]

RSSI: -55 [da:ee:aa:ff:0b:8a]

RSSI: -53 [da:ee:aa:ff:0b:9a]

RSSI: -53 [da:ee:aa:ff:0b:9a]

RSSI: -81 [da:ee:aa:ff:03:bc]

RSSI: -53 [da:ee:aa:ff:0b:ba]

RSSI: -72 [da:ee:aa:ff:0c:6b]

RSSI: -60 [da:ee:aa:ff:0b:da]

RSSI: -71 [da:ee:aa:ff:0c:6b]

RSSI: -60 [da:ee:aa:ff:0b:da]

RSSI: -71 [da:ee:aa:ff:0c:6b]

RSSI: -59 [da:ee:aa:ff:0b:da]

RSSI: -72 [da:ee:aa:ff:0c:6b]

RSSI: -60 [da:ee:aa:ff:0b:da]

RSSI: -72 [da:ee:aa:ff:0c:6b]

RSSI: -59 [da:ee:aa:ff:0b:da]

RSSI: -79 [da:ee:aa:ff:0c:8b]

RSSI: -59 [da:ee:aa:ff:0c:0a]

RSSI: -59 [da:ee:aa:ff:0c:0a]

RSSI: -78 [da:ee:aa:ff:0c:ab]

RSSI: -58 [da:ee:aa:ff:0c:0a]

RSSI: -58 [da:ee:aa:ff:0c:0a]

RSSI: -78 [da:ee:aa:ff:0c:ab]

RSSI: -68 [da:ee:aa:ff:0c:bb]

RSSI: -53 [da:ee:aa:ff:0c:2a]

RSSI: -68 [da:ee:aa:ff:0c:bb]

RSSI: -68 [da:ee:aa:ff:0c:bb]

RSSI: -80 [da:ee:aa:ff:04:4c]

RSSI: -68 [da:ee:aa:ff:0c:bb]

RSSI: -80 [da:ee:aa:ff:04:4c]

RSSI: -68 [da:ee:aa:ff:0c:bb]

RSSI: -59 [da:ee:aa:ff:0c:5a]

RSSI: -59 [da:ee:aa:ff:0c:5a]

RSSI: -72 [da:ee:aa:ff:0c:fb]

RSSI: -59 [da:ee:aa:ff:0c:5a]

RSSI: -71 [da:ee:aa:ff:0c:fb]

RSSI: -59 [da:ee:aa:ff:0c:5a]

RSSI: -72 [da:ee:aa:ff:0c:fb]

RSSI: -58 [da:ee:aa:ff:0c:5a]

RSSI: -71 [da:ee:aa:ff:0c:fb]

RSSI: -59 [da:ee:aa:ff:0c:6a]

RSSI: -77 [da:ee:aa:ff:0d:0b]

RSSI: -77 [da:ee:aa:ff:0d:0b]

RSSI: -77 [da:ee:aa: