
RSSI: -73 [da:ee:aa:ff:09:4b]

RSSI: -80 [da:ee:aa:ff:04:5c]

RSSI: -73 [da:ee:aa:ff:09:4b]

RSSI: -79 [da:ee:aa:ff:04:5c]

RSSI: -64 [da:ee:aa:ff:08:6a]

RSSI: -80 [da:ee:aa:ff:04:5c]

RSSI: -64 [da:ee:aa:ff:08:6a]

RSSI: -80 [da:ee:aa:ff:04:5c]

RSSI: -64 [da:ee:aa:ff:08:6a]

RSSI: -73 [da:ee:aa:ff:09:5b]

RSSI: -68 [da:ee:aa:ff:08:8a]

RSSI: -76 [da:ee:aa:ff:09:6b]

RSSI: -68 [da:ee:aa:ff:08:8a]

RSSI: -76 [da:ee:aa:ff:09:6b]

RSSI: -69 [da:ee:aa:ff:08:8a]

RSSI: -69 [da:ee:aa:ff:08:8a]

RSSI: -84 [da:ee:aa:ff:04:bc]

RSSI: -85 [da:ee:aa:ff:04:bc]

RSSI: -74 [da:ee:aa:ff:09:8b]

RSSI: -85 [da:ee:aa:ff:04:bc]

RSSI: -74 [da:ee:aa:ff:09:8b]

RSSI: -85 [da:ee:aa:ff:04:bc]

RSSI: -74 [da:ee:aa:ff:09:8b]

RSSI: -54 [da:ee:aa:ff:08:aa]

RSSI: -73 [da:ee:aa:ff:09:ab]

RSSI: -65 [da:ee:aa:ff:08:ca]

RSSI: -73 [da:ee:aa:ff:09:ab]

RSSI: -65 [da:ee:aa:ff:08:ca]

RSSI: -83 [da:ee:aa:ff:04:fc]

RSSI: -73 [da:ee:aa:ff:09:ab]

RSSI: -83 [da:ee:aa:ff:04:fc]

RSSI: -76 [da:ee:aa:ff:09:db]

RSSI: -66 [da:ee:aa:ff:09:0a]

RSSI: -66 [da:ee:aa:ff:09:0a]

RSSI: -76 [da:ee:aa:ff:09:db]

RSSI: -66 [da:ee:aa:ff:09:0a]

RSSI: -86 [da:ee:aa:ff:05:0c]

RSSI: -76 [da:ee:aa:ff:09:db]

RSSI: -66 [da:ee:aa:ff:09:0a]

RSSI: -76 [da:ee:aa:ff:09:db]

RSSI: -66 [da:ee:aa:ff:09:0a]

RSSI: -74 [da:ee:aa:ff:09:fb]

RSSI: -64 [da:ee:aa:ff:09:3a]

RSSI: -85 [da:ee:aa:ff:05:4c]

RSSI: -67 [da:ee:aa:ff:0a:0b]

RSSI: -64 [da:ee:aa:ff:09:3a]

RSSI: -73 [da:ee:aa:ff:0a:0b]

RSSI: -65 [da:ee:aa:ff:09:5a]

RSSI: -57 [da:ee:aa:ff:0a:1b]

RSSI: -65 [da:ee:aa:ff:09:5a]

RSSI: -56 [da:ee:aa:ff:0a:1b]

RSSI: -65 [da:ee:aa:ff:09:5a]

RSSI: -73 [da:ee:aa:ff:0a:1b]

RSSI: -65 [da:ee:aa:ff:09:5a]

RSSI: -73 [da:ee:aa:ff:0a:1b]

RSSI: -81 [da:ee:aa:ff:05:8c]

RSSI: -76 [da:ee:aa:ff:0a:4b]

RSSI: -66 [da:ee:aa:ff:09:8a]

RSSI: -76 [da:ee:aa:ff:0a:4b]

RSSI: -66 [da:ee:aa:ff:09:8a]

RSSI: -66 [da:ee:aa:ff:09:8a]

RSSI: -76 [da:ee:aa:ff:0a:4b]

RSSI: -66 [da:ee:aa:ff:09:8a]

RSSI: -76 [da:ee:aa:ff:0a:4b]

RSSI: -66 [da:ee:aa:ff:09:8a]

RSSI: -74 [da:ee:aa:ff:0a:6b]

RSSI: -64 [da:ee:aa:ff:09:aa]

RSSI: -75 [da:ee:aa:ff:0a:6b]

RSSI: -64 [da:ee:aa:ff:09:aa]

RSSI: -74 [da:ee:aa:ff:0a:6b]

RSSI: -64 [da:ee:aa:ff:09:aa]

RSSI: -86 [da:ee:aa:ff:05:ec]

RSSI: -74 [da:ee:aa:ff:0a:8b]

RSSI: -64 [da:ee:aa:ff:09:ca]

RSSI: -87 [da:ee:aa:ff:05:ec]

RSSI: -80 [da:ee:aa:ff:05:fc]

RSSI: -80 [da:ee:aa:ff:05:fc]

RSSI: -73 [da:ee:aa:ff:0a:9b]

RSSI: -79 [da:ee:aa:ff:05:fc]

RSSI: -79 [da:ee:aa:ff:05:fc]

RSSI: -80 [da:ee:aa:ff:05:fc]

RSSI: -70 [da:ee:aa:ff:09:fa]

RSSI: -76 [da:ee:aa:ff:0a:cb]

RSSI: -76 [da:ee:aa:ff:0a:cb]

RSSI: -70 [da:ee:aa:ff:0a:1a]

RSSI: -85 [da:ee:aa:ff:06:3c]

RSSI: -76 [da:ee:aa:ff:0a:cb]

RSSI: -70 [da:ee:aa:ff:0a:1a]

RSSI: -86 [da:ee:aa:ff:06:3c]

RSSI: -70 [da:ee:aa:ff:0a:1a]

RSSI: -65 [da:ee:aa:ff:0a:3a]

RSSI: -65 [da:ee:aa:ff:0a:3a]

RSSI: -65 [da:ee:aa:ff:0a:3a]

RSSI: -65 [da:ee:aa:ff:0a:3a]

RSSI: -81 [da:ee:aa:ff:06:6c]

RSSI: -70 [da:ee:aa:ff:0b:0b]

RSSI: -54 [da:ee:aa:ff:0b:0b]

RSSI: -62 [da:ee:aa:ff:0a:6a]

RSSI: -62 [da:ee:aa:ff:0a:6a]

RSSI: -60 [da:ee:aa:ff:0b:0b]

RSSI: -62 [da:ee:aa:ff:0a:6a]

RSSI: -56 [da:ee:aa:ff:0b:0b]

RSSI: -70 [da:ee:aa:ff:0a:7a]

RSSI: -69 [da:ee:aa:ff:0a:7a]

RSSI: -76 [da:ee:aa:ff:0b:3b]

RSSI: -70 [da:ee:aa:ff:0a:7a]

RSSI: -77 [da:ee:aa:ff:0b:3b]

RSSI: -75 [da:ee:aa:ff:0b:5b]

RSSI: -66 [da:ee:aa:ff:0a:9a]

RSSI: -75 [da:ee:aa:ff:0b:5b]

RSSI: -67 [da:ee:aa:ff:0a:9a]

RSSI: -75 [da:ee:aa:ff:0b:5b]

RSSI: -66 [da:ee:aa:ff:0a:9a]

RSSI: -76 [da:ee:aa:ff:0b:5b]

RSSI: -67 [da:ee:aa:ff:0a:9a]

RSSI: -81 [da:ee:aa:ff:07:0c]

RSSI: -60 [da:ee:aa:ff:0a:aa]

RSSI: -73 [da:ee:aa:ff:0b:7b]

RSSI: -81 [da:ee:aa:ff:07:0c]

RSSI: -60 [da:ee:aa:ff:0a:aa]

RSSI: -80 [da:ee:aa:ff:07:0c]

RSSI: -73 [da:ee:aa:ff:0b:7b]

RSSI: -81 [da:ee:aa:ff:07:0c]

RSSI: -73 [da:ee:aa:ff:0b:7b]

RSSI: -77 [da:ee:aa:ff:0b:8b]

RSSI: -77 [da:ee:aa:ff:0b:8b]

RSSI: -56 [da:ee:aa:ff:0a:da]

RSSI: -70 [da:ee:aa:ff:0a:da]

RSSI: -77 [da:ee:aa:ff:0b:9b]

RSSI: -66 [da:ee:aa:ff:0a:fa]

RSSI: -75 [da:ee:aa:ff:0b:ab]

RSSI: -88 [da:ee:aa:ff:07:5c]

RSSI: -66 [da:ee:aa:ff:0a:fa]

RSSI: -75 [da:ee:aa:ff:0b:ab]

RSSI: -88 [da:ee:aa:ff:07:5c]

RSSI: -75 [da:ee:aa:ff:0b:ab]

RSSI: -75 [da:ee:aa:ff:0b:ab]

RSSI: -66 [da:ee:aa:ff:0b:0a]

RSSI: -75 [da:ee:aa:ff:0b:ab]

RSSI: -63 [da:ee:aa:ff:0b:2a]

RSSI: -81 [da:ee:aa:ff:07:8c]

RSSI: -63 [da:ee:aa:ff:0b:2a]

RSSI: -80 [da:ee:aa:ff:07:8c]

RSSI: -81 [da:ee:aa:ff:07:8c]

RSSI: -81 [da:ee:aa:ff:07:8c]

RSSI: -60 [da:ee:aa:ff:0b:eb]

RSSI: -60 [da:ee:aa:ff:0b:eb]

RSSI: -86 [da:ee:aa:ff:07:ac]

RSSI: -67 [da:ee:aa:ff:0b:5a]

RSSI: -89 [da:ee:aa:ff:07:dc]

RSSI: -72 [da:ee:aa:ff:0c:2b]

RSSI: -80 [da:ee:aa:ff:07:fc]

RSSI: -60 [da:ee:aa:ff:0b:ba]

RSSI: -80 [da:ee:aa:ff:07:fc]

RSSI: -60 [da:ee:aa:ff:0b:ba]

RSSI: -72 [da:ee:aa:ff:0c:3b]

RSSI: -60 [da:ee:aa:ff:0b:ba]

RSSI: -72 [da:ee:aa:ff:0c:3b]

RSSI: -66 [da:ee:aa:ff:0b:da]

RSSI: -76 [da:ee:aa:ff:0c:4b]

RSSI: -67 [da:ee:aa:ff:0b:da]

RSSI: -76 [da:ee:aa:ff:0c:4b]

RSSI: -66 [da:ee:aa:ff:0b:da]

RSSI: -76 [da:ee:aa:ff:0c:4b]

RSSI: -66 [da:ee:aa:ff:0b:da]

RSSI: -76 [da:ee:aa:ff:0c:4b]

RSSI: -84 [da:ee:aa:ff:08:4c]

RSSI: -74 [da:ee:aa:ff:0c:6b]

RSSI: -84 [da:ee:aa:ff:08:4c]

RSSI: -74 [da:ee:aa:ff:0c:6b]

RSSI: -75 [da:ee:aa:ff:0c:6b]

RSSI: -74 [da:ee:aa:ff:0c:6b]

RSSI: -63 [da:ee:aa:ff:0c:2a]

RSSI: -72 [da:ee:aa:ff:0c:7b]

RSSI: -63 [da:ee:aa:ff:0c:2a]

RSSI: -72 [da:ee:aa:ff:0c:7b]

RSSI: -80 [da:ee:aa:ff:08:8c]

RSSI: -66 [da:ee:aa:ff:0c:6a]

RSSI: -76 [da:ee:aa:ff:0c:9b]

RSSI: -65 [da:ee:aa:ff:0c:6a]

RSSI: -76 [da:ee:aa:ff:0c:9b]

RSSI: -65 [da:ee:aa:ff:0c:6a]

RSSI: -76 [da:ee:aa:ff:0c:9b]

RSSI: -65 [da:ee:aa:ff:0c:6a]

RSSI: -75 [da:ee:aa:ff:0c:9b]

RSSI: -66 [da:ee:aa:ff:0c:8a]

RSSI: -74 [da:ee:aa:ff:0c:ab]

RSSI: -66 [da:ee:aa:ff:0c:8a]

RSSI: -85 [da:ee:aa:ff:08:dc]

RSSI: -85 [da:ee:aa:ff:08:dc]

RSSI: -67 [da:ee:aa:ff:0c:9a]

RSSI: -57 [da:ee:aa:ff:0c:bb]

RSSI: -86 [da:ee:aa:ff:08:dc]

RSSI: -67 [da:ee:aa:ff:0c:9a]

RSSI: -66 [da:ee:aa:ff:0c:bb]

RSSI: -61 [da:ee:aa:ff:0c:aa]

RSSI: -72 [da:ee:aa:ff:0c:db]

RSSI: -61 [da:ee:aa:ff:0c:aa]

RSSI: -72 [da:ee:aa:ff:0c:db]

RSSI: -61 [da:ee:aa:ff:0c:aa]

RSSI: -72 [da:ee:aa:ff:0c:db]

RSSI: -61 [da:ee:aa:ff:0c:aa]

RSSI: -72 [da:ee:aa:ff:0c:db]

RSSI: -76 [da:ee:aa:ff:0d:1b]

RSSI: -64 [da:ee:aa:ff:0c:ea]

RSSI: -64 [da:ee:aa:ff:0c:ea]

RSSI: -76 [da:ee:aa:ff:0d:1b]

RSSI: -64 [da:ee:aa:ff:0c:ea]

RSSI: -76 [da:ee:aa:ff:0d:1b]

RSSI: -64 [da:ee:aa:ff:0c:ea]

RSSI: -73 [da:ee:aa:ff:0d:2b]

RSSI: -66 [da:ee:aa:ff:0c:fa]

RSSI: -73 [da:ee:aa:ff:0d:2b]

RSSI: -65 [da:ee:aa:ff:0c:fa]

RSSI: -73 [da:ee:aa:ff:0d:2b]

RSSI: -66 [da:ee:aa:ff:0c:fa]

RSSI: -65 [da:ee:aa:ff:0c:fa]

RSSI: -73 [da:ee:aa:ff:0d:3b]

RSSI: -72 [da:ee:aa:ff:0d:4b]

RSSI: -72 [da:ee:aa:ff:0d:4b]

RSSI: -72 [da:ee:aa:ff:0d:4b]

RSSI: -72 [da:ee:aa:ff:0d:4b]

RSSI: -75 [da:ee:aa:ff:0d:6b]

RSSI: -64 [da:ee:aa:ff:0d:4a]

RSSI: -64 [da:ee:aa:ff:0d:4a]

RSSI: -64 [da:ee:aa:ff:0d:4a]

RSSI: -64 [da:ee:aa:ff:0d:6a]

RSSI: -76 [da:ee:aa:ff:0d:7b]

RSSI: -87 [da:ee:aa:ff:09:ac]

RSSI: -67 [da:ee:aa:ff:0d:8a]

RSSI: -76 [da:ee:aa:ff:0d:9b]

RSSI: -66 [da:ee:aa:ff:0d:8a]

RSSI: -66 [da:ee:aa:ff:0d:8a]

RSSI: -66 [da:ee:aa:ff:0d:8a]

RSSI: -73 [da:ee:aa:ff:0d:bb]

RSSI: -61 [da:ee:aa:ff:0d:aa]

RSSI: -55 [da:ee:aa:ff:0d:bb]

RSSI: -61 [da:ee:aa:ff:0d:ba]

RSSI: -82 [da:ee:aa:ff:0a:0c]

RSSI: -72 [da:ee:aa:ff:0d:db]

RSSI: -61 [da:ee:aa:ff:0d:ba]

RSSI: -81 [da:ee:aa:ff:0a:0c]

RSSI: -55 [da:ee:aa:ff:0d:db]

RSSI: -88 [da:ee:aa:ff:0a:2c]

RSSI: -67 [da:ee:aa:ff:0d:ea]

RSSI: -73 [da:ee:aa:ff:0e:2b]

RSSI: -73 [da:ee:aa:ff:0e:2b]

RSSI: -74 [da:ee:aa:ff:0e:2b]

RSSI: -73 [da:ee:aa:ff:0e:2b]

RSSI: -72 [da:ee:aa:ff:0e:4b]

RSSI: -72 [da:ee:aa:ff:0e:4b]

RSSI: -72 [da:ee:aa:ff:0e:4b]

RSSI: -81 [da:ee:aa:ff:0a:7c]

RSSI: -65 [da:ee:aa:ff:0e:5a]

RSSI: -65 [da:ee:aa:ff:0e:5a]

RSSI: -65 [da:ee:aa:ff:0e:5a]

RSSI: -88 [da:ee:aa:ff:0a:ac]

RSSI: -52 [da:ee:aa:ff:0e:5a]

RSSI: -53 [da:ee:aa:ff:0e:5a]

RSSI: -74 [da:ee:aa:ff:0e:8b]

RSSI: -68 [da:ee:aa:ff:0e:7a]

RSSI: -74 [da:ee:aa:ff:0e:8b]

RSSI: -68 [da:ee:aa:ff:0e:7a]

RSSI: -75 [da:ee:aa:ff:0e:ab]

RSSI: -73 [da:ee:aa:ff:0e:ab]

RSSI: -73 [da:ee:aa:ff:0e:cb]

RSSI: -62 [da:ee:aa:ff:0e:aa]

RSSI: -62 [da:ee:aa:ff:0e:aa]

RSSI: -62 [da:ee:aa:ff:0e:aa]

RSSI: -62 [da:ee:aa:ff:0e:aa]

RSSI: -65 [da:ee:aa:ff:0e:ca]

RSSI: -87 [da:ee:aa:ff:0b:1c]

RSSI: -65 [da:ee:aa:ff:0e:ca]

RSSI: -68 [da:ee:aa:ff:0f:0b]

RSSI: -74 [da:ee:aa:ff:0f:1b]

RSSI: -74 [da:ee:aa:ff:0f:1b]

RSSI: -74 [da:ee:aa:ff:0f:1b]

RSSI: -74 [da:ee:aa:ff:0f:1b]

RSSI: -72 [da:ee:aa:ff:0f:3b]

RSSI: -66 [da:ee:aa:ff:0f:2a]

RSSI: -72 [da:ee:aa:ff:0f:3b]

RSSI: -88 [da:ee:aa:ff:0b:ac]

RSSI: -65 [da:ee:aa:ff:0f:3a]

RSSI: -65 [da:ee:aa:ff:0f:3a]

RSSI: -65 [da:ee:aa:ff:0f:3a]

RSSI: -88 [da:ee:aa:ff:0b:ac]

RSSI: -65 [da:ee:aa:ff:0f:3a]

RSSI: -77 [da:ee:aa:ff:0f:6b]

RSSI: -74 [da:ee:aa:ff:0f:7b]

RSSI: -75 [da:ee:aa:ff:0f:7b]

RSSI: -53 [da:ee:aa:ff:0f:6a]

RSSI: -74 [da:ee:aa:ff:0f:7b]

RSSI: -74 [da:ee:aa:ff:0f:7b]

RSSI: -74 [da:ee:aa:ff:0f:7b]

RSSI: -50 [da:ee:aa:ff:0f:7a]

RSSI: -81 [da:ee:aa:ff:0c:0c]

RSSI: -56 [da:ee:aa:ff:0f:7a]

RSSI: -81 [da:ee:aa:ff:0c:0c]

RSSI: -74 [da:ee:aa:ff:0f:9b]

RSSI: -62 [da:ee:aa:ff:0f:7a]

RSSI: -81 [da:ee:aa:ff:0c:0c]

RSSI: -73 [da:ee:aa:ff:0f:9b]

RSSI: -63 [da:ee:aa:ff:0f:7a]

RSSI: -74 [da:ee:aa:ff:0f:9b]

RSSI: -81 [da:ee:aa:ff:0c:0c]

RSSI: -66 [da:ee:aa:ff:0f:ba]

RSSI: -77 [da:ee:aa:ff:0f:cb]

RSSI: -63 [da:ee:aa:ff:0f:db]

RSSI: -66 [da:ee:aa:ff:0f:fa]

RSSI: -73 [da:ee:aa:ff:0f:db]

RSSI: -72 [da:ee:aa:ff:0f:fb]

RSSI: -71 [da:ee:aa:ff:0f:fb]

RSSI: -69 [da:ee:aa:ff:10:0a]

RSSI: -69 [da:ee:aa:ff:10:0a]

RSSI: -84 [da:ee:aa:ff:0c:9c]

RSSI: -72 [da:ee:aa:ff:10:0b]

RSSI: -69 [da:ee:aa:ff:10:0a]

RSSI: -83 [da:ee:aa:ff:0c:9c]

RSSI: -72 [da:ee:aa:ff:10:0b]

RSSI: -66 [da:ee:aa:ff:10:2a]

RSSI: -77 [da:ee:aa:ff:10:1b]

RSSI: -65 [da:ee:aa:ff:10:2a]

RSSI: -77 [da:ee:aa:ff:10:1b]

RSSI: -77 [da:ee:aa:ff:10:1b]

RSSI: -77 [da:ee:aa:ff:10:1b]

RSSI: -77 [da:ee:aa:ff:10:1b]

RSSI: -66 [da:ee:aa:ff:10:5a]

RSSI: -66 [da:ee:aa:ff:10:5a]

RSSI: -66 [da:ee:aa:ff:10:5a]

RSSI: -66 [da:ee:aa:ff:10:5a]

RSSI: -66 [da:ee:aa:ff:10:5a]

RSSI: -81 [da:ee:aa:ff:0c:fc]

RSSI: -73 [da:ee:aa:ff:10:5b]

RSSI: -81 [da:ee:aa:ff:0c:fc]

RSSI: -73 [da:ee:aa:ff:10:5b]

RSSI: -81 [da:ee:aa:ff:0c:fc]

RSSI: -81 [da:ee:aa:ff:0c:fc]

RSSI: -81 [da:ee:aa:ff:0c:fc]

RSSI: -77 [da:ee:aa:ff:10:9b]

RSSI: -78 [da:ee:aa:ff:10:9b]

RSSI: -66 [da:ee:aa:ff:10:ba]

RSSI: -77 [da:ee:aa:ff:10:9b]

RSSI: -86 [da:ee:aa:ff:0d:3c]

RSSI: -67 [da:ee:aa:ff:10:ba]

RSSI: -77 [da:ee:aa:ff:10:9b]

RSSI: -85 [da:ee:aa:ff:0d:3c]

RSSI: -66 [da:ee:aa:ff:10:ba]

RSSI: -78 [da:ee:aa:ff:10:9b]

RSSI: -68 [da:ee:aa:ff:10:fa]

RSSI: -68 [da:ee:aa:ff:10:fa]

RSSI: -67 [da:ee:aa:ff:11:1a]

RSSI: -66 [da:ee:aa:ff:10:cb]

RSSI: -67 [da:ee:aa:ff:11:1a]

RSSI: -81 [da:ee:aa:ff:0d:9c]

RSSI: -55 [da:ee:aa:ff:10:cb]

RSSI: -67 [da:ee:aa:ff:11:1a]

RSSI: -81 [da:ee:aa:ff:0d:9c]

RSSI: -72 [da:ee:aa:ff:10:cb]

RSSI: -83 [da:ee:aa:ff:0d:9c]

RSSI: -72 [da:ee:aa:ff:10:cb]

RSSI: -81 [da:ee:aa:ff:0d:9c]

RSSI: -66 [da:ee:aa:ff:11:5a]

RSSI: -66 [da:ee:aa:ff:11:5a]

RSSI: -66 [da:ee:aa:ff:11:5a]

RSSI: -77 [da:ee:aa:ff:10:fb]

RSSI: -66 [da:ee:aa:ff:11:5a]

RSSI: -66 [da:ee:aa:ff:11:8a]

RSSI: -66 [da:ee:aa:ff:11:8a]

RSSI: -64 [da:ee:aa:ff:11:aa]

RSSI: -72 [da:ee:aa:ff:11:4b]

RSSI: -64 [da:ee:aa:ff:11:aa]

RSSI: -73 [da:ee:aa:ff:11:4b]

RSSI: -63 [da:ee:aa:ff:11:aa]

RSSI: -63 [da:ee:aa:ff:11:aa]

RSSI: -73 [da:ee:aa:ff:11:4b]

RSSI: -66 [da:ee:aa:ff:11:ba]

RSSI: -77 [da:ee:aa:ff:11:6b]

RSSI: -74 [da:ee:aa:ff:11:8b]

RSSI: -89 [da:ee:aa:ff:0e:4c]

RSSI: -73 [da:ee:aa:ff:11:8b]

RSSI: -89 [da:ee:aa:ff:0e:4c]

RSSI: -74 [da:ee:aa:ff:11:8b]

RSSI: -74 [da:ee:aa:ff:11:8b]

RSSI: -74 [da:ee:aa:ff:11:8b]

RSSI: -81 [da:ee:aa:ff:0e:8c]

RSSI: -81 [da:ee:aa:ff:0e:8c]

RSSI: -63 [da:ee:aa:ff:12:2a]

RSSI: -57 [da:ee:aa:ff:11:bb]

RSSI: -81 [da:ee:aa:ff:0e:8c]

RSSI: -63 [da:ee:aa:ff:12:2a]

RSSI: -69 [da:ee:aa:ff:11:bb]

RSSI: -81 [da:ee:aa:ff:0e:8c]

RSSI: -63 [da:ee:aa:ff:12:2a]

RSSI: -57 [da:ee:aa:ff:11:bb]

RSSI: -81 [da:ee:aa:ff:0e:8c]

RSSI: -63 [da:ee:aa:ff:12:2a]

RSSI: -66 [da:ee:aa:ff:12:3a]

RSSI: -60 [da:ee:aa:ff:11:db]

RSSI: -66 [da:ee:aa:ff:12:3a]

RSSI: -77 [da:ee:aa:ff:11:db]

RSSI: -66 [da:ee:aa:ff:12:3a]

RSSI: -76 [da:ee:aa:ff:11:db]

RSSI: -66 [da:ee:aa:ff:12:3a]

RSSI: -78 [da:ee:aa:ff:11:db]

RSSI: -68 [da:ee:aa:ff:12:6a]

RSSI: -74 [da:ee:aa:ff:11:fb]

RSSI: -68 [da:ee:aa:ff:12:6a]

RSSI: -73 [da:ee:aa:ff:11:fb]

RSSI: -69 [da:ee:aa:ff:12:6a]

RSSI: -74 [da:ee:aa:ff:11:fb]

RSSI: -68 [da:ee:aa:ff:12:6a]

RSSI: -74 [da:ee:aa:ff:11:fb]

RSSI: -68 [da:ee:aa:ff:12:6a]

RSSI: -74 [da:ee:aa:ff:12:1b]

RSSI: -67 [da:ee:aa:ff:12:8a]

RSSI: -73 [da:ee:aa:ff:12:1b]

RSSI: -67 [da:ee:aa:ff:12:8a]

RSSI: -73 [da:ee:aa:ff:12:3b]

RSSI: -80 [da:ee:aa:ff:0f:0c]

RSSI: -73 [da:ee:aa:ff:12:3b]

RSSI: -67 [da:ee:aa:ff:12:da]

RSSI: -88 [da:ee:aa:ff:0f:3c]

RSSI: -66 [da:ee:aa:ff:12:da]

RSSI: -74 [da:ee:aa:ff:12:8b]

RSSI: -74 [da:ee:aa:ff:12:8b]

RSSI: -74 [da:ee:aa:ff:12:8b]

RSSI: -74 [da:ee:aa:ff:12:8b]

RSSI: -74 [da:ee:aa:ff:12:9b]

RSSI: -74 [da:ee:aa:ff:12:9b]

RSSI: -83 [da:ee:aa:ff:0f:7c]

RSSI: -74 [da:ee:aa:ff:12:9b]

RSSI: -83 [da:ee:aa:ff:0f:7c]

RSSI: -83 [da:ee:aa:ff:0f:7c]

RSSI: -65 [da:ee:aa:ff:13:0a]

RSSI: -77 [da:ee:aa:ff:12:db]

RSSI: -84 [da:ee:aa:ff:0f:8c]

RSSI: -70 [da:ee:aa:ff:12:db]

RSSI: -76 [da:ee:aa:ff:12:db]

RSSI: -88 [da:ee:aa:ff:0f:cc]

RSSI: -74 [da:ee:aa:ff:12:eb]

RSSI: -68 [da:ee:aa:ff:13:5a]

RSSI: -75 [da:ee:aa:ff:12:eb]

RSSI: -68 [da:ee:aa:ff:13:5a]

RSSI: -68 [da:ee:aa:ff:13:5a]

RSSI: -75 [da:ee:aa:ff:13:0b]

RSSI: -68 [da:ee:aa:ff:13:5a]

RSSI: -74 [da:ee:aa:ff:13:0b]

RSSI: -68 [da:ee:aa:ff:13:5a]

RSSI: -74 [da:ee:aa:ff:13:2b]

RSSI: -74 [da:ee:aa:ff:13:2b]

RSSI: -62 [da:ee:aa:ff:13:8a]

RSSI: -73 [da:ee:aa:ff:13:2b]

RSSI: -62 [da:ee:aa:ff:13:8a]

RSSI: -74 [da:ee:aa:ff:13:2b]

RSSI: -74 [da:ee:aa:ff:13:2b]

RSSI: -82 [da:ee:aa:ff:10:0c]

RSSI: -67 [da:ee:aa:ff:13:aa]

RSSI: -77 [da:ee:aa:ff:13:5b]

RSSI: -67 [da:ee:aa:ff:13:aa]

RSSI: -77 [da:ee:aa:ff:13:5b]

RSSI: -69 [da:ee:aa:ff:13:da]

RSSI: -75 [da:ee:aa:ff:13:7b]

RSSI: -69 [da:ee:aa:ff:13:da]

RSSI: -75 [da:ee:aa:ff:13:7b]

RSSI: -69 [da:ee:aa:ff:13:da]

RSSI: -69 [da:ee:aa:ff:13:da]

RSSI: -73 [da:ee:aa:ff:10:5c]

RSSI: -69 [da:ee:aa:ff:13:da]

RSSI: -84 [da:ee:aa:ff:10:7c]

RSSI: -74 [da:ee:aa:ff:13:9b]

RSSI: -62 [da:ee:aa:ff:13:fa]

RSSI: -74 [da:ee:aa:ff:13:9b]

RSSI: -62 [da:ee:aa:ff:13:fa]

RSSI: -84 [da:ee:aa:ff:10:7c]

RSSI: -74 [da:ee:aa:ff:13:9b]

RSSI: -84 [da:ee:aa:ff:10:7c]

RSSI: -74 [da:ee:aa:ff:13:9b]

RSSI: -59 [da:ee:aa:ff:14:1a]

RSSI: -74 [da:ee:aa:ff:13:9b]

RSSI: -78 [da:ee:aa:ff:13:bb]

RSSI: -56 [da:ee:aa:ff:14:2a]

RSSI: -68 [da:ee:aa:ff:14:2a]

RSSI: -78 [da:ee:aa:ff:13:cb]

RSSI: -78 [da:ee:aa:ff:13:cb]

RSSI: -68 [da:ee:aa:ff:14:4a]

RSSI: -69 [da:ee:aa:ff:13:db]

RSSI: -68 [da:ee:aa:ff:14:4a]

RSSI: -74 [da:ee:aa:ff:13:db]

RSSI: -58 [da:ee:aa:ff:13:db]

RSSI: -68 [da:ee:aa:ff:14:6a]

RSSI: -60 [da:ee:aa:ff:13:db]

RSSI: -68 [da:ee:aa:ff:14:6a]

RSSI: -66 [da:ee:aa:ff:13:db]

RSSI: -63 [da:ee:aa:ff:14:7a]

RSSI: -64 [da:ee:aa:ff:14:7a]

RSSI: -74 [da:ee:aa:ff:13:fb]

RSSI: -64 [da:ee:aa:ff:14:7a]

RSSI: -73 [da:ee:aa:ff:13:fb]

RSSI: -64 [da:ee:aa:ff:14:7a]

RSSI: -74 [da:ee:aa:ff:13:fb]

RSSI: -64 [da:ee:aa:ff:14:7a]

RSSI: -68 [da:ee:aa:ff:14:ba]

RSSI: -78 [da:ee:aa:ff:14:1b]

RSSI: -67 [da:ee:aa:ff:14:ba]

RSSI: -86 [da:ee:aa:ff:11:2c]

RSSI: -78 [da:ee:aa:ff:14:1b]

RSSI: -67 [da:ee:aa:ff:14:ba]

RSSI: -67 [da:ee:aa:ff:14:ba]

RSSI: -68 [da:ee:aa:ff:14:da]

RSSI: -74 [da:ee:aa:ff:14:4b]

RSSI: -68 [da:ee:aa:ff:14:da]

RSSI: -74 [da:ee:aa:ff:14:4b]

RSSI: -68 [da:ee:aa:ff:14:da]

RSSI: -74 [da:ee:aa:ff:14:4b]

RSSI: -68 [da:ee:aa:ff:14:da]

RSSI: -88 [da:ee:aa:ff:11:6c]

RSSI: -74 [da:ee:aa:ff:14:4b]

RSSI: -68 [da:ee:aa:ff:14:da]

RSSI: -74 [da:ee:aa:ff:14:6b]

RSSI: -63 [da:ee:aa:ff:15:0a]

RSSI: -73 [da:ee:aa:ff:14:6b]

RSSI: -82 [da:ee:aa:ff:11:8c]

RSSI: -63 [da:ee:aa:ff:15:0a]

RSSI: -63 [da:ee:aa:ff:15:0a]

RSSI: -74 [da:ee:aa:ff:14:8b]

RSSI: -63 [da:ee:aa:ff:15:0a]

RSSI: -74 [da:ee:aa:ff:14:8b]

RSSI: -86 [da:ee:aa:ff:11:ac]

RSSI: -65 [da:ee:aa:ff:15:2a]

RSSI: -76 [da:ee:aa:ff:14:9b]

RSSI: -65 [da:ee:aa:ff:15:2a]

RSSI: -77 [da:ee:aa:ff:14:9b]

RSSI: -64 [da:ee:aa:ff:15:2a]

RSSI: -65 [da:ee:aa:ff:15:4a]

RSSI: -87 [da:ee:aa:ff:11:bc]

RSSI: -75 [da:ee:aa:ff:14:db]

RSSI: -74 [da:ee:aa:ff:14:db]

RSSI: -74 [da:ee:aa:ff:14:db]

RSSI: -73 [da:ee:aa:ff:14:db]

RSSI: -68 [da:ee:aa:ff:15:5a]

RSSI: -66 [da:ee:aa:ff:15:7a]

RSSI: -56 [da:ee:aa:ff:14:eb]

RSSI: -66 [da:ee:aa:ff:15:7a]

RSSI: -72 [da:ee:aa:ff:14:eb]

RSSI: -63 [da:ee:aa:ff:14:eb]

RSSI: -83 [da:ee:aa:ff:11:ec]

RSSI: -65 [da:ee:aa:ff:15:9a]

RSSI: -65 [da:ee:aa:ff:15:ba]

RSSI: -65 [da:ee:aa:ff:15:ba]

RSSI: -65 [da:ee:aa:ff:15:ba]

RSSI: -65 [da:ee:aa:ff:15:ba]

RSSI: -65 [da:ee:aa:ff:15:ba]

RSSI: -74 [da:ee:aa:ff:15:3b]

RSSI: -67 [da:ee:aa:ff:15:ca]

RSSI: -88 [da:ee:aa:ff:12:3c]

RSSI: -74 [da:ee:aa:ff:15:3b]

RSSI: -88 [da:ee:aa:ff:12:3c]

RSSI: -66 [da:ee:aa:ff:15:ea]

RSSI: -73 [da:ee:aa:ff:15:4b]

RSSI: -67 [da:ee:aa:ff:15:ea]

RSSI: -88 [da:ee:aa:ff:12:3c]

RSSI: -74 [da:ee:aa:ff:15:4b]

RSSI: -67 [da:ee:aa:ff:15:ea]

RSSI: -74 [da:ee:aa:ff:15:6b]

RSSI: -84 [da:ee:aa:ff:12:5c]

RSSI: -65 [da:ee:aa:ff:16:0a]

RSSI: -73 [da:ee:aa:ff:15:6b]

RSSI: -65 [da:ee:aa:ff:16:0a]

RSSI: -73 [da:ee:aa:ff:15:6b]

RSSI: -65 [da:ee:aa:ff:16:0a]

RSSI: -65 [da:ee:aa:ff:16:0a]

RSSI: -74 [da:ee:aa:ff:15:6b]

RSSI: -84 [da:ee:aa:ff:12:7c]

RSSI: -67 [da:ee:aa:ff:16:4a]

RSSI: -66 [da:ee:aa:ff:16:4a]

RSSI: -67 [da:ee:aa:ff:16:4a]

RSSI: -67 [da:ee:aa:ff:16:4a]

RSSI: -68 [da:ee:aa:ff:16:6a]

RSSI: -89 [da:ee:aa:ff:12:bc]

RSSI: -74 [da:ee:aa:ff:15:ab]

RSSI: -68 [da:ee:aa:ff:16:6a]

RSSI: -74 [da:ee:aa:ff:15:ab]

RSSI: -68 [da:ee:aa:ff:16:6a]

RSSI: -74 [da:ee:aa:ff:15:ab]

RSSI: -68 [da:ee:aa:ff:16:6a]

RSSI: -83 [da:ee:aa:ff:12:ec]

RSSI: -74 [da:ee:aa:ff:15:db]

RSSI: -83 [da:ee:aa:ff:12:ec]

RSSI: -74 [da:ee:aa:ff:15:db]

RSSI: -73 [da:ee:aa:ff:15:db]

RSSI: -74 [da:ee:aa:ff:15:db]

RSSI: -65 [da:ee:aa:ff:00:2a]

RSSI: -78 [da:ee:aa:ff:15:fb]

RSSI: -65 [da:ee:aa:ff:00:4a]

RSSI: -68 [da:ee:aa:ff:00:6a]

RSSI: -74 [da:ee:aa:ff:16:1b]

RSSI: -68 [da:ee:aa:ff:00:6a]

RSSI: -89 [da:ee:aa:ff:13:3c]

RSSI: -74 [da:ee:aa:ff:16:1b]

RSSI: -68 [da:ee:aa:ff:00:6a]

RSSI: -74 [da:ee:aa:ff:16:1b]

RSSI: -74 [da:ee:aa:ff:16:1b]

RSSI: -68 [da:ee:aa:ff:00:6a]

RSSI: -88 [da:ee:aa:ff:13:3c]

RSSI: -64 [da:ee:aa:ff:00:8a]

RSSI: -73 [da:ee:aa:ff:16:4b]

RSSI: -74 [da:ee:aa:ff:16:4b]

RSSI: -66 [da:ee:aa:ff:00:ca]

RSSI: -66 [da:ee:aa:ff:00:ca]

RSSI: -64 [da:ee:aa:ff:00:ca]

RSSI: -66 [da:ee:aa:ff:00:ca]

RSSI: -66 [da:ee:aa:ff:00:ca]

RSSI: -66 [da:ee:aa:ff:00:ea]

RSSI: -74 [da:ee:aa:ff:00:1b]

RSSI: -67 [da:ee:aa:ff:00:fa]

RSSI: -74 [da:ee:aa:ff:00:1b]

RSSI: -74 [da:ee:aa:ff:00:1b]

RSSI: -64 [da:ee:aa:ff:01:1a]

RSSI: -73 [da:ee:aa:ff:00:3b]

RSSI: -64 [da:ee:aa:ff:01:1a]

RSSI: -73 [da:ee:aa:ff:00:3b]

RSSI: -64 [da:ee:aa:ff:01:1a]

RSSI: -64 [da:ee:aa:ff:01:1a]

RSSI: -73 [da:ee:aa:ff:00:5b]

RSSI: -64 [da:ee:aa:ff:01:1a]

RSSI: -78 [da:ee:aa:ff:00:6b]

RSSI: -67 [da:ee:aa:ff:01:5a]

RSSI: -89 [da:ee:aa:ff:14:1c]

RSSI: -78 [da:ee:aa:ff:00:6b]

RSSI: -77 [da:ee:aa:ff:00:6b]

RSSI: -67 [da:ee:aa:ff:01:5a]

RSSI: -77 [da:ee:aa:ff:00:6b]

RSSI: -89 [da:ee:aa:ff:14:3c]

RSSI: -67 [da:ee:aa:ff:01:7a]

RSSI: -75 [da:ee:aa:ff:00:bb]

RSSI: -66 [da:ee:aa:ff:01:9a]

RSSI: -65 [da:ee:aa:ff:01:9a]

RSSI: -70 [da:ee:aa:ff:01:ba]

RSSI: -76 [da:ee:aa:ff:00:fb]

RSSI: -69 [da:ee:aa:ff:01:ba]

RSSI: -76 [da:ee:aa:ff:00:fb]

RSSI: -70 [da:ee:aa:ff:01:ba]

RSSI: -76 [da:ee:aa:ff:00:fb]

RSSI: -87 [da:ee:aa:ff:14:8c]

RSSI: -76 [da:ee:aa:ff:00:fb]

RSSI: -69 [da:ee:aa:ff:01:da]

RSSI: -75 [da:ee:aa:ff:01:0b]

RSSI: -65 [da:ee:aa:ff:01:ea]

RSSI: -75 [da:ee:aa:ff:01:0b]

RSSI: -66 [da:ee:aa:ff:01:ea]

RSSI: -66 [da:ee:aa:ff:01:ea]

RSSI: -68 [da:ee:aa:ff:02:0a]

RSSI: -83 [da:ee:aa:ff:14:ec]

RSSI: -68 [da:ee:aa:ff:02:0a]

RSSI: -76 [da:ee:aa:ff:01:4b]

RSSI: -83 [da:ee:aa:ff:14:ec]

RSSI: -76 [da:ee:aa:ff:01:4b]

RSSI: -83 [da:ee:aa:ff:14:ec]

RSSI: -70 [da:ee:aa:ff:02:3a]

RSSI: -70 [da:ee:aa:ff:02:3a]

RSSI: -76 [da:ee:aa:ff:01:7b]

RSSI: -70 [da:ee:aa:ff:02:3a]

RSSI: -76 [da:ee:aa:ff:01:7b]

RSSI: -70 [da:ee:aa:ff:15:1c]

RSSI: -70 [da:ee:aa:ff:02:3a]

RSSI: -75 [da:ee:aa:ff:01:7b]

RSSI: -70 [da:ee:aa:ff:02:3a]

RSSI: -76 [da:ee:aa:ff:01:7b]

RSSI: -75 [da:ee:aa:ff:01:9b]

RSSI: -75 [da:ee:aa:ff:01:9b]

RSSI: -74 [da:ee:aa:ff:01:9b]

RSSI: -65 [da:ee:aa:ff:02:7a]

RSSI: -60 [da:ee:aa:ff:01:cb]

RSSI: -66 [da:ee:aa:ff:02:9a]

RSSI: -60 [da:ee:aa:ff:01:cb]

RSSI: -66 [da:ee:aa:ff:02:9a]

RSSI: -60 [da:ee:aa:ff:01:cb]

RSSI: -66 [da:ee:aa:ff:02:9a]

RSSI: -69 [da:ee:aa:ff:01:cb]

RSSI: -66 [da:ee:aa:ff:02:9a]

RSSI: -76 [da:ee:aa:ff:01:cb]

RSSI: -76 [da:ee:aa:ff:01:eb]

RSSI: -76 [da:ee:aa:ff:01:eb]

RSSI: -71 [da:ee:aa:ff:02:da]

RSSI: -70 [da:ee:aa:ff:02:da]

RSSI: -92 [da:ee:aa:ff:15:cc]

RSSI: -75 [da:ee:aa:ff:02:1b]

RSSI: -74 [da:ee:aa:ff:02:1b]

RSSI: -74 [da:ee:aa:ff:02:1b]

RSSI: -75 [da:ee:aa:ff:02:1b]

RSSI: -74 [da:ee:aa:ff:02:1b]

RSSI: -67 [da:ee:aa:ff:03:2a]

RSSI: -67 [da:ee:aa:ff:03:2a]

RSSI: -67 [da:ee:aa:ff:03:2a]

RSSI: -77 [da:ee:aa:ff:02:3b]

RSSI: -67 [da:ee:aa:ff:03:2a]

RSSI: -77 [da:ee:aa:ff:02:3b]

RSSI: -67 [da:ee:aa:ff:03:2a]

RSSI: -69 [da:ee:aa:ff:03:3a]

RSSI: -75 [da:ee:aa:ff:02:4b]

RSSI: -76 [da:ee:aa:ff:02:4b]

RSSI: -69 [da:ee:aa:ff:03:3a]

RSSI: -75 [da:ee:aa:ff:02:4b]

RSSI: -75 [da:ee:aa:ff:02:4b]

RSSI: -84 [da:ee:aa:ff:16:1c]

RSSI: -69 [da:ee:aa:ff:03:5a]

RSSI: -75 [da:ee:aa:ff:02:4b]

RSSI: -68 [da:ee:aa:ff:03:5a]

RSSI: -65 [da:ee:aa:ff:03:7a]

RSSI: -73 [da:ee:aa:ff:02:8b]

RSSI: -65 [da:ee:aa:ff:03:7a]

RSSI: -73 [da:ee:aa:ff:02:8b]

RSSI: -65 [da:ee:aa:ff:03:7a]

RSSI: -65 [da:ee:aa:ff:03:7a]

RSSI: -74 [da:ee:aa:ff:02:8b]

RSSI: -65 [da:ee:aa:ff:03:7a]

RSSI: -74 [da:ee:aa:ff:02:8b]

RSSI: -78 [da:ee:aa:ff:02:ab]

RSSI: -83 [da:ee:aa:ff:16:7c]

RSSI: -77 [da:ee:aa:ff:02:ab]

RSSI: -83 [da:ee:aa:ff:16:7c]

RSSI: -60 [da:ee:aa:ff:03:aa]

RSSI: -82 [da:ee:aa:ff:16:7c]

RSSI: -55 [da:ee:aa:ff:03:aa]

RSSI: -60 [da:ee:aa:ff:02:bb]

RSSI: -64 [da:ee:aa:ff:03:fa]

RSSI: -73 [da:ee:aa:ff:03:0b]

RSSI: -64 [da:ee:aa:ff:03:fa]

RSSI: -73 [da:ee:aa:ff:03:0b]

RSSI: -65 [da:ee:aa:ff:03:fa]

RSSI: -73 [da:ee:aa:ff:03:0b]

RSSI: -66 [da:ee:aa:ff:04:1a]

RSSI: -76 [da:ee:aa:ff:03:2b]

RSSI: -65 [da:ee:aa:ff:04:1a]

RSSI: -77 [da:ee:aa:ff:03:2b]

RSSI: -65 [da:ee:aa:ff:04:1a]

RSSI: -77 [da:ee:aa:ff:03:2b]

RSSI: -66 [da:ee:aa:ff:04:1a]

RSSI: -77 [da:ee:aa:ff:03:2b]

RSSI: -82 [da:ee:aa:ff:00:6c]

RSSI: -68 [da:ee:aa:ff:04:5a]

RSSI: -89 [da:ee:aa:ff:00:bc]

RSSI: -74 [da:ee:aa:ff:03:7b]

RSSI: -64 [da:ee:aa:ff:04:7a]

RSSI: -89 [da:ee:aa:ff:00:bc]

RSSI: -73 [da:ee:aa:ff:03:7b]

RSSI: -74 [da:ee:aa:ff:03:7b]

RSSI: -64 [da:ee:aa:ff:04:7a]

RSSI: -73 [da:ee:aa:ff:03:9b]

RSSI: -66 [da:ee:aa:ff:04:ba]

RSSI: -76 [da:ee:aa:ff:03:bb]

RSSI: -66 [da:ee:aa:ff:04:ba]

RSSI: -65 [da:ee:aa:ff:04:ba]

RSSI: -77 [da:ee:aa:ff:03:bb]

RSSI: -66 [da:ee:aa:ff:04:ba]

RSSI: -77 [da:ee:aa:ff:03:bb]

RSSI: -67 [da:ee:aa:ff:00:dc]

RSSI: -66 [da:ee:aa:ff:04:ba]

RSSI: -77 [da:ee:aa:ff:03:bb]

RSSI: -67 [da:ee:aa:ff:04:ca]

RSSI: -75 [da:ee:aa:ff:03:eb]

RSSI: -57 [da:ee:aa:ff:04:0b]

RSSI: -64 [da:ee:aa:ff:05:0a]

RSSI: -73 [da:ee:aa:ff:04:0b]

RSSI: -64 [da:ee:aa:ff:05:0a]

RSSI: -73 [da:ee:aa:ff:04:0b]

RSSI: -64 [da:ee:aa:ff:05:0a]

RSSI: -72 [da:ee:aa:ff:04:0b]

RSSI: -64 [da:ee:aa:ff:05:0a]

RSSI: -73 [da:ee:aa:ff:04:0b]

RSSI: -64 [da:ee:aa:ff:05:1a]

RSSI: -78 [da:ee:aa:ff:04:2b]

RSSI: -82 [da:ee:aa:ff:01:2c]

RSSI: -77 [da:ee:aa:ff:04:2b]

RSSI: -82 [da:ee:aa:ff:01:2c]

RSSI: -79 [da:ee:aa:ff:04:2b]

RSSI: -82 [da:ee:aa:ff:01:2c]

RSSI: -64 [da:ee:aa:ff:05:3a]

RSSI: -82 [da:ee:aa:ff:01:2c]

RSSI: -75 [da:ee:aa:ff:04:4b]

RSSI: -66 [da:ee:aa:ff:05:5a]

RSSI: -75 [da:ee:aa:ff:04:4b]

RSSI: -76 [da:ee:aa:ff:04:4b]

RSSI: -65 [da:ee:aa:ff:05:5a]

RSSI: -65 [da:ee:aa:ff:05:5a]

RSSI: -65 [da:ee:aa:ff:05:5a]

RSSI: -75 [da:ee:aa:ff:04:5b]

RSSI: -72 [da:ee:aa:ff:04:6b]

RSSI: -73 [da:ee:aa:ff:04:6b]

RSSI: -89 [da:ee:aa:ff:01:7c]

RSSI: -65 [da:ee:aa:ff:05:8a]

RSSI: -73 [da:ee:aa:ff:04:6b]

RSSI: -65 [da:ee:aa:ff:05:8a]

RSSI: -73 [da:ee:aa:ff:04:6b]

RSSI: -66 [da:ee:aa:ff:05:8a]

RSSI: -64 [da:ee:aa:ff:05:aa]

RSSI: -75 [da:ee:aa:ff:04:7b]

RSSI: -64 [da:ee:aa:ff:05:aa]

RSSI: -64 [da:ee:aa:ff:05:aa]

RSSI: -64 [da:ee:aa:ff:05:aa]

RSSI: -75 [da:ee:aa:ff:04:8b]

RSSI: -64 [da:ee:aa:ff:05:aa]

RSSI: -77 [da:ee:aa:ff:04:ab]

RSSI: -66 [da:ee:aa:ff:05:da]

RSSI: -78 [da:ee:aa:ff:04:ab]

RSSI: -66 [da:ee:aa:ff:05:da]

RSSI: -77 [da:ee:aa:ff:04:ab]

RSSI: -65 [da:ee:aa:ff:05:da]

RSSI: -77 [da:ee:aa:ff:04:ab]

RSSI: -66 [da:ee:aa:ff:05:da]

RSSI: -52 [da:ee:aa:ff:05:fa]

RSSI: -62 [da:ee:aa:ff:04:eb]

RSSI: -53 [da:ee:aa:ff:05:fa]

RSSI: -72 [da:ee:aa:ff:04:eb]

RSSI: -67 [da:ee:aa:ff:05:fa]

RSSI: -57 [da:ee:aa:ff:04:eb]

RSSI: -62 [da:ee:aa:ff:06:3a]

RSSI: -62 [da:ee:aa:ff:06:3a]

RSSI: -63 [da:ee:aa:ff:06:3a]

RSSI: -63 [da:ee:aa:ff:06:3a]

RSSI: -66 [da:ee:aa:ff:06:5a]

RSSI: -75 [da:ee:aa:ff:05:1b]

RSSI: -66 [da:ee:aa:ff:06:5a]

RSSI: -76 [da:ee:aa:ff:05:1b]

RSSI: -84 [da:ee:aa:ff:02:2c]

RSSI: -66 [da:ee:aa:ff:06:5a]

RSSI: -76 [da:ee:aa:ff:05:1b]

RSSI: -83 [da:ee:aa:ff:02:2c]

RSSI: -76 [da:ee:aa:ff:05:1b]

RSSI: -66 [da:ee:aa:ff:06:7a]

RSSI: -83 [da:ee:aa:ff:02:2c]

RSSI: -76 [da:ee:aa:ff:05:1b]

RSSI: -64 [da:ee:aa:ff:06:8a]

RSSI: -72 [da:ee:aa:ff:05:2b]

RSSI: -64 [da:ee:aa:ff:06:8a]

RSSI: -64 [da:ee:aa:ff:06:8a]

RSSI: -71 [da:ee:aa:ff:05:4b]

RSSI: -64 [da:ee:aa:ff:06:8a]

RSSI: -72 [da:ee:aa:ff:05:4b]

RSSI: -64 [da:ee:aa:ff:06:8a]

RSSI: -76 [da:ee:aa:ff:05:5b]

RSSI: -82 [da:ee:aa:ff:02:6c]

RSSI: -64 [da:ee:aa:ff:06:aa]

RSSI: -76 [da:ee:aa:ff:05:5b]

RSSI: -77 [da:ee:aa:ff:05:5b]

RSSI: -85 [da:ee:aa:ff:02:6c]

RSSI: -77 [da:ee:aa:ff:05:5b]

RSSI: -64 [da:ee:aa:ff:06:ca]

RSSI: -84 [da:ee:aa:ff:02:6c]

RSSI: -77 [da:ee:aa:ff:05:5b]

RSSI: -64 [da:ee:aa:ff:06:ca]

RSSI: -65 [da:ee:aa:ff:06:ea]

RSSI: -65 [da:ee:aa:ff:06:ea]

RSSI: -65 [da:ee:aa:ff:06:ea]

RSSI: -65 [da:ee:aa:ff:06:ea]

RSSI: -65 [da:ee:aa:ff:06:ea]

RSSI: -72 [da:ee:aa:ff:05:9b]

RSSI: -64 [da:ee:aa:ff:07:0a]

RSSI: -72 [da:ee:aa:ff:05:9b]

RSSI: -63 [da:ee:aa:ff:07:2a]

RSSI: -63 [da:ee:aa:ff:07:2a]

RSSI: -63 [da:ee:aa:ff:07:2a]

RSSI: -76 [da:ee:aa:ff:05:db]

RSSI: -83 [da:ee:aa:ff:02:cc]

RSSI: -84 [da:ee:aa:ff:02:cc]

RSSI: -62 [da:ee:aa:ff:05:db]

RSSI: -76 [da:ee:aa:ff:05:db]

RSSI: -83 [da:ee:aa:ff:02:cc]

RSSI: -60 [da:ee:aa:ff:05:db]

RSSI: -82 [da:ee:aa:ff:02:cc]

RSSI: -65 [da:ee:aa:ff:07:6a]

RSSI: -75 [da:ee:aa:ff:05:eb]

RSSI: -66 [da:ee:aa:ff:07:6a]

RSSI: -72 [da:ee:aa:ff:06:2b]

RSSI: -72 [da:ee:aa:ff:06:2b]

RSSI: -64 [da:ee:aa:ff:07:7a]

RSSI: -72 [da:ee:aa:ff:06:2b]

RSSI: -72 [da:ee:aa:ff:06:2b]

RSSI: -65 [da:ee:aa:ff:07:aa]

RSSI: -65 [da:ee:aa:ff:07:aa]

RSSI: -76 [da:ee:aa:ff:06:5b]

RSSI: -65 [da:ee:aa:ff:07:aa]

RSSI: -76 [da:ee:aa:ff:06:5b]

RSSI: -65 [da:ee:aa:ff:07:aa]

RSSI: -76 [da:ee:aa:ff:06:5b]

RSSI: -65 [da:ee:aa:ff:07:aa]

RSSI: -85 [da:ee:aa:ff:03:5c]

RSSI: -75 [da:ee:aa:ff:06:7b]

RSSI: -66 [da:ee:aa:ff:07:ca]

RSSI: -66 [da:ee:aa:ff:07:ca]

RSSI: -64 [da:ee:aa:ff:07:ea]

RSSI: -72 [da:ee:aa:ff:06:ab]

RSSI: -74 [da:ee:aa:ff:06:ab]

RSSI: -72 [da:ee:aa:ff:06:ab]

RSSI: -64 [da:ee:aa:ff:07:ea]

RSSI: -72 [da:ee:aa:ff:06:ab]

RSSI: -64 [da:ee:aa:ff:07:ea]

RSSI: -66 [da:ee:aa:ff:08:0a]

RSSI: -84 [da:ee:aa:ff:03:ac]

RSSI: -66 [da:ee:aa:ff:08:2a]

RSSI: -85 [da:ee:aa:ff:03:ac]

RSSI: -66 [da:ee:aa:ff:08:2a]

RSSI: -85 [da:ee:aa:ff:03:dc]

RSSI: -85 [da:ee:aa:ff:03:dc]

RSSI: -64 [da:ee:aa:ff:08:4a]

RSSI: -93 [da:ee:aa:ff:03:ec]

RSSI: -64 [da:ee:aa:ff:08:5a]

RSSI: -92 [da:ee:aa:ff:03:ec]

RSSI: -72 [da:ee:aa:ff:07:1b]

RSSI: -65 [da:ee:aa:ff:08:5a]

RSSI: -72 [da:ee:aa:ff:07:1b]

RSSI: -64 [da:ee:aa:ff:08:5a]

RSSI: -72 [da:ee:aa:ff:07:1b]

RSSI: -66 [da:ee:aa:ff:08:7a]

RSSI: -77 [da:ee:aa:ff:07:3b]

RSSI: -66 [da:ee:aa:ff:08:7a]

RSSI: -77 [da:ee:aa:ff:07:3b]

RSSI: -86 [da:ee:aa:ff:04:0c]

RSSI: -66 [da:ee:aa:ff:08:7a]

RSSI: -77 [da:ee:aa:ff:07:3b]

RSSI: -85 [da:ee:aa:ff:04:0c]

RSSI: -76 [da:ee:aa:ff:07:5b]

RSSI: -64 [da:ee:aa:ff:08:aa]

RSSI: -75 [da:ee:aa:ff:07:5b]

RSSI: -64 [da:ee:aa:ff:08:aa]

RSSI: -75 [da:ee:aa:ff:07:5b]

RSSI: -64 [da:ee:aa:ff:08:aa]

RSSI: -65 [da:ee:aa:ff:08:aa]

RSSI: -75 [da:ee:aa:ff:07:5b]

RSSI: -65 [da:ee:aa:ff:08:aa]

RSSI: -64 [da:ee:aa:ff:08:ba]

RSSI: -72 [da:ee:aa:ff:07:7b]

RSSI: -64 [da:ee:aa:ff:08:ba]

RSSI: -64 [da:ee:aa:ff:08:ba]

RSSI: -64 [da:ee:aa:ff:08:ba]

RSSI: -72 [da:ee:aa:ff:07:9b]

RSSI: -67 [da:ee:aa:ff:08:ea]

RSSI: -67 [da:ee:aa:ff:08:ea]

RSSI: -67 [da:ee:aa:ff:08:ea]

RSSI: -67 [da:ee:aa:ff:08:ea]

RSSI: -85 [da:ee:aa:ff:04:ac]

RSSI: -65 [da:ee:aa:ff:08:fa]

RSSI: -64 [da:ee:aa:ff:08:fa]

RSSI: -76 [da:ee:aa:ff:07:db]

RSSI: -85 [da:ee:aa:ff:04:ac]

RSSI: -76 [da:ee:aa:ff:07:db]

RSSI: -65 [da:ee:aa:ff:09:1a]

RSSI: -56 [da:ee:aa:ff:07:eb]

RSSI: -66 [da:ee:aa:ff:07:eb]

RSSI: -56 [da:ee:aa:ff:07:eb]

RSSI: -92 [da:ee:aa:ff:04:cc]

RSSI: -56 [da:ee:aa:ff:09:3a]

RSSI: -72 [da:ee:aa:ff:07:eb]

RSSI: -87 [da:ee:aa:ff:04:ec]

RSSI: -67 [da:ee:aa:ff:09:5a]

RSSI: -77 [da:ee:aa:ff:08:2b]

RSSI: -77 [da:ee:aa:ff:08:2b]

RSSI: -88 [da:ee:aa:ff:04:ec]

RSSI: -77 [da:ee:aa:ff:08:2b]

RSSI: -88 [da:ee:aa:ff:04:ec]

RSSI: -88 [da:ee:aa:ff:04:ec]

RSSI: -76 [da:ee:aa:ff:08:3b]

RSSI: -64 [da:ee:aa:ff:09:9a]

RSSI: -76 [da:ee:aa:ff:08:3b]

RSSI: -64 [da:ee:aa:ff:09:9a]

RSSI: -75 [da:ee:aa:ff:08:3b]

RSSI: -64 [da:ee:aa:ff:09:9a]

RSSI: -64 [da:ee:aa:ff:09:9a]

RSSI: -76 [da:ee:aa:ff:08:5b]

RSSI: -64 [da:ee:aa:ff:09:9a]

RSSI: -64 [da:ee:aa:ff:09:ba]

RSSI: -73 [da:ee:aa:ff:08:6b]

RSSI: -92 [da:ee:aa:ff:05:2c]

RSSI: -72 [da:ee:aa:ff:08:6b]

RSSI: -64 [da:ee:aa:ff:09:ca]

RSSI: -72 [da:ee:aa:ff:08:6b]

RSSI: -64 [da:ee:aa:ff:09:ca]

RSSI: -72 [da:ee:aa:ff:08:6b]

RSSI: -67 [da:ee:aa:ff:09:ea]

RSSI: -67 [da:ee:aa:ff:09:ea]

RSSI: -80 [da:ee:aa:ff:05:5c]

RSSI: -67 [da:ee:aa:ff:09:ea]

RSSI: -77 [da:ee:aa:ff:08:ab]

RSSI: -67 [da:ee:aa:ff:09:ea]

RSSI: -77 [da:ee:aa:ff:08:ab]

RSSI: -86 [da:ee:aa:ff:05:5c]

RSSI: -67 [da:ee:aa:ff:09:ea]

RSSI: -76 [da:ee:aa:ff:08:cb]

RSSI: -77 [da:ee:aa:ff:08:cb]

RSSI: -65 [da:ee:aa:ff:0a:0a]

RSSI: -76 [da:ee:aa:ff:08:cb]

RSSI: -65 [da:ee:aa:ff:0a:0a]

RSSI: -76 [da:ee:aa:ff:08:cb]

RSSI: -65 [da:ee:aa:ff:0a:0a]

RSSI: -75 [da:ee:aa:ff:08:cb]

RSSI: -86 [da:ee:aa:ff:05:7c]

RSSI: -65 [da:ee:aa:ff:0a:2a]

RSSI: -72 [da:ee:aa:ff:08:fb]

RSSI: -65 [da:ee:aa:ff:0a:2a]

RSSI: -72 [da:ee:aa:ff:08:fb]

RSSI: -65 [da:ee:aa:ff:0a:2a]

RSSI: -73 [da:ee:aa:ff:08:fb]

RSSI: -65 [da:ee:aa:ff:0a:2a]

RSSI: -72 [da:ee:aa:ff:08:fb]

RSSI: -65 [da:ee:aa:ff:0a:2a]

RSSI: -60 [da:ee:aa:ff:09:0b]

RSSI: -85 [da:ee:aa:ff:05:cc]

RSSI: -52 [da:ee:aa:ff:0a:7a]

RSSI: -84 [da:ee:aa:ff:05:cc]

RSSI: -84 [da:ee:aa:ff:05:cc]

RSSI: -64 [da:ee:aa:ff:0a:7a]

RSSI: -72 [da:ee:aa:ff:09:5b]

RSSI: -73 [da:ee:aa:ff:09:5b]

RSSI: -65 [da:ee:aa:ff:0a:aa]

RSSI: -65 [da:ee:aa:ff:0a:aa]

RSSI: -72 [da:ee:aa:ff:09:7b]

RSSI: -72 [da:ee:aa:ff:09:7b]

RSSI: -66 [da:ee:aa:ff:0a:ca]

RSSI: -77 [da:ee:aa:ff:09:8b]

RSSI: -89 [da:ee:aa:ff:05:fc]

RSSI: -65 [da:ee:aa:ff:0a:ca]

RSSI: -77 [da:ee:aa:ff:09:8b]

RSSI: -78 [da:ee:aa:ff:09:8b]

RSSI: -88 [da:ee:aa:ff:05:fc]

RSSI: -77 [da:ee:aa:ff:09:8b]

RSSI: -66 [da:ee:aa:ff:0a:fa]

RSSI: -76 [da:ee:aa:ff:09:ab]

RSSI: -66 [da:ee:aa:ff:0a:fa]

RSSI: -79 [da:ee:aa:ff:06:1c]

RSSI: -77 [da:ee:aa:ff:09:ab]

RSSI: -66 [da:ee:aa:ff:0a:fa]

RSSI: -76 [da:ee:aa:ff:09:ab]

RSSI: -77 [da:ee:aa:ff:09:ab]

RSSI: -66 [da:ee:aa:ff:0b:1a]

RSSI: -65 [da:ee:aa:ff:0b:1a]

RSSI: -73 [da:ee:aa:ff:09:cb]

RSSI: -66 [da:ee:aa:ff:0b:1a]

RSSI: -65 [da:ee:aa:ff:0b:1a]

RSSI: -89 [da:ee:aa:ff:06:5c]

RSSI: -64 [da:ee:aa:ff:0b:4a]

RSSI: -77 [da:ee:aa:ff:09:fb]

RSSI: -77 [da:ee:aa:ff:09:fb]

RSSI: -90 [da:ee:aa:ff:06:5c]

RSSI: -77 [da:ee:aa:ff:09:fb]

RSSI: -90 [da:ee:aa:ff:06:5c]

RSSI: -77 [da:ee:aa:ff:09:fb]

RSSI: -66 [da:ee:aa:ff:0b:6a]

RSSI: -83 [da:ee:aa:ff:06:7c]

RSSI: -60 [da:ee:aa:ff:0a:0b]

RSSI: -76 [da:ee:aa:ff:0a:2b]

RSSI: -66 [da:ee:aa:ff:0b:8a]

RSSI: -65 [da:ee:aa:ff:0b:8a]

RSSI: -73 [da:ee:aa:ff:0a:3b]

RSSI: -64 [da:ee:aa:ff:0b:9a]

RSSI: -73 [da:ee:aa:ff:0a:3b]

RSSI: -73 [da:ee:aa:ff:0a:3b]

RSSI: -73 [da:ee:aa:ff:0a:3b]

RSSI: -66 [da:ee:aa:ff:0b:9a]

RSSI: -73 [da:ee:aa:ff:0a:3b]

RSSI: -65 [da:ee:aa:ff:0b:ba]

RSSI: -88 [da:ee:aa:ff:06:ac]

RSSI: -90 [da:ee:aa:ff:06:ac]

RSSI: -78 [da:ee:aa:ff:0a:7b]

RSSI: -78 [da:ee:aa:ff:0a:7b]

RSSI: -78 [da:ee:aa:ff:0a:7b]

RSSI: -65 [da:ee:aa:ff:0b:ea]

RSSI: -64 [da:ee:aa:ff:0b:ea]

RSSI: -75 [da:ee:aa:ff:0a:9b]

RSSI: -65 [da:ee:aa:ff:0b:ea]

RSSI: -75 [da:ee:aa:ff:0a:9b]

RSSI: -65 [da:ee:aa:ff:0b:ea]

RSSI: -73 [da:ee:aa:ff:0a:cb]

RSSI: -67 [da:ee:aa:ff:0c:2a]

RSSI: -73 [da:ee:aa:ff:0a:cb]

RSSI: -67 [da:ee:aa:ff:0c:2a]

RSSI: -73 [da:ee:aa:ff:0a:cb]

RSSI: -67 [da:ee:aa:ff:0c:2a]

RSSI: -72 [da:ee:aa:ff:0a:cb]

RSSI: -91 [da:ee:aa:ff:07:0c]

RSSI: -79 [da:ee:aa:ff:0a:db]

RSSI: -78 [da:ee:aa:ff:0a:db]

RSSI: -65 [da:ee:aa:ff:0c:4a]

RSSI: -65 [da:ee:aa:ff:0c:4a]

RSSI: -84 [da:ee:aa:ff:07:2c]

RSSI: -65 [da:ee:aa:ff:0c:8a]

RSSI: -65 [da:ee:aa:ff:0c:8a]

RSSI: -76 [da:ee:aa:ff:0b:0b]

RSSI: -64 [da:ee:aa:ff:0c:8a]

RSSI: -65 [da:ee:aa:ff:0c:8a]

RSSI: -65 [da:ee:aa:ff:0c:8a]

RSSI: -67 [da:ee:aa:ff:0c:9a]

RSSI: -73 [da:ee:aa:ff:0b:1b]

RSSI: -67 [da:ee:aa:ff:0c:9a]

RSSI: -67 [da:ee:aa:ff:0c:9a]

RSSI: -74 [da:ee:aa:ff:0b:2b]

RSSI: -67 [da:ee:aa:ff:0c:9a]

RSSI: -57 [da:ee:aa:ff:0b:2b]

RSSI: -65 [da:ee:aa:ff:0c:da]

RSSI: -64 [da:ee:aa:ff:0c:fa]

RSSI: -75 [da:ee:aa:ff:0b:8b]

RSSI: -64 [da:ee:aa:ff:0c:fa]

RSSI: -86 [da:ee:aa:ff:07:8c]

RSSI: -75 [da:ee:aa:ff:0b:8b]

RSSI: -64 [da:ee:aa:ff:0c:fa]

RSSI: -75 [da:ee:aa:ff:0b:8b]

RSSI: -76 [da:ee:aa:ff:0b:8b]

RSSI: -64 [da:ee:aa:ff:0d:1a]

RSSI: -76 [da:ee:aa:ff:0b:8b]

RSSI: -64 [da:ee:aa:ff:0d:1a]

RSSI: -69 [da:ee:aa:ff:0d:3a]

RSSI: -73 [da:ee:aa:ff:0b:9b]

RSSI: -68 [da:ee:aa:ff:0d:3a]

RSSI: -73 [da:ee:aa:ff:0b:9b]

RSSI: -69 [da:ee:aa:ff:0d:3a]

RSSI: -73 [da:ee:aa:ff:0b:9b]

RSSI: -69 [da:ee:aa:ff:0d:3a]

RSSI: -68 [da:ee:aa:ff:0d:3a]

RSSI: -79 [da:ee:aa:ff:0b:bb]

RSSI: -79 [da:ee:aa:ff:0b:bb]

RSSI: -79 [da:ee:aa:ff:0b:bb]

RSSI: -65 [da:ee:aa:ff:0d:6a]

RSSI: -64 [da:ee:aa:ff:0d:6a]

RSSI: -76 [da:ee:aa:ff:0b:db]

RSSI: -64 [da:ee:aa:ff:0d:8a]

RSSI: -64 [da:ee:aa:ff:0d:8a]

RSSI: -64 [da:ee:aa:ff:0d:8a]

RSSI: -76 [da:ee:aa:ff:0b:fb]

RSSI: -83 [da:ee:aa:ff:07:fc]

RSSI: -64 [da:ee:aa:ff:0d:8a]

RSSI: -76 [da:ee:aa:ff:0b:fb]

RSSI: -84 [da:ee:aa:ff:07:fc]

RSSI: -73 [da:ee:aa:ff:0c:1b]

RSSI: -73 [da:ee:aa:ff:0c:1b]

RSSI: -68 [da:ee:aa:ff:0d:ba]

RSSI: -73 [da:ee:aa:ff:0c:1b]

RSSI: -69 [da:ee:aa:ff:0d:ba]

RSSI: -65 [da:ee:aa:ff:0d:da]

RSSI: -65 [da:ee:aa:ff:0d:da]

RSSI: -65 [da:ee:aa:ff:0d:da]

RSSI: -65 [da:ee:aa:ff:0d:da]

RSSI: -84 [da:ee:aa:ff:08:6c]

RSSI: -76 [da:ee:aa:ff:0c:5b]

RSSI: -64 [da:ee:aa:ff:0d:fa]

RSSI: -61 [da:ee:aa:ff:0d:fa]

RSSI: -84 [da:ee:aa:ff:08:6c]

RSSI: -75 [da:ee:aa:ff:0c:5b]

RSSI: -56 [da:ee:aa:ff:0d:fa]

RSSI: -85 [da:ee:aa:ff:08:6c]

RSSI: -76 [da:ee:aa:ff:0c:5b]

RSSI: -64 [da:ee:aa:ff:0d:fa]

RSSI: -84 [da:ee:aa:ff:08:6c]

RSSI: -68 [da:ee:aa:ff:0e:1a]

RSSI: -73 [da:ee:aa:ff:0c:8b]

RSSI: -73 [da:ee:aa:ff:0c:8b]

RSSI: -69 [da:ee:aa:ff:0e:1a]

RSSI: -72 [da:ee:aa:ff:0c:8b]

RSSI: -69 [da:ee:aa:ff:0e:1a]

RSSI: -73 [da:ee:aa:ff:0c:8b]

RSSI: -66 [da:ee:aa:ff:0e:4a]

RSSI: -65 [da:ee:aa:ff:0e:4a]

RSSI: -65 [da:ee:aa:ff:0e:4a]

RSSI: -64 [da:ee:aa:ff:0e:4a]

RSSI: -79 [da:ee:aa:ff:0c:cb]

RSSI: -65 [da:ee:aa:ff:0e:4a]

RSSI: -76 [da:ee:aa:ff:0c:db]

RSSI: -64 [da:ee:aa:ff:0e:6a]

RSSI: -76 [da:ee:aa:ff:0c:db]

RSSI: -64 [da:ee:aa:ff:0e:6a]

RSSI: -74 [da:ee:aa:ff:0c:db]

RSSI: -76 [da:ee:aa:ff:0c:db]

RSSI: -75 [da:ee:aa:ff:0c:db]

RSSI: -64 [da:ee:aa:ff:0e:7a]

RSSI: -69 [da:ee:aa:ff:0e:9a]

RSSI: -70 [da:ee:aa:ff:0e:9a]

RSSI: -73 [da:ee:aa:ff:0d:1b]

RSSI: -69 [da:ee:aa:ff:0e:9a]

RSSI: -73 [da:ee:aa:ff:0d:1b]

RSSI: -69 [da:ee:aa:ff:0e:9a]

RSSI: -69 [da:ee:aa:ff:0e:9a]

RSSI: -78 [da:ee:aa:ff:0d:2b]

RSSI: -64 [da:ee:aa:ff:0e:ba]

RSSI: -79 [da:ee:aa:ff:0d:2b]

RSSI: -92 [da:ee:aa:ff:08:ec]

RSSI: -78 [da:ee:aa:ff:0d:2b]

RSSI: -78 [da:ee:aa:ff:0d:2b]

RSSI: -90 [da:ee:aa:ff:08:ec]

RSSI: -64 [da:ee:aa:ff:0e:ca]

RSSI: -85 [da:ee:aa:ff:09:1c]

RSSI: -85 [da:ee:aa:ff:09:1c]

RSSI: -73 [da:ee:aa:ff:0d:6b]

RSSI: -70 [da:ee:aa:ff:0f:0a]

RSSI: -95 [da:ee:aa:ff:09:3c]

RSSI: -73 [da:ee:aa:ff:0d:8b]

RSSI: -64 [da:ee:aa:ff:0f:3a]

RSSI: -64 [da:ee:aa:ff:0f:3a]

RSSI: -64 [da:ee:aa:ff:0f:3a]

RSSI: -64 [da:ee:aa:ff:0f:3a]

RSSI: -64 [da:ee:aa:ff:0f:3a]

RSSI: -75 [da:ee:aa:ff:0d:ab]

RSSI: -76 [da:ee:aa:ff:0d:cb]

RSSI: -76 [da:ee:aa:ff:0d:cb]

RSSI: -76 [da:ee:aa:ff:0d:cb]

RSSI: -85 [da:ee:aa:ff:09:8c]

RSSI: -73 [da:ee:aa:ff:0d:eb]

RSSI: -70 [da:ee:aa:ff:0f:9a]

RSSI: -74 [da:ee:aa:ff:0d:eb]

RSSI: -70 [da:ee:aa:ff:0f:9a]

RSSI: -73 [da:ee:aa:ff:0d:eb]

RSSI: -93 [da:ee:aa:ff:09:ac]

RSSI: -73 [da:ee:aa:ff:0d:eb]

RSSI: -70 [da:ee:aa:ff:0f:9a]

RSSI: -79 [da:ee:aa:ff:0e:1b]

RSSI: -90 [da:ee:aa:ff:09:cc]

RSSI: -64 [da:ee:aa:ff:0f:ba]

RSSI: -79 [da:ee:aa:ff:0e:1b]

RSSI: -90 [da:ee:aa:ff:09:cc]

RSSI: -64 [da:ee:aa:ff:0f:ba]

RSSI: -78 [da:ee:aa:ff:0e:1b]

RSSI: -65 [da:ee:aa:ff:0f:ba]

RSSI: -79 [da:ee:aa:ff:0e:1b]

RSSI: -65 [da:ee:aa:ff:0f:ba]

RSSI: -64 [da:ee:aa:ff:0f:da]

RSSI: -76 [da:ee:aa:ff:0e:3b]

RSSI: -75 [da:ee:aa:ff:0e:3b]

RSSI: -65 [da:ee:aa:ff:0f:da]

RSSI: -64 [da:ee:aa:ff:0f:fa]

RSSI: -69 [da:ee:aa:ff:10:0a]

RSSI: -57 [da:ee:aa:ff:0e:6b]

RSSI: -59 [da:ee:aa:ff:0e:6b]

RSSI: -69 [da:ee:aa:ff:10:0a]

RSSI: -65 [da:ee:aa:ff:0e:6b]

RSSI: -69 [da:ee:aa:ff:10:0a]

RSSI: -93 [da:ee:aa:ff:0a:0c]

RSSI: -57 [da:ee:aa:ff:0e:6b]

RSSI: -69 [da:ee:aa:ff:10:0a]

RSSI: -93 [da:ee:aa:ff:0a:0c]

RSSI: -87 [da:ee:aa:ff:0a:2c]

RSSI: -88 [da:ee:aa:ff:0a:2c]

RSSI: -79 [da:ee:aa:ff:0e:ab]

RSSI: -64 [da:ee:aa:ff:10:5a]

RSSI: -76 [da:ee:aa:ff:0e:cb]

RSSI: -64 [da:ee:aa:ff:10:5a]

RSSI: -75 [da:ee:aa:ff:0e:cb]

RSSI: -64 [da:ee:aa:ff:10:5a]

RSSI: -74 [da:ee:aa:ff:0e:cb]

RSSI: -64 [da:ee:aa:ff:10:5a]

RSSI: -75 [da:ee:aa:ff:0e:cb]

RSSI: -64 [da:ee:aa:ff:10:5a]

RSSI: -86 [da:ee:aa:ff:0a:4c]

RSSI: -69 [da:ee:aa:ff:10:7a]

RSSI: -68 [da:ee:aa:ff:10:7a]

RSSI: -73 [da:ee:aa:ff:0e:fb]

RSSI: -69 [da:ee:aa:ff:10:8a]

RSSI: -74 [da:ee:aa:ff:0e:fb]

RSSI: -69 [da:ee:aa:ff:10:8a]

RSSI: -74 [da:ee:aa:ff:0e:fb]

RSSI: -77 [da:ee:aa:ff:0f:1b]

RSSI: -65 [da:ee:aa:ff:10:9a]

RSSI: -77 [da:ee:aa:ff:0f:1b]

RSSI: -87 [da:ee:aa:ff:0a:9c]

RSSI: -65 [da:ee:aa:ff:10:9a]

RSSI: -77 [da:ee:aa:ff:0f:1b]

RSSI: -88 [da:ee:aa:ff:0a:9c]

RSSI: -65 [da:ee:aa:ff:10:9a]

RSSI: -77 [da:ee:aa:ff:0f:1b]

RSSI: -88 [da:ee:aa:ff:0a:9c]

RSSI: -65 [da:ee:aa:ff:10:9a]

RSSI: -65 [da:ee:aa:ff:10:ba]

RSSI: -76 [da:ee:aa:ff:0f:3b]

RSSI: -75 [da:ee:aa:ff:0f:3b]

RSSI: -65 [da:ee:aa:ff:10:da]

RSSI: -76 [da:ee:aa:ff:0f:3b]

RSSI: -65 [da:ee:aa:ff:10:da]

RSSI: -76 [da:ee:aa:ff:0f:3b]

RSSI: -65 [da:ee:aa:ff:10:da]

RSSI: -76 [da:ee:aa:ff:0f:3b]

RSSI: -73 [da:ee:aa:ff:0f:5b]

RSSI: -70 [da:ee:aa:ff:10:ea]

RSSI: -73 [da:ee:aa:ff:0f:5b]

RSSI: -70 [da:ee:aa:ff:10:ea]

RSSI: -70 [da:ee:aa:ff:10:ea]

RSSI: -70 [da:ee:aa:ff:10:ea]

RSSI: -69 [da:ee:aa:ff:10:ea]

RSSI: -74 [da:ee:aa:ff:0f:8b]

RSSI: -65 [da:ee:aa:ff:11:2a]

RSSI: -65 [da:ee:aa:ff:11:2a]

RSSI: -88 [da:ee:aa:ff:0b:1c]

RSSI: -59 [da:ee:aa:ff:0f:8b]

RSSI: -65 [da:ee:aa:ff:11:2a]

RSSI: -87 [da:ee:aa:ff:0b:1c]

RSSI: -65 [da:ee:aa:ff:11:2a]

RSSI: -57 [da:ee: