
RSSI: -60 [da:ee:aa:ff:0b:ba]

RSSI: -60 [da:ee:aa:ff:0b:ba]

RSSI: -57 [da:ee:aa:ff:15:7a]

RSSI: -81 [da:ee:aa:ff:11:7c]

RSSI: -57 [da:ee:aa:ff:15:7a]

RSSI: -69 [da:ee:aa:ff:00:4b]

RSSI: -82 [da:ee:aa:ff:11:7c]

RSSI: -57 [da:ee:aa:ff:15:7a]

RSSI: -69 [da:ee:aa:ff:00:4b]

RSSI: -82 [da:ee:aa:ff:11:7c]

RSSI: -57 [da:ee:aa:ff:15:7a]

RSSI: -60 [da:ee:aa:ff:15:9a]

RSSI: -69 [da:ee:aa:ff:00:5b]

RSSI: -60 [da:ee:aa:ff:15:9a]

RSSI: -71 [da:ee:aa:ff:00:5b]

RSSI: -61 [da:ee:aa:ff:15:aa]

RSSI: -62 [da:ee:aa:ff:15:aa]

RSSI: -69 [da:ee:aa:ff:00:8b]

RSSI: -62 [da:ee:aa:ff:15:ba]

RSSI: -62 [da:ee:aa:ff:15:ba]

RSSI: -69 [da:ee:aa:ff:00:8b]

RSSI: -62 [da:ee:aa:ff:15:ba]

RSSI: -83 [da:ee:aa:ff:11:bc]

RSSI: -69 [da:ee:aa:ff:00:8b]

RSSI: -62 [da:ee:aa:ff:15:ba]

RSSI: -83 [da:ee:aa:ff:11:bc]

RSSI: -69 [da:ee:aa:ff:00:8b]

RSSI: -62 [da:ee:aa:ff:15:ba]

RSSI: -69 [da:ee:aa:ff:00:ab]

RSSI: -82 [da:ee:aa:ff:11:fc]

RSSI: -57 [da:ee:aa:ff:15:ea]

RSSI: -81 [da:ee:aa:ff:11:fc]

RSSI: -57 [da:ee:aa:ff:15:ea]

RSSI: -81 [da:ee:aa:ff:11:fc]

RSSI: -57 [da:ee:aa:ff:15:ea]

RSSI: -69 [da:ee:aa:ff:00:bb]

RSSI: -80 [da:ee:aa:ff:11:fc]

RSSI: -57 [da:ee:aa:ff:15:ea]

RSSI: -69 [da:ee:aa:ff:00:bb]

RSSI: -55 [da:ee:aa:ff:00:cb]

RSSI: -60 [da:ee:aa:ff:16:0a]

RSSI: -70 [da:ee:aa:ff:00:cb]

RSSI: -62 [da:ee:aa:ff:16:2a]

RSSI: -83 [da:ee:aa:ff:12:3c]

RSSI: -69 [da:ee:aa:ff:00:fb]

RSSI: -83 [da:ee:aa:ff:12:3c]

RSSI: -69 [da:ee:aa:ff:00:fb]

RSSI: -62 [da:ee:aa:ff:16:2a]

RSSI: -83 [da:ee:aa:ff:12:3c]

RSSI: -69 [da:ee:aa:ff:00:fb]

RSSI: -62 [da:ee:aa:ff:16:2a]

RSSI: -69 [da:ee:aa:ff:00:fb]

RSSI: -62 [da:ee:aa:ff:16:2a]

RSSI: -69 [da:ee:aa:ff:01:1b]

RSSI: -82 [da:ee:aa:ff:12:5c]

RSSI: -69 [da:ee:aa:ff:01:1b]

RSSI: -82 [da:ee:aa:ff:12:5c]

RSSI: -69 [da:ee:aa:ff:01:1b]

RSSI: -51 [da:ee:aa:ff:16:5a]

RSSI: -74 [da:ee:aa:ff:01:3b]

RSSI: -84 [da:ee:aa:ff:12:9c]

RSSI: -84 [da:ee:aa:ff:12:9c]

RSSI: -69 [da:ee:aa:ff:01:6b]

RSSI: -84 [da:ee:aa:ff:12:bc]

RSSI: -62 [da:ee:aa:ff:00:2a]

RSSI: -69 [da:ee:aa:ff:01:8b]

RSSI: -62 [da:ee:aa:ff:00:2a]

RSSI: -69 [da:ee:aa:ff:01:8b]

RSSI: -62 [da:ee:aa:ff:00:2a]

RSSI: -69 [da:ee:aa:ff:01:8b]

RSSI: -62 [da:ee:aa:ff:00:2a]

RSSI: -57 [da:ee:aa:ff:00:4a]

RSSI: -68 [da:ee:aa:ff:01:9b]

RSSI: -69 [da:ee:aa:ff:01:9b]

RSSI: -57 [da:ee:aa:ff:00:4a]

RSSI: -68 [da:ee:aa:ff:01:9b]

RSSI: -81 [da:ee:aa:ff:12:ec]

RSSI: -70 [da:ee:aa:ff:01:db]

RSSI: -70 [da:ee:aa:ff:01:db]

RSSI: -70 [da:ee:aa:ff:01:db]

RSSI: -70 [da:ee:aa:ff:01:db]

RSSI: -86 [da:ee:aa:ff:13:2c]

RSSI: -70 [da:ee:aa:ff:01:db]

RSSI: -52 [da:ee:aa:ff:01:eb]

RSSI: -62 [da:ee:aa:ff:00:8a]

RSSI: -69 [da:ee:aa:ff:01:eb]

RSSI: -62 [da:ee:aa:ff:00:8a]

RSSI: -62 [da:ee:aa:ff:00:8a]

RSSI: -84 [da:ee:aa:ff:13:4c]

RSSI: -68 [da:ee:aa:ff:01:fb]

RSSI: -62 [da:ee:aa:ff:00:8a]

RSSI: -85 [da:ee:aa:ff:13:4c]

RSSI: -69 [da:ee:aa:ff:02:1b]

RSSI: -69 [da:ee:aa:ff:02:1b]

RSSI: -58 [da:ee:aa:ff:00:ca]

RSSI: -69 [da:ee:aa:ff:02:1b]

RSSI: -82 [da:ee:aa:ff:13:7c]

RSSI: -69 [da:ee:aa:ff:02:1b]

RSSI: -57 [da:ee:aa:ff:00:ca]

RSSI: -81 [da:ee:aa:ff:13:7c]

RSSI: -57 [da:ee:aa:ff:00:ca]

RSSI: -81 [da:ee:aa:ff:13:7c]

RSSI: -84 [da:ee:aa:ff:13:9c]

RSSI: -48 [da:ee:aa:ff:00:ea]

RSSI: -69 [da:ee:aa:ff:02:4b]

RSSI: -48 [da:ee:aa:ff:00:ea]

RSSI: -71 [da:ee:aa:ff:02:4b]

RSSI: -70 [da:ee:aa:ff:02:4b]

RSSI: -70 [da:ee:aa:ff:02:4b]

RSSI: -61 [da:ee:aa:ff:01:2a]

RSSI: -61 [da:ee:aa:ff:01:2a]

RSSI: -61 [da:ee:aa:ff:01:2a]

RSSI: -61 [da:ee:aa:ff:01:2a]

RSSI: -62 [da:ee:aa:ff:01:2a]

RSSI: -82 [da:ee:aa:ff:13:ec]

RSSI: -69 [da:ee:aa:ff:02:8b]

RSSI: -69 [da:ee:aa:ff:02:8b]

RSSI: -81 [da:ee:aa:ff:13:ec]

RSSI: -69 [da:ee:aa:ff:02:8b]

RSSI: -56 [da:ee:aa:ff:01:4a]

RSSI: -69 [da:ee:aa:ff:02:8b]

RSSI: -60 [da:ee:aa:ff:01:6a]

RSSI: -60 [da:ee:aa:ff:01:6a]

RSSI: -70 [da:ee:aa:ff:02:bb]

RSSI: -60 [da:ee:aa:ff:01:6a]

RSSI: -70 [da:ee:aa:ff:02:bb]

RSSI: -60 [da:ee:aa:ff:01:6a]

RSSI: -70 [da:ee:aa:ff:02:bb]

RSSI: -60 [da:ee:aa:ff:01:6a]

RSSI: -83 [da:ee:aa:ff:14:4c]

RSSI: -69 [da:ee:aa:ff:02:db]

RSSI: -60 [da:ee:aa:ff:01:9a]

RSSI: -69 [da:ee:aa:ff:02:db]

RSSI: -60 [da:ee:aa:ff:01:9a]

RSSI: -69 [da:ee:aa:ff:02:db]

RSSI: -60 [da:ee:aa:ff:01:9a]

RSSI: -82 [da:ee:aa:ff:14:6c]

RSSI: -68 [da:ee:aa:ff:03:0b]

RSSI: -57 [da:ee:aa:ff:01:ba]

RSSI: -52 [da:ee:aa:ff:03:0b]

RSSI: -57 [da:ee:aa:ff:01:ba]

RSSI: -51 [da:ee:aa:ff:03:0b]

RSSI: -57 [da:ee:aa:ff:01:ba]

RSSI: -59 [da:ee:aa:ff:03:0b]

RSSI: -57 [da:ee:aa:ff:01:ba]

RSSI: -65 [da:ee:aa:ff:03:0b]

RSSI: -60 [da:ee:aa:ff:01:ea]

RSSI: -60 [da:ee:aa:ff:01:ea]

RSSI: -60 [da:ee:aa:ff:01:ea]

RSSI: -70 [da:ee:aa:ff:03:3b]

RSSI: -60 [da:ee:aa:ff:01:ea]

RSSI: -70 [da:ee:aa:ff:03:3b]

RSSI: -60 [da:ee:aa:ff:01:ea]

RSSI: -85 [da:ee:aa:ff:14:cc]

RSSI: -61 [da:ee:aa:ff:01:fa]

RSSI: -47 [da:ee:aa:ff:01:fa]

RSSI: -68 [da:ee:aa:ff:03:4b]

RSSI: -69 [da:ee:aa:ff:03:4b]

RSSI: -62 [da:ee:aa:ff:02:1a]

RSSI: -84 [da:ee:aa:ff:14:dc]

RSSI: -69 [da:ee:aa:ff:03:4b]

RSSI: -81 [da:ee:aa:ff:14:fc]

RSSI: -57 [da:ee:aa:ff:02:2a]

RSSI: -82 [da:ee:aa:ff:14:fc]

RSSI: -57 [da:ee:aa:ff:02:2a]

RSSI: -57 [da:ee:aa:ff:02:2a]

RSSI: -57 [da:ee:aa:ff:02:2a]

RSSI: -82 [da:ee:aa:ff:15:1c]

RSSI: -70 [da:ee:aa:ff:03:9b]

RSSI: -84 [da:ee:aa:ff:15:2c]

RSSI: -60 [da:ee:aa:ff:02:4a]

RSSI: -70 [da:ee:aa:ff:03:9b]

RSSI: -83 [da:ee:aa:ff:15:2c]

RSSI: -60 [da:ee:aa:ff:02:6a]

RSSI: -61 [da:ee:aa:ff:02:6a]

RSSI: -83 [da:ee:aa:ff:15:2c]

RSSI: -61 [da:ee:aa:ff:02:6a]

RSSI: -70 [da:ee:aa:ff:03:ab]

RSSI: -83 [da:ee:aa:ff:15:2c]

RSSI: -61 [da:ee:aa:ff:02:7a]

RSSI: -69 [da:ee:aa:ff:03:bb]

RSSI: -61 [da:ee:aa:ff:02:7a]

RSSI: -69 [da:ee:aa:ff:03:bb]

RSSI: -61 [da:ee:aa:ff:02:7a]

RSSI: -68 [da:ee:aa:ff:03:bb]

RSSI: -61 [da:ee:aa:ff:02:7a]

RSSI: -69 [da:ee:aa:ff:03:bb]

RSSI: -61 [da:ee:aa:ff:02:7a]

RSSI: -69 [da:ee:aa:ff:03:bb]

RSSI: -82 [da:ee:aa:ff:15:7c]

RSSI: -57 [da:ee:aa:ff:02:ba]

RSSI: -57 [da:ee:aa:ff:02:ba]

RSSI: -82 [da:ee:aa:ff:15:7c]

RSSI: -58 [da:ee:aa:ff:03:eb]

RSSI: -57 [da:ee:aa:ff:02:ba]

RSSI: -81 [da:ee:aa:ff:15:7c]

RSSI: -57 [da:ee:aa:ff:02:ba]

RSSI: -82 [da:ee:aa:ff:15:7c]

RSSI: -67 [da:ee:aa:ff:03:eb]

RSSI: -53 [da:ee:aa:ff:04:0b]

RSSI: -60 [da:ee:aa:ff:02:ca]

RSSI: -67 [da:ee:aa:ff:04:0b]

RSSI: -60 [da:ee:aa:ff:02:ca]

RSSI: -70 [da:ee:aa:ff:04:0b]

RSSI: -61 [da:ee:aa:ff:02:ca]

RSSI: -60 [da:ee:aa:ff:02:ea]

RSSI: -83 [da:ee:aa:ff:15:bc]

RSSI: -69 [da:ee:aa:ff:04:3b]

RSSI: -69 [da:ee:aa:ff:04:3b]

RSSI: -86 [da:ee:aa:ff:15:cc]

RSSI: -68 [da:ee:aa:ff:04:3b]

RSSI: -68 [da:ee:aa:ff:04:3b]

RSSI: -85 [da:ee:aa:ff:15:cc]

RSSI: -69 [da:ee:aa:ff:04:3b]

RSSI: -68 [da:ee:aa:ff:04:5b]

RSSI: -81 [da:ee:aa:ff:16:0c]

RSSI: -81 [da:ee:aa:ff:16:0c]

RSSI: -68 [da:ee:aa:ff:04:6b]

RSSI: -81 [da:ee:aa:ff:16:0c]

RSSI: -68 [da:ee:aa:ff:04:6b]

RSSI: -81 [da:ee:aa:ff:16:0c]

RSSI: -61 [da:ee:aa:ff:03:4a]

RSSI: -70 [da:ee:aa:ff:04:7b]

RSSI: -61 [da:ee:aa:ff:03:4a]

RSSI: -60 [da:ee:aa:ff:03:4a]

RSSI: -70 [da:ee:aa:ff:04:7b]

RSSI: -61 [da:ee:aa:ff:03:4a]

RSSI: -70 [da:ee:aa:ff:04:7b]

RSSI: -69 [da:ee:aa:ff:04:9b]

RSSI: -86 [da:ee:aa:ff:16:5c]

RSSI: -61 [da:ee:aa:ff:03:7a]

RSSI: -85 [da:ee:aa:ff:16:5c]

RSSI: -61 [da:ee:aa:ff:03:7a]

RSSI: -69 [da:ee:aa:ff:04:9b]

RSSI: -61 [da:ee:aa:ff:03:7a]

RSSI: -59 [da:ee:aa:ff:03:9a]

RSSI: -68 [da:ee:aa:ff:04:ab]

RSSI: -58 [da:ee:aa:ff:03:9a]

RSSI: -68 [da:ee:aa:ff:04:ab]

RSSI: -59 [da:ee:aa:ff:03:9a]

RSSI: -68 [da:ee:aa:ff:04:cb]

RSSI: -83 [da:ee:aa:ff:00:2c]

RSSI: -84 [da:ee:aa:ff:00:2c]

RSSI: -84 [da:ee:aa:ff:00:2c]

RSSI: -69 [da:ee:aa:ff:05:0b]

RSSI: -61 [da:ee:aa:ff:03:ea]

RSSI: -69 [da:ee:aa:ff:05:2b]

RSSI: -85 [da:ee:aa:ff:00:3c]

RSSI: -68 [da:ee:aa:ff:05:2b]

RSSI: -68 [da:ee:aa:ff:05:4b]

RSSI: -70 [da:ee:aa:ff:05:4b]

RSSI: -80 [da:ee:aa:ff:00:7c]

RSSI: -69 [da:ee:aa:ff:05:7b]

RSSI: -82 [da:ee:aa:ff:00:ac]

RSSI: -46 [da:ee:aa:ff:04:5a]

RSSI: -83 [da:ee:aa:ff:00:cc]

RSSI: -68 [da:ee:aa:ff:05:8b]

RSSI: -60 [da:ee:aa:ff:04:7a]

RSSI: -68 [da:ee:aa:ff:05:8b]

RSSI: -61 [da:ee:aa:ff:04:7a]

RSSI: -61 [da:ee:aa:ff:04:7a]

RSSI: -68 [da:ee:aa:ff:05:9b]

RSSI: -61 [da:ee:aa:ff:04:7a]

RSSI: -69 [da:ee:aa:ff:05:9b]

RSSI: -80 [da:ee:aa:ff:00:dc]

RSSI: -68 [da:ee:aa:ff:05:bb]

RSSI: -58 [da:ee:aa:ff:04:ba]

RSSI: -57 [da:ee:aa:ff:04:ba]

RSSI: -80 [da:ee:aa:ff:00:fc]

RSSI: -58 [da:ee:aa:ff:04:ba]

RSSI: -80 [da:ee:aa:ff:00:fc]

RSSI: -60 [da:ee:aa:ff:04:da]

RSSI: -69 [da:ee:aa:ff:05:db]

RSSI: -60 [da:ee:aa:ff:04:da]

RSSI: -69 [da:ee:aa:ff:05:db]

RSSI: -80 [da:ee:aa:ff:01:1c]

RSSI: -60 [da:ee:aa:ff:04:da]

RSSI: -69 [da:ee:aa:ff:05:db]

RSSI: -68 [da:ee:aa:ff:01:1c]

RSSI: -60 [da:ee:aa:ff:04:da]

RSSI: -69 [da:ee:aa:ff:05:db]

RSSI: -62 [da:ee:aa:ff:05:0a]

RSSI: -84 [da:ee:aa:ff:01:4c]

RSSI: -84 [da:ee:aa:ff:01:4c]

RSSI: -81 [da:ee:aa:ff:01:6c]

RSSI: -57 [da:ee:aa:ff:05:2a]

RSSI: -81 [da:ee:aa:ff:01:6c]

RSSI: -57 [da:ee:aa:ff:05:2a]

RSSI: -81 [da:ee:aa:ff:01:6c]

RSSI: -81 [da:ee:aa:ff:01:6c]

RSSI: -60 [da:ee:aa:ff:05:5a]

RSSI: -60 [da:ee:aa:ff:05:5a]

RSSI: -69 [da:ee:aa:ff:06:3b]

RSSI: -60 [da:ee:aa:ff:05:5a]

RSSI: -70 [da:ee:aa:ff:06:3b]

RSSI: -60 [da:ee:aa:ff:05:5a]

RSSI: -70 [da:ee:aa:ff:06:3b]

RSSI: -60 [da:ee:aa:ff:05:5a]

RSSI: -70 [da:ee:aa:ff:06:3b]

RSSI: -85 [da:ee:aa:ff:01:bc]

RSSI: -70 [da:ee:aa:ff:06:4b]

RSSI: -62 [da:ee:aa:ff:05:7a]

RSSI: -85 [da:ee:aa:ff:01:bc]

RSSI: -69 [da:ee:aa:ff:06:4b]

RSSI: -69 [da:ee:aa:ff:06:4b]

RSSI: -69 [da:ee:aa:ff:06:4b]

RSSI: -88 [da:ee:aa:ff:01:bc]

RSSI: -61 [da:ee:aa:ff:05:9a]

RSSI: -68 [da:ee:aa:ff:06:8b]

RSSI: -58 [da:ee:aa:ff:05:aa]

RSSI: -68 [da:ee:aa:ff:06:8b]

RSSI: -81 [da:ee:aa:ff:01:ec]

RSSI: -58 [da:ee:aa:ff:05:aa]

RSSI: -68 [da:ee:aa:ff:06:8b]

RSSI: -80 [da:ee:aa:ff:01:ec]

RSSI: -58 [da:ee:aa:ff:05:aa]

RSSI: -68 [da:ee:aa:ff:06:8b]

RSSI: -81 [da:ee:aa:ff:01:ec]

RSSI: -59 [da:ee:aa:ff:05:aa]

RSSI: -68 [da:ee:aa:ff:06:8b]

RSSI: -81 [da:ee:aa:ff:01:ec]

RSSI: -70 [da:ee:aa:ff:06:9b]

RSSI: -59 [da:ee:aa:ff:05:ea]

RSSI: -70 [da:ee:aa:ff:06:9b]

RSSI: -59 [da:ee:aa:ff:05:ea]

RSSI: -70 [da:ee:aa:ff:06:ab]

RSSI: -59 [da:ee:aa:ff:05:ea]

RSSI: -71 [da:ee:aa:ff:06:ab]

RSSI: -59 [da:ee:aa:ff:05:ea]

RSSI: -64 [da:ee:aa:ff:05:fa]

RSSI: -84 [da:ee:aa:ff:02:2c]

RSSI: -64 [da:ee:aa:ff:05:fa]

RSSI: -64 [da:ee:aa:ff:05:fa]

RSSI: -69 [da:ee:aa:ff:02:2c]

RSSI: -65 [da:ee:aa:ff:05:fa]

RSSI: -57 [da:ee:aa:ff:06:3a]

RSSI: -59 [da:ee:aa:ff:06:3a]

RSSI: -50 [da:ee:aa:ff:06:db]

RSSI: -57 [da:ee:aa:ff:06:3a]

RSSI: -51 [da:ee:aa:ff:06:db]

RSSI: -57 [da:ee:aa:ff:06:3a]

RSSI: -51 [da:ee:aa:ff:06:db]

RSSI: -57 [da:ee:aa:ff:06:3a]

RSSI: -60 [da:ee:aa:ff:06:4a]

RSSI: -60 [da:ee:aa:ff:06:4a]

RSSI: -59 [da:ee:aa:ff:06:6a]

RSSI: -70 [da:ee:aa:ff:07:0b]

RSSI: -59 [da:ee:aa:ff:06:6a]

RSSI: -64 [da:ee:aa:ff:06:8a]

RSSI: -64 [da:ee:aa:ff:06:8a]

RSSI: -64 [da:ee:aa:ff:06:8a]

RSSI: -64 [da:ee:aa:ff:06:8a]

RSSI: -82 [da:ee:aa:ff:02:cc]

RSSI: -81 [da:ee:aa:ff:02:cc]

RSSI: -81 [da:ee:aa:ff:02:cc]

RSSI: -67 [da:ee:aa:ff:07:5b]

RSSI: -53 [da:ee:aa:ff:06:ba]

RSSI: -67 [da:ee:aa:ff:07:5b]

RSSI: -59 [da:ee:aa:ff:06:ca]

RSSI: -59 [da:ee:aa:ff:06:ca]

RSSI: -59 [da:ee:aa:ff:06:ca]

RSSI: -59 [da:ee:aa:ff:06:ca]

RSSI: -59 [da:ee:aa:ff:06:ca]

RSSI: -85 [da:ee:aa:ff:03:2c]

RSSI: -70 [da:ee:aa:ff:07:9b]

RSSI: -85 [da:ee:aa:ff:03:2c]

RSSI: -65 [da:ee:aa:ff:06:ea]

RSSI: -70 [da:ee:aa:ff:07:9b]

RSSI: -65 [da:ee:aa:ff:06:ea]

RSSI: -70 [da:ee:aa:ff:07:9b]

RSSI: -65 [da:ee:aa:ff:06:ea]

RSSI: -84 [da:ee:aa:ff:03:2c]

RSSI: -65 [da:ee:aa:ff:06:ea]

RSSI: -68 [da:ee:aa:ff:07:bb]

RSSI: -57 [da:ee:aa:ff:07:0a]

RSSI: -68 [da:ee:aa:ff:07:bb]

RSSI: -57 [da:ee:aa:ff:07:0a]

RSSI: -68 [da:ee:aa:ff:07:bb]

RSSI: -57 [da:ee:aa:ff:07:0a]

RSSI: -61 [da:ee:aa:ff:07:db]

RSSI: -60 [da:ee:aa:ff:07:3a]

RSSI: -65 [da:ee:aa:ff:07:eb]

RSSI: -60 [da:ee:aa:ff:07:3a]

RSSI: -70 [da:ee:aa:ff:07:eb]

RSSI: -60 [da:ee:aa:ff:07:3a]

RSSI: -71 [da:ee:aa:ff:07:eb]

RSSI: -60 [da:ee:aa:ff:07:3a]

RSSI: -90 [da:ee:aa:ff:03:7c]

RSSI: -71 [da:ee:aa:ff:07:eb]

RSSI: -71 [da:ee:aa:ff:08:0b]

RSSI: -65 [da:ee:aa:ff:07:5a]

RSSI: -84 [da:ee:aa:ff:03:9c]

RSSI: -65 [da:ee:aa:ff:07:5a]

RSSI: -70 [da:ee:aa:ff:08:2b]

RSSI: -65 [da:ee:aa:ff:07:5a]

RSSI: -71 [da:ee:aa:ff:08:2b]

RSSI: -71 [da:ee:aa:ff:08:2b]

RSSI: -68 [da:ee:aa:ff:08:3b]

RSSI: -67 [da:ee:aa:ff:08:3b]

RSSI: -67 [da:ee:aa:ff:08:3b]

RSSI: -68 [da:ee:aa:ff:08:3b]

RSSI: -61 [da:ee:aa:ff:07:aa]

RSSI: -71 [da:ee:aa:ff:08:7b]

RSSI: -71 [da:ee:aa:ff:08:7b]

RSSI: -48 [da:ee:aa:ff:07:ba]

RSSI: -71 [da:ee:aa:ff:08:7b]

RSSI: -46 [da:ee:aa:ff:07:ba]

RSSI: -71 [da:ee:aa:ff:08:8b]

RSSI: -85 [da:ee:aa:ff:04:1c]

RSSI: -66 [da:ee:aa:ff:07:ca]

RSSI: -71 [da:ee:aa:ff:08:8b]

RSSI: -85 [da:ee:aa:ff:04:1c]

RSSI: -66 [da:ee:aa:ff:07:ca]

RSSI: -71 [da:ee:aa:ff:08:8b]

RSSI: -84 [da:ee:aa:ff:04:1c]

RSSI: -67 [da:ee:aa:ff:07:ca]

RSSI: -85 [da:ee:aa:ff:04:1c]

RSSI: -71 [da:ee:aa:ff:08:9b]

RSSI: -67 [da:ee:aa:ff:07:ca]

RSSI: -84 [da:ee:aa:ff:04:1c]

RSSI: -71 [da:ee:aa:ff:08:9b]

RSSI: -68 [da:ee:aa:ff:08:bb]

RSSI: -68 [da:ee:aa:ff:08:bb]

RSSI: -84 [da:ee:aa:ff:04:4c]

RSSI: -82 [da:ee:aa:ff:04:4c]

RSSI: -62 [da:ee:aa:ff:08:1a]

RSSI: -72 [da:ee:aa:ff:08:cb]

RSSI: -62 [da:ee:aa:ff:08:1a]

RSSI: -72 [da:ee:aa:ff:08:cb]

RSSI: -62 [da:ee:aa:ff:08:1a]

RSSI: -62 [da:ee:aa:ff:08:1a]

RSSI: -57 [da:ee:aa:ff:09:0b]

RSSI: -70 [da:ee:aa:ff:09:2b]

RSSI: -59 [da:ee:aa:ff:08:6a]

RSSI: -59 [da:ee:aa:ff:08:6a]

RSSI: -59 [da:ee:aa:ff:08:6a]

RSSI: -70 [da:ee:aa:ff:09:4b]

RSSI: -70 [da:ee:aa:ff:09:4b]

RSSI: -73 [da:ee:aa:ff:09:6b]

RSSI: -63 [da:ee:aa:ff:08:9a]

RSSI: -73 [da:ee:aa:ff:09:6b]

RSSI: -63 [da:ee:aa:ff:08:9a]

RSSI: -73 [da:ee:aa:ff:09:6b]

RSSI: -63 [da:ee:aa:ff:08:9a]

RSSI: -73 [da:ee:aa:ff:09:6b]

RSSI: -63 [da:ee:aa:ff:08:9a]

RSSI: -73 [da:ee:aa:ff:09:6b]

RSSI: -72 [da:ee:aa:ff:09:8b]

RSSI: -72 [da:ee:aa:ff:09:8b]

RSSI: -69 [da:ee:aa:ff:08:ba]

RSSI: -72 [da:ee:aa:ff:09:8b]

RSSI: -72 [da:ee:aa:ff:09:8b]

RSSI: -73 [da:ee:aa:ff:09:ab]

RSSI: -60 [da:ee:aa:ff:08:da]

RSSI: -74 [da:ee:aa:ff:09:ab]

RSSI: -73 [da:ee:aa:ff:09:ab]

RSSI: -61 [da:ee:aa:ff:08:da]

RSSI: -85 [da:ee:aa:ff:05:4c]

RSSI: -61 [da:ee:aa:ff:08:da]

RSSI: -85 [da:ee:aa:ff:05:4c]

RSSI: -61 [da:ee:aa:ff:08:da]

RSSI: -86 [da:ee:aa:ff:05:4c]

RSSI: -73 [da:ee:aa:ff:09:db]

RSSI: -64 [da:ee:aa:ff:08:fa]

RSSI: -73 [da:ee:aa:ff:09:db]

RSSI: -64 [da:ee:aa:ff:09:1a]

RSSI: -73 [da:ee:aa:ff:09:db]

RSSI: -64 [da:ee:aa:ff:09:1a]

RSSI: -73 [da:ee:aa:ff:09:db]

RSSI: -64 [da:ee:aa:ff:09:1a]

RSSI: -73 [da:ee:aa:ff:09:db]

RSSI: -66 [da:ee:aa:ff:09:2a]

RSSI: -65 [da:ee:aa:ff:09:2a]

RSSI: -54 [da:ee:aa:ff:09:fb]

RSSI: -65 [da:ee:aa:ff:09:2a]

RSSI: -58 [da:ee:aa:ff:09:fb]

RSSI: -59 [da:ee:aa:ff:0a:0b]

RSSI: -76 [da:ee:aa:ff:0a:0b]

RSSI: -62 [da:ee:aa:ff:09:5a]

RSSI: -62 [da:ee:aa:ff:09:5a]

RSSI: -75 [da:ee:aa:ff:0a:0b]

RSSI: -85 [da:ee:aa:ff:05:ac]

RSSI: -61 [da:ee:aa:ff:09:5a]

RSSI: -75 [da:ee:aa:ff:0a:0b]

RSSI: -61 [da:ee:aa:ff:09:6a]

RSSI: -71 [da:ee:aa:ff:0a:3b]

RSSI: -61 [da:ee:aa:ff:09:6a]

RSSI: -71 [da:ee:aa:ff:0a:3b]

RSSI: -61 [da:ee:aa:ff:09:6a]

RSSI: -61 [da:ee:aa:ff:09:6a]

RSSI: -71 [da:ee:aa:ff:0a:3b]

RSSI: -68 [da:ee:aa:ff:0a:5b]

RSSI: -68 [da:ee:aa:ff:0a:5b]

RSSI: -62 [da:ee:aa:ff:09:9a]

RSSI: -62 [da:ee:aa:ff:09:9a]

RSSI: -68 [da:ee:aa:ff:0a:7b]

RSSI: -85 [da:ee:aa:ff:06:3c]

RSSI: -73 [da:ee:aa:ff:0a:8b]

RSSI: -85 [da:ee:aa:ff:06:3c]

RSSI: -72 [da:ee:aa:ff:0a:8b]

RSSI: -85 [da:ee:aa:ff:06:3c]

RSSI: -72 [da:ee:aa:ff:0a:8b]

RSSI: -72 [da:ee:aa:ff:0a:8b]

RSSI: -60 [da:ee:aa:ff:09:fa]

RSSI: -88 [da:ee:aa:ff:06:5c]

RSSI: -60 [da:ee:aa:ff:09:fa]

RSSI: -59 [da:ee:aa:ff:09:fa]

RSSI: -59 [da:ee:aa:ff:09:fa]

RSSI: -69 [da:ee:aa:ff:0a:bb]

RSSI: -59 [da:ee:aa:ff:09:fa]

RSSI: -69 [da:ee:aa:ff:0a:bb]

RSSI: -61 [da:ee:aa:ff:0a:0a]

RSSI: -61 [da:ee:aa:ff:0a:0a]

RSSI: -86 [da:ee:aa:ff:06:8c]

RSSI: -67 [da:ee:aa:ff:0a:cb]

RSSI: -61 [da:ee:aa:ff:0a:2a]

RSSI: -84 [da:ee:aa:ff:06:8c]

RSSI: -67 [da:ee:aa:ff:0a:cb]

RSSI: -61 [da:ee:aa:ff:0a:2a]

RSSI: -84 [da:ee:aa:ff:06:8c]

RSSI: -67 [da:ee:aa:ff:0a:cb]

RSSI: -57 [da:ee:aa:ff:0a:4a]

RSSI: -66 [da:ee:aa:ff:0b:0b]

RSSI: -57 [da:ee:aa:ff:0a:4a]

RSSI: -57 [da:ee:aa:ff:0a:4a]

RSSI: -57 [da:ee:aa:ff:0a:4a]

RSSI: -83 [da:ee:aa:ff:06:cc]

RSSI: -57 [da:ee:aa:ff:0a:4a]

RSSI: -69 [da:ee:aa:ff:0b:1b]

RSSI: -70 [da:ee:aa:ff:0b:1b]

RSSI: -60 [da:ee:aa:ff:0a:7a]

RSSI: -69 [da:ee:aa:ff:0b:1b]

RSSI: -60 [da:ee:aa:ff:0a:7a]

RSSI: -70 [da:ee:aa:ff:0b:3b]

RSSI: -60 [da:ee:aa:ff:0a:8a]

RSSI: -85 [da:ee:aa:ff:07:0c]

RSSI: -60 [da:ee:aa:ff:0a:8a]

RSSI: -87 [da:ee:aa:ff:07:0c]

RSSI: -60 [da:ee:aa:ff:0a:8a]

RSSI: -68 [da:ee:aa:ff:0b:5b]

RSSI: -86 [da:ee:aa:ff:07:2c]

RSSI: -68 [da:ee:aa:ff:0b:5b]

RSSI: -69 [da:ee:aa:ff:0b:6b]

RSSI: -56 [da:ee:aa:ff:0a:ba]

RSSI: -83 [da:ee:aa:ff:07:3c]

RSSI: -56 [da:ee:aa:ff:0a:ba]

RSSI: -82 [da:ee:aa:ff:07:3c]

RSSI: -70 [da:ee:aa:ff:0b:8b]

RSSI: -56 [da:ee:aa:ff:0a:ba]

RSSI: -82 [da:ee:aa:ff:07:3c]

RSSI: -70 [da:ee:aa:ff:0b:8b]

RSSI: -56 [da:ee:aa:ff:0a:ba]

RSSI: -82 [da:ee:aa:ff:07:3c]

RSSI: -48 [da:ee:aa:ff:0a:da]

RSSI: -70 [da:ee:aa:ff:0b:9b]

RSSI: -52 [da:ee:aa:ff:0a:da]

RSSI: -70 [da:ee:aa:ff:0b:9b]

RSSI: -70 [da:ee:aa:ff:0b:9b]

RSSI: -70 [da:ee:aa:ff:0b:9b]

RSSI: -61 [da:ee:aa:ff:0b:0a]

RSSI: -61 [da:ee:aa:ff:0b:0a]

RSSI: -84 [da:ee:aa:ff:07:8c]

RSSI: -61 [da:ee:aa:ff:0b:0a]

RSSI: -58 [da:ee:aa:ff:0b:2a]

RSSI: -82 [da:ee:aa:ff:07:ac]

RSSI: -71 [da:ee:aa:ff:0b:db]

RSSI: -58 [da:ee:aa:ff:0b:2a]

RSSI: -71 [da:ee:aa:ff:0b:db]

RSSI: -81 [da:ee:aa:ff:07:bc]

RSSI: -81 [da:ee:aa:ff:07:bc]

RSSI: -58 [da:ee:aa:ff:0b:3a]

RSSI: -60 [da:ee:aa:ff:0b:5a]

RSSI: -61 [da:ee:aa:ff:0b:5a]

RSSI: -53 [da:ee:aa:ff:0c:0b]

RSSI: -61 [da:ee:aa:ff:0b:5a]

RSSI: -70 [da:ee:aa:ff:0c:0b]

RSSI: -90 [da:ee:aa:ff:07:dc]

RSSI: -61 [da:ee:aa:ff:0b:5a]

RSSI: -54 [da:ee:aa:ff:0c:0b]

RSSI: -90 [da:ee:aa:ff:07:dc]

RSSI: -61 [da:ee:aa:ff:0b:5a]

RSSI: -54 [da:ee:aa:ff:0c:0b]

RSSI: -62 [da:ee:aa:ff:0b:7a]

RSSI: -71 [da:ee:aa:ff:08:1c]

RSSI: -70 [da:ee:aa:ff:0c:2b]

RSSI: -62 [da:ee:aa:ff:0b:9a]

RSSI: -70 [da:ee:aa:ff:0c:2b]

RSSI: -62 [da:ee:aa:ff:0b:9a]

RSSI: -70 [da:ee:aa:ff:0c:4b]

RSSI: -57 [da:ee:aa:ff:0b:ba]

RSSI: -71 [da:ee:aa:ff:0c:4b]

RSSI: -57 [da:ee:aa:ff:0b:ba]

RSSI: -86 [da:ee:aa:ff:08:2c]

RSSI: -70 [da:ee:aa:ff:0c:4b]

RSSI: -56 [da:ee:aa:ff:0b:ba]

RSSI: -70 [da:ee:aa:ff:0c:4b]

RSSI: -57 [da:ee:aa:ff:0b:ba]

RSSI: -71 [da:ee:aa:ff:0c:6b]

RSSI: -61 [da:ee:aa:ff:0b:ea]

RSSI: -61 [da:ee:aa:ff:0b:ea]

RSSI: -60 [da:ee:aa:ff:0b:ea]

RSSI: -88 [da:ee:aa:ff:08:6c]

RSSI: -61 [da:ee:aa:ff:0b:ea]

RSSI: -49 [da:ee:aa:ff:0c:0a]

RSSI: -83 [da:ee:aa:ff:08:7c]

RSSI: -83 [da:ee:aa:ff:08:7c]

RSSI: -84 [da:ee:aa:ff:08:7c]

RSSI: -62 [da:ee:aa:ff:0c:0a]

RSSI: -70 [da:ee:aa:ff:0c:bb]

RSSI: -82 [da:ee:aa:ff:08:bc]

RSSI: -57 [da:ee:aa:ff:0c:3a]

RSSI: -70 [da:ee:aa:ff:0c:bb]

RSSI: -82 [da:ee:aa:ff:08:bc]

RSSI: -57 [da:ee:aa:ff:0c:3a]

RSSI: -70 [da:ee:aa:ff:0c:bb]

RSSI: -82 [da:ee:aa:ff:08:bc]

RSSI: -57 [da:ee:aa:ff:0c:3a]

RSSI: -70 [da:ee:aa:ff:0c:bb]

RSSI: -82 [da:ee:aa:ff:08:bc]

RSSI: -57 [da:ee:aa:ff:0c:3a]

RSSI: -70 [da:ee:aa:ff:0c:bb]

RSSI: -82 [da:ee:aa:ff:08:bc]

RSSI: -70 [da:ee:aa:ff:0c:db]

RSSI: -60 [da:ee:aa:ff:0c:5a]

RSSI: -70 [da:ee:aa:ff:0c:db]

RSSI: -60 [da:ee:aa:ff:0c:5a]

RSSI: -70 [da:ee:aa:ff:0c:fb]

RSSI: -60 [da:ee:aa:ff:0c:5a]

RSSI: -71 [da:ee:aa:ff:0c:fb]

RSSI: -62 [da:ee:aa:ff:0d:1b]

RSSI: -60 [da:ee:aa:ff:0c:9a]

RSSI: -64 [da:ee:aa:ff:0d:1b]

RSSI: -60 [da:ee:aa:ff:0c:9a]

RSSI: -60 [da:ee:aa:ff:0c:9a]

RSSI: -69 [da:ee:aa:ff:0d:1b]

RSSI: -57 [da:ee:aa:ff:0c:ba]

RSSI: -70 [da:ee:aa:ff:0d:5b]

RSSI: -70 [da:ee:aa:ff:0d:5b]

RSSI: -57 [da:ee:aa:ff:0c:da]

RSSI: -70 [da:ee:aa:ff:0d:5b]

RSSI: -82 [da:ee:aa:ff:09:3c]

RSSI: -79 [da:ee:aa:ff:09:5c]

RSSI: -70 [da:ee:aa:ff:0d:6b]

RSSI: -70 [da:ee:aa:ff:0d:6b]

RSSI: -70 [da:ee:aa:ff:0d:6b]

RSSI: -60 [da:ee:aa:ff:0c:ea]

RSSI: -70 [da:ee:aa:ff:0d:8b]

RSSI: -84 [da:ee:aa:ff:09:5c]

RSSI: -60 [da:ee:aa:ff:0c:ea]

RSSI: -69 [da:ee:aa:ff:0d:ab]

RSSI: -59 [da:ee:aa:ff:0d:0a]

RSSI: -69 [da:ee:aa:ff:0d:ab]

RSSI: -69 [da:ee:aa:ff:0d:ab]

RSSI: -59 [da:ee:aa:ff:0d:2a]

RSSI: -69 [da:ee:aa:ff:0d:ab]

RSSI: -59 [da:ee:aa:ff:0d:2a]

RSSI: -69 [da:ee:aa:ff:0d:ab]

RSSI: -59 [da:ee:aa:ff:0d:2a]

RSSI: -81 [da:ee:aa:ff:09:ac]

RSSI: -83 [da:ee:aa:ff:09:ac]

RSSI: -71 [da:ee:aa:ff:0d:cb]

RSSI: -81 [da:ee:aa:ff:09:ac]

RSSI: -71 [da:ee:aa:ff:0d:cb]

RSSI: -81 [da:ee:aa:ff:09:ac]

RSSI: -70 [da:ee:aa:ff:0d:eb]

RSSI: -61 [da:ee:aa:ff:0d:7a]

RSSI: -70 [da:ee:aa:ff:0d:eb]

RSSI: -61 [da:ee:aa:ff:0d:7a]

RSSI: -84 [da:ee:aa:ff:09:dc]

RSSI: -70 [da:ee:aa:ff:0d:eb]

RSSI: -60 [da:ee:aa:ff:0d:7a]

RSSI: -83 [da:ee:aa:ff:09:dc]

RSSI: -70 [da:ee:aa:ff:0d:eb]

RSSI: -61 [da:ee:aa:ff:0d:7a]

RSSI: -69 [da:ee:aa:ff:0e:1b]

RSSI: -59 [da:ee:aa:ff:0d:8a]

RSSI: -70 [da:ee:aa:ff:0e:1b]

RSSI: -81 [da:ee:aa:ff:0a:1c]

RSSI: -58 [da:ee:aa:ff:0d:ca]

RSSI: -59 [da:ee:aa:ff:0d:ca]

RSSI: -81 [da:ee:aa:ff:0a:3c]

RSSI: -59 [da:ee:aa:ff:0d:ca]

RSSI: -81 [da:ee:aa:ff:0a:3c]

RSSI: -59 [da:ee:aa:ff:0d:ca]

RSSI: -61 [da:ee:aa:ff:0d:ea]

RSSI: -61 [da:ee:aa:ff:0d:ea]

RSSI: -61 [da:ee:aa:ff:0d:ea]

RSSI: -81 [da:ee:aa:ff:0a:5c]

RSSI: -70 [da:ee:aa:ff:0e:6b]

RSSI: -71 [da:ee:aa:ff:0e:6b]

RSSI: -61 [da:ee:aa:ff:0d:fa]

RSSI: -60 [da:ee:aa:ff:0e:1a]

RSSI: -70 [da:ee:aa:ff:0e:8b]

RSSI: -60 [da:ee:aa:ff:0e:1a]

RSSI: -60 [da:ee:aa:ff:0e:1a]

RSSI: -60 [da:ee:aa:ff:0e:1a]

RSSI: -70 [da:ee:aa:ff:0e:9b]

RSSI: -60 [da:ee:aa:ff:0e:1a]

RSSI: -80 [da:ee:aa:ff:0a:ac]

RSSI: -71 [da:ee:aa:ff:0e:bb]

RSSI: -58 [da:ee:aa:ff:0e:2a]

RSSI: -79 [da:ee:aa:ff:0a:ac]

RSSI: -72 [da:ee:aa:ff:0e:bb]

RSSI: -80 [da:ee:aa:ff:0a:ac]

RSSI: -71 [da:ee:aa:ff:0e:bb]

RSSI: -79 [da:ee:aa:ff:0a:ac]

RSSI: -58 [da:ee:aa:ff:0e:4a]

RSSI: -80 [da:ee:aa:ff:0a:ac]

RSSI: -59 [da:ee:aa:ff:0e:4a]

RSSI: -84 [da:ee:aa:ff:0a:dc]

RSSI: -51 [da:ee:aa:ff:0e:5a]

RSSI: -48 [da:ee:aa:ff:0e:5a]

RSSI: -60 [da:ee:aa:ff:0e:5a]

RSSI: -60 [da:ee:aa:ff:0e:7a]

RSSI: -71 [da:ee:aa:ff:0f:1b]

RSSI: -71 [da:ee:aa:ff:0f:1b]

RSSI: -60 [da:ee:aa:ff:0e:9a]

RSSI: -60 [da:ee:aa:ff:0e:9a]

RSSI: -88 [da:ee:aa:ff:0a:ec]

RSSI: -71 [da:ee:aa:ff:0f:3b]

RSSI: -59 [da:ee:aa:ff:0e:ba]

RSSI: -72 [da:ee:aa:ff:0f:4b]

RSSI: -71 [da:ee:aa:ff:0f:4b]

RSSI: -59 [da:ee:aa:ff:0e:ba]

RSSI: -72 [da:ee:aa:ff:0f:4b]

RSSI: -59 [da:ee:aa:ff:0e:ba]

RSSI: -72 [da:ee:aa:ff:0f:4b]

RSSI: -71 [da:ee:aa:ff:0f:4b]

RSSI: -52 [da:ee:aa:ff:0f:6b]

RSSI: -59 [da:ee:aa:ff:0e:ea]

RSSI: -70 [da:ee:aa:ff:0f:6b]

RSSI: -59 [da:ee:aa:ff:0e:ea]

RSSI: -59 [da:ee:aa:ff:0e:ea]

RSSI: -59 [da:ee:aa:ff:0e:ea]

RSSI: -59 [da:ee:aa:ff:0e:ea]

RSSI: -72 [da:ee:aa:ff:0f:8b]

RSSI: -61 [da:ee:aa:ff:0f:0a]

RSSI: -73 [da:ee:aa:ff:0f:8b]

RSSI: -61 [da:ee:aa:ff:0f:0a]

RSSI: -61 [da:ee:aa:ff:0f:0a]

RSSI: -72 [da:ee:aa:ff:0f:8b]

RSSI: -72 [da:ee:aa:ff:0f:8b]

RSSI: -60 [da:ee:aa:ff:0f:3a]

RSSI: -73 [da:ee:aa:ff:0f:bb]

RSSI: -65 [da:ee:aa:ff:0b:8c]

RSSI: -60 [da:ee:aa:ff:0f:3a]

RSSI: -72 [da:ee:aa:ff:0f:bb]

RSSI: -60 [da:ee:aa:ff:0f:3a]

RSSI: -72 [da:ee:aa:ff:0f:bb]

RSSI: -60 [da:ee:aa:ff:0f:3a]

RSSI: -72 [da:ee:aa:ff:0f:bb]

RSSI: -59 [da:ee:aa:ff:0f:5a]

RSSI: -59 [da:ee:aa:ff:0f:5a]

RSSI: -69 [da:ee:aa:ff:0f:cb]

RSSI: -59 [da:ee:aa:ff:0f:7a]

RSSI: -72 [da:ee:aa:ff:0f:fb]

RSSI: -88 [da:ee:aa:ff:0b:dc]

RSSI: -72 [da:ee:aa:ff:10:0b]

RSSI: -81 [da:ee:aa:ff:0c:0c]

RSSI: -82 [da:ee:aa:ff:0c:0c]

RSSI: -72 [da:ee:aa:ff:10:2b]

RSSI: -81 [da:ee:aa:ff:0c:0c]

RSSI: -58 [da:ee:aa:ff:0f:ca]

RSSI: -72 [da:ee:aa:ff:10:2b]

RSSI: -83 [da:ee:aa:ff:0c:0c]

RSSI: -58 [da:ee:aa:ff:0f:ca]

RSSI: -58 [da:ee:aa:ff:0f:ea]

RSSI: -60 [da:ee:aa:ff:0f:ea]

RSSI: -57 [da:ee:aa:ff:0f:ea]

RSSI: -60 [da:ee:aa:ff:0f:ea]

RSSI: -54 [da:ee:aa:ff:10:7b]

RSSI: -87 [da:ee:aa:ff:0c:5c]

RSSI: -70 [da:ee:aa:ff:10:7b]

RSSI: -61 [da:ee:aa:ff:10:2a]

RSSI: -57 [da:ee:aa:ff:10:7b]

RSSI: -61 [da:ee:aa:ff:10:2a]

RSSI: -87 [da:ee:aa:ff:0c:5c]

RSSI: -61 [da:ee:aa:ff:10:2a]

RSSI: -86 [da:ee:aa:ff:0c:5c]

RSSI: -72 [da:ee:aa:ff:10:9b]

RSSI: -82 [da:ee:aa:ff:0c:7c]

RSSI: -59 [da:ee:aa:ff:10:3a]

RSSI: -72 [da:ee:aa:ff:10:9b]

RSSI: -83 [da:ee:aa:ff:0c:7c]

RSSI: -59 [da:ee:aa:ff:10:3a]

RSSI: -72 [da:ee:aa:ff:10:9b]

RSSI: -59 [da:ee:aa:ff:10:3a]

RSSI: -59 [da:ee:aa:ff:10:3a]

RSSI: -60 [da:ee:aa:ff:10:8a]

RSSI: -71 [da:ee:aa:ff:10:cb]

RSSI: -60 [da:ee:aa:ff:10:8a]

RSSI: -87 [da:ee:aa:ff:0c:cc]

RSSI: -60 [da:ee:aa:ff:10:8a]

RSSI: -71 [da:ee:aa:ff:10:db]

RSSI: -82 [da:ee:aa:ff:0d:0c]

RSSI: -53 [da:ee:aa:ff:10:ca]

RSSI: -73 [da:ee:aa:ff:10:fb]

RSSI: -82 [da:ee:aa:ff:0d:0c]

RSSI: -73 [da:ee:aa:ff:10:fb]

RSSI: -82 [da:ee:aa:ff:0d:0c]

RSSI: -59 [da:ee:aa:ff:10:ca]

RSSI: -73 [da:ee:aa:ff:10:fb]

RSSI: -81 [da:ee:aa:ff:0d:0c]

RSSI: -60 [da:ee:aa:ff:10:ca]

RSSI: -73 [da:ee:aa:ff:10:fb]

RSSI: -82 [da:ee:aa:ff:0d:0c]

RSSI: -73 [da:ee:aa:ff:10:fb]

RSSI: -58 [da:ee:aa:ff:10:ea]

RSSI: -70 [da:ee:aa:ff:11:3b]

RSSI: -59 [da:ee:aa:ff:10:ea]

RSSI: -70 [da:ee:aa:ff:11:3b]

RSSI: -70 [da:ee:aa:ff:11:3b]

RSSI: -59 [da:ee:aa:ff:11:0a]

RSSI: -84 [da:ee:aa:ff:0d:3c]

RSSI: -70 [da:ee:aa:ff:11:3b]

RSSI: -59 [da:ee:aa:ff:11:0a]

RSSI: -60 [da:ee:aa:ff:11:1a]

RSSI: -86 [da:ee:aa:ff:0d:5c]

RSSI: -70 [da:ee:aa:ff:11:5b]

RSSI: -60 [da:ee:aa:ff:11:1a]

RSSI: -70 [da:ee:aa:ff:11:5b]

RSSI: -60 [da:ee:aa:ff:11:1a]

RSSI: -71 [da:ee:aa:ff:11:5b]

RSSI: -60 [da:ee:aa:ff:11:1a]

RSSI: -85 [da:ee:aa:ff:0d:5c]

RSSI: -60 [da:ee:aa:ff:11:3a]

RSSI: -61 [da:ee:aa:ff:11:8b]

RSSI: -55 [da:ee:aa:ff:11:8b]

RSSI: -69 [da:ee:aa:ff:11:8b]

RSSI: -60 [da:ee:aa:ff:11:5a]

RSSI: -55 [da:ee:aa:ff:11:8b]

RSSI: -60 [da:ee:aa:ff:11:5a]

RSSI: -70 [da:ee:aa:ff:11:ab]

RSSI: -59 [da:ee:aa:ff:11:6a]

RSSI: -69 [da:ee:aa:ff:11:ab]

RSSI: -59 [da:ee:aa:ff:11:6a]

RSSI: -85 [da:ee:aa:ff:0d:bc]

RSSI: -58 [da:ee:aa:ff:11:6a]

RSSI: -70 [da:ee:aa:ff:11:bb]

RSSI: -58 [da:ee:aa:ff:11:6a]

RSSI: -70 [da:ee:aa:ff:11:bb]

RSSI: -84 [da:ee:aa:ff:0d:bc]

RSSI: -58 [da:ee:aa:ff:11:6a]

RSSI: -70 [da:ee:aa:ff:11:bb]

RSSI: -60 [da:ee:aa:ff:11:8a]

RSSI: -70 [da:ee:aa:ff:11:cb]

RSSI: -59 [da:ee:aa:ff:11:aa]

RSSI: -70 [da:ee:aa:ff:11:cb]

RSSI: -59 [da:ee:aa:ff:11:aa]

RSSI: -70 [da:ee:aa:ff:11:cb]

RSSI: -69 [da:ee:aa:ff:0d:fc]

RSSI: -70 [da:ee:aa:ff:11:cb]

RSSI: -59 [da:ee:aa:ff:11:aa]

RSSI: -65 [da:ee:aa:ff:0e:1c]

RSSI: -72 [da:ee:aa:ff:11:fb]

RSSI: -71 [da:ee:aa:ff:11:fb]

RSSI: -75 [da:ee:aa:ff:0e:1c]

RSSI: -72 [da:ee:aa:ff:11:fb]

RSSI: -72 [da:ee:aa:ff:11:fb]

RSSI: -58 [da:ee:aa:ff:11:ea]

RSSI: -70 [da:ee:aa:ff:12:0b]

RSSI: -58 [da:ee:aa:ff:11:ea]

RSSI: -70 [da:ee:aa:ff:12:0b]

RSSI: -70 [da:ee:aa:ff:12:0b]

RSSI: -49 [da:ee:aa:ff:11:ea]

RSSI: -84 [da:ee:aa:ff:0e:5c]

RSSI: -53 [da:ee:aa:ff:11:ea]

RSSI: -70 [da:ee:aa:ff:12:1b]

RSSI: -71 [da:ee:aa:ff:12:2b]

RSSI: -85 [da:ee:aa:ff:0e:7c]

RSSI: -71 [da:ee:aa:ff:12:2b]

RSSI: -86 [da:ee:aa:ff:0e:7c]

RSSI: -71 [da:ee:aa:ff:12:2b]

RSSI: -71 [da:ee:aa:ff:12:2b]

RSSI: -85 [da:ee:aa:ff:0e:7c]

RSSI: -71 [da:ee:aa:ff:12:2b]

RSSI: -72 [da:ee:aa:ff:12:3b]

RSSI: -60 [da:ee:aa:ff:12:2a]

RSSI: -54 [da:ee:aa:ff:12:5b]

RSSI: -55 [da:ee:aa:ff:12:5b]

RSSI: -84 [da:ee:aa:ff:0e:cc]

RSSI: -65 [da:ee:aa:ff:12:7b]

RSSI: -84 [da:ee:aa:ff:0e:cc]

RSSI: -69 [da:ee:aa:ff:12:7b]

RSSI: -84 [da:ee:aa:ff:0e:cc]

RSSI: -70 [da:ee:aa:ff:12:7b]

RSSI: -59 [da:ee:aa:ff:12:5a]

RSSI: -70 [da:ee:aa:ff:12:7b]

RSSI: -59 [da:ee:aa:ff:12:5a]

RSSI: -70 [da:ee:aa:ff:12:7b]

RSSI: -60 [da:ee:aa:ff:12:6a]

RSSI: -71 [da:ee:aa:ff:12:9b]

RSSI: -71 [da:ee:aa:ff:12:9b]

RSSI: -88 [da:ee:aa:ff:0e:fc]

RSSI: -71 [da:ee:aa:ff:12:9b]

RSSI: -71 [da:ee:aa:ff:12:9b]

RSSI: -72 [da:ee:aa:ff:12:bb]

RSSI: -73 [da:ee:aa:ff:12:bb]

RSSI: -81 [da:ee:aa:ff:0f:1c]

RSSI: -81 [da:ee:aa:ff:0f:1c]

RSSI: -59 [da:ee:aa:ff:12:ba]

RSSI: -70 [da:ee:aa:ff:12:eb]

RSSI: -59 [da:ee:aa:ff:12:ba]

RSSI: -59 [da:ee:aa:ff:12:ba]

RSSI: -59 [da:ee:aa:ff:12:ba]

RSSI: -90 [da:ee:aa:ff:0f:6c]

RSSI: -60 [da:ee:aa:ff:12:ea]

RSSI: -71 [da:ee:aa:ff:13:0b]

RSSI: -88 [da:ee:aa:ff:0f:6c]

RSSI: -71 [da:ee:aa:ff:13:1b]

RSSI: -46 [da:ee:aa:ff:12:ea]

RSSI: -71 [da:ee:aa:ff:13:1b]

RSSI: -72 [da:ee:aa:ff:13:3b]

RSSI: -72 [da:ee:aa:ff:13:3b]

RSSI: -80 [da:ee:aa:ff:0f:ac]

RSSI: -72 [da:ee:aa:ff:13:3b]

RSSI: -81 [da:ee:aa:ff:0f:ac]

RSSI: -72 [da:ee:aa:ff:13:3b]

RSSI: -80 [da:ee:aa:ff:0f:ac]

RSSI: -60 [da:ee:aa:ff:13:2a]

RSSI: -69 [da:ee:aa:ff:13:6b]

RSSI: -82 [da:ee:aa:ff:0f:cc]

RSSI: -69 [da:ee:aa:ff:13:6b]

RSSI: -87 [da:ee:aa:ff:0f:cc]

RSSI: -54 [da:ee:aa:ff:13:6b]

RSSI: -60 [da:ee:aa:ff:13:6b]

RSSI: -62 [da:ee:aa:ff:13:8b]

RSSI: -59 [da:ee:aa:ff:13:4a]

RSSI: -57 [da:ee:aa:ff:13:8b]

RSSI: -59 [da:ee:aa:ff:13:4a]

RSSI: -70 [da:ee:aa:ff:13:8b]

RSSI: -59 [da:ee:aa:ff:13:4a]

RSSI: -91 [da:ee:aa:ff:0f:fc]

RSSI: -71 [da:ee:aa:ff:13:8b]

RSSI: -89 [da:ee:aa:ff:0f:fc]

RSSI: -90 [da:ee:aa:ff:0f:fc]

RSSI: -59 [da:ee:aa:ff:13:8a]

RSSI: -72 [da:ee:aa:ff:13:bb]

RSSI: -79 [da:ee:aa:ff:10:1c]

RSSI: -59 [da:ee:aa:ff:13:8a]

RSSI: -71 [da:ee:aa:ff:13:bb]

RSSI: -80 [da:ee:aa:ff:10:1c]

RSSI: -59 [da:ee:aa:ff:13:8a]

RSSI: -71 [da:ee:aa:ff:13:bb]

RSSI: -79 [da:ee:aa:ff:10:1c]

RSSI: -59 [da:ee:aa:ff:13:8a]

RSSI: -72 [da:ee:aa:ff:13:bb]

RSSI: -69 [da:ee:aa:ff:13:db]

RSSI: -60 [da:ee:aa:ff:13:aa]

RSSI: -70 [da:ee:aa:ff:13:db]

RSSI: -69 [da:ee:aa:ff:13:db]

RSSI: -82 [da:ee:aa:ff:10:4c]

RSSI: -69 [da:ee:aa:ff:13:eb]

RSSI: -60 [da:ee:aa:ff:13:ba]

RSSI: -82 [da:ee:aa:ff:10:4c]

RSSI: -70 [da:ee:aa:ff:13:eb]

RSSI: -60 [da:ee:aa:ff:13:ba]

RSSI: -70 [da:ee:aa:ff:13:fb]

RSSI: -58 [da:ee:aa:ff:13:da]

RSSI: -71 [da:ee:aa:ff:13:fb]

RSSI: -59 [da:ee:aa:ff:13:da]

RSSI: -58 [da:ee:aa:ff:13:da]

RSSI: -70 [da:ee:aa:ff:13:fb]

RSSI: -58 [da:ee:aa:ff:13:da]

RSSI: -79 [da:ee:aa:ff:10:9c]

RSSI: -72 [da:ee:aa:ff:14:2b]

RSSI: -70 [da:ee:aa:ff:14:3b]

RSSI: -60 [da:ee:aa:ff:14:1a]

RSSI: -84 [da:ee:aa:ff:10:bc]

RSSI: -70 [da:ee:aa:ff:14:3b]

RSSI: -48 [da:ee:aa:ff:14:1a]

RSSI: -70 [da:ee:aa:ff:14:3b]

RSSI: -60 [da:ee:aa:ff:14:1a]

RSSI: -70 [da:ee:aa:ff:14:3b]

RSSI: -60 [da:ee:aa:ff:14:1a]

RSSI: -60 [da:ee:aa:ff:14:1a]

RSSI: -54 [da:ee:aa:ff:14:6b]

RSSI: -58 [da:ee:aa:ff:14:5a]

RSSI: -67 [da:ee:aa:ff:14:6b]

RSSI: -58 [da:ee:aa:ff:14:5a]

RSSI: -70 [da:ee:aa:ff:14:6b]

RSSI: -65 [da:ee:aa:ff:14:6b]

RSSI: -58 [da:ee:aa:ff:14:7a]

RSSI: -73 [da:ee:aa:ff:14:7b]

RSSI: -58 [da:ee:aa:ff:14:7a]

RSSI: -58 [da:ee:aa:ff:14:7a]

RSSI: -72 [da:ee:aa:ff:14:9b]

RSSI: -78 [da:ee:aa:ff:11:1c]

RSSI: -70 [da:ee:aa:ff:14:ab]

RSSI: -62 [da:ee:aa:ff:14:aa]

RSSI: -70 [da:ee:aa:ff:14:ab]

RSSI: -61 [da:ee:aa:ff:14:aa]

RSSI: -61 [da:ee:aa:ff:14:aa]

RSSI: -61 [da:ee:aa:ff:14:aa]

RSSI: -61 [da:ee:aa:ff:14:aa]

RSSI: -71 [da:ee:aa:ff:14:bb]

RSSI: -59 [da:ee:aa:ff:14:ca]

RSSI: -59 [da:ee:aa:ff:14:ca]

RSSI: -91 [da:ee:aa:ff:11:6c]

RSSI: -59 [da:ee:aa:ff:14:ca]

RSSI: -57 [da:ee:aa:ff:14:fa]

RSSI: -57 [da:ee:aa:ff:14:fa]

RSSI: -57 [da:ee:aa:ff:14:fa]

RSSI: -62 [da:ee:aa:ff:15:1a]

RSSI: -70 [da:ee:aa:ff:15:2b]

RSSI: -61 [da:ee:aa:ff:15:1a]

RSSI: -70 [da:ee:aa:ff:15:2b]

RSSI: -70 [da:ee:aa:ff:15:2b]

RSSI: -56 [da:ee:aa:ff:15:3a]

RSSI: -83 [da:ee:aa:ff:11:bc]

RSSI: -70 [da:ee:aa:ff:15:2b]

RSSI: -62 [da:ee:aa:ff:15:3a]

RSSI: -83 [da:ee:aa:ff:11:bc]

RSSI: -55 [da:ee:aa:ff:15:4a]

RSSI: -71 [da:ee:aa:ff:15:4b]

RSSI: -70 [da:ee:aa:ff:15:4b]

RSSI: -60 [da:ee:aa:ff:15:4a]

RSSI: -71 [da:ee:aa:ff:15:5b]

RSSI: -60 [da:ee:aa:ff:15:4a]

RSSI: -57 [da:ee:aa:ff:15:6a]

RSSI: -58 [da:ee:aa:ff:15:7b]

RSSI: -78 [da:ee:aa:ff:11:fc]

RSSI: -55 [da:ee:aa:ff:15:7b]

RSSI: -79 [da:ee:aa:ff:11:fc]

RSSI: -78 [da:ee:aa:ff:11:fc]

RSSI: -79 [da:ee:aa:ff:11:fc]

RSSI: -70 [da:ee:aa:ff:15:9b]

RSSI: -62 [da:ee:aa:ff:15:9a]

RSSI: -61 [da:ee:aa:ff:15:9a]

RSSI: -84 [da:ee:aa:ff:12:2c]

RSSI: -61 [da:ee:aa:ff:15:9a]

RSSI: -83 [da:ee:aa:ff:12:2c]

RSSI: -70 [da:ee:aa:ff:15:ab]

RSSI: -71 [da:ee:aa:ff:15:cb]

RSSI: -60 [da:ee:aa:ff:15:da]

RSSI: -71 [da:ee:aa:ff:15:cb]

RSSI: -60 [da:ee:aa:ff:15:da]

RSSI: -72 [da:ee:aa:ff:15:cb]

RSSI: -60 [da:ee:aa:ff:15:da]

RSSI: -71 [da:ee:aa:ff:15:cb]

RSSI: -60 [da:ee:aa:ff:15:da]

RSSI: -87 [da:ee:aa:ff:12:3c]

RSSI: -78 [da:ee:aa:ff:12:5c]

RSSI: -58 [da:ee:aa:ff:15:ea]

RSSI: -74 [da:ee:aa:ff:15:eb]

RSSI: -79 [da:ee:aa:ff:12:5c]

RSSI: -58 [da:ee:aa:ff:15:ea]

RSSI: -73 [da:ee:aa:ff:15:eb]

RSSI: -79 [da:ee:aa:ff:12:5c]

RSSI: -58 [da:ee:aa:ff:15:ea]

RSSI: -73 [da:ee:aa:ff:15:eb]

RSSI: -79 [da:ee:aa:ff:12:5c]

RSSI: -73 [da:ee:aa:ff:15:eb]

RSSI: -61 [da:ee:aa:ff:16:2a]

RSSI: -76 [da:ee:aa:ff:12:7c]

RSSI: -70 [da:ee:aa:ff:16:0b]

RSSI: -62 [da:ee:aa:ff:16:2a]

RSSI: -70 [da:ee:aa:ff:16:0b]

RSSI: -62 [da:ee:aa:ff:16:2a]

RSSI: -70 [da:ee:aa:ff:16:0b]

RSSI: -83 [da:ee:aa:ff:12:8c]

RSSI: -62 [da:ee:aa:ff:16:2a]

RSSI: -71 [da:ee:aa:ff:16:4b]

RSSI: -71 [da:ee:aa:ff:16:4b]

RSSI: -86 [da:ee:aa:ff:12:9c]

RSSI: -60 [da:ee:aa:ff:16:3a]

RSSI: -72 [da:ee:aa:ff:16:4b]

RSSI: -60 [da:ee:aa:ff:16:3a]

RSSI: -71 [da:ee:aa:ff:16:4b]

RSSI: -86 [da:ee:aa:ff:12:9c]

RSSI: -60 [da:ee:aa:ff:16:5a]

RSSI: -79 [da:ee:aa:ff:12:bc]

RSSI: -73 [da:ee:aa:ff:00:0b]

RSSI: -79 [da:ee:aa:ff:12:bc]

RSSI: -74 [da:ee:aa:ff:00:0b]

RSSI: -78 [da:ee:aa:ff:12:bc]

RSSI: -82 [da:ee:aa:ff:12:cc]

RSSI: -82 [da:ee:aa:ff:12:cc]

RSSI: -70 [da:ee:aa:ff:00:1b]

RSSI: -85 [da:ee:aa:ff:12:ec]

RSSI: -71 [da:ee:aa:ff:00:4b]

RSSI: -85 [da:ee:aa:ff:12:ec]

RSSI: -71 [da:ee:aa:ff:00:4b]

RSSI: -60 [da:ee:aa:ff:00:5a]

RSSI: -71 [da:ee:aa:ff:00:4b]

RSSI: -71 [da:ee:aa:ff:00:4b]

RSSI: -85 [da:ee:aa:ff:12:ec]

RSSI: -74 [da:ee:aa:ff:00:5b]

RSSI: -79 [da:ee:aa:ff:13:1c]

RSSI: -74 [da:ee:aa:ff:00:5b]

RSSI: -79 [da:ee:aa:ff:13:1c]

RSSI: -74 [da:ee:aa:ff:00:5b]

RSSI: -58 [da:ee:aa:ff:00:8a]

RSSI: -58 [da:ee:aa:ff:00:8a]

RSSI: -57 [da:ee:aa:ff:00:8a]

RSSI: -70 [da:ee:aa:ff:00:9b]

RSSI: -61 [da:ee:aa:ff:00:aa]

RSSI: -61 [da:ee:aa:ff:00:aa]

RSSI: -79 [da:ee:aa:ff:13:3c]

RSSI: -61 [da:ee:aa:ff:00:aa]

RSSI: -82 [da:ee:aa:ff:13:3c]

RSSI: -61 [da:ee:aa:ff:00:aa]

RSSI: -66 [da:ee:aa:ff:13:3c]

RSSI: -59 [da:ee:aa:ff:00:da]

RSSI: -71 [da:ee:aa:ff:00:bb]

RSSI: -59 [da:ee:aa:ff:00:da]

RSSI: -71 [da:ee:aa:ff:00:db]

RSSI: -59 [da:ee:aa:ff:00:da]

RSSI: -71 [da:ee:aa:ff:00:db]

RSSI: -59 [da:ee:aa:ff:00:da]

RSSI: -74 [da:ee:aa:ff:00:fb]

RSSI: -80 [da:ee:aa:ff:13:6c]

RSSI: -58 [da:ee:aa:ff:00:ea]

RSSI: -74 [da:ee:aa:ff:00:fb]

RSSI: -80 [da:ee:aa:ff:13:6c]

RSSI: -58 [da:ee:aa:ff:00:ea]

RSSI: -74 [da:ee:aa:ff:00:fb]

RSSI: -80 [da:ee:aa:ff:13:6c]

RSSI: -58 [da:ee:aa:ff:00:ea]

RSSI: -74 [da:ee:aa:ff:00:fb]

RSSI: -80 [da:ee:aa:ff:13:6c]

RSSI: -74 [da:ee:aa:ff:00:fb]

RSSI: -70 [da:ee:aa:ff:01:2b]

RSSI: -48 [da:ee:aa:ff:01:1a]

RSSI: -61 [da:ee:aa:ff:01:1a]

RSSI: -48 [da:ee:aa:ff:01:1a]

RSSI: -61 [da:ee:aa:ff:01:1a]

RSSI: -59 [da:ee:aa:ff:01:3a]

RSSI: -68 [da:ee:aa:ff:01:3b]

RSSI: -58 [da:ee:aa:ff:01:3a]

RSSI: -70 [da:ee:aa:ff:01:3b]

RSSI: -58 [da:ee:aa:ff:01:3a]

RSSI: -71 [da:ee:aa:ff:01:3b]

RSSI: -87 [da:ee:aa:ff:13:9c]

RSSI: -79 [da:ee:aa:ff:13:bc]

RSSI: -58 [da:ee:aa:ff:01:6a]

RSSI: -73 [da:ee:aa:ff:01:6b]

RSSI: -79 [da:ee:aa:ff:13:bc]

RSSI: -58 [da:ee:aa:ff:01:6a]

RSSI: -73 [da:ee:aa:ff:01:6b]

RSSI: -79 [da:ee:aa:ff:13:bc]

RSSI: -58 [da:ee:aa:ff:01:6a]

RSSI: -73 [da:ee:aa:ff:01:6b]

RSSI: -58 [da:ee:aa:ff:01:6a]

RSSI: -73 [da:ee:aa:ff:01:6b]

RSSI: -79 [da:ee:aa:ff:13:bc]

RSSI: -58 [da:ee:aa:ff:01:6a]

RSSI: -82 [da:ee:aa:ff:13:dc]

RSSI: -60 [da:ee:aa:ff:01:8a]

RSSI: -81 [da:ee:aa:ff:13:ec]

RSSI: -69 [da:ee:aa:ff:01:9b]

RSSI: -60 [da:ee:aa:ff:01:9a]

RSSI: -69 [da:ee:aa:ff:01:9b]

RSSI: -60 [da:ee:aa:ff:01:9a]

RSSI: -58 [da:ee:aa:ff:01:ba]

RSSI: -59 [da:ee:aa:ff:01:ba]

RSSI: -58 [da:ee:aa:ff:01:ba]

RSSI: -71 [da:ee:aa:ff:01:bb]

RSSI: -58 [da:ee:aa:ff:01:ba]

RSSI: -71 [da:ee:aa:ff:01:bb]

RSSI: -59 [da:ee:aa:ff:01:ba]

RSSI: -71 [da:ee:aa:ff:01:bb]

RSSI: -79 [da:ee:aa:ff:14:2c]

RSSI: -79 [da:ee:aa:ff:14:2c]

RSSI: -73 [da:ee:aa:ff:01:db]

RSSI: -79 [da:ee:aa:ff:14:2c]

RSSI: -58 [da:ee:aa:ff:01:fa]

RSSI: -58 [da:ee:aa:ff:01:fa]

RSSI: -82 [da:ee:aa:ff:14:3c]

RSSI: -60 [da:ee:aa:ff:02:0a]

RSSI: -59 [da:ee:aa:ff:02:0a]

RSSI: -82 [da:ee:aa:ff:14:4c]

RSSI: -82 [da:ee:aa:ff:14:4c]

RSSI: -59 [da:ee:aa:ff:02:0a]

RSSI: -71 [da:ee:aa:ff:02:2b]

RSSI: -71 [da:ee:aa:ff:02:2b]

RSSI: -89 [da:ee:aa:ff:14:5c]

RSSI: -45 [da:ee:aa:ff:02:3a]

RSSI: -71 [da:ee:aa:ff:02:2b]

RSSI: -47 [da:ee:aa:ff:02:3a]

RSSI: -71 [da:ee:aa:ff:02:2b]

RSSI: -71 [da:ee:aa:ff:02:2b]

RSSI: -58 [da:ee:aa:ff:02:5a]

RSSI: -79 [da:ee:aa:ff:14:8c]

RSSI: -56 [da:ee:aa:ff:02:4b]

RSSI: -78 [da:ee:aa:ff:14:8c]

RSSI: -58 [da:ee:aa:ff:02:5a]

RSSI: -80 [da:ee:aa:ff:14:8c]

RSSI: -58 [da:ee:aa:ff:02:5a]

RSSI: -79 [da:ee:aa:ff:14:8c]

RSSI: -72 [da:ee:aa:ff:02:6b]

RSSI: -70 [da:ee:aa:ff:02:8b]

RSSI: -59 [da:ee:aa:ff:02:8a]

RSSI: -69 [da:ee:aa:ff:02:8b]

RSSI: -59 [da:ee:aa:ff:02:8a]

RSSI: -70 [da:ee:aa:ff:02:8b]

RSSI: -59 [da:ee:aa:ff:02:8a]

RSSI: -70 [da:ee:aa:ff:02:8b]

RSSI: -59 [da:ee:aa:ff:02:8a]

RSSI: -82 [da:ee:aa:ff:14:ac]

RSSI: -70 [da:ee:aa:ff:02:8b]

RSSI: -59 [da:ee:aa:ff:02:8a]

RSSI: -59 [da:ee:aa:ff:02:aa]

RSSI: -59 [da:ee:aa:ff:02:aa]

RSSI: -59 [da:ee:aa:ff:02:aa]

RSSI: -59 [da:ee:aa:ff:02:aa]

RSSI: -71 [da:ee:aa:ff:02:cb]

RSSI: -59 [da:ee:aa:ff:02:ca]

RSSI: -65 [da:ee:aa:ff:14:ec]

RSSI: -58 [da:ee:aa:ff:02:da]

RSSI: -58 [da:ee:aa:ff:02:da]

RSSI: -59 [da:ee:aa:ff:02:da]

RSSI: -70 [da:ee:aa:ff:03:0b]

RSSI: -83 [da:ee:aa:ff:14:fc]

RSSI: -60 [da:ee:aa:ff:02:fa]

RSSI: -70 [da:ee:aa:ff:03:0b]

RSSI: -60 [da:ee:aa:ff:02:fa]

RSSI: -70 [da:ee:aa:ff:03:0b]

RSSI: -70 [da:ee:aa:ff:03:0b]

RSSI: -83 [da:ee:aa:ff:15:0c]

RSSI: -60 [da:ee:aa:ff:03:1a]

RSSI: -70 [da:ee:aa:ff:03:0b]

RSSI: -60 [da:ee:aa:ff:03:1a]

RSSI: -71 [da:ee:aa:ff:03:1b]

RSSI: -59 [da:ee:aa:ff:03:2a]

RSSI: -70 [da:ee:aa:ff:03:1b]

RSSI: -59 [da:ee:aa:ff:03:2a]

RSSI: -70 [da:ee:aa:ff:03:1b]

RSSI: -59 [da:ee:aa:ff:03:2a]

RSSI: -53 [da:ee:aa:ff:03:5b]

RSSI: -82 [da:ee:aa:ff:15:5c]

RSSI: -60 [da:ee:aa:ff:03:7a]

RSSI: -60 [da:ee:aa:ff:03:7a]

RSSI: -70 [da:ee:aa:ff:03:7b]

RSSI: -82 [da:ee:aa:ff:15:6c]

RSSI: -60 [da:ee:aa:ff:03:7a]

RSSI: -53 [da:ee:aa:ff:03:7b]

RSSI: -83 [da:ee:aa:ff:15:6c]

RSSI: -60 [da:ee:aa:ff:03:7a]

RSSI: -60 [da:ee:aa:ff:03:7b]

RSSI: -82 [da:ee:aa:ff:15:6c]

RSSI: -60 [da:ee:aa:ff:03:7a]

RSSI: -70 [da:ee:aa:ff:03:9b]

RSSI: -60 [da:ee:aa:ff:03:ba]

RSSI: -71 [da:ee:aa:ff:03:9b]

RSSI: -71 [da:ee:aa:ff:03:9b]

RSSI: -59 [da:ee:aa:ff:03:ba]

RSSI: -58 [da:ee:aa:ff:03:ca]

RSSI: -58 [da:ee:aa:ff:03:ca]

RSSI: -72 [da:ee:aa:ff:03:cb]

RSSI: -58 [da:ee:aa:ff:03:ca]

RSSI: -79 [da:ee:aa:ff:15:ac]

RSSI: -58 [da:ee:aa:ff:03:ca]

RSSI: -70 [da:ee:aa:ff:03:db]

RSSI: -61 [da:ee:aa:ff:04:0a]

RSSI: -70 [da:ee:aa:ff:03:db]

RSSI: -61 [da:ee:aa:ff:04:0a]

RSSI: -82 [da:ee:aa:ff:15:cc]

RSSI: -61 [da:ee:aa:ff:04:0a]

RSSI: -83 [da:ee:aa:ff:15:cc]

RSSI: -61 [da:ee:aa:ff:04:0a]

RSSI: -71 [da:ee:aa:ff:03:fb]

RSSI: -71 [da:ee:aa:ff:03:fb]

RSSI: -70 [da:ee:aa:ff:03:fb]

RSSI: -71 [da:ee:aa:ff:03:fb]

RSSI: -79 [da:ee:aa:ff:16:0c]

RSSI: -79 [da:ee:aa:ff:16:0c]

RSSI: -58 [da:ee:aa:ff:04:5a]

RSSI: -79 [da:ee:aa:ff:16:0c]

RSSI: -58 [da:ee:aa:ff:04:5a]

RSSI: -79 [da:ee:aa:ff:16:0c]

RSSI: -58 [da:ee:aa:ff:04:5a]

RSSI: -72 [da:ee:aa:ff:04:1b]

RSSI: -79 [da:ee:aa:ff:16:0c]

RSSI: -70 [da:ee:aa:ff:04:3b]

RSSI: -48 [da:ee:aa:ff:04:7a]

RSSI: -70 [da:ee:aa:ff:04:3b]

RSSI: -57 [da:ee:aa:ff:04:7a]

RSSI: -69 [da:ee:aa:ff:04:3b]

RSSI: -62 [da:ee:aa:ff:04:7a]

RSSI: -56 [da:ee:aa:ff:04:5b]

RSSI: -61 [da:ee:aa:ff:04:5b]

RSSI: -55 [da:ee:aa:ff:04:5b]

RSSI: -68 [da:ee:aa:ff:04:5b]

RSSI: -59 [da:ee:aa:ff:04:ca]

RSSI: -71 [da:ee:aa:ff:04:7b]

RSSI: -59 [da:ee:aa:ff:04:ca]

RSSI: -71 [da:ee:aa:ff:04:7b]

RSSI: -59 [da:ee:aa:ff:04:ca]

RSSI: -71 [da:ee:aa:ff:04:7b]

RSSI: -81 [da:ee:aa:ff:16:6c]

RSSI: -70 [da:ee:aa:ff:04:ab]

RSSI: -70 [da:ee:aa:ff:04:ab]

RSSI: -61 [da:ee:aa:ff:04:fa]

RSSI: -70 [da:ee:aa:ff:04:ab]

RSSI: -61 [da:ee:aa:ff:04:fa]

RSSI: -70 [da:ee:aa:ff:04:ab]

RSSI: -61 [da:ee:aa:ff:04:fa]

RSSI: -70 [da:ee:aa:ff:04:ab]

RSSI: -61 [da:ee:aa:ff:04:fa]

RSSI: -61 [da:ee:aa:ff:05:0a]

RSSI: -70 [da:ee:aa:ff:04:cb]

RSSI: -61 [da:ee:aa:ff:05:0a]

RSSI: -61 [da:ee:aa:ff:05:0a]

RSSI: -61 [da:ee:aa:ff:05:2a]

RSSI: -70 [da:ee:aa:ff:04:eb]

RSSI: -59 [da:ee:aa:ff:05:4a]

RSSI: -59 [da:ee:aa:ff:05:4a]

RSSI: -59 [da:ee:aa:ff:05:4a]

RSSI: -59 [da:ee:aa:ff:05:4a]

RSSI: -59 [da:ee:aa:ff:05:4a]

RSSI: -61 [da:ee:aa:ff:05:5a]

RSSI: -70 [da:ee:aa:ff:05:1b]

RSSI: -61 [da:ee:aa:ff:05:7a]

RSSI: -70 [da:ee:aa:ff:05:1b]

RSSI: -61 [da:ee:aa:ff:05:7a]

RSSI: -70 [da:ee:aa:ff:05:1b]

RSSI: -61 [da:ee:aa:ff:05:7a]

RSSI: -71 [da:ee:aa:ff:05:3b]

RSSI: -55 [da:ee:aa:ff:05:9a]

RSSI: -71 [da:ee:aa:ff:05:3b]

RSSI: -70 [da:ee:aa:ff:05:3b]

RSSI: -71 [da:ee:aa:ff:05:7b]

RSSI: -79 [da:ee:aa:ff:00:bc]

RSSI: -59 [da:ee:aa:ff:05:7b]

RSSI: -79 [da:ee:aa:ff:00:bc]

RSSI: -54 [da:ee:aa:ff:05:7b]

RSSI: -59 [da:ee:aa:ff:05:ca]

RSSI: -79 [da:ee:aa:ff:00:bc]

RSSI: -56 [da:ee:aa:ff:05:7b]

RSSI: -59 [da:ee:aa:ff:05:ca]

RSSI: -79 [da:ee:aa:ff:00:bc]

RSSI: -63 [da:ee:aa:ff:05:7b]

RSSI: -59 [da:ee:aa:ff:05:ca]

RSSI: -79 [da:ee:aa:ff:00:bc]

RSSI: -61 [da:ee:aa:ff:05:da]

RSSI: -70 [da:ee:aa:ff:05:8b]

RSSI: -60 [da:ee:aa:ff:05:da]

RSSI: -69 [da:ee:aa:ff:05:ab]

RSSI: -70 [da:ee:aa:ff:05:ab]

RSSI: -83 [da:ee:aa:ff:00:dc]

RSSI: -61 [da:ee:aa:ff:06:1a]

RSSI: -71 [da:ee:aa:ff:05:cb]

RSSI: -61 [da:ee:aa:ff:06:1a]

RSSI: -71 [da:ee:aa:ff:05:cb]

RSSI: -61 [da:ee:aa:ff:06:1a]

RSSI: -71 [da:ee:aa:ff:05:cb]

RSSI: -61 [da:ee:aa:ff:06:1a]

RSSI: -70 [da:ee:aa:ff:05:cb]

RSSI: -60 [da:ee:aa:ff:06:3a]

RSSI: -59 [da:ee:aa:ff:06:3a]

RSSI: -71 [da:ee:aa:ff:05:fb]

RSSI: -60 [da:ee:aa:ff:06:3a]

RSSI: -71 [da:ee:aa:ff:05:fb]

RSSI: -79 [da:ee:aa:ff:01:0c]

RSSI: -72 [da:ee:aa:ff:05:fb]

RSSI: -80 [da:ee:aa:ff:01:0c]

RSSI: -70 [da:ee:aa:ff:06:0b]

RSSI: -61 [da:ee:aa:ff:06:6a]

RSSI: -70 [da:ee:aa:ff:06:0b]

RSSI: -83 [da:ee:aa:ff:01:3c]

RSSI: -70 [da:ee:aa:ff:06:0b]

RSSI: -61 [da:ee:aa:ff:06:6a]

RSSI: -70 [da:ee:aa:ff:06:0b]

RSSI: -61 [da:ee:aa:ff:06:6a]

RSSI: -71 [da:ee:aa:ff:06:4b]

RSSI: -71 [da:ee:aa:ff:06:4b]

RSSI: -72 [da:ee:aa:ff:06:6b]

RSSI: -72 [da:ee:aa:ff:06:6b]

RSSI: -58 [da:ee:aa:ff:06:7b]

RSSI: -70 [da:ee:aa:ff:06:9b]

RSSI: -61 [da:ee:aa:ff:06:da]

RSSI: -57 [da:ee:aa:ff:06:9b]

RSSI: -83 [da:ee:aa:ff:01:9c]

RSSI: -53 [da:ee:aa:ff:06:9b]

RSSI: -54 [da:ee:aa:ff:06:9b]

RSSI: -83 [da:ee:aa:ff:01:9c]

RSSI: -70 [da:ee:aa:ff:06:9b]

RSSI: -62 [da:ee:aa:ff:07:1a]

RSSI: -62 [da:ee:aa:ff:07:1a]

RSSI: -80 [da:ee:aa:ff:01:dc]

RSSI: -80 [da:ee:aa:ff:01:dc]

RSSI: -80 [da:ee:aa:ff:01:dc]

RSSI: -61 [da:ee:aa:ff:07:5a]

RSSI: -84 [da:ee:aa:ff:01:fc]

RSSI: -62 [da:ee:aa:ff:07:5a]

RSSI: -83 [da:ee:aa:ff:01:fc]

RSSI: -62 [da:ee:aa:ff:07:5a]

RSSI: -82 [da:ee:aa:ff:01:fc]

RSSI: -84 [da:ee:aa:ff:01:fc]

RSSI: -61 [da:ee:aa:ff:07:5a]

RSSI: -74 [da:ee:aa:ff:07:3b]

RSSI: -74 [da:ee:aa:ff:07:3b]

RSSI: -65 [da:ee:aa:ff:07:9a]

RSSI: -74 [da:ee:aa:ff:07:3b]

RSSI: -64 [da:ee:aa:ff:07:9a]

RSSI: -74 [da:ee:aa:ff:07:5b]

RSSI: -72 [da:ee:aa:ff:07:7b]

RSSI: -79 [da:ee:aa:ff:02:2c]

RSSI: -71 [da:ee:aa:ff:07:7b]

RSSI: -79 [da:ee:aa:ff:02:2c]

RSSI: -71 [da:ee:aa:ff:07:7b]

RSSI: -60 [da:ee:aa:ff:07:ba]

RSSI: -71 [da:ee:aa:ff:07:7b]

RSSI: -79 [da:ee:aa:ff:02:2c]

RSSI: -71 [da:ee:aa:ff:07:7b]

RSSI: -70 [da:ee:aa:ff:07:8b]

RSSI: -73 [da:ee:aa:ff:07:8b]

RSSI: -62 [da:ee:aa:ff:07:ea]

RSSI: -58 [da:ee:aa:ff:07:ea]

RSSI: -49 [da:ee:aa:ff:07:ea]

RSSI: -90 [da:ee:aa:ff:02:7c]

RSSI: -51 [da:ee:aa:ff:08:0a]

RSSI: -64 [da:ee:aa:ff:08:0a]

RSSI: -58 [da:ee:aa:ff:07:cb]

RSSI: -64 [da:ee:aa:ff:08:0a]

RSSI: -75 [da:ee:aa:ff:07:cb]

RSSI: -64 [da:ee:aa:ff:08:0a]

RSSI: -75 [da:ee:aa:ff:07:cb]

RSSI: -61 [da:ee:aa:ff:08:4a]

RSSI: -60 [da:ee:aa:ff:08:4a]

RSSI: -61 [da:ee:aa:ff:08:4a]

RSSI: -77 [da:ee:aa:ff:02:9c]

RSSI: -61 [da:ee:aa:ff:08:4a]

RSSI: -78 [da:ee:aa:ff:02:9c]

RSSI: -62 [da:ee:aa:ff:08:4a]

RSSI: -61 [da:ee:aa:ff:08:6a]

RSSI: -70 [da:ee:aa:ff:08:1b]

RSSI: -61 [da:ee:aa:ff:08:6a]

RSSI: -70 [da:ee:aa:ff:08:1b]

RSSI: -61 [da:ee:aa:ff:08:6a]

RSSI: -83 [da:ee:aa:ff:02:bc]

RSSI: -70 [da:ee:aa:ff:08:1b]

RSSI: -83 [da:ee:aa:ff:02:bc]

RSSI: -61 [da:ee:aa:ff:08:8a]

RSSI: -70 [da:ee:aa:ff:08:3b]

RSSI: -61 [da:ee:aa:ff:08:8a]

RSSI: -62 [da:ee:aa:ff:08:9a]

RSSI: -74 [da:ee:aa:ff:08:5b]

RSSI: -62 [da:ee:aa:ff:08:9a]

RSSI: -74 [da:ee:aa:ff:08:5b]

RSSI: -62 [da:ee:aa:ff:08:9a]

RSSI: -62 [da:ee:aa:ff:08:9a]

RSSI: -74 [da:ee:aa:ff:08:5b]

RSSI: -62 [da:ee:aa:ff:08:9a]

RSSI: -74 [da:ee:aa:ff:08:5b]

RSSI: -79 [da:ee:aa:ff:03:0c]

RSSI: -61 [da:ee:aa:ff:08:ba]

RSSI: -73 [da:ee:aa:ff:08:6b]

RSSI: -79 [da:ee:aa:ff:03:0c]

RSSI: -78 [da:ee:aa:ff:03:0c]

RSSI: -79 [da:ee:aa:ff:03:0c]

RSSI: -61 [da:ee:aa:ff:08:ca]

RSSI: -78 [da:ee:aa:ff:03:0c]

RSSI: -60 [da:ee:aa:ff:08:ca]

RSSI: -61 [da:ee:aa:ff:08:da]

RSSI: -70 [da:ee:aa:ff:08:ab]

RSSI: -61 [da:ee:aa:ff:08:da]

RSSI: -61 [da:ee:aa:ff:08:da]

RSSI: -71 [da:ee:aa:ff:08:ab]

RSSI: -61 [da:ee:aa:ff:08:da]

RSSI: -61 [da:ee:aa:ff:08:da]

RSSI: -61 [da:ee:aa:ff:08:fa]

RSSI: -57 [da:ee:aa:ff:08:db]

RSSI: -47 [da:ee:aa:ff:09:1a]

RSSI: -63 [da:ee:aa:ff:08:db]

RSSI: -57 [da:ee:aa:ff:08:db]

RSSI: -73 [da:ee:aa:ff:08:db]

RSSI: -62 [da:ee:aa:ff:03:6c]

RSSI: -74 [da:ee:aa:ff:03:6c]

RSSI: -80 [da:ee:aa:ff:03:6c]

RSSI: -63 [da:ee:aa:ff:03:6c]

RSSI: -60 [da:ee:aa:ff:09:2a]

RSSI: -70 [da:ee:aa:ff:09:0b]

RSSI: -60 [da:ee:aa:ff:09:5a]

RSSI: -84 [da:ee:aa:ff:03:9c]

RSSI: -70 [da:ee:aa:ff:09:0b]

RSSI: -60 [da:ee:aa:ff:09:5a]

RSSI: -84 [da:ee:aa:ff:03:9c]

RSSI: -60 [da:ee:aa:ff:09:5a]

RSSI: -70 [da:ee:aa:ff:09:0b]

RSSI: -60 [da:ee:aa:ff:09:5a]

RSSI: -83 [da:ee:aa:ff:03:9c]

RSSI: -70 [da:ee:aa:ff:09:0b]

RSSI: -60 [da:ee:aa:ff:09:7a]

RSSI: -60 [da:ee:aa:ff:09:7a]

RSSI: -60 [da:ee:aa:ff:09:7a]

RSSI: -60 [da:ee:aa:ff:09:7a]

RSSI: -74 [da:ee:aa:ff:09:3b]

RSSI: -78 [da:ee:aa:ff:03:cc]

RSSI: -72 [da:ee:aa:ff:09:5b]

RSSI: -78 [da:ee:aa:ff:03:cc]

RSSI: -72 [da:ee:aa:ff:09:5b]

RSSI: -79 [da:ee:aa:ff:03:cc]

RSSI: -71 [da:ee:aa:ff:09:5b]

RSSI: -78 [da:ee:aa:ff:03:cc]

RSSI: -71 [da:ee:aa:ff:09:5b]

RSSI: -78 [da:ee:aa:ff:03:cc]

RSSI: -72 [da:ee:aa:ff:09:5b]

RSSI: -61 [da:ee:aa:ff:09:ca]

RSSI: -61 [da:ee:aa:ff:09:ca]

RSSI: -70 [da:ee:aa:ff:09:9b]

RSSI: -70 [da:ee:aa:ff:09:9b]

RSSI: -83 [da:ee:aa:ff:03:fc]

RSSI: -61 [da:ee:aa:ff:09:ea]

RSSI: -61 [da:ee:aa:ff:0a:0a]

RSSI: -73 [da:ee:aa:ff:09:bb]

RSSI: -90 [da:ee:aa:ff:04:0c]

RSSI: -61 [da:ee:aa:ff:0a:0a]

RSSI: -74 [da:ee:aa:ff:09:bb]

RSSI: -88 [da:ee:aa:ff:04:0c]

RSSI: -61 [da:ee:aa:ff:0a:0a]

RSSI: -74 [da:ee:aa:ff:09:bb]

RSSI: -90 [da:ee:aa:ff:04:0c]

RSSI: -61 [da:ee:aa:ff:0a:0a]

RSSI: -74 [da:ee:aa:ff:09:bb]

RSSI: -61 [da:ee:aa:ff:0a:0a]

RSSI: -60 [da:ee:aa:ff:0a:1a]

RSSI: -79 [da:ee:aa:ff:04:2c]

RSSI: -60 [da:ee:aa:ff:0a:1a]

RSSI: -80 [da:ee:aa:ff:04:2c]

RSSI: -78 [da:ee:aa:ff:04:2c]

RSSI: -79 [da:ee:aa:ff:04:2c]

RSSI: -78 [da:ee:aa:ff:04:2c]

RSSI: -52 [da:ee:aa:ff:0a:5a]

RSSI: -70 [da:ee:aa:ff:0a:0b]

RSSI: -61 [da:ee:aa:ff:0a:5a]

RSSI: -68 [da:ee:aa:ff:04:4c]

RSSI: -70 [da:ee:aa:ff:0a:0b]

RSSI: -48 [da:ee:aa:ff:0a:5a]

RSSI: -70 [da:ee:aa:ff:0a:0b]

RSSI: -70 [da:ee:aa:ff:0a:2b]

RSSI: -73 [da:ee:aa:ff:0a:4b]

RSSI: -62 [da:ee:aa:ff:0a:6a]

RSSI: -74 [da:ee:aa:ff:0a:4b]

RSSI: -87 [da:ee:aa:ff:04:6c]

RSSI: -62 [da:ee:aa:ff:0a:8a]

RSSI: -87 [da:ee:aa:ff:04:6c]

RSSI: -62 [da:ee:aa:ff:0a:8a]

RSSI: -74 [da:ee:aa:ff:0a:4b]

RSSI: -62 [da:ee:aa:ff:0a:8a]

RSSI: -74 [da:ee:aa:ff:0a:6b]

RSSI: -61 [da:ee:aa:ff:0a:9a]

RSSI: -61 [da:ee:aa:ff:0a:9a]

RSSI: -79 [da:ee:aa:ff:04:8c]

RSSI: -61 [da:ee:aa:ff:0a:9a]

RSSI: -75 [da:ee:aa:ff:0a:8b]

RSSI: -79 [da:ee:aa:ff:04:8c]

RSSI: -61 [da:ee:aa:ff:0a:9a]

RSSI: -74 [da:ee:aa:ff:0a:8b]

RSSI: -79 [da:ee:aa:ff:04:8c]

RSSI: -69 [da:ee:aa:ff:0a:9b]

RSSI: -61 [da:ee:aa:ff:0a:ca]

RSSI: -69 [da:ee:aa:ff:0a:9b]

RSSI: -61 [da:ee:aa:ff:0a:ca]

RSSI: -68 [da:ee:aa:ff:0a:9b]

RSSI: -61 [da:ee:aa:ff:0a:ca]

RSSI: -70 [da:ee:aa:ff:0a:9b]

RSSI: -61 [da:ee:aa:ff:0a:ca]

RSSI: -68 [da:ee:aa:ff:0a:9b]

RSSI: -62 [da:ee:aa:ff:0a:ea]

RSSI: -73 [da:ee:aa:ff:0a:cb]

RSSI: -62 [da:ee:aa:ff:0a:ea]

RSSI: -72 [da:ee:aa:ff:0a:cb]

RSSI: -62 [da:ee:aa:ff:0a:ea]

RSSI: -86 [da:ee:aa:ff:04:cc]

RSSI: -73 [da:ee:aa:ff:0a:cb]

RSSI: -62 [da:ee:aa:ff:0a:ea]

RSSI: -72 [da:ee:aa:ff:0a:cb]

RSSI: -86 [da:ee:aa:ff:04:ec]

RSSI: -80 [da:ee:aa:ff:04:fc]

RSSI: -76 [da:ee:aa:ff:0a:db]

RSSI: -64 [da:ee:aa:ff:0b:2a]

RSSI: -80 [da:ee:aa:ff:04:fc]

RSSI: -76 [da:ee:aa:ff:0a:db]

RSSI: -64 [da:ee:aa:ff:0b:2a]

RSSI: -80 [da:ee:aa:ff:04:fc]

RSSI: -76 [da:ee:aa:ff:0a:db]

RSSI: -80 [da:ee:aa:ff:04:fc]

RSSI: -64 [da:ee:aa:ff:0b:2a]

RSSI: -79 [da:ee:aa:ff:04:fc]

RSSI: -68 [da:ee:aa:ff:0b:0b]

RSSI: -61 [da:ee:aa:ff:0b:4a]

RSSI: -61 [da:ee:aa:ff:0b:0b]

RSSI: -61 [da:ee:aa:ff:0b:4a]

RSSI: -66 [da:ee:aa:ff:0b:0b]

RSSI: -61 [da:ee:aa:ff:0b:4a]

RSSI: -53 [da:ee:aa:ff:0b:0b]

RSSI: -52 [da:ee:aa:ff:0b:0b]

RSSI: -73 [da:ee:aa:ff:0b:2b]

RSSI: -73 [da:ee:aa:ff:0b:2b]

RSSI: -61 [da:ee:aa:ff:0b:8a]

RSSI: -73 [da:ee:aa:ff:0b:2b]

RSSI: -87 [da:ee:aa:ff:05:4c]

RSSI: -73 [da:ee:aa:ff:0b:2b]

RSSI: -65 [da:ee:aa:ff:0b:9a]

RSSI: -65 [da:ee:aa:ff:0b:9a]

RSSI: -82 [da:ee:aa:ff:05:6c]

RSSI: -81 [da:ee:aa:ff:05:6c]

RSSI: -82 [da:ee:aa:ff:05:6c]

RSSI: -81 [da:ee:aa:ff:05:6c]

RSSI: -62 [da:ee:aa:ff:0b:ba]

RSSI: -70 [da:ee:aa:ff:0b:7b]

RSSI: -62 [da:ee:aa:ff:0b:ba]

RSSI: -62 [da:ee:aa:ff:0b:ba]

RSSI: -62 [da:ee:aa:ff:0b:ba]

RSSI: -80 [da:ee:aa:ff:05:9c]

RSSI: -69 [da:ee:aa:ff:0b:8b]

RSSI: -89 [da:ee:aa:ff:05:bc]

RSSI: -73 [da:ee:aa:ff:0b:ab]

RSSI: -89 [da:ee:aa:ff:05:bc]

RSSI: -74 [da:ee:aa:ff:0b:ab]

RSSI: -73 [da:ee:aa:ff:0b:ab]

RSSI: -90 [da:ee:aa:ff:05:bc]

RSSI: -74 [da:ee:aa:ff:0b:ab]

RSSI: -63 [da:ee:aa:ff:0b:ea]

RSSI: -74 [da:ee:aa:ff:0b:ab]

RSSI: -62 [da:ee:aa:ff:0b:ea]

RSSI: -64 [da:ee:aa:ff:0c:0a]

RSSI: -80 [da:ee:aa:ff:05:dc]

RSSI: -64 [da:ee:aa:ff:0c:0a]

RSSI: -81 [da:ee:aa:ff:05:dc]

RSSI: -64 [da:ee:aa:ff:0c:0a]

RSSI: -82 [da:ee:aa:ff:05:dc]

RSSI: -63 [da:ee:aa:ff:0c:0a]

RSSI: -75 [da:ee:aa:ff:0b:db]

RSSI: -64 [da:ee:aa:ff:0c:0a]

RSSI: -70 [da:ee:aa:ff:0b:eb]

RSSI: -71 [da:ee:aa:ff:0b:eb]

RSSI: -64 [da:ee:aa:ff:0c:3a]

RSSI: -63 [da:ee:aa:ff:0c:3a]

RSSI: -62 [da:ee:aa:ff:0c:3a]

RSSI: -64 [da:ee:aa:ff:0c:5a]

RSSI: -75 [da:ee:aa:ff:0c:1b]

RSSI: -64 [da:ee:aa:ff:0c:5a]

RSSI: -58 [da:ee:aa:ff:0c:1b]

RSSI: -93 [da:ee:aa:ff:06:1c]

RSSI: -64 [da:ee:aa:ff:0c:5a]

RSSI: -75 [da:ee:aa:ff:0c:1b]

RSSI: -82 [da:ee:aa:ff:06:3c]

RSSI: -70 [da:ee:aa:ff:0c:3b]

RSSI: -81 [da:ee:aa:ff:06:3c]

RSSI: -74 [da:ee:aa:ff:0c:3b]

RSSI: -82 [da:ee:aa:ff:06:3c]

RSSI: -64 [da:ee:aa:ff:0c:8a]

RSSI: -80 [da:ee:aa:ff:06:3c]

RSSI: -82 [da:ee:aa:ff:06:3c]

RSSI: -71 [da:ee:aa:ff:0c:6b]

RSSI: -63 [da:ee:aa:ff:0c:aa]

RSSI: -71 [da:ee:aa:ff:0c:6b]

RSSI: -63 [da:ee:aa:ff:0c:aa]

RSSI: -70 [da:ee:aa:ff:0c:6b]

RSSI: -63 [da:ee:aa:ff:0c:aa]

RSSI: -71 [da:ee:aa:ff:0c:6b]

RSSI: -63 [da:ee:aa:ff:0c:aa]

RSSI: -71 [da:ee:aa:ff:0c:6b]

RSSI: -76 [da:ee:aa:ff:0c:7b]

RSSI: -63 [da:ee:aa:ff:0c:da]

RSSI: -63 [da:ee:aa:ff:0c:da]

RSSI: -63 [da:ee:aa:ff:0c:da]

RSSI: -63 [da:ee:aa:ff:0c:da]

RSSI: -63 [da:ee:aa:ff:0c:fa]

RSSI: -81 [da:ee:aa:ff:06:ac]

RSSI: -74 [da:ee:aa:ff:0c:bb]

RSSI: -63 [da:ee:aa:ff:0c:fa]

RSSI: -81 [da:ee:aa:ff:06:ac]

RSSI: -74 [da:ee:aa:ff:0c:bb]

RSSI: -63 [da:ee:aa:ff:0c:fa]

RSSI: -81 [da:ee:aa:ff:06:ac]

RSSI: -74 [da:ee:aa:ff:0c:bb]

RSSI: -63 [da:ee:aa:ff:0c:fa]

RSSI: -74 [da:ee:aa:ff:0c:bb]

RSSI: -63 [da:ee:aa:ff:0c:fa]

RSSI: -81 [da:ee:aa:ff:06:ac]

RSSI: -74 [da:ee:aa:ff:0c:bb]

RSSI: -65 [da:ee:aa:ff:0d:2a]

RSSI: -65 [da:ee:aa:ff:0d:2a]

RSSI: -71 [da:ee:aa:ff:0c:eb]

RSSI: -64 [da:ee:aa:ff:0d:2a]

RSSI: -71 [da:ee:aa:ff:0c:eb]

RSSI: -64 [da:ee:aa:ff:0d:2a]

RSSI: -71 [da:ee:aa:ff:0c:eb]

RSSI: -64 [da:ee:aa:ff:0d:2a]

RSSI: -62 [da:ee:aa:ff:0d:4a]

RSSI: -76 [da:ee:aa:ff:0c:fb]

RSSI: -62 [da:ee:aa:ff:0d:4a]

RSSI: -62 [da:ee:aa:ff:0d:4a]

RSSI: -76 [da:ee:aa:ff:0c:fb]

RSSI: -62 [da:ee:aa:ff:0d:4a]

RSSI: -75 [da:ee:aa:ff:0c:fb]

RSSI: -69 [da:ee:aa:ff:07:0c]

RSSI: -62 [da:ee:aa:ff:0d:7a]

RSSI: -63 [da:ee:aa:ff:0d:2b]

RSSI: -64 [da:ee:aa:ff:07:0c]

RSSI: -62 [da:ee:aa:ff:0d:7a]

RSSI: -63 [da:ee:aa:ff:0d:7a]

RSSI: -64 [da:ee:aa:ff:07:0c]

RSSI: -63 [da:ee:aa:ff:0d:7a]

RSSI: -80 [da:ee:aa:ff:07:0c]

RSSI: -53 [da:ee:aa:ff:0d:9a]

RSSI: -63 [da:ee:aa:ff:0d:9a]

RSSI: -85 [da:ee:aa:ff:07:2c]

RSSI: -71 [da:ee:aa:ff:0d:4b]

RSSI: -53 [da:ee:aa:ff:0d:9a]

RSSI: -86 [da:ee:aa:ff:07:2c]

RSSI: -71 [da:ee:aa:ff:0d:4b]

RSSI: -61 [da:ee:aa:ff:0d:da]

RSSI: -75 [da:ee:aa:ff:0d:7b]

RSSI: -61 [da:ee:aa:ff:0d:da]

RSSI: -74 [da:ee:aa:ff:0d:7b]

RSSI: -61 [da:ee:aa:ff:0d:da]

RSSI: -75 [da:ee:aa:ff:0d:7b]

RSSI: -61 [da:ee:aa:ff:0d:da]

RSSI: -75 [da:ee:aa:ff:0d:7b]

RSSI: -61 [da:ee:aa:ff:0d:da]

RSSI: -74 [da:ee:aa:ff:0d:7b]

RSSI: -75 [da:ee:aa:ff:0d:8b]

RSSI: -63 [da:ee:aa:ff:0d:fa]

RSSI: -74 [da:ee:aa:ff:0d:8b]

RSSI: -63 [da:ee:aa:ff:0d:fa]

RSSI: -63 [da:ee:aa:ff:0d:fa]

RSSI: -63 [da:ee:aa:ff:0e:3a]

RSSI: -71 [da:ee:aa:ff:0d:cb]

RSSI: -63 [da:ee:aa:ff:0e:3a]

RSSI: -71 [da:ee:aa:ff:0d:cb]

RSSI: -63 [da:ee:aa:ff:0e:3a]

RSSI: -71 [da:ee:aa:ff:0d:cb]

RSSI: -63 [da:ee:aa:ff:0e:3a]

RSSI: -70 [da:ee:aa:ff:0d:cb]

RSSI: -64 [da:ee:aa:ff:0e:3a]

RSSI: -71 [da:ee:aa:ff:0d:cb]

RSSI: -64 [da:ee:aa:ff:0e:5a]

RSSI: -76 [da:ee:aa:ff:0d:fb]

RSSI: -60 [da:ee:aa:ff:0e:8a]

RSSI: -80 [da:ee:aa:ff:07:dc]

RSSI: -73 [da:ee:aa:ff:0e:1b]

RSSI: -61 [da:ee:aa:ff:0e:8a]

RSSI: -65 [da:ee:aa:ff:07:dc]

RSSI: -73 [da:ee:aa:ff:0e:1b]

RSSI: -61 [da:ee:aa:ff:0e:8a]

RSSI: -62 [da:ee:aa:ff:0e:aa]

RSSI: -71 [da:ee:aa:ff:0e:4b]

RSSI: -54 [da:ee:aa:ff:0e:4b]

RSSI: -62 [da:ee:aa:ff:0e:ca]

RSSI: -55 [da:ee:aa:ff:0e:4b]

RSSI: -63 [da:ee:aa:ff:0e:ca]

RSSI: -53 [da:ee:aa:ff:0e:4b]

RSSI: -62 [da:ee:aa:ff:0e:ca]

RSSI: -63 [da:ee:aa:ff:0e:da]

RSSI: -77 [da:ee:aa:ff:0e:7b]

RSSI: -73 [da:ee:aa:ff:0e:9b]

RSSI: -61 [da:ee:aa:ff:0e:ea]

RSSI: -82 [da:ee:aa:ff:08:2c]

RSSI: -73 [da:ee:aa:ff:0e:9b]

RSSI: -82 [da:ee:aa:ff:08:2c]

RSSI: -73 [da:ee:aa:ff:0e:9b]

RSSI: -61 [da:ee:aa:ff:0f:0a]

RSSI: -82 [da:ee:aa:ff:08:2c]

RSSI: -73 [da:ee:aa:ff:0e:9b]

RSSI: -61 [da:ee:aa:ff:0f:0a]

RSSI: -73 [da:ee:aa:ff:0e:9b]

RSSI: -61 [da:ee:aa:ff:0f:0a]

RSSI: -63 [da:ee:aa:ff:0f:2a]

RSSI: -69 [da:ee:aa:ff:0e:bb]

RSSI: -63 [da:ee:aa:ff:0f:2a]

RSSI: -70 [da:ee:aa:ff:0e:bb]

RSSI: -63 [da:ee:aa:ff:0f:2a]

RSSI: -70 [da:ee:aa:ff:0e:bb]

RSSI: -63 [da:ee:aa:ff:0f:2a]

RSSI: -76 [da:ee:aa:ff:0e:db]

RSSI: -76 [da:ee:aa:ff:0e:db]

RSSI: -68 [da:ee:aa:ff:0f:5a]

RSSI: -76 [da:ee:aa:ff:0e:db]

RSSI: -68 [da:ee:aa:ff:0f:5a]

RSSI: -76 [da:ee:aa:ff:0e:db]

RSSI: -68 [da:ee:aa:ff:0f:5a]

RSSI: -76 [da:ee:aa:ff:0e:db]

RSSI: -61 [da:ee:aa:ff:0f:6a]

RSSI: -81 [da:ee:aa:ff:08:8c]

RSSI: -61 [da:ee:aa:ff:0f:6a]

RSSI: -83 [da:ee:aa:ff:08:8c]

RSSI: -61 [da:ee:aa:ff:0f:6a]

RSSI: -82 [da:ee:aa:ff:08:8c]

RSSI: -61 [da:ee:aa:ff:0f:6a]

RSSI: -81 [da:ee:aa:ff:08:8c]

RSSI: -73 [da:ee:aa:ff:0f:1b]

RSSI: -62 [da:ee:aa:ff:0f:aa]

RSSI: -68 [da:ee:aa:ff:0f:ca]

RSSI: -67 [da:ee:aa:ff:0f:ca]

RSSI: -68 [da:ee:aa:ff:0f:ca]

RSSI: -77 [da:ee:aa:ff:0f:6b]

RSSI: -82 [da:ee:aa:ff:09:0c]

RSSI: -73 [da:ee:aa:ff:0f:8b]

RSSI: -73 [da:ee:aa:ff:0f:8b]

RSSI: -70 [da:ee:aa:ff:0f:cb]

RSSI: -61 [da:ee:aa:ff:10:1a]

RSSI: -61 [da:ee:aa:ff:10:1a]

RSSI: -70 [da:ee:aa:ff:0f:cb]

RSSI: -61 [da:ee:aa:ff:10:1a]

RSSI: -70 [da:ee:aa:ff:0f:cb]

RSSI: -68 [da:ee:aa:ff:10:5a]

RSSI: -76 [da:ee:aa:ff:0f:eb]

RSSI: -69 [da:ee:aa:ff:10:5a]

RSSI: -68 [da:ee:aa:ff:10:5a]

RSSI: -68 [da:ee:aa:ff:10:5a]

RSSI: -75 [da:ee:aa:ff:0f:fb]

RSSI: -94 [da:ee:aa:ff:09:3c]

RSSI: -68 [da:ee:aa:ff:10:5a]

RSSI: -76 [da:ee:aa:ff:0f:fb]

RSSI: -82 [da:ee:aa:ff:09:5c]

RSSI: -81 [da:ee:aa:ff:09:5c]

RSSI: -83 [da:ee:aa:ff:09:5c]

RSSI: -73 [da:ee:aa:ff:10:1b]

RSSI: -82 [da:ee:aa:ff:09:5c]

RSSI: -73 [da:ee:aa:ff:10:1b]

RSSI: -61 [da:ee:aa:ff:10:9a]

RSSI: -73 [da:ee:aa:ff:10:1b]

RSSI: -61 [da:ee:aa:ff:10:ba]

RSSI: -61 [da:ee:aa:ff:10:ba]

RSSI: -70 [da:ee:aa:ff:10:5b]

RSSI: -70 [da:ee:aa:ff:10:5b]

RSSI: -61 [da:ee:aa:ff:10:ba]

RSSI: -70 [da:ee:aa:ff:10:5b]

RSSI: -62 [da:ee:aa:ff:10:ba]

RSSI: -76 [da:ee:aa:ff:10:7b]

RSSI: -70 [da:ee:aa:ff:10:da]

RSSI: -69 [da:ee:aa:ff:10:da]

RSSI: -76 [da:ee:aa:ff:10:7b]

RSSI: -76 [da:ee:aa:ff:10:7b]

RSSI: -70 [da:ee:aa:ff:10:fa]

RSSI: -76 [da:ee:aa:ff:10:7b]

RSSI: -69 [da:ee:aa:ff:10:fa]

RSSI: -61 [da:ee:aa:ff:11:1a]

RSSI: -80 [da:ee:a