: -62 [da:ee:aa:ff:0b:3b]

RSSI: -38 [da:ee:aa:ff:0d:5a]

RSSI: -69 [da:ee:aa:ff:0b:3b]

RSSI: -47 [da:ee:aa:ff:0d:5a]

RSSI: -69 [da:ee:aa:ff:11:bb]

RSSI: -52 [da:ee:aa:ff:15:1a]

RSSI: -69 [da:ee:aa:ff:11:bb]

RSSI: -52 [da:ee:aa:ff:15:1a]

RSSI: -85 [da:ee:aa:ff:0f:9c]

RSSI: -70 [da:ee:aa:ff:11:bb]

RSSI: -52 [da:ee:aa:ff:15:1a]

RSSI: -84 [da:ee:aa:ff:0f:9c]

RSSI: -69 [da:ee:aa:ff:11:bb]

RSSI: -52 [da:ee:aa:ff:15:1a]

RSSI: -52 [da:ee:aa:ff:15:1a]

RSSI: -53 [da:ee:aa:ff:15:2a]

RSSI: -67 [da:ee:aa:ff:11:eb]

RSSI: -53 [da:ee:aa:ff:15:2a]

RSSI: -67 [da:ee:aa:ff:11:eb]

RSSI: -53 [da:ee:aa:ff:15:4a]

RSSI: -67 [da:ee:aa:ff:11:eb]

RSSI: -53 [da:ee:aa:ff:15:4a]

RSSI: -67 [da:ee:aa:ff:11:eb]

RSSI: -53 [da:ee:aa:ff:15:4a]

RSSI: -52 [da:ee:aa:ff:15:5a]

RSSI: -52 [da:ee:aa:ff:15:5a]

RSSI: -52 [da:ee:aa:ff:15:5a]

RSSI: -67 [da:ee:aa:ff:12:1b]

RSSI: -52 [da:ee:aa:ff:15:5a]

RSSI: -67 [da:ee:aa:ff:12:1b]

RSSI: -52 [da:ee:aa:ff:15:5a]

RSSI: -70 [da:ee:aa:ff:12:3b]

RSSI: -53 [da:ee:aa:ff:12:3b]

RSSI: -57 [da:ee:aa:ff:12:3b]

RSSI: -52 [da:ee:aa:ff:15:9a]

RSSI: -83 [da:ee:aa:ff:10:1c]

RSSI: -52 [da:ee:aa:ff:15:9a]

RSSI: -53 [da:ee:aa:ff:15:aa]

RSSI: -53 [da:ee:aa:ff:15:aa]

RSSI: -54 [da:ee:aa:ff:15:aa]

RSSI: -67 [da:ee:aa:ff:12:6b]

RSSI: -54 [da:ee:aa:ff:15:ca]

RSSI: -52 [da:ee:aa:ff:15:da]

RSSI: -52 [da:ee:aa:ff:15:da]

RSSI: -52 [da:ee:aa:ff:15:da]

RSSI: -53 [da:ee:aa:ff:15:da]

RSSI: -53 [da:ee:aa:ff:15:da]

RSSI: -71 [da:ee:aa:ff:12:ab]

RSSI: -54 [da:ee:aa:ff:15:ea]

RSSI: -71 [da:ee:aa:ff:12:ab]

RSSI: -72 [da:ee:aa:ff:12:ab]

RSSI: -72 [da:ee:aa:ff:12:ab]

RSSI: -72 [da:ee:aa:ff:12:ab]

RSSI: -54 [da:ee:aa:ff:15:fa]

RSSI: -68 [da:ee:aa:ff:12:bb]

RSSI: -54 [da:ee:aa:ff:16:1a]

RSSI: -54 [da:ee:aa:ff:16:1a]

RSSI: -68 [da:ee:aa:ff:12:cb]

RSSI: -88 [da:ee:aa:ff:10:cc]

RSSI: -67 [da:ee:aa:ff:12:cb]

RSSI: -89 [da:ee:aa:ff:10:cc]

RSSI: -68 [da:ee:aa:ff:12:cb]

RSSI: -89 [da:ee:aa:ff:10:cc]

RSSI: -53 [da:ee:aa:ff:16:4a]

RSSI: -53 [da:ee:aa:ff:16:4a]

RSSI: -53 [da:ee:aa:ff:16:4a]

RSSI: -53 [da:ee:aa:ff:16:4a]

RSSI: -71 [da:ee:aa:ff:13:0b]

RSSI: -84 [da:ee:aa:ff:11:0c]

RSSI: -71 [da:ee:aa:ff:13:0b]

RSSI: -72 [da:ee:aa:ff:13:0b]

RSSI: -84 [da:ee:aa:ff:11:0c]

RSSI: -71 [da:ee:aa:ff:13:0b]

RSSI: -84 [da:ee:aa:ff:11:0c]

RSSI: -71 [da:ee:aa:ff:13:0b]

RSSI: -63 [da:ee:aa:ff:13:2b]

RSSI: -51 [da:ee:aa:ff:13:2b]

RSSI: -54 [da:ee:aa:ff:00:1a]

RSSI: -51 [da:ee:aa:ff:13:4b]

RSSI: -42 [da:ee:aa:ff:00:1a]

RSSI: -56 [da:ee:aa:ff:13:4b]

RSSI: -89 [da:ee:aa:ff:11:4c]

RSSI: -53 [da:ee:aa:ff:00:1a]

RSSI: -67 [da:ee:aa:ff:13:5b]

RSSI: -39 [da:ee:aa:ff:00:3a]

RSSI: -67 [da:ee:aa:ff:13:5b]

RSSI: -42 [da:ee:aa:ff:00:3a]

RSSI: -67 [da:ee:aa:ff:13:5b]

RSSI: -53 [da:ee:aa:ff:00:3a]

RSSI: -67 [da:ee:aa:ff:13:5b]

RSSI: -53 [da:ee:aa:ff:00:3a]

RSSI: -67 [da:ee:aa:ff:13:5b]

RSSI: -72 [da:ee:aa:ff:13:8b]

RSSI: -54 [da:ee:aa:ff:00:6a]

RSSI: -72 [da:ee:aa:ff:13:8b]

RSSI: -54 [da:ee:aa:ff:00:6a]

RSSI: -72 [da:ee:aa:ff:13:8b]

RSSI: -54 [da:ee:aa:ff:00:6a]

RSSI: -72 [da:ee:aa:ff:13:8b]

RSSI: -68 [da:ee:aa:ff:13:9b]

RSSI: -55 [da:ee:aa:ff:00:8a]

RSSI: -68 [da:ee:aa:ff:13:9b]

RSSI: -55 [da:ee:aa:ff:00:8a]

RSSI: -68 [da:ee:aa:ff:13:9b]

RSSI: -55 [da:ee:aa:ff:00:8a]

RSSI: -68 [da:ee:aa:ff:13:bb]

RSSI: -86 [da:ee:aa:ff:11:cc]

RSSI: -85 [da:ee:aa:ff:11:ec]

RSSI: -85 [da:ee:aa:ff:11:ec]

RSSI: -53 [da:ee:aa:ff:00:da]

RSSI: -84 [da:ee:aa:ff:11:fc]

RSSI: -71 [da:ee:aa:ff:13:eb]

RSSI: -85 [da:ee:aa:ff:11:fc]

RSSI: -84 [da:ee:aa:ff:11:fc]

RSSI: -72 [da:ee:aa:ff:13:eb]

RSSI: -68 [da:ee:aa:ff:14:0b]

RSSI: -55 [da:ee:aa:ff:01:0a]

RSSI: -68 [da:ee:aa:ff:14:0b]

RSSI: -55 [da:ee:aa:ff:01:0a]

RSSI: -68 [da:ee:aa:ff:14:0b]

RSSI: -55 [da:ee:aa:ff:01:0a]

RSSI: -68 [da:ee:aa:ff:14:0b]

RSSI: -89 [da:ee:aa:ff:12:3c]

RSSI: -55 [da:ee:aa:ff:01:0a]

RSSI: -86 [da:ee:aa:ff:12:4c]

RSSI: -68 [da:ee:aa:ff:14:2b]

RSSI: -54 [da:ee:aa:ff:14:2b]

RSSI: -51 [da:ee:aa:ff:14:2b]

RSSI: -49 [da:ee:aa:ff:01:3a]

RSSI: -82 [da:ee:aa:ff:12:8c]

RSSI: -53 [da:ee:aa:ff:01:5a]

RSSI: -83 [da:ee:aa:ff:12:8c]

RSSI: -72 [da:ee:aa:ff:14:5b]

RSSI: -53 [da:ee:aa:ff:01:5a]

RSSI: -83 [da:ee:aa:ff:12:8c]

RSSI: -68 [da:ee:aa:ff:14:6b]

RSSI: -55 [da:ee:aa:ff:01:8a]

RSSI: -68 [da:ee:aa:ff:14:6b]

RSSI: -55 [da:ee:aa:ff:01:8a]

RSSI: -68 [da:ee:aa:ff:14:6b]

RSSI: -55 [da:ee:aa:ff:01:8a]

RSSI: -69 [da:ee:aa:ff:14:6b]

RSSI: -87 [da:ee:aa:ff:12:ac]

RSSI: -55 [da:ee:aa:ff:01:8a]

RSSI: -68 [da:ee:aa:ff:14:6b]

RSSI: -53 [da:ee:aa:ff:01:aa]

RSSI: -68 [da:ee:aa:ff:14:ab]

RSSI: -53 [da:ee:aa:ff:01:aa]

RSSI: -67 [da:ee:aa:ff:14:ab]

RSSI: -53 [da:ee:aa:ff:01:aa]

RSSI: -67 [da:ee:aa:ff:14:ab]

RSSI: -68 [da:ee:aa:ff:14:ab]

RSSI: -53 [da:ee:aa:ff:01:ca]

RSSI: -53 [da:ee:aa:ff:01:da]

RSSI: -71 [da:ee:aa:ff:14:bb]

RSSI: -53 [da:ee:aa:ff:01:da]

RSSI: -72 [da:ee:aa:ff:14:bb]

RSSI: -53 [da:ee:aa:ff:01:da]

RSSI: -71 [da:ee:aa:ff:14:bb]

RSSI: -53 [da:ee:aa:ff:01:da]

RSSI: -53 [da:ee:aa:ff:01:da]

RSSI: -71 [da:ee:aa:ff:14:db]

RSSI: -55 [da:ee:aa:ff:01:fa]

RSSI: -55 [da:ee:aa:ff:01:fa]

RSSI: -68 [da:ee:aa:ff:14:eb]

RSSI: -88 [da:ee:aa:ff:13:1c]

RSSI: -69 [da:ee:aa:ff:14:eb]

RSSI: -55 [da:ee:aa:ff:02:0a]

RSSI: -68 [da:ee:aa:ff:14:eb]

RSSI: -55 [da:ee:aa:ff:02:0a]

RSSI: -68 [da:ee:aa:ff:15:0b]

RSSI: -52 [da:ee:aa:ff:02:1a]

RSSI: -84 [da:ee:aa:ff:13:2c]

RSSI: -53 [da:ee:aa:ff:15:1b]

RSSI: -53 [da:ee:aa:ff:02:1a]

RSSI: -68 [da:ee:aa:ff:15:2b]

RSSI: -84 [da:ee:aa:ff:13:6c]

RSSI: -61 [da:ee:aa:ff:15:2b]

RSSI: -84 [da:ee:aa:ff:13:6c]

RSSI: -71 [da:ee:aa:ff:15:2b]

RSSI: -84 [da:ee:aa:ff:13:6c]

RSSI: -71 [da:ee:aa:ff:15:2b]

RSSI: -85 [da:ee:aa:ff:13:6c]

RSSI: -42 [da:ee:aa:ff:02:5a]

RSSI: -68 [da:ee:aa:ff:15:5b]

RSSI: -54 [da:ee:aa:ff:02:6a]

RSSI: -68 [da:ee:aa:ff:15:5b]

RSSI: -55 [da:ee:aa:ff:02:6a]

RSSI: -68 [da:ee:aa:ff:15:5b]

RSSI: -55 [da:ee:aa:ff:02:6a]

RSSI: -68 [da:ee:aa:ff:15:5b]

RSSI: -69 [da:ee:aa:ff:15:5b]

RSSI: -53 [da:ee:aa:ff:02:aa]

RSSI: -67 [da:ee:aa:ff:15:6b]

RSSI: -53 [da:ee:aa:ff:02:aa]

RSSI: -68 [da:ee:aa:ff:15:6b]

RSSI: -53 [da:ee:aa:ff:02:aa]

RSSI: -53 [da:ee:aa:ff:02:aa]

RSSI: -68 [da:ee:aa:ff:15:8b]

RSSI: -85 [da:ee:aa:ff:13:bc]

RSSI: -53 [da:ee:aa:ff:02:aa]

RSSI: -67 [da:ee:aa:ff:15:8b]

RSSI: -85 [da:ee:aa:ff:13:cc]

RSSI: -52 [da:ee:aa:ff:02:ba]

RSSI: -70 [da:ee:aa:ff:15:ab]

RSSI: -52 [da:ee:aa:ff:02:ba]

RSSI: -71 [da:ee:aa:ff:15:ab]

RSSI: -71 [da:ee:aa:ff:15:ab]

RSSI: -71 [da:ee:aa:ff:15:ab]

RSSI: -84 [da:ee:aa:ff:13:ec]

RSSI: -69 [da:ee:aa:ff:15:cb]

RSSI: -54 [da:ee:aa:ff:02:ea]

RSSI: -54 [da:ee:aa:ff:02:ea]

RSSI: -55 [da:ee:aa:ff:02:ea]

RSSI: -55 [da:ee:aa:ff:02:ea]

RSSI: -88 [da:ee:aa:ff:14:1c]

RSSI: -67 [da:ee:aa:ff:15:eb]

RSSI: -52 [da:ee:aa:ff:02:fa]

RSSI: -86 [da:ee:aa:ff:14:1c]

RSSI: -67 [da:ee:aa:ff:15:eb]

RSSI: -67 [da:ee:aa:ff:15:eb]

RSSI: -52 [da:ee:aa:ff:03:1a]

RSSI: -52 [da:ee:aa:ff:03:1a]

RSSI: -86 [da:ee:aa:ff:14:3c]

RSSI: -52 [da:ee:aa:ff:03:1a]

RSSI: -46 [da:ee:aa:ff:16:1b]

RSSI: -52 [da:ee:aa:ff:03:3a]

RSSI: -67 [da:ee:aa:ff:16:1b]

RSSI: -84 [da:ee:aa:ff:14:5c]

RSSI: -54 [da:ee:aa:ff:03:6a]

RSSI: -54 [da:ee:aa:ff:03:6a]

RSSI: -42 [da:ee:aa:ff:03:6a]

RSSI: -41 [da:ee:aa:ff:03:6a]

RSSI: -48 [da:ee:aa:ff:03:6a]

RSSI: -51 [da:ee:aa:ff:03:8a]

RSSI: -68 [da:ee:aa:ff:16:5b]

RSSI: -83 [da:ee:aa:ff:14:ac]

RSSI: -53 [da:ee:aa:ff:03:8a]

RSSI: -68 [da:ee:aa:ff:16:5b]

RSSI: -84 [da:ee:aa:ff:14:ac]

RSSI: -53 [da:ee:aa:ff:03:8a]

RSSI: -68 [da:ee:aa:ff:16:5b]

RSSI: -84 [da:ee:aa:ff:14:ac]

RSSI: -53 [da:ee:aa:ff:03:8a]

RSSI: -68 [da:ee:aa:ff:16:5b]

RSSI: -84 [da:ee:aa:ff:14:ac]

RSSI: -53 [da:ee:aa:ff:03:ba]

RSSI: -70 [da:ee:aa:ff:00:0b]

RSSI: -53 [da:ee:aa:ff:03:ba]

RSSI: -70 [da:ee:aa:ff:00:0b]

RSSI: -52 [da:ee:aa:ff:03:ba]

RSSI: -70 [da:ee:aa:ff:00:0b]

RSSI: -53 [da:ee:aa:ff:03:ba]

RSSI: -70 [da:ee:aa:ff:00:0b]

RSSI: -55 [da:ee:aa:ff:03:da]

RSSI: -55 [da:ee:aa:ff:03:da]

RSSI: -55 [da:ee:aa:ff:03:ea]

RSSI: -52 [da:ee:aa:ff:04:0a]

RSSI: -68 [da:ee:aa:ff:00:5b]

RSSI: -88 [da:ee:aa:ff:15:1c]

RSSI: -52 [da:ee:aa:ff:04:0a]

RSSI: -68 [da:ee:aa:ff:00:5b]

RSSI: -85 [da:ee:aa:ff:15:1c]

RSSI: -68 [da:ee:aa:ff:00:5b]

RSSI: -88 [da:ee:aa:ff:15:1c]

RSSI: -52 [da:ee:aa:ff:04:0a]

RSSI: -68 [da:ee:aa:ff:00:5b]

RSSI: -87 [da:ee:aa:ff:15:1c]

RSSI: -52 [da:ee:aa:ff:04:0a]

RSSI: -68 [da:ee:aa:ff:00:5b]

RSSI: -70 [da:ee:aa:ff:00:9b]

RSSI: -86 [da:ee:aa:ff:15:3c]

RSSI: -70 [da:ee:aa:ff:00:9b]

RSSI: -86 [da:ee:aa:ff:15:3c]

RSSI: -70 [da:ee:aa:ff:00:9b]

RSSI: -69 [da:ee:aa:ff:00:9b]

RSSI: -51 [da:ee:aa:ff:00:ab]

RSSI: -54 [da:ee:aa:ff:04:5a]

RSSI: -54 [da:ee:aa:ff:04:5a]

RSSI: -69 [da:ee:aa:ff:00:ab]

RSSI: -54 [da:ee:aa:ff:04:5a]

RSSI: -54 [da:ee:aa:ff:04:5a]

RSSI: -85 [da:ee:aa:ff:15:6c]

RSSI: -68 [da:ee:aa:ff:00:bb]

RSSI: -68 [da:ee:aa:ff:00:db]

RSSI: -89 [da:ee:aa:ff:15:8c]

RSSI: -69 [da:ee:aa:ff:01:0b]

RSSI: -69 [da:ee:aa:ff:01:0b]

RSSI: -85 [da:ee:aa:ff:15:ac]

RSSI: -69 [da:ee:aa:ff:01:0b]

RSSI: -86 [da:ee:aa:ff:15:cc]

RSSI: -86 [da:ee:aa:ff:15:cc]

RSSI: -54 [da:ee:aa:ff:04:da]

RSSI: -52 [da:ee:aa:ff:04:fa]

RSSI: -68 [da:ee:aa:ff:01:4b]

RSSI: -85 [da:ee:aa:ff:15:fc]

RSSI: -52 [da:ee:aa:ff:04:fa]

RSSI: -68 [da:ee:aa:ff:01:4b]

RSSI: -52 [da:ee:aa:ff:04:fa]

RSSI: -68 [da:ee:aa:ff:01:4b]

RSSI: -88 [da:ee:aa:ff:15:fc]

RSSI: -68 [da:ee:aa:ff:01:4b]

RSSI: -52 [da:ee:aa:ff:05:1a]

RSSI: -85 [da:ee:aa:ff:16:1c]

RSSI: -86 [da:ee:aa:ff:16:1c]

RSSI: -53 [da:ee:aa:ff:05:2a]

RSSI: -53 [da:ee:aa:ff:05:2a]

RSSI: -70 [da:ee:aa:ff:01:7b]

RSSI: -54 [da:ee:aa:ff:05:4a]

RSSI: -68 [da:ee:aa:ff:01:8b]

RSSI: -54 [da:ee:aa:ff:05:4a]

RSSI: -68 [da:ee:aa:ff:01:8b]

RSSI: -68 [da:ee:aa:ff:01:8b]

RSSI: -54 [da:ee:aa:ff:05:5a]

RSSI: -68 [da:ee:aa:ff:01:8b]

RSSI: -54 [da:ee:aa:ff:05:5a]

RSSI: -68 [da:ee:aa:ff:01:8b]

RSSI: -53 [da:ee:aa:ff:05:7a]

RSSI: -53 [da:ee:aa:ff:05:7a]

RSSI: -52 [da:ee:aa:ff:01:ab]

RSSI: -53 [da:ee:aa:ff:05:7a]

RSSI: -61 [da:ee:aa:ff:01:ab]

RSSI: -53 [da:ee:aa:ff:05:7a]

RSSI: -67 [da:ee:aa:ff:01:ab]

RSSI: -53 [da:ee:aa:ff:05:7a]

RSSI: -66 [da:ee:aa:ff:01:ab]

RSSI: -70 [da:ee:aa:ff:01:cb]

RSSI: -70 [da:ee:aa:ff:01:cb]

RSSI: -84 [da:ee:aa:ff:00:1c]

RSSI: -85 [da:ee:aa:ff:00:1c]

RSSI: -68 [da:ee:aa:ff:01:eb]

RSSI: -85 [da:ee:aa:ff:00:3c]

RSSI: -41 [da:ee:aa:ff:05:ba]

RSSI: -68 [da:ee:aa:ff:01:eb]

RSSI: -54 [da:ee:aa:ff:05:ba]

RSSI: -68 [da:ee:aa:ff:01:eb]

RSSI: -54 [da:ee:aa:ff:05:ba]

RSSI: -68 [da:ee:aa:ff:01:eb]

RSSI: -54 [da:ee:aa:ff:05:ba]

RSSI: -68 [da:ee:aa:ff:01:eb]

RSSI: -84 [da:ee:aa:ff:00:4c]

RSSI: -68 [da:ee:aa:ff:02:0b]

RSSI: -69 [da:ee:aa:ff:02:2b]

RSSI: -69 [da:ee:aa:ff:02:2b]

RSSI: -53 [da:ee:aa:ff:05:fa]

RSSI: -68 [da:ee:aa:ff:02:2b]

RSSI: -53 [da:ee:aa:ff:06:0a]

RSSI: -70 [da:ee:aa:ff:02:3b]

RSSI: -53 [da:ee:aa:ff:06:0a]

RSSI: -70 [da:ee:aa:ff:02:3b]

RSSI: -53 [da:ee:aa:ff:06:0a]

RSSI: -70 [da:ee:aa:ff:02:3b]

RSSI: -85 [da:ee:aa:ff:00:9c]

RSSI: -70 [da:ee:aa:ff:02:3b]

RSSI: -69 [da:ee:aa:ff:02:7b]

RSSI: -54 [da:ee:aa:ff:06:3a]

RSSI: -68 [da:ee:aa:ff:02:7b]

RSSI: -54 [da:ee:aa:ff:06:3a]

RSSI: -69 [da:ee:aa:ff:02:7b]

RSSI: -54 [da:ee:aa:ff:06:3a]

RSSI: -69 [da:ee:aa:ff:02:7b]

RSSI: -54 [da:ee:aa:ff:06:3a]

RSSI: -85 [da:ee:aa:ff:00:bc]

RSSI: -54 [da:ee:aa:ff:06:3a]

RSSI: -68 [da:ee:aa:ff:02:8b]

RSSI: -53 [da:ee:aa:ff:06:4a]

RSSI: -68 [da:ee:aa:ff:02:8b]

RSSI: -53 [da:ee:aa:ff:06:4a]

RSSI: -68 [da:ee:aa:ff:02:8b]

RSSI: -53 [da:ee:aa:ff:06:5a]

RSSI: -84 [da:ee:aa:ff:00:fc]

RSSI: -53 [da:ee:aa:ff:06:5a]

RSSI: -52 [da:ee:aa:ff:02:ab]

RSSI: -85 [da:ee:aa:ff:01:1c]

RSSI: -53 [da:ee:aa:ff:02:cb]

RSSI: -54 [da:ee:aa:ff:06:7a]

RSSI: -85 [da:ee:aa:ff:01:1c]

RSSI: -59 [da:ee:aa:ff:02:cb]

RSSI: -54 [da:ee:aa:ff:06:7a]

RSSI: -85 [da:ee:aa:ff:01:1c]

RSSI: -70 [da:ee:aa:ff:02:cb]

RSSI: -85 [da:ee:aa:ff:01:1c]

RSSI: -70 [da:ee:aa:ff:02:cb]

RSSI: -54 [da:ee:aa:ff:06:7a]

RSSI: -85 [da:ee:aa:ff:01:1c]

RSSI: -70 [da:ee:aa:ff:02:cb]

RSSI: -54 [da:ee:aa:ff:06:8a]

RSSI: -68 [da:ee:aa:ff:02:fb]

RSSI: -54 [da:ee:aa:ff:06:aa]

RSSI: -68 [da:ee:aa:ff:02:fb]

RSSI: -54 [da:ee:aa:ff:06:aa]

RSSI: -68 [da:ee:aa:ff:02:fb]

RSSI: -69 [da:ee:aa:ff:02:fb]

RSSI: -54 [da:ee:aa:ff:06:ca]

RSSI: -68 [da:ee:aa:ff:03:0b]

RSSI: -40 [da:ee:aa:ff:06:ca]

RSSI: -68 [da:ee:aa:ff:03:0b]

RSSI: -53 [da:ee:aa:ff:06:ca]

RSSI: -69 [da:ee:aa:ff:03:0b]

RSSI: -53 [da:ee:aa:ff:06:ca]

RSSI: -87 [da:ee:aa:ff:01:7c]

RSSI: -53 [da:ee:aa:ff:06:ca]

RSSI: -71 [da:ee:aa:ff:03:4b]

RSSI: -54 [da:ee:aa:ff:07:0a]

RSSI: -70 [da:ee:aa:ff:03:4b]

RSSI: -83 [da:ee:aa:ff:01:ac]

RSSI: -54 [da:ee:aa:ff:07:0a]

RSSI: -71 [da:ee:aa:ff:03:4b]

RSSI: -82 [da:ee:aa:ff:01:ac]

RSSI: -54 [da:ee:aa:ff:07:0a]

RSSI: -71 [da:ee:aa:ff:03:4b]

RSSI: -82 [da:ee:aa:ff:01:ac]

RSSI: -54 [da:ee:aa:ff:07:0a]

RSSI: -54 [da:ee:aa:ff:07:1a]

RSSI: -68 [da:ee:aa:ff:03:7b]

RSSI: -68 [da:ee:aa:ff:03:7b]

RSSI: -68 [da:ee:aa:ff:03:9b]

RSSI: -53 [da:ee:aa:ff:07:3a]

RSSI: -87 [da:ee:aa:ff:01:ec]

RSSI: -68 [da:ee:aa:ff:03:9b]

RSSI: -53 [da:ee:aa:ff:07:3a]

RSSI: -85 [da:ee:aa:ff:01:ec]

RSSI: -68 [da:ee:aa:ff:03:9b]

RSSI: -53 [da:ee:aa:ff:07:3a]

RSSI: -87 [da:ee:aa:ff:01:ec]

RSSI: -68 [da:ee:aa:ff:03:9b]

RSSI: -53 [da:ee:aa:ff:07:3a]

RSSI: -68 [da:ee:aa:ff:03:9b]

RSSI: -53 [da:ee:aa:ff:07:3a]

RSSI: -53 [da:ee:aa:ff:07:4a]

RSSI: -84 [da:ee:aa:ff:02:0c]

RSSI: -53 [da:ee:aa:ff:07:4a]

RSSI: -56 [da:ee:aa:ff:03:db]

RSSI: -53 [da:ee:aa:ff:03:db]

RSSI: -65 [da:ee:aa:ff:03:db]

RSSI: -53 [da:ee:aa:ff:07:7a]

RSSI: -53 [da:ee:aa:ff:07:7a]

RSSI: -67 [da:ee:aa:ff:03:eb]

RSSI: -53 [da:ee:aa:ff:07:7a]

RSSI: -53 [da:ee:aa:ff:07:7a]

RSSI: -53 [da:ee:aa:ff:07:7a]

RSSI: -87 [da:ee:aa:ff:02:5c]

RSSI: -69 [da:ee:aa:ff:04:2b]

RSSI: -88 [da:ee:aa:ff:02:5c]

RSSI: -68 [da:ee:aa:ff:04:2b]

RSSI: -68 [da:ee:aa:ff:04:2b]

RSSI: -52 [da:ee:aa:ff:07:9a]

RSSI: -88 [da:ee:aa:ff:02:7c]

RSSI: -68 [da:ee:aa:ff:04:2b]

RSSI: -71 [da:ee:aa:ff:04:4b]

RSSI: -71 [da:ee:aa:ff:04:4b]

RSSI: -50 [da:ee:aa:ff:07:ba]

RSSI: -71 [da:ee:aa:ff:04:4b]

RSSI: -72 [da:ee:aa:ff:04:4b]

RSSI: -53 [da:ee:aa:ff:07:ba]

RSSI: -53 [da:ee:aa:ff:07:ba]

RSSI: -67 [da:ee:aa:ff:04:7b]

RSSI: -68 [da:ee:aa:ff:04:7b]

RSSI: -91 [da:ee:aa:ff:02:ac]

RSSI: -68 [da:ee:aa:ff:04:7b]

RSSI: -54 [da:ee:aa:ff:07:da]

RSSI: -68 [da:ee:aa:ff:04:7b]

RSSI: -92 [da:ee:aa:ff:02:cc]

RSSI: -68 [da:ee:aa:ff:04:7b]

RSSI: -69 [da:ee:aa:ff:04:8b]

RSSI: -53 [da:ee:aa:ff:07:ea]

RSSI: -69 [da:ee:aa:ff:04:8b]

RSSI: -53 [da:ee:aa:ff:07:ea]

RSSI: -54 [da:ee:aa:ff:07:ea]

RSSI: -53 [da:ee:aa:ff:07:ea]

RSSI: -53 [da:ee:aa:ff:07:ea]

RSSI: -71 [da:ee:aa:ff:04:bb]

RSSI: -83 [da:ee:aa:ff:02:fc]

RSSI: -53 [da:ee:aa:ff:08:2a]

RSSI: -84 [da:ee:aa:ff:02:fc]

RSSI: -53 [da:ee:aa:ff:08:2a]

RSSI: -53 [da:ee:aa:ff:08:2a]

RSSI: -85 [da:ee:aa:ff:03:1c]

RSSI: -53 [da:ee:aa:ff:08:2a]

RSSI: -54 [da:ee:aa:ff:08:4a]

RSSI: -54 [da:ee:aa:ff:08:4a]

RSSI: -68 [da:ee:aa:ff:04:fb]

RSSI: -88 [da:ee:aa:ff:03:2c]

RSSI: -54 [da:ee:aa:ff:08:4a]

RSSI: -59 [da:ee:aa:ff:04:fb]

RSSI: -88 [da:ee:aa:ff:03:2c]

RSSI: -65 [da:ee:aa:ff:04:fb]

RSSI: -54 [da:ee:aa:ff:08:6a]

RSSI: -53 [da:ee:aa:ff:08:7a]

RSSI: -69 [da:ee:aa:ff:05:0b]

RSSI: -54 [da:ee:aa:ff:08:7a]

RSSI: -69 [da:ee:aa:ff:05:0b]

RSSI: -53 [da:ee:aa:ff:08:7a]

RSSI: -69 [da:ee:aa:ff:05:0b]

RSSI: -53 [da:ee:aa:ff:08:7a]

RSSI: -88 [da:ee:aa:ff:03:6c]

RSSI: -54 [da:ee:aa:ff:08:9a]

RSSI: -83 [da:ee:aa:ff:03:7c]

RSSI: -71 [da:ee:aa:ff:05:4b]

RSSI: -54 [da:ee:aa:ff:08:9a]

RSSI: -83 [da:ee:aa:ff:03:7c]

RSSI: -71 [da:ee:aa:ff:05:4b]

RSSI: -84 [da:ee:aa:ff:03:7c]

RSSI: -71 [da:ee:aa:ff:05:4b]

RSSI: -68 [da:ee:aa:ff:05:5b]

RSSI: -52 [da:ee:aa:ff:08:ba]

RSSI: -68 [da:ee:aa:ff:05:5b]

RSSI: -54 [da:ee:aa:ff:08:ba]

RSSI: -69 [da:ee:aa:ff:05:7b]

RSSI: -68 [da:ee:aa:ff:05:7b]

RSSI: -55 [da:ee:aa:ff:08:ba]

RSSI: -69 [da:ee:aa:ff:05:7b]

RSSI: -53 [da:ee:aa:ff:08:da]

RSSI: -86 [da:ee:aa:ff:03:bc]

RSSI: -69 [da:ee:aa:ff:05:9b]

RSSI: -53 [da:ee:aa:ff:08:fa]

RSSI: -70 [da:ee:aa:ff:05:9b]

RSSI: -53 [da:ee:aa:ff:08:fa]

RSSI: -69 [da:ee:aa:ff:05:9b]

RSSI: -53 [da:ee:aa:ff:08:fa]

RSSI: -69 [da:ee:aa:ff:05:9b]

RSSI: -83 [da:ee:aa:ff:03:cc]

RSSI: -54 [da:ee:aa:ff:09:0a]

RSSI: -71 [da:ee:aa:ff:05:db]

RSSI: -54 [da:ee:aa:ff:09:0a]

RSSI: -54 [da:ee:aa:ff:09:0a]

RSSI: -54 [da:ee:aa:ff:09:0a]

RSSI: -68 [da:ee:aa:ff:05:fb]

RSSI: -54 [da:ee:aa:ff:09:4a]

RSSI: -68 [da:ee:aa:ff:05:fb]

RSSI: -54 [da:ee:aa:ff:09:4a]

RSSI: -68 [da:ee:aa:ff:05:fb]

RSSI: -54 [da:ee:aa:ff:09:4a]

RSSI: -54 [da:ee:aa:ff:09:4a]

RSSI: -89 [da:ee:aa:ff:03:fc]

RSSI: -86 [da:ee:aa:ff:04:3c]

RSSI: -85 [da:ee:aa:ff:04:4c]

RSSI: -55 [da:ee:aa:ff:09:9a]

RSSI: -85 [da:ee:aa:ff:04:4c]

RSSI: -54 [da:ee:aa:ff:09:9a]

RSSI: -84 [da:ee:aa:ff:04:4c]

RSSI: -54 [da:ee:aa:ff:09:9a]

RSSI: -84 [da:ee:aa:ff:04:4c]

RSSI: -54 [da:ee:aa:ff:09:9a]

RSSI: -71 [da:ee:aa:ff:06:5b]

RSSI: -54 [da:ee:aa:ff:09:9a]

RSSI: -71 [da:ee:aa:ff:06:5b]

RSSI: -68 [da:ee:aa:ff:06:7b]

RSSI: -69 [da:ee:aa:ff:06:7b]

RSSI: -54 [da:ee:aa:ff:09:aa]

RSSI: -69 [da:ee:aa:ff:06:7b]

RSSI: -68 [da:ee:aa:ff:06:7b]

RSSI: -54 [da:ee:aa:ff:09:ca]

RSSI: -85 [da:ee:aa:ff:04:8c]

RSSI: -69 [da:ee:aa:ff:06:7b]

RSSI: -71 [da:ee:aa:ff:06:ab]

RSSI: -53 [da:ee:aa:ff:09:ea]

RSSI: -53 [da:ee:aa:ff:09:ea]

RSSI: -54 [da:ee:aa:ff:09:fa]

RSSI: -54 [da:ee:aa:ff:0a:1a]

RSSI: -55 [da:ee:aa:ff:0a:3a]

RSSI: -85 [da:ee:aa:ff:04:ec]

RSSI: -55 [da:ee:aa:ff:0a:3a]

RSSI: -55 [da:ee:aa:ff:0a:3a]

RSSI: -86 [da:ee:aa:ff:04:ec]

RSSI: -55 [da:ee:aa:ff:0a:3a]

RSSI: -55 [da:ee:aa:ff:0a:3a]

RSSI: -86 [da:ee:aa:ff:05:1c]

RSSI: -53 [da:ee:aa:ff:0a:6a]

RSSI: -77 [da:ee:aa:ff:05:1c]

RSSI: -53 [da:ee:aa:ff:0a:6a]

RSSI: -53 [da:ee:aa:ff:0a:6a]

RSSI: -73 [da:ee:aa:ff:07:1b]

RSSI: -53 [da:ee:aa:ff:0a:6a]

RSSI: -71 [da:ee:aa:ff:07:2b]

RSSI: -54 [da:ee:aa:ff:0a:8a]

RSSI: -72 [da:ee:aa:ff:07:2b]

RSSI: -84 [da:ee:aa:ff:05:3c]

RSSI: -54 [da:ee:aa:ff:0a:8a]

RSSI: -54 [da:ee:aa:ff:0a:8a]

RSSI: -53 [da:ee:aa:ff:07:2b]

RSSI: -68 [da:ee:aa:ff:07:2b]

RSSI: -83 [da:ee:aa:ff:05:5c]

RSSI: -55 [da:ee:aa:ff:0a:ba]

RSSI: -86 [da:ee:aa:ff:05:6c]

RSSI: -85 [da:ee:aa:ff:05:6c]

RSSI: -84 [da:ee:aa:ff:05:6c]

RSSI: -69 [da:ee:aa:ff:07:6b]

RSSI: -53 [da:ee:aa:ff:0a:da]

RSSI: -53 [da:ee:aa:ff:0a:da]

RSSI: -53 [da:ee:aa:ff:0a:da]

RSSI: -69 [da:ee:aa:ff:07:6b]

RSSI: -71 [da:ee:aa:ff:07:8b]

RSSI: -83 [da:ee:aa:ff:05:cc]

RSSI: -54 [da:ee:aa:ff:0b:0a]

RSSI: -72 [da:ee:aa:ff:07:8b]

RSSI: -83 [da:ee:aa:ff:05:cc]

RSSI: -72 [da:ee:aa:ff:07:8b]

RSSI: -85 [da:ee:aa:ff:05:cc]

RSSI: -72 [da:ee:aa:ff:07:8b]

RSSI: -84 [da:ee:aa:ff:05:cc]

RSSI: -55 [da:ee:aa:ff:0b:2a]

RSSI: -55 [da:ee:aa:ff:0b:2a]

RSSI: -69 [da:ee:aa:ff:07:cb]

RSSI: -55 [da:ee:aa:ff:0b:3a]

RSSI: -84 [da:ee:aa:ff:05:fc]

RSSI: -69 [da:ee:aa:ff:07:cb]

RSSI: -55 [da:ee:aa:ff:0b:3a]

RSSI: -52 [da:ee:aa:ff:0b:5a]

RSSI: -69 [da:ee:aa:ff:07:db]

RSSI: -52 [da:ee:aa:ff:0b:5a]

RSSI: -69 [da:ee:aa:ff:07:db]

RSSI: -52 [da:ee:aa:ff:0b:5a]

RSSI: -69 [da:ee:aa:ff:07:db]

RSSI: -52 [da:ee:aa:ff:0b:5a]

RSSI: -69 [da:ee:aa:ff:07:db]

RSSI: -52 [da:ee:aa:ff:0b:5a]

RSSI: -70 [da:ee:aa:ff:07:db]

RSSI: -71 [da:ee:aa:ff:08:0b]

RSSI: -71 [da:ee:aa:ff:08:0b]

RSSI: -54 [da:ee:aa:ff:0b:8a]

RSSI: -71 [da:ee:aa:ff:08:0b]

RSSI: -54 [da:ee:aa:ff:0b:8a]

RSSI: -52 [da:ee:aa:ff:08:2b]

RSSI: -55 [da:ee:aa:ff:0b:aa]

RSSI: -59 [da:ee:aa:ff:08:2b]

RSSI: -55 [da:ee:aa:ff:0b:aa]

RSSI: -69 [da:ee:aa:ff:08:2b]

RSSI: -55 [da:ee:aa:ff:0b:aa]

RSSI: -55 [da:ee:aa:ff:0b:aa]

RSSI: -55 [da:ee:aa:ff:0b:aa]

RSSI: -69 [da:ee:aa:ff:08:4b]

RSSI: -69 [da:ee:aa:ff:08:4b]

RSSI: -53 [da:ee:aa:ff:0b:da]

RSSI: -69 [da:ee:aa:ff:08:4b]

RSSI: -53 [da:ee:aa:ff:0b:da]

RSSI: -69 [da:ee:aa:ff:08:4b]

RSSI: -53 [da:ee:aa:ff:0b:da]

RSSI: -69 [da:ee:aa:ff:08:4b]

RSSI: -53 [da:ee:aa:ff:0b:da]

RSSI: -83 [da:ee:aa:ff:06:ac]

RSSI: -53 [da:ee:aa:ff:0b:ea]

RSSI: -71 [da:ee:aa:ff:08:6b]

RSSI: -84 [da:ee:aa:ff:06:ac]

RSSI: -53 [da:ee:aa:ff:0b:ea]

RSSI: -84 [da:ee:aa:ff:06:ac]

RSSI: -53 [da:ee:aa:ff:0b:ea]

RSSI: -53 [da:ee:aa:ff:0b:ea]

RSSI: -70 [da:ee:aa:ff:08:7b]

RSSI: -71 [da:ee:aa:ff:08:7b]

RSSI: -69 [da:ee:aa:ff:08:9b]

RSSI: -44 [da:ee:aa:ff:0c:1a]

RSSI: -69 [da:ee:aa:ff:08:9b]

RSSI: -42 [da:ee:aa:ff:0c:1a]

RSSI: -69 [da:ee:aa:ff:08:9b]

RSSI: -42 [da:ee:aa:ff:0c:1a]

RSSI: -85 [da:ee:aa:ff:06:ec]

RSSI: -69 [da:ee:aa:ff:08:9b]

RSSI: -87 [da:ee:aa:ff:06:ec]

RSSI: -69 [da:ee:aa:ff:08:9b]

RSSI: -55 [da:ee:aa:ff:0c:1a]

RSSI: -53 [da:ee:aa:ff:0c:3a]

RSSI: -69 [da:ee:aa:ff:08:bb]

RSSI: -53 [da:ee:aa:ff:0c:3a]

RSSI: -69 [da:ee:aa:ff:08:bb]

RSSI: -53 [da:ee:aa:ff:0c:3a]

RSSI: -69 [da:ee:aa:ff:08:bb]

RSSI: -53 [da:ee:aa:ff:0c:5a]

RSSI: -54 [da:ee:aa:ff:0c:6a]

RSSI: -85 [da:ee:aa:ff:07:3c]

RSSI: -54 [da:ee:aa:ff:0c:6a]

RSSI: -84 [da:ee:aa:ff:07:3c]

RSSI: -54 [da:ee:aa:ff:0c:6a]

RSSI: -83 [da:ee:aa:ff:07:3c]

RSSI: -54 [da:ee:aa:ff:0c:6a]

RSSI: -84 [da:ee:aa:ff:07:3c]

RSSI: -55 [da:ee:aa:ff:0c:8a]

RSSI: -55 [da:ee:aa:ff:0c:8a]

RSSI: -69 [da:ee:aa:ff:08:fb]

RSSI: -55 [da:ee:aa:ff:0c:9a]

RSSI: -69 [da:ee:aa:ff:08:fb]

RSSI: -55 [da:ee:aa:ff:0c:9a]

RSSI: -69 [da:ee:aa:ff:08:fb]

RSSI: -53 [da:ee:aa:ff:0c:aa]

RSSI: -64 [da:ee:aa:ff:09:0b]

RSSI: -53 [da:ee:aa:ff:0c:aa]

RSSI: -53 [da:ee:aa:ff:0c:aa]

RSSI: -53 [da:ee:aa:ff:0c:aa]

RSSI: -59 [da:ee:aa:ff:09:1b]

RSSI: -53 [da:ee:aa:ff:0c:aa]

RSSI: -71 [da:ee:aa:ff:09:3b]

RSSI: -84 [da:ee:aa:ff:07:ac]

RSSI: -71 [da:ee:aa:ff:09:3b]

RSSI: -84 [da:ee:aa:ff:07:ac]

RSSI: -71 [da:ee:aa:ff:09:3b]

RSSI: -54 [da:ee:aa:ff:0c:ea]

RSSI: -71 [da:ee:aa:ff:09:3b]

RSSI: -54 [da:ee:aa:ff:0c:ea]

RSSI: -71 [da:ee:aa:ff:09:3b]

RSSI: -54 [da:ee:aa:ff:0c:ea]

RSSI: -85 [da:ee:aa:ff:07:dc]

RSSI: -69 [da:ee:aa:ff:09:7b]

RSSI: -55 [da:ee:aa:ff:0c:fa]

RSSI: -55 [da:ee:aa:ff:0c:fa]

RSSI: -55 [da:ee:aa:ff:0c:fa]

RSSI: -69 [da:ee:aa:ff:09:9b]

RSSI: -92 [da:ee:aa:ff:07:fc]

RSSI: -45 [da:ee:aa:ff:0d:3a]

RSSI: -49 [da:ee:aa:ff:0d:3a]

RSSI: -93 [da:ee:aa:ff:07:fc]

RSSI: -54 [da:ee:aa:ff:0d:3a]

RSSI: -50 [da:ee:aa:ff:0d:3a]

RSSI: -69 [da:ee:aa:ff:09:ab]

RSSI: -53 [da:ee:aa:ff:0d:5a]

RSSI: -71 [da:ee:aa:ff:09:cb]

RSSI: -84 [da:ee:aa:ff:08:2c]

RSSI: -53 [da:ee:aa:ff:0d:5a]

RSSI: -71 [da:ee:aa:ff:09:cb]

RSSI: -85 [da:ee:aa:ff:08:2c]

RSSI: -71 [da:ee:aa:ff:09:cb]

RSSI: -55 [da:ee:aa:ff:0d:9a]

RSSI: -69 [da:ee:aa:ff:09:eb]

RSSI: -88 [da:ee:aa:ff:08:4c]

RSSI: -55 [da:ee:aa:ff:0d:9a]

RSSI: -55 [da:ee:aa:ff:0d:9a]

RSSI: -69 [da:ee:aa:ff:0a:1b]

RSSI: -53 [da:ee:aa:ff:0d:aa]

RSSI: -69 [da:ee:aa:ff:0a:1b]

RSSI: -53 [da:ee:aa:ff:0d:aa]

RSSI: -53 [da:ee:aa:ff:0d:ca]

RSSI: -53 [da:ee:aa:ff:0d:ca]

RSSI: -53 [da:ee:aa:ff:0d:ea]

RSSI: -84 [da:ee:aa:ff:08:ac]

RSSI: -53 [da:ee:aa:ff:0d:ea]

RSSI: -84 [da:ee:aa:ff:08:ac]

RSSI: -71 [da:ee:aa:ff:0a:4b]

RSSI: -53 [da:ee:aa:ff:0d:ea]

RSSI: -53 [da:ee:aa:ff:0a:4b]

RSSI: -53 [da:ee:aa:ff:0d:ea]

RSSI: -65 [da:ee:aa:ff:0a:4b]

RSSI: -53 [da:ee:aa:ff:0d:ea]

RSSI: -71 [da:ee:aa:ff:0a:4b]

RSSI: -56 [da:ee:aa:ff:0d:fa]

RSSI: -68 [da:ee:aa:ff:0a:5b]

RSSI: -56 [da:ee:aa:ff:0e:1a]

RSSI: -69 [da:ee:aa:ff:0a:5b]

RSSI: -56 [da:ee:aa:ff:0e:1a]

RSSI: -56 [da:ee:aa:ff:0e:1a]

RSSI: -69 [da:ee:aa:ff:0a:7b]

RSSI: -53 [da:ee:aa:ff:0e:3a]

RSSI: -68 [da:ee:aa:ff:0a:7b]

RSSI: -95 [da:ee:aa:ff:08:fc]

RSSI: -53 [da:ee:aa:ff:0e:3a]

RSSI: -68 [da:ee:aa:ff:0a:7b]

RSSI: -53 [da:ee:aa:ff:0e:3a]

RSSI: -69 [da:ee:aa:ff:0a:7b]

RSSI: -53 [da:ee:aa:ff:0e:3a]

RSSI: -69 [da:ee:aa:ff:0a:7b]

RSSI: -53 [da:ee:aa:ff:0e:3a]

RSSI: -71 [da:ee:aa:ff:0a:8b]

RSSI: -82 [da:ee:aa:ff:09:2c]

RSSI: -83 [da:ee:aa:ff:09:2c]

RSSI: -68 [da:ee:aa:ff:0a:bb]

RSSI: -53 [da:ee:aa:ff:0e:ba]

RSSI: -53 [da:ee:aa:ff:0e:ba]

RSSI: -69 [da:ee:aa:ff:0a:eb]

RSSI: -53 [da:ee:aa:ff:0e:ba]

RSSI: -69 [da:ee:aa:ff:0a:eb]

RSSI: -53 [da:ee:aa:ff:0e:ba]

RSSI: -69 [da:ee:aa:ff:0a:eb]

RSSI: -53 [da:ee:aa:ff:0e:ba]

RSSI: -69 [da:ee:aa:ff:0a:eb]

RSSI: -71 [da:ee:aa:ff:0a:fb]

RSSI: -54 [da:ee:aa:ff:0e:da]

RSSI: -71 [da:ee:aa:ff:0a:fb]

RSSI: -72 [da:ee:aa:ff:0a:fb]

RSSI: -86 [da:ee:aa:ff:09:cc]

RSSI: -58 [da:ee:aa:ff:0b:2b]

RSSI: -55 [da:ee:aa:ff:0f:1a]

RSSI: -51 [da:ee:aa:ff:0b:2b]

RSSI: -55 [da:ee:aa:ff:0f:1a]

RSSI: -68 [da:ee:aa:ff:0b:2b]

RSSI: -69 [da:ee:aa:ff:0b:2b]

RSSI: -55 [da:ee:aa:ff:0f:1a]

RSSI: -68 [da:ee:aa:ff:0b:2b]

RSSI: -53 [da:ee:aa:ff:0f:3a]

RSSI: -69 [da:ee:aa:ff:0b:4b]

RSSI: -53 [da:ee:aa:ff:0f:3a]

RSSI: -88 [da:ee:aa:ff:09:fc]

RSSI: -69 [da:ee:aa:ff:0b:5b]

RSSI: -53 [da:ee:aa:ff:0f:4a]

RSSI: -69 [da:ee:aa:ff:0b:5b]

RSSI: -84 [da:ee:aa:ff:0a:1c]

RSSI: -84 [da:ee:aa:ff:0a:1c]

RSSI: -83 [da:ee:aa:ff:0a:1c]

RSSI: -68 [da:ee:aa:ff:0b:ab]

RSSI: -68 [da:ee:aa:ff:0b:ab]

RSSI: -55 [da:ee:aa:ff:0f:9a]

RSSI: -68 [da:ee:aa:ff:0b:ab]

RSSI: -45 [da:ee:aa:ff:0f:9a]

RSSI: -69 [da:ee:aa:ff:0b:ab]

RSSI: -88 [da:ee:aa:ff:0a:4c]

RSSI: -42 [da:ee:aa:ff:0f:9a]

RSSI: -70 [da:ee:aa:ff:0b:bb]

RSSI: -53 [da:ee:aa:ff:0f:ba]

RSSI: -69 [da:ee:aa:ff:0b:bb]

RSSI: -86 [da:ee:aa:ff:0a:6c]

RSSI: -53 [da:ee:aa:ff:0f:ba]

RSSI: -69 [da:ee:aa:ff:0b:bb]

RSSI: -86 [da:ee:aa:ff:0a:6c]

RSSI: -53 [da:ee:aa:ff:0f:ba]

RSSI: -69 [da:ee:aa:ff:0b:bb]

RSSI: -53 [da:ee:aa:ff:0f:ba]

RSSI: -89 [da:ee:aa:ff:0a:6c]

RSSI: -71 [da:ee:aa:ff:0b:eb]

RSSI: -71 [da:ee:aa:ff:0b:eb]

RSSI: -85 [da:ee:aa:ff:0a:9c]

RSSI: -71 [da:ee:aa:ff:0b:eb]

RSSI: -71 [da:ee:aa:ff:0b:eb]

RSSI: -68 [da:ee:aa:ff:0b:fb]

RSSI: -55 [da:ee:aa:ff:10:0a]

RSSI: -88 [da:ee:aa:ff:0a:bc]

RSSI: -69 [da:ee:aa:ff:0b:fb]

RSSI: -55 [da:ee:aa:ff:10:0a]

RSSI: -55 [da:ee:aa:ff:10:0a]

RSSI: -68 [da:ee:aa:ff:0c:1b]

RSSI: -55 [da:ee:aa:ff:10:0a]

RSSI: -51 [da:ee:aa:ff:0c:1b]

RSSI: -68 [da:ee:aa:ff:0c:1b]

RSSI: -53 [da:ee:aa:ff:10:4a]

RSSI: -69 [da:ee:aa:ff:0c:2b]

RSSI: -53 [da:ee:aa:ff:10:4a]

RSSI: -59 [da:ee:aa:ff:0c:2b]

RSSI: -53 [da:ee:aa:ff:10:4a]

RSSI: -69 [da:ee:aa:ff:0c:2b]

RSSI: -53 [da:ee:aa:ff:10:4a]

RSSI: -69 [da:ee:aa:ff:0c:2b]

RSSI: -53 [da:ee:aa:ff:10:4a]

RSSI: -54 [da:ee:aa:ff:10:6a]

RSSI: -54 [da:ee:aa:ff:10:6a]

RSSI: -84 [da:ee:aa:ff:0b:0c]

RSSI: -54 [da:ee:aa:ff:10:6a]

RSSI: -83 [da:ee:aa:ff:0b:0c]

RSSI: -72 [da:ee:aa:ff:0c:4b]

RSSI: -55 [da:ee:aa:ff:10:9a]

RSSI: -68 [da:ee:aa:ff:0c:6b]

RSSI: -56 [da:ee:aa:ff:10:9a]

RSSI: -68 [da:ee:aa:ff:0c:6b]

RSSI: -55 [da:ee:aa:ff:10:9a]

RSSI: -68 [da:ee:aa:ff:0c:6b]

RSSI: -87 [da:ee:aa:ff:0b:4c]

RSSI: -56 [da:ee:aa:ff:10:9a]

RSSI: -86 [da:ee:aa:ff:0b:4c]

RSSI: -55 [da:ee:aa:ff:10:9a]

RSSI: -53 [da:ee:aa:ff:10:ba]

RSSI: -69 [da:ee:aa:ff:0c:8b]

RSSI: -70 [da:ee:aa:ff:0c:8b]

RSSI: -70 [da:ee:aa:ff:0c:8b]

RSSI: -54 [da:ee:aa:ff:10:fa]

RSSI: -83 [da:ee:aa:ff:0b:ac]

RSSI: -53 [da:ee:aa:ff:10:fa]

RSSI: -85 [da:ee:aa:ff:0b:ac]

RSSI: -53 [da:ee:aa:ff:10:fa]

RSSI: -71 [da:ee:aa:ff:0c:bb]

RSSI: -84 [da:ee:aa:ff:0b:ac]

RSSI: -55 [da:ee:aa:ff:11:1a]

RSSI: -69 [da:ee:aa:ff:0c:db]

RSSI: -69 [da:ee:aa:ff:0c:db]

RSSI: -55 [da:ee:aa:ff:11:3a]

RSSI: -68 [da:ee:aa:ff:0c:db]

RSSI: -56 [da:ee:aa:ff:11:3a]

RSSI: -68 [da:ee:aa:ff:0c:db]

RSSI: -55 [da:ee:aa:ff:11:3a]

RSSI: -69 [da:ee:aa:ff:0c:db]

RSSI: -88 [da:ee:aa:ff:0b:ec]

RSSI: -52 [da:ee:aa:ff:11:4a]

RSSI: -52 [da:ee:aa:ff:0c:fb]

RSSI: -53 [da:ee:aa:ff:11:4a]

RSSI: -52 [da:ee:aa:ff:11:4a]

RSSI: -57 [da:ee:aa:ff:0c:fb]

RSSI: -52 [da:ee:aa:ff:11:4a]

RSSI: -71 [da:ee:aa:ff:0d:0b]

RSSI: -70 [da:ee:aa:ff:0c:2c]

RSSI: -71 [da:ee:aa:ff:0d:0b]

RSSI: -54 [da:ee:aa:ff:11:8a]

RSSI: -84 [da:ee:aa:ff:0c:2c]

RSSI: -71 [da:ee:aa:ff:0d:0b]

RSSI: -54 [da:ee:aa:ff:11:8a]

RSSI: -84 [da:ee:aa:ff:0c:2c]

RSSI: -71 [da:ee:aa:ff:0d:0b]

RSSI: -54 [da:ee:aa:ff:11:8a]

RSSI: -54 [da:ee:aa:ff:11:8a]

RSSI: -69 [da:ee:aa:ff:0d:4b]

RSSI: -56 [da:ee:aa:ff:11:9a]

RSSI: -55 [da:ee:aa:ff:11:9a]

RSSI: -69 [da:ee:aa:ff:0d:4b]

RSSI: -55 [da:ee:aa:ff:11:9a]

RSSI: -69 [da:ee:aa:ff:0d:4b]

RSSI: -55 [da:ee:aa:ff:11:ba]

RSSI: -52 [da:ee:aa:ff:11:da]

RSSI: -69 [da:ee:aa:ff:0d:6b]

RSSI: -52 [da:ee:aa:ff:11:da]

RSSI: -69 [da:ee:aa:ff:0d:6b]

RSSI: -53 [da:ee:aa:ff:11:da]

RSSI: -53 [da:ee:aa:ff:11:da]

RSSI: -69 [da:ee:aa:ff:0d:8b]

RSSI: -69 [da:ee:aa:ff:0d:8b]

RSSI: -85 [da:ee:aa:ff:0c:ac]

RSSI: -71 [da:ee:aa:ff:0d:ab]

RSSI: -85 [da:ee:aa:ff:0c:ac]

RSSI: -69 [da:ee:aa:ff:0d:cb]

RSSI: -85 [da:ee:aa:ff:0c:cc]

RSSI: -55 [da:ee:aa:ff:12:2a]

RSSI: -69 [da:ee:aa:ff:0d:eb]

RSSI: -54 [da:ee:aa:ff:12:2a]

RSSI: -69 [da:ee:aa:ff:0d:eb]

RSSI: -55 [da:ee:aa:ff:12:2a]

RSSI: -69 [da:ee:aa:ff:0d:eb]

RSSI: -55 [da:ee:aa:ff:12:2a]

RSSI: -69 [da:ee:aa:ff:0d:eb]

RSSI: -55 [da:ee:aa:ff:12:2a]

RSSI: -69 [da:ee:aa:ff:0d:fb]

RSSI: -53 [da:ee:aa:ff:12:4a]

RSSI: -69 [da:ee:aa:ff:0d:fb]

RSSI: -53 [da:ee:aa:ff:12:6a]

RSSI: -70 [da:ee:aa:ff:0d:fb]

RSSI: -52 [da:ee:aa:ff:12:6a]

RSSI: -84 [da:ee:aa:ff:0d:1c]

RSSI: -86 [da:ee:aa:ff:0d:3c]

RSSI: -86 [da:ee:aa:ff:0d:3c]

RSSI: -54 [da:ee:aa:ff:12:ba]

RSSI: -54 [da:ee:aa:ff:12:ba]

RSSI: -69 [da:ee:aa:ff:0e:6b]

RSSI: -54 [da:ee:aa:ff:12:ba]

RSSI: -69 [da:ee:aa:ff:0e:6b]

RSSI: -54 [da:ee:aa:ff:12:ba]

RSSI: -70 [da:ee:aa:ff:0e:7b]

RSSI: -52 [da:ee:aa:ff:12:da]

RSSI: -69 [da:ee:aa:ff:0e:7b]

RSSI: -52 [da:ee:aa:ff:12:da]

RSSI: -69 [da:ee:aa:ff:0e:7b]

RSSI: -69 [da:ee:aa:ff:0e:7b]

RSSI: -52 [da:ee:aa:ff:12:da]

RSSI: -69 [da:ee:aa:ff:0e:7b]

RSSI: -83 [da:ee:aa:ff:0d:ac]

RSSI: -53 [da:ee:aa:ff:13:0a]

RSSI: -53 [da:ee:aa:ff:13:0a]

RSSI: -86 [da:ee:aa:ff:0d:ac]

RSSI: -53 [da:ee:aa:ff:13:0a]

RSSI: -70 [da:ee:aa:ff:0e:cb]

RSSI: -69 [da:ee:aa:ff:0e:cb]

RSSI: -48 [da:ee:aa:ff:13:2a]

RSSI: -69 [da:ee:aa:ff:0e:cb]

RSSI: -54 [da:ee:aa:ff:13:2a]

RSSI: -87 [da:ee:aa:ff:0d:ec]

RSSI: -69 [da:ee:aa:ff:0e:fb]

RSSI: -53 [da:ee:aa:ff:13:5a]

RSSI: -69 [da:ee:aa:ff:0e:fb]

RSSI: -53 [da:ee:aa:ff:13:5a]

RSSI: -69 [da:ee:aa:ff:0e:fb]

RSSI: -53 [da:ee:aa:ff:13:5a]

RSSI: -70 [da:ee:aa:ff:0e:fb]

RSSI: -53 [da:ee:aa:ff:13:5a]

RSSI: -70 [da:ee:aa:ff:0e:fb]

RSSI: -53 [da:ee:aa:ff:13:5a]

RSSI: -84 [da:ee:aa:ff:0e:1c]

RSSI: -85 [da:ee:aa:ff:0e:1c]

RSSI: -70 [da:ee:aa:ff:0f:3b]

RSSI: -55 [da:ee:aa:ff:13:9a]

RSSI: -52 [da:ee:aa:ff:0f:4b]

RSSI: -55 [da:ee:aa:ff:13:9a]

RSSI: -67 [da:ee:aa:ff:0f:4b]

RSSI: -55 [da:ee:aa:ff:13:9a]

RSSI: -61 [da:ee:aa:ff:0f:4b]

RSSI: -55 [da:ee:aa:ff:13:9a]

RSSI: -52 [da:ee:aa:ff:0f:4b]

RSSI: -55 [da:ee:aa:ff:13:9a]

RSSI: -69 [da:ee:aa:ff:0f:5b]

RSSI: -53 [da:ee:aa:ff:13:ba]

RSSI: -69 [da:ee:aa:ff:0f:7b]

RSSI: -78 [da:ee:aa:ff:0e:ac]

RSSI: -69 [da:ee:aa:ff:0f:db]

RSSI: -69 [da:ee:aa:ff:0f:db]

RSSI: -55 [da:ee:aa:ff:14:1a]

RSSI: -69 [da:ee:aa:ff:0f:db]

RSSI: -55 [da:ee:aa:ff:14:1a]

RSSI: -69 [da:ee:aa:ff:0f:db]

RSSI: -55 [da:ee:aa:ff:14:1a]

RSSI: -69 [da:ee:aa:ff:0f:db]

RSSI: -69 [da:ee:aa:ff:0f:fb]

RSSI: -47 [da:ee:aa:ff:14:3a]

RSSI: -70 [da:ee:aa:ff:0f:fb]

RSSI: -70 [da:ee:aa:ff:10:1b]

RSSI: -53 [da:ee:aa:ff:14:3a]

RSSI: -71 [da:ee:aa:ff:10:3b]

RSSI: -71 [da:ee:aa:ff:10:3b]

RSSI: -53 [da:ee:aa:ff:14:5a]

RSSI: -84 [da:ee:aa:ff:0f:0c]

RSSI: -71 [da:ee:aa:ff:10:3b]

RSSI: -53 [da:ee:aa:ff:14:5a]

RSSI: -84 [da:ee:aa:ff:0f:0c]

RSSI: -71 [da:ee:aa:ff:10:3b]

RSSI: -53 [da:ee:aa:ff:14:5a]

RSSI: -85 [da:ee:aa:ff:0f:0c]

RSSI: -71 [da:ee:aa:ff:10:3b]

RSSI: -54 [da:ee:aa:ff:14:5a]

RSSI: -55 [da:ee:aa:ff:14:7a]

RSSI: -86 [da:ee:aa:ff:0f:1c]

RSSI: -69 [da:ee:aa:ff:10:5b]

RSSI: -55 [da:ee:aa:ff:14:7a]

RSSI: -69 [da:ee:aa:ff:10:7b]

RSSI: -55 [da:ee:aa:ff:14:7a]

RSSI: -70 [da:ee:aa:ff:10:7b]

RSSI: -53 [da:ee:aa:ff:10:8b]

RSSI: -53 [da:ee:aa:ff:14:aa]

RSSI: -58 [da:ee:aa:ff:10:8b]

RSSI: -53 [da:ee:aa:ff:14:aa]

RSSI: -68 [da:ee:aa:ff:10:8b]

RSSI: -53 [da:ee:aa:ff:14:aa]

RSSI: -69 [da:ee:aa:ff:10:8b]

RSSI: -53 [da:ee:aa:ff:14:aa]

RSSI: -69 [da:ee:aa:ff:10:8b]

RSSI: -54 [da:ee:aa:ff:14:aa]

RSSI: -53 [da:ee:aa:ff:14:ca]

RSSI: -71 [da:ee:aa:ff:10:cb]

RSSI: -53 [da:ee:aa:ff:14:ca]

RSSI: -71 [da:ee:aa:ff:10:cb]

RSSI: -71 [da:ee:aa:ff:10:cb]

RSSI: -71 [da:ee:aa:ff:10:cb]

RSSI: -53 [da:ee:aa:ff:14:ea]

RSSI: -69 [da:ee:aa:ff:10:db]

RSSI: -85 [da:ee:aa:ff:0f:9c]

RSSI: -55 [da:ee:aa:ff:14:fa]

RSSI: -69 [da:ee:aa:ff:10:db]

RSSI: -55 [da:ee:aa:ff:14:fa]

RSSI: -69 [da:ee:aa:ff:10:db]

RSSI: -55 [da:ee:aa:ff:14:fa]

RSSI: -69 [da:ee:aa:ff:10:eb]

RSSI: -55 [da:ee:aa:ff:14:fa]

RSSI: -54 [da:ee:aa:ff:15:1a]

RSSI: -69 [da:ee:aa:ff:10:fb]

RSSI: -54 [da:ee:aa:ff:15:1a]

RSSI: -69 [da:ee:aa:ff:10:fb]

RSSI: -54 [da:ee:aa:ff:15:3a]

RSSI: -69 [da:ee:aa:ff:10:fb]

RSSI: -54 [da:ee:aa:ff:15:3a]

RSSI: -71 [da:ee:aa:ff:11:0b]

RSSI: -84 [da:ee:aa:ff:0f:dc]

RSSI: -83 [da:ee:aa:ff:0f:dc]

RSSI: -42 [da:ee:aa:ff:15:4a]

RSSI: -54 [da:ee:aa:ff:15:6a]

RSSI: -68 [da:ee:aa:ff:11:3b]

RSSI: -87 [da:ee:aa:ff:0f:fc]

RSSI: -54 [da:ee:aa:ff:15:7a]

RSSI: -68 [da:ee:aa:ff:11:3b]

RSSI: -54 [da:ee:aa:ff:15:7a]

RSSI: -68 [da:ee:aa:ff:11:3b]

RSSI: -54 [da:ee:aa:ff:15:7a]

RSSI: -68 [da:ee:aa:ff:11:3b]

RSSI: -54 [da:ee:aa:ff:15:7a]

RSSI: -54 [da:ee:aa:ff:15:8a]

RSSI: -69 [da:ee:aa:ff:11:6b]

RSSI: -54 [da:ee:aa:ff:15:8a]

RSSI: -69 [da:ee:aa:ff:11:6b]

RSSI: -54 [da:ee:aa:ff:15:8a]

RSSI: -69 [da:ee:aa:ff:11:6b]

RSSI: -53 [da:ee:aa:ff:15:8a]

RSSI: -69 [da:ee:aa:ff:11:6b]

RSSI: -53 [da:ee:aa:ff:15:8a]

RSSI: -69 [da:ee:aa:ff:11:6b]

RSSI: -83 [da:ee:aa:ff:10:5c]

RSSI: -53 [da:ee:aa:ff:15:ca]

RSSI: -66 [da:ee:aa:ff:11:7b]

RSSI: -54 [da:ee:aa:ff:15:ca]

RSSI: -54 [da:ee:aa:ff:15:ca]

RSSI: -83 [da:ee:aa:ff:10:5c]

RSSI: -54 [da:ee:aa:ff:15:ca]

RSSI: -81 [da:ee:aa:ff:10:5c]

RSSI: -69 [da:ee:aa:ff:11:ab]

RSSI: -55 [da:ee:aa:ff:15:ea]

RSSI: -69 [da:ee:aa:ff:11:ab]

RSSI: -56 [da:ee:aa:ff:15:ea]

RSSI: -56 [da:ee:aa:ff:16:0a]

RSSI: -70 [da:ee:aa:ff:11:cb]

RSSI: -53 [da:ee:aa:ff:16:2a]

RSSI: -91 [da:ee:aa:ff:10:9c]

RSSI: -53 [da:ee:aa:ff:16:2a]

RSSI: -70 [da:ee:aa:ff:11:db]

RSSI: -53 [da:ee:aa:ff:16:2a]

RSSI: -70 [da:ee:aa:ff:11:db]

RSSI: -82 [da:ee:aa:ff:10:cc]

RSSI: -70 [da:ee:aa:ff:11:fb]

RSSI: -82 [da:ee:aa:ff:10:cc]

RSSI: -71 [da:ee:aa:ff:11:fb]

RSSI: -82 [da:ee:aa:ff:10:cc]

RSSI: -70 [da:ee:aa:ff:11:fb]

RSSI: -82 [da:ee:aa:ff:10:cc]

RSSI: -70 [da:ee:aa:ff:11:fb]

RSSI: -53 [da:ee:aa:ff:16:6a]

RSSI: -81 [da:ee:aa:ff:10:cc]

RSSI: -44 [da:ee:aa:ff:00:0a]

RSSI: -69 [da:ee:aa:ff:12:1b]

RSSI: -54 [da:ee:aa:ff:00:0a]

RSSI: -70 [da:ee:aa:ff:12:1b]

RSSI: -69 [da:ee:aa:ff:12:1b]

RSSI: -42 [da:ee:aa:ff:00:0a]

RSSI: -70 [da:ee:aa:ff:12:1b]

RSSI: -44 [da:ee:aa:ff:00:0a]

RSSI: -71 [da:ee:aa:ff:12:2b]

RSSI: -71 [da:ee:aa:ff:12:2b]

RSSI: -88 [da:ee:aa:ff:11:0c]

RSSI: -70 [da:ee:aa:ff:12:2b]

RSSI: -53 [da:ee:aa:ff:00:2a]

RSSI: -88 [da:ee:aa:ff:11:0c]

RSSI: -53 [da:ee:aa:ff:00:2a]

RSSI: -53 [da:ee:aa:ff:00:2a]

RSSI: -68 [da:ee:aa:ff:12:5b]

RSSI: -69 [da:ee:aa:ff:12:5b]

RSSI: -52 [da:ee:aa:ff:00:4a]

RSSI: -68 [da:ee:aa:ff:12:5b]

RSSI: -52 [da:ee:aa:ff:00:4a]

RSSI: -68 [da:ee:aa:ff:12:5b]

RSSI: -52 [da:ee:aa:ff:00:4a]

RSSI: -68 [da:ee:aa:ff:12:5b]

RSSI: -52 [da:ee:aa:ff:00:4a]

RSSI: -52 [da:ee:aa:ff:12:7b]

RSSI: -55 [da:ee:aa:ff:00:6a]

RSSI: -70 [da:ee:aa:ff:12:7b]

RSSI: -55 [da:ee:aa:ff:00:6a]

RSSI: -52 [da:ee:aa:ff:12:9b]

RSSI: -55 [da:ee:aa:ff:00:6a]

RSSI: -52 [da:ee:aa:ff:12:9b]

RSSI: -55 [da:ee:aa:ff:00:6a]

RSSI: -70 [da:ee:aa:ff:12:bb]

RSSI: -52 [da:ee:aa:ff:00:8a]

RSSI: -70 [da:ee:aa:ff:12:bb]

RSSI: -52 [da:ee:aa:ff:00:8a]

RSSI: -70 [da:ee:aa:ff:12:bb]

RSSI: -52 [da:ee:aa:ff:00:8a]

RSSI: -70 [da:ee:aa:ff:12:bb]

RSSI: -52 [da:ee:aa:ff:00:8a]

RSSI: -70 [da:ee:aa:ff:12:bb]

RSSI: -79 [da:ee:aa:ff:11:8c]

RSSI: -52 [da:ee:aa:ff:00:ba]

RSSI: -79 [da:ee:aa:ff:11:8c]

RSSI: -67 [da:ee:aa:ff:12:fb]

RSSI: -52 [da:ee:aa:ff:00:ba]

RSSI: -80 [da:ee:aa:ff:11:8c]

RSSI: -67 [da:ee:aa:ff:12:fb]

RSSI: -52 [da:ee:aa:ff:00:ba]

RSSI: -79 [da:ee:aa:ff:11:8c]

RSSI: -67 [da:ee:aa:ff:12:fb]

RSSI: -52 [da:ee:aa:ff:00:ba]

RSSI: -78 [da:ee:aa:ff:11:8c]

RSSI: -69 [da:ee:aa:ff:13:0b]

RSSI: -54 [da:ee:aa:ff:00:da]

RSSI: -69 [da:ee:aa:ff:13:0b]

RSSI: -54 [da:ee:aa:ff:00:da]

RSSI: -69 [da:ee:aa:ff:13:0b]

RSSI: -54 [da:ee:aa:ff:00:da]

RSSI: -70 [da:ee:aa:ff:13:0b]

RSSI: -69 [da:ee:aa:ff:13:2b]

RSSI: -40 [da:ee:aa:ff:01:0a]

RSSI: -69 [da:ee:aa:ff:13:4b]

RSSI: -49 [da:ee:aa:ff:01:0a]

RSSI: -69 [da:ee:aa:ff:13:4b]

RSSI: -52 [da:ee:aa:ff:01:0a]

RSSI: -69 [da:ee:aa:ff:13:4b]

RSSI: -51 [da:ee:aa:ff:01:0a]

RSSI: -69 [da:ee:aa:ff:13:4b]

RSSI: -51 [da:ee:aa:ff:01:1a]

RSSI: -51 [da:ee:aa:ff:01:1a]

RSSI: -67 [da:ee:aa:ff:13:7b]

RSSI: -67 [da:ee:aa:ff:13:7b]

RSSI: -53 [da:ee:aa:ff:01:4a]

RSSI: -86 [da:ee:aa:ff:12:0c]

RSSI: -68 [da:ee:aa:ff:13:9b]

RSSI: -53 [da:ee:aa:ff:01:4a]

RSSI: -68 [da:ee:aa:ff:13:9b]

RSSI: -85 [da:ee:aa:ff:12:1c]

RSSI: -53 [da:ee:aa:ff:01:4a]

RSSI: -68 [da:ee:aa:ff:13:9b]

RSSI: -87 [da:ee:aa:ff:12:1c]

RSSI: -53 [da:ee:aa:ff:01:4a]

RSSI: -68 [da:ee:aa:ff:13:9b]

RSSI: -53 [da:ee:aa:ff:01:4a]

RSSI: -78 [da:ee:aa:ff:12:2c]

RSSI: -53 [da:ee:aa:ff:01:6a]

RSSI: -67 [da:ee:aa:ff:13:bb]

RSSI: -53 [da:ee:aa:ff:01:7a]

RSSI: -67 [da:ee:aa:ff:13:db]

RSSI: -68 [da:ee:aa:ff:13:db]

RSSI: -68 [da:ee:aa:ff:13:db]

RSSI: -83 [da:ee:aa:ff:12:5c]

RSSI: -67 [da:ee:aa:ff:14:1b]

RSSI: -68 [da:ee:aa:ff:14:1b]

RSSI: -54 [da:ee:aa:ff:01:ca]

RSSI: -68 [da:ee:aa:ff:14:1b]

RSSI: -68 [da:ee:aa:ff:14:1b]

RSSI: -54 [da:ee:aa:ff:01:ca]

RSSI: -68 [da:ee:aa:ff:14:1b]

RSSI: -52 [da:ee:aa:ff:01:da]

RSSI: -69 [da:ee:aa:ff:14:3b]

RSSI: -53 [da:ee:aa:ff:01:da]

RSSI: -69 [da:ee:aa:ff:14:3b]

RSSI: -52 [da:ee:aa:ff:01:da]

RSSI: -53 [da:ee:aa:ff:01:da]

RSSI: -69 [da:ee:aa:ff:14:5b]

RSSI: -53 [da:ee:aa:ff:01:da]

RSSI: -67 [da:ee:aa:ff:14:7b]

RSSI: -81 [da:ee:aa:ff:12:cc]

RSSI: -67 [da:ee:aa:ff:14:7b]

RSSI: -67 [da:ee:aa:ff:14:7b]

RSSI: -67 [da:ee:aa:ff:14:7b]

RSSI: -67 [da:ee:aa:ff:14:7b]

RSSI: -49 [da:ee:aa:ff:02:2a]

RSSI: -53 [da:ee:aa:ff:02:2a]

RSSI: -89 [da:ee:aa:ff:12:ec]

RSSI: -68 [da:ee:aa:ff:14:bb]

RSSI: -52 [da:ee:aa:ff:02:5a]

RSSI: -69 [da:ee:aa:ff:14:cb]

RSSI: -52 [da:ee:aa:ff:02:5a]

RSSI: -69 [da:ee:aa:ff:14:cb]

RSSI: -69 [da:ee:aa:ff:14:cb]

RSSI: -52 [da:ee:aa:ff:02:5a]

RSSI: -70 [da:ee:aa:ff:14:cb]

RSSI: -52 [da:ee:aa:ff:02:5a]

RSSI: -52 [da:ee:aa:ff:02:7a]

RSSI: -67 [da:ee:aa:ff:14:eb]

RSSI: -65 [da:ee:aa:ff:13:2c]

RSSI: -52 [da:ee:aa:ff:02:7a]

RSSI: -50 [da:ee:aa:ff:14:eb]

RSSI: -70 [da:ee:aa:ff:13:2c]

RSSI: -50 [da:ee:aa:ff:14:eb]

RSSI: -60 [da:ee:aa:ff:14:eb]

RSSI: -52 [da:ee:aa:ff:02:9a]

RSSI: -54 [da:ee:aa:ff:02:aa]

RSSI: -68 [da:ee:aa:ff:14:fb]

RSSI: -54 [da:ee:aa:ff:02:aa]

RSSI: -68 [da:ee:aa:ff:14:fb]

RSSI: -54 [da:ee:aa:ff:02:aa]

RSSI: -68 [da:ee:aa:ff:14:fb]

RSSI: -54 [da:ee:aa:ff:02:aa]

RSSI: -69 [da:ee:aa:ff:15:1b]

RSSI: -54 [da:ee:aa:ff:02:aa]

RSSI: -70 [da:ee:aa:ff:15:2b]

RSSI: -88 [da:ee:aa:ff:13:6c]

RSSI: -53 [da:ee:aa:ff:02:ca]

RSSI: -53 [da:ee:aa:ff:02:ca]

RSSI: -70 [da:ee:aa:ff:15:2b]

RSSI: -88 [da:ee:aa:ff:13:6c]

RSSI: -67 [da:ee:aa:ff:15:4b]

RSSI: -51 [da:ee:aa:ff:02:fa]

RSSI: -83 [da:ee:aa:ff:13:9c]

RSSI: -51 [da:ee:aa:ff:02:fa]

RSSI: -82 [da:ee:aa:ff:13:9c]

RSSI: -51 [da:ee:aa:ff:02:fa]

RSSI: -67 [da:ee:aa:ff:15:5b]

RSSI: -83 [da:ee:aa:ff:13:9c]

RSSI: -51 [da:ee:aa:ff:02:fa]

RSSI: -67 [da:ee:aa:ff:15:5b]

RSSI: -82 [da:ee:aa:ff:13:9c]

RSSI: -51 [da:ee:aa:ff:02:fa]

RSSI: -68 [da:ee:aa:ff:15:6b]

RSSI: -69 [da:ee:aa:ff:15:6b]

RSSI: -54 [da:ee:aa:ff:03:3a]

RSSI: -68 [da:ee:aa:ff:15:6b]

RSSI: -41 [da:ee:aa:ff:03:3a]

RSSI: -68 [da:ee:aa:ff:15:6b]

RSSI: -45 [da:ee:aa:ff:03:4a]

RSSI: -69 [da:ee:aa:ff:15:9b]

RSSI: -70 [da:ee:aa:ff:15:9b]

RSSI: -40 [da:ee:aa:ff:03:4a]

RSSI: -69 [da:ee:aa:ff:15:9b]

RSSI: -50 [da:ee:aa:ff:03:4a]

RSSI: -69 [da:ee:aa:ff:15:9b]

RSSI: -53 [da:ee:aa:ff:03:4a]

RSSI: -67 [da:ee:aa:ff:15:ab]

RSSI: -51 [da:ee:aa:ff:03:6a]

RSSI: -66 [da:ee:aa:ff:15:ab]

RSSI: -51 [da:ee:aa:ff:03:6a]

RSSI: -67 [da:ee:aa:ff:15:ab]

RSSI: -49 [da:ee:aa:ff:15:bb]

RSSI: -53 [da:ee:aa:ff:03:9a]

RSSI: -51 [da:ee:aa:ff:15:cb]

RSSI: -64 [da:ee:aa:ff:15:cb]

RSSI: -53 [da:ee:aa:ff:03:9a]

RSSI: -85 [da:ee:aa:ff:14:2c]

RSSI: -68 [da:ee:aa:ff:15:cb]

RSSI: -53 [da:ee:aa:ff:03:9a]

RSSI: -87 [da:ee:aa:ff:14:2c]

RSSI: -53 [da:ee:aa:ff:03:9a]

RSSI: -87 [da:ee:aa:ff:14:2c]

RSSI: -69 [da:ee:aa:ff:15:db]

RSSI: -53 [da:ee:aa:ff:03:ba]

RSSI: -53 [da:ee:aa:ff:03:da]

RSSI: -69 [da:ee:aa:ff:15:fb]

RSSI: -53 [da:ee:aa:ff:03:da]

RSSI: -68 [da:ee:aa:ff:15:fb]

RSSI: -53 [da:ee:aa:ff:03:da]

RSSI: -51 [da:ee:aa:ff:03:ea]

RSSI: -84 [da:ee:aa:ff:14:5c]

RSSI: -66 [da:ee:aa:ff:16:1b]

RSSI: -51 [da:ee:aa:ff:03:ea]

RSSI: -67 [da:ee:aa:ff:16:1b]

RSSI: -51 [da:ee:aa:ff:03:ea]

RSSI: -83 [da:ee:aa:ff:14:5c]

RSSI: -67 [da:ee:aa:ff:16:1b]

RSSI: -51 [da:ee:aa:ff:03:ea]

RSSI: -83 [da:ee:aa:ff:14:5c]

RSSI: -66 [da:ee:aa:ff:16:1b]

RSSI: -51 [da:ee:aa:ff:03:ea]

RSSI: -83 [da:ee:aa:ff:14:5c]

RSSI: -68 [da:ee:aa:ff:16:4b]

RSSI: -68 [da:ee:aa:ff:16:4b]

RSSI: -68 [da:ee:aa:ff:16:4b]

RSSI: -67 [da:ee:aa:ff:16:4b]

RSSI: -87 [da:ee:aa:ff:14:8c]

RSSI: -87 [da:ee:aa:ff:14:8c]

RSSI: -83 [da:ee:aa:ff:14:ac]

RSSI: -67 [da:ee:aa:ff:00:0b]

RSSI: -83 [da:ee:aa:ff:14:ac]

RSSI: -67 [da:ee:aa:ff:00:0b]

RSSI: -83 [da:ee:aa:ff:14:ac]

RSSI: -67 [da:ee:aa:ff:00:0b]

RSSI: -83 [da:ee:aa:ff:14:ac]

RSSI: -67 [da:ee:aa:ff:00:0b]

RSSI: -53 [da:ee:aa:ff:04:9a]

RSSI: -68 [da:ee:aa:ff:00:2b]

RSSI: -53 [da:ee:aa:ff:04:9a]

RSSI: -65 [da:ee:aa:ff:00:3b]

RSSI: -86 [da:ee:aa:ff:14:dc]

RSSI: -88 [da:ee:aa:ff:14:dc]

RSSI: -53 [da:ee:aa:ff:04:da]

RSSI: -51 [da:ee:aa:ff:04:ea]

RSSI: -51 [da:ee:aa:ff:04:ea]

RSSI: -83 [da:ee:aa:ff:14:fc]

RSSI: -83 [da:ee:aa:ff:14:fc]

RSSI: -51 [da:ee:aa:ff:05:0a]

RSSI: -53 [da:ee:aa:ff:05:2a]

RSSI: -68 [da:ee:aa:ff:00:ab]

RSSI: -53 [da:ee:aa:ff:05:2a]

RSSI: -53 [da:ee:aa:ff:05:2a]

RSSI: -68 [da:ee:aa:ff:00:ab]

RSSI: -53 [da:ee:aa:ff:05:2a]

RSSI: -68 [da:ee:aa:ff:00:ab]

RSSI: -53 [da:ee:aa:ff:05:2a]

RSSI: -53 [da:ee:aa:ff:05:3a]

RSSI: -69 [da:ee:aa:ff:00:db]

RSSI: -53 [da:ee:aa:ff:05:3a]

RSSI: -69 [da:ee:aa:ff:00:db]

RSSI: -69 [da:ee:aa:ff:00:db]

RSSI: -53 [da:ee:aa:ff:05:5a]

RSSI: -69 [da:ee:aa:ff:00:db]

RSSI: -53 [da:ee:aa:ff:05:5a]

RSSI: -69 [da:ee:aa:ff:00:db]

RSSI: -53 [da:ee:aa:ff:05:5a]

RSSI: -51 [da:ee:aa:ff:05:7a]

RSSI: -67 [da:ee:aa:ff:00:fb]

RSSI: -51 [da:ee:aa:ff:05:7a]

RSSI: -67 [da:ee:aa:ff:00:fb]

RSSI: -51 [da:ee:aa:ff:05:7a]

RSSI: -51 [da:ee:aa:ff:05:7a]

RSSI: -51 [da:ee:aa:ff:05:7a]

RSSI: -67 [da:ee:aa:ff:01:2b]

RSSI: -53 [da:ee:aa:ff:05:aa]

RSSI: -40 [da:ee:aa:ff:05:aa]

RSSI: -40 [da:ee:aa:ff:05:aa]

RSSI: -48 [da:ee:aa:ff:05:aa]

RSSI: -53 [da:ee:aa:ff:05:ca]

RSSI: -53 [da:ee:aa:ff:05:ca]

RSSI: -52 [da:ee:aa:ff:01:5b]

RSSI: -52 [da:ee:aa:ff:05:ca]

RSSI: -59 [da:ee:aa:ff:01:5b]

RSSI: -52 [da:ee:aa:ff:05:ca]

RSSI: -54 [da:ee:aa:ff:01:5b]

RSSI: -81 [da:ee:aa:ff:15:cc]

RSSI: -50 [da:ee:aa:ff:01:6b]

RSSI: -51 [da:ee:aa:ff:05:fa]

RSSI: -51 [da:ee:aa:ff:05:fa]

RSSI: -67 [da:ee:aa:ff:01:6b]

RSSI: -51 [da:ee:aa:ff:05:fa]

RSSI: -67 [da:ee:aa:ff:01:6b]

RSSI: -51 [da:ee:aa:ff:05:fa]

RSSI: -81 [da:ee:aa:ff:15:cc]

RSSI: -67 [da:ee:aa:ff:01:ab]

RSSI: -53 [da:ee:aa:ff:06:1a]

RSSI: -67 [da:ee:aa:ff:01:ab]

RSSI: -53 [da:ee:aa:ff:06:1a]

RSSI: -67 [da:ee:aa:ff:01:ab]

RSSI: -53 [da:ee:aa:ff:06:1a]

RSSI: -67 [da:ee:aa:ff:01:ab]

RSSI: -67 [da:ee:aa:ff:01:ab]

RSSI: -69 [da:ee:aa:ff:01:bb]

RSSI: -52 [da:ee:aa:ff:06:4a]

RSSI: -69 [da:ee:aa:ff:01:bb]

RSSI: -52 [da:ee:aa:ff:06:4a]

RSSI: -85 [da:ee:aa:ff:16:1c]

RSSI: -52 [da:ee:aa:ff:06:4a]

RSSI: -85 [da:ee:aa:ff:16:1c]

RSSI: -52 [da:ee:aa:ff:06:4a]

RSSI: -69 [da:ee:aa:ff:01:db]

RSSI: -85 [da:ee:aa:ff:16:2c]

RSSI: -52 [da:ee:aa:ff:06:4a]

RSSI: -51 [da:ee:aa:ff:06:6a]

RSSI: -67 [da:ee:aa:ff:01:eb]

RSSI: -67 [da:ee:aa:ff:01:eb]

RSSI: -81 [da:ee:aa:ff:16:4c]

RSSI: -67 [da:ee:aa:ff:01:eb]

RSSI: -82 [da:ee:aa:ff:16:4c]

RSSI: -67 [da:ee:aa:ff:01:eb]

RSSI: -53 [da:ee:aa:ff:06:9a]

RSSI: -67 [da:ee:aa:ff:02:0b]

RSSI: -53 [da:ee:aa:ff:06:9a]

RSSI: -67 [da:ee:aa:ff:02:2b]

RSSI: -53 [da:ee:aa:ff:06:9a]

RSSI: -67 [da:ee:aa:ff:02:2b]

RSSI: -68 [da:ee:aa:ff:02:2b]

RSSI: -53 [da:ee:aa:ff:06:aa]

RSSI: -70 [da:ee:aa:ff:02:3b]

RSSI: -81 [da:ee:aa:ff:00:0c]

RSSI: -69 [da:ee:aa:ff:02:3b]

RSSI: -84 [da:ee:aa:ff:00:0c]

RSSI: -69 [da:ee:aa:ff:02:3b]

RSSI: -69 [da:ee:aa:ff:02:3b]

RSSI: -50 [da:ee:aa:ff:06:ea]

RSSI: -50 [da:ee:aa:ff:06:ea]

RSSI: -51 [da:ee:aa:ff:06:ea]

RSSI: -50 [da:ee:aa:ff:06:ea]

RSSI: -50 [da:ee:aa:ff:06:ea]

RSSI: -68 [da:ee:aa:ff:02:9b]

RSSI: -68 [da:ee:aa:ff:02:9b]

RSSI: -53 [da:ee:aa:ff:07:1a]

RSSI: -53 [da:ee:aa:ff:07:1a]

RSSI: -85 [da:ee:aa:ff:00:6c]

RSSI: -53 [da:ee:aa:ff:07:3a]

RSSI: -53 [da:ee:aa:ff:07:3a]

RSSI: -70 [da:ee:aa:ff:02:bb]

RSSI: -53 [da:ee:aa:ff:07:3a]

RSSI: -70 [da:ee:aa:ff:02:bb]

RSSI: -53 [da:ee:aa:ff:07:3a]

RSSI: -71 [da:ee:aa:ff:02:bb]

RSSI: -67 [da:ee:aa:ff:02:cb]

RSSI: -51 [da:ee:aa:ff:07:6a]

RSSI: -51 [da:ee:aa:ff:07:6a]

RSSI: -67 [da:ee:aa:ff:02:db]

RSSI: -51 [da:ee:aa:ff:07:6a]

RSSI: -69 [da:ee:aa:ff:02:fb]

RSSI: -53 [da:ee:aa:ff:07:8a]

RSSI: -69 [da:ee:aa:ff:02:fb]

RSSI: -53 [da:ee:aa:ff:07:8a]

RSSI: -70 [da:ee:aa:ff:02:fb]

RSSI: -53 [da:ee:aa:ff:07:8a]

RSSI: -69 [da:ee:aa:ff:02:fb]

RSSI: -53 [da:ee:aa:ff:07:8a]

RSSI: -69 [da:ee:aa:ff:02:fb]

RSSI: -54 [da:ee:aa:ff:07:ba]

RSSI: -53 [da:ee:aa:ff:07:ba]

RSSI: -54 [da:ee:aa:ff:07:ba]

RSSI: -65 [da:ee:aa:ff:00:ec]

RSSI: -44 [da:ee:aa:ff:07:da]

RSSI: -67 [da:ee:aa:ff:03:4b]

RSSI: -83 [da:ee:aa:ff:00:ec]

RSSI: -54 [da:ee:aa:ff:08:1a]

RSSI: -69 [da:ee:aa:ff:03:7b]

RSSI: -54 [da:ee:aa:ff:08:1a]

RSSI: -52 [da:ee:aa:ff:03:7b]

RSSI: -86 [da:ee:aa:ff:01:0c]

RSSI: -54 [da:ee:aa:ff:08:1a]

RSSI: -58 [da:ee:aa:ff:03:7b]

RSSI: -54 [da:ee:aa:ff:08:1a]

RSSI: -64 [da:ee:aa:ff:03:7b]

RSSI: -85 [da:ee:aa:ff:01:0c]

RSSI: -54 [da:ee:aa:ff:08:1a]

RSSI: -70 [da:ee:aa:ff:03:9b]

RSSI: -54 [da:ee:aa:ff:08:3a]

RSSI: -70 [da:ee:aa:ff:03:9b]

RSSI: -54 [da:ee:aa:ff:08:5a]

RSSI: -54 [da:ee:aa:ff:08:5a]

RSSI: -51 [da:ee:aa:ff:08:6a]

RSSI: -51 [da:ee:aa:ff:08:6a]

RSSI: -51 [da:ee:aa:ff:08:6a]

RSSI: -51 [da:ee:aa:ff:08:6a]

RSSI: -51 [da:ee:aa:ff:08:6a]

RSSI: -69 [da:ee:aa:ff:03:cb]

RSSI: -69 [da:ee:aa:ff:03:eb]

RSSI: -54 [da:ee:aa:ff:08:aa]

RSSI: -68 [da:ee:aa:ff:03:eb]

RSSI: -54 [da:ee:aa:ff:08:aa]

RSSI: -69 [da:ee:aa:ff:03:eb]

RSSI: -54 [da:ee:aa:ff:08:aa]

RSSI: -69 [da:ee:aa:ff:03:eb]

RSSI: -54 [da:ee:aa:ff:08:ba]

RSSI: -55 [da:ee:aa:ff:08:ba]

RSSI: -55 [da:ee:aa:ff:08:ba]

RSSI: -88 [da:ee:aa:ff:01:7c]

RSSI: -53 [da:ee:aa:ff:08:ba]

RSSI: -55 [da:ee:aa:ff:08:ba]

RSSI: -69 [da:ee:aa:ff:04:2b]

RSSI: -69 [da:ee:aa:ff:04:2b]

RSSI: -51 [da:ee:aa:ff:08:fa]

RSSI: -69 [da:ee:aa:ff:04:2b]

RSSI: -51 [da:ee:aa:ff:08:fa]

RSSI: -69 [da:ee:aa:ff:04:2b]

RSSI: -52 [da:ee:aa:ff:08:fa]

RSSI: -69 [da:ee:aa:ff:04:4b]

RSSI: -50 [da:ee:aa:ff:09:1a]

RSSI: -69 [da:ee:aa:ff:04:4b]

RSSI