
RSSI: -62 [da:ee:aa:ff:04:6a]

RSSI: -75 [da:ee:aa:ff:14:db]

RSSI: -66 [da:ee:aa:ff:12:1a]

RSSI: -75 [da:ee:aa:ff:14:db]

RSSI: -77 [da:ee:aa:ff:0e:fc]

RSSI: -67 [da:ee:aa:ff:12:2a]

RSSI: -75 [da:ee:aa:ff:14:db]

RSSI: -62 [da:ee:aa:ff:12:4a]

RSSI: -83 [da:ee:aa:ff:0f:1c]

RSSI: -78 [da:ee:aa:ff:14:eb]

RSSI: -62 [da:ee:aa:ff:12:4a]

RSSI: -78 [da:ee:aa:ff:14:eb]

RSSI: -62 [da:ee:aa:ff:12:4a]

RSSI: -78 [da:ee:aa:ff:14:eb]

RSSI: -62 [da:ee:aa:ff:12:4a]

RSSI: -83 [da:ee:aa:ff:0f:2c]

RSSI: -62 [da:ee:aa:ff:12:4a]

RSSI: -82 [da:ee:aa:ff:0f:2c]

RSSI: -77 [da:ee:aa:ff:15:0b]

RSSI: -85 [da:ee:aa:ff:0f:4c]

RSSI: -77 [da:ee:aa:ff:15:0b]

RSSI: -84 [da:ee:aa:ff:0f:4c]

RSSI: -61 [da:ee:aa:ff:12:7a]

RSSI: -77 [da:ee:aa:ff:15:0b]

RSSI: -84 [da:ee:aa:ff:0f:4c]

RSSI: -78 [da:ee:aa:ff:15:0b]

RSSI: -84 [da:ee:aa:ff:0f:4c]

RSSI: -61 [da:ee:aa:ff:12:7a]

RSSI: -78 [da:ee:aa:ff:15:0b]

RSSI: -75 [da:ee:aa:ff:15:2b]

RSSI: -67 [da:ee:aa:ff:12:8a]

RSSI: -68 [da:ee:aa:ff:12:8a]

RSSI: -75 [da:ee:aa:ff:15:3b]

RSSI: -62 [da:ee:aa:ff:12:ba]

RSSI: -85 [da:ee:aa:ff:0f:8c]

RSSI: -62 [da:ee:aa:ff:15:5b]

RSSI: -62 [da:ee:aa:ff:12:ba]

RSSI: -85 [da:ee:aa:ff:0f:8c]

RSSI: -72 [da:ee:aa:ff:15:5b]

RSSI: -62 [da:ee:aa:ff:12:ba]

RSSI: -84 [da:ee:aa:ff:0f:8c]

RSSI: -77 [da:ee:aa:ff:15:5b]

RSSI: -62 [da:ee:aa:ff:12:ba]

RSSI: -83 [da:ee:aa:ff:0f:8c]

RSSI: -62 [da:ee:aa:ff:12:da]

RSSI: -77 [da:ee:aa:ff:15:7b]

RSSI: -77 [da:ee:aa:ff:15:7b]

RSSI: -77 [da:ee:aa:ff:15:7b]

RSSI: -84 [da:ee:aa:ff:0f:bc]

RSSI: -77 [da:ee:aa:ff:15:7b]

RSSI: -84 [da:ee:aa:ff:0f:bc]

RSSI: -77 [da:ee:aa:ff:15:7b]

RSSI: -75 [da:ee:aa:ff:15:8b]

RSSI: -68 [da:ee:aa:ff:13:1a]

RSSI: -76 [da:ee:aa:ff:15:ab]

RSSI: -75 [da:ee:aa:ff:15:ab]

RSSI: -76 [da:ee:aa:ff:15:ab]

RSSI: -69 [da:ee:aa:ff:10:1c]

RSSI: -78 [da:ee:aa:ff:15:cb]

RSSI: -83 [da:ee:aa:ff:10:1c]

RSSI: -78 [da:ee:aa:ff:15:cb]

RSSI: -82 [da:ee:aa:ff:10:1c]

RSSI: -63 [da:ee:aa:ff:13:4a]

RSSI: -78 [da:ee:aa:ff:15:cb]

RSSI: -69 [da:ee:aa:ff:10:1c]

RSSI: -78 [da:ee:aa:ff:15:cb]

RSSI: -80 [da:ee:aa:ff:10:1c]

RSSI: -63 [da:ee:aa:ff:13:4a]

RSSI: -78 [da:ee:aa:ff:15:cb]

RSSI: -85 [da:ee:aa:ff:10:3c]

RSSI: -64 [da:ee:aa:ff:13:6a]

RSSI: -76 [da:ee:aa:ff:15:eb]

RSSI: -84 [da:ee:aa:ff:10:3c]

RSSI: -64 [da:ee:aa:ff:13:6a]

RSSI: -76 [da:ee:aa:ff:15:eb]

RSSI: -64 [da:ee:aa:ff:13:6a]

RSSI: -76 [da:ee:aa:ff:15:eb]

RSSI: -64 [da:ee:aa:ff:13:6a]

RSSI: -75 [da:ee:aa:ff:15:eb]

RSSI: -84 [da:ee:aa:ff:10:5c]

RSSI: -66 [da:ee:aa:ff:13:8a]

RSSI: -66 [da:ee:aa:ff:13:8a]

RSSI: -75 [da:ee:aa:ff:15:fb]

RSSI: -66 [da:ee:aa:ff:13:8a]

RSSI: -66 [da:ee:aa:ff:13:8a]

RSSI: -75 [da:ee:aa:ff:16:0b]

RSSI: -66 [da:ee:aa:ff:13:8a]

RSSI: -76 [da:ee:aa:ff:16:0b]

RSSI: -79 [da:ee:aa:ff:16:2b]

RSSI: -61 [da:ee:aa:ff:13:aa]

RSSI: -78 [da:ee:aa:ff:16:2b]

RSSI: -61 [da:ee:aa:ff:13:aa]

RSSI: -78 [da:ee:aa:ff:16:2b]

RSSI: -84 [da:ee:aa:ff:10:bc]

RSSI: -78 [da:ee:aa:ff:16:2b]

RSSI: -84 [da:ee:aa:ff:10:bc]

RSSI: -61 [da:ee:aa:ff:13:ca]

RSSI: -78 [da:ee:aa:ff:16:2b]

RSSI: -61 [da:ee:aa:ff:13:ea]

RSSI: -84 [da:ee:aa:ff:10:dc]

RSSI: -61 [da:ee:aa:ff:13:ea]

RSSI: -83 [da:ee:aa:ff:10:dc]

RSSI: -60 [da:ee:aa:ff:16:4b]

RSSI: -61 [da:ee:aa:ff:13:ea]

RSSI: -82 [da:ee:aa:ff:10:dc]

RSSI: -61 [da:ee:aa:ff:13:ea]

RSSI: -83 [da:ee:aa:ff:10:dc]

RSSI: -61 [da:ee:aa:ff:13:ea]

RSSI: -82 [da:ee:aa:ff:10:dc]

RSSI: -75 [da:ee:aa:ff:16:6b]

RSSI: -68 [da:ee:aa:ff:13:fa]

RSSI: -69 [da:ee:aa:ff:14:1a]

RSSI: -76 [da:ee:aa:ff:16:7b]

RSSI: -62 [da:ee:aa:ff:14:2a]

RSSI: -62 [da:ee:aa:ff:14:2a]

RSSI: -62 [da:ee:aa:ff:14:2a]

RSSI: -62 [da:ee:aa:ff:14:2a]

RSSI: -61 [da:ee:aa:ff:14:5a]

RSSI: -66 [da:ee:aa:ff:11:6c]

RSSI: -61 [da:ee:aa:ff:14:5a]

RSSI: -78 [da:ee:aa:ff:00:2b]

RSSI: -61 [da:ee:aa:ff:14:5a]

RSSI: -77 [da:ee:aa:ff:00:2b]

RSSI: -61 [da:ee:aa:ff:14:5a]

RSSI: -69 [da:ee:aa:ff:14:6a]

RSSI: -75 [da:ee:aa:ff:00:3b]

RSSI: -69 [da:ee:aa:ff:14:6a]

RSSI: -75 [da:ee:aa:ff:00:3b]

RSSI: -69 [da:ee:aa:ff:14:6a]

RSSI: -75 [da:ee:aa:ff:00:3b]

RSSI: -75 [da:ee:aa:ff:00:3b]

RSSI: -69 [da:ee:aa:ff:14:7a]

RSSI: -78 [da:ee:aa:ff:00:6b]

RSSI: -83 [da:ee:aa:ff:11:bc]

RSSI: -62 [da:ee:aa:ff:14:9a]

RSSI: -78 [da:ee:aa:ff:00:6b]

RSSI: -62 [da:ee:aa:ff:14:9a]

RSSI: -78 [da:ee:aa:ff:00:6b]

RSSI: -62 [da:ee:aa:ff:14:9a]

RSSI: -78 [da:ee:aa:ff:00:6b]

RSSI: -62 [da:ee:aa:ff:14:9a]

RSSI: -78 [da:ee:aa:ff:00:6b]

RSSI: -63 [da:ee:aa:ff:14:aa]

RSSI: -76 [da:ee:aa:ff:00:7b]

RSSI: -85 [da:ee:aa:ff:11:dc]

RSSI: -76 [da:ee:aa:ff:00:7b]

RSSI: -63 [da:ee:aa:ff:14:ba]

RSSI: -63 [da:ee:aa:ff:14:ba]

RSSI: -85 [da:ee:aa:ff:11:fc]

RSSI: -59 [da:ee:aa:ff:00:9b]

RSSI: -63 [da:ee:aa:ff:14:ba]

RSSI: -67 [da:ee:aa:ff:14:ca]

RSSI: -59 [da:ee:aa:ff:00:bb]

RSSI: -67 [da:ee:aa:ff:14:ca]

RSSI: -67 [da:ee:aa:ff:14:ca]

RSSI: -76 [da:ee:aa:ff:00:bb]

RSSI: -67 [da:ee:aa:ff:14:ca]

RSSI: -76 [da:ee:aa:ff:00:bb]

RSSI: -78 [da:ee:aa:ff:00:eb]

RSSI: -62 [da:ee:aa:ff:14:fa]

RSSI: -78 [da:ee:aa:ff:00:eb]

RSSI: -84 [da:ee:aa:ff:12:3c]

RSSI: -78 [da:ee:aa:ff:00:eb]

RSSI: -83 [da:ee:aa:ff:12:3c]

RSSI: -83 [da:ee:aa:ff:12:5c]

RSSI: -77 [da:ee:aa:ff:00:fb]

RSSI: -63 [da:ee:aa:ff:15:1a]

RSSI: -82 [da:ee:aa:ff:12:5c]

RSSI: -76 [da:ee:aa:ff:00:fb]

RSSI: -63 [da:ee:aa:ff:15:1a]

RSSI: -83 [da:ee:aa:ff:12:5c]

RSSI: -76 [da:ee:aa:ff:01:1b]

RSSI: -75 [da:ee:aa:ff:01:3b]

RSSI: -68 [da:ee:aa:ff:15:3a]

RSSI: -75 [da:ee:aa:ff:01:3b]

RSSI: -68 [da:ee:aa:ff:15:3a]

RSSI: -75 [da:ee:aa:ff:01:3b]

RSSI: -68 [da:ee:aa:ff:15:3a]

RSSI: -75 [da:ee:aa:ff:01:3b]

RSSI: -68 [da:ee:aa:ff:15:3a]

RSSI: -68 [da:ee:aa:ff:15:3a]

RSSI: -62 [da:ee:aa:ff:15:4a]

RSSI: -77 [da:ee:aa:ff:01:6b]

RSSI: -78 [da:ee:aa:ff:01:6b]

RSSI: -62 [da:ee:aa:ff:15:6a]

RSSI: -78 [da:ee:aa:ff:01:6b]

RSSI: -62 [da:ee:aa:ff:15:6a]

RSSI: -78 [da:ee:aa:ff:01:6b]

RSSI: -77 [da:ee:aa:ff:01:8b]

RSSI: -65 [da:ee:aa:ff:15:8a]

RSSI: -84 [da:ee:aa:ff:12:ec]

RSSI: -65 [da:ee:aa:ff:15:8a]

RSSI: -83 [da:ee:aa:ff:12:ec]

RSSI: -77 [da:ee:aa:ff:01:8b]

RSSI: -65 [da:ee:aa:ff:15:8a]

RSSI: -83 [da:ee:aa:ff:12:ec]

RSSI: -65 [da:ee:aa:ff:15:8a]

RSSI: -83 [da:ee:aa:ff:12:ec]

RSSI: -65 [da:ee:aa:ff:15:8a]

RSSI: -58 [da:ee:aa:ff:01:bb]

RSSI: -67 [da:ee:aa:ff:15:ba]

RSSI: -58 [da:ee:aa:ff:01:bb]

RSSI: -67 [da:ee:aa:ff:15:ba]

RSSI: -75 [da:ee:aa:ff:01:bb]

RSSI: -67 [da:ee:aa:ff:15:ba]

RSSI: -82 [da:ee:aa:ff:13:3c]

RSSI: -62 [da:ee:aa:ff:15:da]

RSSI: -78 [da:ee:aa:ff:01:db]

RSSI: -62 [da:ee:aa:ff:15:da]

RSSI: -62 [da:ee:aa:ff:15:da]

RSSI: -78 [da:ee:aa:ff:01:fb]

RSSI: -77 [da:ee:aa:ff:01:fb]

RSSI: -77 [da:ee:aa:ff:01:fb]

RSSI: -77 [da:ee:aa:ff:02:0b]

RSSI: -54 [da:ee:aa:ff:15:fa]

RSSI: -54 [da:ee:aa:ff:15:fa]

RSSI: -69 [da:ee:aa:ff:16:1a]

RSSI: -69 [da:ee:aa:ff:16:1a]

RSSI: -75 [da:ee:aa:ff:02:3b]

RSSI: -69 [da:ee:aa:ff:16:3a]

RSSI: -69 [da:ee:aa:ff:16:3a]

RSSI: -61 [da:ee:aa:ff:16:4a]

RSSI: -61 [da:ee:aa:ff:16:4a]

RSSI: -78 [da:ee:aa:ff:02:5b]

RSSI: -61 [da:ee:aa:ff:16:4a]

RSSI: -78 [da:ee:aa:ff:02:7b]

RSSI: -61 [da:ee:aa:ff:16:4a]

RSSI: -78 [da:ee:aa:ff:02:7b]

RSSI: -77 [da:ee:aa:ff:02:8b]

RSSI: -77 [da:ee:aa:ff:02:8b]

RSSI: -67 [da:ee:aa:ff:00:0a]

RSSI: -76 [da:ee:aa:ff:02:8b]

RSSI: -67 [da:ee:aa:ff:00:0a]

RSSI: -77 [da:ee:aa:ff:02:8b]

RSSI: -67 [da:ee:aa:ff:00:0a]

RSSI: -77 [da:ee:aa:ff:02:8b]

RSSI: -71 [da:ee:aa:ff:00:1a]

RSSI: -76 [da:ee:aa:ff:02:ab]

RSSI: -71 [da:ee:aa:ff:00:1a]

RSSI: -75 [da:ee:aa:ff:02:ab]

RSSI: -70 [da:ee:aa:ff:00:1a]

RSSI: -74 [da:ee:aa:ff:02:ab]

RSSI: -71 [da:ee:aa:ff:00:1a]

RSSI: -75 [da:ee:aa:ff:02:ab]

RSSI: -85 [da:ee:aa:ff:14:2c]

RSSI: -79 [da:ee:aa:ff:02:bb]

RSSI: -61 [da:ee:aa:ff:00:5a]

RSSI: -84 [da:ee:aa:ff:14:2c]

RSSI: -78 [da:ee:aa:ff:02:bb]

RSSI: -61 [da:ee:aa:ff:00:5a]

RSSI: -83 [da:ee:aa:ff:14:2c]

RSSI: -61 [da:ee:aa:ff:00:5a]

RSSI: -66 [da:ee:aa:ff:00:6a]

RSSI: -86 [da:ee:aa:ff:14:5c]

RSSI: -77 [da:ee:aa:ff:02:eb]

RSSI: -86 [da:ee:aa:ff:14:5c]

RSSI: -77 [da:ee:aa:ff:02:eb]

RSSI: -86 [da:ee:aa:ff:14:5c]

RSSI: -66 [da:ee:aa:ff:00:8a]

RSSI: -78 [da:ee:aa:ff:02:eb]

RSSI: -86 [da:ee:aa:ff:14:5c]

RSSI: -66 [da:ee:aa:ff:00:8a]

RSSI: -75 [da:ee:aa:ff:03:1b]

RSSI: -75 [da:ee:aa:ff:03:1b]

RSSI: -57 [da:ee:aa:ff:00:9a]

RSSI: -75 [da:ee:aa:ff:03:1b]

RSSI: -70 [da:ee:aa:ff:00:9a]

RSSI: -75 [da:ee:aa:ff:03:3b]

RSSI: -61 [da:ee:aa:ff:00:ca]

RSSI: -84 [da:ee:aa:ff:14:bc]

RSSI: -79 [da:ee:aa:ff:03:3b]

RSSI: -61 [da:ee:aa:ff:00:ca]

RSSI: -86 [da:ee:aa:ff:14:bc]

RSSI: -61 [da:ee:aa:ff:00:ca]

RSSI: -61 [da:ee:aa:ff:00:ca]

RSSI: -85 [da:ee:aa:ff:14:dc]

RSSI: -66 [da:ee:aa:ff:00:ea]

RSSI: -85 [da:ee:aa:ff:14:dc]

RSSI: -66 [da:ee:aa:ff:00:ea]

RSSI: -65 [da:ee:aa:ff:00:ea]

RSSI: -78 [da:ee:aa:ff:03:6b]

RSSI: -78 [da:ee:aa:ff:03:6b]

RSSI: -70 [da:ee:aa:ff:01:1a]

RSSI: -69 [da:ee:aa:ff:01:1a]

RSSI: -61 [da:ee:aa:ff:01:3a]

RSSI: -61 [da:ee:aa:ff:01:3a]

RSSI: -79 [da:ee:aa:ff:03:bb]

RSSI: -83 [da:ee:aa:ff:15:4c]

RSSI: -79 [da:ee:aa:ff:03:bb]

RSSI: -85 [da:ee:aa:ff:15:4c]

RSSI: -84 [da:ee:aa:ff:15:4c]

RSSI: -85 [da:ee:aa:ff:15:5c]

RSSI: -66 [da:ee:aa:ff:01:7a]

RSSI: -69 [da:ee:aa:ff:03:db]

RSSI: -66 [da:ee:aa:ff:01:7a]

RSSI: -78 [da:ee:aa:ff:03:db]

RSSI: -85 [da:ee:aa:ff:15:5c]

RSSI: -66 [da:ee:aa:ff:01:7a]

RSSI: -77 [da:ee:aa:ff:03:db]

RSSI: -66 [da:ee:aa:ff:01:7a]

RSSI: -73 [da:ee:aa:ff:03:db]

RSSI: -85 [da:ee:aa:ff:15:5c]

RSSI: -66 [da:ee:aa:ff:01:7a]

RSSI: -75 [da:ee:aa:ff:03:fb]

RSSI: -73 [da:ee:aa:ff:03:fb]

RSSI: -70 [da:ee:aa:ff:01:aa]

RSSI: -70 [da:ee:aa:ff:01:aa]

RSSI: -70 [da:ee:aa:ff:01:aa]

RSSI: -79 [da:ee:aa:ff:04:1b]

RSSI: -85 [da:ee:aa:ff:15:ac]

RSSI: -79 [da:ee:aa:ff:04:1b]

RSSI: -48 [da:ee:aa:ff:01:ca]

RSSI: -85 [da:ee:aa:ff:15:ac]

RSSI: -79 [da:ee:aa:ff:04:1b]

RSSI: -61 [da:ee:aa:ff:01:ca]

RSSI: -83 [da:ee:aa:ff:15:ac]

RSSI: -81 [da:ee:aa:ff:04:1b]

RSSI: -80 [da:ee:aa:ff:04:1b]

RSSI: -85 [da:ee:aa:ff:15:ec]

RSSI: -78 [da:ee:aa:ff:04:4b]

RSSI: -84 [da:ee:aa:ff:15:ec]

RSSI: -77 [da:ee:aa:ff:04:4b]

RSSI: -85 [da:ee:aa:ff:15:ec]

RSSI: -85 [da:ee:aa:ff:15:ec]

RSSI: -78 [da:ee:aa:ff:04:4b]

RSSI: -69 [da:ee:aa:ff:02:1a]

RSSI: -69 [da:ee:aa:ff:02:1a]

RSSI: -69 [da:ee:aa:ff:02:2a]

RSSI: -79 [da:ee:aa:ff:04:ab]

RSSI: -67 [da:ee:aa:ff:16:4c]

RSSI: -79 [da:ee:aa:ff:04:ab]

RSSI: -72 [da:ee:aa:ff:16:4c]

RSSI: -79 [da:ee:aa:ff:04:ab]

RSSI: -68 [da:ee:aa:ff:16:4c]

RSSI: -79 [da:ee:aa:ff:04:ab]

RSSI: -86 [da:ee:aa:ff:16:4c]

RSSI: -84 [da:ee:aa:ff:16:6c]

RSSI: -66 [da:ee:aa:ff:02:5a]

RSSI: -83 [da:ee:aa:ff:16:6c]

RSSI: -76 [da:ee:aa:ff:04:db]

RSSI: -66 [da:ee:aa:ff:02:7a]

RSSI: -66 [da:ee:aa:ff:02:7a]

RSSI: -61 [da:ee:aa:ff:04:db]

RSSI: -69 [da:ee:aa:ff:02:9a]

RSSI: -74 [da:ee:aa:ff:04:fb]

RSSI: -69 [da:ee:aa:ff:02:9a]

RSSI: -74 [da:ee:aa:ff:04:fb]

RSSI: -69 [da:ee:aa:ff:02:9a]

RSSI: -69 [da:ee:aa:ff:02:9a]

RSSI: -69 [da:ee:aa:ff:02:9a]

RSSI: -83 [da:ee:aa:ff:00:5c]

RSSI: -81 [da:ee:aa:ff:00:5c]

RSSI: -78 [da:ee:aa:ff:05:4b]

RSSI: -90 [da:ee:aa:ff:00:7c]

RSSI: -83 [da:ee:aa:ff:00:7c]

RSSI: -74 [da:ee:aa:ff:05:6b]

RSSI: -69 [da:ee:aa:ff:03:0a]

RSSI: -74 [da:ee:aa:ff:05:6b]

RSSI: -69 [da:ee:aa:ff:03:0a]

RSSI: -74 [da:ee:aa:ff:05:6b]

RSSI: -69 [da:ee:aa:ff:03:0a]

RSSI: -75 [da:ee:aa:ff:05:6b]

RSSI: -69 [da:ee:aa:ff:03:0a]

RSSI: -75 [da:ee:aa:ff:05:6b]

RSSI: -61 [da:ee:aa:ff:03:1a]

RSSI: -82 [da:ee:aa:ff:00:bc]

RSSI: -77 [da:ee:aa:ff:05:9b]

RSSI: -77 [da:ee:aa:ff:05:9b]

RSSI: -61 [da:ee:aa:ff:03:3a]

RSSI: -77 [da:ee:aa:ff:05:9b]

RSSI: -61 [da:ee:aa:ff:03:3a]

RSSI: -77 [da:ee:aa:ff:05:ab]

RSSI: -77 [da:ee:aa:ff:05:ab]

RSSI: -77 [da:ee:aa:ff:05:ab]

RSSI: -77 [da:ee:aa:ff:05:bb]

RSSI: -62 [da:ee:aa:ff:05:cb]

RSSI: -69 [da:ee:aa:ff:03:7a]

RSSI: -74 [da:ee:aa:ff:05:cb]

RSSI: -69 [da:ee:aa:ff:03:7a]

RSSI: -60 [da:ee:aa:ff:05:cb]

RSSI: -70 [da:ee:aa:ff:03:7a]

RSSI: -69 [da:ee:aa:ff:03:7a]

RSSI: -69 [da:ee:aa:ff:03:7a]

RSSI: -81 [da:ee:aa:ff:01:3c]

RSSI: -62 [da:ee:aa:ff:03:9a]

RSSI: -83 [da:ee:aa:ff:01:3c]

RSSI: -77 [da:ee:aa:ff:05:eb]

RSSI: -82 [da:ee:aa:ff:01:3c]

RSSI: -77 [da:ee:aa:ff:05:eb]

RSSI: -78 [da:ee:aa:ff:05:eb]

RSSI: -85 [da:ee:aa:ff:01:5c]

RSSI: -76 [da:ee:aa:ff:05:fb]

RSSI: -63 [da:ee:aa:ff:03:da]

RSSI: -85 [da:ee:aa:ff:01:5c]

RSSI: -63 [da:ee:aa:ff:03:da]

RSSI: -76 [da:ee:aa:ff:05:fb]

RSSI: -63 [da:ee:aa:ff:03:da]

RSSI: -63 [da:ee:aa:ff:03:da]

RSSI: -63 [da:ee:aa:ff:03:da]

RSSI: -74 [da:ee:aa:ff:06:1b]

RSSI: -86 [da:ee:aa:ff:01:8c]

RSSI: -73 [da:ee:aa:ff:03:fa]

RSSI: -74 [da:ee:aa:ff:06:1b]

RSSI: -74 [da:ee:aa:ff:06:1b]

RSSI: -74 [da:ee:aa:ff:06:1b]

RSSI: -74 [da:ee:aa:ff:06:1b]

RSSI: -61 [da:ee:aa:ff:04:1a]

RSSI: -82 [da:ee:aa:ff:01:ac]

RSSI: -77 [da:ee:aa:ff:06:2b]

RSSI: -61 [da:ee:aa:ff:04:1a]

RSSI: -61 [da:ee:aa:ff:04:1a]

RSSI: -75 [da:ee:aa:ff:06:6b]

RSSI: -86 [da:ee:aa:ff:01:dc]

RSSI: -75 [da:ee:aa:ff:06:6b]

RSSI: -87 [da:ee:aa:ff:01:dc]

RSSI: -86 [da:ee:aa:ff:01:dc]

RSSI: -87 [da:ee:aa:ff:01:fc]

RSSI: -72 [da:ee:aa:ff:04:6a]

RSSI: -81 [da:ee:aa:ff:02:3c]

RSSI: -62 [da:ee:aa:ff:04:9a]

RSSI: -82 [da:ee:aa:ff:02:3c]

RSSI: -61 [da:ee:aa:ff:04:9a]

RSSI: -77 [da:ee:aa:ff:06:ab]

RSSI: -82 [da:ee:aa:ff:02:3c]

RSSI: -62 [da:ee:aa:ff:04:9a]

RSSI: -81 [da:ee:aa:ff:02:3c]

RSSI: -61 [da:ee:aa:ff:04:9a]

RSSI: -81 [da:ee:aa:ff:02:3c]

RSSI: -61 [da:ee:aa:ff:04:9a]

RSSI: -76 [da:ee:aa:ff:06:db]

RSSI: -86 [da:ee:aa:ff:02:5c]

RSSI: -62 [da:ee:aa:ff:04:ba]

RSSI: -76 [da:ee:aa:ff:06:db]

RSSI: -62 [da:ee:aa:ff:04:ba]

RSSI: -76 [da:ee:aa:ff:06:db]

RSSI: -76 [da:ee:aa:ff:06:db]

RSSI: -62 [da:ee:aa:ff:04:ca]

RSSI: -70 [da:ee:aa:ff:04:da]

RSSI: -73 [da:ee:aa:ff:07:0b]

RSSI: -71 [da:ee:aa:ff:04:da]

RSSI: -73 [da:ee:aa:ff:07:0b]

RSSI: -71 [da:ee:aa:ff:04:da]

RSSI: -86 [da:ee:aa:ff:02:7c]

RSSI: -74 [da:ee:aa:ff:07:0b]

RSSI: -71 [da:ee:aa:ff:04:da]

RSSI: -73 [da:ee:aa:ff:07:0b]

RSSI: -70 [da:ee:aa:ff:04:da]

RSSI: -81 [da:ee:aa:ff:02:9c]

RSSI: -78 [da:ee:aa:ff:07:2b]

RSSI: -78 [da:ee:aa:ff:07:2b]

RSSI: -81 [da:ee:aa:ff:02:ac]

RSSI: -78 [da:ee:aa:ff:07:4b]

RSSI: -87 [da:ee:aa:ff:02:cc]

RSSI: -61 [da:ee:aa:ff:05:2a]

RSSI: -88 [da:ee:aa:ff:02:cc]

RSSI: -61 [da:ee:aa:ff:05:2a]

RSSI: -61 [da:ee:aa:ff:05:2a]

RSSI: -61 [da:ee:aa:ff:05:2a]

RSSI: -86 [da:ee:aa:ff:02:cc]

RSSI: -77 [da:ee:aa:ff:07:5b]

RSSI: -66 [da:ee:aa:ff:05:6a]

RSSI: -66 [da:ee:aa:ff:05:6a]

RSSI: -87 [da:ee:aa:ff:03:0c]

RSSI: -73 [da:ee:aa:ff:07:7b]

RSSI: -66 [da:ee:aa:ff:05:6a]

RSSI: -73 [da:ee:aa:ff:07:7b]

RSSI: -66 [da:ee:aa:ff:05:6a]

RSSI: -74 [da:ee:aa:ff:07:7b]

RSSI: -66 [da:ee:aa:ff:05:6a]

RSSI: -81 [da:ee:aa:ff:03:2c]

RSSI: -62 [da:ee:aa:ff:05:7a]

RSSI: -78 [da:ee:aa:ff:07:8b]

RSSI: -62 [da:ee:aa:ff:05:7a]

RSSI: -78 [da:ee:aa:ff:07:8b]

RSSI: -78 [da:ee:aa:ff:07:8b]

RSSI: -81 [da:ee:aa:ff:03:2c]

RSSI: -74 [da:ee:aa:ff:07:cb]

RSSI: -65 [da:ee:aa:ff:05:da]

RSSI: -74 [da:ee:aa:ff:07:cb]

RSSI: -86 [da:ee:aa:ff:03:7c]

RSSI: -65 [da:ee:aa:ff:05:fa]

RSSI: -65 [da:ee:aa:ff:05:fa]

RSSI: -65 [da:ee:aa:ff:05:fa]

RSSI: -81 [da:ee:aa:ff:03:ac]

RSSI: -61 [da:ee:aa:ff:06:1a]

RSSI: -77 [da:ee:aa:ff:07:fb]

RSSI: -83 [da:ee:aa:ff:03:ac]

RSSI: -61 [da:ee:aa:ff:06:1a]

RSSI: -77 [da:ee:aa:ff:07:fb]

RSSI: -83 [da:ee:aa:ff:03:ac]

RSSI: -61 [da:ee:aa:ff:06:1a]

RSSI: -77 [da:ee:aa:ff:07:fb]

RSSI: -82 [da:ee:aa:ff:03:ac]

RSSI: -61 [da:ee:aa:ff:06:1a]

RSSI: -77 [da:ee:aa:ff:07:fb]

RSSI: -82 [da:ee:aa:ff:03:ac]

RSSI: -61 [da:ee:aa:ff:06:1a]

RSSI: -86 [da:ee:aa:ff:03:cc]

RSSI: -77 [da:ee:aa:ff:08:2b]

RSSI: -77 [da:ee:aa:ff:08:2b]

RSSI: -53 [da:ee:aa:ff:06:4a]

RSSI: -77 [da:ee:aa:ff:08:2b]

RSSI: -66 [da:ee:aa:ff:06:6a]

RSSI: -75 [da:ee:aa:ff:08:4b]

RSSI: -65 [da:ee:aa:ff:06:6a]

RSSI: -74 [da:ee:aa:ff:08:4b]

RSSI: -66 [da:ee:aa:ff:06:6a]

RSSI: -74 [da:ee:aa:ff:08:5b]

RSSI: -61 [da:ee:aa:ff:06:9a]

RSSI: -76 [da:ee:aa:ff:08:6b]

RSSI: -61 [da:ee:aa:ff:06:9a]

RSSI: -78 [da:ee:aa:ff:08:6b]

RSSI: -61 [da:ee:aa:ff:06:9a]

RSSI: -77 [da:ee:aa:ff:08:6b]

RSSI: -84 [da:ee:aa:ff:04:4c]

RSSI: -88 [da:ee:aa:ff:04:4c]

RSSI: -61 [da:ee:aa:ff:06:9a]

RSSI: -77 [da:ee:aa:ff:08:6b]

RSSI: -61 [da:ee:aa:ff:06:ca]

RSSI: -67 [da:ee:aa:ff:06:ea]

RSSI: -56 [da:ee:aa:ff:08:bb]

RSSI: -66 [da:ee:aa:ff:06:ea]

RSSI: -85 [da:ee:aa:ff:04:8c]

RSSI: -74 [da:ee:aa:ff:08:bb]

RSSI: -67 [da:ee:aa:ff:06:ea]

RSSI: -86 [da:ee:aa:ff:04:8c]

RSSI: -74 [da:ee:aa:ff:08:bb]

RSSI: -67 [da:ee:aa:ff:06:ea]

RSSI: -67 [da:ee:aa:ff:06:ea]

RSSI: -85 [da:ee:aa:ff:04:8c]

RSSI: -83 [da:ee:aa:ff:04:ac]

RSSI: -77 [da:ee:aa:ff:08:db]

RSSI: -83 [da:ee:aa:ff:04:ac]

RSSI: -76 [da:ee:aa:ff:08:db]

RSSI: -60 [da:ee:aa:ff:07:1a]

RSSI: -76 [da:ee:aa:ff:08:db]

RSSI: -61 [da:ee:aa:ff:07:1a]

RSSI: -83 [da:ee:aa:ff:04:ac]

RSSI: -77 [da:ee:aa:ff:08:db]

RSSI: -60 [da:ee:aa:ff:07:1a]

RSSI: -84 [da:ee:aa:ff:04:ac]

RSSI: -77 [da:ee:aa:ff:08:eb]

RSSI: -61 [da:ee:aa:ff:07:3a]

RSSI: -61 [da:ee:aa:ff:07:3a]

RSSI: -86 [da:ee:aa:ff:04:ec]

RSSI: -61 [da:ee:aa:ff:07:3a]

RSSI: -77 [da:ee:aa:ff:09:0b]

RSSI: -61 [da:ee:aa:ff:07:3a]

RSSI: -74 [da:ee:aa:ff:09:1b]

RSSI: -55 [da:ee:aa:ff:07:5a]

RSSI: -74 [da:ee:aa:ff:09:1b]

RSSI: -69 [da:ee:aa:ff:07:5a]

RSSI: -74 [da:ee:aa:ff:09:1b]

RSSI: -85 [da:ee:aa:ff:05:0c]

RSSI: -68 [da:ee:aa:ff:07:5a]

RSSI: -74 [da:ee:aa:ff:09:1b]

RSSI: -55 [da:ee:aa:ff:07:5a]

RSSI: -74 [da:ee:aa:ff:09:1b]

RSSI: -85 [da:ee:aa:ff:05:2c]

RSSI: -61 [da:ee:aa:ff:07:7a]

RSSI: -76 [da:ee:aa:ff:09:3b]

RSSI: -61 [da:ee:aa:ff:07:7a]

RSSI: -76 [da:ee:aa:ff:09:3b]

RSSI: -84 [da:ee:aa:ff:05:4c]

RSSI: -76 [da:ee:aa:ff:09:3b]

RSSI: -83 [da:ee:aa:ff:05:4c]

RSSI: -77 [da:ee:aa:ff:09:3b]

RSSI: -61 [da:ee:aa:ff:07:9a]

RSSI: -76 [da:ee:aa:ff:09:3b]

RSSI: -60 [da:ee:aa:ff:07:aa]

RSSI: -61 [da:ee:aa:ff:07:aa]

RSSI: -60 [da:ee:aa:ff:07:aa]

RSSI: -60 [da:ee:aa:ff:07:aa]

RSSI: -60 [da:ee:aa:ff:07:aa]

RSSI: -80 [da:ee:aa:ff:09:6b]

RSSI: -57 [da:ee:aa:ff:09:8b]

RSSI: -67 [da:ee:aa:ff:07:ca]

RSSI: -66 [da:ee:aa:ff:09:8b]

RSSI: -67 [da:ee:aa:ff:07:da]

RSSI: -58 [da:ee:aa:ff:09:8b]

RSSI: -68 [da:ee:aa:ff:07:da]

RSSI: -58 [da:ee:aa:ff:09:8b]

RSSI: -68 [da:ee:aa:ff:07:da]

RSSI: -74 [da:ee:aa:ff:09:8b]

RSSI: -76 [da:ee:aa:ff:05:9c]

RSSI: -61 [da:ee:aa:ff:07:fa]

RSSI: -61 [da:ee:aa:ff:07:fa]

RSSI: -61 [da:ee:aa:ff:07:fa]

RSSI: -61 [da:ee:aa:ff:07:fa]

RSSI: -84 [da:ee:aa:ff:05:dc]

RSSI: -61 [da:ee:aa:ff:07:fa]

RSSI: -76 [da:ee:aa:ff:09:cb]

RSSI: -59 [da:ee:aa:ff:08:2a]

RSSI: -86 [da:ee:aa:ff:05:fc]

RSSI: -77 [da:ee:aa:ff:09:cb]

RSSI: -88 [da:ee:aa:ff:05:fc]

RSSI: -77 [da:ee:aa:ff:09:cb]

RSSI: -59 [da:ee:aa:ff:08:2a]

RSSI: -85 [da:ee:aa:ff:05:fc]

RSSI: -59 [da:ee:aa:ff:08:2a]

RSSI: -71 [da:ee:aa:ff:08:4a]

RSSI: -89 [da:ee:aa:ff:06:2c]

RSSI: -75 [da:ee:aa:ff:09:fb]

RSSI: -70 [da:ee:aa:ff:08:6a]

RSSI: -75 [da:ee:aa:ff:09:fb]

RSSI: -62 [da:ee:aa:ff:08:8a]

RSSI: -76 [da:ee:aa:ff:0a:1b]

RSSI: -59 [da:ee:aa:ff:08:9a]

RSSI: -76 [da:ee:aa:ff:0a:2b]

RSSI: -86 [da:ee:aa:ff:06:7c]

RSSI: -76 [da:ee:aa:ff:0a:2b]

RSSI: -85 [da:ee:aa:ff:06:7c]

RSSI: -76 [da:ee:aa:ff:0a:2b]

RSSI: -59 [da:ee:aa:ff:08:ba]

RSSI: -85 [da:ee:aa:ff:06:7c]

RSSI: -76 [da:ee:aa:ff:0a:2b]

RSSI: -59 [da:ee:aa:ff:08:ba]

RSSI: -86 [da:ee:aa:ff:06:7c]

RSSI: -76 [da:ee:aa:ff:0a:2b]

RSSI: -71 [da:ee:aa:ff:08:ca]

RSSI: -75 [da:ee:aa:ff:0a:4b]

RSSI: -71 [da:ee:aa:ff:08:ca]

RSSI: -75 [da:ee:aa:ff:0a:4b]

RSSI: -71 [da:ee:aa:ff:08:ca]

RSSI: -75 [da:ee:aa:ff:0a:4b]

RSSI: -71 [da:ee:aa:ff:08:ca]

RSSI: -72 [da:ee:aa:ff:08:ca]

RSSI: -85 [da:ee:aa:ff:06:cc]

RSSI: -61 [da:ee:aa:ff:08:fa]

RSSI: -59 [da:ee:aa:ff:09:1a]

RSSI: -85 [da:ee:aa:ff:06:ec]

RSSI: -75 [da:ee:aa:ff:0a:8b]

RSSI: -59 [da:ee:aa:ff:09:1a]

RSSI: -75 [da:ee:aa:ff:0a:8b]

RSSI: -59 [da:ee:aa:ff:09:1a]

RSSI: -75 [da:ee:aa:ff:0a:8b]

RSSI: -76 [da:ee:aa:ff:0a:8b]

RSSI: -86 [da:ee:aa:ff:07:1c]

RSSI: -71 [da:ee:aa:ff:09:4a]

RSSI: -75 [da:ee:aa:ff:0a:bb]

RSSI: -88 [da:ee:aa:ff:07:1c]

RSSI: -71 [da:ee:aa:ff:09:4a]

RSSI: -74 [da:ee:aa:ff:0a:bb]

RSSI: -89 [da:ee:aa:ff:07:1c]

RSSI: -71 [da:ee:aa:ff:09:4a]

RSSI: -75 [da:ee:aa:ff:0a:bb]

RSSI: -71 [da:ee:aa:ff:09:4a]

RSSI: -61 [da:ee:aa:ff:09:6a]

RSSI: -61 [da:ee:aa:ff:09:6a]

RSSI: -77 [da:ee:aa:ff:0a:cb]

RSSI: -77 [da:ee:aa:ff:0a:cb]

RSSI: -50 [da:ee:aa:ff:09:7a]

RSSI: -87 [da:ee:aa:ff:07:5c]

RSSI: -76 [da:ee:aa:ff:0a:eb]

RSSI: -86 [da:ee:aa:ff:07:5c]

RSSI: -76 [da:ee:aa:ff:0a:eb]

RSSI: -86 [da:ee:aa:ff:07:5c]

RSSI: -76 [da:ee:aa:ff:0a:eb]

RSSI: -87 [da:ee:aa:ff:07:5c]

RSSI: -75 [da:ee:aa:ff:0a:eb]

RSSI: -59 [da:ee:aa:ff:09:9a]

RSSI: -86 [da:ee:aa:ff:07:5c]

RSSI: -76 [da:ee:aa:ff:0a:eb]

RSSI: -75 [da:ee:aa:ff:0a:fb]

RSSI: -70 [da:ee:aa:ff:09:ca]

RSSI: -75 [da:ee:aa:ff:0b:1b]

RSSI: -69 [da:ee:aa:ff:09:ca]

RSSI: -75 [da:ee:aa:ff:0b:1b]

RSSI: -70 [da:ee:aa:ff:09:ca]

RSSI: -75 [da:ee:aa:ff:0b:1b]

RSSI: -69 [da:ee:aa:ff:09:ca]

RSSI: -61 [da:ee:aa:ff:09:ea]

RSSI: -84 [da:ee:aa:ff:07:9c]

RSSI: -78 [da:ee:aa:ff:0b:2b]

RSSI: -61 [da:ee:aa:ff:09:ea]

RSSI: -77 [da:ee:aa:ff:0b:2b]

RSSI: -61 [da:ee:aa:ff:09:ea]

RSSI: -85 [da:ee:aa:ff:07:9c]

RSSI: -61 [da:ee:aa:ff:09:ea]

RSSI: -84 [da:ee:aa:ff:07:9c]

RSSI: -78 [da:ee:aa:ff:0b:2b]

RSSI: -84 [da:ee:aa:ff:07:9c]

RSSI: -58 [da:ee:aa:ff:0b:5b]

RSSI: -59 [da:ee:aa:ff:0a:2a]

RSSI: -59 [da:ee:aa:ff:0a:2a]

RSSI: -59 [da:ee:aa:ff:0a:2a]

RSSI: -59 [da:ee:aa:ff:0a:2a]

RSSI: -59 [da:ee:aa:ff:0a:2a]

RSSI: -68 [da:ee:aa:ff:0a:4a]

RSSI: -75 [da:ee:aa:ff:0b:7b]

RSSI: -75 [da:ee:aa:ff:0b:7b]

RSSI: -68 [da:ee:aa:ff:0a:4a]

RSSI: -89 [da:ee:aa:ff:07:ec]

RSSI: -69 [da:ee:aa:ff:0a:5a]

RSSI: -62 [da:ee:aa:ff:0a:7a]

RSSI: -78 [da:ee:aa:ff:0b:9b]

RSSI: -82 [da:ee:aa:ff:08:1c]

RSSI: -62 [da:ee:aa:ff:0a:7a]

RSSI: -77 [da:ee:aa:ff:0b:9b]

RSSI: -86 [da:ee:aa:ff:08:1c]

RSSI: -62 [da:ee:aa:ff:0a:7a]

RSSI: -76 [da:ee:aa:ff:0b:9b]

RSSI: -85 [da:ee:aa:ff:08:1c]

RSSI: -62 [da:ee:aa:ff:0a:7a]

RSSI: -77 [da:ee:aa:ff:0b:9b]

RSSI: -60 [da:ee:aa:ff:0a:8a]

RSSI: -87 [da:ee:aa:ff:08:3c]

RSSI: -77 [da:ee:aa:ff:0b:cb]

RSSI: -77 [da:ee:aa:ff:0b:cb]

RSSI: -89 [da:ee:aa:ff:08:7c]

RSSI: -75 [da:ee:aa:ff:0b:db]

RSSI: -75 [da:ee:aa:ff:0b:db]

RSSI: -68 [da:ee:aa:ff:0a:ba]

RSSI: -89 [da:ee:aa:ff:08:7c]

RSSI: -75 [da:ee:aa:ff:0b:db]

RSSI: -68 [da:ee:aa:ff:0a:ba]

RSSI: -74 [da:ee:aa:ff:0b:fb]

RSSI: -77 [da:ee:aa:ff:0c:0b]

RSSI: -77 [da:ee:aa:ff:0c:0b]

RSSI: -62 [da:ee:aa:ff:0a:ea]

RSSI: -77 [da:ee:aa:ff:0c:0b]

RSSI: -62 [da:ee:aa:ff:0a:ea]

RSSI: -77 [da:ee:aa:ff:0c:0b]

RSSI: -63 [da:ee:aa:ff:0a:ea]

RSSI: -76 [da:ee:aa:ff:0c:2b]

RSSI: -60 [da:ee:aa:ff:0a:fa]

RSSI: -59 [da:ee:aa:ff:0a:fa]

RSSI: -76 [da:ee:aa:ff:0c:3b]

RSSI: -86 [da:ee:aa:ff:08:dc]

RSSI: -88 [da:ee:aa:ff:08:dc]

RSSI: -75 [da:ee:aa:ff:0c:4b]

RSSI: -70 [da:ee:aa:ff:0b:2a]

RSSI: -74 [da:ee:aa:ff:0c:4b]

RSSI: -70 [da:ee:aa:ff:0b:2a]

RSSI: -75 [da:ee:aa:ff:0c:4b]

RSSI: -70 [da:ee:aa:ff:0b:2a]

RSSI: -71 [da:ee:aa:ff:0b:2a]

RSSI: -77 [da:ee:aa:ff:0c:8b]

RSSI: -61 [da:ee:aa:ff:0b:4a]

RSSI: -78 [da:ee:aa:ff:0c:8b]

RSSI: -61 [da:ee:aa:ff:0b:4a]

RSSI: -77 [da:ee:aa:ff:0c:8b]

RSSI: -61 [da:ee:aa:ff:0b:4a]

RSSI: -78 [da:ee:aa:ff:0c:8b]

RSSI: -83 [da:ee:aa:ff:09:0c]

RSSI: -76 [da:ee:aa:ff:0c:9b]

RSSI: -59 [da:ee:aa:ff:0b:7a]

RSSI: -76 [da:ee:aa:ff:0c:9b]

RSSI: -59 [da:ee:aa:ff:0b:7a]

RSSI: -59 [da:ee:aa:ff:0b:7a]

RSSI: -59 [da:ee:aa:ff:0b:7a]

RSSI: -88 [da:ee:aa:ff:09:3c]

RSSI: -59 [da:ee:aa:ff:0b:7a]

RSSI: -74 [da:ee:aa:ff:0c:cb]

RSSI: -75 [da:ee:aa:ff:0c:cb]

RSSI: -72 [da:ee:aa:ff:0b:8a]

RSSI: -75 [da:ee:aa:ff:0c:cb]

RSSI: -75 [da:ee:aa:ff:0c:cb]

RSSI: -78 [da:ee:aa:ff:0c:fb]

RSSI: -48 [da:ee:aa:ff:0b:ca]

RSSI: -77 [da:ee:aa:ff:0c:fb]

RSSI: -61 [da:ee:aa:ff:0b:ca]

RSSI: -78 [da:ee:aa:ff:0c:fb]

RSSI: -61 [da:ee:aa:ff:0b:ca]

RSSI: -76 [da:ee:aa:ff:0d:0b]

RSSI: -88 [da:ee:aa:ff:09:9c]

RSSI: -76 [da:ee:aa:ff:0d:0b]

RSSI: -59 [da:ee:aa:ff:0b:fa]

RSSI: -59 [da:ee:aa:ff:0b:fa]

RSSI: -59 [da:ee:aa:ff:0b:fa]

RSSI: -90 [da:ee:aa:ff:09:bc]

RSSI: -57 [da:ee:aa:ff:0d:4b]

RSSI: -91 [da:ee:aa:ff:09:bc]

RSSI: -76 [da:ee:aa:ff:0d:4b]

RSSI: -66 [da:ee:aa:ff:0d:4b]

RSSI: -58 [da:ee:aa:ff:0d:4b]

RSSI: -89 [da:ee:aa:ff:09:bc]

RSSI: -58 [da:ee:aa:ff:0d:4b]

RSSI: -84 [da:ee:aa:ff:09:cc]

RSSI: -78 [da:ee:aa:ff:0d:5b]

RSSI: -62 [da:ee:aa:ff:0c:3a]

RSSI: -62 [da:ee:aa:ff:0c:3a]

RSSI: -84 [da:ee:aa:ff:09:cc]

RSSI: -78 [da:ee:aa:ff:0d:7b]

RSSI: -78 [da:ee:aa:ff:0d:7b]

RSSI: -78 [da:ee:aa:ff:0d:7b]

RSSI: -77 [da:ee:aa:ff:0a:0c]

RSSI: -60 [da:ee:aa:ff:0c:4a]

RSSI: -76 [da:ee:aa:ff:0d:9b]

RSSI: -82 [da:ee:aa:ff:0a:0c]

RSSI: -60 [da:ee:aa:ff:0c:4a]

RSSI: -76 [da:ee:aa:ff:0d:9b]

RSSI: -69 [da:ee:aa:ff:0a:0c]

RSSI: -76 [da:ee:aa:ff:0d:9b]

RSSI: -76 [da:ee:aa:ff:0d:9b]

RSSI: -70 [da:ee:aa:ff:0c:7a]

RSSI: -70 [da:ee:aa:ff:0c:7a]

RSSI: -75 [da:ee:aa:ff:0d:cb]

RSSI: -70 [da:ee:aa:ff:0c:7a]

RSSI: -76 [da:ee:aa:ff:0d:cb]

RSSI: -69 [da:ee:aa:ff:0c:7a]

RSSI: -75 [da:ee:aa:ff:0d:cb]

RSSI: -69 [da:ee:aa:ff:0c:7a]

RSSI: -78 [da:ee:aa:ff:0d:db]

RSSI: -61 [da:ee:aa:ff:0c:9a]

RSSI: -78 [da:ee:aa:ff:0d:db]

RSSI: -47 [da:ee:aa:ff:0c:aa]

RSSI: -84 [da:ee:aa:ff:0a:5c]

RSSI: -76 [da:ee:aa:ff:0e:0b]

RSSI: -85 [da:ee:aa:ff:0a:6c]

RSSI: -76 [da:ee:aa:ff:0e:0b]

RSSI: -48 [da:ee:aa:ff:0c:ba]

RSSI: -76 [da:ee:aa:ff:0e:0b]

RSSI: -59 [da:ee:aa:ff:0c:ba]

RSSI: -76 [da:ee:aa:ff:0e:4b]

RSSI: -71 [da:ee:aa:ff:0c:ea]

RSSI: -77 [da:ee:aa:ff:0e:4b]

RSSI: -72 [da:ee:aa:ff:0c:ea]

RSSI: -76 [da:ee:aa:ff:0e:4b]

RSSI: -89 [da:ee:aa:ff:0a:ac]

RSSI: -72 [da:ee:aa:ff:0c:ea]

RSSI: -76 [da:ee:aa:ff:0e:4b]

RSSI: -88 [da:ee:aa:ff:0a:ac]

RSSI: -71 [da:ee:aa:ff:0c:ea]

RSSI: -76 [da:ee:aa:ff:0e:4b]

RSSI: -61 [da:ee:aa:ff:0c:fa]

RSSI: -75 [da:ee:aa:ff:0e:5b]

RSSI: -61 [da:ee:aa:ff:0c:fa]

RSSI: -85 [da:ee:aa:ff:0a:ec]

RSSI: -78 [da:ee:aa:ff:0e:5b]

RSSI: -61 [da:ee:aa:ff:0c:fa]

RSSI: -76 [da:ee:aa:ff:0e:8b]

RSSI: -59 [da:ee:aa:ff:0d:2a]

RSSI: -75 [da:ee:aa:ff:0e:8b]

RSSI: -59 [da:ee:aa:ff:0d:2a]

RSSI: -76 [da:ee:aa:ff:0e:8b]

RSSI: -59 [da:ee:aa:ff:0d:2a]

RSSI: -76 [da:ee:aa:ff:0e:8b]

RSSI: -59 [da:ee:aa:ff:0d:2a]

RSSI: -76 [da:ee:aa:ff:0e:8b]

RSSI: -59 [da:ee:aa:ff:0d:2a]

RSSI: -74 [da:ee:aa:ff:0d:4a]

RSSI: -74 [da:ee:aa:ff:0d:4a]

RSSI: -76 [da:ee:aa:ff:0e:bb]

RSSI: -74 [da:ee:aa:ff:0d:4a]

RSSI: -77 [da:ee:aa:ff:0e:bb]

RSSI: -73 [da:ee:aa:ff:0d:6a]

RSSI: -84 [da:ee:aa:ff:0b:5c]

RSSI: -62 [da:ee:aa:ff:0d:7a]

RSSI: -84 [da:ee:aa:ff:0b:5c]

RSSI: -79 [da:ee:aa:ff:0e:db]

RSSI: -62 [da:ee:aa:ff:0d:7a]

RSSI: -86 [da:ee:aa:ff:0b:5c]

RSSI: -79 [da:ee:aa:ff:0e:db]

RSSI: -62 [da:ee:aa:ff:0d:7a]

RSSI: -84 [da:ee:aa:ff:0b:5c]

RSSI: -78 [da:ee:aa:ff:0e:db]

RSSI: -62 [da:ee:aa:ff:0d:7a]

RSSI: -84 [da:ee:aa:ff:0b:5c]

RSSI: -62 [da:ee:aa:ff:0d:7a]

RSSI: -61 [da:ee:aa:ff:0d:8a]

RSSI: -77 [da:ee:aa:ff:0f:0b]

RSSI: -84 [da:ee:aa:ff:0b:8c]

RSSI: -77 [da:ee:aa:ff:0f:0b]

RSSI: -59 [da:ee:aa:ff:0d:aa]

RSSI: -77 [da:ee:aa:ff:0f:1b]

RSSI: -71 [da:ee:aa:ff:0d:ca]

RSSI: -71 [da:ee:aa:ff:0d:ca]

RSSI: -77 [da:ee:aa:ff:0f:2b]

RSSI: -72 [da:ee:aa:ff:0d:ca]

RSSI: -77 [da:ee:aa:ff:0f:2b]

RSSI: -62 [da:ee:aa:ff:0d:fa]

RSSI: -80 [da:ee:aa:ff:0f:4b]

RSSI: -62 [da:ee:aa:ff:0d:fa]

RSSI: -80 [da:ee:aa:ff:0f:4b]

RSSI: -62 [da:ee:aa:ff:0d:fa]

RSSI: -79 [da:ee:aa:ff:0f:4b]

RSSI: -62 [da:ee:aa:ff:0d:fa]

RSSI: -79 [da:ee:aa:ff:0f:4b]

RSSI: -84 [da:ee:aa:ff:0b:fc]

RSSI: -63 [da:ee:aa:ff:0e:0a]

RSSI: -77 [da:ee:aa:ff:0f:8b]

RSSI: -63 [da:ee:aa:ff:0e:0a]

RSSI: -82 [da:ee:aa:ff:0b:fc]

RSSI: -76 [da:ee:aa:ff:0f:ab]

RSSI: -89 [da:ee:aa:ff:0c:2c]

RSSI: -76 [da:ee:aa:ff:0f:ab]

RSSI: -76 [da:ee:aa:ff:0f:ab]

RSSI: -69 [da:ee:aa:ff:0e:4a]

RSSI: -70 [da:ee:aa:ff:0e:4a]

RSSI: -76 [da:ee:aa:ff:0f:cb]

RSSI: -62 [da:ee:aa:ff:0e:5a]

RSSI: -77 [da:ee:aa:ff:0c:4c]

RSSI: -62 [da:ee:aa:ff:0e:5a]

RSSI: -62 [da:ee:aa:ff:0e:6a]

RSSI: -79 [da:ee:aa:ff:0f:db]

RSSI: -61 [da:ee:aa:ff:0e:6a]

RSSI: -79 [da:ee:aa:ff:0f:db]

RSSI: -61 [da:ee:aa:ff:0e:8a]

RSSI: -78 [da:ee:aa:ff:0f:fb]

RSSI: -84 [da:ee:aa:ff:0c:7c]

RSSI: -87 [da:ee:aa:ff:0c:7c]

RSSI: -78 [da:ee:aa:ff:10:0b]

RSSI: -77 [da:ee:aa:ff:10:0b]

RSSI: -86 [da:ee:aa:ff:0c:7c]

RSSI: -78 [da:ee:aa:ff:10:0b]

RSSI: -76 [da:ee:aa:ff:10:1b]

RSSI: -72 [da:ee:aa:ff:0e:ca]

RSSI: -75 [da:ee:aa:ff:10:1b]

RSSI: -72 [da:ee:aa:ff:0e:ca]

RSSI: -76 [da:ee:aa:ff:10:1b]

RSSI: -65 [da:ee:aa:ff:0e:ca]

RSSI: -76 [da:ee:aa:ff:10:1b]

RSSI: -87 [da:ee:aa:ff:0c:bc]

RSSI: -78 [da:ee:aa:ff:10:3b]

RSSI: -61 [da:ee:aa:ff:0e:ea]

RSSI: -86 [da:ee:aa:ff:0c:bc]

RSSI: -79 [da:ee:aa:ff:10:3b]

RSSI: -61 [da:ee:aa:ff:0e:ea]

RSSI: -86 [da:ee:aa:ff:0c:bc]

RSSI: -78 [da:ee:aa:ff:10:3b]

RSSI: -78 [da:ee:aa:ff:10:4b]

RSSI: -60 [da:ee:aa:ff:0f:1a]

RSSI: -78 [da:ee:aa:ff:10:4b]

RSSI: -60 [da:ee:aa:ff:0f:1a]

RSSI: -60 [da:ee:aa:ff:0f:1a]

RSSI: -60 [da:ee:aa:ff:0f:1a]

RSSI: -61 [da:ee:aa:ff:10:6b]

RSSI: -60 [da:ee:aa:ff:0f:1a]

RSSI: -88 [da:ee:aa:ff:0d:0c]

RSSI: -76 [da:ee:aa:ff:0f:3a]

RSSI: -75 [da:ee:aa:ff:10:8b]

RSSI: -86 [da:ee:aa:ff:0d:0c]

RSSI: -75 [da:ee:aa:ff:10:8b]

RSSI: -87 [da:ee:aa:ff:0d:0c]

RSSI: -75 [da:ee:aa:ff:10:8b]

RSSI: -75 [da:ee:aa:ff:0f:5a]

RSSI: -75 [da:ee:aa:ff:10:8b]

RSSI: -59 [da:ee:aa:ff:0f:7a]

RSSI: -78 [da:ee:aa:ff:10:cb]

RSSI: -59 [da:ee:aa:ff:0f:7a]

RSSI: -79 [da:ee:aa:ff:10:cb]

RSSI: -86 [da:ee:aa:ff:0d:3c]

RSSI: -59 [da:ee:aa:ff:0f:7a]

RSSI: -79 [da:ee:aa:ff:10:cb]

RSSI: -59 [da:ee:aa:ff:0f:7a]

RSSI: -78 [da:ee:aa:ff:10:db]

RSSI: -84 [da:ee:aa:ff:0d:5c]

RSSI: -62 [da:ee:aa:ff:0f:9a]

RSSI: -62 [da:ee:aa:ff:0f:9a]

RSSI: -74 [da:ee:aa:ff:0f:ba]

RSSI: -75 [da:ee:aa:ff:11:1b]

RSSI: -73 [da:ee:aa:ff:0f:ba]

RSSI: -75 [da:ee:aa:ff:11:1b]

RSSI: -73 [da:ee:aa:ff:0f:ba]

RSSI: -75 [da:ee:aa:ff:11:1b]

RSSI: -73 [da:ee:aa:ff:0f:ba]

RSSI: -75 [da:ee:aa:ff:11:1b]

RSSI: -73 [da:ee:aa:ff:0f:ba]

RSSI: -75 [da:ee:aa:ff:11:1b]

RSSI: -78 [da:ee:aa:ff:11:2b]

RSSI: -78 [da:ee:aa:ff:11:3b]

RSSI: -78 [da:ee:aa:ff:11:4b]

RSSI: -78 [da:ee:aa:ff:11:4b]

RSSI: -78 [da:ee:aa:ff:11:4b]

RSSI: -84 [da:ee:aa:ff:0d:ec]

RSSI: -63 [da:ee:aa:ff:0f:fa]

RSSI: -84 [da:ee:aa:ff:0d:ec]

RSSI: -78 [da:ee:aa:ff:11:4b]

RSSI: -66 [da:ee:aa:ff:11:6b]

RSSI: -70 [da:ee:aa:ff:10:2a]

RSSI: -75 [da:ee:aa:ff:11:6b]

RSSI: -70 [da:ee:aa:ff:10:2a]

RSSI: -57 [da:ee:aa:ff:11:6b]

RSSI: -70 [da:ee:aa:ff:10:2a]

RSSI: -68 [da:ee:aa:ff:11:6b]

RSSI: -70 [da:ee:aa:ff:10:2a]

RSSI: -70 [da:ee:aa:ff:10:2a]

RSSI: -60 [da:ee:aa:ff:10:4a]

RSSI: -60 [da:ee:aa:ff:10:4a]

RSSI: -78 [da:ee:aa:ff:11:8b]

RSSI: -60 [da:ee:aa:ff:10:4a]

RSSI: -60 [da:ee:aa:ff:10:4a]

RSSI: -78 [da:ee:aa:ff:11:9b]

RSSI: -62 [da:ee:aa:ff:10:8a]

RSSI: -84 [da:ee:aa:ff:0e:5c]

RSSI: -78 [da:ee:aa:ff:11:bb]

RSSI: -63 [da:ee:aa:ff:10:8a]

RSSI: -84 [da:ee:aa:ff:0e:5c]

RSSI: -78 [da:ee:aa:ff:11:bb]

RSSI: -62 [da:ee:aa:ff:10:8a]

RSSI: -84 [da:ee:aa:ff:0e:5c]

RSSI: -78 [da:ee:aa:ff:11:bb]

RSSI: -62 [da:ee:aa:ff:10:8a]

RSSI: -84 [da:ee:aa:ff:0e:5c]

RSSI: -78 [da:ee:aa:ff:11:bb]

RSSI: -62 [da:ee:aa:ff:10:8a]

RSSI: -85 [da:ee:aa:ff:0e:5c]

RSSI: -78 [da:ee:aa:ff:11:bb]

RSSI: -75 [da:ee:aa:ff:11:cb]

RSSI: -68 [da:ee:aa:ff:10:aa]

RSSI: -86 [da:ee:aa:ff:0e:9c]

RSSI: -75 [da:ee:aa:ff:11:eb]

RSSI: -75 [da:ee:aa:ff:11:eb]

RSSI: -67 [da:ee:aa:ff:10:ba]

RSSI: -75 [da:ee:aa:ff:11:eb]

RSSI: -68 [da:ee:aa:ff:10:ba]

RSSI: -61 [da:ee:aa:ff:10:da]

RSSI: -61 [da:ee:aa:ff:10:da]

RSSI: -77 [da:ee:aa:ff:11:fb]

RSSI: -61 [da:ee:aa:ff:10:da]

RSSI: -61 [da:ee:aa:ff:10:da]

RSSI: -63 [da:ee:aa:ff:10:fa]

RSSI: -78 [da:ee:aa:ff:12:2b]

RSSI: -86 [da:ee:aa:ff:0e:ec]

RSSI: -78 [da:ee:aa:ff:12:2b]

RSSI: -86 [da:ee:aa:ff:0e:ec]

RSSI: -78 [da:ee:aa:ff:12:2b]

RSSI: -85 [da:ee:aa:ff:0e:ec]

RSSI: -78 [da:ee:aa:ff:12:2b]

RSSI: -85 [da:ee:aa:ff:0e:ec]

RSSI: -67 [da:ee:aa:ff:11:2a]

RSSI: -75 [da:ee:aa:ff:12:4b]

RSSI: -68 [da:ee:aa:ff:11:2a]

RSSI: -84 [da:ee:aa:ff:0f:0c]

RSSI: -68 [da:ee:aa:ff:11:2a]

RSSI: -67 [da:ee:aa:ff:11:2a]

RSSI: -75 [da:ee:aa:ff:12:5b]

RSSI: -67 [da:ee:aa:ff:11:2a]

RSSI: -73 [da:ee:aa:ff:12:5b]

RSSI: -61 [da:ee:aa:ff:12:7b]

RSSI: -61 [da:ee:aa:ff:11:5a]

RSSI: -61 [da:ee:aa:ff:11:5a]

RSSI: -70 [da:ee:aa:ff:12:7b]

RSSI: -61 [da:ee:aa:ff:11:5a]

RSSI: -61 [da:ee:aa:ff:11:5a]

RSSI: -77 [da:ee:aa:ff:12:7b]

RSSI: -64 [da:ee:aa:ff:11:6a]

RSSI: -78 [da:ee:aa:ff:12:ab]

RSSI: -64 [da:ee:aa:ff:11:6a]

RSSI: -84 [da:ee:aa:ff:0f:6c]

RSSI: -78 [da:ee:aa:ff:12:ab]

RSSI: -64 [da:ee:aa:ff:11:6a]

RSSI: -85 [da:ee:aa:ff:0f:6c]

RSSI: -78 [da:ee:aa:ff:12:ab]

RSSI: -84 [da:ee:aa:ff:0f:8c]

RSSI: -74 [da:ee:aa:ff:12:cb]

RSSI: -67 [da:ee:aa:ff:11:aa]

RSSI: -73 [da:ee:aa:ff:12:cb]

RSSI: -67 [da:ee:aa:ff:11:aa]

RSSI: -76 [da:ee:aa:ff:12:cb]

RSSI: -67 [da:ee:aa:ff:11:aa]

RSSI: -67 [da:ee:aa:ff:11:aa]

RSSI: -66 [da:ee:aa:ff:11:aa]

RSSI: -62 [da:ee:aa:ff:11:ca]

RSSI: -78 [da:ee:aa:ff:13:0b]

RSSI: -62 [da:ee:aa:ff:11:ca]

RSSI: -89 [da:ee:aa:ff:0f:ac]

RSSI: -62 [da:ee:aa:ff:11:ca]

RSSI: -78 [da:ee:aa:ff:13:0b]

RSSI: -78 [da:ee:aa:ff:13:0b]

RSSI: -62 [da:ee:aa:ff:11:da]

RSSI: -62 [da:ee:aa:ff:11:da]

RSSI: -64 [da:ee:aa:ff:11:ea]

RSSI: -78 [da:ee:aa:ff:13:2b]

RSSI: -81 [da:ee:aa:ff:0f:cc]

RSSI: -63 [da:ee:aa:ff:11:ea]

RSSI: -67 [da:ee:aa:ff:0f:cc]

RSSI: -64 [da:ee:aa:ff:11:ea]

RSSI: -64 [da:ee:aa:ff:11:ea]

RSSI: -67 [da:ee:aa:ff:12:0a]

RSSI: -74 [da:ee:aa:ff:13:5b]

RSSI: -74 [da:ee:aa:ff:13:5b]

RSSI: -68 [da:ee:aa:ff:12:2a]

RSSI: -74 [da:ee:aa:ff:13:5b]

RSSI: -84 [da:ee:aa:ff:0f:fc]

RSSI: -67 [da:ee:aa:ff:12:2a]

RSSI: -74 [da:ee:aa:ff:13:5b]

RSSI: -54 [da:ee:aa:ff:12:2a]

RSSI: -74 [da:ee:aa:ff:13:5b]

RSSI: -77 [da:ee:aa:ff:13:7b]

RSSI: -62 [da:ee:aa:ff:12:4a]

RSSI: -77 [da:ee:aa:ff:13:8b]

RSSI: -62 [da:ee:aa:ff:12:4a]

RSSI: -83 [da:ee:aa:ff:10:3c]

RSSI: -85 [da:ee:aa:ff:10:3c]

RSSI: -72 [da:ee:aa:ff:13:ab]

RSSI: -66 [da:ee:aa:ff:13:ab]

RSSI: -62 [da:ee:aa:ff:12:6a]

RSSI: -83 [da:ee:aa:ff:10:5c]

RSSI: -78 [da:ee:aa:ff:13:ab]

RSSI: -67 [da:ee:aa:ff:12:8a]

RSSI: -85 [da:ee:aa:ff:10:6c]

RSSI: -67 [da:ee:aa:ff:12:8a]

RSSI: -84 [da:ee:aa:ff:10:6c]

RSSI: -74 [da:ee:aa:ff:13:db]

RSSI: -67 [da:ee:aa:ff:12:8a]

RSSI: -74 [da:ee:aa:ff:13:db]

RSSI: -68 [da:ee:aa:ff:12:8a]

RSSI: -74 [da:ee:aa:ff:13:db]

RSSI: -61 [da:ee:aa:ff:12:ba]

RSSI: -77 [da:ee:aa:ff:13:fb]

RSSI: -61 [da:ee:aa:ff:12:ba]

RSSI: -77 [da:ee:aa:ff:13:fb]

RSSI: -61 [da:ee:aa:ff:12:ba]

RSSI: -77 [da:ee:aa:ff:13:fb]

RSSI: -61 [da:ee:aa:ff:12:ba]

RSSI: -77 [da:ee:aa:ff:13:fb]

RSSI: -61 [da:ee:aa:ff:12:ba]

RSSI: -61 [da:ee:aa:ff:12:da]

RSSI: -78 [da:ee:aa:ff:14:2b]

RSSI: -83 [da:ee:aa:ff:10:bc]

RSSI: -78 [da:ee:aa:ff:14:2b]

RSSI: -74 [da:ee:aa:ff:14:4b]

RSSI: -68 [da:ee:aa:ff:12:fa]

RSSI: -74 [da:ee:aa:ff:14:4b]

RSSI: -68 [da:ee:aa:ff:12:fa]

RSSI: -74 [da:ee:aa:ff:14:4b]

RSSI: -68 [da:ee:aa:ff:12:fa]

RSSI: -68 [da:ee:aa:ff:12:fa]

RSSI: -74 [da:ee:aa:ff:14:6b]

RSSI: -68 [da:ee:aa:ff:12:fa]

RSSI: -73 [da:ee:aa:ff:14:6b]

RSSI: -77 [da:ee:aa:ff:14:7b]

RSSI: -62 [da:ee:aa:ff:13:0a]

RSSI: -77 [da:ee:aa:ff:14:7b]

RSSI: -87 [da:ee:aa:ff:11:0c]

RSSI: -48 [da:ee:aa:ff:13:1a]

RSSI: -77 [da:ee:aa:ff:14:7b]

RSSI: -84 [da:ee:aa:ff:11:0c]

RSSI: -52 [da:ee:aa:ff:13:1a]

RSSI: -77 [da:ee:aa:ff:14:7b]

RSSI: -78 [da:ee:aa:ff:14:bb]

RSSI: -85 [da:ee:aa:ff:11:4c]

RSSI: -78 [da:ee:aa:ff:14:bb]

RSSI: -60 [da:ee:aa:ff:13:3a]

RSSI: -77 [da:ee:aa:ff:14:bb]

RSSI: -57 [da:ee:aa:ff:14:cb]

RSSI: -58 [da:ee:aa:ff:14:cb]

RSSI: -68 [da:ee:aa:ff:13:6a]

RSSI: -64 [da:ee:aa:ff:14:cb]

RSSI: -68 [da:ee:aa:ff:13:6a]

RSSI: -85 [da:ee:aa:ff:11:6c]

RSSI: -69 [da:ee:aa:ff:13:6a]

RSSI: -77 [da:ee:aa:ff:15:0b]

RSSI: -61 [da:ee:aa:ff:13:8a]

RSSI: -77 [da:ee:aa:ff:15:0b]

RSSI: -61 [da:ee:aa:ff:13:8a]

RSSI: -86 [da:ee:aa:ff:11:ac]

RSSI: -77 [da:ee:aa:ff:15:0b]

RSSI: -61 [da:ee:aa:ff:13:8a]

RSSI: -77 [da:ee:aa:ff:15:0b]

RSSI: -61 [da:ee:aa:ff:13:8a]

RSSI: -61 [da:ee:aa:ff:13:8a]

RSSI: -85 [da:ee:aa:ff:11:ac]

RSSI: -85 [da:ee:aa:ff:11:cc]

RSSI: -78 [da:ee:aa:ff:15:2b]

RSSI: -60 [da:ee:aa:ff:13:ba]

RSSI: -60 [da:ee:aa:ff:13:ba]

RSSI: -60 [da:ee:aa:ff:13:ba]

RSSI: -77 [da:ee:aa:ff:15:3b]

RSSI: -60 [da:ee:aa:ff:13:ba]

RSSI: -74 [da:ee:aa:ff:15:5b]

RSSI: -66 [da:ee:aa:ff:13:da]

RSSI: -73 [da:ee:aa:ff:15:5b]

RSSI: -67 [da:ee:aa:ff:13:da]

RSSI: -73 [da:ee:aa:ff:15:5b]

RSSI: -66 [da:ee:aa:ff:13:da]

RSSI: -74 [da:ee:aa:ff:15:5b]

RSSI: -74 [da:ee:aa:ff:15:5b]

RSSI: -66 [da:ee:aa:ff:13:fa]

RSSI: -78 [da:ee:aa:ff:15:6b]

RSSI: -60 [da:ee:aa:ff:14:0a]

RSSI: -78 [da:ee:aa:ff:15:8b]

RSSI: -60 [da:ee:aa:ff:14:0a]

RSSI: -60 [da:ee:aa:ff:14:0a]

RSSI: -77 [da:ee:aa:ff:15:8b]

RSSI: -60 [da:ee:aa:ff:14:0a]

RSSI: -77 [da:ee:aa:ff:15:8b]

RSSI: -84 [da:ee:aa:ff:12:5c]

RSSI: -60 [da:ee:aa:ff:14:1a]

RSSI: -77 [da:ee:aa:ff:15:9b]

RSSI: -60 [da:ee:aa:ff:14:1a]

RSSI: -76 [da:ee:aa:ff:15:9b]

RSSI: -84 [da:ee:aa:ff:12:5c]

RSSI: -85 [da:ee:aa:ff:12:5c]

RSSI: -61 [da:ee:aa:ff:14:4a]

RSSI: -66 [da:ee:aa:ff:14:4a]

RSSI: -53 [da:ee:aa:ff:14:4a]

RSSI: -66 [da:ee:aa:ff:14:4a]

RSSI: -85 [da:ee:aa:ff:12:9c]

RSSI: -60 [da:ee:aa:ff:14:6a]

RSSI: -86 [da:ee:aa:ff:12:9c]

RSSI: -77 [da:ee:aa:ff:15:cb]

RSSI: -84 [da:ee:aa:ff:12:9c]

RSSI: -60 [da:ee:aa:ff:14:8a]

RSSI: -84 [da:ee:aa:ff:12:9c]

RSSI: -60 [da:ee:aa:ff:14:8a]

RSSI: -60 [da:ee:aa:ff:14:8a]

RSSI: -76 [da:ee:aa:ff:15:fb]

RSSI: -85 [da:ee:aa:ff:12:ac]

RSSI: -76 [da:ee:aa:ff:15:fb]

RSSI: -60 [da:ee:aa:ff:14:9a]

RSSI: -75 [da:ee:aa:ff:15:fb]

RSSI: -60 [da:ee:aa:ff:14:9a]

RSSI: -76 [da:ee:aa:ff:15:fb]

RSSI: -85 [da:ee:aa:ff:12:cc]

RSSI: -61 [da:ee:aa:ff:14:9a]

RSSI: -76 [da:ee:aa:ff:15:fb]

RSSI: -84 [da:ee:aa:ff:12:cc]

RSSI: -65 [da:ee:aa:ff:14:da]

RSSI: -76 [da:ee:aa:ff:16:3b]

RSSI: -66 [da:ee:aa:ff:14:da]

RSSI: -75 [da:ee:aa:ff:16:3b]

RSSI: -66 [da:ee:aa:ff:14:da]

RSSI: -84 [da:ee:aa:ff:12:dc]

RSSI: -75 [da:ee:aa:ff:16:3b]

RSSI: -75 [da:ee:aa:ff:16:3b]

RSSI: -77 [da:ee:aa:ff:16:5b]

RSSI: -61 [da:ee:aa:ff:14:fa]

RSSI: -60 [da:ee:aa:ff:14:fa]

RSSI: -79 [da:ee:aa:ff:16:5b]

RSSI: -60 [da:ee:aa:ff:14:fa]

RSSI: -78 [da:ee:aa:ff:16:5b]

RSSI: -60 [da:ee:aa:ff:14:fa]

RSSI: -63 [da:ee:aa:ff:15:2a]

RSSI: -72 [da:ee:aa:ff:13:2c]

RSSI: -63 [da:ee:aa:ff:15:2a]

RSSI: -62 [da:ee:aa:ff:15:2a]

RSSI: -65 [da:ee:aa:ff:15:3a]

RSSI: -85 [da:ee:aa:ff:13:5c]

RSSI: -75 [da:ee:aa:ff:00:4b]

RSSI: -65 [da:ee:aa:ff:15:5a]

RSSI: -84 [da:ee:aa:ff:13:5c]

RSSI: -75 [da:ee:aa:ff:00:4b]

RSSI: -62 [da:ee:aa:ff:15:5a]

RSSI: -78 [da:ee:aa:ff:00:5b]

RSSI: -78 [da:ee:aa:ff:00:5b]

RSSI: -78 [da:ee:aa:ff:00:5b]

RSSI: -78 [da:ee:aa:ff:00:5b]

RSSI: -61 [da:ee:aa:ff:15:7a]

RSSI: -78 [da:ee:aa:ff:00:5b]

RSSI: -87 [da:ee:aa:ff:13:7c]

RSSI: -63 [da:ee:aa:ff:15:8a]

RSSI: -84 [da:ee:aa:ff:13:bc]

RSSI: -84 [da:ee:aa:ff:13:bc]

RSSI: -75 [da:ee:aa:ff:00:9b]

RSSI: -67 [da:ee:aa:ff:15:ca]

RSSI: -83 [da:ee:aa:ff:13:dc]

RSSI: -75 [da:ee:aa:ff:00:9b]

RSSI: -67 [da:ee:aa:ff:15:ca]

RSSI: -75 [da:ee:aa:ff:00:9b]

RSSI: -67 [da:ee:aa:ff:15:ca]

RSSI: -84 [da:ee:aa:ff:13:dc]

RSSI: -75 [da:ee:aa:ff:00:9b]

RSSI: -67 [da:ee:aa:ff:15:ca]

RSSI: -67 [da:ee:aa:ff:15:ca]

RSSI: -61 [da:ee:aa:ff:15:da]

RSSI: -77 [da:ee:aa:ff:00:cb]

RSSI: -61 [da:ee:aa:ff:15:fa]

RSSI: -61 [da:ee:aa:ff:15:fa]

RSSI: -79 [da:ee:aa:ff:00:cb]

RSSI: -61 [da:ee:aa:ff:15:fa]

RSSI: -78 [da:ee:aa:ff:00:cb]

RSSI: -61 [da:ee:aa:ff:15:fa]

RSSI: -83 [da:ee:aa:ff:14:2c]

RSSI: -82 [da:ee:aa:ff:14:2c]

RSSI: -83 [da:ee:aa:ff:14:2c]

RSSI: -83 [da:ee:aa:ff:14:2c]

RSSI: -76 [da:ee:aa:ff:00:fb]

RSSI: -76 [da:ee:aa:ff:00:fb]

RSSI: -67 [da:ee:aa:ff:16:4a]

RSSI: -83 [da:ee:aa:ff:14:6c]

RSSI: -74 [da:ee:aa:ff:01:0b]

RSSI: -67 [da:ee:aa:ff:16:4a]

RSSI: -75 [da:ee:aa:ff:01:0b]

RSSI: -74 [da:ee:aa:ff:01:0b]

RSSI: -67 [da:ee:aa:ff:16:4a]

RSSI: -75 [da:ee:aa:ff:01:0b]

RSSI: -67 [da:ee:aa:ff:16:4a]

RSSI: -61 [da:ee:aa:ff:16:6a]

RSSI: -86 [da:ee:aa:ff:14:8c]

RSSI: -87 [da:ee:aa:ff:14:8c]

RSSI: -78 [da:ee:aa:ff:01:2b]

RSSI: -74 [da:ee:aa:ff:01:8b]

RSSI: -65 [da:ee:aa:ff:01:8b]

RSSI: -85 [da:ee:aa:ff:14:dc]

RSSI: -62 [da:ee:aa:ff:01:8b]

RSSI: -84 [da:ee:aa:ff:14:dc]

RSSI: -74 [da:ee:aa:ff:01:8b]

RSSI: -68 [da:ee:aa:ff:00:6a]

RSSI: -58 [da:ee:aa:ff:01:8b]

RSSI: -61 [da:ee:aa:ff:00:7a]

RSSI: -78 [da:ee:aa:ff:01:9b]

RSSI: -61 [da:ee:aa:ff:00:7a]

RSSI: -78 [da:ee:aa:ff:01:9b]

RSSI: -61 [da:ee:aa:ff:00:7a]

RSSI: -77 [da:ee:aa:ff:01:ab]

RSSI: -61 [da:ee:aa:ff:00:7a]

RSSI: -77 [da:ee:aa:ff:01:cb]

RSSI: -84 [da:ee:aa:ff:15:2c]

RSSI: -77 [da:ee:aa:ff:01:cb]

RSSI: -83 [da:ee:aa:ff:15:2c]

RSSI: -77 [da:ee:aa:ff:01:cb]

RSSI: -77 [da:ee:aa:ff:01:cb]

RSSI: -77 [da:ee:aa:ff:01:cb]

RSSI: -67 [da:ee:aa:ff:00:ca]

RSSI: -85 [da:ee:aa:ff:15:6c]

RSSI: -77 [da:ee:aa:ff:02:1b]

RSSI: -78 [da:ee:aa:ff:02:1b]

RSSI: -78 [da:ee:aa:ff:02:1b]

RSSI: -62 [da:ee:aa:ff:00:fa]

RSSI: -78 [da:ee:aa:ff:02:1b]

RSSI: -62 [da:ee:aa:ff:00:fa]

RSSI: -78 [da:ee:aa:ff:02:5b]

RSSI: -78 [da:ee:aa:ff:02:5b]

RSSI: -63 [da:ee:aa:ff:01:1a]

RSSI: -78 [da:ee:aa:ff:02:5b]

RSSI: -63 [da:ee:aa:ff:01:1a]

RSSI: -78 [da:ee:aa:ff:02:5b]

RSSI: -78 [da:ee:aa:ff:02:5b]

RSSI: -74 [da:ee:aa:ff:02:6b]

RSSI: -68 [da:ee:aa:ff:01:4a]

RSSI: -74 [da:ee:aa:ff:02:6b]

RSSI: -75 [da:ee:aa:ff:02:6b]

RSSI: -59 [da:ee:aa:ff:01:4a]

RSSI: -61 [da:ee:aa:ff:01:6a]

RSSI: -61 [da:ee:aa:ff:01:6a]

RSSI: -78 [da:ee:aa:ff:02:9b]

RSSI: -66 [da:ee:aa:ff:01:9a]

RSSI: -66 [da:ee:aa:ff:01:9a]

RSSI: -66 [da:ee:aa:ff:01:9a]

RSSI: -77 [da:ee:aa:ff:02:db]

RSSI: -66 [da:ee:aa:ff:01:9a]

RSSI: -78 [da:ee:aa:ff:02:db]

RSSI: -66 [da:ee:aa:ff:01:9a]

RSSI: -82 [da:ee:aa:ff:16:5c]

RSSI: -67 [da:ee:aa:ff:01:ba]

RSSI: -75 [da:ee:aa:ff:02:eb]

RSSI: -68 [da:ee:aa:ff:01:ca]

RSSI: -75 [da:ee:aa:ff:02:eb]

RSSI: -68 [da:ee:aa:ff:01:ca]

RSSI: -78 [da:ee:aa:ff:03:1b]

RSSI: -78 [da:ee:aa:ff:03:1b]

RSSI: -62 [da:ee:aa:ff:01:da]

RSSI: -78 [da:ee:aa:ff:03:1b]

RSSI: -62 [da:ee:aa:ff:01:da]

RSSI: -78 [da:ee:aa:ff:03:1b]

RSSI: -85 [da:ee:aa:ff:00:0c]

RSSI: -62 [da:ee:aa:ff:01:da]

RSSI: -78 [da:ee:aa:ff:03:2b]

RSSI: -78 [da:ee:aa:ff:03:2b]

RSSI: -84 [da:ee:aa:ff:00:2c]

RSSI: -63 [da:ee:aa:ff:02:1a]

RSSI: -63 [da:ee:aa:ff:02:1a]

RSSI: -63 [da:ee:aa:ff:02:1a]

RSSI: -77 [da:ee:aa:ff:03:6b]

RSSI: -63 [da:ee:aa:ff:03:7b]

RSSI: -65 [da:ee:aa:ff:03:7b]

RSSI: -48 [da:ee:aa:ff:02:5a]

RSSI: -65 [da:ee:aa:ff:02:6a]

RSSI: -65 [da:ee:aa:ff:02:6a]

RSSI: -77 [da:ee:aa:ff:03:8b]

RSSI: -65 [da:ee:aa:ff:02:6a]

RSSI: -75 [da:ee:aa:ff:03:8b]

RSSI: -85 [da:ee:aa:ff:00:cc]

RSSI: -75 [da:ee:aa:ff:03:bb]

RSSI: -85 [da:ee:aa:ff:00:cc]

RSSI: -75 [da:ee:aa:ff:03:bb]

RSSI: -75 [da:ee:aa:ff:03:bb]

RSSI: -84 [da:ee:aa:ff:00:cc]

RSSI: -75 [da:ee:aa:ff:03:bb]

RSSI: -75 [da:ee:aa:ff:03:bb]

RSSI: -60 [da:ee:aa:ff:02:ca]

RSSI: -60 [da:ee:aa:ff:02:ca]

RSSI: -60 [da:ee:aa:ff:02:ea]

RSSI: -63 [da:ee:aa:ff:03:0a]

RSSI: -64 [da:ee:aa:ff:03:0a]

RSSI: -63 [da:ee:aa:ff:03:0a]

RSSI: -64 [da:ee:aa:ff:03:0a]

RSSI: -64 [da:ee:aa:ff:03:0a]

RSSI: -69 [da:ee:aa:ff:03:2a]

RSSI: -86 [da:ee:aa:ff:01:5c]

RSSI: -75 [da:ee:aa:ff:04:2b]

RSSI: -86 [da:ee:aa:ff:01:5c]

RSSI: -75 [da:ee:aa:ff:04:2b]

RSSI: -75 [da:ee:aa:ff:04:2b]

RSSI: -69 [da:ee:aa:ff:03:3a]

RSSI: -79 [da:ee:aa:ff:04:3b]

RSSI: -60 [da:ee:aa:ff:03:4a]

RSSI: -79 [da:ee:aa:ff:04:3b]

RSSI: -60 [da:ee:aa:ff:03:4a]

RSSI: -77 [da:ee:aa:ff:04:3b]

RSSI: -60 [da:ee:aa:ff:03:4a]

RSSI: -86 [da:ee:aa:ff:01:ac]

RSSI: -86 [da:ee:aa:ff:01:ac]

RSSI: -87 [da:ee:aa:ff:01:ac]

RSSI: -85 [da:ee:aa:ff:01:ac]

RSSI: -76 [da:ee:aa:ff:04:7b]

RSSI: -71 [da:ee:aa:ff:03:9a]

RSSI: -71 [da:ee:aa:ff:03:9a]

RSSI: -71 [da:ee:aa:ff:03:9a]

RSSI: -72 [da:ee:aa:ff:03:9a]

RSSI: -75 [da:ee:aa:ff:04:9b]

RSSI: -75 [da:ee:aa:ff:04:9b]

RSSI: -60 [da:ee:aa:ff:03:ca]

RSSI: -60 [da:ee:aa:ff:03:ca]

RSSI: -60 [da:ee:aa:ff:03:ca]

RSSI: -60 [da:ee:aa:ff:03:ca]

RSSI: -60 [da:ee:aa:ff:03:ca]

RSSI: -61 [da:ee:aa:ff:03:ea]

RSSI: -86 [da:ee:aa:ff:02:1c]

RSSI: -61 [da:ee:aa:ff:03:ea]

RSSI: -85 [da:ee:aa:ff:02:1c]

RSSI: -77 [da:ee:aa:ff:04:db]

RSSI: -86 [da:ee:aa:ff:02:1c]

RSSI: -77 [da:ee:aa:ff:04:db]

RSSI: -77 [da:ee:aa:ff:04:db]
