aa:ff:05:aa]

RSSI: -71 [da:ee:aa:ff:03:6b]

RSSI: -48 [da:ee:aa:ff:05:ba]

RSSI: -48 [da:ee:aa:ff:05:ba]

RSSI: -49 [da:ee:aa:ff:0c:9a]

RSSI: -49 [da:ee:aa:ff:0c:9a]

RSSI: -71 [da:ee:aa:ff:09:3b]

RSSI: -49 [da:ee:aa:ff:0c:9a]

RSSI: -47 [da:ee:aa:ff:0c:ba]

RSSI: -83 [da:ee:aa:ff:06:cc]

RSSI: -47 [da:ee:aa:ff:0c:ba]

RSSI: -83 [da:ee:aa:ff:06:cc]

RSSI: -69 [da:ee:aa:ff:09:7b]

RSSI: -47 [da:ee:aa:ff:0c:ba]

RSSI: -83 [da:ee:aa:ff:06:cc]

RSSI: -69 [da:ee:aa:ff:09:7b]

RSSI: -69 [da:ee:aa:ff:09:7b]

RSSI: -50 [da:ee:aa:ff:0c:da]

RSSI: -70 [da:ee:aa:ff:09:9b]

RSSI: -50 [da:ee:aa:ff:0c:da]

RSSI: -69 [da:ee:aa:ff:09:9b]

RSSI: -50 [da:ee:aa:ff:0c:da]

RSSI: -69 [da:ee:aa:ff:09:9b]

RSSI: -50 [da:ee:aa:ff:0c:da]

RSSI: -69 [da:ee:aa:ff:09:9b]

RSSI: -50 [da:ee:aa:ff:0c:da]

RSSI: -71 [da:ee:aa:ff:09:db]

RSSI: -71 [da:ee:aa:ff:09:db]

RSSI: -36 [da:ee:aa:ff:0c:fa]

RSSI: -72 [da:ee:aa:ff:09:db]

RSSI: -44 [da:ee:aa:ff:0c:fa]

RSSI: -72 [da:ee:aa:ff:09:db]

RSSI: -36 [da:ee:aa:ff:0c:fa]

RSSI: -84 [da:ee:aa:ff:07:2c]

RSSI: -48 [da:ee:aa:ff:0d:1a]

RSSI: -85 [da:ee:aa:ff:07:4c]

RSSI: -69 [da:ee:aa:ff:09:eb]

RSSI: -47 [da:ee:aa:ff:0d:1a]

RSSI: -85 [da:ee:aa:ff:07:4c]

RSSI: -69 [da:ee:aa:ff:09:eb]

RSSI: -47 [da:ee:aa:ff:0d:1a]

RSSI: -85 [da:ee:aa:ff:07:4c]

RSSI: -50 [da:ee:aa:ff:0d:3a]

RSSI: -68 [da:ee:aa:ff:0a:2b]

RSSI: -50 [da:ee:aa:ff:0d:3a]

RSSI: -52 [da:ee:aa:ff:0a:2b]

RSSI: -50 [da:ee:aa:ff:0d:3a]

RSSI: -64 [da:ee:aa:ff:0a:2b]

RSSI: -49 [da:ee:aa:ff:0d:3a]

RSSI: -69 [da:ee:aa:ff:0a:2b]

RSSI: -49 [da:ee:aa:ff:0d:3a]

RSSI: -52 [da:ee:aa:ff:0a:2b]

RSSI: -71 [da:ee:aa:ff:0a:3b]

RSSI: -85 [da:ee:aa:ff:07:8c]

RSSI: -49 [da:ee:aa:ff:0d:5a]

RSSI: -84 [da:ee:aa:ff:07:8c]

RSSI: -49 [da:ee:aa:ff:0d:5a]

RSSI: -71 [da:ee:aa:ff:0a:5b]

RSSI: -49 [da:ee:aa:ff:0d:5a]

RSSI: -69 [da:ee:aa:ff:0a:7b]

RSSI: -48 [da:ee:aa:ff:0d:7a]

RSSI: -69 [da:ee:aa:ff:0a:7b]

RSSI: -69 [da:ee:aa:ff:0a:7b]

RSSI: -48 [da:ee:aa:ff:0d:7a]

RSSI: -69 [da:ee:aa:ff:0a:7b]

RSSI: -78 [da:ee:aa:ff:07:bc]

RSSI: -69 [da:ee:aa:ff:0a:7b]

RSSI: -87 [da:ee:aa:ff:07:bc]

RSSI: -49 [da:ee:aa:ff:0d:9a]

RSSI: -69 [da:ee:aa:ff:0a:9b]

RSSI: -49 [da:ee:aa:ff:0d:9a]

RSSI: -49 [da:ee:aa:ff:0d:9a]

RSSI: -69 [da:ee:aa:ff:0a:bb]

RSSI: -75 [da:ee:aa:ff:0a:bb]

RSSI: -74 [da:ee:aa:ff:0a:bb]

RSSI: -71 [da:ee:aa:ff:0a:db]

RSSI: -50 [da:ee:aa:ff:0d:aa]

RSSI: -37 [da:ee:aa:ff:0d:ba]

RSSI: -71 [da:ee:aa:ff:0a:db]

RSSI: -85 [da:ee:aa:ff:08:2c]

RSSI: -48 [da:ee:aa:ff:0d:ca]

RSSI: -69 [da:ee:aa:ff:0b:0b]

RSSI: -84 [da:ee:aa:ff:08:2c]

RSSI: -48 [da:ee:aa:ff:0d:ca]

RSSI: -68 [da:ee:aa:ff:0b:0b]

RSSI: -84 [da:ee:aa:ff:08:2c]

RSSI: -84 [da:ee:aa:ff:08:2c]

RSSI: -49 [da:ee:aa:ff:0d:fa]

RSSI: -69 [da:ee:aa:ff:0b:2b]

RSSI: -50 [da:ee:aa:ff:0d:fa]

RSSI: -69 [da:ee:aa:ff:0b:2b]

RSSI: -49 [da:ee:aa:ff:0d:fa]

RSSI: -69 [da:ee:aa:ff:0b:2b]

RSSI: -85 [da:ee:aa:ff:08:5c]

RSSI: -50 [da:ee:aa:ff:0d:fa]

RSSI: -69 [da:ee:aa:ff:0b:2b]

RSSI: -49 [da:ee:aa:ff:0d:fa]

RSSI: -50 [da:ee:aa:ff:0e:0a]

RSSI: -72 [da:ee:aa:ff:0b:5b]

RSSI: -68 [da:ee:aa:ff:0b:5b]

RSSI: -50 [da:ee:aa:ff:0e:1a]

RSSI: -71 [da:ee:aa:ff:0b:5b]

RSSI: -50 [da:ee:aa:ff:0e:1a]

RSSI: -50 [da:ee:aa:ff:0e:1a]

RSSI: -48 [da:ee:aa:ff:0e:2a]

RSSI: -53 [da:ee:aa:ff:0b:7b]

RSSI: -48 [da:ee:aa:ff:0e:2a]

RSSI: -68 [da:ee:aa:ff:0b:7b]

RSSI: -48 [da:ee:aa:ff:0e:2a]

RSSI: -48 [da:ee:aa:ff:0e:2a]

RSSI: -49 [da:ee:aa:ff:0e:4a]

RSSI: -68 [da:ee:aa:ff:0b:9b]

RSSI: -80 [da:ee:aa:ff:0b:9b]

RSSI: -75 [da:ee:aa:ff:0b:9b]

RSSI: -49 [da:ee:aa:ff:0e:4a]

RSSI: -69 [da:ee:aa:ff:0b:9b]

RSSI: -49 [da:ee:aa:ff:0e:4a]

RSSI: -69 [da:ee:aa:ff:0b:9b]

RSSI: -72 [da:ee:aa:ff:0b:bb]

RSSI: -50 [da:ee:aa:ff:0e:5a]

RSSI: -72 [da:ee:aa:ff:0b:bb]

RSSI: -71 [da:ee:aa:ff:0b:bb]

RSSI: -50 [da:ee:aa:ff:0e:7a]

RSSI: -88 [da:ee:aa:ff:08:ec]

RSSI: -50 [da:ee:aa:ff:0e:7a]

RSSI: -50 [da:ee:aa:ff:0e:7a]

RSSI: -68 [da:ee:aa:ff:0b:eb]

RSSI: -70 [da:ee:aa:ff:0b:eb]

RSSI: -69 [da:ee:aa:ff:0b:eb]

RSSI: -69 [da:ee:aa:ff:0b:eb]

RSSI: -49 [da:ee:aa:ff:0e:aa]

RSSI: -68 [da:ee:aa:ff:0c:0b]

RSSI: -49 [da:ee:aa:ff:0e:aa]

RSSI: -49 [da:ee:aa:ff:0e:aa]

RSSI: -87 [da:ee:aa:ff:09:2c]

RSSI: -49 [da:ee:aa:ff:0e:aa]

RSSI: -68 [da:ee:aa:ff:0c:1b]

RSSI: -49 [da:ee:aa:ff:0e:aa]

RSSI: -68 [da:ee:aa:ff:0c:1b]

RSSI: -72 [da:ee:aa:ff:0c:3b]

RSSI: -50 [da:ee:aa:ff:0e:ba]

RSSI: -71 [da:ee:aa:ff:0c:3b]

RSSI: -72 [da:ee:aa:ff:0c:3b]

RSSI: -50 [da:ee:aa:ff:0e:ca]

RSSI: -71 [da:ee:aa:ff:0c:3b]

RSSI: -86 [da:ee:aa:ff:09:5c]

RSSI: -50 [da:ee:aa:ff:0e:ca]

RSSI: -71 [da:ee:aa:ff:0c:3b]

RSSI: -50 [da:ee:aa:ff:0e:ca]

RSSI: -48 [da:ee:aa:ff:0e:da]

RSSI: -48 [da:ee:aa:ff:0e:da]

RSSI: -68 [da:ee:aa:ff:0c:6b]

RSSI: -83 [da:ee:aa:ff:09:8c]

RSSI: -67 [da:ee:aa:ff:0c:6b]

RSSI: -49 [da:ee:aa:ff:0e:fa]

RSSI: -68 [da:ee:aa:ff:0c:8b]

RSSI: -49 [da:ee:aa:ff:0e:fa]

RSSI: -58 [da:ee:aa:ff:0c:8b]

RSSI: -49 [da:ee:aa:ff:0e:fa]

RSSI: -66 [da:ee:aa:ff:0c:8b]

RSSI: -49 [da:ee:aa:ff:0e:fa]

RSSI: -68 [da:ee:aa:ff:0c:8b]

RSSI: -49 [da:ee:aa:ff:0e:fa]

RSSI: -67 [da:ee:aa:ff:0c:8b]

RSSI: -49 [da:ee:aa:ff:0f:1a]

RSSI: -71 [da:ee:aa:ff:0c:bb]

RSSI: -82 [da:ee:aa:ff:0c:bb]

RSSI: -50 [da:ee:aa:ff:0f:2a]

RSSI: -48 [da:ee:aa:ff:0f:3a]

RSSI: -69 [da:ee:aa:ff:0c:db]

RSSI: -48 [da:ee:aa:ff:0f:3a]

RSSI: -85 [da:ee:aa:ff:09:ec]

RSSI: -68 [da:ee:aa:ff:0c:db]

RSSI: -36 [da:ee:aa:ff:0f:5a]

RSSI: -68 [da:ee:aa:ff:0d:0b]

RSSI: -36 [da:ee:aa:ff:0f:5a]

RSSI: -68 [da:ee:aa:ff:0d:0b]

RSSI: -46 [da:ee:aa:ff:0f:5a]

RSSI: -68 [da:ee:aa:ff:0d:0b]

RSSI: -68 [da:ee:aa:ff:0d:0b]

RSSI: -49 [da:ee:aa:ff:0f:5a]

RSSI: -68 [da:ee:aa:ff:0d:0b]

RSSI: -71 [da:ee:aa:ff:0d:2b]

RSSI: -50 [da:ee:aa:ff:0f:9a]

RSSI: -71 [da:ee:aa:ff:0d:2b]

RSSI: -50 [da:ee:aa:ff:0f:9a]

RSSI: -68 [da:ee:aa:ff:0d:5b]

RSSI: -48 [da:ee:aa:ff:0f:ba]

RSSI: -69 [da:ee:aa:ff:0d:5b]

RSSI: -48 [da:ee:aa:ff:0f:ba]

RSSI: -69 [da:ee:aa:ff:0d:5b]

RSSI: -48 [da:ee:aa:ff:0f:ba]

RSSI: -68 [da:ee:aa:ff:0d:5b]

RSSI: -50 [da:ee:aa:ff:0f:da]

RSSI: -68 [da:ee:aa:ff:0d:7b]

RSSI: -50 [da:ee:aa:ff:0f:da]

RSSI: -68 [da:ee:aa:ff:0d:7b]

RSSI: -50 [da:ee:aa:ff:0f:da]

RSSI: -83 [da:ee:aa:ff:0a:8c]

RSSI: -50 [da:ee:aa:ff:0f:da]

RSSI: -68 [da:ee:aa:ff:0d:9b]

RSSI: -83 [da:ee:aa:ff:0a:8c]

RSSI: -50 [da:ee:aa:ff:0f:da]

RSSI: -68 [da:ee:aa:ff:0d:9b]

RSSI: -54 [da:ee:aa:ff:0d:ab]

RSSI: -50 [da:ee:aa:ff:0f:ea]

RSSI: -68 [da:ee:aa:ff:0d:ab]

RSSI: -62 [da:ee:aa:ff:0d:ab]

RSSI: -50 [da:ee:aa:ff:0f:fa]

RSSI: -57 [da:ee:aa:ff:0d:ab]

RSSI: -50 [da:ee:aa:ff:0f:fa]

RSSI: -71 [da:ee:aa:ff:0d:ab]

RSSI: -48 [da:ee:aa:ff:10:1a]

RSSI: -47 [da:ee:aa:ff:10:1a]

RSSI: -47 [da:ee:aa:ff:10:1a]

RSSI: -87 [da:ee:aa:ff:0a:cc]

RSSI: -68 [da:ee:aa:ff:0d:eb]

RSSI: -86 [da:ee:aa:ff:0a:cc]

RSSI: -68 [da:ee:aa:ff:0d:eb]

RSSI: -69 [da:ee:aa:ff:0d:fb]

RSSI: -50 [da:ee:aa:ff:10:4a]

RSSI: -69 [da:ee:aa:ff:0d:fb]

RSSI: -69 [da:ee:aa:ff:0d:fb]

RSSI: -51 [da:ee:aa:ff:10:4a]

RSSI: -69 [da:ee:aa:ff:0d:fb]

RSSI: -42 [da:ee:aa:ff:10:4a]

RSSI: -69 [da:ee:aa:ff:0d:fb]

RSSI: -37 [da:ee:aa:ff:10:4a]

RSSI: -71 [da:ee:aa:ff:0e:1b]

RSSI: -50 [da:ee:aa:ff:10:6a]

RSSI: -71 [da:ee:aa:ff:0e:3b]

RSSI: -50 [da:ee:aa:ff:10:8a]

RSSI: -86 [da:ee:aa:ff:0b:2c]

RSSI: -71 [da:ee:aa:ff:0e:3b]

RSSI: -50 [da:ee:aa:ff:10:8a]

RSSI: -71 [da:ee:aa:ff:0e:3b]

RSSI: -50 [da:ee:aa:ff:10:8a]

RSSI: -86 [da:ee:aa:ff:0b:3c]

RSSI: -47 [da:ee:aa:ff:10:9a]

RSSI: -68 [da:ee:aa:ff:0e:5b]

RSSI: -47 [da:ee:aa:ff:10:9a]

RSSI: -68 [da:ee:aa:ff:0e:5b]

RSSI: -47 [da:ee:aa:ff:10:9a]

RSSI: -68 [da:ee:aa:ff:0e:5b]

RSSI: -47 [da:ee:aa:ff:10:9a]

RSSI: -69 [da:ee:aa:ff:0e:5b]

RSSI: -87 [da:ee:aa:ff:0b:4c]

RSSI: -50 [da:ee:aa:ff:10:ba]

RSSI: -69 [da:ee:aa:ff:0e:9b]

RSSI: -50 [da:ee:aa:ff:10:ba]

RSSI: -69 [da:ee:aa:ff:0e:9b]

RSSI: -50 [da:ee:aa:ff:10:ba]

RSSI: -69 [da:ee:aa:ff:0e:9b]

RSSI: -50 [da:ee:aa:ff:10:ba]

RSSI: -69 [da:ee:aa:ff:0e:9b]

RSSI: -50 [da:ee:aa:ff:10:ba]

RSSI: -71 [da:ee:aa:ff:0e:ab]

RSSI: -50 [da:ee:aa:ff:10:ca]

RSSI: -70 [da:ee:aa:ff:0e:ab]

RSSI: -60 [da:ee:aa:ff:0e:eb]

RSSI: -69 [da:ee:aa:ff:0f:0b]

RSSI: -87 [da:ee:aa:ff:0b:dc]

RSSI: -69 [da:ee:aa:ff:0f:0b]

RSSI: -69 [da:ee:aa:ff:0f:0b]

RSSI: -69 [da:ee:aa:ff:0f:2b]

RSSI: -87 [da:ee:aa:ff:0c:1c]

RSSI: -49 [da:ee:aa:ff:11:4a]

RSSI: -71 [da:ee:aa:ff:0f:4b]

RSSI: -71 [da:ee:aa:ff:0f:4b]

RSSI: -70 [da:ee:aa:ff:0f:4b]

RSSI: -70 [da:ee:aa:ff:0f:4b]

RSSI: -86 [da:ee:aa:ff:0c:1c]

RSSI: -48 [da:ee:aa:ff:11:5a]

RSSI: -47 [da:ee:aa:ff:11:6a]

RSSI: -68 [da:ee:aa:ff:0f:6b]

RSSI: -47 [da:ee:aa:ff:11:6a]

RSSI: -68 [da:ee:aa:ff:0f:6b]

RSSI: -85 [da:ee:aa:ff:0c:4c]

RSSI: -47 [da:ee:aa:ff:11:6a]

RSSI: -47 [da:ee:aa:ff:11:6a]

RSSI: -86 [da:ee:aa:ff:0c:4c]

RSSI: -68 [da:ee:aa:ff:0f:8b]

RSSI: -70 [da:ee:aa:ff:0f:ab]

RSSI: -49 [da:ee:aa:ff:11:8a]

RSSI: -69 [da:ee:aa:ff:0f:ab]

RSSI: -49 [da:ee:aa:ff:11:8a]

RSSI: -70 [da:ee:aa:ff:0f:ab]

RSSI: -50 [da:ee:aa:ff:11:8a]

RSSI: -69 [da:ee:aa:ff:0f:ab]

RSSI: -49 [da:ee:aa:ff:11:8a]

RSSI: -70 [da:ee:aa:ff:0f:ab]

RSSI: -50 [da:ee:aa:ff:11:8a]

RSSI: -71 [da:ee:aa:ff:0f:bb]

RSSI: -49 [da:ee:aa:ff:11:9a]

RSSI: -86 [da:ee:aa:ff:0c:8c]

RSSI: -71 [da:ee:aa:ff:0f:bb]

RSSI: -49 [da:ee:aa:ff:11:ba]

RSSI: -49 [da:ee:aa:ff:11:ba]

RSSI: -49 [da:ee:aa:ff:11:ba]

RSSI: -47 [da:ee:aa:ff:11:da]

RSSI: -47 [da:ee:aa:ff:11:da]

RSSI: -68 [da:ee:aa:ff:0f:fb]

RSSI: -50 [da:ee:aa:ff:12:1a]

RSSI: -50 [da:ee:aa:ff:12:1a]

RSSI: -50 [da:ee:aa:ff:12:1a]

RSSI: -50 [da:ee:aa:ff:12:1a]

RSSI: -52 [da:ee:aa:ff:10:3b]

RSSI: -50 [da:ee:aa:ff:12:1a]

RSSI: -51 [da:ee:aa:ff:10:3b]

RSSI: -83 [da:ee:aa:ff:0c:bc]

RSSI: -49 [da:ee:aa:ff:12:2a]

RSSI: -72 [da:ee:aa:ff:10:5b]

RSSI: -72 [da:ee:aa:ff:10:5b]

RSSI: -51 [da:ee:aa:ff:12:3a]

RSSI: -72 [da:ee:aa:ff:10:5b]

RSSI: -85 [da:ee:aa:ff:0d:0c]

RSSI: -47 [da:ee:aa:ff:12:4a]

RSSI: -68 [da:ee:aa:ff:10:9b]

RSSI: -86 [da:ee:aa:ff:0d:0c]

RSSI: -47 [da:ee:aa:ff:12:4a]

RSSI: -68 [da:ee:aa:ff:10:9b]

RSSI: -68 [da:ee:aa:ff:10:9b]

RSSI: -86 [da:ee:aa:ff:0d:1c]

RSSI: -50 [da:ee:aa:ff:12:7a]

RSSI: -86 [da:ee:aa:ff:0d:3c]

RSSI: -69 [da:ee:aa:ff:10:bb]

RSSI: -50 [da:ee:aa:ff:12:7a]

RSSI: -85 [da:ee:aa:ff:0d:3c]

RSSI: -69 [da:ee:aa:ff:10:bb]

RSSI: -50 [da:ee:aa:ff:12:7a]

RSSI: -69 [da:ee:aa:ff:10:bb]

RSSI: -50 [da:ee:aa:ff:12:7a]

RSSI: -50 [da:ee:aa:ff:12:8a]

RSSI: -72 [da:ee:aa:ff:10:eb]

RSSI: -50 [da:ee:aa:ff:12:aa]

RSSI: -71 [da:ee:aa:ff:10:eb]

RSSI: -50 [da:ee:aa:ff:12:aa]

RSSI: -50 [da:ee:aa:ff:12:aa]

RSSI: -48 [da:ee:aa:ff:12:ba]

RSSI: -68 [da:ee:aa:ff:11:0b]

RSSI: -48 [da:ee:aa:ff:12:ba]

RSSI: -68 [da:ee:aa:ff:11:0b]

RSSI: -85 [da:ee:aa:ff:0d:7c]

RSSI: -48 [da:ee:aa:ff:12:ba]

RSSI: -48 [da:ee:aa:ff:12:ba]

RSSI: -69 [da:ee:aa:ff:11:3b]

RSSI: -69 [da:ee:aa:ff:11:3b]

RSSI: -49 [da:ee:aa:ff:12:da]

RSSI: -70 [da:ee:aa:ff:11:3b]

RSSI: -50 [da:ee:aa:ff:12:da]

RSSI: -71 [da:ee:aa:ff:0d:bc]

RSSI: -69 [da:ee:aa:ff:11:3b]

RSSI: -49 [da:ee:aa:ff:12:da]

RSSI: -69 [da:ee:aa:ff:11:3b]

RSSI: -50 [da:ee:aa:ff:12:da]

RSSI: -50 [da:ee:aa:ff:12:ea]

RSSI: -55 [da:ee:aa:ff:11:5b]

RSSI: -50 [da:ee:aa:ff:12:fa]

RSSI: -72 [da:ee:aa:ff:11:5b]

RSSI: -50 [da:ee:aa:ff:12:fa]

RSSI: -50 [da:ee:aa:ff:12:fa]

RSSI: -69 [da:ee:aa:ff:11:9b]

RSSI: -69 [da:ee:aa:ff:11:9b]

RSSI: -48 [da:ee:aa:ff:13:0a]

RSSI: -69 [da:ee:aa:ff:11:9b]

RSSI: -36 [da:ee:aa:ff:13:0a]

RSSI: -69 [da:ee:aa:ff:11:9b]

RSSI: -43 [da:ee:aa:ff:13:0a]

RSSI: -69 [da:ee:aa:ff:11:9b]

RSSI: -86 [da:ee:aa:ff:0e:0c]

RSSI: -69 [da:ee:aa:ff:11:bb]

RSSI: -50 [da:ee:aa:ff:13:4a]

RSSI: -69 [da:ee:aa:ff:11:bb]

RSSI: -50 [da:ee:aa:ff:13:4a]

RSSI: -85 [da:ee:aa:ff:0e:3c]

RSSI: -50 [da:ee:aa:ff:13:4a]

RSSI: -72 [da:ee:aa:ff:11:eb]

RSSI: -50 [da:ee:aa:ff:13:5a]

RSSI: -72 [da:ee:aa:ff:11:eb]

RSSI: -50 [da:ee:aa:ff:13:5a]

RSSI: -73 [da:ee:aa:ff:11:eb]

RSSI: -50 [da:ee:aa:ff:13:6a]

RSSI: -72 [da:ee:aa:ff:11:eb]

RSSI: -88 [da:ee:aa:ff:0e:4c]

RSSI: -50 [da:ee:aa:ff:13:6a]

RSSI: -72 [da:ee:aa:ff:11:eb]

RSSI: -87 [da:ee:aa:ff:0e:4c]

RSSI: -69 [da:ee:aa:ff:12:0b]

RSSI: -48 [da:ee:aa:ff:13:7a]

RSSI: -69 [da:ee:aa:ff:12:0b]

RSSI: -48 [da:ee:aa:ff:13:7a]

RSSI: -48 [da:ee:aa:ff:13:7a]

RSSI: -48 [da:ee:aa:ff:13:7a]

RSSI: -88 [da:ee:aa:ff:0e:7c]

RSSI: -50 [da:ee:aa:ff:13:aa]

RSSI: -50 [da:ee:aa:ff:13:aa]

RSSI: -50 [da:ee:aa:ff:13:aa]

RSSI: -50 [da:ee:aa:ff:13:aa]

RSSI: -73 [da:ee:aa:ff:12:5b]

RSSI: -50 [da:ee:aa:ff:13:ba]

RSSI: -72 [da:ee:aa:ff:12:5b]

RSSI: -50 [da:ee:aa:ff:13:ba]

RSSI: -86 [da:ee:aa:ff:0e:dc]

RSSI: -50 [da:ee:aa:ff:13:da]

RSSI: -50 [da:ee:aa:ff:13:da]

RSSI: -52 [da:ee:aa:ff:12:8b]

RSSI: -48 [da:ee:aa:ff:13:ea]

RSSI: -88 [da:ee:aa:ff:0e:fc]

RSSI: -48 [da:ee:aa:ff:13:ea]

RSSI: -52 [da:ee:aa:ff:12:8b]

RSSI: -48 [da:ee:aa:ff:13:ea]

RSSI: -67 [da:ee:aa:ff:12:8b]

RSSI: -48 [da:ee:aa:ff:14:0a]

RSSI: -70 [da:ee:aa:ff:12:ab]

RSSI: -45 [da:ee:aa:ff:14:0a]

RSSI: -86 [da:ee:aa:ff:0f:3c]

RSSI: -37 [da:ee:aa:ff:14:0a]

RSSI: -50 [da:ee:aa:ff:14:0a]

RSSI: -86 [da:ee:aa:ff:0f:3c]

RSSI: -50 [da:ee:aa:ff:14:0a]

RSSI: -50 [da:ee:aa:ff:14:2a]

RSSI: -50 [da:ee:aa:ff:14:2a]

RSSI: -51 [da:ee:aa:ff:14:3a]

RSSI: -72 [da:ee:aa:ff:12:eb]

RSSI: -50 [da:ee:aa:ff:14:3a]

RSSI: -72 [da:ee:aa:ff:12:eb]

RSSI: -48 [da:ee:aa:ff:14:4a]

RSSI: -86 [da:ee:aa:ff:0f:7c]

RSSI: -48 [da:ee:aa:ff:14:4a]

RSSI: -48 [da:ee:aa:ff:14:4a]

RSSI: -69 [da:ee:aa:ff:13:1b]

RSSI: -86 [da:ee:aa:ff:0f:7c]

RSSI: -48 [da:ee:aa:ff:14:4a]

RSSI: -69 [da:ee:aa:ff:13:1b]

RSSI: -50 [da:ee:aa:ff:14:7a]

RSSI: -70 [da:ee:aa:ff:13:3b]

RSSI: -51 [da:ee:aa:ff:14:7a]

RSSI: -70 [da:ee:aa:ff:13:3b]

RSSI: -51 [da:ee:aa:ff:14:7a]

RSSI: -51 [da:ee:aa:ff:14:7a]

RSSI: -70 [da:ee:aa:ff:13:3b]

RSSI: -51 [da:ee:aa:ff:14:8a]

RSSI: -51 [da:ee:aa:ff:14:8a]

RSSI: -72 [da:ee:aa:ff:13:6b]

RSSI: -51 [da:ee:aa:ff:14:aa]

RSSI: -51 [da:ee:aa:ff:14:aa]

RSSI: -73 [da:ee:aa:ff:10:0c]

RSSI: -69 [da:ee:aa:ff:13:8b]

RSSI: -37 [da:ee:aa:ff:14:da]

RSSI: -43 [da:ee:aa:ff:14:da]

RSSI: -69 [da:ee:aa:ff:13:cb]

RSSI: -84 [da:ee:aa:ff:10:4c]

RSSI: -55 [da:ee:aa:ff:13:cb]

RSSI: -84 [da:ee:aa:ff:10:4c]

RSSI: -51 [da:ee:aa:ff:14:da]

RSSI: -51 [da:ee:aa:ff:13:cb]

RSSI: -51 [da:ee:aa:ff:14:ea]

RSSI: -72 [da:ee:aa:ff:13:eb]

RSSI: -51 [da:ee:aa:ff:14:ea]

RSSI: -51 [da:ee:aa:ff:14:fa]

RSSI: -51 [da:ee:aa:ff:14:fa]

RSSI: -48 [da:ee:aa:ff:15:0a]

RSSI: -48 [da:ee:aa:ff:15:0a]

RSSI: -48 [da:ee:aa:ff:15:0a]

RSSI: -70 [da:ee:aa:ff:14:2b]

RSSI: -48 [da:ee:aa:ff:15:0a]

RSSI: -70 [da:ee:aa:ff:14:2b]

RSSI: -48 [da:ee:aa:ff:15:0a]

RSSI: -69 [da:ee:aa:ff:14:2b]

RSSI: -68 [da:ee:aa:ff:14:4b]

RSSI: -49 [da:ee:aa:ff:15:3a]

RSSI: -68 [da:ee:aa:ff:14:4b]

RSSI: -50 [da:ee:aa:ff:15:3a]

RSSI: -85 [da:ee:aa:ff:10:9c]

RSSI: -68 [da:ee:aa:ff:14:4b]

RSSI: -49 [da:ee:aa:ff:15:3a]

RSSI: -68 [da:ee:aa:ff:14:4b]

RSSI: -50 [da:ee:aa:ff:15:3a]

RSSI: -72 [da:ee:aa:ff:14:8b]

RSSI: -51 [da:ee:aa:ff:15:5a]

RSSI: -72 [da:ee:aa:ff:14:8b]

RSSI: -51 [da:ee:aa:ff:15:5a]

RSSI: -71 [da:ee:aa:ff:14:8b]

RSSI: -87 [da:ee:aa:ff:10:dc]

RSSI: -72 [da:ee:aa:ff:14:8b]

RSSI: -51 [da:ee:aa:ff:15:7a]

RSSI: -72 [da:ee:aa:ff:14:8b]

RSSI: -69 [da:ee:aa:ff:14:ab]

RSSI: -69 [da:ee:aa:ff:14:ab]

RSSI: -48 [da:ee:aa:ff:15:9a]

RSSI: -69 [da:ee:aa:ff:14:ab]

RSSI: -48 [da:ee:aa:ff:15:9a]

RSSI: -69 [da:ee:aa:ff:14:ab]

RSSI: -48 [da:ee:aa:ff:15:9a]

RSSI: -48 [da:ee:aa:ff:15:9a]

RSSI: -72 [da:ee:aa:ff:11:2c]

RSSI: -69 [da:ee:aa:ff:14:db]

RSSI: -49 [da:ee:aa:ff:15:da]

RSSI: -68 [da:ee:aa:ff:14:db]

RSSI: -49 [da:ee:aa:ff:15:da]

RSSI: -68 [da:ee:aa:ff:14:db]

RSSI: -49 [da:ee:aa:ff:15:da]

RSSI: -68 [da:ee:aa:ff:14:db]

RSSI: -49 [da:ee:aa:ff:15:da]

RSSI: -72 [da:ee:aa:ff:14:eb]

RSSI: -73 [da:ee:aa:ff:14:eb]

RSSI: -87 [da:ee:aa:ff:11:5c]

RSSI: -72 [da:ee:aa:ff:14:eb]

RSSI: -51 [da:ee:aa:ff:15:ea]

RSSI: -56 [da:ee:aa:ff:15:0b]

RSSI: -49 [da:ee:aa:ff:16:2a]

RSSI: -61 [da:ee:aa:ff:15:2b]

RSSI: -49 [da:ee:aa:ff:16:2a]

RSSI: -52 [da:ee:aa:ff:15:2b]

RSSI: -49 [da:ee:aa:ff:16:2a]

RSSI: -69 [da:ee:aa:ff:15:2b]

RSSI: -49 [da:ee:aa:ff:16:2a]

RSSI: -64 [da:ee:aa:ff:15:2b]

RSSI: -49 [da:ee:aa:ff:16:2a]

RSSI: -69 [da:ee:aa:ff:15:4b]

RSSI: -86 [da:ee:aa:ff:11:ac]

RSSI: -49 [da:ee:aa:ff:16:5a]

RSSI: -49 [da:ee:aa:ff:16:5a]

RSSI: -87 [da:ee:aa:ff:11:ac]

RSSI: -69 [da:ee:aa:ff:15:6b]

RSSI: -49 [da:ee:aa:ff:16:5a]

RSSI: -69 [da:ee:aa:ff:15:6b]

RSSI: -49 [da:ee:aa:ff:16:5a]

RSSI: -72 [da:ee:aa:ff:15:7b]

RSSI: -51 [da:ee:aa:ff:16:6a]

RSSI: -51 [da:ee:aa:ff:16:6a]

RSSI: -73 [da:ee:aa:ff:15:7b]

RSSI: -51 [da:ee:aa:ff:16:6a]

RSSI: -72 [da:ee:aa:ff:15:7b]

RSSI: -51 [da:ee:aa:ff:16:6a]

RSSI: -72 [da:ee:aa:ff:15:7b]

RSSI: -69 [da:ee:aa:ff:15:9b]

RSSI: -49 [da:ee:aa:ff:00:1a]

RSSI: -69 [da:ee:aa:ff:15:9b]

RSSI: -49 [da:ee:aa:ff:00:1a]

RSSI: -49 [da:ee:aa:ff:00:1a]

RSSI: -69 [da:ee:aa:ff:15:bb]

RSSI: -49 [da:ee:aa:ff:00:1a]

RSSI: -69 [da:ee:aa:ff:15:bb]

RSSI: -49 [da:ee:aa:ff:00:1a]

RSSI: -69 [da:ee:aa:ff:15:cb]

RSSI: -49 [da:ee:aa:ff:00:3a]

RSSI: -69 [da:ee:aa:ff:15:cb]

RSSI: -69 [da:ee:aa:ff:15:cb]

RSSI: -49 [da:ee:aa:ff:00:4a]

RSSI: -69 [da:ee:aa:ff:15:cb]

RSSI: -49 [da:ee:aa:ff:00:4a]

RSSI: -70 [da:ee:aa:ff:15:cb]

RSSI: -51 [da:ee:aa:ff:00:6a]

RSSI: -51 [da:ee:aa:ff:00:6a]

RSSI: -51 [da:ee:aa:ff:00:6a]

RSSI: -73 [da:ee:aa:ff:16:0b]

RSSI: -52 [da:ee:aa:ff:00:6a]

RSSI: -73 [da:ee:aa:ff:16:0b]

RSSI: -91 [da:ee:aa:ff:12:5c]

RSSI: -69 [da:ee:aa:ff:16:2b]

RSSI: -70 [da:ee:aa:ff:16:2b]

RSSI: -37 [da:ee:aa:ff:00:9a]

RSSI: -91 [da:ee:aa:ff:12:5c]

RSSI: -69 [da:ee:aa:ff:16:2b]

RSSI: -91 [da:ee:aa:ff:12:5c]

RSSI: -69 [da:ee:aa:ff:16:2b]

RSSI: -44 [da:ee:aa:ff:00:9a]

RSSI: -50 [da:ee:aa:ff:00:ba]

RSSI: -69 [da:ee:aa:ff:16:6b]

RSSI: -57 [da:ee:aa:ff:16:6b]

RSSI: -50 [da:ee:aa:ff:00:da]

RSSI: -50 [da:ee:aa:ff:00:da]

RSSI: -52 [da:ee:aa:ff:16:6b]

RSSI: -73 [da:ee:aa:ff:16:7b]

RSSI: -52 [da:ee:aa:ff:00:ea]

RSSI: -73 [da:ee:aa:ff:16:7b]

RSSI: -52 [da:ee:aa:ff:00:ea]

RSSI: -73 [da:ee:aa:ff:16:7b]

RSSI: -52 [da:ee:aa:ff:00:ea]

RSSI: -73 [da:ee:aa:ff:16:7b]

RSSI: -52 [da:ee:aa:ff:00:ea]

RSSI: -89 [da:ee:aa:ff:12:ac]

RSSI: -73 [da:ee:aa:ff:16:7b]

RSSI: -52 [da:ee:aa:ff:00:ea]

RSSI: -49 [da:ee:aa:ff:01:1a]

RSSI: -69 [da:ee:aa:ff:00:3b]

RSSI: -49 [da:ee:aa:ff:01:1a]

RSSI: -69 [da:ee:aa:ff:00:3b]

RSSI: -49 [da:ee:aa:ff:01:1a]

RSSI: -69 [da:ee:aa:ff:00:3b]

RSSI: -49 [da:ee:aa:ff:01:1a]

RSSI: -91 [da:ee:aa:ff:12:ec]

RSSI: -69 [da:ee:aa:ff:00:5b]

RSSI: -85 [da:ee:aa:ff:12:fc]

RSSI: -71 [da:ee:aa:ff:00:5b]

RSSI: -50 [da:ee:aa:ff:01:3a]

RSSI: -70 [da:ee:aa:ff:00:5b]

RSSI: -70 [da:ee:aa:ff:00:5b]

RSSI: -50 [da:ee:aa:ff:01:5a]

RSSI: -52 [da:ee:aa:ff:01:6a]

RSSI: -74 [da:ee:aa:ff:00:9b]

RSSI: -52 [da:ee:aa:ff:01:6a]

RSSI: -73 [da:ee:aa:ff:00:9b]

RSSI: -52 [da:ee:aa:ff:01:6a]

RSSI: -74 [da:ee:aa:ff:00:9b]

RSSI: -52 [da:ee:aa:ff:01:6a]

RSSI: -73 [da:ee:aa:ff:00:9b]

RSSI: -52 [da:ee:aa:ff:01:6a]

RSSI: -87 [da:ee:aa:ff:13:3c]

RSSI: -69 [da:ee:aa:ff:00:bb]

RSSI: -69 [da:ee:aa:ff:00:bb]

RSSI: -37 [da:ee:aa:ff:01:9a]

RSSI: -69 [da:ee:aa:ff:00:fb]

RSSI: -86 [da:ee:aa:ff:13:7c]

RSSI: -70 [da:ee:aa:ff:00:fb]

RSSI: -86 [da:ee:aa:ff:13:7c]

RSSI: -73 [da:ee:aa:ff:00:fb]

RSSI: -85 [da:ee:aa:ff:13:7c]

RSSI: -69 [da:ee:aa:ff:00:fb]

RSSI: -86 [da:ee:aa:ff:13:7c]

RSSI: -69 [da:ee:aa:ff:00:fb]

RSSI: -86 [da:ee:aa:ff:13:7c]

RSSI: -52 [da:ee:aa:ff:01:da]

RSSI: -86 [da:ee:aa:ff:13:9c]

RSSI: -72 [da:ee:aa:ff:01:0b]

RSSI: -52 [da:ee:aa:ff:01:da]

RSSI: -73 [da:ee:aa:ff:01:0b]

RSSI: -52 [da:ee:aa:ff:01:da]

RSSI: -52 [da:ee:aa:ff:01:da]

RSSI: -73 [da:ee:aa:ff:01:2b]

RSSI: -69 [da:ee:aa:ff:01:4b]

RSSI: -69 [da:ee:aa:ff:01:4b]

RSSI: -70 [da:ee:aa:ff:01:4b]

RSSI: -50 [da:ee:aa:ff:02:0a]

RSSI: -70 [da:ee:aa:ff:01:4b]

RSSI: -50 [da:ee:aa:ff:02:0a]

RSSI: -49 [da:ee:aa:ff:02:0a]

RSSI: -70 [da:ee:aa:ff:01:5b]

RSSI: -50 [da:ee:aa:ff:02:1a]

RSSI: -68 [da:ee:aa:ff:01:5b]

RSSI: -50 [da:ee:aa:ff:02:1a]

RSSI: -69 [da:ee:aa:ff:01:7b]

RSSI: -75 [da:ee:aa:ff:01:9b]

RSSI: -52 [da:ee:aa:ff:02:5a]

RSSI: -87 [da:ee:aa:ff:14:0c]

RSSI: -74 [da:ee:aa:ff:01:9b]

RSSI: -52 [da:ee:aa:ff:02:5a]

RSSI: -74 [da:ee:aa:ff:01:9b]

RSSI: -52 [da:ee:aa:ff:02:5a]

RSSI: -73 [da:ee:aa:ff:01:9b]

RSSI: -75 [da:ee:aa:ff:01:9b]

RSSI: -86 [da:ee:aa:ff:14:1c]

RSSI: -70 [da:ee:aa:ff:01:bb]

RSSI: -51 [da:ee:aa:ff:02:7a]

RSSI: -51 [da:ee:aa:ff:02:8a]

RSSI: -70 [da:ee:aa:ff:01:db]

RSSI: -92 [da:ee:aa:ff:14:3c]

RSSI: -51 [da:ee:aa:ff:02:8a]

RSSI: -70 [da:ee:aa:ff:01:db]

RSSI: -69 [da:ee:aa:ff:01:fb]

RSSI: -45 [da:ee:aa:ff:02:9a]

RSSI: -37 [da:ee:aa:ff:02:9a]

RSSI: -50 [da:ee:aa:ff:02:9a]

RSSI: -73 [da:ee:aa:ff:02:0b]

RSSI: -51 [da:ee:aa:ff:02:ca]

RSSI: -74 [da:ee:aa:ff:02:2b]

RSSI: -52 [da:ee:aa:ff:02:ca]

RSSI: -51 [da:ee:aa:ff:02:da]

RSSI: -52 [da:ee:aa:ff:02:4b]

RSSI: -51 [da:ee:aa:ff:02:da]

RSSI: -70 [da:ee:aa:ff:02:4b]

RSSI: -62 [da:ee:aa:ff:02:4b]

RSSI: -54 [da:ee:aa:ff:02:4b]

RSSI: -51 [da:ee:aa:ff:02:ea]

RSSI: -53 [da:ee:aa:ff:02:4b]

RSSI: -69 [da:ee:aa:ff:02:5b]

RSSI: -49 [da:ee:aa:ff:02:fa]

RSSI: -49 [da:ee:aa:ff:02:fa]

RSSI: -69 [da:ee:aa:ff:02:7b]

RSSI: -49 [da:ee:aa:ff:02:fa]

RSSI: -69 [da:ee:aa:ff:02:7b]

RSSI: -85 [da:ee:aa:ff:14:ec]

RSSI: -49 [da:ee:aa:ff:02:fa]

RSSI: -69 [da:ee:aa:ff:02:7b]

RSSI: -86 [da:ee:aa:ff:14:ec]

RSSI: -49 [da:ee:aa:ff:02:fa]

RSSI: -72 [da:ee:aa:ff:02:9b]

RSSI: -51 [da:ee:aa:ff:03:2a]

RSSI: -72 [da:ee:aa:ff:02:9b]

RSSI: -52 [da:ee:aa:ff:03:2a]

RSSI: -73 [da:ee:aa:ff:02:9b]

RSSI: -52 [da:ee:aa:ff:03:2a]

RSSI: -73 [da:ee:aa:ff:02:9b]

RSSI: -51 [da:ee:aa:ff:03:2a]

RSSI: -73 [da:ee:aa:ff:02:9b]

RSSI: -50 [da:ee:aa:ff:03:3a]

RSSI: -50 [da:ee:aa:ff:03:3a]

RSSI: -69 [da:ee:aa:ff:02:cb]

RSSI: -69 [da:ee:aa:ff:02:cb]

RSSI: -49 [da:ee:aa:ff:03:5a]

RSSI: -69 [da:ee:aa:ff:02:eb]

RSSI: -49 [da:ee:aa:ff:03:5a]

RSSI: -69 [da:ee:aa:ff:02:eb]

RSSI: -85 [da:ee:aa:ff:15:4c]

RSSI: -49 [da:ee:aa:ff:03:5a]

RSSI: -69 [da:ee:aa:ff:02:eb]

RSSI: -84 [da:ee:aa:ff:15:4c]

RSSI: -49 [da:ee:aa:ff:03:5a]

RSSI: -69 [da:ee:aa:ff:02:eb]

RSSI: -49 [da:ee:aa:ff:03:5a]

RSSI: -51 [da:ee:aa:ff:03:7a]

RSSI: -76 [da:ee:aa:ff:15:8c]

RSSI: -71 [da:ee:aa:ff:03:1b]

RSSI: -37 [da:ee:aa:ff:03:8a]

RSSI: -69 [da:ee:aa:ff:03:3b]

RSSI: -49 [da:ee:aa:ff:03:9a]

RSSI: -69 [da:ee:aa:ff:03:3b]

RSSI: -49 [da:ee:aa:ff:03:9a]

RSSI: -69 [da:ee:aa:ff:03:3b]

RSSI: -50 [da:ee:aa:ff:03:9a]

RSSI: -69 [da:ee:aa:ff:03:3b]

RSSI: -49 [da:ee:aa:ff:03:9a]

RSSI: -48 [da:ee:aa:ff:03:ca]

RSSI: -52 [da:ee:aa:ff:03:ca]

RSSI: -84 [da:ee:aa:ff:15:dc]

RSSI: -51 [da:ee:aa:ff:03:ca]

RSSI: -85 [da:ee:aa:ff:15:dc]

RSSI: -73 [da:ee:aa:ff:03:8b]

RSSI: -51 [da:ee:aa:ff:03:da]

RSSI: -72 [da:ee:aa:ff:03:8b]

RSSI: -85 [da:ee:aa:ff:16:0c]

RSSI: -72 [da:ee:aa:ff:03:8b]

RSSI: -85 [da:ee:aa:ff:16:0c]

RSSI: -51 [da:ee:aa:ff:03:ea]

RSSI: -72 [da:ee:aa:ff:03:8b]

RSSI: -85 [da:ee:aa:ff:16:0c]

RSSI: -51 [da:ee:aa:ff:03:ea]

RSSI: -85 [da:ee:aa:ff:16:0c]

RSSI: -69 [da:ee:aa:ff:03:db]

RSSI: -49 [da:ee:aa:ff:04:2a]

RSSI: -69 [da:ee:aa:ff:03:db]

RSSI: -49 [da:ee:aa:ff:04:2a]

RSSI: -69 [da:ee:aa:ff:03:db]

RSSI: -49 [da:ee:aa:ff:04:3a]

RSSI: -83 [da:ee:aa:ff:16:6c]

RSSI: -49 [da:ee:aa:ff:04:3a]

RSSI: -51 [da:ee:aa:ff:04:4a]

RSSI: -51 [da:ee:aa:ff:04:4a]

RSSI: -72 [da:ee:aa:ff:04:1b]

RSSI: -51 [da:ee:aa:ff:04:4a]

RSSI: -73 [da:ee:aa:ff:04:1b]

RSSI: -51 [da:ee:aa:ff:04:4a]

RSSI: -78 [da:ee:aa:ff:00:1c]

RSSI: -72 [da:ee:aa:ff:04:1b]

RSSI: -69 [da:ee:aa:ff:04:3b]

RSSI: -70 [da:ee:aa:ff:04:3b]

RSSI: -50 [da:ee:aa:ff:04:8a]

RSSI: -69 [da:ee:aa:ff:04:5b]

RSSI: -50 [da:ee:aa:ff:04:8a]

RSSI: -69 [da:ee:aa:ff:04:5b]

RSSI: -50 [da:ee:aa:ff:04:8a]

RSSI: -69 [da:ee:aa:ff:04:5b]

RSSI: -50 [da:ee:aa:ff:04:aa]

RSSI: -83 [da:ee:aa:ff:00:6c]

RSSI: -82 [da:ee:aa:ff:00:8c]

RSSI: -51 [da:ee:aa:ff:04:ba]

RSSI: -51 [da:ee:aa:ff:04:ba]

RSSI: -51 [da:ee:aa:ff:04:ba]

RSSI: -83 [da:ee:aa:ff:00:8c]

RSSI: -51 [da:ee:aa:ff:04:ba]

RSSI: -51 [da:ee:aa:ff:04:ba]

RSSI: -51 [da:ee:aa:ff:04:ab]

RSSI: -91 [da:ee:aa:ff:00:ac]

RSSI: -90 [da:ee:aa:ff:00:ac]

RSSI: -51 [da:ee:aa:ff:04:ea]

RSSI: -83 [da:ee:aa:ff:00:cc]

RSSI: -51 [da:ee:aa:ff:04:ea]

RSSI: -51 [da:ee:aa:ff:04:ea]

RSSI: -83 [da:ee:aa:ff:00:ec]

RSSI: -70 [da:ee:aa:ff:04:db]

RSSI: -83 [da:ee:aa:ff:00:ec]

RSSI: -51 [da:ee:aa:ff:05:1a]

RSSI: -83 [da:ee:aa:ff:00:fc]

RSSI: -90 [da:ee:aa:ff:00:fc]

RSSI: -77 [da:ee:aa:ff:01:3c]

RSSI: -69 [da:ee:aa:ff:05:2b]

RSSI: -71 [da:ee:aa:ff:05:4b]

RSSI: -71 [da:ee:aa:ff:05:4b]

RSSI: -51 [da:ee:aa:ff:05:7a]

RSSI: -71 [da:ee:aa:ff:05:4b]

RSSI: -88 [da:ee:aa:ff:01:4c]

RSSI: -70 [da:ee:aa:ff:05:4b]

RSSI: -73 [da:ee:aa:ff:05:6b]

RSSI: -51 [da:ee:aa:ff:05:9a]

RSSI: -83 [da:ee:aa:ff:01:8c]

RSSI: -51 [da:ee:aa:ff:05:9a]

RSSI: -83 [da:ee:aa:ff:01:8c]

RSSI: -73 [da:ee:aa:ff:05:7b]

RSSI: -51 [da:ee:aa:ff:05:9a]

RSSI: -83 [da:ee:aa:ff:01:8c]

RSSI: -73 [da:ee:aa:ff:05:7b]

RSSI: -51 [da:ee:aa:ff:05:9a]

RSSI: -83 [da:ee:aa:ff:01:8c]

RSSI: -68 [da:ee:aa:ff:05:9b]

RSSI: -48 [da:ee:aa:ff:05:ba]

RSSI: -68 [da:ee:aa:ff:05:9b]

RSSI: -48 [da:ee:aa:ff:05:ba]

RSSI: -68 [da:ee:aa:ff:05:9b]

RSSI: -68 [da:ee:aa:ff:05:9b]

RSSI: -48 [da:ee:aa:ff:05:da]

RSSI: -68 [da:ee:aa:ff:05:9b]

RSSI: -48 [da:ee:aa:ff:05:da]

RSSI: -51 [da:ee:aa:ff:05:ea]

RSSI: -51 [da:ee:aa:ff:05:ea]

RSSI: -51 [da:ee:aa:ff:05:ea]

RSSI: -52 [da:ee:aa:ff:05:cb]

RSSI: -51 [da:ee:aa:ff:05:ea]

RSSI: -53 [da:ee:aa:ff:05:cb]

RSSI: -51 [da:ee:aa:ff:05:ea]

RSSI: -72 [da:ee:aa:ff:05:eb]

RSSI: -51 [da:ee:aa:ff:06:1a]

RSSI: -72 [da:ee:aa:ff:05:eb]

RSSI: -51 [da:ee:aa:ff:06:1a]

RSSI: -82 [da:ee:aa:ff:01:fc]

RSSI: -72 [da:ee:aa:ff:05:eb]

RSSI: -51 [da:ee:aa:ff:06:1a]

RSSI: -83 [da:ee:aa:ff:01:fc]

RSSI: -72 [da:ee:aa:ff:05:eb]

RSSI: -51 [da:ee:aa:ff:06:1a]

RSSI: -83 [da:ee:aa:ff:01:fc]

RSSI: -72 [da:ee:aa:ff:05:eb]

RSSI: -48 [da:ee:aa:ff:06:2a]

RSSI: -48 [da:ee:aa:ff:06:2a]

RSSI: -89 [da:ee:aa:ff:02:1c]

RSSI: -68 [da:ee:aa:ff:06:1b]

RSSI: -68 [da:ee:aa:ff:06:1b]

RSSI: -48 [da:ee:aa:ff:06:3a]

RSSI: -45 [da:ee:aa:ff:06:5a]

RSSI: -70 [da:ee:aa:ff:06:3b]

RSSI: -71 [da:ee:aa:ff:06:3b]

RSSI: -37 [da:ee:aa:ff:06:5a]

RSSI: -70 [da:ee:aa:ff:06:3b]

RSSI: -37 [da:ee:aa:ff:06:5a]

RSSI: -70 [da:ee:aa:ff:06:3b]

RSSI: -74 [da:ee:aa:ff:02:3c]

RSSI: -51 [da:ee:aa:ff:06:6a]

RSSI: -68 [da:ee:aa:ff:06:8b]

RSSI: -48 [da:ee:aa:ff:06:8a]

RSSI: -89 [da:ee:aa:ff:02:7c]

RSSI: -68 [da:ee:aa:ff:06:8b]

RSSI: -48 [da:ee:aa:ff:06:8a]

RSSI: -68 [da:ee:aa:ff:06:8b]

RSSI: -48 [da:ee:aa:ff:06:8a]

RSSI: -89 [da:ee:aa:ff:02:7c]

RSSI: -68 [da:ee:aa:ff:06:8b]

RSSI: -68 [da:ee:aa:ff:06:8b]

RSSI: -50 [da:ee:aa:ff:06:ba]

RSSI: -70 [da:ee:aa:ff:06:bb]

RSSI: -73 [da:ee:aa:ff:06:bb]

RSSI: -50 [da:ee:aa:ff:06:ba]

RSSI: -70 [da:ee:aa:ff:06:bb]

RSSI: -60 [da:ee:aa:ff:06:db]

RSSI: -52 [da:ee:aa:ff:06:ca]

RSSI: -84 [da:ee:aa:ff:02:cc]

RSSI: -84 [da:ee:aa:ff:02:cc]

RSSI: -69 [da:ee:aa:ff:06:db]

RSSI: -52 [da:ee:aa:ff:06:da]

RSSI: -56 [da:ee:aa:ff:06:db]

RSSI: -52 [da:ee:aa:ff:06:da]

RSSI: -48 [da:ee:aa:ff:06:ea]

RSSI: -67 [da:ee:aa:ff:07:0b]

RSSI: -48 [da:ee:aa:ff:06:ea]

RSSI: -91 [da:ee:aa:ff:02:fc]

RSSI: -68 [da:ee:aa:ff:07:0b]

RSSI: -48 [da:ee:aa:ff:06:ea]

RSSI: -89 [da:ee:aa:ff:02:fc]

RSSI: -68 [da:ee:aa:ff:07:0b]

RSSI: -48 [da:ee:aa:ff:06:ea]

RSSI: -68 [da:ee:aa:ff:07:0b]

RSSI: -48 [da:ee:aa:ff:06:ea]

RSSI: -49 [da:ee:aa:ff:07:1a]

RSSI: -69 [da:ee:aa:ff:07:2b]

RSSI: -49 [da:ee:aa:ff:07:1a]

RSSI: -69 [da:ee:aa:ff:07:2b]

RSSI: -50 [da:ee:aa:ff:07:1a]

RSSI: -69 [da:ee:aa:ff:07:2b]

RSSI: -50 [da:ee:aa:ff:07:1a]

RSSI: -49 [da:ee:aa:ff:07:1a]

RSSI: -69 [da:ee:aa:ff:07:4b]

RSSI: -52 [da:ee:aa:ff:07:3a]

RSSI: -52 [da:ee:aa:ff:07:4a]

RSSI: -48 [da:ee:aa:ff:07:5a]

RSSI: -90 [da:ee:aa:ff:03:6c]

RSSI: -68 [da:ee:aa:ff:07:7b]

RSSI: -48 [da:ee:aa:ff:07:5a]

RSSI: -68 [da:ee:aa:ff:07:7b]

RSSI: -48 [da:ee:aa:ff:07:5a]

RSSI: -68 [da:ee:aa:ff:07:7b]

RSSI: -91 [da:ee:aa:ff:03:8c]

RSSI: -48 [da:ee:aa:ff:07:5a]

RSSI: -48 [da:ee:aa:ff:07:5a]

RSSI: -68 [da:ee:aa:ff:07:9b]

RSSI: -69 [da:ee:aa:ff:07:bb]

RSSI: -50 [da:ee:aa:ff:07:8a]

RSSI: -83 [da:ee:aa:ff:03:9c]

RSSI: -69 [da:ee:aa:ff:07:bb]

RSSI: -50 [da:ee:aa:ff:07:8a]

RSSI: -69 [da:ee:aa:ff:07:bb]

RSSI: -50 [da:ee:aa:ff:07:8a]

RSSI: -68 [da:ee:aa:ff:07:bb]

RSSI: -49 [da:ee:aa:ff:07:8a]

RSSI: -69 [da:ee:aa:ff:07:bb]

RSSI: -52 [da:ee:aa:ff:07:9a]

RSSI: -73 [da:ee:aa:ff:07:db]

RSSI: -52 [da:ee:aa:ff:07:9a]

RSSI: -73 [da:ee:aa:ff:07:db]

RSSI: -52 [da:ee:aa:ff:07:9a]

RSSI: -84 [da:ee:aa:ff:03:dc]

RSSI: -72 [da:ee:aa:ff:07:fb]

RSSI: -52 [da:ee:aa:ff:07:aa]

RSSI: -48 [da:ee:aa:ff:07:ba]

RSSI: -54 [da:ee:aa:ff:08:0b]

RSSI: -48 [da:ee:aa:ff:07:ba]

RSSI: -66 [da:ee:aa:ff:08:0b]

RSSI: -48 [da:ee:aa:ff:07:ba]

RSSI: -68 [da:ee:aa:ff:08:0b]

RSSI: -48 [da:ee:aa:ff:07:ba]

RSSI: -50 [da:ee:aa:ff:08:0b]

RSSI: -47 [da:ee:aa:ff:07:ba]

RSSI: -67 [da:ee:aa:ff:08:0b]

RSSI: -69 [da:ee:aa:ff:08:2b]

RSSI: -70 [da:ee:aa:ff:08:2b]

RSSI: -50 [da:ee:aa:ff:07:ea]

RSSI: -84 [da:ee:aa:ff:04:2c]

RSSI: -50 [da:ee:aa:ff:07:ea]

RSSI: -83 [da:ee:aa:ff:04:2c]

RSSI: -50 [da:ee:aa:ff:07:ea]

RSSI: -50 [da:ee:aa:ff:07:ea]

RSSI: -82 [da:ee:aa:ff:04:3c]

RSSI: -52 [da:ee:aa:ff:07:fa]

RSSI: -73 [da:ee:aa:ff:08:6b]

RSSI: -52 [da:ee:aa:ff:07:fa]

RSSI: -72 [da:ee:aa:ff:08:6b]

RSSI: -52 [da:ee:aa:ff:07:fa]

RSSI: -72 [da:ee:aa:ff:08:6b]

RSSI: -67 [da:ee:aa:ff:08:8b]

RSSI: -44 [da:ee:aa:ff:08:2a]

RSSI: -67 [da:ee:aa:ff:08:8b]

RSSI: -74 [da:ee:aa:ff:04:7c]

RSSI: -69 [da:ee:aa:ff:08:ab]

RSSI: -69 [da:ee:aa:ff:08:cb]

RSSI: -51 [da:ee:aa:ff:08:3a]

RSSI: -69 [da:ee:aa:ff:08:cb]

RSSI: -83 [da:ee:aa:ff:04:ac]

RSSI: -69 [da:ee:aa:ff:08:cb]

RSSI: -51 [da:ee:aa:ff:08:5a]

RSSI: -82 [da:ee:aa:ff:04:ac]

RSSI: -69 [da:ee:aa:ff:08:cb]

RSSI: -51 [da:ee:aa:ff:08:5a]

RSSI: -69 [da:ee:aa:ff:08:cb]

RSSI: -51 [da:ee:aa:ff:08:5a]

RSSI: -52 [da:ee:aa:ff:08:7a]

RSSI: -73 [da:ee:aa:ff:08:eb]

RSSI: -52 [da:ee:aa:ff:08:7a]

RSSI: -83 [da:ee:aa:ff:04:cc]

RSSI: -52 [da:ee:aa:ff:08:7a]

RSSI: -73 [da:ee:aa:ff:09:0b]

RSSI: -52 [da:ee:aa:ff:08:7a]

RSSI: -73 [da:ee:aa:ff:09:0b]

RSSI: -52 [da:ee:aa:ff:08:7a]

RSSI: -73 [da:ee:aa:ff:09:0b]

RSSI: -67 [da:ee:aa:ff:09:1b]

RSSI: -48 [da:ee:aa:ff:08:9a]

RSSI: -67 [da:ee:aa:ff:09:1b]

RSSI: -89 [da:ee:aa:ff:04:ec]

RSSI: -48 [da:ee:aa:ff:08:9a]

RSSI: -67 [da:ee:aa:ff:09:1b]

RSSI: -48 [da:ee:aa:ff:08:9a]

RSSI: -67 [da:ee:aa:ff:09:1b]

RSSI: -48 [da:ee:aa:ff:08:9a]

RSSI: -67 [da:ee:aa:ff:09:1b]

RSSI: -51 [da:ee:aa:ff:08:aa]

RSSI: -51 [da:ee:aa:ff:08:aa]

RSSI: -68 [da:ee:aa:ff:09:5b]

RSSI: -50 [da:ee:aa:ff:08:ca]

RSSI: -66 [da:ee:aa:ff:09:5b]

RSSI: -53 [da:ee:aa:ff:08:ea]

RSSI: -57 [da:ee:aa:ff:09:6b]

RSSI: -82 [da:ee:aa:ff:05:3c]

RSSI: -53 [da:ee:aa:ff:08:ea]

RSSI: -83 [da:ee:aa:ff:05:3c]

RSSI: -53 [da:ee:aa:ff:08:ea]

RSSI: -74 [da:ee:aa:ff:09:6b]

RSSI: -82 [da:ee:aa:ff:05:3c]

RSSI: -53 [da:ee:aa:ff:08:ea]

RSSI: -74 [da:ee:aa:ff:09:6b]

RSSI: -82 [da:ee:aa:ff:05:3c]

RSSI: -53 [da:ee:aa:ff:08:ea]

RSSI: -74 [da:ee:aa:ff:09:6b]

RSSI: -83 [da:ee:aa:ff:05:3c]

RSSI: -68 [da:ee:aa:ff:09:ab]

RSSI: -91 [da:ee:aa:ff:05:5c]

RSSI: -67 [da:ee:aa:ff:09:ab]

RSSI: -51 [da:ee:aa:ff:09:2a]

RSSI: -51 [da:ee:aa:ff:09:2a]

RSSI: -51 [da:ee:aa:ff:09:2a]

RSSI: -51 [da:ee:aa:ff:09:4a]

RSSI: -53 [da:ee:aa:ff:09:5a]

RSSI: -74 [da:ee:aa:ff:0a:0b]

RSSI: -53 [da:ee:aa:ff:09:5a]

RSSI: -74 [da:ee:aa:ff:0a:0b]

RSSI: -53 [da:ee:aa:ff:09:5a]

RSSI: -74 [da:ee:aa:ff:0a:0b]

RSSI: -91 [da:ee:aa:ff:05:ac]

RSSI: -67 [da:ee:aa:ff:0a:1b]

RSSI: -88 [da:ee:aa:ff:05:ac]

RSSI: -67 [da:ee:aa:ff:0a:1b]

RSSI: -49 [da:ee:aa:ff:09:9a]

RSSI: -67 [da:ee:aa:ff:0a:1b]

RSSI: -49 [da:ee:aa:ff:09:9a]

RSSI: -52 [da:ee:aa:ff:09:aa]

RSSI: -70 [da:ee:aa:ff:0a:5b]

RSSI: -51 [da:ee:aa:ff:09:aa]

RSSI: -70 [da:ee:aa:ff:0a:5b]

RSSI: -52 [da:ee:aa:ff:09:aa]

RSSI: -70 [da:ee:aa:ff:0a:5b]

RSSI: -52 [da:ee:aa:ff:09:aa]

RSSI: -70 [da:ee:aa:ff:0a:5b]

RSSI: -70 [da:ee:aa:ff:0a:5b]

RSSI: -75 [da:ee:aa:ff:0a:6b]

RSSI: -53 [da:ee:aa:ff:09:ea]

RSSI: -74 [da:ee:aa:ff:0a:6b]

RSSI: -53 [da:ee:aa:ff:09:ea]

RSSI: -74 [da:ee:aa:ff:0a:6b]

RSSI: -53 [da:ee:aa:ff:09:ea]

RSSI: -74 [da:ee:aa:ff:0a:6b]

RSSI: -53 [da:ee:aa:ff:09:ea]

RSSI: -53 [da:ee:aa:ff:09:ea]

RSSI: -49 [da:ee:aa:ff:09:fa]

RSSI: -49 [da:ee:aa:ff:0a:ab]

RSSI: -86 [da:ee:aa:ff:06:1c]

RSSI: -50 [da:ee:aa:ff:0a:ab]

RSSI: -71 [da:ee:aa:ff:0a:bb]

RSSI: -70 [da:ee:aa:ff:0a:bb]

RSSI: -78 [da:ee:aa:ff:06:6c]

RSSI: -82 [da:ee:aa:ff:06:6c]

RSSI: -82 [da:ee:aa:ff:06:6c]

RSSI: -52 [da:ee:aa:ff:0a:5a]

RSSI: -90 [da:ee:aa:ff:06:ac]

RSSI: -48 [da:ee:aa:ff:0a:6a]

RSSI: -67 [da:ee:aa:ff:0b:0b]

RSSI: -91 [da:ee:aa:ff:06:ac]

RSSI: -48 [da:ee:aa:ff:0a:6a]

RSSI: -67 [da:ee:aa:ff:0b:0b]

RSSI: -48 [da:ee:aa:ff:0a:6a]

RSSI: -90 [da:ee:aa:ff:06:ac]

RSSI: -70 [da:ee:aa:ff:0b:4b]

RSSI: -51 [da:ee:aa:ff:0a:8a]

RSSI: -70 [da:ee:aa:ff:0b:4b]

RSSI: -51 [da:ee:aa:ff:0a:8a]

RSSI: -70 [da:ee:aa:ff:0b:4b]

RSSI: -51 [da:ee:aa:ff:0a:8a]

RSSI: -84 [da:ee:aa:ff:06:cc]

RSSI: -71 [da:ee:aa:ff:0b:4b]

RSSI: -51 [da:ee:aa:ff:0a:8a]

RSSI: -71 [da:ee:aa:ff:0b:4b]

RSSI: -51 [da:ee:aa:ff:0a:8a]

RSSI: -75 [da:ee:aa:ff:0b:6b]

RSSI: -80 [da:ee:aa:ff:06:ec]

RSSI: -52 [da:ee:aa:ff:0a:ba]

RSSI: -75 [da:ee:aa:ff:0b:6b]

RSSI: -82 [da:ee:aa:ff:06:ec]

RSSI: -52 [da:ee:aa:ff:0a:ba]

RSSI: -82 [da:ee:aa:ff:06:ec]

RSSI: -67 [da:ee:aa:ff:0b:ab]

RSSI: -75 [da:ee:aa:ff:0b:ab]

RSSI: -48 [da:ee:aa:ff:0a:ca]

RSSI: -66 [da:ee:aa:ff:0b:ab]

RSSI: -66 [da:ee:aa:ff:0b:ab]

RSSI: -62 [da:ee:aa:ff:0b:bb]

RSSI: -51 [da:ee:aa:ff:0a:ea]

RSSI: -65 [da:ee:aa:ff:0b:bb]

RSSI: -51 [da:ee:aa:ff:0a:ea]

RSSI: -70 [da:ee:aa:ff:0b:db]

RSSI: -51 [da:ee:aa:ff:0a:ea]

RSSI: -74 [da:ee:aa:ff:0b:fb]

RSSI: -52 [da:ee:aa:ff:0b:0a]

RSSI: -74 [da:ee:aa:ff:0b:fb]

RSSI: -52 [da:ee:aa:ff:0b:1a]

RSSI: -74 [da:ee:aa:ff:0b:fb]

RSSI: -82 [da:ee:aa:ff:07:5c]

RSSI: -74 [da:ee:aa:ff:0b:fb]

RSSI: -81 [da:ee:aa:ff:07:5c]

RSSI: -74 [da:ee:aa:ff:0b:fb]

RSSI: -48 [da:ee:aa:ff:0b:2a]

RSSI: -66 [da:ee:aa:ff:0c:0b]

RSSI: -48 [da:ee:aa:ff:0b:2a]

RSSI: -48 [da:ee:aa:ff:0b:2a]

RSSI: -66 [da:ee:aa:ff:0c:2b]

RSSI: -48 [da:ee:aa:ff:0b:2a]

RSSI: -66 [da:ee:aa:ff:0c:2b]

RSSI: -51 [da:ee:aa:ff:0b:5a]

RSSI: -51 [da:ee:aa:ff:0b:5a]

RSSI: -51 [da:ee:aa:ff:0b:5a]

RSSI: -51 [da:ee:aa:ff:0b:5a]

RSSI: -51 [da:ee:aa:ff:0b:5a]

RSSI: -51 [da:ee:aa:ff:0b:6a]

RSSI: -51 [da:ee:aa:ff:0b:6a]

RSSI: -74 [da:ee:aa:ff:0c:6b]

RSSI: -74 [da:ee:aa:ff:0c:6b]

RSSI: -51 [da:ee:aa:ff:0b:8a]

RSSI: -74 [da:ee:aa:ff:0c:6b]

RSSI: -48 [da:ee:aa:ff:0b:aa]

RSSI: -48 [da:ee:aa:ff:0b:aa]

RSSI: -48 [da:ee:aa:ff:0b:aa]

RSSI: -94 [da:ee:aa:ff:07:fc]

RSSI: -48 [da:ee:aa:ff:0b:aa]

RSSI: -48 [da:ee:aa:ff:0b:aa]

RSSI: -71 [da:ee:aa:ff:0c:9b]

RSSI: -71 [da:ee:aa:ff:0c:9b]

RSSI: -52 [da:ee:aa:ff:0b:ca]

RSSI: -88 [da:ee:aa:ff:08:2c]

RSSI: -71 [da:ee:aa:ff:0c:9b]

RSSI: -51 [da:ee:aa:ff:0b:ea]

RSSI: -81 [da:ee:aa:ff:08:4c]

RSSI: -58 [da:ee:aa:ff:0c:eb]

RSSI: -51 [da:ee:aa:ff:0b:ea]

RSSI: -58 [da:ee:aa:ff:0c:eb]

RSSI: -51 [da:ee:aa:ff:0b:ea]

RSSI: -71 [da:ee:aa:ff:0c:eb]

RSSI: -82 [da:ee:aa:ff:08:5c]

RSSI: -38 [da:ee:aa:ff:0c:0a]

RSSI: -65 [da:ee:aa:ff:0c:fb]

RSSI: -66 [da:ee:aa:ff:0c:fb]

RSSI: -41 [da:ee:aa:ff:0c:1a]

RSSI: -66 [da:ee:aa:ff:0c:fb]

RSSI: -48 [da:ee:aa:ff:0c:1a]

RSSI: -70 [da:ee:aa:ff:0d:3b]

RSSI: -70 [da:ee:aa:ff:0d:3b]

RSSI: -52 [da:ee:aa:ff:0c:4a]

RSSI: -52 [da:ee:aa:ff:0c:4a]

RSSI: -52 [da:ee:aa:ff:0c:4a]

RSSI: -70 [da:ee:aa:ff:0d:3b]

RSSI: -52 [da:ee:aa:ff:0c:4a]

RSSI: -51 [da:ee:aa:ff:0c:5a]

RSSI: -51 [da:ee:aa:ff:0c:5a]

RSSI: -51 [da:ee:aa:ff:0c:5a]

RSSI: -51 [da:ee:aa:ff:0c:5a]

RSSI: -75 [da:ee:aa:ff:0d:6b]

RSSI: -47 [da:ee:aa:ff:0c:8a]

RSSI: -66 [da:ee:aa:ff:0d:8b]

RSSI: -47 [da:ee:aa:ff:0c:8a]

RSSI: -47 [da:ee:aa:ff:0c:8a]

RSSI: -66 [da:ee:aa:ff:0d:8b]

RSSI: -47 [da:ee:aa:ff:0c:8a]

RSSI: -66 [da:ee:aa:ff:0d:8b]

RSSI: -52 [da:ee:aa:ff:0c:9a]

RSSI: -71 [da:ee:aa:ff:0d:ab]

RSSI: -70 [da:ee:aa:ff:0d:ab]

RSSI: -52 [da:ee:aa:ff:0c:ba]

RSSI: -71 [da:ee:aa:ff:0d:ab]

RSSI: -52 [da:ee:aa:ff:0c:ba]

RSSI: -71 [da:ee:aa:ff:0d:ab]

RSSI: -52 [da:ee:aa:ff:0c:ba]

RSSI: -82 [da:ee:aa:ff:09:2c]

RSSI: -51 [da:ee:aa:ff:0c:da]

RSSI: -75 [da:ee:aa:ff:0d:bb]

RSSI: -81 [da:ee:aa:ff:09:2c]

RSSI: -51 [da:ee:aa:ff:0c:da]

RSSI: -75 [da:ee:aa:ff:0d:bb]

RSSI: -51 [da:ee:aa:ff:0c:da]

RSSI: -75 [da:ee:aa:ff:0d:bb]

RSSI: -82 [da:ee:aa:ff:09:2c]

RSSI: -51 [da:ee:aa:ff:0c:da]

RSSI: -82 [da:ee:aa:ff:09:2c]

RSSI: -51 [da:ee:aa:ff:0c:da]

RSSI: -75 [da:ee:aa:ff:0d:cb]

RSSI: -35 [da:ee:aa:ff:0d:1a]

RSSI: -48 [da:ee:aa:ff:0d:db]

RSSI: -65 [da:ee:aa:ff:0d:db]

RSSI: -52 [da:ee:aa:ff:0d:db]

RSSI: -49 [da:ee:aa:ff:0d:db]

RSSI: -53 [da:ee:aa:ff:0d:2a]

RSSI: -53 [da:ee:aa:ff:0d:2a]

RSSI: -70 [da:ee:aa:ff:0e:0b]

RSSI: -53 [da:ee:aa:ff:0d:3a]

RSSI: -71 [da:ee:aa:ff:0e:0b]

RSSI: -53 [da:ee:aa:ff:0d:3a]

RSSI: -51 [da:ee:aa:ff:0d:4a]

RSSI: -76 [da:ee:aa:ff:0e:2b]

RSSI: -51 [da:ee:aa:ff:0d:4a]

RSSI: -75 [da:ee:aa:ff:0e:2b]

RSSI: -69 [da:ee:aa:ff:09:ac]

RSSI: -51 [da:ee:aa:ff:0d:4a]

RSSI: -75 [da:ee:aa:ff:0e:2b]

RSSI: -51 [da:ee:aa:ff:0d:4a]

RSSI: -72 [da:ee:aa:ff:09:ac]

RSSI: -75 [da:ee:aa:ff:0e:4b]

RSSI: -66 [da:ee:aa:ff:0e:6b]

RSSI: -65 [da:ee:aa:ff:0e:6b]

RSSI: -47 [da:ee:aa:ff:0d:7a]

RSSI: -65 [da:ee:aa:ff:0e:6b]

RSSI: -65 [da:ee:aa:ff:0e:6b]

RSSI: -66 [da:ee:aa:ff:0e:6b]

RSSI: -52 [da:ee:aa:ff:0d:8a]

RSSI: -71 [da:ee:aa:ff:0e:8b]

RSSI: -52 [da:ee:aa:ff:0d:8a]

RSSI: -70 [da:ee:aa:ff:0e:8b]

RSSI: -52 [da:ee:aa:ff:0d:8a]

RSSI: -70 [da:ee:aa:ff:0e:8b]

RSSI: -71 [da:ee:aa:ff:0e:8b]

RSSI: -52 [da:ee:aa:ff:0d:9a]

RSSI: -83 [da:ee:aa:ff:0a:1c]

RSSI: -81 [da:ee:aa:ff:0a:2c]

RSSI: -51 [da:ee:aa:ff:0d:ba]

RSSI: -82 [da:ee:aa:ff:0a:2c]

RSSI: -76 [da:ee:aa:ff:0e:ab]

RSSI: -51 [da:ee:aa:ff:0d:ba]

RSSI: -67 [da:ee:aa:ff:0e:bb]

RSSI: -47 [da:ee:aa:ff:0d:ca]

RSSI: -66 [da:ee:aa:ff:0e:bb]

RSSI: -65 [da:ee:aa:ff:0e:bb]

RSSI: -47 [da:ee:aa:ff:0d:ea]

RSSI: -66 [da:ee:aa:ff:0e:bb]

RSSI: -47 [da:ee:aa:ff:0d:ea]

RSSI: -65 [da:ee:aa:ff:0e:bb]

RSSI: -86 [da:ee:aa:ff:0a:7c]

RSSI: -71 [da:ee:aa:ff:0e:fb]

RSSI: -51 [da:ee:aa:ff:0e:2a]

RSSI: -51 [da:ee:aa:ff:0e:2a]

RSSI: -51 [da:ee:aa:ff:0e:2a]

RSSI: -51 [da:ee:aa:ff:0e:2a]

RSSI: -76 [da:ee:aa:ff:0f:1b]

RSSI: -51 [da:ee:aa:ff:0e:2a]

RSSI: -68 [da:ee:aa:ff:0a:ac]

RSSI: -47 [da:ee:aa:ff:0e:3a]

RSSI: -66 [da:ee:aa:ff:0f:2b]

RSSI: -89 [da:ee:aa:ff:0a:cc]

RSSI: -73 [da:ee:aa:ff:0f:2b]

RSSI: -66 [da:ee:aa:ff:0f:2b]

RSSI: -75 [da:ee:aa:ff:0a:cc]

RSSI: -66 [da:ee:aa:ff:0f:2b]

RSSI: -47 [da:ee:aa:ff:0e:5a]

RSSI: -66 [da:ee:aa:ff:0f:2b]

RSSI: -85 [da:ee:aa:ff:0a:ec]

RSSI: -52 [da:ee:aa:ff:0e:6a]

RSSI: -86 [da:ee:aa:ff:0a:fc]

RSSI: -52 [da:ee:aa:ff:0e:6a]

RSSI: -83 [da:ee:aa:ff:0b:0c]

RSSI: -76 [da:ee:aa:ff:0f:5b]

RSSI: -51 [da:ee:aa:ff:0e:9a]

RSSI: -77 [da:ee:aa:ff:0f:5b]

RSSI: -51 [da:ee:aa:ff:0e:9a]

RSSI: -82 [da:ee:aa:ff:0b:0c]

RSSI: -51 [da:ee:aa:ff:0e:9a]

RSSI: -51 [da:ee:aa:ff:0e:9a]

RSSI: -76 [da:ee:aa:ff:0f:6b]

RSSI: -47 [da:ee:aa:ff:0e:aa]

RSSI: -66 [da:ee:aa:ff:0f:7b]

RSSI: -47 [da:ee:aa:ff:0e:aa]

RSSI: -66 [da:ee:aa:ff:0f:7b]

RSSI: -66 [da:ee:aa:ff:0f:7b]

RSSI: -89 [da:ee:aa:ff:0b:3c]

RSSI: -66 [da:ee:aa:ff:0f:7b]

RSSI: -52 [da:ee:aa:ff:0e:da]

RSSI: -52 [da:ee:aa:ff:0e:da]

RSSI: -52 [da:ee:aa:ff:0e:ea]

RSSI: -83 [da:ee:aa:ff:0b:9c]

RSSI: -77 [da:ee:aa:ff:0f:ab]

RSSI: -77 [da:ee:aa:ff:0f:ab]

RSSI: -39 [da:ee:aa:ff:0e:fa]

RSSI: -42 [da:ee:aa:ff:0e:fa]

RSSI: -77 [da:ee:aa:ff:0f:bb]

RSSI: -46 [da:ee:aa:ff:0e:fa]

RSSI: -77 [da:ee:aa:ff:0f:bb]

RSSI: -66 [da:ee:aa:ff:0f:cb]

RSSI: -48 [da:ee:aa:ff:0f:0a]

RSSI: -66 [da:ee:aa:ff:0f:cb]

RSSI: -48 [da:ee:aa:ff:0f:0a]

RSSI: -66 [da:ee:aa:ff:0f:cb]

RSSI: -48 [da:ee:aa:ff:0f:0a]

RSSI: -47 [da:ee:aa:ff:0f:0a]

RSSI: -66 [da:ee:aa:ff:0f:cb]

RSSI: -72 [da:ee:aa:ff:0f:fb]

RSSI: -53 [da:ee:aa:ff:0f:2a]

RSSI: -72 [da:ee:aa:ff:0f:fb]

RSSI: -53 [da:ee:aa:ff:0f:2a]

RSSI: -72 [da:ee:aa:ff:0f:fb]

RSSI: -86 [da:ee:aa:ff:0b:ec]

RSSI: -53 [da:ee:aa:ff:0f:2a]

RSSI: -72 [da:ee:aa:ff:0f:fb]

RSSI: -53 [da:ee:aa:ff:0f:2a]

RSSI: -72 [da:ee:aa:ff:0f:fb]

RSSI: -53 [da:ee:aa:ff:0f:2a]

RSSI: -54 [da:ee:aa:ff:0f:4a]

RSSI: -76 [da:ee:aa:ff:10:0b]

RSSI: -54 [da:ee:aa:ff:0f:4a]

RSSI: -82 [da:ee:aa:ff:0c:1c]

RSSI: -77 [da:ee:aa:ff:10:0b]

RSSI: -83 [da:ee:aa:ff:0c:1c]

RSSI: -54 [da:ee:aa:ff:0f:5a]

RSSI: -77 [da:ee:aa:ff:10:1b]

RSSI: -54 [da:ee:aa:ff:0f:5a]

RSSI: -47 [da:ee:aa:ff:0f:6a]

RSSI: -67 [da:ee:aa:ff:10:2b]

RSSI: -47 [da:ee:aa:ff:0f:6a]

RSSI: -67 [da:ee:aa:ff:10:2b]

RSSI: -47 [da:ee:aa:ff:0f:6a]

RSSI: -67 [da:ee:aa:ff:10:2b]

RSSI: -47 [da:ee:aa:ff:0f:6a]

RSSI: -66 [da:ee:aa:ff:10:2b]

RSSI: -47 [da:ee:aa:ff:0f:6a]

RSSI: -72 [da:ee:aa:ff:10:4b]

RSSI: -53 [da:ee:aa:ff:0f:9a]

RSSI: -72 [da:ee:aa:ff:10:4b]

RSSI: -53 [da:ee:aa:ff:0f:9a]

RSSI: -73 [da:ee:aa:ff:10:4b]

RSSI: -53 [da:ee:aa:ff:0f:9a]

RSSI: -72 [da:ee:aa:ff:10:4b]

RSSI: -73 [da:ee:aa:ff:10:4b]

RSSI: -55 [da:ee:aa:ff:0f:aa]

RSSI: -83 [da:ee:aa:ff:0c:6c]

RSSI: -55 [da:ee:aa:ff:0f:aa]

RSSI: -84 [da:ee:aa:ff:0c:6c]

RSSI: -55 [da:ee:aa:ff:0f:aa]

RSSI: -76 [da:ee:aa:ff:10:6b]

RSSI: -67 [da:ee:aa:ff:10:7b]

RSSI: -68 [da:ee:aa:ff:10:7b]

RSSI: -47 [da:ee:aa:ff:0f:da]

RSSI: -72 [da:ee:aa:ff:10:9b]

RSSI: -72 [da:ee:aa:ff:10:9b]

RSSI: -53 [da:ee:aa:ff:10:0a]

RSSI: -53 [da:ee:aa:ff:10:0a]

RSSI: -54 [da:ee:aa:ff:10:0a]

RSSI: -53 [da:ee:aa:ff:10:0a]

RSSI: -55 [da:ee:aa:ff:10:2a]

RSSI: -76 [da:ee:aa:ff:10:ab]

RSSI: -55 [da:ee:aa:ff:10:2a]

RSSI: -75 [da:ee:aa:ff:10:ab]

RSSI: -55 [da:ee:aa:ff:10:2a]

RSSI: -85 [da:ee:aa:ff:0c:cc]

RSSI: -76 [da:ee:aa:ff:10:bb]

RSSI: -68 [da:ee:aa:ff:10:cb]

RSSI: -47 [da:ee:aa:ff:10:5a]

RSSI: -87 [da:ee:aa:ff:0c:fc]

RSSI: -68 [da:ee:aa:ff:10:cb]

RSSI: -47 [da:ee:aa:ff:10:5a]

RSSI: -87 [da:ee:aa:ff:0c:fc]

RSSI: -54 [da:ee:aa:ff:10:6a]

RSSI: -54 [da:ee:aa:ff:10:8a]

RSSI: -54 [da:ee:aa:ff:10:8a]

RSSI: -54 [da:ee:aa:ff:10:8a]

RSSI: -56 [da:ee:aa:ff:10:9a]

RSSI: -56 [da:ee:aa:ff:10:9a]

RSSI: -56 [da:ee:aa:ff:10:9a]

RSSI: -56 [da:ee:aa:ff:10:9a]

RSSI: -77 [da:ee:aa:ff:11:0b]

RSSI: -56 [da:ee:aa:ff:10:9a]

RSSI: -86 [da:ee:aa:ff:0d:5c]

RSSI: -59 [da:ee:aa:ff:11:1b]

RSSI: -52 [da:ee:aa:ff:11:1b]

RSSI: -74 [da:ee:aa:ff:11:1b]

RSSI: -68 [da:ee:aa:ff:11:1b]

RSSI: -37 [da:ee:aa:ff:10:ca]

RSSI: -72 [da:ee:aa:ff:11:3b]

RSSI: -86 [da:ee:aa:ff:0d:ac]

RSSI: -72 [da:ee:aa:ff:11:3b]

RSSI: -86 [da:ee:aa:ff:0d:ac]

RSSI: -72 [da:ee:aa:ff:11:3b]

RSSI: -76 [da:ee:aa:ff:11:4b]

RSSI: -56 [da:ee:aa:ff:11:2a]

RSSI: -56 [da:ee:aa:ff:11:2a]

RSSI: -76 [da:ee:aa:ff:0d:dc]

RSSI: -56 [da:ee:aa:ff:11:2a]

RSSI: -76 [da:ee:aa:ff:11:5b]

RSSI: -56 [da:ee:aa:ff:11:2a]

RSSI: -76 [da:ee:aa:ff:11:5b]

RSSI: -70 [da:ee:aa:ff:0d:dc]

RSSI: -56 [da:ee:aa:ff:11:2a]

RSSI: -47 [da:ee:aa:ff:11:4a]

RSSI: -67 [da:ee:aa:ff:11:7b]

RSSI: -68 [da:ee:aa:ff:11:7b]

RSSI: -47 [da:ee:aa:ff:11:5a]

RSSI: -67 [da:ee:aa:ff:11:7b]

RSSI: -47 [da:ee:aa:ff:11:5a]

RSSI: -68 [da:ee:aa:ff:11:7b]

RSSI: -47 [da:ee:aa:ff:11:5a]

RSSI: -72 [da:ee:aa:ff:11:ab]

RSSI: -55 [da:ee:aa:ff:11:6a]

RSSI: -71 [da:ee:aa:ff:11:ab]

RSSI: -55 [da:ee:aa:ff:11:6a]

RSSI: -72 [da:ee:aa:ff:11:ab]

RSSI: -55 [da:ee:aa:ff:11:6a]

RSSI: -85 [da:ee:aa:ff:0e:0c]

RSSI: -72 [da:ee:aa:ff:11:ab]

RSSI: -55 [da:ee:aa:ff:11:8a]

RSSI: -79 [da:ee:aa:ff:11:bb]

RSSI: -55 [da:ee:aa:ff:11:9a]

RSSI: -78 [da:ee:aa:ff:11:bb]

RSSI: -56 [da:ee:aa:ff:11:9a]

RSSI: -56 [da:ee:aa:ff:11:9a]

RSSI: -77 [da:ee:aa:ff:11:cb]

RSSI: -84 [da:ee:aa:ff:0e:2c]

RSSI: -56 [da:ee:aa:ff:11:9a]

RSSI: -56 [da:ee:aa:ff:11:9a]

RSSI: -77 [da:ee:aa:ff:11:cb]

RSSI: -52 [da:ee:aa:ff:11:db]

RSSI: -51 [da:ee:aa:ff:11:db]

RSSI: -48 [da:ee:aa:ff:11:ca]

RSSI: -51 [da:ee:aa:ff:11:db]

RSSI: -48 [da:ee:aa:ff:11:ca]

RSSI: -72 [da:ee:aa:ff:12:0b]

RSSI: -52 [da:ee:aa:ff:11:da]

RSSI: -85 [da:ee:aa:ff:0e:6c]

RSSI: -71 [da:ee:aa:ff:12:0b]

RSSI: -42 [da:ee:aa:ff:11:da]

RSSI: -85 [da:ee:aa:ff:0e:6c]

RSSI: -71 [da:ee:aa:ff:12:0b]

RSSI: -55 [da:ee:aa:ff:11:da]

RSSI: -71 [da:ee:aa:ff:12:0b]

RSSI: -78 [da:ee:aa:ff:12:1b]

RSSI: -55 [da:ee:aa:ff:12:0a]

RSSI: -56 [da:ee:aa:ff:12:0a]

RSSI: -79 [da:ee:aa:ff:12:3b]

RSSI: -56 [da:ee:aa:ff:12:0a]

RSSI: -79 [da:ee:aa:ff:12:3b]

RSSI: -55 [da:ee:aa:ff:12:0a]

RSSI: -68 [da:ee:aa:ff:12:5b]

RSSI: -68 [da:ee:aa:ff:12:5b]

RSSI: -72 [da:ee:aa:ff:12:7b]

RSSI: -55 [da:ee:aa:ff:12:5a]

RSSI: -72 [da:ee:aa:ff:12:7b]

RSSI: -55 [da:ee:aa:ff:12:5a]

RSSI: -71 [da:ee:aa:ff:12:7b]

RSSI: -55 [da:ee:aa:ff:12:5a]

RSSI: -72 [da:ee:aa:ff:12:7b]

RSSI: -55 [da:ee:aa:ff:12:5a]

RSSI: -83 [da:ee:aa:ff:0e:dc]

RSSI: -72 [da:ee:aa:ff:12:7b]

RSSI: -55 [da:ee:aa:ff:12:5a]

RSSI: -85 [da:ee:aa:ff:0e:fc]

RSSI: -55 [da:ee:aa:ff:12:8a]

RSSI: -84 [da:ee:aa:ff:0e:fc]

RSSI: -79 [da:ee:aa:ff:12:ab]

RSSI: -80 [da:ee:aa:ff:12:ab]

RSSI: -86 [da:ee:aa:ff:0e:fc]

RSSI: -79 [da:ee:aa:ff:12:ab]

RSSI: -48 [da:ee:aa:ff:12:9a]

RSSI: -48 [da:ee:aa:ff:12:9a]

RSSI: -54 [da:ee:aa:ff:12:ba]

RSSI: -54 [da:ee:aa:ff:12:eb]

RSSI: -54 [da:ee:aa:ff:12:ba]

RSSI: -54 [da:ee:aa:ff:12:eb]

RSSI: -54 [da:ee:aa:ff:12:ba]

RSSI: 