
RSSI: -73 [da:ee:aa:ff:12:dc]

RSSI: -71 [da:ee:aa:ff:15:3b]

RSSI: -55 [da:ee:aa:ff:15:da]

RSSI: -71 [da:ee:aa:ff:15:3b]

RSSI: -55 [da:ee:aa:ff:15:da]

RSSI: -71 [da:ee:aa:ff:15:3b]

RSSI: -73 [da:ee:aa:ff:12:fc]

RSSI: -55 [da:ee:aa:ff:15:da]

RSSI: -70 [da:ee:aa:ff:15:3b]

RSSI: -73 [da:ee:aa:ff:12:fc]

RSSI: -55 [da:ee:aa:ff:15:da]

RSSI: -70 [da:ee:aa:ff:15:3b]

RSSI: -73 [da:ee:aa:ff:12:fc]

RSSI: -55 [da:ee:aa:ff:15:da]

RSSI: -70 [da:ee:aa:ff:00:5b]

RSSI: -46 [da:ee:aa:ff:03:aa]

RSSI: -70 [da:ee:aa:ff:00:5b]

RSSI: -46 [da:ee:aa:ff:03:aa]

RSSI: -70 [da:ee:aa:ff:00:5b]

RSSI: -46 [da:ee:aa:ff:03:aa]

RSSI: -70 [da:ee:aa:ff:00:5b]

RSSI: -46 [da:ee:aa:ff:03:aa]

RSSI: -76 [da:ee:aa:ff:00:0c]

RSSI: -70 [da:ee:aa:ff:00:5b]

RSSI: -46 [da:ee:aa:ff:03:aa]

RSSI: -73 [da:ee:aa:ff:00:2c]

RSSI: -50 [da:ee:aa:ff:03:ca]

RSSI: -77 [da:ee:aa:ff:00:9b]

RSSI: -50 [da:ee:aa:ff:03:ca]

RSSI: -76 [da:ee:aa:ff:00:9b]

RSSI: -73 [da:ee:aa:ff:00:2c]

RSSI: -50 [da:ee:aa:ff:03:ea]

RSSI: -66 [da:ee:aa:ff:00:9b]

RSSI: -52 [da:ee:aa:ff:03:fa]

RSSI: -68 [da:ee:aa:ff:00:4c]

RSSI: -52 [da:ee:aa:ff:03:fa]

RSSI: -72 [da:ee:aa:ff:00:4c]

RSSI: -52 [da:ee:aa:ff:03:fa]

RSSI: -75 [da:ee:aa:ff:00:4c]

RSSI: -52 [da:ee:aa:ff:03:fa]

RSSI: -60 [da:ee:aa:ff:00:4c]

RSSI: -51 [da:ee:aa:ff:03:fa]

RSSI: -46 [da:ee:aa:ff:04:0a]

RSSI: -72 [da:ee:aa:ff:00:6c]

RSSI: -70 [da:ee:aa:ff:00:cb]

RSSI: -46 [da:ee:aa:ff:04:0a]

RSSI: -73 [da:ee:aa:ff:00:6c]

RSSI: -70 [da:ee:aa:ff:00:cb]

RSSI: -70 [da:ee:aa:ff:00:cb]

RSSI: -46 [da:ee:aa:ff:04:2a]

RSSI: -72 [da:ee:aa:ff:00:7c]

RSSI: -43 [da:ee:aa:ff:04:3a]

RSSI: -77 [da:ee:aa:ff:00:eb]

RSSI: -73 [da:ee:aa:ff:00:8c]

RSSI: -51 [da:ee:aa:ff:04:3a]

RSSI: -73 [da:ee:aa:ff:00:8c]

RSSI: -73 [da:ee:aa:ff:00:8c]

RSSI: -52 [da:ee:aa:ff:04:5a]

RSSI: -52 [da:ee:aa:ff:04:5a]

RSSI: -74 [da:ee:aa:ff:00:bc]

RSSI: -87 [da:ee:aa:ff:01:2b]

RSSI: -74 [da:ee:aa:ff:00:bc]

RSSI: -53 [da:ee:aa:ff:04:7a]

RSSI: -53 [da:ee:aa:ff:04:7a]

RSSI: -49 [da:ee:aa:ff:04:9a]

RSSI: -74 [da:ee:aa:ff:00:cc]

RSSI: -69 [da:ee:aa:ff:01:3b]

RSSI: -50 [da:ee:aa:ff:04:9a]

RSSI: -73 [da:ee:aa:ff:00:cc]

RSSI: -50 [da:ee:aa:ff:04:9a]

RSSI: -74 [da:ee:aa:ff:00:cc]

RSSI: -50 [da:ee:aa:ff:04:9a]

RSSI: -69 [da:ee:aa:ff:01:5b]

RSSI: -50 [da:ee:aa:ff:04:9a]

RSSI: -68 [da:ee:aa:ff:01:5b]

RSSI: -77 [da:ee:aa:ff:01:6b]

RSSI: -73 [da:ee:aa:ff:00:fc]

RSSI: -53 [da:ee:aa:ff:04:ba]

RSSI: -77 [da:ee:aa:ff:01:6b]

RSSI: -72 [da:ee:aa:ff:00:fc]

RSSI: -77 [da:ee:aa:ff:01:6b]

RSSI: -72 [da:ee:aa:ff:00:fc]

RSSI: -53 [da:ee:aa:ff:04:da]

RSSI: -77 [da:ee:aa:ff:01:6b]

RSSI: -73 [da:ee:aa:ff:00:fc]

RSSI: -53 [da:ee:aa:ff:04:da]

RSSI: -77 [da:ee:aa:ff:01:6b]

RSSI: -73 [da:ee:aa:ff:00:fc]

RSSI: -53 [da:ee:aa:ff:04:da]

RSSI: -74 [da:ee:aa:ff:01:0c]

RSSI: -58 [da:ee:aa:ff:04:ea]

RSSI: -58 [da:ee:aa:ff:04:ea]

RSSI: -80 [da:ee:aa:ff:01:ab]

RSSI: -58 [da:ee:aa:ff:04:ea]

RSSI: -75 [da:ee:aa:ff:01:2c]

RSSI: -78 [da:ee:aa:ff:01:ab]

RSSI: -75 [da:ee:aa:ff:01:2c]

RSSI: -58 [da:ee:aa:ff:04:ea]

RSSI: -75 [da:ee:aa:ff:01:2c]

RSSI: -77 [da:ee:aa:ff:01:4c]

RSSI: -49 [da:ee:aa:ff:05:0a]

RSSI: -60 [da:ee:aa:ff:01:4c]

RSSI: -49 [da:ee:aa:ff:05:2a]

RSSI: -66 [da:ee:aa:ff:01:4c]

RSSI: -48 [da:ee:aa:ff:05:2a]

RSSI: -76 [da:ee:aa:ff:01:8c]

RSSI: -57 [da:ee:aa:ff:05:4a]

RSSI: -76 [da:ee:aa:ff:01:8c]

RSSI: -57 [da:ee:aa:ff:05:4a]

RSSI: -76 [da:ee:aa:ff:01:8c]

RSSI: -57 [da:ee:aa:ff:05:4a]

RSSI: -77 [da:ee:aa:ff:01:8c]

RSSI: -57 [da:ee:aa:ff:05:4a]

RSSI: -76 [da:ee:aa:ff:01:8c]

RSSI: -56 [da:ee:aa:ff:05:4a]

RSSI: -55 [da:ee:aa:ff:05:6a]

RSSI: -78 [da:ee:aa:ff:01:ac]

RSSI: -78 [da:ee:aa:ff:01:ac]

RSSI: -41 [da:ee:aa:ff:05:8a]

RSSI: -41 [da:ee:aa:ff:05:8a]

RSSI: -79 [da:ee:aa:ff:01:bc]

RSSI: -70 [da:ee:aa:ff:02:5b]

RSSI: -47 [da:ee:aa:ff:05:9a]

RSSI: -71 [da:ee:aa:ff:02:5b]

RSSI: -47 [da:ee:aa:ff:05:9a]

RSSI: -76 [da:ee:aa:ff:02:7b]

RSSI: -76 [da:ee:aa:ff:01:fc]

RSSI: -54 [da:ee:aa:ff:05:da]

RSSI: -76 [da:ee:aa:ff:02:7b]

RSSI: -76 [da:ee:aa:ff:01:fc]

RSSI: -54 [da:ee:aa:ff:05:da]

RSSI: -75 [da:ee:aa:ff:01:fc]

RSSI: -54 [da:ee:aa:ff:05:da]

RSSI: -75 [da:ee:aa:ff:01:fc]

RSSI: -54 [da:ee:aa:ff:05:da]

RSSI: -53 [da:ee:aa:ff:05:ea]

RSSI: -76 [da:ee:aa:ff:02:0c]

RSSI: -53 [da:ee:aa:ff:05:ea]

RSSI: -77 [da:ee:aa:ff:02:0c]

RSSI: -83 [da:ee:aa:ff:02:bb]

RSSI: -53 [da:ee:aa:ff:05:ea]

RSSI: -76 [da:ee:aa:ff:02:0c]

RSSI: -53 [da:ee:aa:ff:05:ea]

RSSI: -70 [da:ee:aa:ff:02:db]

RSSI: -77 [da:ee:aa:ff:02:4c]

RSSI: -47 [da:ee:aa:ff:06:2a]

RSSI: -77 [da:ee:aa:ff:02:4c]

RSSI: -47 [da:ee:aa:ff:06:2a]

RSSI: -47 [da:ee:aa:ff:06:2a]

RSSI: -70 [da:ee:aa:ff:02:fb]

RSSI: -78 [da:ee:aa:ff:02:4c]

RSSI: -47 [da:ee:aa:ff:06:2a]

RSSI: -54 [da:ee:aa:ff:06:3a]

RSSI: -54 [da:ee:aa:ff:06:3a]

RSSI: -54 [da:ee:aa:ff:06:3a]

RSSI: -58 [da:ee:aa:ff:02:6c]

RSSI: -54 [da:ee:aa:ff:06:3a]

RSSI: -58 [da:ee:aa:ff:02:6c]

RSSI: -54 [da:ee:aa:ff:06:3a]

RSSI: -51 [da:ee:aa:ff:06:6a]

RSSI: -75 [da:ee:aa:ff:02:7c]

RSSI: -51 [da:ee:aa:ff:06:6a]

RSSI: -74 [da:ee:aa:ff:02:7c]

RSSI: -51 [da:ee:aa:ff:06:6a]

RSSI: -74 [da:ee:aa:ff:02:7c]

RSSI: -75 [da:ee:aa:ff:03:4b]

RSSI: -74 [da:ee:aa:ff:02:7c]

RSSI: -76 [da:ee:aa:ff:03:4b]

RSSI: -48 [da:ee:aa:ff:06:9a]

RSSI: -70 [da:ee:aa:ff:03:5b]

RSSI: -48 [da:ee:aa:ff:06:9a]

RSSI: -70 [da:ee:aa:ff:03:5b]

RSSI: -48 [da:ee:aa:ff:06:9a]

RSSI: -70 [da:ee:aa:ff:03:5b]

RSSI: -48 [da:ee:aa:ff:06:9a]

RSSI: -70 [da:ee:aa:ff:03:5b]

RSSI: -48 [da:ee:aa:ff:06:9a]

RSSI: -71 [da:ee:aa:ff:02:ac]

RSSI: -54 [da:ee:aa:ff:06:ba]

RSSI: -72 [da:ee:aa:ff:02:ac]

RSSI: -49 [da:ee:aa:ff:06:ba]

RSSI: -73 [da:ee:aa:ff:03:9b]

RSSI: -71 [da:ee:aa:ff:02:cc]

RSSI: -73 [da:ee:aa:ff:03:9b]

RSSI: -73 [da:ee:aa:ff:03:9b]

RSSI: -72 [da:ee:aa:ff:02:dc]

RSSI: -53 [da:ee:aa:ff:06:ea]

RSSI: -72 [da:ee:aa:ff:02:dc]

RSSI: -53 [da:ee:aa:ff:06:ea]

RSSI: -73 [da:ee:aa:ff:02:dc]

RSSI: -53 [da:ee:aa:ff:06:ea]

RSSI: -72 [da:ee:aa:ff:02:dc]

RSSI: -53 [da:ee:aa:ff:06:ea]

RSSI: -72 [da:ee:aa:ff:02:dc]

RSSI: -47 [da:ee:aa:ff:07:0a]

RSSI: -71 [da:ee:aa:ff:03:eb]

RSSI: -76 [da:ee:aa:ff:03:0c]

RSSI: -71 [da:ee:aa:ff:03:eb]

RSSI: -76 [da:ee:aa:ff:03:0c]

RSSI: -46 [da:ee:aa:ff:07:2a]

RSSI: -46 [da:ee:aa:ff:07:2a]

RSSI: -76 [da:ee:aa:ff:03:0c]

RSSI: -54 [da:ee:aa:ff:07:3a]

RSSI: -73 [da:ee:aa:ff:03:1c]

RSSI: -55 [da:ee:aa:ff:07:3a]

RSSI: -73 [da:ee:aa:ff:03:1c]

RSSI: -54 [da:ee:aa:ff:07:3a]

RSSI: -54 [da:ee:aa:ff:07:3a]

RSSI: -49 [da:ee:aa:ff:07:5a]

RSSI: -50 [da:ee:aa:ff:07:5a]

RSSI: -50 [da:ee:aa:ff:07:5a]

RSSI: -49 [da:ee:aa:ff:07:5a]

RSSI: -49 [da:ee:aa:ff:07:5a]

RSSI: -71 [da:ee:aa:ff:04:5b]

RSSI: -71 [da:ee:aa:ff:04:5b]

RSSI: -47 [da:ee:aa:ff:07:8a]

RSSI: -75 [da:ee:aa:ff:03:6c]

RSSI: -47 [da:ee:aa:ff:07:8a]

RSSI: -74 [da:ee:aa:ff:03:6c]

RSSI: -47 [da:ee:aa:ff:07:8a]

RSSI: -53 [da:ee:aa:ff:07:aa]

RSSI: -75 [da:ee:aa:ff:03:8c]

RSSI: -53 [da:ee:aa:ff:07:aa]

RSSI: -53 [da:ee:aa:ff:07:aa]

RSSI: -75 [da:ee:aa:ff:03:8c]

RSSI: -74 [da:ee:aa:ff:04:8b]

RSSI: -73 [da:ee:aa:ff:04:8b]

RSSI: -51 [da:ee:aa:ff:07:ba]

RSSI: -45 [da:ee:aa:ff:07:da]

RSSI: -77 [da:ee:aa:ff:04:9b]

RSSI: -49 [da:ee:aa:ff:07:da]

RSSI: -74 [da:ee:aa:ff:03:ac]

RSSI: -52 [da:ee:aa:ff:07:da]

RSSI: -74 [da:ee:aa:ff:03:ac]

RSSI: -38 [da:ee:aa:ff:07:da]

RSSI: -74 [da:ee:aa:ff:03:ac]

RSSI: -51 [da:ee:aa:ff:07:da]

RSSI: -74 [da:ee:aa:ff:03:ac]

RSSI: -72 [da:ee:aa:ff:04:cb]

RSSI: -72 [da:ee:aa:ff:04:cb]

RSSI: -46 [da:ee:aa:ff:07:fa]

RSSI: -72 [da:ee:aa:ff:04:cb]

RSSI: -46 [da:ee:aa:ff:07:fa]

RSSI: -72 [da:ee:aa:ff:04:cb]

RSSI: -46 [da:ee:aa:ff:07:fa]

RSSI: -52 [da:ee:aa:ff:08:0a]

RSSI: -53 [da:ee:aa:ff:08:0a]

RSSI: -52 [da:ee:aa:ff:08:0a]

RSSI: -73 [da:ee:aa:ff:05:0b]

RSSI: -53 [da:ee:aa:ff:08:1a]

RSSI: -51 [da:ee:aa:ff:08:3a]

RSSI: -51 [da:ee:aa:ff:08:3a]

RSSI: -51 [da:ee:aa:ff:08:3a]

RSSI: -51 [da:ee:aa:ff:08:3a]

RSSI: -51 [da:ee:aa:ff:08:3a]

RSSI: -60 [da:ee:aa:ff:04:4c]

RSSI: -75 [da:ee:aa:ff:04:5c]

RSSI: -54 [da:ee:aa:ff:05:4b]

RSSI: -73 [da:ee:aa:ff:04:5c]

RSSI: -56 [da:ee:aa:ff:05:4b]

RSSI: -48 [da:ee:aa:ff:08:5a]

RSSI: -68 [da:ee:aa:ff:05:4b]

RSSI: -75 [da:ee:aa:ff:04:7c]

RSSI: -48 [da:ee:aa:ff:08:5a]

RSSI: -72 [da:ee:aa:ff:05:6b]

RSSI: -54 [da:ee:aa:ff:08:7a]

RSSI: -72 [da:ee:aa:ff:05:6b]

RSSI: -54 [da:ee:aa:ff:08:7a]

RSSI: -72 [da:ee:aa:ff:05:6b]

RSSI: -54 [da:ee:aa:ff:08:7a]

RSSI: -72 [da:ee:aa:ff:05:7b]

RSSI: -54 [da:ee:aa:ff:08:9a]

RSSI: -72 [da:ee:aa:ff:05:7b]

RSSI: -79 [da:ee:aa:ff:05:9b]

RSSI: -47 [da:ee:aa:ff:08:aa]

RSSI: -79 [da:ee:aa:ff:05:9b]

RSSI: -73 [da:ee:aa:ff:04:bc]

RSSI: -79 [da:ee:aa:ff:05:9b]

RSSI: -73 [da:ee:aa:ff:04:bc]

RSSI: -41 [da:ee:aa:ff:08:aa]

RSSI: -78 [da:ee:aa:ff:05:9b]

RSSI: -73 [da:ee:aa:ff:04:bc]

RSSI: -79 [da:ee:aa:ff:05:9b]

RSSI: -73 [da:ee:aa:ff:04:bc]

RSSI: -73 [da:ee:aa:ff:04:cc]

RSSI: -73 [da:ee:aa:ff:05:ab]

RSSI: -73 [da:ee:aa:ff:04:cc]

RSSI: -48 [da:ee:aa:ff:08:da]

RSSI: -48 [da:ee:aa:ff:08:da]

RSSI: -74 [da:ee:aa:ff:05:cb]

RSSI: -48 [da:ee:aa:ff:08:da]

RSSI: -74 [da:ee:aa:ff:05:cb]

RSSI: -57 [da:ee:aa:ff:08:ea]

RSSI: -74 [da:ee:aa:ff:05:db]

RSSI: -57 [da:ee:aa:ff:08:ea]

RSSI: -73 [da:ee:aa:ff:05:db]

RSSI: -56 [da:ee:aa:ff:08:ea]

RSSI: -74 [da:ee:aa:ff:05:db]

RSSI: -72 [da:ee:aa:ff:04:fc]

RSSI: -73 [da:ee:aa:ff:04:fc]

RSSI: -80 [da:ee:aa:ff:05:eb]

RSSI: -77 [da:ee:aa:ff:05:1c]

RSSI: -52 [da:ee:aa:ff:09:0a]

RSSI: -53 [da:ee:aa:ff:09:0a]

RSSI: -80 [da:ee:aa:ff:06:0b]

RSSI: -77 [da:ee:aa:ff:05:2c]

RSSI: -53 [da:ee:aa:ff:09:0a]

RSSI: -80 [da:ee:aa:ff:06:0b]

RSSI: -77 [da:ee:aa:ff:05:2c]

RSSI: -52 [da:ee:aa:ff:09:0a]

RSSI: -80 [da:ee:aa:ff:06:0b]

RSSI: -77 [da:ee:aa:ff:05:2c]

RSSI: -53 [da:ee:aa:ff:09:0a]

RSSI: -72 [da:ee:aa:ff:06:2b]

RSSI: -71 [da:ee:aa:ff:05:3c]

RSSI: -72 [da:ee:aa:ff:06:2b]

RSSI: -47 [da:ee:aa:ff:09:2a]

RSSI: -72 [da:ee:aa:ff:06:2b]

RSSI: -47 [da:ee:aa:ff:09:2a]

RSSI: -72 [da:ee:aa:ff:06:2b]

RSSI: -47 [da:ee:aa:ff:09:2a]

RSSI: -55 [da:ee:aa:ff:09:4a]

RSSI: -75 [da:ee:aa:ff:06:5b]

RSSI: -74 [da:ee:aa:ff:05:7c]

RSSI: -55 [da:ee:aa:ff:09:4a]

RSSI: -57 [da:ee:aa:ff:06:5b]

RSSI: -74 [da:ee:aa:ff:05:7c]

RSSI: -56 [da:ee:aa:ff:09:4a]

RSSI: -70 [da:ee:aa:ff:06:5b]

RSSI: -74 [da:ee:aa:ff:05:7c]

RSSI: -74 [da:ee:aa:ff:06:5b]

RSSI: -74 [da:ee:aa:ff:05:7c]

RSSI: -56 [da:ee:aa:ff:09:5a]

RSSI: -57 [da:ee:aa:ff:06:5b]

RSSI: -78 [da:ee:aa:ff:06:6b]

RSSI: -75 [da:ee:aa:ff:05:8c]

RSSI: -53 [da:ee:aa:ff:09:6a]

RSSI: -79 [da:ee:aa:ff:06:6b]

RSSI: -75 [da:ee:aa:ff:05:8c]

RSSI: -53 [da:ee:aa:ff:09:6a]

RSSI: -79 [da:ee:aa:ff:06:6b]

RSSI: -53 [da:ee:aa:ff:09:6a]

RSSI: -78 [da:ee:aa:ff:06:6b]

RSSI: -53 [da:ee:aa:ff:09:6a]

RSSI: -74 [da:ee:aa:ff:05:9c]

RSSI: -53 [da:ee:aa:ff:09:6a]

RSSI: -40 [da:ee:aa:ff:09:9a]

RSSI: -55 [da:ee:aa:ff:09:ba]

RSSI: -55 [da:ee:aa:ff:09:ba]

RSSI: -55 [da:ee:aa:ff:09:ba]

RSSI: -72 [da:ee:aa:ff:05:ec]

RSSI: -72 [da:ee:aa:ff:05:ec]

RSSI: -55 [da:ee:aa:ff:09:ca]

RSSI: -75 [da:ee:aa:ff:06:eb]

RSSI: -72 [da:ee:aa:ff:05:ec]

RSSI: -52 [da:ee:aa:ff:09:da]

RSSI: -52 [da:ee:aa:ff:09:da]

RSSI: -52 [da:ee:aa:ff:09:da]

RSSI: -52 [da:ee:aa:ff:09:da]

RSSI: -75 [da:ee:aa:ff:06:0c]

RSSI: -52 [da:ee:aa:ff:09:da]

RSSI: -75 [da:ee:aa:ff:06:2c]

RSSI: -71 [da:ee:aa:ff:07:1b]

RSSI: -76 [da:ee:aa:ff:06:2c]

RSSI: -47 [da:ee:aa:ff:0a:0a]

RSSI: -75 [da:ee:aa:ff:06:2c]

RSSI: -47 [da:ee:aa:ff:0a:0a]

RSSI: -75 [da:ee:aa:ff:06:2c]

RSSI: -47 [da:ee:aa:ff:0a:0a]

RSSI: -47 [da:ee:aa:ff:0a:0a]

RSSI: -56 [da:ee:aa:ff:0a:2a]

RSSI: -73 [da:ee:aa:ff:07:4b]

RSSI: -56 [da:ee:aa:ff:0a:2a]

RSSI: -73 [da:ee:aa:ff:07:4b]

RSSI: -56 [da:ee:aa:ff:0a:2a]

RSSI: -57 [da:ee:aa:ff:06:5c]

RSSI: -56 [da:ee:aa:ff:0a:4a]

RSSI: -58 [da:ee:aa:ff:06:5c]

RSSI: -73 [da:ee:aa:ff:07:4b]

RSSI: -52 [da:ee:aa:ff:0a:5a]

RSSI: -75 [da:ee:aa:ff:06:7c]

RSSI: -52 [da:ee:aa:ff:0a:5a]

RSSI: -52 [da:ee:aa:ff:0a:5a]

RSSI: -75 [da:ee:aa:ff:06:7c]

RSSI: -56 [da:ee:aa:ff:07:7b]

RSSI: -52 [da:ee:aa:ff:0a:5a]

RSSI: -75 [da:ee:aa:ff:06:7c]

RSSI: -62 [da:ee:aa:ff:07:7b]

RSSI: -51 [da:ee:aa:ff:0a:5a]

RSSI: -68 [da:ee:aa:ff:07:7b]

RSSI: -72 [da:ee:aa:ff:06:ac]

RSSI: -55 [da:ee:aa:ff:0a:8a]

RSSI: -71 [da:ee:aa:ff:07:cb]

RSSI: -55 [da:ee:aa:ff:0a:8a]

RSSI: -71 [da:ee:aa:ff:07:cb]

RSSI: -72 [da:ee:aa:ff:06:bc]

RSSI: -71 [da:ee:aa:ff:07:cb]

RSSI: -55 [da:ee:aa:ff:0a:9a]

RSSI: -72 [da:ee:aa:ff:06:bc]

RSSI: -71 [da:ee:aa:ff:07:cb]

RSSI: -52 [da:ee:aa:ff:0a:aa]

RSSI: -73 [da:ee:aa:ff:06:dc]

RSSI: -74 [da:ee:aa:ff:07:eb]

RSSI: -52 [da:ee:aa:ff:0a:aa]

RSSI: -73 [da:ee:aa:ff:06:dc]

RSSI: -73 [da:ee:aa:ff:07:eb]

RSSI: -52 [da:ee:aa:ff:0a:aa]

RSSI: -73 [da:ee:aa:ff:06:dc]

RSSI: -74 [da:ee:aa:ff:07:eb]

RSSI: -52 [da:ee:aa:ff:0a:aa]

RSSI: -74 [da:ee:aa:ff:07:eb]

RSSI: -52 [da:ee:aa:ff:0a:aa]

RSSI: -73 [da:ee:aa:ff:06:dc]

RSSI: -69 [da:ee:aa:ff:08:1b]

RSSI: -75 [da:ee:aa:ff:07:0c]

RSSI: -47 [da:ee:aa:ff:0a:da]

RSSI: -69 [da:ee:aa:ff:08:1b]

RSSI: -47 [da:ee:aa:ff:0a:da]

RSSI: -69 [da:ee:aa:ff:08:1b]

RSSI: -75 [da:ee:aa:ff:07:0c]

RSSI: -47 [da:ee:aa:ff:0a:da]

RSSI: -69 [da:ee:aa:ff:08:1b]

RSSI: -75 [da:ee:aa:ff:07:0c]

RSSI: -47 [da:ee:aa:ff:0a:da]

RSSI: -70 [da:ee:aa:ff:08:2b]

RSSI: -73 [da:ee:aa:ff:07:2c]

RSSI: -70 [da:ee:aa:ff:08:2b]

RSSI: -72 [da:ee:aa:ff:07:2c]

RSSI: -70 [da:ee:aa:ff:08:2b]

RSSI: -54 [da:ee:aa:ff:0a:fa]

RSSI: -70 [da:ee:aa:ff:08:3b]

RSSI: -54 [da:ee:aa:ff:0a:fa]

RSSI: -52 [da:ee:aa:ff:0b:0a]

RSSI: -52 [da:ee:aa:ff:0b:0a]

RSSI: -52 [da:ee:aa:ff:0b:0a]

RSSI: -74 [da:ee:aa:ff:07:6c]

RSSI: -52 [da:ee:aa:ff:0b:0a]

RSSI: -68 [da:ee:aa:ff:08:6b]

RSSI: -47 [da:ee:aa:ff:0b:2a]

RSSI: -47 [da:ee:aa:ff:0b:2a]

RSSI: -69 [da:ee:aa:ff:08:8b]

RSSI: -72 [da:ee:aa:ff:07:9c]

RSSI: -70 [da:ee:aa:ff:08:9b]

RSSI: -72 [da:ee:aa:ff:07:9c]

RSSI: -69 [da:ee:aa:ff:08:9b]

RSSI: -52 [da:ee:aa:ff:0b:3a]

RSSI: -72 [da:ee:aa:ff:07:9c]

RSSI: -69 [da:ee:aa:ff:08:9b]

RSSI: -72 [da:ee:aa:ff:07:9c]

RSSI: -69 [da:ee:aa:ff:08:9b]

RSSI: -53 [da:ee:aa:ff:0b:5a]

RSSI: -69 [da:ee:aa:ff:08:9b]

RSSI: -40 [da:ee:aa:ff:0b:5a]

RSSI: -52 [da:ee:aa:ff:0b:6a]

RSSI: -72 [da:ee:aa:ff:08:bb]

RSSI: -52 [da:ee:aa:ff:0b:6a]

RSSI: -71 [da:ee:aa:ff:08:bb]

RSSI: -52 [da:ee:aa:ff:0b:6a]

RSSI: -52 [da:ee:aa:ff:0b:6a]

RSSI: -74 [da:ee:aa:ff:07:cc]

RSSI: -52 [da:ee:aa:ff:0b:6a]

RSSI: -74 [da:ee:aa:ff:07:cc]

RSSI: -69 [da:ee:aa:ff:08:eb]

RSSI: -47 [da:ee:aa:ff:0b:9a]

RSSI: -69 [da:ee:aa:ff:08:eb]

RSSI: -47 [da:ee:aa:ff:0b:9a]

RSSI: -68 [da:ee:aa:ff:08:eb]

RSSI: -47 [da:ee:aa:ff:0b:9a]

RSSI: -68 [da:ee:aa:ff:08:eb]

RSSI: -52 [da:ee:aa:ff:0b:aa]

RSSI: -68 [da:ee:aa:ff:09:0b]

RSSI: -53 [da:ee:aa:ff:0b:aa]

RSSI: -68 [da:ee:aa:ff:09:0b]

RSSI: -74 [da:ee:aa:ff:08:2c]

RSSI: -53 [da:ee:aa:ff:0b:ba]

RSSI: -74 [da:ee:aa:ff:08:2c]

RSSI: -53 [da:ee:aa:ff:0b:ba]

RSSI: -70 [da:ee:aa:ff:09:3b]

RSSI: -56 [da:ee:aa:ff:08:4c]

RSSI: -51 [da:ee:aa:ff:0b:ca]

RSSI: -70 [da:ee:aa:ff:09:3b]

RSSI: -51 [da:ee:aa:ff:0b:ca]

RSSI: -69 [da:ee:aa:ff:09:3b]

RSSI: -51 [da:ee:aa:ff:0b:ca]

RSSI: -70 [da:ee:aa:ff:09:3b]

RSSI: -51 [da:ee:aa:ff:0b:ca]

RSSI: -70 [da:ee:aa:ff:09:3b]

RSSI: -72 [da:ee:aa:ff:08:4c]

RSSI: -73 [da:ee:aa:ff:08:5c]

RSSI: -69 [da:ee:aa:ff:09:5b]

RSSI: -47 [da:ee:aa:ff:0b:ea]

RSSI: -73 [da:ee:aa:ff:08:5c]

RSSI: -47 [da:ee:aa:ff:0b:ea]

RSSI: -47 [da:ee:aa:ff:0b:ea]

RSSI: -74 [da:ee:aa:ff:08:7c]

RSSI: -52 [da:ee:aa:ff:0b:fa]

RSSI: -50 [da:ee:aa:ff:09:8b]

RSSI: -71 [da:ee:aa:ff:08:9c]

RSSI: -52 [da:ee:aa:ff:0b:fa]

RSSI: -50 [da:ee:aa:ff:09:8b]

RSSI: -71 [da:ee:aa:ff:08:9c]

RSSI: -50 [da:ee:aa:ff:09:8b]

RSSI: -71 [da:ee:aa:ff:08:9c]

RSSI: -51 [da:ee:aa:ff:0c:1a]

RSSI: -56 [da:ee:aa:ff:09:8b]

RSSI: -71 [da:ee:aa:ff:08:9c]

RSSI: -51 [da:ee:aa:ff:0c:1a]

RSSI: -68 [da:ee:aa:ff:09:8b]

RSSI: -69 [da:ee:aa:ff:09:ab]

RSSI: -51 [da:ee:aa:ff:0c:3a]

RSSI: -50 [da:ee:aa:ff:0c:3a]

RSSI: -51 [da:ee:aa:ff:0c:3a]

RSSI: -75 [da:ee:aa:ff:08:dc]

RSSI: -68 [da:ee:aa:ff:09:cb]

RSSI: -47 [da:ee:aa:ff:0c:5a]

RSSI: -75 [da:ee:aa:ff:08:dc]

RSSI: -68 [da:ee:aa:ff:09:cb]

RSSI: -47 [da:ee:aa:ff:0c:5a]

RSSI: -69 [da:ee:aa:ff:09:cb]

RSSI: -47 [da:ee:aa:ff:0c:5a]

RSSI: -75 [da:ee:aa:ff:08:dc]

RSSI: -69 [da:ee:aa:ff:09:cb]

RSSI: -48 [da:ee:aa:ff:0c:5a]

RSSI: -73 [da:ee:aa:ff:08:fc]

RSSI: -68 [da:ee:aa:ff:0a:0b]

RSSI: -74 [da:ee:aa:ff:08:fc]

RSSI: -68 [da:ee:aa:ff:0a:0b]

RSSI: -69 [da:ee:aa:ff:0a:0b]

RSSI: -52 [da:ee:aa:ff:0c:7a]

RSSI: -68 [da:ee:aa:ff:0a:0b]

RSSI: -52 [da:ee:aa:ff:0c:7a]

RSSI: -71 [da:ee:aa:ff:0a:1b]

RSSI: -52 [da:ee:aa:ff:0c:9a]

RSSI: -71 [da:ee:aa:ff:0a:1b]

RSSI: -52 [da:ee:aa:ff:0c:9a]

RSSI: -71 [da:ee:aa:ff:0a:1b]

RSSI: -52 [da:ee:aa:ff:0c:9a]

RSSI: -71 [da:ee:aa:ff:0a:1b]

RSSI: -52 [da:ee:aa:ff:0c:9a]

RSSI: -51 [da:ee:aa:ff:0c:9a]

RSSI: -69 [da:ee:aa:ff:0a:3b]

RSSI: -55 [da:ee:aa:ff:09:5c]

RSSI: -47 [da:ee:aa:ff:0c:da]

RSSI: -69 [da:ee:aa:ff:0a:3b]

RSSI: -47 [da:ee:aa:ff:0c:da]

RSSI: -69 [da:ee:aa:ff:0a:3b]

RSSI: -55 [da:ee:aa:ff:09:5c]

RSSI: -47 [da:ee:aa:ff:0c:da]

RSSI: -69 [da:ee:aa:ff:0a:3b]

RSSI: -54 [da:ee:aa:ff:09:5c]

RSSI: -47 [da:ee:aa:ff:0c:da]

RSSI: -69 [da:ee:aa:ff:0a:3b]

RSSI: -73 [da:ee:aa:ff:09:8c]

RSSI: -68 [da:ee:aa:ff:0a:4b]

RSSI: -72 [da:ee:aa:ff:09:8c]

RSSI: -68 [da:ee:aa:ff:0a:4b]

RSSI: -73 [da:ee:aa:ff:09:8c]

RSSI: -53 [da:ee:aa:ff:0c:fa]

RSSI: -71 [da:ee:aa:ff:0a:5b]

RSSI: -53 [da:ee:aa:ff:0c:fa]

RSSI: -71 [da:ee:aa:ff:09:9c]

RSSI: -50 [da:ee:aa:ff:0d:0a]

RSSI: -71 [da:ee:aa:ff:09:9c]

RSSI: -40 [da:ee:aa:ff:0d:0a]

RSSI: -73 [da:ee:aa:ff:09:9c]

RSSI: -40 [da:ee:aa:ff:0d:0a]

RSSI: -41 [da:ee:aa:ff:0d:0a]

RSSI: -72 [da:ee:aa:ff:09:ac]

RSSI: -53 [da:ee:aa:ff:0d:0a]

RSSI: -69 [da:ee:aa:ff:0a:9b]

RSSI: -47 [da:ee:aa:ff:0d:2a]

RSSI: -73 [da:ee:aa:ff:09:cc]

RSSI: -47 [da:ee:aa:ff:0d:2a]

RSSI: -73 [da:ee:aa:ff:09:cc]

RSSI: -47 [da:ee:aa:ff:0d:2a]

RSSI: -73 [da:ee:aa:ff:09:cc]

RSSI: -47 [da:ee:aa:ff:0d:2a]

RSSI: -73 [da:ee:aa:ff:09:cc]

RSSI: -54 [da:ee:aa:ff:0d:4a]

RSSI: -74 [da:ee:aa:ff:09:fc]

RSSI: -68 [da:ee:aa:ff:0a:cb]

RSSI: -75 [da:ee:aa:ff:09:fc]

RSSI: -67 [da:ee:aa:ff:0a:cb]

RSSI: -54 [da:ee:aa:ff:0d:5a]

RSSI: -75 [da:ee:aa:ff:09:fc]

RSSI: -68 [da:ee:aa:ff:0a:cb]

RSSI: -54 [da:ee:aa:ff:0d:5a]

RSSI: -74 [da:ee:aa:ff:09:fc]

RSSI: -68 [da:ee:aa:ff:0a:cb]

RSSI: -71 [da:ee:aa:ff:0a:0c]

RSSI: -55 [da:ee:aa:ff:0d:7a]

RSSI: -71 [da:ee:aa:ff:0a:0c]

RSSI: -55 [da:ee:aa:ff:0d:7a]

RSSI: -71 [da:ee:aa:ff:0a:0c]

RSSI: -55 [da:ee:aa:ff:0d:7a]

RSSI: -55 [da:ee:aa:ff:0d:7a]

RSSI: -73 [da:ee:aa:ff:0b:0b]

RSSI: -74 [da:ee:aa:ff:0a:3c]

RSSI: -48 [da:ee:aa:ff:0d:9a]

RSSI: -73 [da:ee:aa:ff:0b:0b]

RSSI: -48 [da:ee:aa:ff:0d:9a]

RSSI: -73 [da:ee:aa:ff:0b:0b]

RSSI: -74 [da:ee:aa:ff:0a:3c]

RSSI: -60 [da:ee:aa:ff:0d:ba]

RSSI: -61 [da:ee:aa:ff:0d:ba]

RSSI: -70 [da:ee:aa:ff:0b:4b]

RSSI: -73 [da:ee:aa:ff:0a:6c]

RSSI: -61 [da:ee:aa:ff:0d:ca]

RSSI: -70 [da:ee:aa:ff:0b:4b]

RSSI: -74 [da:ee:aa:ff:0a:6c]

RSSI: -61 [da:ee:aa:ff:0d:ca]

RSSI: -70 [da:ee:aa:ff:0b:4b]

RSSI: -71 [da:ee:aa:ff:0a:8c]

RSSI: -57 [da:ee:aa:ff:0d:ea]

RSSI: -72 [da:ee:aa:ff:0b:6b]

RSSI: -71 [da:ee:aa:ff:0a:8c]

RSSI: -57 [da:ee:aa:ff:0d:ea]

RSSI: -72 [da:ee:aa:ff:0b:6b]

RSSI: -71 [da:ee:aa:ff:0a:8c]

RSSI: -57 [da:ee:aa:ff:0d:ea]

RSSI: -72 [da:ee:aa:ff:0b:6b]

RSSI: -72 [da:ee:aa:ff:0a:8c]

RSSI: -57 [da:ee:aa:ff:0d:ea]

RSSI: -56 [da:ee:aa:ff:0b:ab]

RSSI: -49 [da:ee:aa:ff:0e:0a]

RSSI: -61 [da:ee:aa:ff:0e:1a]

RSSI: -72 [da:ee:aa:ff:0b:cb]

RSSI: -61 [da:ee:aa:ff:0e:1a]

RSSI: -60 [da:ee:aa:ff:0e:2a]

RSSI: -78 [da:ee:aa:ff:0a:ec]

RSSI: -60 [da:ee:aa:ff:0e:2a]

RSSI: -71 [da:ee:aa:ff:0b:db]

RSSI: -78 [da:ee:aa:ff:0a:ec]

RSSI: -70 [da:ee:aa:ff:0b:fb]

RSSI: -71 [da:ee:aa:ff:0b:fb]

RSSI: -70 [da:ee:aa:ff:0b:fb]

RSSI: -71 [da:ee:aa:ff:0b:fb]

RSSI: -71 [da:ee:aa:ff:0b:fb]

RSSI: -71 [da:ee:aa:ff:0c:1b]

RSSI: -47 [da:ee:aa:ff:0e:6a]

RSSI: -47 [da:ee:aa:ff:0e:6a]

RSSI: -72 [da:ee:aa:ff:0b:2c]

RSSI: -48 [da:ee:aa:ff:0e:6a]

RSSI: -52 [da:ee:aa:ff:0e:7a]

RSSI: -70 [da:ee:aa:ff:0c:4b]

RSSI: -78 [da:ee:aa:ff:0b:3c]

RSSI: -52 [da:ee:aa:ff:0e:7a]

RSSI: -69 [da:ee:aa:ff:0c:4b]

RSSI: -78 [da:ee:aa:ff:0b:3c]

RSSI: -69 [da:ee:aa:ff:0c:4b]

RSSI: -70 [da:ee:aa:ff:0c:4b]

RSSI: -52 [da:ee:aa:ff:0e:9a]

RSSI: -69 [da:ee:aa:ff:0c:4b]

RSSI: -70 [da:ee:aa:ff:0b:7c]

RSSI: -54 [da:ee:aa:ff:0e:aa]

RSSI: -68 [da:ee:aa:ff:0b:7c]

RSSI: -54 [da:ee:aa:ff:0e:aa]

RSSI: -70 [da:ee:aa:ff:0b:7c]

RSSI: -54 [da:ee:aa:ff:0e:aa]

RSSI: -69 [da:ee:aa:ff:0c:7b]

RSSI: -67 [da:ee:aa:ff:0b:7c]

RSSI: -53 [da:ee:aa:ff:0e:aa]

RSSI: -69 [da:ee:aa:ff:0c:7b]

RSSI: -71 [da:ee:aa:ff:0b:7c]

RSSI: -53 [da:ee:aa:ff:0e:aa]

RSSI: -69 [da:ee:aa:ff:0c:7b]

RSSI: -70 [da:ee:aa:ff:0c:9b]

RSSI: -72 [da:ee:aa:ff:0b:8c]

RSSI: -71 [da:ee:aa:ff:0c:9b]

RSSI: -70 [da:ee:aa:ff:0c:9b]

RSSI: -72 [da:ee:aa:ff:0b:ac]

RSSI: -70 [da:ee:aa:ff:0c:9b]

RSSI: -48 [da:ee:aa:ff:0e:ca]

RSSI: -73 [da:ee:aa:ff:0b:ac]

RSSI: -70 [da:ee:aa:ff:0c:9b]

RSSI: -49 [da:ee:aa:ff:0e:da]

RSSI: -77 [da:ee:aa:ff:0b:cc]

RSSI: -49 [da:ee:aa:ff:0e:da]

RSSI: -61 [da:ee:aa:ff:0c:bb]

RSSI: -78 [da:ee:aa:ff:0b:cc]

RSSI: -68 [da:ee:aa:ff:0c:bb]

RSSI: -77 [da:ee:aa:ff:0b:cc]

RSSI: -49 [da:ee:aa:ff:0e:fa]

RSSI: -50 [da:ee:aa:ff:0c:bb]

RSSI: -77 [da:ee:aa:ff:0b:cc]

RSSI: -49 [da:ee:aa:ff:0e:fa]

RSSI: -60 [da:ee:aa:ff:0c:db]

RSSI: -53 [da:ee:aa:ff:0f:0a]

RSSI: -68 [da:ee:aa:ff:0c:db]

RSSI: -53 [da:ee:aa:ff:0f:0a]

RSSI: -68 [da:ee:aa:ff:0c:db]

RSSI: -69 [da:ee:aa:ff:0c:db]

RSSI: -53 [da:ee:aa:ff:0f:0a]

RSSI: -72 [da:ee:aa:ff:0c:0c]

RSSI: -48 [da:ee:aa:ff:0f:3a]

RSSI: -73 [da:ee:aa:ff:0c:0c]

RSSI: -47 [da:ee:aa:ff:0f:3a]

RSSI: -71 [da:ee:aa:ff:0d:1b]

RSSI: -47 [da:ee:aa:ff:0f:3a]

RSSI: -47 [da:ee:aa:ff:0f:3a]

RSSI: -71 [da:ee:aa:ff:0d:1b]

RSSI: -73 [da:ee:aa:ff:0c:1c]

RSSI: -47 [da:ee:aa:ff:0f:3a]

RSSI: -49 [da:ee:aa:ff:0f:4a]

RSSI: -68 [da:ee:aa:ff:0d:3b]

RSSI: -77 [da:ee:aa:ff:0c:3c]

RSSI: -49 [da:ee:aa:ff:0f:4a]

RSSI: -69 [da:ee:aa:ff:0d:3b]

RSSI: -79 [da:ee:aa:ff:0c:3c]

RSSI: -68 [da:ee:aa:ff:0d:3b]

RSSI: -77 [da:ee:aa:ff:0c:3c]

RSSI: -55 [da:ee:aa:ff:0f:7a]

RSSI: -68 [da:ee:aa:ff:0d:6b]

RSSI: -55 [da:ee:aa:ff:0f:7a]

RSSI: -55 [da:ee:aa:ff:0f:7a]

RSSI: -55 [da:ee:aa:ff:0f:7a]

RSSI: -55 [da:ee:aa:ff:0f:7a]

RSSI: -72 [da:ee:aa:ff:0d:8b]

RSSI: -47 [da:ee:aa:ff:0f:9a]

RSSI: -72 [da:ee:aa:ff:0d:8b]

RSSI: -48 [da:ee:aa:ff:0f:9a]

RSSI: -75 [da:ee:aa:ff:0c:7c]

RSSI: -48 [da:ee:aa:ff:0f:9a]

RSSI: -75 [da:ee:aa:ff:0c:7c]

RSSI: -47 [da:ee:aa:ff:0f:9a]

RSSI: -72 [da:ee:aa:ff:0d:ab]

RSSI: -48 [da:ee:aa:ff:0f:9a]

RSSI: -76 [da:ee:aa:ff:0c:ac]

RSSI: -69 [da:ee:aa:ff:0d:cb]

RSSI: -37 [da:ee:aa:ff:0f:aa]

RSSI: -77 [da:ee:aa:ff:0c:ac]

RSSI: -68 [da:ee:aa:ff:0d:cb]

RSSI: -77 [da:ee:aa:ff:0c:ac]

RSSI: -68 [da:ee:aa:ff:0d:cb]

RSSI: -47 [da:ee:aa:ff:0f:ba]

RSSI: -68 [da:ee:aa:ff:0d:cb]

RSSI: -77 [da:ee:aa:ff:0c:ac]

RSSI: -69 [da:ee:aa:ff:0d:cb]

RSSI: -57 [da:ee:aa:ff:0f:ca]

RSSI: -69 [da:ee:aa:ff:0d:db]

RSSI: -57 [da:ee:aa:ff:0f:ca]

RSSI: -57 [da:ee:aa:ff:0f:ca]

RSSI: -72 [da:ee:aa:ff:0c:cc]

RSSI: -57 [da:ee:aa:ff:0f:ca]

RSSI: -52 [da:ee:aa:ff:0d:fb]

RSSI: -72 [da:ee:aa:ff:0c:cc]

RSSI: -58 [da:ee:aa:ff:0f:ca]

RSSI: -69 [da:ee:aa:ff:0d:fb]

RSSI: -73 [da:ee:aa:ff:0c:cc]

RSSI: -60 [da:ee:aa:ff:0e:0b]

RSSI: -47 [da:ee:aa:ff:0f:fa]

RSSI: -75 [da:ee:aa:ff:0c:ec]

RSSI: -55 [da:ee:aa:ff:0e:0b]

RSSI: -47 [da:ee:aa:ff:0f:fa]

RSSI: -75 [da:ee:aa:ff:0c:ec]

RSSI: -47 [da:ee:aa:ff:0f:fa]

RSSI: -75 [da:ee:aa:ff:0c:ec]

RSSI: -71 [da:ee:aa:ff:0e:0b]

RSSI: -47 [da:ee:aa:ff:0f:fa]

RSSI: -75 [da:ee:aa:ff:0c:ec]

RSSI: -71 [da:ee:aa:ff:0e:0b]

RSSI: -47 [da:ee:aa:ff:0f:fa]

RSSI: -50 [da:ee:aa:ff:10:0a]

RSSI: -50 [da:ee:aa:ff:10:0a]

RSSI: -68 [da:ee:aa:ff:0e:3b]

RSSI: -77 [da:ee:aa:ff:0d:1c]

RSSI: -68 [da:ee:aa:ff:0e:3b]

RSSI: -50 [da:ee:aa:ff:10:1a]

RSSI: -78 [da:ee:aa:ff:0d:1c]

RSSI: -50 [da:ee:aa:ff:10:1a]

RSSI: -78 [da:ee:aa:ff:0d:1c]

RSSI: -68 [da:ee:aa:ff:0e:3b]

RSSI: -70 [da:ee:aa:ff:0e:4b]

RSSI: -59 [da:ee:aa:ff:10:2a]

RSSI: -70 [da:ee:aa:ff:0e:4b]

RSSI: -59 [da:ee:aa:ff:10:2a]

RSSI: -70 [da:ee:aa:ff:0e:4b]

RSSI: -59 [da:ee:aa:ff:10:2a]

RSSI: -69 [da:ee:aa:ff:0e:4b]

RSSI: -59 [da:ee:aa:ff:10:2a]

RSSI: -73 [da:ee:aa:ff:0d:4c]

RSSI: -69 [da:ee:aa:ff:0e:4b]

RSSI: -59 [da:ee:aa:ff:10:2a]

RSSI: -47 [da:ee:aa:ff:10:5a]

RSSI: -71 [da:ee:aa:ff:0e:8b]

RSSI: -47 [da:ee:aa:ff:10:5a]

RSSI: -71 [da:ee:aa:ff:0e:8b]

RSSI: -47 [da:ee:aa:ff:10:5a]

RSSI: -47 [da:ee:aa:ff:10:5a]

RSSI: -72 [da:ee:aa:ff:0e:8b]

RSSI: -47 [da:ee:aa:ff:10:5a]

RSSI: -50 [da:ee:aa:ff:10:7a]

RSSI: -69 [da:ee:aa:ff:0e:ab]

RSSI: -49 [da:ee:aa:ff:10:7a]

RSSI: -69 [da:ee:aa:ff:0e:ab]

RSSI: -78 [da:ee:aa:ff:0d:9c]

RSSI: -49 [da:ee:aa:ff:10:8a]

RSSI: -79 [da:ee:aa:ff:0d:9c]

RSSI: -79 [da:ee:aa:ff:0d:9c]

RSSI: -69 [da:ee:aa:ff:0e:cb]

RSSI: -73 [da:ee:aa:ff:0d:bc]

RSSI: -61 [da:ee:aa:ff:10:9a]

RSSI: -69 [da:ee:aa:ff:0e:eb]

RSSI: -73 [da:ee:aa:ff:0d:bc]

RSSI: -70 [da:ee:aa:ff:0e:eb]

RSSI: -73 [da:ee:aa:ff:0d:bc]

RSSI: -60 [da:ee:aa:ff:10:9a]

RSSI: -69 [da:ee:aa:ff:0e:eb]

RSSI: -73 [da:ee:aa:ff:0d:bc]

RSSI: -60 [da:ee:aa:ff:10:9a]

RSSI: -69 [da:ee:aa:ff:0e:eb]

RSSI: -60 [da:ee:aa:ff:10:9a]

RSSI: -72 [da:ee:aa:ff:0e:fb]

RSSI: -47 [da:ee:aa:ff:10:ba]

RSSI: -72 [da:ee:aa:ff:0e:fb]

RSSI: -47 [da:ee:aa:ff:10:ba]

RSSI: -47 [da:ee:aa:ff:10:ba]

RSSI: -47 [da:ee:aa:ff:10:ba]

RSSI: -50 [da:ee:aa:ff:10:da]

RSSI: -80 [da:ee:aa:ff:0e:0c]

RSSI: -50 [da:ee:aa:ff:10:da]

RSSI: -50 [da:ee:aa:ff:10:fa]

RSSI: -69 [da:ee:aa:ff:0f:2b]

RSSI: -50 [da:ee:aa:ff:10:fa]

RSSI: -72 [da:ee:aa:ff:0e:3c]

RSSI: -70 [da:ee:aa:ff:0f:3b]

RSSI: -73 [da:ee:aa:ff:0e:3c]

RSSI: -71 [da:ee:aa:ff:0f:3b]

RSSI: -73 [da:ee:aa:ff:0e:3c]

RSSI: -61 [da:ee:aa:ff:11:0a]

RSSI: -70 [da:ee:aa:ff:0f:5b]

RSSI: -73 [da:ee:aa:ff:0e:3c]

RSSI: -61 [da:ee:aa:ff:11:0a]

RSSI: -70 [da:ee:aa:ff:0f:5b]

RSSI: -72 [da:ee:aa:ff:0e:3c]

RSSI: -61 [da:ee:aa:ff:11:0a]

RSSI: -47 [da:ee:aa:ff:11:3a]

RSSI: -73 [da:ee:aa:ff:0f:7b]

RSSI: -75 [da:ee:aa:ff:0e:7c]

RSSI: -47 [da:ee:aa:ff:11:3a]

RSSI: -73 [da:ee:aa:ff:0f:7b]

RSSI: -46 [da:ee:aa:ff:11:3a]

RSSI: -73 [da:ee:aa:ff:0f:7b]

RSSI: -74 [da:ee:aa:ff:0e:7c]

RSSI: -47 [da:ee:aa:ff:11:3a]

RSSI: -73 [da:ee:aa:ff:0f:7b]

RSSI: -73 [da:ee:aa:ff:0e:7c]

RSSI: -47 [da:ee:aa:ff:11:3a]

RSSI: -73 [da:ee:aa:ff:0f:7b]

RSSI: -51 [da:ee:aa:ff:11:4a]

RSSI: -70 [da:ee:aa:ff:0f:9b]

RSSI: -51 [da:ee:aa:ff:11:4a]

RSSI: -64 [da:ee:aa:ff:0e:8c]

RSSI: -70 [da:ee:aa:ff:0f:bb]

RSSI: -51 [da:ee:aa:ff:11:6a]

RSSI: -70 [da:ee:aa:ff:0f:bb]

RSSI: -51 [da:ee:aa:ff:11:6a]

RSSI: -70 [da:ee:aa:ff:0f:bb]

RSSI: -73 [da:ee:aa:ff:0e:ac]

RSSI: -51 [da:ee:aa:ff:11:6a]

RSSI: -72 [da:ee:aa:ff:0e:bc]

RSSI: -71 [da:ee:aa:ff:0f:db]

RSSI: -49 [da:ee:aa:ff:11:7a]

RSSI: -72 [da:ee:aa:ff:0e:bc]

RSSI: -71 [da:ee:aa:ff:0f:db]

RSSI: -72 [da:ee:aa:ff:0e:bc]

RSSI: -71 [da:ee:aa:ff:0f:db]

RSSI: -59 [da:ee:aa:ff:11:7a]

RSSI: -72 [da:ee:aa:ff:0e:bc]

RSSI: -71 [da:ee:aa:ff:0f:db]

RSSI: -62 [da:ee:aa:ff:11:7a]

RSSI: -72 [da:ee:aa:ff:0e:bc]

RSSI: -70 [da:ee:aa:ff:0f:db]

RSSI: -46 [da:ee:aa:ff:11:9a]

RSSI: -46 [da:ee:aa:ff:11:9a]

RSSI: -46 [da:ee:aa:ff:11:9a]

RSSI: -46 [da:ee:aa:ff:11:9a]

RSSI: -50 [da:ee:aa:ff:11:aa]

RSSI: -70 [da:ee:aa:ff:10:1b]

RSSI: -70 [da:ee:aa:ff:10:1b]

RSSI: -70 [da:ee:aa:ff:10:1b]

RSSI: -51 [da:ee:aa:ff:11:ba]

RSSI: -80 [da:ee:aa:ff:0e:fc]

RSSI: -69 [da:ee:aa:ff:10:1b]

RSSI: -51 [da:ee:aa:ff:11:ba]

RSSI: -80 [da:ee:aa:ff:0f:1c]

RSSI: -60 [da:ee:aa:ff:11:ca]

RSSI: -71 [da:ee:aa:ff:0f:2c]

RSSI: -70 [da:ee:aa:ff:10:4b]

RSSI: -60 [da:ee:aa:ff:11:ca]

RSSI: -71 [da:ee:aa:ff:0f:2c]

RSSI: -60 [da:ee:aa:ff:11:ca]

RSSI: -71 [da:ee:aa:ff:0f:2c]

RSSI: -66 [da:ee:aa:ff:10:4b]

RSSI: -60 [da:ee:aa:ff:11:ca]

RSSI: -71 [da:ee:aa:ff:0f:2c]

RSSI: -60 [da:ee:aa:ff:11:ca]

RSSI: -71 [da:ee:aa:ff:0f:2c]

RSSI: -69 [da:ee:aa:ff:10:4b]

RSSI: -72 [da:ee:aa:ff:10:6b]

RSSI: -73 [da:ee:aa:ff:0f:3c]

RSSI: -45 [da:ee:aa:ff:12:0a]

RSSI: -72 [da:ee:aa:ff:10:6b]

RSSI: -45 [da:ee:aa:ff:12:0a]

RSSI: -72 [da:ee:aa:ff:10:6b]

RSSI: -45 [da:ee:aa:ff:12:0a]

RSSI: -73 [da:ee:aa:ff:0f:4c]

RSSI: -45 [da:ee:aa:ff:12:0a]

RSSI: -72 [da:ee:aa:ff:0f:4c]

RSSI: -45 [da:ee:aa:ff:12:0a]

RSSI: -70 [da:ee:aa:ff:10:ab]

RSSI: -82 [da:ee:aa:ff:0f:5c]

RSSI: -50 [da:ee:aa:ff:12:2a]

RSSI: -70 [da:ee:aa:ff:10:ab]

RSSI: -81 [da:ee:aa:ff:0f:5c]

RSSI: -70 [da:ee:aa:ff:10:ab]

RSSI: -50 [da:ee:aa:ff:12:3a]

RSSI: -80 [da:ee:aa:ff:0f:5c]

RSSI: -70 [da:ee:aa:ff:10:ab]

RSSI: -50 [da:ee:aa:ff:12:3a]

RSSI: -82 [da:ee:aa:ff:0f:5c]

RSSI: -70 [da:ee:aa:ff:10:ab]

RSSI: -50 [da:ee:aa:ff:12:3a]

RSSI: -69 [da:ee:aa:ff:10:cb]

RSSI: -59 [da:ee:aa:ff:12:5a]

RSSI: -69 [da:ee:aa:ff:10:cb]

RSSI: -59 [da:ee:aa:ff:12:5a]

RSSI: -68 [da:ee:aa:ff:0f:8c]

RSSI: -69 [da:ee:aa:ff:10:cb]

RSSI: -59 [da:ee:aa:ff:12:5a]

RSSI: -71 [da:ee:aa:ff:0f:8c]

RSSI: -59 [da:ee:aa:ff:12:5a]

RSSI: -55 [da:ee:aa:ff:0f:8c]

RSSI: -59 [da:ee:aa:ff:12:5a]

RSSI: -73 [da:ee:aa:ff:0f:ac]

RSSI: -75 [da:ee:aa:ff:0f:bc]

RSSI: -81 [da:ee:aa:ff:0f:cc]

RSSI: -51 [da:ee:aa:ff:12:9a]

RSSI: -82 [da:ee:aa:ff:0f:cc]

RSSI: -51 [da:ee:aa:ff:12:9a]

RSSI: -82 [da:ee:aa:ff:0f:cc]

RSSI: -51 [da:ee:aa:ff:12:aa]

RSSI: -82 [da:ee:aa:ff:0f:cc]

RSSI: -51 [da:ee:aa:ff:12:aa]

RSSI: -82 [da:ee:aa:ff:0f:cc]

RSSI: -58 [da:ee:aa:ff:12:ca]

RSSI: -70 [da:ee:aa:ff:11:5b]

RSSI: -58 [da:ee:aa:ff:12:ca]

RSSI: -71 [da:ee:aa:ff:11:5b]

RSSI: -72 [da:ee:aa:ff:0f:fc]

RSSI: -57 [da:ee:aa:ff:12:ca]

RSSI: -71 [da:ee:aa:ff:11:5b]

RSSI: -72 [da:ee:aa:ff:0f:fc]

RSSI: -57 [da:ee:aa:ff:12:ca]

RSSI: -70 [da:ee:aa:ff:11:5b]

RSSI: -72 [da:ee:aa:ff:0f:fc]

RSSI: -57 [da:ee:aa:ff:12:ca]

RSSI: -70 [da:ee:aa:ff:11:5b]

RSSI: -69 [da:ee:aa:ff:11:7b]

RSSI: -73 [da:ee:aa:ff:10:1c]

RSSI: -47 [da:ee:aa:ff:12:fa]

RSSI: -73 [da:ee:aa:ff:10:1c]

RSSI: -46 [da:ee:aa:ff:12:fa]

RSSI: -47 [da:ee:aa:ff:12:fa]

RSSI: -50 [da:ee:aa:ff:13:0a]

RSSI: -71 [da:ee:aa:ff:11:bb]

RSSI: -79 [da:ee:aa:ff:10:3c]

RSSI: -50 [da:ee:aa:ff:13:0a]

RSSI: -71 [da:ee:aa:ff:11:bb]

RSSI: -78 [da:ee:aa:ff:10:3c]

RSSI: -71 [da:ee:aa:ff:11:bb]

RSSI: -79 [da:ee:aa:ff:10:3c]

RSSI: -50 [da:ee:aa:ff:13:1a]

RSSI: -71 [da:ee:aa:ff:11:bb]

RSSI: -78 [da:ee:aa:ff:10:3c]

RSSI: -50 [da:ee:aa:ff:13:1a]

RSSI: -71 [da:ee:aa:ff:11:bb]

RSSI: -79 [da:ee:aa:ff:10:3c]

RSSI: -71 [da:ee:aa:ff:10:5c]

RSSI: -71 [da:ee:aa:ff:11:cb]

RSSI: -56 [da:ee:aa:ff:13:2a]

RSSI: -71 [da:ee:aa:ff:10:5c]

RSSI: -56 [da:ee:aa:ff:13:2a]

RSSI: -56 [da:ee:aa:ff:13:2a]

RSSI: -56 [da:ee:aa:ff:13:2a]

RSSI: -56 [da:ee:aa:ff:13:2a]

RSSI: -71 [da:ee:aa:ff:10:9c]

RSSI: -70 [da:ee:aa:ff:11:fb]

RSSI: -68 [da:ee:aa:ff:10:9c]

RSSI: -71 [da:ee:aa:ff:10:9c]

RSSI: -48 [da:ee:aa:ff:13:6a]

RSSI: -75 [da:ee:aa:ff:10:cc]

RSSI: -48 [da:ee:aa:ff:13:6a]

RSSI: -74 [da:ee:aa:ff:10:cc]

RSSI: -70 [da:ee:aa:ff:12:3b]

RSSI: -76 [da:ee:aa:ff:10:cc]

RSSI: -48 [da:ee:aa:ff:13:8a]

RSSI: -70 [da:ee:aa:ff:12:3b]

RSSI: -75 [da:ee:aa:ff:10:cc]

RSSI: -73 [da:ee:aa:ff:10:dc]

RSSI: -72 [da:ee:aa:ff:10:dc]

RSSI: -72 [da:ee:aa:ff:10:dc]

RSSI: -72 [da:ee:aa:ff:10:fc]

RSSI: -47 [da:ee:aa:ff:13:ca]

RSSI: -47 [da:ee:aa:ff:13:ca]

RSSI: -70 [da:ee:aa:ff:12:7b]

RSSI: -47 [da:ee:aa:ff:13:ca]

RSSI: -70 [da:ee:aa:ff:12:7b]

RSSI: -47 [da:ee:aa:ff:13:ca]

RSSI: -70 [da:ee:aa:ff:12:7b]

RSSI: -47 [da:ee:aa:ff:13:ca]

RSSI: -75 [da:ee:aa:ff:11:0c]

RSSI: -48 [da:ee:aa:ff:13:da]

RSSI: -61 [da:ee:aa:ff:12:9b]

RSSI: -76 [da:ee:aa:ff:11:1c]

RSSI: -53 [da:ee:aa:ff:12:9b]

RSSI: -75 [da:ee:aa:ff:11:1c]

RSSI: -48 [da:ee:aa:ff:13:fa]

RSSI: -53 [da:ee:aa:ff:12:9b]

RSSI: -76 [da:ee:aa:ff:11:1c]

RSSI: -48 [da:ee:aa:ff:13:fa]

RSSI: -71 [da:ee:aa:ff:11:2c]

RSSI: -56 [da:ee:aa:ff:14:0a]

RSSI: -71 [da:ee:aa:ff:11:2c]

RSSI: -74 [da:ee:aa:ff:12:db]

RSSI: -56 [da:ee:aa:ff:14:0a]

RSSI: -74 [da:ee:aa:ff:12:db]

RSSI: -56 [da:ee:aa:ff:14:0a]

RSSI: -71 [da:ee:aa:ff:11:2c]

RSSI: -74 [da:ee:aa:ff:12:db]

RSSI: -56 [da:ee:aa:ff:14:0a]

RSSI: -71 [da:ee:aa:ff:11:2c]

RSSI: -74 [da:ee:aa:ff:12:db]

RSSI: -56 [da:ee:aa:ff:14:0a]

RSSI: -47 [da:ee:aa:ff:14:2a]

RSSI: -48 [da:ee:aa:ff:14:2a]

RSSI: -47 [da:ee:aa:ff:14:2a]

RSSI: -65 [da:ee:aa:ff:11:5c]

RSSI: -63 [da:ee:aa:ff:11:5c]

RSSI: -70 [da:ee:aa:ff:13:2b]

RSSI: -41 [da:ee:aa:ff:14:4a]

RSSI: -76 [da:ee:aa:ff:11:7c]

RSSI: -70 [da:ee:aa:ff:13:2b]

RSSI: -50 [da:ee:aa:ff:14:4a]

RSSI: -76 [da:ee:aa:ff:11:7c]

RSSI: -71 [da:ee:aa:ff:13:2b]

RSSI: -70 [da:ee:aa:ff:13:2b]

RSSI: -36 [da:ee:aa:ff:14:5a]

RSSI: -70 [da:ee:aa:ff:13:2b]

RSSI: -37 [da:ee:aa:ff:14:5a]

RSSI: -56 [da:ee:aa:ff:14:6a]

RSSI: -56 [da:ee:aa:ff:14:6a]

RSSI: -56 [da:ee:aa:ff:14:6a]

RSSI: -71 [da:ee:aa:ff:11:ac]

RSSI: -56 [da:ee:aa:ff:14:6a]

RSSI: -71 [da:ee:aa:ff:13:7b]

RSSI: -48 [da:ee:aa:ff:14:8a]

RSSI: -71 [da:ee:aa:ff:13:7b]

RSSI: -48 [da:ee:aa:ff:14:8a]

RSSI: -71 [da:ee:aa:ff:13:7b]

RSSI: -72 [da:ee:aa:ff:11:dc]

RSSI: -48 [da:ee:aa:ff:14:8a]

RSSI: -71 [da:ee:aa:ff:13:7b]

RSSI: -73 [da:ee:aa:ff:11:dc]

RSSI: -48 [da:ee:aa:ff:14:8a]

RSSI: -71 [da:ee:aa:ff:13:7b]

RSSI: -72 [da:ee:aa:ff:11:dc]

RSSI: -52 [da:ee:aa:ff:14:9a]

RSSI: -70 [da:ee:aa:ff:13:9b]

RSSI: -78 [da:ee:aa:ff:11:fc]

RSSI: -52 [da:ee:aa:ff:14:9a]

RSSI: -70 [da:ee:aa:ff:13:9b]

RSSI: -78 [da:ee:aa:ff:11:fc]

RSSI: -78 [da:ee:aa:ff:11:fc]

RSSI: -71 [da:ee:aa:ff:13:bb]

RSSI: -78 [da:ee:aa:ff:11:fc]

RSSI: -64 [da:ee:aa:ff:13:cb]

RSSI: -71 [da:ee:aa:ff:12:3c]

RSSI: -56 [da:ee:aa:ff:14:ba]

RSSI: -72 [da:ee:aa:ff:12:3c]

RSSI: -55 [da:ee:aa:ff:14:ba]

RSSI: -71 [da:ee:aa:ff:12:3c]

RSSI: -55 [da:ee:aa:ff:14:ba]

RSSI: -67 [da:ee:aa:ff:13:cb]

RSSI: -71 [da:ee:aa:ff:12:3c]

RSSI: -55 [da:ee:aa:ff:14:ba]

RSSI: -67 [da:ee:aa:ff:13:cb]

RSSI: -72 [da:ee:aa:ff:12:3c]

RSSI: -55 [da:ee:aa:ff:14:ba]

RSSI: -71 [da:ee:aa:ff:13:eb]

RSSI: -74 [da:ee:aa:ff:12:5c]

RSSI: -47 [da:ee:aa:ff:14:da]

RSSI: -47 [da:ee:aa:ff:14:da]

RSSI: -71 [da:ee:aa:ff:14:0b]

RSSI: -47 [da:ee:aa:ff:14:da]

RSSI: -70 [da:ee:aa:ff:14:0b]

RSSI: -71 [da:ee:aa:ff:14:2b]

RSSI: -52 [da:ee:aa:ff:14:ea]

RSSI: -71 [da:ee:aa:ff:14:2b]

RSSI: -52 [da:ee:aa:ff:14:ea]

RSSI: -79 [da:ee:aa:ff:12:8c]

RSSI: -71 [da:ee:aa:ff:14:2b]

RSSI: -76 [da:ee:aa:ff:12:8c]

RSSI: -39 [da:ee:aa:ff:15:0a]

RSSI: -48 [da:ee:aa:ff:15:0a]

RSSI: -71 [da:ee:aa:ff:12:8c]

RSSI: -68 [da:ee:aa:ff:12:ac]

RSSI: -42 [da:ee:aa:ff:15:1a]

RSSI: -56 [da:ee:aa:ff:15:1a]

RSSI: -71 [da:ee:aa:ff:12:ac]

RSSI: -55 [da:ee:aa:ff:15:1a]

RSSI: -55 [da:ee:aa:ff:15:1a]

RSSI: -71 [da:ee:aa:ff:12:cc]

RSSI: -55 [da:ee:aa:ff:15:1a]

RSSI: -73 [da:ee:aa:ff:12:dc]

RSSI: -70 [da:ee:aa:ff:14:8b]

RSSI: -73 [da:ee:aa:ff:12:dc]

RSSI: -46 [da:ee:aa:ff:15:4a]

RSSI: -70 [da:ee:aa:ff:14:8b]

RSSI: -73 [da:ee:aa:ff:12:dc]

RSSI: -46 [da:ee:aa:ff:15:4a]

RSSI: -70 [da:ee:aa:ff:14:8b]

RSSI: -73 [da:ee:aa:ff:12:dc]

RSSI: -46 [da:ee:aa:ff:15:4a]

RSSI: -70 [da:ee:aa:ff:14:8b]

RSSI: -73 [da:ee:aa:ff:12:dc]

RSSI: -53 [da:ee:aa:ff:15:5a]

RSSI: -79 [da:ee:aa:ff:12:fc]

RSSI: -53 [da:ee:aa:ff:15:5a]

RSSI: -71 [da:ee:aa:ff:14:cb]

RSSI: -79 [da:ee:aa:ff:13:1c]

RSSI: -71 [da:ee:aa:ff:14:cb]

RSSI: -79 [da:ee:aa:ff:13:1c]

RSSI: -53 [da:ee:aa:ff:15:6a]

RSSI: -71 [da:ee:aa:ff:14:cb]

RSSI: -53 [da:ee:aa:ff:15:6a]

RSSI: -70 [da:ee:aa:ff:13:2c]

RSSI: -54 [da:ee:aa:ff:15:8a]

RSSI: -71 [da:ee:aa:ff:13:2c]

RSSI: -54 [da:ee:aa:ff:15:8a]

RSSI: -71 [da:ee:aa:ff:13:2c]

RSSI: -71 [da:ee:aa:ff:13:2c]

RSSI: -54 [da:ee:aa:ff:15:8a]

RSSI: -71 [da:ee:aa:ff:13:2c]

RSSI: -72 [da:ee:aa:ff:13:5c]

RSSI: -45 [da:ee:aa:ff:15:ba]

RSSI: -73 [da:ee:aa:ff:13:5c]

RSSI: -45 [da:ee:aa:ff:15:ba]

RSSI: -52 [da:ee:aa:ff:15:2b]

RSSI: -73 [da:ee:aa:ff:13:5c]

RSSI: -45 [da:ee:aa:ff:15:ba]

RSSI: -60 [da:ee:aa:ff:15:2b]

RSSI: -72 [da:ee:aa:ff:13:5c]

RSSI: -45 [da:ee:aa:ff:15:ba]

RSSI: -79 [da:ee:aa:ff:13:7c]

RSSI: -70 [da:ee:aa:ff:15:4b]

RSSI: -55 [da:ee:aa:ff:15:da]

RSSI: -79 [da:ee:aa:ff:13:7c]

RSSI: -70 [da:ee:aa:ff:15:4b]

RSSI: -55 [da:ee:aa:ff:15:ea]

RSSI: -70 [da:ee:aa:ff:15:4b]

RSSI: -79 [da:ee:aa:ff:13:9c]

RSSI: -56 [da:ee:aa:ff:15:ea]

RSSI: -56 [da:ee:aa:ff:15:fa]

RSSI: -40 [da:ee:aa:ff:15:fa]

RSSI: -53 [da:ee:aa:ff:15:fa]

RSSI: -72 [da:ee:aa:ff:13:cc]

RSSI: -72 [da:ee:aa:ff:15:ab]

RSSI: -45 [da:ee:aa:ff:16:2a]

RSSI: -72 [da:ee:aa:ff:15:ab]

RSSI: -45 [da:ee:aa:ff:16:2a]

RSSI: -45 [da:ee:aa:ff:16:2a]

RSSI: -45 [da:ee:aa:ff:16:2a]

RSSI: -72 [da:ee:aa:ff:13:dc]

RSSI: -70 [da:ee:aa:ff:15:eb]

RSSI: -78 [da:ee:aa:ff:13:fc]

RSSI: -61 [da:ee:aa:ff:16:4a]

RSSI: -70 [da:ee:aa:ff:15:eb]

RSSI: -79 [da:ee:aa:ff:13:fc]

RSSI: -61 [da:ee:aa:ff:16:4a]

RSSI: -70 [da:ee:aa:ff:15:eb]

RSSI: -78 [da:ee:aa:ff:13:fc]

RSSI: -70 [da:ee:aa:ff:15:eb]

RSSI: -61 [da:ee:aa:ff:16:5a]

RSSI: -79 [da:ee:aa:ff:13:fc]

RSSI: -70 [da:ee:aa:ff:15:eb]

RSSI: -61 [da:ee:aa:ff:16:5a]

RSSI: -55 [da:ee:aa:ff:16:6a]

RSSI: -71 [da:ee:aa:ff:14:1c]

RSSI: -72 [da:ee:aa:ff:15:fb]

RSSI: -55 [da:ee:aa:ff:16:6a]

RSSI: -71 [da:ee:aa:ff:14:1c]

RSSI: -72 [da:ee:aa:ff:15:fb]

RSSI: -55 [da:ee:aa:ff:16:6a]

RSSI: -72 [da:ee:aa:ff:14:1c]

RSSI: -72 [da:ee:aa:ff:15:fb]

RSSI: -55 [da:ee:aa:ff:16:6a]

RSSI: -72 [da:ee:aa:ff:16:1b]

RSSI: -73 [da:ee:aa:ff:16:2b]

RSSI: -73 [da:ee:aa:ff:14:3c]

RSSI: -73 [da:ee:aa:ff:16:2b]

RSSI: -47 [da:ee:aa:ff:00:1a]

RSSI: -72 [da:ee:aa:ff:14:3c]

RSSI: -73 [da:ee:aa:ff:16:2b]

RSSI: -47 [da:ee:aa:ff:00:1a]

RSSI: -72 [da:ee:aa:ff:16:2b]

RSSI: -47 [da:ee:aa:ff:00:1a]

RSSI: -78 [da:ee:aa:ff:14:6c]

RSSI: -77 [da:ee:aa:ff:14:6c]

RSSI: -77 [da:ee:aa:ff:14:6c]

RSSI: -70 [da:ee:aa:ff:16:4b]

RSSI: -52 [da:ee:aa:ff:16:4b]

RSSI: -72 [da:ee:aa:ff:14:8c]

RSSI: -72 [da:ee:aa:ff:14:9c]

RSSI: -72 [da:ee:aa:ff:14:9c]

RSSI: -55 [da:ee:aa:ff:00:5a]

RSSI: -73 [da:ee:aa:ff:00:0b]

RSSI: -54 [da:ee:aa:ff:14:ac]

RSSI: -73 [da:ee:aa:ff:00:0b]

RSSI: -68 [da:ee:aa:ff:14:ac]

RSSI: -68 [da:ee:aa:ff:14:ac]

RSSI: -72 [da:ee:aa:ff:14:ac]

RSSI: -57 [da:ee:aa:ff:00:aa]

RSSI: -71 [da:ee:aa:ff:00:4b]

RSSI: -57 [da:ee:aa:ff:00:aa]

RSSI: -70 [da:ee:aa:ff:00:4b]

RSSI: -77 [da:ee:aa:ff:14:cc]

RSSI: -57 [da:ee:aa:ff:00:aa]

RSSI: -70 [da:ee:aa:ff:00:4b]

RSSI: -78 [da:ee:aa:ff:14:cc]

RSSI: -70 [da:ee:aa:ff:00:4b]

RSSI: -78 [da:ee:aa:ff:14:cc]

RSSI: -58 [da:ee:aa:ff:00:ca]

RSSI: -70 [da:ee:aa:ff:00:4b]

RSSI: -77 [da:ee:aa:ff:14:cc]

RSSI: -72 [da:ee:aa:ff:14:ec]

RSSI: -56 [da:ee:aa:ff:00:da]

RSSI: -72 [da:ee:aa:ff:14:ec]

RSSI: -56 [da:ee:aa:ff:00:da]

RSSI: -72 [da:ee:aa:ff:14:ec]

RSSI: -73 [da:ee:aa:ff:15:0c]

RSSI: -48 [da:ee:aa:ff:00:fa]

RSSI: -73 [da:ee:aa:ff:15:1c]

RSSI: -75 [da:ee:aa:ff:00:ab]

RSSI: -73 [da:ee:aa:ff:15:1c]

RSSI: -74 [da:ee:aa:ff:00:ab]

RSSI: -48 [da:ee:aa:ff:01:0a]

RSSI: -74 [da:ee:aa:ff:15:1c]

RSSI: -75 [da:ee:aa:ff:00:ab]

RSSI: -48 [da:ee:aa:ff:01:0a]

RSSI: -74 [da:ee:aa:ff:15:1c]

RSSI: -75 [da:ee:aa:ff:00:ab]

RSSI: -59 [da:ee:aa:ff:01:1a]

RSSI: -59 [da:ee:aa:ff:01:1a]

RSSI: -59 [da:ee:aa:ff:01:1a]

RSSI: -59 [da:ee:aa:ff:01:2a]

RSSI: -73 [da:ee:aa:ff:15:7c]

RSSI: -58 [da:ee:aa:ff:01:4a]

RSSI: -71 [da:ee:aa:ff:00:fb]

RSSI: -73 [da:ee:aa:ff:15:7c]

RSSI: -58 [da:ee:aa:ff:01:4a]

RSSI: -72 [da:ee:aa:ff:00:fb]

RSSI: -73 [da:ee:aa:ff:15:7c]

RSSI: -58 [da:ee:aa:ff:01:4a]

RSSI: -72 [da:ee:aa:ff:00:fb]

RSSI: -73 [da:ee:aa:ff:15:7c]

RSSI: -58 [da:ee:aa:ff:01:4a]

RSSI: -72 [da:ee:aa:ff:00:fb]

RSSI: -73 [da:ee:aa:ff:15:7c]

RSSI: -58 [da:ee:aa:ff:01:4a]

RSSI: -72 [da:ee:aa:ff:00:fb]

RSSI: -47 [da:ee:aa:ff:01:5a]

RSSI: -73 [da:ee:aa:ff:15:ac]

RSSI: -73 [da:ee:aa:ff:15:ac]

RSSI: -74 [da:ee:aa:ff:01:3b]

RSSI: -74 [da:ee:aa:ff:01:3b]

RSSI: -58 [da:ee:aa:ff:01:3b]

RSSI: -62 [da:ee:aa:ff:01:9a]

RSSI: -62 [da:ee:aa:ff:01:9a]

RSSI: -72 [da:ee:aa:ff:01:5b]

RSSI: -76 [da:ee:aa:ff:15:dc]

RSSI: -72 [da:ee:aa:ff:01:5b]

RSSI: -76 [da:ee:aa:ff:15:dc]

RSSI: -56 [da:ee:aa:ff:01:ca]

RSSI: -73 [da:ee:aa:ff:15:fc]

RSSI: -56 [da:ee:aa:ff:01:ca]

RSSI: -72 [da:ee:aa:ff:01:8b]

RSSI: -74 [da:ee:aa:ff:15:fc]

RSSI: -56 [da:ee:aa:ff:01:ca]

RSSI: -72 [da:ee:aa:ff:01:8b]

RSSI: -74 [da:ee:aa:ff:15:fc]

RSSI: -56 [da:ee:aa:ff:01:ca]

RSSI: -72 [da:ee:aa:ff:01:8b]

RSSI: -73 [da:ee:aa:ff:15:fc]

RSSI: -56 [da:ee:aa:ff:01:ca]

RSSI: -72 [da:ee:aa:ff:01:8b]

RSSI: -47 [da:ee:aa:ff:01:da]

RSSI: -74 [da:ee:aa:ff:01:ab]

RSSI: -73 [da:ee:aa:ff:16:1c]

RSSI: -73 [da:ee:aa:ff:01:ab]

RSSI: -73 [da:ee:aa:ff:16:1c]

RSSI: -47 [da:ee:aa:ff:01:fa]

RSSI: -73 [da:ee:aa:ff:16:1c]

RSSI: -47 [da:ee:aa:ff:01:fa]

RSSI: -58 [da:ee:aa:ff:02:1a]

RSSI: -76 [da:ee:aa:ff:16:2c]

RSSI: -58 [da:ee:aa:ff:02:1a]

RSSI: -76 [da:ee:aa:ff:16:2c]

RSSI: -58 [da:ee:aa:ff:02:1a]

RSSI: -58 [da:ee:aa:ff:02:1a]

RSSI: -59 [da:ee:aa:ff:02:1a]

RSSI: -72 [da:ee:aa:ff:01:eb]

RSSI: -74 [da:ee:aa:ff:16:5c]

RSSI: -54 [da:ee:aa:ff:02:3a]

RSSI: -72 [da:ee:aa:ff:01:eb]

RSSI: -73 [da:ee:aa:ff:16:5c]

RSSI: -54 [da:ee:aa:ff:02:3a]

RSSI: -72 [da:ee:aa:ff:01:eb]

RSSI: -73 [da:ee:aa:ff:16:5c]

RSSI: -54 [da:ee:aa:ff:02:3a]

RSSI: -72 [da:ee:aa:ff:01:eb]

RSSI: -73 [da:ee:aa:ff:16:5c]

RSSI: -73 [da:ee:aa:ff:16:5c]

RSSI: -47 [da:ee:aa:ff:02:5a]

RSSI: -48 [da:ee:aa:ff:02:5a]

RSSI: -48 [da:ee:aa:ff:02:5a]

RSSI: -72 [da:ee:aa:ff:02:2b]

RSSI: -47 [da:ee:aa:ff:02:8a]

RSSI: -72 [da:ee:aa:ff:02:7b]

RSSI: -74 [da:ee:aa:ff:00:6c]

RSSI: -48 [da:ee:aa:ff:02:ca]

RSSI: -74 [da:ee:aa:ff:00:6c]

RSSI: -48 [da:ee:aa:ff:02:ca]

RSSI: -48 [da:ee:aa:ff:02:ca]

RSSI: -74 [da:ee:aa:ff:00:6c]

RSSI: -74 [da:ee:aa:ff:00:6c]

RSSI: -77 [da:ee:aa:ff:00:ac]

RSSI: -71 [da:ee:aa:ff:02:cb]

RSSI: -77 [da:ee:aa:ff:00:ac]

RSSI: -71 [da:ee:aa:ff:02:cb]

RSSI: -77 [da:ee:aa:ff:00:ac]

RSSI: -71 [da:ee:aa:ff:02:cb]

RSSI: -78 [da:ee:aa:ff:00:ac]

RSSI: -71 [da:ee:aa:ff:02:cb]

RSSI: -73 [da:ee:aa:ff:00:cc]

RSSI: -73 [da:ee:aa:ff:02:db]

RSSI: -73 [da:ee:aa:ff:00:cc]

RSSI: -55 [da:ee:aa:ff:03:2a]

RSSI: -55 [da:ee:aa:ff:03:2a]

RSSI: -74 [da:ee:aa:ff:02:fb]

RSSI: -49 [da:ee:aa:ff:03:3a]

RSSI: -73 [da:ee:aa:ff:00:fc]

RSSI: -72 [da:ee:aa:ff:03:1b]

RSSI: -49 [da:ee:aa:ff:03:3a]

RSSI: -74 [da:ee:aa:ff:00:fc]

RSSI: -72 [da:ee:aa:ff:03:1b]

RSSI: -49 [da:ee:aa:ff:03:3a]

RSSI: -71 [da:ee:aa:ff:03:1b]

RSSI: -73 [da:ee:aa:ff:00:fc]

RSSI: -53 [da:ee:aa:ff:03:5a]

RSSI: -69 [da:ee:aa:ff:03:3b]

RSSI: -76 [da:ee:aa:ff:01:0c]

RSSI: -53 [da:ee:aa:ff:03:5a]

RSSI: -76 [da:ee:aa:ff:01:1c]

RSSI: -53 [da:ee:aa:ff:03:5a]

RSSI: -76 [da:ee:aa:ff:01:1c]

RSSI: -54 [da:ee:aa:ff:03:5a]

RSSI: -69 [da:ee:aa:ff:03:4b]

RSSI: -76 [da:ee:aa:ff:01:1c]

RSSI: -53 [da:ee:aa:ff:03:5a]

RSSI: -69 [da:ee:aa:ff:03:4b]

RSSI: -57 [da:ee:aa:ff:03:6b]

RSSI: -56 [da:ee:aa:ff:03:7a]

RSSI: -64 [da:ee:aa:ff:03:6b]

RSSI: -72 [da:ee:aa:ff:01:3c]

RSSI: -65 [da:ee:aa:ff:03:6b]

RSSI: -51 [da:ee:aa:ff:03:8a]

RSSI: -74 [da:ee:aa:ff:03:6b]

RSSI: -46 [da:ee:aa:ff:03:8a]

RSSI: -48 [da:ee:aa:ff:03:aa]

RSSI: -48 [da:ee:aa:ff:03:aa]

RSSI: -68 [da:ee:aa:ff:01:6c]

RSSI: -48 [da:ee:aa:ff:03:aa]

RSSI: -48 [da:ee:aa:ff:03:aa]

RSSI: -72 [da:ee:aa:ff:03:9b]

RSSI: -67 [da:ee:aa:ff:01:6c]

RSSI: -48 [da:ee:aa:ff:03:aa]

RSSI: -72 [da:ee:aa:ff:03:9b]

RSSI: -54 [da:ee:aa:ff:03:ea]

RSSI: -54 [da:ee:aa:ff:03:ea]

RSSI: -54 [da:ee:aa:ff:03:ea]

RSSI: -68 [da:ee:aa:ff:03:bb]

RSSI: -54 [da:ee:aa:ff:03:ea]

RSSI: -76 [da:ee:aa:ff:01:9c]

RSSI: -68 [da:ee:aa:ff:03:bb]

RSSI: -54 [da:ee:aa:ff:03:ea]

RSSI: -55 [da:ee:aa:ff:04:0a]

RSSI: -72 [da:ee:aa:ff:01:bc]

RSSI: -55 [da:ee:aa:ff:04:0a]

RSSI: -72 [da:ee:aa:ff:01:bc]

RSSI: -55 [da:ee:aa:ff:04:2a]

RSSI: -55 [da:ee:aa:ff:04:2a]

RSSI: -72 [da:ee:aa:ff:04:1b]

RSSI: -73 [da:ee:aa:ff:04:1b]

RSSI: -48 [da:ee:aa:ff:04:3a]

RSSI: -72 [da:ee:aa:ff:04:1b]

RSSI: -47 [da:ee:aa:ff:04:3a]

RSSI: -74 [da:ee:aa:ff:01:ec]

RSSI: -72 [da:ee:aa:ff:04:1b]

RSSI: -48 [da:ee:aa:ff:04:3a]

RSSI: -74 [da:ee:aa:ff:01:ec]

RSSI: -73 [da:ee:aa:ff:04:1b]

RSSI: -47 [da:ee:aa:ff:04:3a]

RSSI: -74 [da:ee:aa:ff:01:ec]

RSSI: -54 [da:ee:aa:ff:04:7a]

RSSI: -54 [da:ee:aa:ff:04:7a]

RSSI: -69 [da:ee:aa:ff:04:4b]

RSSI: -54 [da:ee:aa:ff:04:7a]

RSSI: -69 [da:ee:aa:ff:04:4b]

RSSI: -54 [da:ee:aa:ff:04:7a]

RSSI: -68 [da:ee:aa:ff:04:4b]

RSSI: -54 [da:ee:aa:ff:04:7a]

RSSI: -55 [da:ee:aa:ff:04:8a]

RSSI: -55 [da:ee:aa:ff:04:8a]

RSSI: -55 [da:ee:aa:ff:04:8a]

RSSI: -72 [da:ee:aa:ff:02:3c]

RSSI: -56 [da:ee:aa:ff:04:aa]

RSSI: -71 [da:ee:aa:ff:04:6b]
