
RSSI: -46 [da:ee:aa:ff:05:da]

RSSI: -75 [da:ee:aa:ff:03:2c]

RSSI: -73 [da:ee:aa:ff:0a:5b]

RSSI: -49 [da:ee:aa:ff:0f:5a]

RSSI: -73 [da:ee:aa:ff:0a:5b]

RSSI: -76 [da:ee:aa:ff:0b:2c]

RSSI: -49 [da:ee:aa:ff:0f:7a]

RSSI: -76 [da:ee:aa:ff:0b:2c]

RSSI: -48 [da:ee:aa:ff:0f:9a]

RSSI: -62 [da:ee:aa:ff:0b:3c]

RSSI: -70 [da:ee:aa:ff:0a:9b]

RSSI: -46 [da:ee:aa:ff:0f:9a]

RSSI: -67 [da:ee:aa:ff:0b:3c]

RSSI: -70 [da:ee:aa:ff:0a:9b]

RSSI: -42 [da:ee:aa:ff:0f:9a]

RSSI: -60 [da:ee:aa:ff:0b:3c]

RSSI: -70 [da:ee:aa:ff:0a:9b]

RSSI: -46 [da:ee:aa:ff:0f:9a]

RSSI: -69 [da:ee:aa:ff:0a:9b]

RSSI: -75 [da:ee:aa:ff:0b:3c]

RSSI: -70 [da:ee:aa:ff:0a:9b]

RSSI: -56 [da:ee:aa:ff:0f:aa]

RSSI: -74 [da:ee:aa:ff:0b:5c]

RSSI: -68 [da:ee:aa:ff:0a:bb]

RSSI: -74 [da:ee:aa:ff:0b:5c]

RSSI: -68 [da:ee:aa:ff:0a:bb]

RSSI: -57 [da:ee:aa:ff:0f:ca]

RSSI: -73 [da:ee:aa:ff:0b:5c]

RSSI: -57 [da:ee:aa:ff:0f:ca]

RSSI: -71 [da:ee:aa:ff:0a:db]

RSSI: -49 [da:ee:aa:ff:0f:ea]

RSSI: -77 [da:ee:aa:ff:0b:7c]

RSSI: -49 [da:ee:aa:ff:0f:ea]

RSSI: -75 [da:ee:aa:ff:0b:7c]

RSSI: -49 [da:ee:aa:ff:0f:ea]

RSSI: -72 [da:ee:aa:ff:0a:db]

RSSI: -49 [da:ee:aa:ff:0f:ea]

RSSI: -71 [da:ee:aa:ff:0a:db]

RSSI: -49 [da:ee:aa:ff:0f:ea]

RSSI: -46 [da:ee:aa:ff:0f:fa]

RSSI: -73 [da:ee:aa:ff:0b:9c]

RSSI: -46 [da:ee:aa:ff:10:1a]

RSSI: -69 [da:ee:aa:ff:0b:0b]

RSSI: -46 [da:ee:aa:ff:10:1a]

RSSI: -73 [da:ee:aa:ff:0b:9c]

RSSI: -73 [da:ee:aa:ff:0b:ac]

RSSI: -57 [da:ee:aa:ff:10:3a]

RSSI: -57 [da:ee:aa:ff:10:3a]

RSSI: -73 [da:ee:aa:ff:0b:cc]

RSSI: -57 [da:ee:aa:ff:10:3a]

RSSI: -73 [da:ee:aa:ff:0b:cc]

RSSI: -57 [da:ee:aa:ff:10:3a]

RSSI: -74 [da:ee:aa:ff:0b:cc]

RSSI: -57 [da:ee:aa:ff:10:3a]

RSSI: -47 [da:ee:aa:ff:10:4a]

RSSI: -73 [da:ee:aa:ff:0b:dc]

RSSI: -74 [da:ee:aa:ff:0b:dc]

RSSI: -71 [da:ee:aa:ff:0b:4b]

RSSI: -48 [da:ee:aa:ff:10:6a]

RSSI: -74 [da:ee:aa:ff:0b:dc]

RSSI: -52 [da:ee:aa:ff:0b:4b]

RSSI: -47 [da:ee:aa:ff:10:6a]

RSSI: -46 [da:ee:aa:ff:10:7a]

RSSI: -46 [da:ee:aa:ff:10:7a]

RSSI: -70 [da:ee:aa:ff:0b:6b]

RSSI: -46 [da:ee:aa:ff:10:7a]

RSSI: -55 [da:ee:aa:ff:10:8a]

RSSI: -69 [da:ee:aa:ff:0b:9b]

RSSI: -55 [da:ee:aa:ff:10:aa]

RSSI: -58 [da:ee:aa:ff:0c:1c]

RSSI: -74 [da:ee:aa:ff:0c:1c]

RSSI: -69 [da:ee:aa:ff:0c:1c]

RSSI: -76 [da:ee:aa:ff:0c:3c]

RSSI: -76 [da:ee:aa:ff:0c:3c]

RSSI: -71 [da:ee:aa:ff:0b:bb]

RSSI: -75 [da:ee:aa:ff:0c:3c]

RSSI: -71 [da:ee:aa:ff:0b:bb]

RSSI: -48 [da:ee:aa:ff:10:ca]

RSSI: -75 [da:ee:aa:ff:0c:3c]

RSSI: -47 [da:ee:aa:ff:10:ca]

RSSI: -74 [da:ee:aa:ff:0c:5c]

RSSI: -46 [da:ee:aa:ff:10:fa]

RSSI: -70 [da:ee:aa:ff:0b:db]

RSSI: -46 [da:ee:aa:ff:10:fa]

RSSI: -71 [da:ee:aa:ff:0b:db]

RSSI: -46 [da:ee:aa:ff:10:fa]

RSSI: -71 [da:ee:aa:ff:0b:db]

RSSI: -46 [da:ee:aa:ff:10:fa]

RSSI: -55 [da:ee:aa:ff:11:1a]

RSSI: -74 [da:ee:aa:ff:0c:6c]

RSSI: -55 [da:ee:aa:ff:11:1a]

RSSI: -73 [da:ee:aa:ff:0c:6c]

RSSI: -55 [da:ee:aa:ff:11:1a]

RSSI: -55 [da:ee:aa:ff:11:1a]

RSSI: -74 [da:ee:aa:ff:0c:8c]

RSSI: -69 [da:ee:aa:ff:0c:0b]

RSSI: -55 [da:ee:aa:ff:11:1a]

RSSI: -74 [da:ee:aa:ff:0c:8c]

RSSI: -76 [da:ee:aa:ff:0c:9c]

RSSI: -70 [da:ee:aa:ff:0c:1b]

RSSI: -75 [da:ee:aa:ff:0c:9c]

RSSI: -70 [da:ee:aa:ff:0c:1b]

RSSI: -47 [da:ee:aa:ff:11:5a]

RSSI: -76 [da:ee:aa:ff:0c:9c]

RSSI: -70 [da:ee:aa:ff:0c:1b]

RSSI: -47 [da:ee:aa:ff:11:5a]

RSSI: -76 [da:ee:aa:ff:0c:9c]

RSSI: -71 [da:ee:aa:ff:0c:1b]

RSSI: -47 [da:ee:aa:ff:11:5a]

RSSI: -75 [da:ee:aa:ff:0c:9c]

RSSI: -71 [da:ee:aa:ff:0c:1b]

RSSI: -47 [da:ee:aa:ff:11:5a]

RSSI: -75 [da:ee:aa:ff:0c:cc]

RSSI: -70 [da:ee:aa:ff:0c:3b]

RSSI: -48 [da:ee:aa:ff:11:7a]

RSSI: -75 [da:ee:aa:ff:0c:cc]

RSSI: -56 [da:ee:aa:ff:0c:4b]

RSSI: -75 [da:ee:aa:ff:0c:cc]

RSSI: -52 [da:ee:aa:ff:0c:6b]

RSSI: -73 [da:ee:aa:ff:0c:dc]

RSSI: -55 [da:ee:aa:ff:11:aa]

RSSI: -72 [da:ee:aa:ff:0c:dc]

RSSI: -55 [da:ee:aa:ff:11:aa]

RSSI: -55 [da:ee:aa:ff:11:aa]

RSSI: -55 [da:ee:aa:ff:11:aa]

RSSI: -57 [da:ee:aa:ff:0c:ec]

RSSI: -75 [da:ee:aa:ff:0c:fc]

RSSI: -47 [da:ee:aa:ff:11:ca]

RSSI: -47 [da:ee:aa:ff:11:ca]

RSSI: -63 [da:ee:aa:ff:0c:fc]

RSSI: -71 [da:ee:aa:ff:0c:ab]

RSSI: -47 [da:ee:aa:ff:11:ca]

RSSI: -58 [da:ee:aa:ff:0c:fc]

RSSI: -72 [da:ee:aa:ff:0c:ab]

RSSI: -76 [da:ee:aa:ff:0c:fc]

RSSI: -71 [da:ee:aa:ff:0c:ab]

RSSI: -47 [da:ee:aa:ff:11:ea]

RSSI: -71 [da:ee:aa:ff:0c:bb]

RSSI: -40 [da:ee:aa:ff:11:ea]

RSSI: -71 [da:ee:aa:ff:0c:bb]

RSSI: -75 [da:ee:aa:ff:0d:2c]

RSSI: -47 [da:ee:aa:ff:11:ea]

RSSI: -71 [da:ee:aa:ff:0c:bb]

RSSI: -76 [da:ee:aa:ff:0d:2c]

RSSI: -35 [da:ee:aa:ff:11:ea]

RSSI: -71 [da:ee:aa:ff:0c:bb]

RSSI: -75 [da:ee:aa:ff:0d:2c]

RSSI: -44 [da:ee:aa:ff:11:ea]

RSSI: -72 [da:ee:aa:ff:0d:4c]

RSSI: -68 [da:ee:aa:ff:0c:fb]

RSSI: -57 [da:ee:aa:ff:12:0a]

RSSI: -73 [da:ee:aa:ff:0d:4c]

RSSI: -69 [da:ee:aa:ff:0c:fb]

RSSI: -57 [da:ee:aa:ff:12:0a]

RSSI: -71 [da:ee:aa:ff:0d:4c]

RSSI: -68 [da:ee:aa:ff:0c:fb]

RSSI: -56 [da:ee:aa:ff:12:0a]

RSSI: -71 [da:ee:aa:ff:0d:4c]

RSSI: -69 [da:ee:aa:ff:0c:fb]

RSSI: -47 [da:ee:aa:ff:12:3a]

RSSI: -70 [da:ee:aa:ff:0d:0b]

RSSI: -47 [da:ee:aa:ff:12:3a]

RSSI: -47 [da:ee:aa:ff:12:3a]

RSSI: -76 [da:ee:aa:ff:0d:7c]

RSSI: -47 [da:ee:aa:ff:12:3a]

RSSI: -77 [da:ee:aa:ff:0d:7c]

RSSI: -71 [da:ee:aa:ff:0d:2b]

RSSI: -46 [da:ee:aa:ff:12:5a]

RSSI: -75 [da:ee:aa:ff:0d:9c]

RSSI: -46 [da:ee:aa:ff:12:5a]

RSSI: -46 [da:ee:aa:ff:12:5a]

RSSI: -75 [da:ee:aa:ff:0d:ac]

RSSI: -73 [da:ee:aa:ff:0d:cc]

RSSI: -59 [da:ee:aa:ff:12:8a]

RSSI: -74 [da:ee:aa:ff:0d:cc]

RSSI: -59 [da:ee:aa:ff:12:8a]

RSSI: -73 [da:ee:aa:ff:0d:cc]

RSSI: -59 [da:ee:aa:ff:12:8a]

RSSI: -59 [da:ee:aa:ff:12:8a]

RSSI: -63 [da:ee:aa:ff:0d:6b]

RSSI: -59 [da:ee:aa:ff:12:8a]

RSSI: -48 [da:ee:aa:ff:12:aa]

RSSI: -48 [da:ee:aa:ff:12:aa]

RSSI: -52 [da:ee:aa:ff:0d:7b]

RSSI: -71 [da:ee:aa:ff:0d:7b]

RSSI: -70 [da:ee:aa:ff:0d:8b]

RSSI: -76 [da:ee:aa:ff:0e:0c]

RSSI: -48 [da:ee:aa:ff:12:da]

RSSI: -75 [da:ee:aa:ff:0e:0c]

RSSI: -49 [da:ee:aa:ff:12:da]

RSSI: -49 [da:ee:aa:ff:12:da]

RSSI: -75 [da:ee:aa:ff:0e:2c]

RSSI: -49 [da:ee:aa:ff:12:da]

RSSI: -76 [da:ee:aa:ff:0e:2c]

RSSI: -76 [da:ee:aa:ff:0e:3c]

RSSI: -70 [da:ee:aa:ff:0d:bb]

RSSI: -75 [da:ee:aa:ff:0e:3c]

RSSI: -70 [da:ee:aa:ff:0d:bb]

RSSI: -60 [da:ee:aa:ff:12:fa]

RSSI: -75 [da:ee:aa:ff:0e:3c]

RSSI: -75 [da:ee:aa:ff:0e:3c]

RSSI: -70 [da:ee:aa:ff:0d:bb]

RSSI: -75 [da:ee:aa:ff:0e:3c]

RSSI: -70 [da:ee:aa:ff:0d:bb]

RSSI: -48 [da:ee:aa:ff:13:2a]

RSSI: -48 [da:ee:aa:ff:13:2a]

RSSI: -71 [da:ee:aa:ff:0d:db]

RSSI: -75 [da:ee:aa:ff:0e:5c]

RSSI: -48 [da:ee:aa:ff:13:2a]

RSSI: -72 [da:ee:aa:ff:0d:db]

RSSI: -75 [da:ee:aa:ff:0e:5c]

RSSI: -48 [da:ee:aa:ff:13:2a]

RSSI: -72 [da:ee:aa:ff:0d:db]

RSSI: -75 [da:ee:aa:ff:0e:5c]

RSSI: -48 [da:ee:aa:ff:13:2a]

RSSI: -71 [da:ee:aa:ff:0d:db]

RSSI: -76 [da:ee:aa:ff:0e:5c]

RSSI: -75 [da:ee:aa:ff:0e:6c]

RSSI: -48 [da:ee:aa:ff:13:4a]

RSSI: -75 [da:ee:aa:ff:0e:6c]

RSSI: -69 [da:ee:aa:ff:0d:fb]

RSSI: -76 [da:ee:aa:ff:0e:6c]

RSSI: -69 [da:ee:aa:ff:0d:fb]

RSSI: -48 [da:ee:aa:ff:13:5a]

RSSI: -75 [da:ee:aa:ff:0e:7c]

RSSI: -71 [da:ee:aa:ff:0e:1b]

RSSI: -59 [da:ee:aa:ff:13:7a]

RSSI: -75 [da:ee:aa:ff:0e:9c]

RSSI: -59 [da:ee:aa:ff:13:7a]

RSSI: -76 [da:ee:aa:ff:0e:9c]

RSSI: -71 [da:ee:aa:ff:0e:1b]

RSSI: -59 [da:ee:aa:ff:13:7a]

RSSI: -75 [da:ee:aa:ff:0e:9c]

RSSI: -70 [da:ee:aa:ff:0e:1b]

RSSI: -59 [da:ee:aa:ff:13:7a]

RSSI: -75 [da:ee:aa:ff:0e:9c]

RSSI: -71 [da:ee:aa:ff:0e:1b]

RSSI: -59 [da:ee:aa:ff:13:7a]

RSSI: -48 [da:ee:aa:ff:13:9a]

RSSI: -71 [da:ee:aa:ff:0e:3b]

RSSI: -71 [da:ee:aa:ff:0e:3b]

RSSI: -74 [da:ee:aa:ff:0e:bc]

RSSI: -74 [da:ee:aa:ff:0e:bc]

RSSI: -48 [da:ee:aa:ff:13:aa]

RSSI: -74 [da:ee:aa:ff:0e:bc]

RSSI: -74 [da:ee:aa:ff:0e:cc]

RSSI: -48 [da:ee:aa:ff:13:ca]

RSSI: -48 [da:ee:aa:ff:13:ca]

RSSI: -64 [da:ee:aa:ff:0e:cc]

RSSI: -48 [da:ee:aa:ff:13:ca]

RSSI: -69 [da:ee:aa:ff:0e:cc]

RSSI: -48 [da:ee:aa:ff:13:ca]

RSSI: -48 [da:ee:aa:ff:13:ca]

RSSI: -55 [da:ee:aa:ff:13:da]

RSSI: -73 [da:ee:aa:ff:0e:ec]

RSSI: -55 [da:ee:aa:ff:13:ea]

RSSI: -70 [da:ee:aa:ff:0e:ab]

RSSI: -73 [da:ee:aa:ff:0e:ec]

RSSI: -55 [da:ee:aa:ff:13:ea]

RSSI: -70 [da:ee:aa:ff:0e:ab]

RSSI: -72 [da:ee:aa:ff:0e:bb]

RSSI: -73 [da:ee:aa:ff:0f:0c]

RSSI: -35 [da:ee:aa:ff:14:0a]

RSSI: -72 [da:ee:aa:ff:0e:bb]

RSSI: -73 [da:ee:aa:ff:0f:0c]

RSSI: -72 [da:ee:aa:ff:0e:bb]

RSSI: -73 [da:ee:aa:ff:0e:bb]

RSSI: -73 [da:ee:aa:ff:0f:2c]

RSSI: -72 [da:ee:aa:ff:0e:bb]

RSSI: -73 [da:ee:aa:ff:0f:2c]

RSSI: -74 [da:ee:aa:ff:0f:3c]

RSSI: -75 [da:ee:aa:ff:0f:3c]

RSSI: -50 [da:ee:aa:ff:14:3a]

RSSI: -50 [da:ee:aa:ff:14:3a]

RSSI: -49 [da:ee:aa:ff:14:3a]

RSSI: -52 [da:ee:aa:ff:14:5a]

RSSI: -53 [da:ee:aa:ff:14:5a]

RSSI: -53 [da:ee:aa:ff:14:5a]

RSSI: -53 [da:ee:aa:ff:14:5a]

RSSI: -53 [da:ee:aa:ff:14:5a]

RSSI: -73 [da:ee:aa:ff:0f:8c]

RSSI: -73 [da:ee:aa:ff:0f:8c]

RSSI: -75 [da:ee:aa:ff:0f:5b]

RSSI: -46 [da:ee:aa:ff:14:8a]

RSSI: -46 [da:ee:aa:ff:14:8a]

RSSI: -72 [da:ee:aa:ff:0f:9c]

RSSI: -76 [da:ee:aa:ff:0f:ac]

RSSI: -51 [da:ee:aa:ff:14:aa]

RSSI: -77 [da:ee:aa:ff:0f:ac]

RSSI: -76 [da:ee:aa:ff:0f:ac]

RSSI: -51 [da:ee:aa:ff:14:aa]

RSSI: -76 [da:ee:aa:ff:0f:ac]

RSSI: -51 [da:ee:aa:ff:14:aa]

RSSI: -75 [da:ee:aa:ff:0f:ac]

RSSI: -51 [da:ee:aa:ff:14:aa]

RSSI: -52 [da:ee:aa:ff:14:da]

RSSI: -52 [da:ee:aa:ff:14:da]

RSSI: -68 [da:ee:aa:ff:0f:bb]

RSSI: -52 [da:ee:aa:ff:14:da]

RSSI: -73 [da:ee:aa:ff:0f:dc]

RSSI: -48 [da:ee:aa:ff:14:fa]

RSSI: -77 [da:ee:aa:ff:0f:db]

RSSI: -73 [da:ee:aa:ff:0f:dc]

RSSI: -48 [da:ee:aa:ff:14:fa]

RSSI: -76 [da:ee:aa:ff:0f:db]

RSSI: -73 [da:ee:aa:ff:0f:dc]

RSSI: -48 [da:ee:aa:ff:14:fa]

RSSI: -48 [da:ee:aa:ff:14:fa]

RSSI: -77 [da:ee:aa:ff:0f:fb]

RSSI: -76 [da:ee:aa:ff:10:0b]

RSSI: -75 [da:ee:aa:ff:0f:fc]

RSSI: -76 [da:ee:aa:ff:10:0b]

RSSI: -76 [da:ee:aa:ff:0f:fc]

RSSI: -76 [da:ee:aa:ff:10:0b]

RSSI: -49 [da:ee:aa:ff:15:1a]

RSSI: -76 [da:ee:aa:ff:0f:fc]

RSSI: -76 [da:ee:aa:ff:10:0b]

RSSI: -35 [da:ee:aa:ff:15:1a]

RSSI: -75 [da:ee:aa:ff:10:0b]

RSSI: -41 [da:ee:aa:ff:15:1a]

RSSI: -40 [da:ee:aa:ff:15:3a]

RSSI: -70 [da:ee:aa:ff:10:1b]

RSSI: -75 [da:ee:aa:ff:10:1c]

RSSI: -70 [da:ee:aa:ff:10:1b]

RSSI: -53 [da:ee:aa:ff:15:3a]

RSSI: -76 [da:ee:aa:ff:10:3c]

RSSI: -79 [da:ee:aa:ff:10:3c]

RSSI: -53 [da:ee:aa:ff:15:3a]

RSSI: -75 [da:ee:aa:ff:10:3c]

RSSI: -76 [da:ee:aa:ff:10:4b]

RSSI: -75 [da:ee:aa:ff:10:5c]

RSSI: -52 [da:ee:aa:ff:15:6a]

RSSI: -75 [da:ee:aa:ff:10:5c]

RSSI: -53 [da:ee:aa:ff:15:6a]

RSSI: -52 [da:ee:aa:ff:15:6a]

RSSI: -48 [da:ee:aa:ff:15:8a]

RSSI: -47 [da:ee:aa:ff:15:8a]

RSSI: -73 [da:ee:aa:ff:10:8b]

RSSI: -48 [da:ee:aa:ff:15:8a]

RSSI: -73 [da:ee:aa:ff:10:8b]

RSSI: -48 [da:ee:aa:ff:15:8a]

RSSI: -73 [da:ee:aa:ff:10:8b]

RSSI: -73 [da:ee:aa:ff:10:9c]

RSSI: -73 [da:ee:aa:ff:10:8b]

RSSI: -71 [da:ee:aa:ff:10:9b]

RSSI: -77 [da:ee:aa:ff:10:bc]

RSSI: -71 [da:ee:aa:ff:10:9b]

RSSI: -77 [da:ee:aa:ff:10:bc]

RSSI: -56 [da:ee:aa:ff:15:ba]

RSSI: -71 [da:ee:aa:ff:10:9b]

RSSI: -56 [da:ee:aa:ff:15:ba]

RSSI: -71 [da:ee:aa:ff:10:9b]

RSSI: -61 [da:ee:aa:ff:10:cc]

RSSI: -56 [da:ee:aa:ff:15:ba]

RSSI: -70 [da:ee:aa:ff:10:9b]

RSSI: -67 [da:ee:aa:ff:10:cc]

RSSI: -51 [da:ee:aa:ff:15:da]

RSSI: -51 [da:ee:aa:ff:15:da]

RSSI: -50 [da:ee:aa:ff:15:da]

RSSI: -51 [da:ee:aa:ff:15:da]

RSSI: -48 [da:ee:aa:ff:15:fa]

RSSI: -48 [da:ee:aa:ff:16:1a]

RSSI: -72 [da:ee:aa:ff:11:1c]

RSSI: -48 [da:ee:aa:ff:16:1a]

RSSI: -71 [da:ee:aa:ff:11:0b]

RSSI: -73 [da:ee:aa:ff:11:3c]

RSSI: -53 [da:ee:aa:ff:16:3a]

RSSI: -70 [da:ee:aa:ff:11:2b]

RSSI: -73 [da:ee:aa:ff:11:3c]

RSSI: -53 [da:ee:aa:ff:16:3a]

RSSI: -70 [da:ee:aa:ff:11:2b]

RSSI: -73 [da:ee:aa:ff:11:3c]

RSSI: -53 [da:ee:aa:ff:16:3a]

RSSI: -70 [da:ee:aa:ff:11:2b]

RSSI: -70 [da:ee:aa:ff:11:2b]

RSSI: -74 [da:ee:aa:ff:11:4c]

RSSI: -76 [da:ee:aa:ff:11:5c]

RSSI: -74 [da:ee:aa:ff:11:3b]

RSSI: -74 [da:ee:aa:ff:11:5c]

RSSI: -74 [da:ee:aa:ff:11:3b]

RSSI: -76 [da:ee:aa:ff:11:5c]

RSSI: -76 [da:ee:aa:ff:11:5c]

RSSI: -50 [da:ee:aa:ff:00:1a]

RSSI: -71 [da:ee:aa:ff:11:6b]

RSSI: -50 [da:ee:aa:ff:00:1a]

RSSI: -71 [da:ee:aa:ff:11:6b]

RSSI: -49 [da:ee:aa:ff:00:1a]

RSSI: -71 [da:ee:aa:ff:11:6b]

RSSI: -50 [da:ee:aa:ff:00:1a]

RSSI: -71 [da:ee:aa:ff:11:6b]

RSSI: -50 [da:ee:aa:ff:00:1a]

RSSI: -71 [da:ee:aa:ff:11:6b]

RSSI: -72 [da:ee:aa:ff:11:8b]

RSSI: -75 [da:ee:aa:ff:11:8c]

RSSI: -71 [da:ee:aa:ff:11:8b]

RSSI: -74 [da:ee:aa:ff:11:8c]

RSSI: -54 [da:ee:aa:ff:00:4a]

RSSI: -73 [da:ee:aa:ff:11:8c]

RSSI: -54 [da:ee:aa:ff:00:4a]

RSSI: -71 [da:ee:aa:ff:11:9b]

RSSI: -74 [da:ee:aa:ff:11:8c]

RSSI: -54 [da:ee:aa:ff:00:4a]

RSSI: -71 [da:ee:aa:ff:11:9b]

RSSI: -54 [da:ee:aa:ff:00:4a]

RSSI: -71 [da:ee:aa:ff:11:9b]

RSSI: -49 [da:ee:aa:ff:00:5a]

RSSI: -73 [da:ee:aa:ff:11:bb]

RSSI: -60 [da:ee:aa:ff:11:bc]

RSSI: -49 [da:ee:aa:ff:00:7a]

RSSI: -74 [da:ee:aa:ff:11:dc]

RSSI: -49 [da:ee:aa:ff:00:7a]

RSSI: -49 [da:ee:aa:ff:00:7a]

RSSI: -74 [da:ee:aa:ff:11:ec]

RSSI: -49 [da:ee:aa:ff:00:7a]

RSSI: -73 [da:ee:aa:ff:11:ec]

RSSI: -49 [da:ee:aa:ff:00:7a]

RSSI: -73 [da:ee:aa:ff:12:0c]

RSSI: -70 [da:ee:aa:ff:12:1b]

RSSI: -73 [da:ee:aa:ff:12:0c]

RSSI: -70 [da:ee:aa:ff:12:1b]

RSSI: -74 [da:ee:aa:ff:12:0c]

RSSI: -70 [da:ee:aa:ff:12:1b]

RSSI: -74 [da:ee:aa:ff:12:0c]

RSSI: -70 [da:ee:aa:ff:12:1b]

RSSI: -73 [da:ee:aa:ff:12:0c]

RSSI: -50 [da:ee:aa:ff:00:ba]

RSSI: -74 [da:ee:aa:ff:12:5b]

RSSI: -79 [da:ee:aa:ff:12:3c]

RSSI: -50 [da:ee:aa:ff:00:ba]

RSSI: -74 [da:ee:aa:ff:12:5b]

RSSI: -80 [da:ee:aa:ff:12:3c]

RSSI: -74 [da:ee:aa:ff:12:5b]

RSSI: -79 [da:ee:aa:ff:12:3c]

RSSI: -74 [da:ee:aa:ff:12:5b]

RSSI: -79 [da:ee:aa:ff:12:3c]

RSSI: -36 [da:ee:aa:ff:00:ea]

RSSI: -72 [da:ee:aa:ff:12:7b]

RSSI: -74 [da:ee:aa:ff:12:5c]

RSSI: -40 [da:ee:aa:ff:00:ea]

RSSI: -72 [da:ee:aa:ff:12:7b]

RSSI: -74 [da:ee:aa:ff:12:5c]

RSSI: -49 [da:ee:aa:ff:00:ea]

RSSI: -71 [da:ee:aa:ff:12:7b]

RSSI: -48 [da:ee:aa:ff:00:ea]

RSSI: -74 [da:ee:aa:ff:12:7c]

RSSI: -49 [da:ee:aa:ff:00:ea]

RSSI: -74 [da:ee:aa:ff:12:7c]

RSSI: -53 [da:ee:aa:ff:01:0a]

RSSI: -53 [da:ee:aa:ff:01:0a]

RSSI: -53 [da:ee:aa:ff:01:0a]

RSSI: -53 [da:ee:aa:ff:01:0a]

RSSI: -75 [da:ee:aa:ff:12:cb]

RSSI: -49 [da:ee:aa:ff:01:2a]

RSSI: -75 [da:ee:aa:ff:12:cb]

RSSI: -78 [da:ee:aa:ff:12:ac]

RSSI: -79 [da:ee:aa:ff:12:ac]

RSSI: -49 [da:ee:aa:ff:01:3a]

RSSI: -75 [da:ee:aa:ff:12:eb]

RSSI: -72 [da:ee:aa:ff:13:0b]

RSSI: -48 [da:ee:aa:ff:01:4a]

RSSI: -72 [da:ee:aa:ff:13:0b]

RSSI: -48 [da:ee:aa:ff:01:4a]

RSSI: -72 [da:ee:aa:ff:13:0b]

RSSI: -48 [da:ee:aa:ff:01:4a]

RSSI: -72 [da:ee:aa:ff:13:0b]

RSSI: -74 [da:ee:aa:ff:12:fc]

RSSI: -70 [da:ee:aa:ff:13:2b]

RSSI: -74 [da:ee:aa:ff:12:fc]

RSSI: -54 [da:ee:aa:ff:01:6a]

RSSI: -74 [da:ee:aa:ff:12:fc]

RSSI: -54 [da:ee:aa:ff:01:6a]

RSSI: -54 [da:ee:aa:ff:01:6a]

RSSI: -76 [da:ee:aa:ff:13:0c]

RSSI: -48 [da:ee:aa:ff:01:7a]

RSSI: -71 [da:ee:aa:ff:13:5b]

RSSI: -48 [da:ee:aa:ff:01:7a]

RSSI: -71 [da:ee:aa:ff:13:5b]

RSSI: -71 [da:ee:aa:ff:13:5b]

RSSI: -77 [da:ee:aa:ff:13:2c]

RSSI: -71 [da:ee:aa:ff:13:5b]

RSSI: -77 [da:ee:aa:ff:13:2c]

RSSI: -48 [da:ee:aa:ff:01:8a]

RSSI: -46 [da:ee:aa:ff:01:aa]

RSSI: -34 [da:ee:aa:ff:01:aa]

RSSI: -75 [da:ee:aa:ff:13:8b]

RSSI: -42 [da:ee:aa:ff:01:aa]

RSSI: -74 [da:ee:aa:ff:13:8b]

RSSI: -38 [da:ee:aa:ff:01:aa]

RSSI: -75 [da:ee:aa:ff:13:8b]

RSSI: -35 [da:ee:aa:ff:01:aa]

RSSI: -73 [da:ee:aa:ff:13:8c]

RSSI: -71 [da:ee:aa:ff:13:ab]

RSSI: -54 [da:ee:aa:ff:01:ca]

RSSI: -74 [da:ee:aa:ff:13:8c]

RSSI: -71 [da:ee:aa:ff:13:ab]

RSSI: -54 [da:ee:aa:ff:01:ca]

RSSI: -73 [da:ee:aa:ff:13:8c]

RSSI: -71 [da:ee:aa:ff:13:ab]

RSSI: -53 [da:ee:aa:ff:01:ca]

RSSI: -73 [da:ee:aa:ff:13:8c]

RSSI: -70 [da:ee:aa:ff:13:ab]

RSSI: -53 [da:ee:aa:ff:01:ca]

RSSI: -74 [da:ee:aa:ff:13:8c]

RSSI: -70 [da:ee:aa:ff:13:ab]

RSSI: -78 [da:ee:aa:ff:13:9c]

RSSI: -51 [da:ee:aa:ff:01:da]

RSSI: -78 [da:ee:aa:ff:13:9c]

RSSI: -51 [da:ee:aa:ff:01:da]

RSSI: -72 [da:ee:aa:ff:13:db]

RSSI: -72 [da:ee:aa:ff:13:db]

RSSI: -72 [da:ee:aa:ff:13:db]

RSSI: -51 [da:ee:aa:ff:01:ea]

RSSI: -77 [da:ee:aa:ff:13:ac]

RSSI: -72 [da:ee:aa:ff:13:db]

RSSI: -74 [da:ee:aa:ff:13:fb]

RSSI: -47 [da:ee:aa:ff:01:fa]

RSSI: -73 [da:ee:aa:ff:13:fb]

RSSI: -47 [da:ee:aa:ff:01:fa]

RSSI: -74 [da:ee:aa:ff:13:fb]

RSSI: -47 [da:ee:aa:ff:01:fa]

RSSI: -74 [da:ee:aa:ff:13:fb]

RSSI: -47 [da:ee:aa:ff:01:fa]

RSSI: -47 [da:ee:aa:ff:01:fa]

RSSI: -74 [da:ee:aa:ff:14:1b]

RSSI: -69 [da:ee:aa:ff:14:2b]

RSSI: -52 [da:ee:aa:ff:02:2a]

RSSI: -69 [da:ee:aa:ff:14:2b]

RSSI: -51 [da:ee:aa:ff:02:2a]

RSSI: -69 [da:ee:aa:ff:14:2b]

RSSI: -65 [da:ee:aa:ff:13:ec]

RSSI: -52 [da:ee:aa:ff:02:2a]

RSSI: -69 [da:ee:aa:ff:14:2b]

RSSI: -75 [da:ee:aa:ff:13:fc]

RSSI: -52 [da:ee:aa:ff:02:4a]

RSSI: -72 [da:ee:aa:ff:14:4b]

RSSI: -75 [da:ee:aa:ff:13:fc]

RSSI: -52 [da:ee:aa:ff:02:4a]

RSSI: -76 [da:ee:aa:ff:14:4b]

RSSI: -74 [da:ee:aa:ff:13:fc]

RSSI: -75 [da:ee:aa:ff:13:fc]

RSSI: -52 [da:ee:aa:ff:02:5a]

RSSI: -76 [da:ee:aa:ff:14:5b]

RSSI: -46 [da:ee:aa:ff:02:6a]

RSSI: -46 [da:ee:aa:ff:02:6a]

RSSI: -46 [da:ee:aa:ff:02:6a]

RSSI: -46 [da:ee:aa:ff:02:6a]

RSSI: -46 [da:ee:aa:ff:02:6a]

RSSI: -39 [da:ee:aa:ff:02:aa]

RSSI: -69 [da:ee:aa:ff:14:8b]

RSSI: -38 [da:ee:aa:ff:02:aa]

RSSI: -73 [da:ee:aa:ff:14:3c]

RSSI: -69 [da:ee:aa:ff:14:ab]

RSSI: -73 [da:ee:aa:ff:14:3c]

RSSI: -38 [da:ee:aa:ff:02:aa]

RSSI: -69 [da:ee:aa:ff:14:ab]

RSSI: -73 [da:ee:aa:ff:14:3c]

RSSI: -51 [da:ee:aa:ff:02:aa]

RSSI: -75 [da:ee:aa:ff:14:5c]

RSSI: -77 [da:ee:aa:ff:14:bb]

RSSI: -51 [da:ee:aa:ff:02:ba]

RSSI: -76 [da:ee:aa:ff:14:bb]

RSSI: -75 [da:ee:aa:ff:14:5c]

RSSI: -74 [da:ee:aa:ff:14:5c]

RSSI: -76 [da:ee:aa:ff:14:bb]

RSSI: -51 [da:ee:aa:ff:02:ca]

RSSI: -76 [da:ee:aa:ff:14:bb]

RSSI: -51 [da:ee:aa:ff:02:ca]

RSSI: -46 [da:ee:aa:ff:02:da]

RSSI: -72 [da:ee:aa:ff:14:9c]

RSSI: -46 [da:ee:aa:ff:02:da]

RSSI: -46 [da:ee:aa:ff:02:da]

RSSI: -46 [da:ee:aa:ff:02:da]

RSSI: -46 [da:ee:aa:ff:02:da]

RSSI: -69 [da:ee:aa:ff:14:fb]

RSSI: -52 [da:ee:aa:ff:03:0a]

RSSI: -73 [da:ee:aa:ff:14:bc]

RSSI: -69 [da:ee:aa:ff:14:fb]

RSSI: -52 [da:ee:aa:ff:03:0a]

RSSI: -73 [da:ee:aa:ff:14:bc]

RSSI: -68 [da:ee:aa:ff:14:fb]

RSSI: -52 [da:ee:aa:ff:03:0a]

RSSI: -52 [da:ee:aa:ff:03:0a]

RSSI: -51 [da:ee:aa:ff:03:2a]

RSSI: -64 [da:ee:aa:ff:14:ec]

RSSI: -75 [da:ee:aa:ff:15:3b]

RSSI: -71 [da:ee:aa:ff:14:ec]

RSSI: -76 [da:ee:aa:ff:15:3b]

RSSI: -74 [da:ee:aa:ff:14:ec]

RSSI: -76 [da:ee:aa:ff:15:3b]

RSSI: -51 [da:ee:aa:ff:03:3a]

RSSI: -74 [da:ee:aa:ff:14:ec]

RSSI: -75 [da:ee:aa:ff:15:3b]

RSSI: -51 [da:ee:aa:ff:03:3a]

RSSI: -46 [da:ee:aa:ff:03:4a]

RSSI: -73 [da:ee:aa:ff:15:1c]

RSSI: -54 [da:ee:aa:ff:15:4b]

RSSI: -46 [da:ee:aa:ff:03:4a]

RSSI: -71 [da:ee:aa:ff:15:1c]

RSSI: -53 [da:ee:aa:ff:15:4b]

RSSI: -46 [da:ee:aa:ff:03:4a]

RSSI: -72 [da:ee:aa:ff:15:1c]

RSSI: -46 [da:ee:aa:ff:03:4a]

RSSI: -72 [da:ee:aa:ff:15:1c]

RSSI: -46 [da:ee:aa:ff:03:4a]

RSSI: -71 [da:ee:aa:ff:15:1c]

RSSI: -68 [da:ee:aa:ff:15:8b]

RSSI: -39 [da:ee:aa:ff:03:7a]

RSSI: -72 [da:ee:aa:ff:15:3c]

RSSI: -68 [da:ee:aa:ff:15:8b]

RSSI: -40 [da:ee:aa:ff:03:7a]

RSSI: -73 [da:ee:aa:ff:15:3c]

RSSI: -68 [da:ee:aa:ff:15:8b]

RSSI: -45 [da:ee:aa:ff:03:7a]

RSSI: -72 [da:ee:aa:ff:15:3c]

RSSI: -68 [da:ee:aa:ff:15:8b]

RSSI: -42 [da:ee:aa:ff:03:7a]

RSSI: -69 [da:ee:aa:ff:15:8b]

RSSI: -38 [da:ee:aa:ff:03:7a]

RSSI: -72 [da:ee:aa:ff:15:5c]

RSSI: -75 [da:ee:aa:ff:15:6c]

RSSI: -75 [da:ee:aa:ff:15:9b]

RSSI: -51 [da:ee:aa:ff:03:8a]

RSSI: -75 [da:ee:aa:ff:15:6c]

RSSI: -75 [da:ee:aa:ff:15:9b]

RSSI: -75 [da:ee:aa:ff:15:6c]

RSSI: -51 [da:ee:aa:ff:03:9a]

RSSI: -74 [da:ee:aa:ff:15:6c]

RSSI: -75 [da:ee:aa:ff:15:bb]

RSSI: -52 [da:ee:aa:ff:03:9a]

RSSI: -75 [da:ee:aa:ff:15:db]

RSSI: -47 [da:ee:aa:ff:03:aa]

RSSI: -75 [da:ee:aa:ff:15:db]

RSSI: -47 [da:ee:aa:ff:03:aa]

RSSI: -75 [da:ee:aa:ff:15:db]

RSSI: -47 [da:ee:aa:ff:03:aa]

RSSI: -74 [da:ee:aa:ff:15:db]

RSSI: -47 [da:ee:aa:ff:03:aa]

RSSI: -76 [da:ee:aa:ff:15:db]

RSSI: -54 [da:ee:aa:ff:03:da]

RSSI: -73 [da:ee:aa:ff:15:bc]

RSSI: -54 [da:ee:aa:ff:03:da]

RSSI: -74 [da:ee:aa:ff:15:bc]

RSSI: -69 [da:ee:aa:ff:16:0b]

RSSI: -54 [da:ee:aa:ff:03:da]

RSSI: -74 [da:ee:aa:ff:15:bc]

RSSI: -69 [da:ee:aa:ff:16:0b]

RSSI: -54 [da:ee:aa:ff:03:da]

RSSI: -52 [da:ee:aa:ff:03:fa]

RSSI: -47 [da:ee:aa:ff:04:2a]

RSSI: -73 [da:ee:aa:ff:16:5b]

RSSI: -47 [da:ee:aa:ff:04:2a]

RSSI: -73 [da:ee:aa:ff:16:5b]

RSSI: -47 [da:ee:aa:ff:04:2a]

RSSI: -55 [da:ee:aa:ff:04:4a]

RSSI: -74 [da:ee:aa:ff:16:3c]

RSSI: -69 [da:ee:aa:ff:16:7b]

RSSI: -73 [da:ee:aa:ff:16:3c]

RSSI: -60 [da:ee:aa:ff:16:7b]

RSSI: -73 [da:ee:aa:ff:16:3c]

RSSI: -70 [da:ee:aa:ff:16:7b]

RSSI: -74 [da:ee:aa:ff:16:3c]

RSSI: -70 [da:ee:aa:ff:16:7b]

RSSI: -73 [da:ee:aa:ff:16:3c]

RSSI: -42 [da:ee:aa:ff:04:6a]

RSSI: -72 [da:ee:aa:ff:16:7c]

RSSI: -72 [da:ee:aa:ff:16:7c]

RSSI: -72 [da:ee:aa:ff:16:7c]

RSSI: -46 [da:ee:aa:ff:04:8a]

RSSI: -73 [da:ee:aa:ff:00:1c]

RSSI: -74 [da:ee:aa:ff:00:3c]

RSSI: -55 [da:ee:aa:ff:04:aa]

RSSI: -70 [da:ee:aa:ff:00:8b]

RSSI: -74 [da:ee:aa:ff:00:3c]

RSSI: -55 [da:ee:aa:ff:04:aa]

RSSI: -70 [da:ee:aa:ff:00:8b]

RSSI: -74 [da:ee:aa:ff:00:3c]

RSSI: -55 [da:ee:aa:ff:04:aa]

RSSI: -70 [da:ee:aa:ff:00:8b]

RSSI: -74 [da:ee:aa:ff:00:3c]

RSSI: -73 [da:ee:aa:ff:00:9b]

RSSI: -76 [da:ee:aa:ff:00:5c]

RSSI: -73 [da:ee:aa:ff:00:9b]

RSSI: -53 [da:ee:aa:ff:04:ca]

RSSI: -73 [da:ee:aa:ff:00:9b]

RSSI: -52 [da:ee:aa:ff:04:ca]

RSSI: -45 [da:ee:aa:ff:04:da]

RSSI: -70 [da:ee:aa:ff:00:cb]

RSSI: -45 [da:ee:aa:ff:04:da]

RSSI: -69 [da:ee:aa:ff:00:cb]

RSSI: -45 [da:ee:aa:ff:04:da]

RSSI: -69 [da:ee:aa:ff:00:cb]

RSSI: -45 [da:ee:aa:ff:04:da]

RSSI: -70 [da:ee:aa:ff:00:cb]

RSSI: -75 [da:ee:aa:ff:00:9c]

RSSI: -73 [da:ee:aa:ff:00:eb]

RSSI: -54 [da:ee:aa:ff:05:0a]

RSSI: -74 [da:ee:aa:ff:00:9c]

RSSI: -72 [da:ee:aa:ff:00:eb]

RSSI: -54 [da:ee:aa:ff:05:0a]

RSSI: -73 [da:ee:aa:ff:00:9c]

RSSI: -72 [da:ee:aa:ff:00:eb]

RSSI: -54 [da:ee:aa:ff:05:0a]

RSSI: -74 [da:ee:aa:ff:00:9c]

RSSI: -54 [da:ee:aa:ff:05:0a]

RSSI: -74 [da:ee:aa:ff:00:9c]

RSSI: -54 [da:ee:aa:ff:05:0a]

RSSI: -51 [da:ee:aa:ff:05:2a]

RSSI: -65 [da:ee:aa:ff:01:1b]

RSSI: -72 [da:ee:aa:ff:01:1b]

RSSI: -77 [da:ee:aa:ff:00:dc]

RSSI: -38 [da:ee:aa:ff:05:3a]

RSSI: -76 [da:ee:aa:ff:00:dc]

RSSI: -72 [da:ee:aa:ff:00:fc]

RSSI: -70 [da:ee:aa:ff:01:2b]

RSSI: -46 [da:ee:aa:ff:05:4a]

RSSI: -69 [da:ee:aa:ff:01:2b]

RSSI: -46 [da:ee:aa:ff:05:4a]

RSSI: -71 [da:ee:aa:ff:00:fc]

RSSI: -46 [da:ee:aa:ff:05:4a]

RSSI: -72 [da:ee:aa:ff:00:fc]

RSSI: -70 [da:ee:aa:ff:01:3b]

RSSI: -71 [da:ee:aa:ff:01:5b]

RSSI: -54 [da:ee:aa:ff:05:7a]

RSSI: -75 [da:ee:aa:ff:01:3c]

RSSI: -71 [da:ee:aa:ff:01:5b]

RSSI: -54 [da:ee:aa:ff:05:7a]

RSSI: -75 [da:ee:aa:ff:01:3c]

RSSI: -71 [da:ee:aa:ff:01:5b]

RSSI: -54 [da:ee:aa:ff:05:7a]

RSSI: -75 [da:ee:aa:ff:01:3c]

RSSI: -71 [da:ee:aa:ff:01:5b]

RSSI: -54 [da:ee:aa:ff:05:7a]

RSSI: -75 [da:ee:aa:ff:01:3c]

RSSI: -52 [da:ee:aa:ff:05:9a]

RSSI: -77 [da:ee:aa:ff:01:4c]

RSSI: -72 [da:ee:aa:ff:01:6b]

RSSI: -77 [da:ee:aa:ff:01:4c]

RSSI: -77 [da:ee:aa:ff:01:4c]

RSSI: -52 [da:ee:aa:ff:05:aa]

RSSI: -52 [da:ee:aa:ff:05:aa]

RSSI: -46 [da:ee:aa:ff:05:ca]

RSSI: -71 [da:ee:aa:ff:01:9b]

RSSI: -46 [da:ee:aa:ff:05:ca]

RSSI: -71 [da:ee:aa:ff:01:9b]

RSSI: -71 [da:ee:aa:ff:01:6c]

RSSI: -72 [da:ee:aa:ff:01:ab]

RSSI: -54 [da:ee:aa:ff:05:ea]

RSSI: -54 [da:ee:aa:ff:05:ea]

RSSI: -76 [da:ee:aa:ff:01:ac]

RSSI: -54 [da:ee:aa:ff:05:ea]

RSSI: -60 [da:ee:aa:ff:01:ac]

RSSI: -71 [da:ee:aa:ff:01:bb]

RSSI: -54 [da:ee:aa:ff:05:ea]

RSSI: -72 [da:ee:aa:ff:01:bb]

RSSI: -54 [da:ee:aa:ff:05:ea]

RSSI: -56 [da:ee:aa:ff:06:0a]

RSSI: -75 [da:ee:aa:ff:01:db]

RSSI: -75 [da:ee:aa:ff:01:db]

RSSI: -80 [da:ee:aa:ff:01:bc]

RSSI: -75 [da:ee:aa:ff:01:db]

RSSI: -75 [da:ee:aa:ff:01:db]

RSSI: -56 [da:ee:aa:ff:06:2a]

RSSI: -74 [da:ee:aa:ff:01:db]

RSSI: -34 [da:ee:aa:ff:06:3a]

RSSI: -73 [da:ee:aa:ff:02:0b]

RSSI: -36 [da:ee:aa:ff:06:3a]

RSSI: -71 [da:ee:aa:ff:01:dc]

RSSI: -77 [da:ee:aa:ff:01:fc]

RSSI: -55 [da:ee:aa:ff:06:5a]

RSSI: -78 [da:ee:aa:ff:01:fc]

RSSI: -56 [da:ee:aa:ff:06:5a]

RSSI: -72 [da:ee:aa:ff:02:2b]

RSSI: -56 [da:ee:aa:ff:06:5a]

RSSI: -77 [da:ee:aa:ff:02:0c]

RSSI: -72 [da:ee:aa:ff:02:2b]

RSSI: -56 [da:ee:aa:ff:06:5a]

RSSI: -78 [da:ee:aa:ff:02:0c]

RSSI: -72 [da:ee:aa:ff:02:2b]

RSSI: -56 [da:ee:aa:ff:06:5a]

RSSI: -77 [da:ee:aa:ff:02:0c]

RSSI: -81 [da:ee:aa:ff:02:1c]

RSSI: -75 [da:ee:aa:ff:02:5b]

RSSI: -57 [da:ee:aa:ff:06:7a]

RSSI: -75 [da:ee:aa:ff:02:5b]

RSSI: -57 [da:ee:aa:ff:06:7a]

RSSI: -75 [da:ee:aa:ff:02:5b]

RSSI: -57 [da:ee:aa:ff:06:7a]

RSSI: -47 [da:ee:aa:ff:06:9a]

RSSI: -73 [da:ee:aa:ff:02:7b]

RSSI: -72 [da:ee:aa:ff:02:7b]

RSSI: -79 [da:ee:aa:ff:02:4c]

RSSI: -72 [da:ee:aa:ff:02:9b]

RSSI: -72 [da:ee:aa:ff:02:ab]

RSSI: -56 [da:ee:aa:ff:06:ba]

RSSI: -79 [da:ee:aa:ff:02:5c]

RSSI: -72 [da:ee:aa:ff:02:ab]

RSSI: -57 [da:ee:aa:ff:06:ba]

RSSI: -78 [da:ee:aa:ff:02:5c]

RSSI: -72 [da:ee:aa:ff:02:ab]

RSSI: -57 [da:ee:aa:ff:06:ba]

RSSI: -72 [da:ee:aa:ff:02:ab]

RSSI: -57 [da:ee:aa:ff:06:ba]

RSSI: -57 [da:ee:aa:ff:06:ba]

RSSI: -54 [da:ee:aa:ff:06:fa]

RSSI: -75 [da:ee:aa:ff:02:eb]

RSSI: -46 [da:ee:aa:ff:07:0a]

RSSI: -72 [da:ee:aa:ff:02:fb]

RSSI: -46 [da:ee:aa:ff:07:0a]

RSSI: -70 [da:ee:aa:ff:02:ac]

RSSI: -72 [da:ee:aa:ff:02:fb]

RSSI: -46 [da:ee:aa:ff:07:0a]

RSSI: -70 [da:ee:aa:ff:02:ac]

RSSI: -71 [da:ee:aa:ff:02:fb]

RSSI: -46 [da:ee:aa:ff:07:0a]

RSSI: -70 [da:ee:aa:ff:02:ac]

RSSI: -72 [da:ee:aa:ff:02:fb]

RSSI: -71 [da:ee:aa:ff:02:ac]

RSSI: -72 [da:ee:aa:ff:03:1b]

RSSI: -46 [da:ee:aa:ff:07:3a]

RSSI: -77 [da:ee:aa:ff:02:cc]

RSSI: -72 [da:ee:aa:ff:03:1b]

RSSI: -55 [da:ee:aa:ff:07:3a]

RSSI: -76 [da:ee:aa:ff:02:cc]

RSSI: -52 [da:ee:aa:ff:07:3a]

RSSI: -48 [da:ee:aa:ff:07:3a]

RSSI: -55 [da:ee:aa:ff:07:3a]

RSSI: -65 [da:ee:aa:ff:03:5b]

RSSI: -52 [da:ee:aa:ff:07:6a]

RSSI: -78 [da:ee:aa:ff:02:fc]

RSSI: -77 [da:ee:aa:ff:03:5b]

RSSI: -53 [da:ee:aa:ff:07:6a]

RSSI: -79 [da:ee:aa:ff:02:fc]

RSSI: -77 [da:ee:aa:ff:03:5b]

RSSI: -52 [da:ee:aa:ff:07:6a]

RSSI: -47 [da:ee:aa:ff:07:7a]

RSSI: -71 [da:ee:aa:ff:03:1c]

RSSI: -47 [da:ee:aa:ff:07:7a]

RSSI: -71 [da:ee:aa:ff:03:9b]

RSSI: -47 [da:ee:aa:ff:07:7a]

RSSI: -71 [da:ee:aa:ff:03:3c]

RSSI: -71 [da:ee:aa:ff:03:9b]

RSSI: -47 [da:ee:aa:ff:07:7a]

RSSI: -71 [da:ee:aa:ff:03:3c]

RSSI: -71 [da:ee:aa:ff:03:9b]

RSSI: -71 [da:ee:aa:ff:03:3c]

RSSI: -71 [da:ee:aa:ff:03:9b]

RSSI: -71 [da:ee:aa:ff:03:ab]

RSSI: -70 [da:ee:aa:ff:03:ab]

RSSI: -71 [da:ee:aa:ff:03:ab]

RSSI: -71 [da:ee:aa:ff:03:ab]

RSSI: -70 [da:ee:aa:ff:03:ab]

RSSI: -67 [da:ee:aa:ff:03:7c]

RSSI: -77 [da:ee:aa:ff:03:db]

RSSI: -78 [da:ee:aa:ff:03:db]

RSSI: -51 [da:ee:aa:ff:07:ba]

RSSI: -76 [da:ee:aa:ff:03:7c]

RSSI: -78 [da:ee:aa:ff:03:db]

RSSI: -51 [da:ee:aa:ff:07:ba]

RSSI: -76 [da:ee:aa:ff:03:7c]

RSSI: -78 [da:ee:aa:ff:03:db]

RSSI: -51 [da:ee:aa:ff:07:ba]

RSSI: -60 [da:ee:aa:ff:03:7c]

RSSI: -47 [da:ee:aa:ff:07:ca]

RSSI: -72 [da:ee:aa:ff:03:8c]

RSSI: -69 [da:ee:aa:ff:03:eb]

RSSI: -47 [da:ee:aa:ff:07:ca]

RSSI: -71 [da:ee:aa:ff:03:8c]

RSSI: -70 [da:ee:aa:ff:03:eb]

RSSI: -47 [da:ee:aa:ff:07:ca]

RSSI: -70 [da:ee:aa:ff:03:eb]

RSSI: -47 [da:ee:aa:ff:07:ca]

RSSI: -72 [da:ee:aa:ff:03:ac]

RSSI: -71 [da:ee:aa:ff:03:ac]

RSSI: -70 [da:ee:aa:ff:04:0b]

RSSI: -47 [da:ee:aa:ff:07:da]

RSSI: -70 [da:ee:aa:ff:04:1b]

RSSI: -42 [da:ee:aa:ff:07:ea]

RSSI: -70 [da:ee:aa:ff:04:1b]

RSSI: -70 [da:ee:aa:ff:04:1b]

RSSI: -46 [da:ee:aa:ff:07:ea]

RSSI: -70 [da:ee:aa:ff:04:1b]

RSSI: -69 [da:ee:aa:ff:04:1b]

RSSI: -74 [da:ee:aa:ff:04:2b]

RSSI: -74 [da:ee:aa:ff:04:2b]

RSSI: -76 [da:ee:aa:ff:03:fc]

RSSI: -76 [da:ee:aa:ff:03:fc]

RSSI: -49 [da:ee:aa:ff:08:1a]

RSSI: -76 [da:ee:aa:ff:03:fc]

RSSI: -73 [da:ee:aa:ff:04:4b]

RSSI: -49 [da:ee:aa:ff:08:1a]

RSSI: -76 [da:ee:aa:ff:03:fc]

RSSI: -47 [da:ee:aa:ff:08:2a]

RSSI: -52 [da:ee:aa:ff:04:5b]

RSSI: -47 [da:ee:aa:ff:08:2a]

RSSI: -68 [da:ee:aa:ff:04:5b]

RSSI: -47 [da:ee:aa:ff:08:2a]

RSSI: -69 [da:ee:aa:ff:04:5b]

RSSI: -47 [da:ee:aa:ff:08:2a]

RSSI: -70 [da:ee:aa:ff:04:5b]

RSSI: -55 [da:ee:aa:ff:08:5a]

RSSI: -71 [da:ee:aa:ff:04:6b]

RSSI: -55 [da:ee:aa:ff:08:5a]

RSSI: -71 [da:ee:aa:ff:04:6b]

RSSI: -55 [da:ee:aa:ff:08:5a]

RSSI: -71 [da:ee:aa:ff:04:7b]

RSSI: -54 [da:ee:aa:ff:08:5a]

RSSI: -70 [da:ee:aa:ff:04:7b]

RSSI: -54 [da:ee:aa:ff:08:5a]

RSSI: -77 [da:ee:aa:ff:04:4c]

RSSI: -73 [da:ee:aa:ff:04:9b]

RSSI: -72 [da:ee:aa:ff:04:9b]

RSSI: -48 [da:ee:aa:ff:08:8a]

RSSI: -78 [da:ee:aa:ff:04:6c]

RSSI: -47 [da:ee:aa:ff:08:9a]

RSSI: -47 [da:ee:aa:ff:08:9a]

RSSI: -47 [da:ee:aa:ff:08:9a]

RSSI: -71 [da:ee:aa:ff:04:cb]

RSSI: -70 [da:ee:aa:ff:04:eb]

RSSI: -73 [da:ee:aa:ff:04:9c]

RSSI: -70 [da:ee:aa:ff:04:eb]

RSSI: -74 [da:ee:aa:ff:04:9c]

RSSI: -70 [da:ee:aa:ff:04:eb]

RSSI: -73 [da:ee:aa:ff:04:9c]

RSSI: -70 [da:ee:aa:ff:04:eb]

RSSI: -74 [da:ee:aa:ff:04:9c]

RSSI: -70 [da:ee:aa:ff:04:eb]

RSSI: -74 [da:ee:aa:ff:04:9c]

RSSI: -78 [da:ee:aa:ff:04:bc]

RSSI: -79 [da:ee:aa:ff:04:bc]

RSSI: -71 [da:ee:aa:ff:05:2b]

RSSI: -77 [da:ee:aa:ff:04:bc]

RSSI: -71 [da:ee:aa:ff:05:2b]

RSSI: -71 [da:ee:aa:ff:05:2b]

RSSI: -78 [da:ee:aa:ff:04:dc]

RSSI: -72 [da:ee:aa:ff:05:2b]

RSSI: -49 [da:ee:aa:ff:08:ea]

RSSI: -74 [da:ee:aa:ff:04:ec]

RSSI: -75 [da:ee:aa:ff:05:3b]

RSSI: -49 [da:ee:aa:ff:08:ea]

RSSI: -74 [da:ee:aa:ff:04:ec]

RSSI: -75 [da:ee:aa:ff:05:3b]

RSSI: -49 [da:ee:aa:ff:08:ea]

RSSI: -74 [da:ee:aa:ff:04:ec]

RSSI: -74 [da:ee:aa:ff:04:ec]

RSSI: -49 [da:ee:aa:ff:08:fa]

RSSI: -71 [da:ee:aa:ff:05:6b]

RSSI: -55 [da:ee:aa:ff:09:0a]

RSSI: -57 [da:ee:aa:ff:05:6b]

RSSI: -54 [da:ee:aa:ff:09:0a]

RSSI: -74 [da:ee:aa:ff:05:0c]

RSSI: -71 [da:ee:aa:ff:05:6b]

RSSI: -54 [da:ee:aa:ff:09:0a]

RSSI: -74 [da:ee:aa:ff:05:0c]

RSSI: -70 [da:ee:aa:ff:05:6b]

RSSI: -54 [da:ee:aa:ff:09:0a]

RSSI: -75 [da:ee:aa:ff:05:0c]

RSSI: -54 [da:ee:aa:ff:09:0a]

RSSI: -74 [da:ee:aa:ff:05:0c]

RSSI: -48 [da:ee:aa:ff:09:2a]

RSSI: -47 [da:ee:aa:ff:09:2a]

RSSI: -48 [da:ee:aa:ff:09:4a]

RSSI: -74 [da:ee:aa:ff:05:cb]

RSSI: -73 [da:ee:aa:ff:05:3c]

RSSI: -89 [da:ee:aa:ff:05:cb]

RSSI: -73 [da:ee:aa:ff:05:3c]

RSSI: -48 [da:ee:aa:ff:09:4a]

RSSI: -74 [da:ee:aa:ff:05:cb]

RSSI: -72 [da:ee:aa:ff:05:3c]

RSSI: -48 [da:ee:aa:ff:09:5a]

RSSI: -72 [da:ee:aa:ff:05:eb]

RSSI: -74 [da:ee:aa:ff:05:5c]

RSSI: -53 [da:ee:aa:ff:09:6a]

RSSI: -53 [da:ee:aa:ff:09:6a]

RSSI: -53 [da:ee:aa:ff:09:6a]

RSSI: -74 [da:ee:aa:ff:05:6c]

RSSI: -71 [da:ee:aa:ff:05:fb]

RSSI: -77 [da:ee:aa:ff:05:7c]

RSSI: -77 [da:ee:aa:ff:05:7c]

RSSI: -87 [da:ee:aa:ff:05:ac]

RSSI: -47 [da:ee:aa:ff:09:9a]

RSSI: -73 [da:ee:aa:ff:05:ac]

RSSI: -47 [da:ee:aa:ff:09:9a]

RSSI: -73 [da:ee:aa:ff:05:ac]

RSSI: -73 [da:ee:aa:ff:06:3b]

RSSI: -47 [da:ee:aa:ff:09:9a]

RSSI: -73 [da:ee:aa:ff:05:ac]

RSSI: -73 [da:ee:aa:ff:06:3b]

RSSI: -74 [da:ee:aa:ff:05:ac]

RSSI: -73 [da:ee:aa:ff:05:bc]

RSSI: -56 [da:ee:aa:ff:09:ba]

RSSI: -73 [da:ee:aa:ff:05:cc]

RSSI: -80 [da:ee:aa:ff:05:ec]

RSSI: -78 [da:ee:aa:ff:05:ec]

RSSI: -50 [da:ee:aa:ff:09:da]

RSSI: -48 [da:ee:aa:ff:09:ea]

RSSI: -47 [da:ee:aa:ff:09:ea]

RSSI: -75 [da:ee:aa:ff:06:0c]

RSSI: -47 [da:ee:aa:ff:09:fa]

RSSI: -56 [da:ee:aa:ff:0a:1a]

RSSI: -71 [da:ee:aa:ff:06:1c]

RSSI: -71 [da:ee:aa:ff:06:1c]

RSSI: -73 [da:ee:aa:ff:06:fb]

RSSI: -74 [da:ee:aa:ff:06:4c]

RSSI: -60 [da:ee:aa:ff:06:4c]

RSSI: -50 [da:ee:aa:ff:0a:4a]

RSSI: -73 [da:ee:aa:ff:06:fb]

RSSI: -61 [da:ee:aa:ff:06:4c]

RSSI: -50 [da:ee:aa:ff:0a:4a]

RSSI: -71 [da:ee:aa:ff:06:4c]

RSSI: -41 [da:ee:aa:ff:0a:5a]

RSSI: -73 [da:ee:aa:ff:06:5c]

RSSI: -72 [da:ee:aa:ff:07:2b]

RSSI: -72 [da:ee:aa:ff:07:2b]

RSSI: -47 [da:ee:aa:ff:0a:5a]

RSSI: -72 [da:ee:aa:ff:06:6c]

RSSI: -73 [da:ee:aa:ff:07:2b]

RSSI: -73 [da:ee:aa:ff:06:6c]

RSSI: -35 [da:ee:aa:ff:0a:6a]

RSSI: -54 [da:ee:aa:ff:0a:7a]

RSSI: -54 [da:ee:aa:ff:0a:7a]

RSSI: -54 [da:ee:aa:ff:0a:7a]

RSSI: -54 [da:ee:aa:ff:0a:7a]

RSSI: -70 [da:ee:aa:ff:06:7c]

RSSI: -70 [da:ee:aa:ff:07:6b]

RSSI: -54 [da:ee:aa:ff:0a:7a]

RSSI: -70 [da:ee:aa:ff:06:7c]

RSSI: -72 [da:ee:aa:ff:07:8b]

RSSI: -77 [da:ee:aa:ff:06:bc]

RSSI: -48 [da:ee:aa:ff:0a:9a]

RSSI: -72 [da:ee:aa:ff:07:8b]

RSSI: -78 [da:ee:aa:ff:06:bc]

RSSI: -48 [da:ee:aa:ff:0a:9a]

RSSI: -72 [da:ee:aa:ff:07:8b]

RSSI: -78 [da:ee:aa:ff:06:bc]

RSSI: -48 [da:ee:aa:ff:0a:9a]

RSSI: -72 [da:ee:aa:ff:07:8b]

RSSI: -47 [da:ee:aa:ff:0a:aa]

RSSI: -71 [da:ee:aa:ff:06:cc]

RSSI: -47 [da:ee:aa:ff:0a:aa]

RSSI: -71 [da:ee:aa:ff:06:cc]

RSSI: -47 [da:ee:aa:ff:0a:aa]

RSSI: -47 [da:ee:aa:ff:0a:aa]

RSSI: -54 [da:ee:aa:ff:07:cb]

RSSI: -71 [da:ee:aa:ff:06:dc]

RSSI: -70 [da:ee:aa:ff:07:cb]

RSSI: -71 [da:ee:aa:ff:06:dc]

RSSI: -70 [da:ee:aa:ff:07:db]

RSSI: -70 [da:ee:aa:ff:07:db]

RSSI: -71 [da:ee:aa:ff:06:ec]

RSSI: -70 [da:ee:aa:ff:07:db]

RSSI: -70 [da:ee:aa:ff:07:db]

RSSI: -70 [da:ee:aa:ff:07:db]

RSSI: -73 [da:ee:aa:ff:07:fb]

RSSI: -48 [da:ee:aa:ff:0a:ea]

RSSI: -72 [da:ee:aa:ff:08:1b]

RSSI: -65 [da:ee:aa:ff:07:1c]

RSSI: -49 [da:ee:aa:ff:0a:ea]

RSSI: -72 [da:ee:aa:ff:08:1b]

RSSI: -66 [da:ee:aa:ff:07:1c]

RSSI: -49 [da:ee:aa:ff:0a:ea]

RSSI: -47 [da:ee:aa:ff:0a:fa]

RSSI: -72 [da:ee:aa:ff:08:2b]

RSSI: -71 [da:ee:aa:ff:07:2c]

RSSI: -47 [da:ee:aa:ff:0a:fa]

RSSI: -72 [da:ee:aa:ff:08:2b]

RSSI: -71 [da:ee:aa:ff:07:2c]

RSSI: -47 [da:ee:aa:ff:0a:fa]

RSSI: -72 [da:ee:aa:ff:08:2b]

RSSI: -72 [da:ee:aa:ff:08:2b]

RSSI: -69 [da:ee:aa:ff:08:6b]

RSSI: -69 [da:ee:aa:ff:08:6b]

RSSI: -69 [da:ee:aa:ff:08:6b]

RSSI: -72 [da:ee:aa:ff:08:8b]

RSSI: -72 [da:ee:aa:ff:08:8b]

RSSI: -49 [da:ee:aa:ff:0b:5a]

RSSI: -50 [da:ee:aa:ff:0b:5a]

RSSI: -47 [da:ee:aa:ff:0b:7a]

RSSI: -47 [da:ee:aa:ff:0b:7a]

RSSI: -71 [da:ee:aa:ff:07:9c]

RSSI: -47 [da:ee:aa:ff:0b:7a]

RSSI: -70 [da:ee:aa:ff:07:9c]

RSSI: -47 [da:ee:aa:ff:0b:7a]

RSSI: -71 [da:ee:aa:ff:07:9c]

RSSI: -53 [da:ee:aa:ff:0b:9a]

RSSI: -70 [da:ee:aa:ff:08:eb]

RSSI: -53 [da:ee:aa:ff:0b:9a]

RSSI: -64 [da:ee:aa:ff:08:eb]

RSSI: -71 [da:ee:aa:ff:07:bc]

RSSI: -53 [da:ee:aa:ff:0b:9a]

RSSI: -53 [da:ee:aa:ff:0b:9a]

RSSI: -69 [da:ee:aa:ff:08:eb]

RSSI: -71 [da:ee:aa:ff:07:bc]

RSSI: -53 [da:ee:aa:ff:0b:9a]

RSSI: -50 [da:ee:aa:ff:0b:aa]

RSSI: -80 [da:ee:aa:ff:07:dc]

RSSI: -72 [da:ee:aa:ff:09:1b]

RSSI: -78 [da:ee:aa:ff:07:dc]

RSSI: -72 [da:ee:aa:ff:09:1b]

RSSI: -79 [da:ee:aa:ff:07:dc]

RSSI: -72 [da:ee:aa:ff:09:1b]

RSSI: -50 [da:ee:aa:ff:0b:ba]

RSSI: -79 [da:ee:aa:ff:07:ec]

RSSI: -49 [da:ee:aa:ff:0b:ba]

RSSI: -47 [da:ee:aa:ff:0b:da]

RSSI: -58 [da:ee:aa:ff:07:fc]

RSSI: -71 [da:ee:aa:ff:09:2b]

RSSI: -47 [da:ee:aa:ff:0b:da]

RSSI: -70 [da:ee:aa:ff:09:2b]

RSSI: -47 [da:ee:aa:ff:0b:da]

RSSI: -68 [da:ee:aa:ff:07:fc]

RSSI: -71 [da:ee:aa:ff:09:2b]

RSSI: -47 [da:ee:aa:ff:0b:da]

RSSI: -69 [da:ee:aa:ff:09:6b]

RSSI: -71 [da:ee:aa:ff:09:6b]

RSSI: -37 [da:ee:aa:ff:0b:fa]

RSSI: -70 [da:ee:aa:ff:08:2c]

RSSI: -68 [da:ee:aa:ff:09:6b]

RSSI: -41 [da:ee:aa:ff:0b:fa]

RSSI: -70 [da:ee:aa:ff:08:2c]

RSSI: -69 [da:ee:aa:ff:09:6b]

RSSI: -46 [da:ee:aa:ff:0b:fa]

RSSI: -70 [da:ee:aa:ff:08:2c]

RSSI: -69 [da:ee:aa:ff:09:6b]

RSSI: -51 [da:ee:aa:ff:0b:fa]

RSSI: -70 [da:ee:aa:ff:09:7b]

RSSI: -71 [da:ee:aa:ff:09:7b]

RSSI: -47 [da:ee:aa:ff:0c:2a]

RSSI: -47 [da:ee:aa:ff:0c:2a]

RSSI: -54 [da:ee:aa:ff:0c:5a]

RSSI: -70 [da:ee:aa:ff:09:cb]

RSSI: -53 [da:ee:aa:ff:0c:5a]

RSSI: -70 [da:ee:aa:ff:09:cb]

RSSI: -53 [da:ee:aa:ff:0c:5a]

RSSI: -71 [da:ee:aa:ff:08:ac]

RSSI: -70 [da:ee:aa:ff:09:eb]

RSSI: -53 [da:ee:aa:ff:0c:5a]

RSSI: -72 [da:ee:aa:ff:08:ac]

RSSI: -70 [da:ee:aa:ff:09:eb]

RSSI: -53 [da:ee:aa:ff:0c:5a]

RSSI: -47 [da:ee:aa:ff:0c:6a]

RSSI: -78 [da:ee:aa:ff:08:bc]

RSSI: -61 [da:ee:aa:ff:0a:0b]

RSSI: -78 [da:ee:aa:ff:08:bc]

RSSI: -71 [da:ee:aa:ff:0a:0b]

RSSI: -47 [da:ee:aa:ff:0c:8a]

RSSI: -78 [da:ee:aa:ff:08:bc]

RSSI: -53 [da:ee:aa:ff:0a:0b]

RSSI: -47 [da:ee:aa:ff:0c:8a]

RSSI: -53 [da:ee:aa:ff:0a:0b]

RSSI: -46 [da:ee:aa:ff:0c:9a]

RSSI: -71 [da:ee:aa:ff:08:ec]

RSSI: -72 [da:ee:aa:ff:0a:1b]

RSSI: -46 [da:ee:aa:ff:0c:9a]

RSSI: -71 [da:ee:aa:ff:08:ec]

RSSI: -46 [da:ee:aa:ff:0c:9a]

RSSI: -71 [da:ee:aa:ff:08:ec]

RSSI: -46 [da:ee:aa:ff:0c:9a]

RSSI: -70 [da:ee:aa:ff:0a:5b]

RSSI: -52 [da:ee:aa:ff:0c:ca]

RSSI: -70 [da:ee:aa:ff:0a:5b]

RSSI: -71 [da:ee:aa:ff:0a:5b]

RSSI: -70 [da:ee:aa:ff:0a:5b]

RSSI: -53 [da:ee:aa:ff:0c:ca]

RSSI: -70 [da:ee:aa:ff:0a:5b]

RSSI: -53 [da:ee:aa:ff:0c:ca]

RSSI: -77 [da:ee:aa:ff:09:2c]

RSSI: -71 [da:ee:aa:ff:0a:9b]

RSSI: -35 [da:ee:aa:ff:0c:ea]

RSSI: -76 [da:ee:aa:ff:09:2c]

RSSI: -46 [da:ee:aa:ff:0c:ea]

RSSI: -76 [da:ee:aa:ff:09:2c]

RSSI: -71 [da:ee:aa:ff:0a:9b]

RSSI: -48 [da:ee:aa:ff:0d:0a]

RSSI: -47 [da:ee:aa:ff:0d:0a]

RSSI: -71 [da:ee:aa:ff:09:5c]

RSSI: -71 [da:ee:aa:ff:0a:bb]

RSSI: -72 [da:ee:aa:ff:09:5c]

RSSI: -71 [da:ee:aa:ff:09:6c]

RSSI: -54 [da:ee:aa:ff:0d:4a]

RSSI: -72 [da:ee:aa:ff:09:6c]

RSSI: -54 [da:ee:aa:ff:0d:4a]

RSSI: -71 [da:ee:aa:ff:09:6c]

RSSI: -71 [da:ee:aa:ff:0a:eb]

RSSI: -72 [da:ee:aa:ff:09:6c]

RSSI: -71 [da:ee:aa:ff:0a:eb]

RSSI: -71 [da:ee:aa:ff:09:6c]

RSSI: -71 [da:ee:aa:ff:0a:eb]

RSSI: -48 [da:ee:aa:ff:0d:5a]

RSSI: -72 [da:ee:aa:ff:0b:0b]

RSSI: -78 [da:ee:aa:ff:09:9c]

RSSI: -78 [da:ee:aa:ff:09:9c]

RSSI: -72 [da:ee:aa:ff:0b:0b]

RSSI: -48 [da:ee:aa:ff:0d:6a]

RSSI: -72 [da:ee:aa:ff:0b:0b]

RSSI: -48 [da:ee:aa:ff:0d:6a]

RSSI: -50 [da:ee:aa:ff:0d:8a]

RSSI: -73 [da:ee:aa:ff:0b:4b]

RSSI: -50 [da:ee:aa:ff:0d:8a]

RSSI: -50 [da:ee:aa:ff:0d:8a]

RSSI: -71 [da:ee:aa:ff:0b:4b]

RSSI: -50 [da:ee:aa:ff:0d:8a]

RSSI: -76 [da:ee:aa:ff:09:dc]

RSSI: -65 [da:ee:aa:ff:0b:6b]

RSSI: -54 [da:ee:aa:ff:0d:aa]

RSSI: -71 [da:ee:aa:ff:0b:6b]

RSSI: -54 [da:ee:aa:ff:0d:aa]

RSSI: -71 [da:ee:aa:ff:0b:6b]

RSSI: -54 [da:ee:aa:ff:0d:aa]

RSSI: -71 [da:ee:aa:ff:0b:6b]

RSSI: -62 [da:ee:aa:ff:0a:0c]

RSSI: -48 [da:ee:aa:ff:0d:ba]

RSSI: -73 [da:ee:aa:ff:0b:9b]

RSSI: -62 [da:ee:aa:ff:0a:0c]

RSSI: -73 [da:ee:aa:ff:0b:9b]

RSSI: -73 [da:ee:aa:ff:0b:9b]

RSSI: -77 [da:ee:aa:ff:0a:3c]

RSSI: -43 [da:ee:aa:ff:0d:da]

RSSI: -77 [da:ee:aa:ff:0a:3c]

RSSI: -50 [da:ee:aa:ff:0d:da]

RSSI: -78 [da:ee:aa:ff:0a:3c]

RSSI: -50 [da:ee:aa:ff:0d:da]

RSSI: -77 [da:ee:aa:ff:0a:3c]

RSSI: -77 [da:ee:aa:ff:0a:3c]

RSSI: -54 [da:ee:aa:ff:0e:0a]

RSSI: -54 [da:ee:aa:ff:0e:0a]

RSSI: -76 [da:ee:aa:ff:0a:6c]

RSSI: -54 [da:ee:aa:ff:0e:0a]

RSSI: -76 [da:ee:aa:ff:0a:6c]

RSSI: -79 [da:ee:aa:ff:0a:8c]

RSSI: -50 [da:ee:aa:ff:0e:2a]

RSSI: -71 [da:ee:aa:ff:0c:0b]

RSSI: -79 [da:ee:aa:ff:0a:8c]

RSSI: -79 [da:ee:aa:ff:0a:8c]

RSSI: -50 [da:ee:aa:ff:0e:3a]

RSSI: -79 [da:ee:aa:ff:0a:8c]

RSSI: -50 [da:ee:aa:ff:0e:3a]

RSSI: -78 [da:ee:aa:ff:0a:8c]

RSSI: -49 [da:ee:aa:ff:0e:4a]

RSSI: -71 [da:ee:aa:ff:0c:3b]

RSSI: -71 [da:ee:aa:ff:0c:3b]

RSSI: -71 [da:ee:aa:ff:0c:3b]

RSSI: -49 [da:ee:aa:ff:0e:4a]

RSSI: -71 [da:ee:aa:ff:0c:3b]

RSSI: -74 [da:ee:aa:ff:0a:cc]

RSSI: -69 [da:ee:aa:ff:0c:5b]

RSSI: -53 [da:ee:aa:ff:0e:8a]

RSSI: -74 [da:ee:aa:ff:0a:cc]

RSSI: -68 [da:ee:aa:ff:0c:5b]

RSSI: -53 [da:ee:aa:ff:0e:8a]

RSSI: -73 [da:ee:aa:ff:0a:cc]

RSSI: -86 [da:ee:aa:ff:0a:cc]

RSSI: -74 [da:ee:aa:ff:0a:dc]

RSSI: -71 [da:ee:aa:ff:0c:9b]

RSSI: -50 [da:ee:aa:ff:0e:aa]

RSSI: -78 [da:ee:aa:ff:0a:ec]

RSSI: -54 [da:ee:aa:ff:0c:9b]

RSSI: -78 [da:ee:aa:ff:0a:ec]

RSSI: -64 [da:ee:aa:ff:0c:9b]

RSSI: -78 [da:ee:aa:ff:0a:ec]

RSSI: -65 [da:ee:aa:ff:0c:9b]

RSSI: -50 [da:ee:aa:ff:0e:ca]

RSSI: -79 [da:ee:aa:ff:0a:ec]

RSSI: -53 [da:ee:aa:ff:0c:9b]

RSSI: -50 [da:ee:aa:ff:0e:ca]

RSSI: -37 [da:ee:aa:ff:0e:da]

RSSI: -71 [da:ee:aa:ff:0c:bb]

RSSI: -76 [da:ee:aa:ff:0a:fc]

RSSI: -43 [da:ee:aa:ff:0e:da]

RSSI: -51 [da:ee:aa:ff:0e:da]

RSSI: -70 [da:ee:aa:ff:0c:eb]

RSSI: -58 [da:ee:aa:ff:0f:0a]

RSSI: -75 [da:ee:aa:ff:0b:3c]

RSSI: -70 [da:ee:aa:ff:0c:eb]

RSSI: -58 [da:ee:aa:ff:0f:0a]

RSSI: -75 [da:ee:aa:ff:0b:3c]

RSSI: -70 [da:ee:aa:ff:0c:eb]

RSSI: -58 [da:ee:aa:ff:0f:0a]

RSSI: -76 [da:ee:aa:ff:0b:3c]

RSSI: -70 [da:ee:aa:ff:0c:eb]

RSSI: -59 [da:ee:aa:ff:0f:0a]

RSSI: -76 [da:ee:aa:ff:0b:3c]

RSSI: -70 [da:ee:aa:ff:0c:eb]

RSSI: -59 [da:ee:aa:ff:0f:0a]

RSSI: -51 [da:ee:aa:ff:0f:1a]

RSSI: -80 [da:ee:aa:ff:0b:6c]

RSSI: -52 [da:ee:aa:ff:0f:2a]

RSSI: -79 [da:ee:aa:ff:0b:6c]

RSSI: -71 [da:ee:aa:ff:0d:4b]

RSSI: -49 [da:ee:aa:ff:0f:4a]

RSSI: -71 [da:ee:aa:ff:0d:4b]

RSSI: -49 [da:ee:aa:ff:0f:4a]

RSSI: -71 [da:ee:aa:ff:0d:4b]

RSSI: -49 [da:ee:aa:ff:0f:4a]

RSSI: -71 [da:ee:aa:ff:0d:4b]

RSSI: -49 [da:ee:aa:ff:0f:4a]

RSSI: -71 [da:ee:aa:ff:0d:4b]

RSSI: -49 [da:ee:aa:ff:0f:4a]

RSSI: -69 [da:ee:aa:ff:0d:6b]

RSSI: -76 [da:ee:aa:ff:0b:ac]

RSSI: -58 [da:ee:aa:ff:0f:6a]

RSSI: -76 [da:ee:aa:ff:0b:ac]

RSSI: -58 [da:ee:aa:ff:0f:6a]

RSSI: -75 [da:ee:aa:ff:0b:ac]

RSSI: -58 [da:ee:aa:ff:0f:6a]

RSSI: -69 [da:ee:aa:ff:0d:7b]

RSSI: -75 [da:ee:aa:ff:0b:ac]

RSSI: -58 [da:ee:aa:ff:0f:6a]

RSSI: -69 [da:ee:aa:ff:0d:7b]

RSSI: -75 [da:ee:aa:ff:0b:ac]

RSSI: -58 [da:ee:aa:ff:0f:6a]

RSSI: -52 [da:ee:aa:ff:0f:7a]

RSSI: -52 [da:ee:aa:ff:0f:7a]

RSSI: -73 [da:ee:aa:ff:0d:9b]

RSSI: -73 [da:ee:aa:ff:0d:9b]

RSSI: -79 [da:ee:aa:ff:0b:dc]

RSSI: -52 [da:ee:aa:ff:0f:8a]

RSSI: -73 [da:ee:aa:ff:0d:9b]

RSSI: -78 [da:ee:aa:ff:0b:dc]

RSSI: -49 [da:ee:aa:ff:0f:9a]

RSSI: -75 [da:ee:aa:ff:0b:fc]

RSSI: -48 [da:ee:aa:ff:0f:9a]

RSSI: -58 [da:ee:aa:ff:0d:bb]

RSSI: -48 [da:ee:aa:ff:0f:9a]

RSSI: -52 [da:ee:aa:ff:0d:bb]

RSSI: -48 [da:ee:aa:ff:0f:9a]

RSSI: -69 [da:ee:aa:ff:0d:db]

RSSI: -73 [da:ee:aa:ff:0c:1c]

RSSI: -69 [da:ee:aa:ff:0d:db]

RSSI: -59 [da:ee:aa:ff:0c:1c]

RSSI: -69 [da:ee:aa:ff:0d:db]

RSSI: -70 [da:ee:aa:ff:0d:db]

RSSI: -77 [da:ee:aa:ff:0c:3c]

RSSI: -49 [da:ee:aa:ff:0f:ea]

RSSI: -49 [da:ee:aa:ff:0f:ea]

RSSI: -77 [da:ee:aa:ff:0c:3c]

RSSI: -73 [da:ee:aa:ff:0e:0b]

RSSI: -73 [da:ee:aa:ff:0e:0b]

RSSI: -48 [da:ee:aa:ff:10:0a]

RSSI: -70 [da:ee:aa:ff:0e:2b]

RSSI: -48 [da:ee:aa:ff:10:0a]

RSSI: -70 [da:ee:aa:ff:0e:2b]

RSSI: -57 [da:ee:aa:ff:10:1a]

RSSI: -74 [da:ee:aa:ff:0c:6c]

RSSI: -69 [da:ee:aa:ff:0e:5b]

RSSI: -57 [da:ee:aa:ff:10:2a]

RSSI: -57 [da:ee:aa:ff:10:2a]

RSSI: -69 [da:ee:aa:ff:0e:5b]

RSSI: -77 [da:ee:aa:ff:0c:ac]

RSSI: -48 [da:ee:aa:ff:10:3a]

RSSI: -77 [da:ee:aa:ff:0c:ac]

RSSI: -48 [da:ee:aa:ff:10:3a]

RSSI: -77 [da:ee:aa:ff:0c:ac]

RSSI: -47 [da:ee:aa:ff:10:3a]

RSSI: -77 [da:ee:aa:ff:0c:ac]

RSSI: -48 [da:ee:aa:ff:10:3a]

RSSI: -76 [da:ee:aa:ff:0c:ac]

RSSI: -49 [da:ee:aa:ff:10:6a]

RSSI: -78 [da:ee:aa:ff:0c:dc]

RSSI: -49 [da:ee:aa:ff:10:6a]

RSSI: -75 [da:ee:aa:ff:0c:dc]

RSSI: -49 [da:ee:aa:ff:10:6a]

RSSI: -78 [da:ee:aa:ff:0c:dc]

RSSI: -49 [da:ee:aa:ff:10:6a]

RSSI: -77 [da:ee:aa:ff:0c:dc]

RSSI: -49 [da:ee:aa:ff:10:6a]

RSSI: -74 [da:ee:aa:ff:0c:ec]

RSSI: -74 [da:ee:aa:ff:0c:ec]

RSSI: -75 [da:ee:aa:ff:0c:ec]

RSSI: -48 [da:ee:aa:ff:10:aa]

RSSI: -71 [da:ee:aa:ff:0d:2c]

RSSI: -44 [da:ee:aa:ff:10:aa]

RSSI: -61 [da:ee:aa:ff:0d:2c]

RSSI: -48 [da:ee:aa:ff:10:aa]

RSSI: -77 [da:ee:aa:ff:0d:2c]

RSSI: -50 [da:ee:aa:ff:10:ea]

RSSI: -51 [da:ee:aa:ff:10:ea]

RSSI: -51 [da:ee:aa:ff:10:ea]

RSSI: -81 [da:ee:aa:ff:0d:5c]

RSSI: -51 [da:ee:aa:ff:10:ea]

RSSI: -81 [da:ee:aa:ff:0d:5c]

RSSI: -57 [da:ee:aa:ff:10:fa]

RSSI: -58 [da:ee:aa:ff:10:fa]

RSSI: -70 [da:ee:aa:ff:0f:5b]

RSSI: -57 [da:ee:aa:ff:11:0a]

RSSI: -70 [da:ee:aa:ff:0f:5b]

RSSI: -57 [da:ee:aa:ff:11:0a]

RSSI: -70 [da:ee:aa:ff:0f:5b]

RSSI: -49 [da:ee:aa:ff:11:2a]

RSSI: -77 [da:ee:aa:ff:0d:ac]

RSSI: -49 [da:ee:aa:ff:11:2a]

RSSI: -77 [da:ee:aa:ff:0d:ac]

RSSI: -50 [da:ee:aa:ff:11:4a]

RSSI: -70 [da:ee:aa:ff:0f:ab]

RSSI: -49 [da:ee:aa:ff:11:4a]

RSSI: -70 [da:ee:aa:ff:0f:ab]

RSSI: -49 [da:ee:aa:ff:11:4a]

RSSI: -69 [da:ee:aa:ff:0f:ab]

RSSI: -49 [da:ee:aa:ff:11:4a]

RSSI: -72 [da:ee:aa:ff:0f:cb]

RSSI: -72 [da:ee:aa:ff:0f:cb]

RSSI: -58 [da:ee:aa:ff:11:5a]

RSSI: -72 [da:ee:aa:ff:0f:eb]

RSSI: -57 [da:ee:aa:ff:0f:fb]

RSSI: -79 [da:ee:aa:ff:0e:1c]

RSSI: -57 [da:ee:aa:ff:0f:fb]

RSSI: -70 [da:ee:aa:ff:10:1b]

RSSI: -63 [da:ee:aa:ff:0e:3c]

RSSI: -50 [da:ee:aa:ff:11:ca]

RSSI: -70 [da:ee:aa:ff:10:3b]

RSSI: -50 [da:ee:aa:ff:11:ca]

RSSI: -79 [da:ee:aa:ff:0e:3c]

RSSI: -70 [da:ee:aa:ff:10:3b]

RSSI: -59 [da:ee:aa:ff:11:da]

RSSI: -72 [da:ee:aa:ff:10:4b]

RSSI: -59 [da:ee:aa:ff:11:da]

RSSI: -72 [da:ee:aa:ff:10:4b]

RSSI: -74 [da:ee:aa:ff:0e:7c]

RSSI: -59 [da:ee:aa:ff:11:da]

RSSI: -72 [da:ee:aa:ff:10:4b]

RSSI: -74 [da:ee:aa:ff:0e:7c]

RSSI: -58 [da:ee:aa:ff:11:da]

RSSI: -72 [da:ee:aa:ff:10:4b]

RSSI: -74 [da:ee:aa:ff:0e:7c]

RSSI: -72 [da:ee:aa:ff:10:4b]

RSSI: -74 [da:ee:aa:ff:0e:7c]

RSSI: -80 [da:ee:aa:ff:0e:8c]

RSSI: -75 [da:ee:aa:ff:10:6b]

RSSI: -53 [da:ee:aa:ff:12:0a]

RSSI: -79 [da:ee:aa:ff:0e:8c]

RSSI: -53 [da:ee:aa:ff:12:0a]

RSSI: -78 [da:ee:aa:ff:0e:8c]

RSSI: -74 [da:ee:aa:ff:10:8b]

RSSI: -53 [da:ee:aa:ff:12:0a]

RSSI: -80 [da:ee:aa:ff:0e:8c]

RSSI: -53 [da:ee:aa:ff:12:0a]

RSSI: -74 [da:ee:aa:ff:10:8b]

RSSI: -53 [da:ee:aa:ff:12:0a]

RSSI: -51 [da:ee:aa:ff:12:1a]

RSSI: -72 [da:ee:aa:ff:10:ab]

RSSI: -79 [da:ee:aa:ff:0e:bc]

RSSI: -72 [da:ee:aa:ff:10:ab]

RSSI: -51 [da:ee:aa:ff:12:3a]

RSSI: -72 [da:ee:aa:ff:10:ab]

RSSI: -79 [da:ee:aa:ff:0e:bc]

RSSI: -72 [da:ee:aa:ff:10:ab]

RSSI: -79 [da:ee:aa:ff:0e:bc]

RSSI: -88 [da:ee:aa:ff:0e:bc]

RSSI: -59 [da:ee:aa:ff:12:5a]

RSSI: -75 [da:ee:aa:ff:0e:dc]

RSSI: -59 [da:ee:aa:ff:12:5a]

RSSI: -59 [da:ee:aa:ff:12:5a]

RSSI: -74 [da:ee:aa:ff:0e:fc]

RSSI: -59 [da:ee:aa:ff:12:5a]

RSSI: -75 [da:ee:aa:ff:0e:fc]

RSSI: -71 [da:ee:aa:ff:10:eb]

RSSI: -53 [da:ee:aa:ff:12:7a]

RSSI: -53 [da:ee:aa:ff:12:7a]

RSSI: -53 [da:ee:aa:ff:12:7a]

RSSI: -53 [da:ee:aa:ff:12:7a]

RSSI: -53 [da:ee:aa:ff:12:7a]

RSSI: -79 [da:ee:aa:ff:0f:1c]

RSSI: -51 [da:ee:aa:ff:12:8a]

RSSI: -39 [da:ee:aa:ff:12:9a]

RSSI: -65 [da:ee:aa:ff:11:2b]

RSSI: -50 [da:ee:aa:ff:12:9a]

RSSI: -56 [da:ee:aa:ff:11:2b]

RSSI: -44 [da:ee:aa:ff:12:9a]

RSSI: -54 [da:ee:aa:ff:11:3b]

RSSI: -59 [da:ee:aa:ff:12:aa]

RSSI: -70 [da:ee:aa:ff:11:3b]

RSSI: -60 [da:ee:aa:ff:12:aa]

RSSI: -71 [da:ee:aa:ff:11:3b]

RSSI: -59 [da:ee:aa:ff:12:aa]

RSSI: -71 [da:ee:aa:ff:11:3b]

RSSI: -59 [da:ee:aa:ff:12:aa]

RSSI: -78 [da:ee:aa:ff:0f:ac]

RSSI: -52 [da:ee:aa:ff:12:da]

RSSI: -52 [da:ee:aa:ff:12:da]

RSSI: -52 [da:ee:aa:ff:12:da]

RSSI: -52 [da:ee:aa:ff:12:da]

RSSI: -80 [da:ee:aa:ff:0f:bc]

RSSI: -52 [da:ee:aa:ff:12:ea]

RSSI: -72 [da:ee:aa:ff:11:8b]

RSSI: -80 [da:ee:aa:ff:0f:bc]

RSSI: -52 [da:ee:aa:ff:12:ea]

RSSI: -72 [da:ee:aa:ff:11:8b]

RSSI: -73 [da:ee:aa:ff:11:8b]

RSSI: -52 [da:ee:aa:ff:12:fa]

RSSI: -73 [da:ee:aa:ff:11:9b]

RSSI: -73 [da:ee:aa:ff:11:bb]

RSSI: -61 [da:ee:aa:ff:13:0a]

RSSI: -73 [da:ee:aa:ff:11:bb]

RSSI: -61 [da:ee:aa:ff:13:0a]

RSSI: -73 [da:ee:aa:ff:11:bb]

RSSI: -61 [da:ee:aa:ff:13:0a]

RSSI: -73 [da:ee:aa:ff:11:bb]

RSSI: -61 [da:ee:aa:ff:13:0a]

RSSI: -73 [da:ee:aa:ff:11:bb]

RSSI: -51 [da:ee:aa:ff:13:4a]

RSSI: -76 [da:ee:aa:ff:11:db]

RSSI: -51 [da:ee:aa:ff:13:4a]

RSSI: -51 [da:ee:aa:ff:13:4a]

RSSI: -75 [da:ee:aa:ff:11:eb]

RSSI: -51 [da:ee:aa:ff:13:4a]

RSSI: -51 [da:ee:aa:ff:13:5a]

RSSI: -73 [da:ee:aa:ff:12:0b]

RSSI: -80 [da:ee:aa:ff:10:1c]

RSSI: -50 [da:ee:aa:ff:13:5a]

RSSI: -72 [da:ee:aa:ff:12:0b]

RSSI: -79 [da:ee:aa:ff:10:1c]

RSSI: -50 [da:ee:aa:ff:13:5a]

RSSI: -73 [da:ee:aa:ff:12:0b]

RSSI: -72 [da:ee:aa:ff:12:0b]

RSSI: -52 [da:ee:aa:ff:13:6a]

RSSI: -72 [da:ee:aa:ff:12:0b]

RSSI: -73 [da:ee:aa:ff:12:2b]

RSSI: -63 [da:ee:aa:ff:10:4c]

RSSI: -50 [da:ee:aa:ff:13:7a]

RSSI: -73 [da:ee:aa:ff:12:2b]

RSSI: -76 [da:ee:aa:ff:10:4c]

RSSI: -73 [da:ee:aa:ff:12:2b]

RSSI: -61 [da:ee:aa:ff:10:4c]

RSSI: -45 [da:ee:aa:ff:13:7a]

RSSI: -58 [da:ee:aa:ff:13:7a]

RSSI: -49 [da:ee:aa:ff:13:8a]

RSSI: -78 [da:ee:aa:ff:10:5c]

RSSI: -57 [da:ee:aa:ff:12:6b]

RSSI: -49 [da:ee:aa:ff:13:9a]

RSSI: -74 [da:ee:aa:ff:12:6b]

RSSI: -49 [da:ee:aa:ff:13:9a]

RSSI: -78 [da:ee:aa:ff:10:6c]

RSSI: -49 [da:ee:aa:ff:13:9a]

RSSI: -75 [da:ee:aa:ff:12:6b]

RSSI: -49 [da:ee:aa:ff:13:ba]

RSSI: -73 [da:ee:aa:ff:12:8b]

RSSI: -77 [da:ee:aa:ff:10:8c]

RSSI: -49 [da:ee:aa:ff:13:ba]

RSSI: -73 [da:ee:aa:ff:12:8b]

RSSI: -76 [da:ee:aa:ff:10:8c]

RSSI: -49 [da:ee:aa:ff:13:ba]

RSSI: -76 [da:ee:aa:ff:10:8c]

RSSI: -73 [da:ee:aa:ff:12:ab]

RSSI: -49 [da:ee:aa:ff:13:ba]

RSSI: -76 [da:ee:aa:ff:10:8c]

RSSI: -73 [da:ee:aa:ff:12:ab]

RSSI: -56 [da:ee:aa:ff:13:da]

RSSI: -56 [da:ee:aa:ff:13:da]

RSSI: -74 [da:ee:aa:ff:10:bc]

RSSI: -56 [da:ee:aa:ff:13:da]

RSSI: -75 [da:ee:aa:ff:10:bc]

RSSI: -56 [da:ee:aa:ff:13:da]

RSSI: -76 [da:ee:aa:ff:10:bc]

RSSI: -56 [da:ee:aa:ff:13:da]

RSSI: -49 [da:ee:aa:ff:13:fa]

RSSI: -80 [da:ee:aa:ff:10:dc]

RSSI: -80 [da:ee:aa:ff:10:dc]

RSSI: -50 [da:ee:aa:ff:14:0a]

RSSI: -80 [da:ee:aa:ff:10:dc]

RSSI: -49 [da:ee:aa:ff:14:0a]

RSSI: -48 [da:ee:aa:ff:14:1a]

RSSI: -48 [da:ee:aa:ff:14:1a]

RSSI: -48 [da:ee:aa:ff:14:1a]

RSSI: -48 [da:ee:aa:ff:14:1a]

RSSI: -73 [da:ee:aa:ff:11:2c]

RSSI: -55 [da:ee:aa:ff:14:2a]

RSSI: -73 [da:ee:aa:ff:11:2c]

RSSI: -72 [da:ee:aa:ff:13:4b]

RSSI: -72 [da:ee:aa:ff:13:4b]

RSSI: -73 [da:ee:aa:ff:11:3c]

RSSI: -71 [da:ee:aa:ff:13:4b]

RSSI: -74 [da:ee:aa:ff:13:6b]

RSSI: -83 [da:ee:aa:ff:11:4c]

RSSI: -74 [da:ee:aa:ff:13:6b]

RSSI: -65 [da:ee:aa:ff:11:4c]

RSSI: -74 [da:ee:aa:ff:13:6b]

RSSI: -66 [da:ee:aa:ff:11:4c]

RSSI: -74 [da:ee:aa:ff:13:6b]

RSSI: -74 [da:ee:aa:ff:11:6c]

RSSI: -50 [da:ee:aa:ff:14:9a]

RSSI: -72 [da:ee:aa:ff:13:8b]

RSSI: -49 [da:ee:aa:ff:14:9a]

RSSI: -55 [da:ee:aa:ff:13:8b]

RSSI: -49 [da:ee:aa:ff:14:9a]

RSSI: -71 [da:ee:aa:ff:13:8b]

RSSI: -50 [da:ee:aa:ff:14:9a]

RSSI: -54 [da:ee:aa:ff:13:8b]

RSSI: -50 [da:ee:aa:ff:14:9a]

RSSI: -70 [da:ee:aa:ff:13:ab]

RSSI: -72 [da:ee:aa:ff:11:9c]

RSSI: -54 [da:ee:aa:ff:14:aa]

RSSI: -73 [da:ee:aa:ff:11:9c]

RSSI: -70 [da:ee:aa:ff:13:ab]

RSSI: -74 [da:ee:aa:ff:11:9c]

RSSI: -70 [da:ee:aa:ff:13:ab]

RSSI: -73 [da:ee:aa:ff:11:9c]

RSSI: -70 [da:ee:aa:ff:13:ab]

RSSI: -80 [da:ee:aa:ff:11:cc]

RSSI: -50 [da:ee:aa:ff:14:ea]

RSSI: -80 [da:ee:aa:ff:11:cc]

RSSI: -50 [da:ee:aa:ff:14:ea]

RSSI: -80 [da:ee:aa:ff:11:cc]

RSSI: -50 [da:ee:aa:ff:14:ea]

RSSI: -79 [da:ee:aa:ff:11:cc]

RSSI: -49 [da:ee:aa:ff:14:ea]

RSSI: -79 [da:ee:aa:ff:11:cc]

RSSI: -50 [da:ee:aa:ff:14:ea]

RSSI: -74 [da:ee:aa:ff:14:0b]

RSSI: -74 [da:ee:aa:ff:11:dc]

RSSI: -73 [da:ee:aa:ff:14:0b]

RSSI: -51 [da:ee:aa:ff:15:0a]

RSSI: -74 [da:ee:aa:ff:14:0b]

RSSI: -51 [da:ee:aa:ff:15:0a]

RSSI: -74 [da:ee:aa:ff:11:ec]

RSSI: -51 [da:ee:aa:ff:15:0a]

RSSI: -74 [da:ee:aa:ff:11:ec]

RSSI: -51 [da:ee:aa:ff:15:0a]

RSSI: -73 [da:ee:aa:ff:11:fc]

RSSI: -70 [da:ee:aa:ff:14:3b]

RSSI: -54 [da:ee:aa:ff:15:1a]

RSSI: -73 [da:ee:aa:ff:11:fc]

RSSI: -70 [da:ee:aa:ff:14:3b]

RSSI: -54 [da:ee:aa:ff:15:1a]

RSSI: -73 [da:ee:aa:ff:11:fc]

RSSI: -70 [da:ee:aa:ff:14:3b]

RSSI: -54 [da:ee:aa:ff:15:1a]

RSSI: -73 [da:ee:aa:ff:11:fc]

RSSI: -70 [da:ee:aa:ff:14:3b]

RSSI: -74 [da:ee:aa:ff:14:5b]

RSSI: -74 [da:ee:aa:ff:14:5b]

RSSI: -38 [da:ee:aa:ff:15:4a]

RSSI: -79 [da:ee:aa:ff:12:2c]

RSSI: -75 [da:ee:aa:ff:14:5b]

RSSI: -80 [da:ee:aa:ff:12:2c]

RSSI: -79 [da:ee:aa:ff:12:2c]

RSSI: -51 [da:ee:aa:ff:15:4a]

RSSI: -60 [da:ee:aa:ff:12:3c]

RSSI: -51 [da:ee:aa:ff:15:5a]

RSSI: -72 [da:ee:aa:ff:14:8b]

RSSI: -72 [da:ee:aa:ff:14:8b]

RSSI: -51 [da:ee:aa:ff:15:6a]

RSSI: -72 [da:ee:aa:ff:14:8b]

RSSI: -51 [da:ee:aa:ff:15:6a]

RSSI: -72 [da:ee:aa:ff:14:8b]

RSSI: -51 [da:ee:aa:ff:15:6a]

RSSI: -54 [da:ee:aa:ff:15:8a]

RSSI: -58 [da:ee:aa:ff:14:ab]

RSSI: -54 [da:ee:aa:ff:15:8a]

RSSI: -68 [da:ee:aa:ff:14:ab]

RSSI: -54 [da:ee:aa:ff:15:8a]

RSSI: -70 [da:ee:aa:ff:14:ab]

RSSI: -54 [da:ee:aa:ff:15:8a]

RSSI: -73 [da:ee:aa:ff:12:7c]

RSSI: -75 [da:ee:aa:ff:14:eb]

RSSI: -51 [da:ee:aa:ff:15:aa]

RSSI: -75 [da:ee:aa:ff:14:eb]

RSSI: -51 [da:ee:aa:ff:15:aa]

RSSI: -75 [da:ee:aa:ff:14:eb]

RSSI: -51 [da:ee:aa:ff:15:aa]

RSSI: -51 [da:ee:aa:ff:15:aa]

RSSI: -75 [da:ee:aa:ff:14:eb]

RSSI: -51 [da:ee:aa:ff:15:aa]

RSSI: -52 [da:ee:aa:ff:15:ba]

RSSI: -73 [da:ee:aa:ff:15:0b]

RSSI: -52 [da:ee:aa:ff:15:ba]

RSSI: -73 [da:ee:aa:ff:15:0b]

RSSI: -52 [da:ee:aa:ff:15:ca]

RSSI: -52 [da:ee:aa:ff:15:ca]
