
RSSI: -54 [da:ee:aa:ff:01:5a]

RSSI: -68 [da:ee:aa:ff:16:1b]

RSSI: -67 [da:ee:aa:ff:16:3b]

RSSI: -67 [da:ee:aa:ff:16:3b]

RSSI: -88 [da:ee:aa:ff:00:9c]

RSSI: -89 [da:ee:aa:ff:00:9c]

RSSI: -57 [da:ee:aa:ff:01:aa]

RSSI: -56 [da:ee:aa:ff:01:aa]

RSSI: -68 [da:ee:aa:ff:16:6b]

RSSI: -68 [da:ee:aa:ff:16:6b]

RSSI: -68 [da:ee:aa:ff:16:6b]

RSSI: -56 [da:ee:aa:ff:01:ba]

RSSI: -68 [da:ee:aa:ff:16:6b]

RSSI: -54 [da:ee:aa:ff:01:da]

RSSI: -54 [da:ee:aa:ff:01:da]

RSSI: -68 [da:ee:aa:ff:16:7b]

RSSI: -53 [da:ee:aa:ff:01:da]

RSSI: -68 [da:ee:aa:ff:16:7b]

RSSI: -53 [da:ee:aa:ff:01:da]

RSSI: -53 [da:ee:aa:ff:01:da]

RSSI: -55 [da:ee:aa:ff:01:fa]

RSSI: -68 [da:ee:aa:ff:00:3b]

RSSI: -57 [da:ee:aa:ff:02:3a]

RSSI: -57 [da:ee:aa:ff:02:3a]

RSSI: -90 [da:ee:aa:ff:01:4c]

RSSI: -57 [da:ee:aa:ff:02:3a]

RSSI: -68 [da:ee:aa:ff:00:7b]

RSSI: -57 [da:ee:aa:ff:02:3a]

RSSI: -68 [da:ee:aa:ff:00:7b]

RSSI: -68 [da:ee:aa:ff:00:7b]

RSSI: -87 [da:ee:aa:ff:01:4c]

RSSI: -67 [da:ee:aa:ff:00:8b]

RSSI: -54 [da:ee:aa:ff:02:6a]

RSSI: -67 [da:ee:aa:ff:00:8b]

RSSI: -54 [da:ee:aa:ff:02:6a]

RSSI: -67 [da:ee:aa:ff:00:8b]

RSSI: -54 [da:ee:aa:ff:02:6a]

RSSI: -67 [da:ee:aa:ff:00:8b]

RSSI: -54 [da:ee:aa:ff:02:6a]

RSSI: -56 [da:ee:aa:ff:02:7a]

RSSI: -86 [da:ee:aa:ff:01:9c]

RSSI: -67 [da:ee:aa:ff:00:bb]

RSSI: -56 [da:ee:aa:ff:02:7a]

RSSI: -67 [da:ee:aa:ff:00:bb]

RSSI: -56 [da:ee:aa:ff:02:7a]

RSSI: -67 [da:ee:aa:ff:00:bb]

RSSI: -67 [da:ee:aa:ff:00:bb]

RSSI: -57 [da:ee:aa:ff:02:9a]

RSSI: -67 [da:ee:aa:ff:00:bb]

RSSI: -64 [da:ee:aa:ff:00:db]

RSSI: -56 [da:ee:aa:ff:02:aa]

RSSI: -86 [da:ee:aa:ff:01:dc]

RSSI: -56 [da:ee:aa:ff:02:aa]

RSSI: -56 [da:ee:aa:ff:02:aa]

RSSI: -50 [da:ee:aa:ff:00:fb]

RSSI: -67 [da:ee:aa:ff:01:1b]

RSSI: -54 [da:ee:aa:ff:02:ca]

RSSI: -54 [da:ee:aa:ff:02:ca]

RSSI: -67 [da:ee:aa:ff:01:1b]

RSSI: -54 [da:ee:aa:ff:02:ca]

RSSI: -58 [da:ee:aa:ff:02:da]

RSSI: -58 [da:ee:aa:ff:02:da]

RSSI: -57 [da:ee:aa:ff:02:da]

RSSI: -68 [da:ee:aa:ff:01:4b]

RSSI: -87 [da:ee:aa:ff:02:2c]

RSSI: -67 [da:ee:aa:ff:01:4b]

RSSI: -88 [da:ee:aa:ff:02:2c]

RSSI: -66 [da:ee:aa:ff:01:6b]

RSSI: -66 [da:ee:aa:ff:01:6b]

RSSI: -66 [da:ee:aa:ff:01:6b]

RSSI: -66 [da:ee:aa:ff:01:6b]

RSSI: -85 [da:ee:aa:ff:02:5c]

RSSI: -53 [da:ee:aa:ff:03:3a]

RSSI: -56 [da:ee:aa:ff:03:5a]

RSSI: -55 [da:ee:aa:ff:03:5a]

RSSI: -70 [da:ee:aa:ff:01:9b]

RSSI: -56 [da:ee:aa:ff:03:5a]

RSSI: -70 [da:ee:aa:ff:01:9b]

RSSI: -56 [da:ee:aa:ff:03:5a]

RSSI: -70 [da:ee:aa:ff:01:9b]

RSSI: -56 [da:ee:aa:ff:03:5a]

RSSI: -70 [da:ee:aa:ff:01:9b]

RSSI: -67 [da:ee:aa:ff:01:ab]

RSSI: -55 [da:ee:aa:ff:03:7a]

RSSI: -68 [da:ee:aa:ff:01:ab]

RSSI: -67 [da:ee:aa:ff:01:ab]

RSSI: -55 [da:ee:aa:ff:03:8a]

RSSI: -84 [da:ee:aa:ff:02:bc]

RSSI: -55 [da:ee:aa:ff:03:8a]

RSSI: -57 [da:ee:aa:ff:01:eb]

RSSI: -86 [da:ee:aa:ff:02:cc]

RSSI: -52 [da:ee:aa:ff:01:eb]

RSSI: -66 [da:ee:aa:ff:01:eb]

RSSI: -49 [da:ee:aa:ff:01:eb]

RSSI: -55 [da:ee:aa:ff:03:aa]

RSSI: -66 [da:ee:aa:ff:01:eb]

RSSI: -70 [da:ee:aa:ff:01:fb]

RSSI: -56 [da:ee:aa:ff:03:da]

RSSI: -56 [da:ee:aa:ff:03:da]

RSSI: -71 [da:ee:aa:ff:02:1b]

RSSI: -56 [da:ee:aa:ff:03:da]

RSSI: -70 [da:ee:aa:ff:02:1b]

RSSI: -56 [da:ee:aa:ff:03:da]

RSSI: -82 [da:ee:aa:ff:03:1c]

RSSI: -82 [da:ee:aa:ff:03:1c]

RSSI: -68 [da:ee:aa:ff:02:3b]

RSSI: -66 [da:ee:aa:ff:02:6b]

RSSI: -68 [da:ee:aa:ff:02:6b]

RSSI: -42 [da:ee:aa:ff:04:0a]

RSSI: -67 [da:ee:aa:ff:02:6b]

RSSI: -66 [da:ee:aa:ff:02:6b]

RSSI: -56 [da:ee:aa:ff:04:1a]

RSSI: -56 [da:ee:aa:ff:04:1a]

RSSI: -71 [da:ee:aa:ff:02:8b]

RSSI: -56 [da:ee:aa:ff:04:3a]

RSSI: -71 [da:ee:aa:ff:02:ab]

RSSI: -56 [da:ee:aa:ff:04:3a]

RSSI: -82 [da:ee:aa:ff:03:8c]

RSSI: -54 [da:ee:aa:ff:04:7a]

RSSI: -54 [da:ee:aa:ff:04:7a]

RSSI: -54 [da:ee:aa:ff:04:7a]

RSSI: -54 [da:ee:aa:ff:04:7a]

RSSI: -55 [da:ee:aa:ff:04:8a]

RSSI: -71 [da:ee:aa:ff:02:fb]

RSSI: -55 [da:ee:aa:ff:04:8a]

RSSI: -71 [da:ee:aa:ff:02:fb]

RSSI: -55 [da:ee:aa:ff:04:8a]

RSSI: -71 [da:ee:aa:ff:02:fb]

RSSI: -55 [da:ee:aa:ff:04:8a]

RSSI: -54 [da:ee:aa:ff:04:aa]

RSSI: -69 [da:ee:aa:ff:03:2b]

RSSI: -69 [da:ee:aa:ff:03:2b]

RSSI: -84 [da:ee:aa:ff:04:1c]

RSSI: -54 [da:ee:aa:ff:04:aa]

RSSI: -69 [da:ee:aa:ff:03:2b]

RSSI: -84 [da:ee:aa:ff:04:1c]

RSSI: -54 [da:ee:aa:ff:04:aa]

RSSI: -85 [da:ee:aa:ff:04:1c]

RSSI: -54 [da:ee:aa:ff:04:aa]

RSSI: -69 [da:ee:aa:ff:03:2b]

RSSI: -68 [da:ee:aa:ff:03:4b]

RSSI: -69 [da:ee:aa:ff:03:5b]

RSSI: -82 [da:ee:aa:ff:04:3c]

RSSI: -68 [da:ee:aa:ff:03:5b]

RSSI: -72 [da:ee:aa:ff:03:6b]

RSSI: -49 [da:ee:aa:ff:05:0a]

RSSI: -86 [da:ee:aa:ff:04:6c]

RSSI: -72 [da:ee:aa:ff:03:6b]

RSSI: -50 [da:ee:aa:ff:05:0a]

RSSI: -72 [da:ee:aa:ff:03:6b]

RSSI: -54 [da:ee:aa:ff:05:0a]

RSSI: -87 [da:ee:aa:ff:04:6c]

RSSI: -71 [da:ee:aa:ff:03:6b]

RSSI: -54 [da:ee:aa:ff:05:0a]

RSSI: -86 [da:ee:aa:ff:04:6c]

RSSI: -84 [da:ee:aa:ff:04:8c]

RSSI: -70 [da:ee:aa:ff:03:ab]

RSSI: -70 [da:ee:aa:ff:03:ab]

RSSI: -71 [da:ee:aa:ff:03:ab]

RSSI: -55 [da:ee:aa:ff:05:2a]

RSSI: -70 [da:ee:aa:ff:03:ab]

RSSI: -55 [da:ee:aa:ff:05:2a]

RSSI: -70 [da:ee:aa:ff:03:ab]

RSSI: -68 [da:ee:aa:ff:03:bb]

RSSI: -53 [da:ee:aa:ff:05:3a]

RSSI: -67 [da:ee:aa:ff:03:bb]

RSSI: -53 [da:ee:aa:ff:05:3a]

RSSI: -67 [da:ee:aa:ff:03:db]

RSSI: -52 [da:ee:aa:ff:05:3a]

RSSI: -67 [da:ee:aa:ff:03:db]

RSSI: -57 [da:ee:aa:ff:05:6a]

RSSI: -86 [da:ee:aa:ff:04:fc]

RSSI: -57 [da:ee:aa:ff:05:6a]

RSSI: -72 [da:ee:aa:ff:04:2b]

RSSI: -72 [da:ee:aa:ff:04:2b]

RSSI: -72 [da:ee:aa:ff:04:2b]

RSSI: -57 [da:ee:aa:ff:05:8a]

RSSI: -69 [da:ee:aa:ff:04:4b]

RSSI: -52 [da:ee:aa:ff:05:9a]

RSSI: -68 [da:ee:aa:ff:04:4b]

RSSI: -52 [da:ee:aa:ff:05:9a]

RSSI: -86 [da:ee:aa:ff:05:1c]

RSSI: -68 [da:ee:aa:ff:04:4b]

RSSI: -53 [da:ee:aa:ff:05:9a]

RSSI: -53 [da:ee:aa:ff:05:9a]

RSSI: -86 [da:ee:aa:ff:05:1c]

RSSI: -68 [da:ee:aa:ff:04:6b]

RSSI: -72 [da:ee:aa:ff:04:8b]

RSSI: -54 [da:ee:aa:ff:05:ba]

RSSI: -71 [da:ee:aa:ff:04:8b]

RSSI: -72 [da:ee:aa:ff:04:8b]

RSSI: -72 [da:ee:aa:ff:04:8b]

RSSI: -49 [da:ee:aa:ff:05:ca]

RSSI: -72 [da:ee:aa:ff:04:8b]

RSSI: -53 [da:ee:aa:ff:05:ca]

RSSI: -52 [da:ee:aa:ff:05:ea]

RSSI: -53 [da:ee:aa:ff:06:1a]

RSSI: -68 [da:ee:aa:ff:04:cb]

RSSI: -53 [da:ee:aa:ff:06:1a]

RSSI: -87 [da:ee:aa:ff:05:7c]

RSSI: -53 [da:ee:aa:ff:06:1a]

RSSI: -68 [da:ee:aa:ff:04:cb]

RSSI: -53 [da:ee:aa:ff:06:1a]

RSSI: -54 [da:ee:aa:ff:06:2a]

RSSI: -72 [da:ee:aa:ff:05:0b]

RSSI: -54 [da:ee:aa:ff:06:2a]

RSSI: -72 [da:ee:aa:ff:05:0b]

RSSI: -72 [da:ee:aa:ff:05:0b]

RSSI: -54 [da:ee:aa:ff:06:2a]

RSSI: -72 [da:ee:aa:ff:05:0b]

RSSI: -72 [da:ee:aa:ff:05:0b]

RSSI: -84 [da:ee:aa:ff:05:cc]

RSSI: -65 [da:ee:aa:ff:05:2b]

RSSI: -54 [da:ee:aa:ff:06:6a]

RSSI: -85 [da:ee:aa:ff:05:fc]

RSSI: -70 [da:ee:aa:ff:05:5b]

RSSI: -54 [da:ee:aa:ff:06:6a]

RSSI: -85 [da:ee:aa:ff:05:fc]

RSSI: -70 [da:ee:aa:ff:05:5b]

RSSI: -85 [da:ee:aa:ff:05:fc]

RSSI: -55 [da:ee:aa:ff:06:9a]

RSSI: -55 [da:ee:aa:ff:06:9a]

RSSI: -78 [da:ee:aa:ff:05:8b]

RSSI: -55 [da:ee:aa:ff:06:9a]

RSSI: -78 [da:ee:aa:ff:05:8b]

RSSI: -88 [da:ee:aa:ff:06:1c]

RSSI: -55 [da:ee:aa:ff:06:9a]

RSSI: -79 [da:ee:aa:ff:05:8b]

RSSI: -88 [da:ee:aa:ff:06:1c]

RSSI: -68 [da:ee:aa:ff:05:9b]

RSSI: -82 [da:ee:aa:ff:06:3c]

RSSI: -68 [da:ee:aa:ff:05:9b]

RSSI: -82 [da:ee:aa:ff:06:3c]

RSSI: -49 [da:ee:aa:ff:06:ca]

RSSI: -81 [da:ee:aa:ff:06:3c]

RSSI: -67 [da:ee:aa:ff:05:bb]

RSSI: -71 [da:ee:aa:ff:05:cb]

RSSI: -55 [da:ee:aa:ff:06:ea]

RSSI: -71 [da:ee:aa:ff:05:cb]

RSSI: -55 [da:ee:aa:ff:06:ea]

RSSI: -71 [da:ee:aa:ff:05:cb]

RSSI: -71 [da:ee:aa:ff:05:cb]

RSSI: -79 [da:ee:aa:ff:05:eb]

RSSI: -55 [da:ee:aa:ff:07:1a]

RSSI: -55 [da:ee:aa:ff:07:1a]

RSSI: -78 [da:ee:aa:ff:05:fb]

RSSI: -78 [da:ee:aa:ff:05:fb]

RSSI: -55 [da:ee:aa:ff:07:1a]

RSSI: -79 [da:ee:aa:ff:05:fb]

RSSI: -56 [da:ee:aa:ff:07:2a]

RSSI: -68 [da:ee:aa:ff:06:1b]

RSSI: -65 [da:ee:aa:ff:06:cc]

RSSI: -68 [da:ee:aa:ff:06:1b]

RSSI: -56 [da:ee:aa:ff:07:3a]

RSSI: -56 [da:ee:aa:ff:07:5a]

RSSI: -52 [da:ee:aa:ff:06:4b]

RSSI: -56 [da:ee:aa:ff:07:5a]

RSSI: -67 [da:ee:aa:ff:06:4b]

RSSI: -56 [da:ee:aa:ff:07:5a]

RSSI: -61 [da:ee:aa:ff:06:4b]

RSSI: -56 [da:ee:aa:ff:07:5a]

RSSI: -69 [da:ee:aa:ff:06:4b]

RSSI: -55 [da:ee:aa:ff:07:6a]

RSSI: -76 [da:ee:aa:ff:06:6b]

RSSI: -82 [da:ee:aa:ff:07:0c]

RSSI: -77 [da:ee:aa:ff:06:6b]

RSSI: -82 [da:ee:aa:ff:07:0c]

RSSI: -55 [da:ee:aa:ff:07:8a]

RSSI: -55 [da:ee:aa:ff:07:8a]

RSSI: -83 [da:ee:aa:ff:07:0c]

RSSI: -77 [da:ee:aa:ff:06:7b]

RSSI: -55 [da:ee:aa:ff:07:8a]

RSSI: -58 [da:ee:aa:ff:07:aa]

RSSI: -69 [da:ee:aa:ff:06:8b]

RSSI: -58 [da:ee:aa:ff:07:aa]

RSSI: -88 [da:ee:aa:ff:07:1c]

RSSI: -69 [da:ee:aa:ff:06:8b]

RSSI: -58 [da:ee:aa:ff:07:aa]

RSSI: -69 [da:ee:aa:ff:06:8b]

RSSI: -58 [da:ee:aa:ff:07:aa]

RSSI: -69 [da:ee:aa:ff:06:8b]

RSSI: -58 [da:ee:aa:ff:07:aa]

RSSI: -49 [da:ee:aa:ff:07:da]

RSSI: -70 [da:ee:aa:ff:06:ab]

RSSI: -43 [da:ee:aa:ff:07:da]

RSSI: -70 [da:ee:aa:ff:06:ab]

RSSI: -51 [da:ee:aa:ff:07:da]

RSSI: -70 [da:ee:aa:ff:06:ab]

RSSI: -57 [da:ee:aa:ff:07:ea]

RSSI: -57 [da:ee:aa:ff:07:ea]

RSSI: -75 [da:ee:aa:ff:06:db]

RSSI: -57 [da:ee:aa:ff:07:fa]

RSSI: -70 [da:ee:aa:ff:06:eb]

RSSI: -59 [da:ee:aa:ff:08:0a]

RSSI: -70 [da:ee:aa:ff:06:eb]

RSSI: -86 [da:ee:aa:ff:07:ac]

RSSI: -60 [da:ee:aa:ff:08:0a]

RSSI: -70 [da:ee:aa:ff:06:eb]

RSSI: -60 [da:ee:aa:ff:08:0a]

RSSI: -70 [da:ee:aa:ff:06:eb]

RSSI: -60 [da:ee:aa:ff:08:0a]

RSSI: -70 [da:ee:aa:ff:06:eb]

RSSI: -87 [da:ee:aa:ff:07:ac]

RSSI: -60 [da:ee:aa:ff:08:0a]

RSSI: -60 [da:ee:aa:ff:08:2a]

RSSI: -60 [da:ee:aa:ff:08:2a]

RSSI: -70 [da:ee:aa:ff:07:2b]

RSSI: -60 [da:ee:aa:ff:08:4a]

RSSI: -60 [da:ee:aa:ff:08:4a]

RSSI: -67 [da:ee:aa:ff:07:2b]

RSSI: -60 [da:ee:aa:ff:08:4a]

RSSI: -53 [da:ee:aa:ff:07:2b]

RSSI: -79 [da:ee:aa:ff:07:ec]

RSSI: -61 [da:ee:aa:ff:07:3b]

RSSI: -55 [da:ee:aa:ff:08:5a]

RSSI: -71 [da:ee:aa:ff:07:3b]

RSSI: -55 [da:ee:aa:ff:08:5a]

RSSI: -55 [da:ee:aa:ff:08:5a]

RSSI: -71 [da:ee:aa:ff:07:3b]

RSSI: -55 [da:ee:aa:ff:08:5a]

RSSI: -81 [da:ee:aa:ff:07:ec]

RSSI: -71 [da:ee:aa:ff:07:6b]

RSSI: -71 [da:ee:aa:ff:07:6b]

RSSI: -61 [da:ee:aa:ff:08:9a]

RSSI: -61 [da:ee:aa:ff:08:9a]

RSSI: -71 [da:ee:aa:ff:07:6b]

RSSI: -88 [da:ee:aa:ff:08:2c]

RSSI: -61 [da:ee:aa:ff:08:9a]

RSSI: -71 [da:ee:aa:ff:07:6b]

RSSI: -61 [da:ee:aa:ff:08:9a]

RSSI: -61 [da:ee:aa:ff:08:aa]

RSSI: -68 [da:ee:aa:ff:07:7b]

RSSI: -61 [da:ee:aa:ff:08:aa]

RSSI: -68 [da:ee:aa:ff:07:9b]

RSSI: -61 [da:ee:aa:ff:08:aa]

RSSI: -68 [da:ee:aa:ff:07:9b]

RSSI: -60 [da:ee:aa:ff:08:ba]

RSSI: -68 [da:ee:aa:ff:07:9b]

RSSI: -71 [da:ee:aa:ff:07:ab]

RSSI: -71 [da:ee:aa:ff:07:ab]

RSSI: -71 [da:ee:aa:ff:07:ab]

RSSI: -44 [da:ee:aa:ff:08:da]

RSSI: -80 [da:ee:aa:ff:08:6c]

RSSI: -72 [da:ee:aa:ff:07:ab]

RSSI: -72 [da:ee:aa:ff:07:ab]

RSSI: -45 [da:ee:aa:ff:08:da]

RSSI: -72 [da:ee:aa:ff:07:db]

RSSI: -72 [da:ee:aa:ff:07:db]

RSSI: -62 [da:ee:aa:ff:08:fa]

RSSI: -73 [da:ee:aa:ff:07:db]

RSSI: -73 [da:ee:aa:ff:07:db]

RSSI: -65 [da:ee:aa:ff:09:3a]

RSSI: -69 [da:ee:aa:ff:07:eb]

RSSI: -66 [da:ee:aa:ff:09:3a]

RSSI: -69 [da:ee:aa:ff:07:eb]

RSSI: -87 [da:ee:aa:ff:08:ac]

RSSI: -66 [da:ee:aa:ff:09:3a]

RSSI: -85 [da:ee:aa:ff:08:ac]

RSSI: -70 [da:ee:aa:ff:07:fb]

RSSI: -66 [da:ee:aa:ff:09:3a]

RSSI: -80 [da:ee:aa:ff:08:cc]

RSSI: -59 [da:ee:aa:ff:08:1b]

RSSI: -59 [da:ee:aa:ff:09:4a]

RSSI: -79 [da:ee:aa:ff:08:cc]

RSSI: -54 [da:ee:aa:ff:08:1b]

RSSI: -59 [da:ee:aa:ff:09:4a]

RSSI: -80 [da:ee:aa:ff:08:cc]

RSSI: -54 [da:ee:aa:ff:08:1b]

RSSI: -81 [da:ee:aa:ff:08:cc]

RSSI: -63 [da:ee:aa:ff:08:1b]

RSSI: -58 [da:ee:aa:ff:09:6a]

RSSI: -70 [da:ee:aa:ff:08:1b]

RSSI: -62 [da:ee:aa:ff:09:7a]

RSSI: -62 [da:ee:aa:ff:09:7a]

RSSI: -62 [da:ee:aa:ff:09:7a]

RSSI: -63 [da:ee:aa:ff:09:7a]

RSSI: -63 [da:ee:aa:ff:09:7a]

RSSI: -68 [da:ee:aa:ff:09:8a]

RSSI: -69 [da:ee:aa:ff:08:4b]

RSSI: -86 [da:ee:aa:ff:09:2c]

RSSI: -69 [da:ee:aa:ff:08:4b]

RSSI: -69 [da:ee:aa:ff:09:aa]

RSSI: -69 [da:ee:aa:ff:08:4b]

RSSI: -69 [da:ee:aa:ff:09:aa]

RSSI: -69 [da:ee:aa:ff:09:aa]

RSSI: -58 [da:ee:aa:ff:09:ba]

RSSI: -72 [da:ee:aa:ff:08:7b]

RSSI: -59 [da:ee:aa:ff:09:ba]

RSSI: -73 [da:ee:aa:ff:08:7b]

RSSI: -58 [da:ee:aa:ff:09:ba]

RSSI: -73 [da:ee:aa:ff:08:7b]

RSSI: -58 [da:ee:aa:ff:09:ba]

RSSI: -73 [da:ee:aa:ff:08:7b]

RSSI: -59 [da:ee:aa:ff:09:ba]

RSSI: -76 [da:ee:aa:ff:08:9b]

RSSI: -76 [da:ee:aa:ff:08:9b]

RSSI: -76 [da:ee:aa:ff:08:ab]

RSSI: -61 [da:ee:aa:ff:09:ea]

RSSI: -76 [da:ee:aa:ff:08:ab]

RSSI: -71 [da:ee:aa:ff:0a:0a]

RSSI: -71 [da:ee:aa:ff:0a:0a]

RSSI: -70 [da:ee:aa:ff:0a:0a]

RSSI: -59 [da:ee:aa:ff:0a:3a]

RSSI: -59 [da:ee:aa:ff:0a:3a]

RSSI: -72 [da:ee:aa:ff:08:eb]

RSSI: -83 [da:ee:aa:ff:09:ec]

RSSI: -59 [da:ee:aa:ff:0a:3a]

RSSI: -72 [da:ee:aa:ff:08:eb]

RSSI: -83 [da:ee:aa:ff:09:ec]

RSSI: -59 [da:ee:aa:ff:0a:3a]

RSSI: -72 [da:ee:aa:ff:08:eb]

RSSI: -83 [da:ee:aa:ff:09:ec]

RSSI: -59 [da:ee:aa:ff:0a:3a]

RSSI: -72 [da:ee:aa:ff:08:eb]

RSSI: -72 [da:ee:aa:ff:08:fb]

RSSI: -67 [da:ee:aa:ff:0a:7a]

RSSI: -73 [da:ee:aa:ff:09:0b]

RSSI: -70 [da:ee:aa:ff:09:1b]

RSSI: -65 [da:ee:aa:ff:0a:9a]

RSSI: -65 [da:ee:aa:ff:0a:9a]

RSSI: -66 [da:ee:aa:ff:0a:9a]

RSSI: -72 [da:ee:aa:ff:09:4b]

RSSI: -59 [da:ee:aa:ff:0a:ca]

RSSI: -73 [da:ee:aa:ff:09:4b]

RSSI: -59 [da:ee:aa:ff:0a:ca]

RSSI: -72 [da:ee:aa:ff:09:4b]

RSSI: -59 [da:ee:aa:ff:0a:ca]

RSSI: -73 [da:ee:aa:ff:09:4b]

RSSI: -76 [da:ee:aa:ff:09:6b]

RSSI: -68 [da:ee:aa:ff:0a:da]

RSSI: -68 [da:ee:aa:ff:0a:da]

RSSI: -69 [da:ee:aa:ff:0a:da]

RSSI: -68 [da:ee:aa:ff:0a:da]

RSSI: -95 [da:ee:aa:ff:0a:7c]

RSSI: -70 [da:ee:aa:ff:09:9b]

RSSI: -64 [da:ee:aa:ff:0b:0a]

RSSI: -64 [da:ee:aa:ff:0b:0a]

RSSI: -70 [da:ee:aa:ff:09:9b]

RSSI: -59 [da:ee:aa:ff:0b:0a]

RSSI: -70 [da:ee:aa:ff:09:9b]

RSSI: -64 [da:ee:aa:ff:0b:0a]

RSSI: -70 [da:ee:aa:ff:09:9b]

RSSI: -59 [da:ee:aa:ff:0b:2a]

RSSI: -74 [da:ee:aa:ff:09:ab]

RSSI: -59 [da:ee:aa:ff:0b:2a]

RSSI: -85 [da:ee:aa:ff:0a:cc]

RSSI: -75 [da:ee:aa:ff:09:cb]

RSSI: -59 [da:ee:aa:ff:0b:4a]

RSSI: -65 [da:ee:aa:ff:0b:6a]

RSSI: -65 [da:ee:aa:ff:0b:6a]

RSSI: -65 [da:ee:aa:ff:0b:6a]

RSSI: -65 [da:ee:aa:ff:0b:6a]

RSSI: -65 [da:ee:aa:ff:0b:6a]

RSSI: -66 [da:ee:aa:ff:0b:8a]

RSSI: -54 [da:ee:aa:ff:0a:0b]

RSSI: -66 [da:ee:aa:ff:0b:9a]

RSSI: -87 [da:ee:aa:ff:0b:1c]

RSSI: -66 [da:ee:aa:ff:0b:9a]

RSSI: -66 [da:ee:aa:ff:0b:9a]

RSSI: -73 [da:ee:aa:ff:0a:0b]

RSSI: -58 [da:ee:aa:ff:0b:aa]

RSSI: -77 [da:ee:aa:ff:0a:2b]

RSSI: -58 [da:ee:aa:ff:0b:aa]

RSSI: -58 [da:ee:aa:ff:0b:aa]

RSSI: -85 [da:ee:aa:ff:0b:4c]

RSSI: -58 [da:ee:aa:ff:0b:aa]

RSSI: -58 [da:ee:aa:ff:0b:aa]

RSSI: -76 [da:ee:aa:ff:0a:5b]

RSSI: -69 [da:ee:aa:ff:0b:ea]

RSSI: -77 [da:ee:aa:ff:0a:5b]

RSSI: -69 [da:ee:aa:ff:0b:ea]

RSSI: -77 [da:ee:aa:ff:0a:5b]

RSSI: -70 [da:ee:aa:ff:0b:ea]

RSSI: -77 [da:ee:aa:ff:0a:5b]

RSSI: -70 [da:ee:aa:ff:0b:ea]

RSSI: -91 [da:ee:aa:ff:0b:6c]

RSSI: -68 [da:ee:aa:ff:0c:0a]

RSSI: -75 [da:ee:aa:ff:0a:7b]

RSSI: -75 [da:ee:aa:ff:0a:7b]

RSSI: -50 [da:ee:aa:ff:0c:2a]

RSSI: -88 [da:ee:aa:ff:0b:bc]

RSSI: -47 [da:ee:aa:ff:0c:2a]

RSSI: -86 [da:ee:aa:ff:0b:bc]

RSSI: -59 [da:ee:aa:ff:0c:2a]

RSSI: -51 [da:ee:aa:ff:0c:2a]

RSSI: -70 [da:ee:aa:ff:0c:4a]

RSSI: -76 [da:ee:aa:ff:0a:cb]

RSSI: -76 [da:ee:aa:ff:0a:cb]

RSSI: -76 [da:ee:aa:ff:0a:cb]

RSSI: -91 [da:ee:aa:ff:0b:ec]

RSSI: -70 [da:ee:aa:ff:0c:6a]

RSSI: -76 [da:ee:aa:ff:0a:cb]

RSSI: -66 [da:ee:aa:ff:0c:7a]

RSSI: -66 [da:ee:aa:ff:0c:7a]

RSSI: -78 [da:ee:aa:ff:0a:fb]

RSSI: -62 [da:ee:aa:ff:0c:aa]

RSSI: -78 [da:ee:aa:ff:0a:fb]

RSSI: -62 [da:ee:aa:ff:0c:aa]

RSSI: -62 [da:ee:aa:ff:0c:aa]

RSSI: -63 [da:ee:aa:ff:0c:aa]

RSSI: -69 [da:ee:aa:ff:0c:ba]

RSSI: -74 [da:ee:aa:ff:0b:3b]

RSSI: -69 [da:ee:aa:ff:0c:ba]

RSSI: -74 [da:ee:aa:ff:0b:3b]

RSSI: -69 [da:ee:aa:ff:0c:ba]

RSSI: -75 [da:ee:aa:ff:0b:3b]

RSSI: -74 [da:ee:aa:ff:0b:3b]

RSSI: -65 [da:ee:aa:ff:0c:ea]

RSSI: -76 [da:ee:aa:ff:0b:4b]

RSSI: -64 [da:ee:aa:ff:0c:ea]

RSSI: -75 [da:ee:aa:ff:0b:4b]

RSSI: -64 [da:ee:aa:ff:0c:ea]

RSSI: -76 [da:ee:aa:ff:0b:5b]

RSSI: -64 [da:ee:aa:ff:0c:ea]

RSSI: -72 [da:ee:aa:ff:0d:0a]

RSSI: -91 [da:ee:aa:ff:0c:ac]

RSSI: -78 [da:ee:aa:ff:0b:7b]

RSSI: -72 [da:ee:aa:ff:0d:0a]

RSSI: -90 [da:ee:aa:ff:0c:ac]

RSSI: -78 [da:ee:aa:ff:0b:7b]

RSSI: -91 [da:ee:aa:ff:0c:ac]

RSSI: -78 [da:ee:aa:ff:0b:7b]

RSSI: -73 [da:ee:aa:ff:0d:1a]

RSSI: -87 [da:ee:aa:ff:0c:ec]

RSSI: -59 [da:ee:aa:ff:0d:2a]

RSSI: -75 [da:ee:aa:ff:0b:ab]

RSSI: -74 [da:ee:aa:ff:0b:ab]

RSSI: -74 [da:ee:aa:ff:0b:ab]

RSSI: -61 [da:ee:aa:ff:0d:3a]

RSSI: -75 [da:ee:aa:ff:0b:cb]

RSSI: -75 [da:ee:aa:ff:0b:cb]

RSSI: -61 [da:ee:aa:ff:0d:5a]

RSSI: -74 [da:ee:aa:ff:0d:7a]

RSSI: -74 [da:ee:aa:ff:0d:7a]

RSSI: -61 [da:ee:aa:ff:0b:fb]

RSSI: -74 [da:ee:aa:ff:0d:7a]

RSSI: -93 [da:ee:aa:ff:0d:3c]

RSSI: -74 [da:ee:aa:ff:0d:7a]

RSSI: -73 [da:ee:aa:ff:0d:7a]

RSSI: -92 [da:ee:aa:ff:0d:3c]

RSSI: -73 [da:ee:aa:ff:0c:0b]

RSSI: -75 [da:ee:aa:ff:0c:2b]

RSSI: -58 [da:ee:aa:ff:0d:da]

RSSI: -76 [da:ee:aa:ff:0c:2b]

RSSI: -58 [da:ee:aa:ff:0d:da]

RSSI: -75 [da:ee:aa:ff:0c:2b]

RSSI: -58 [da:ee:aa:ff:0d:da]

RSSI: -74 [da:ee:aa:ff:0c:2b]

RSSI: -58 [da:ee:aa:ff:0d:da]

RSSI: -75 [da:ee:aa:ff:0c:2b]

RSSI: -74 [da:ee:aa:ff:0e:1a]

RSSI: -73 [da:ee:aa:ff:0c:6b]

RSSI: -73 [da:ee:aa:ff:0c:6b]

RSSI: -73 [da:ee:aa:ff:0e:1a]

RSSI: -85 [da:ee:aa:ff:0d:dc]

RSSI: -73 [da:ee:aa:ff:0c:8b]

RSSI: -79 [da:ee:aa:ff:0c:ab]

RSSI: -72 [da:ee:aa:ff:0e:7a]

RSSI: -85 [da:ee:aa:ff:0e:1c]

RSSI: -71 [da:ee:aa:ff:0e:7a]

RSSI: -86 [da:ee:aa:ff:0e:1c]

RSSI: -79 [da:ee:aa:ff:0c:bb]

RSSI: -71 [da:ee:aa:ff:0e:8a]

RSSI: -74 [da:ee:aa:ff:0c:db]

RSSI: -64 [da:ee:aa:ff:0e:9a]

RSSI: -56 [da:ee:aa:ff:0c:db]

RSSI: -64 [da:ee:aa:ff:0e:9a]

RSSI: -55 [da:ee:aa:ff:0c:db]

RSSI: -64 [da:ee:aa:ff:0e:9a]

RSSI: -67 [da:ee:aa:ff:0c:db]

RSSI: -86 [da:ee:aa:ff:0e:4c]

RSSI: -87 [da:ee:aa:ff:0e:4c]

RSSI: -55 [da:ee:aa:ff:0e:ba]

RSSI: -77 [da:ee:aa:ff:0c:fb]

RSSI: -55 [da:ee:aa:ff:0e:ca]

RSSI: -77 [da:ee:aa:ff:0c:fb]

RSSI: -54 [da:ee:aa:ff:0e:ca]

RSSI: -77 [da:ee:aa:ff:0c:fb]

RSSI: -55 [da:ee:aa:ff:0e:ca]

RSSI: -77 [da:ee:aa:ff:0c:fb]

RSSI: -67 [da:ee:aa:ff:0e:ea]

RSSI: -80 [da:ee:aa:ff:0d:1b]

RSSI: -67 [da:ee:aa:ff:0e:ea]

RSSI: -79 [da:ee:aa:ff:0d:1b]

RSSI: -67 [da:ee:aa:ff:0e:ea]

RSSI: -66 [da:ee:aa:ff:0e:ea]

RSSI: -79 [da:ee:aa:ff:0d:2b]

RSSI: -67 [da:ee:aa:ff:0e:ea]

RSSI: -74 [da:ee:aa:ff:0d:4b]

RSSI: -61 [da:ee:aa:ff:0f:2a]

RSSI: -74 [da:ee:aa:ff:0d:4b]

RSSI: -61 [da:ee:aa:ff:0f:2a]

RSSI: -73 [da:ee:aa:ff:0d:4b]

RSSI: -61 [da:ee:aa:ff:0f:2a]

RSSI: -74 [da:ee:aa:ff:0d:4b]

RSSI: -61 [da:ee:aa:ff:0f:2a]

RSSI: -74 [da:ee:aa:ff:0d:4b]

RSSI: -76 [da:ee:aa:ff:0d:6b]

RSSI: -54 [da:ee:aa:ff:0f:3a]

RSSI: -74 [da:ee:aa:ff:0d:6b]

RSSI: -54 [da:ee:aa:ff:0f:3a]

RSSI: -53 [da:ee:aa:ff:0f:3a]

RSSI: -53 [da:ee:aa:ff:0f:5a]

RSSI: -88 [da:ee:aa:ff:0f:1c]

RSSI: -48 [da:ee:aa:ff:0f:7a]

RSSI: -89 [da:ee:aa:ff:0f:1c]

RSSI: -48 [da:ee:aa:ff:0f:7a]

RSSI: -49 [da:ee:aa:ff:0f:7a]

RSSI: -61 [da:ee:aa:ff:0f:8a]

RSSI: -61 [da:ee:aa:ff:0f:8a]

RSSI: -72 [da:ee:aa:ff:0d:cb]

RSSI: -84 [da:ee:aa:ff:0f:4c]

RSSI: -72 [da:ee:aa:ff:0d:cb]

RSSI: -61 [da:ee:aa:ff:0f:aa]

RSSI: -53 [da:ee:aa:ff:0f:ca]

RSSI: -71 [da:ee:aa:ff:0d:eb]

RSSI: -53 [da:ee:aa:ff:0f:ca]

RSSI: -90 [da:ee:aa:ff:0f:6c]

RSSI: -55 [da:ee:aa:ff:0d:eb]

RSSI: -53 [da:ee:aa:ff:0f:ca]

RSSI: -70 [da:ee:aa:ff:0d:eb]

RSSI: -52 [da:ee:aa:ff:0f:ca]

RSSI: -55 [da:ee:aa:ff:0d:eb]

RSSI: -52 [da:ee:aa:ff:0f:ca]

RSSI: -72 [da:ee:aa:ff:0d:eb]

RSSI: -59 [da:ee:aa:ff:0f:da]

RSSI: -73 [da:ee:aa:ff:0e:1b]

RSSI: -74 [da:ee:aa:ff:0e:1b]

RSSI: -59 [da:ee:aa:ff:0f:fa]

RSSI: -73 [da:ee:aa:ff:0e:1b]

RSSI: -59 [da:ee:aa:ff:0f:fa]

RSSI: -73 [da:ee:aa:ff:0e:1b]

RSSI: -59 [da:ee:aa:ff:0f:fa]

RSSI: -73 [da:ee:aa:ff:0e:3b]

RSSI: -74 [da:ee:aa:ff:0e:3b]

RSSI: -73 [da:ee:aa:ff:0e:3b]

RSSI: -61 [da:ee:aa:ff:10:0a]

RSSI: -73 [da:ee:aa:ff:0e:5b]

RSSI: -73 [da:ee:aa:ff:0e:7b]

RSSI: -73 [da:ee:aa:ff:0e:7b]

RSSI: -74 [da:ee:aa:ff:0e:7b]

RSSI: -74 [da:ee:aa:ff:0e:7b]

RSSI: -71 [da:ee:aa:ff:0e:9b]

RSSI: -58 [da:ee:aa:ff:10:4a]

RSSI: -71 [da:ee:aa:ff:0e:bb]

RSSI: -58 [da:ee:aa:ff:10:4a]

RSSI: -71 [da:ee:aa:ff:0e:bb]

RSSI: -71 [da:ee:aa:ff:0e:bb]

RSSI: -74 [da:ee:aa:ff:0e:cb]

RSSI: -74 [da:ee:aa:ff:0e:cb]

RSSI: -73 [da:ee:aa:ff:0e:cb]

RSSI: -74 [da:ee:aa:ff:0e:cb]

RSSI: -73 [da:ee:aa:ff:0e:eb]

RSSI: -73 [da:ee:aa:ff:0e:eb]

RSSI: -75 [da:ee:aa:ff:0e:eb]

RSSI: -73 [da:ee:aa:ff:0e:eb]

RSSI: -60 [da:ee:aa:ff:0e:fb]

RSSI: -66 [da:ee:aa:ff:0e:fb]

RSSI: -58 [da:ee:aa:ff:10:ca]

RSSI: -58 [da:ee:aa:ff:10:ca]

RSSI: -70 [da:ee:aa:ff:0f:1b]

RSSI: -58 [da:ee:aa:ff:10:ca]

RSSI: -76 [da:ee:aa:ff:0f:3b]

RSSI: -77 [da:ee:aa:ff:0f:3b]

RSSI: -76 [da:ee:aa:ff:0f:3b]

RSSI: -60 [da:ee:aa:ff:10:fa]

RSSI: -77 [da:ee:aa:ff:0f:3b]

RSSI: -60 [da:ee:aa:ff:10:fa]

RSSI: -54 [da:ee:aa:ff:11:1a]

RSSI: -54 [da:ee:aa:ff:11:1a]

RSSI: -74 [da:ee:aa:ff:0f:6b]

RSSI: -54 [da:ee:aa:ff:11:1a]

RSSI: -73 [da:ee:aa:ff:0f:6b]

RSSI: -54 [da:ee:aa:ff:11:1a]

RSSI: -69 [da:ee:aa:ff:0f:7b]

RSSI: -69 [da:ee:aa:ff:0f:7b]

RSSI: -58 [da:ee:aa:ff:11:4a]

RSSI: -69 [da:ee:aa:ff:0f:7b]

RSSI: -58 [da:ee:aa:ff:11:4a]

RSSI: -69 [da:ee:aa:ff:0f:7b]

RSSI: -57 [da:ee:aa:ff:11:4a]

RSSI: -74 [da:ee:aa:ff:0f:bb]

RSSI: -92 [da:ee:aa:ff:11:2c]

RSSI: -73 [da:ee:aa:ff:0f:bb]

RSSI: -74 [da:ee:aa:ff:0f:bb]

RSSI: -73 [da:ee:aa:ff:0f:bb]

RSSI: -74 [da:ee:aa:ff:0f:bb]

RSSI: -74 [da:ee:aa:ff:0f:db]

RSSI: -48 [da:ee:aa:ff:11:9a]

RSSI: -70 [da:ee:aa:ff:0f:eb]

RSSI: -59 [da:ee:aa:ff:11:ba]

RSSI: -70 [da:ee:aa:ff:0f:eb]

RSSI: -71 [da:ee:aa:ff:0f:eb]

RSSI: -86 [da:ee:aa:ff:11:7c]

RSSI: -71 [da:ee:aa:ff:0f:eb]

RSSI: -84 [da:ee:aa:ff:11:7c]

RSSI: -70 [da:ee:aa:ff:0f:eb]

RSSI: -60 [da:ee:aa:ff:11:fa]

RSSI: -60 [da:ee:aa:ff:11:fa]

RSSI: -71 [da:ee:aa:ff:10:1b]

RSSI: -60 [da:ee:aa:ff:11:fa]

RSSI: -66 [da:ee:aa:ff:10:1b]

RSSI: -75 [da:ee:aa:ff:10:3b]

RSSI: -58 [da:ee:aa:ff:12:1a]

RSSI: -74 [da:ee:aa:ff:10:3b]

RSSI: -58 [da:ee:aa:ff:12:1a]

RSSI: -75 [da:ee:aa:ff:10:3b]

RSSI: -74 [da:ee:aa:ff:10:3b]

RSSI: -75 [da:ee:aa:ff:10:3b]

RSSI: -72 [da:ee:aa:ff:10:8b]

RSSI: -72 [da:ee:aa:ff:10:8b]

RSSI: -62 [da:ee:aa:ff:12:8a]

RSSI: -62 [da:ee:aa:ff:12:8a]

RSSI: -72 [da:ee:aa:ff:10:9b]

RSSI: -59 [da:ee:aa:ff:12:9a]

RSSI: -73 [da:ee:aa:ff:10:bb]

RSSI: -59 [da:ee:aa:ff:12:9a]

RSSI: -74 [da:ee:aa:ff:10:bb]

RSSI: -59 [da:ee:aa:ff:12:9a]

RSSI: -73 [da:ee:aa:ff:10:bb]

RSSI: -59 [da:ee:aa:ff:12:9a]

RSSI: -73 [da:ee:aa:ff:10:bb]

RSSI: -59 [da:ee:aa:ff:12:9a]

RSSI: -73 [da:ee:aa:ff:10:bb]

RSSI: -72 [da:ee:aa:ff:10:eb]

RSSI: -72 [da:ee:aa:ff:10:eb]

RSSI: -73 [da:ee:aa:ff:10:eb]

RSSI: -71 [da:ee:aa:ff:10:fb]

RSSI: -71 [da:ee:aa:ff:10:fb]

RSSI: -63 [da:ee:aa:ff:12:ca]

RSSI: -71 [da:ee:aa:ff:10:fb]

RSSI: -63 [da:ee:aa:ff:12:ca]

RSSI: -87 [da:ee:aa:ff:12:bc]

RSSI: -71 [da:ee:aa:ff:10:fb]

RSSI: -59 [da:ee:aa:ff:11:2b]

RSSI: -58 [da:ee:aa:ff:13:0a]

RSSI: -72 [da:ee:aa:ff:11:2b]

RSSI: -58 [da:ee:aa:ff:13:0a]

RSSI: -62 [da:ee:aa:ff:11:2b]

RSSI: -59 [da:ee:aa:ff:13:0a]

RSSI: -72 [da:ee:aa:ff:11:2b]

RSSI: -87 [da:ee:aa:ff:12:fc]

RSSI: -58 [da:ee:aa:ff:13:4a]

RSSI: -69 [da:ee:aa:ff:13:6a]

RSSI: -68 [da:ee:aa:ff:13:6a]

RSSI: -69 [da:ee:aa:ff:13:6a]

RSSI: -72 [da:ee:aa:ff:11:7b]

RSSI: -59 [da:ee:aa:ff:13:7a]

RSSI: -72 [da:ee:aa:ff:11:9b]

RSSI: -60 [da:ee:aa:ff:13:8a]

RSSI: -72 [da:ee:aa:ff:11:9b]

RSSI: -72 [da:ee:aa:ff:11:9b]

RSSI: -72 [da:ee:aa:ff:11:9b]

RSSI: -86 [da:ee:aa:ff:13:4c]

RSSI: -86 [da:ee:aa:ff:13:4c]

RSSI: -58 [da:ee:aa:ff:13:aa]

RSSI: -70 [da:ee:aa:ff:11:eb]

RSSI: -72 [da:ee:aa:ff:11:eb]

RSSI: -70 [da:ee:aa:ff:11:eb]

RSSI: -69 [da:ee:aa:ff:11:eb]

RSSI: -59 [da:ee:aa:ff:13:ea]

RSSI: -72 [da:ee:aa:ff:11:fb]

RSSI: -58 [da:ee:aa:ff:13:ea]

RSSI: -72 [da:ee:aa:ff:11:fb]

RSSI: -59 [da:ee:aa:ff:13:ea]

RSSI: -59 [da:ee:aa:ff:13:ea]

RSSI: -72 [da:ee:aa:ff:12:0b]

RSSI: -82 [da:ee:aa:ff:13:cc]

RSSI: -82 [da:ee:aa:ff:13:cc]

RSSI: -81 [da:ee:aa:ff:13:cc]

RSSI: -82 [da:ee:aa:ff:13:cc]

RSSI: -57 [da:ee:aa:ff:14:1a]

RSSI: -67 [da:ee:aa:ff:14:3a]

RSSI: -67 [da:ee:aa:ff:14:3a]

RSSI: -69 [da:ee:aa:ff:12:4b]

RSSI: -84 [da:ee:aa:ff:13:fc]

RSSI: -69 [da:ee:aa:ff:12:4b]

RSSI: -83 [da:ee:aa:ff:13:fc]

RSSI: -72 [da:ee:aa:ff:12:6b]

RSSI: -72 [da:ee:aa:ff:12:6b]

RSSI: -72 [da:ee:aa:ff:12:6b]

RSSI: -60 [da:ee:aa:ff:14:5a]

RSSI: -72 [da:ee:aa:ff:12:6b]

RSSI: -72 [da:ee:aa:ff:12:6b]

RSSI: -57 [da:ee:aa:ff:14:7a]

RSSI: -57 [da:ee:aa:ff:14:7a]

RSSI: -71 [da:ee:aa:ff:12:9b]

RSSI: -71 [da:ee:aa:ff:12:9b]

RSSI: -71 [da:ee:aa:ff:12:9b]

RSSI: -57 [da:ee:aa:ff:14:8a]

RSSI: -79 [da:ee:aa:ff:14:3c]

RSSI: -71 [da:ee:aa:ff:12:9b]

RSSI: -64 [da:ee:aa:ff:14:aa]

RSSI: -64 [da:ee:aa:ff:14:aa]

RSSI: -81 [da:ee:aa:ff:14:5c]

RSSI: -82 [da:ee:aa:ff:14:5c]

RSSI: -72 [da:ee:aa:ff:12:db]

RSSI: -72 [da:ee:aa:ff:12:db]

RSSI: -72 [da:ee:aa:ff:12:db]

RSSI: -72 [da:ee:aa:ff:12:db]

RSSI: -72 [da:ee:aa:ff:12:db]

RSSI: -47 [da:ee:aa:ff:14:fa]

RSSI: -82 [da:ee:aa:ff:14:ac]

RSSI: -81 [da:ee:aa:ff:14:ac]

RSSI: -54 [da:ee:aa:ff:13:1b]

RSSI: -61 [da:ee:aa:ff:14:fa]

RSSI: -65 [da:ee:aa:ff:13:1b]

RSSI: -61 [da:ee:aa:ff:14:fa]

RSSI: -69 [da:ee:aa:ff:13:1b]

RSSI: -67 [da:ee:aa:ff:13:2b]

RSSI: -62 [da:ee:aa:ff:13:2b]

RSSI: -83 [da:ee:aa:ff:14:dc]

RSSI: -64 [da:ee:aa:ff:15:1a]

RSSI: -70 [da:ee:aa:ff:13:2b]

RSSI: -82 [da:ee:aa:ff:14:dc]

RSSI: -64 [da:ee:aa:ff:15:1a]

RSSI: -71 [da:ee:aa:ff:13:2b]

RSSI: -64 [da:ee:aa:ff:15:1a]

RSSI: -82 [da:ee:aa:ff:14:dc]

RSSI: -74 [da:ee:aa:ff:13:5b]

RSSI: -62 [da:ee:aa:ff:15:2a]

RSSI: -74 [da:ee:aa:ff:13:5b]

RSSI: -62 [da:ee:aa:ff:15:2a]

RSSI: -74 [da:ee:aa:ff:13:5b]

RSSI: -62 [da:ee:aa:ff:15:2a]

RSSI: -74 [da:ee:aa:ff:13:5b]

RSSI: -62 [da:ee:aa:ff:15:2a]

RSSI: -74 [da:ee:aa:ff:13:5b]

RSSI: -72 [da:ee:aa:ff:13:6b]

RSSI: -61 [da:ee:aa:ff:15:5a]

RSSI: -84 [da:ee:aa:ff:15:2c]

RSSI: -71 [da:ee:aa:ff:13:6b]

RSSI: -61 [da:ee:aa:ff:15:5a]

RSSI: -83 [da:ee:aa:ff:15:2c]

RSSI: -71 [da:ee:aa:ff:13:6b]

RSSI: -60 [da:ee:aa:ff:15:5a]

RSSI: -61 [da:ee:aa:ff:15:5a]

RSSI: -71 [da:ee:aa:ff:13:8b]

RSSI: -61 [da:ee:aa:ff:15:5a]

RSSI: -72 [da:ee:aa:ff:13:ab]

RSSI: -71 [da:ee:aa:ff:13:ab]

RSSI: -85 [da:ee:aa:ff:15:4c]

RSSI: -71 [da:ee:aa:ff:13:ab]

RSSI: -84 [da:ee:aa:ff:15:4c]

RSSI: -71 [da:ee:aa:ff:13:ab]

RSSI: -71 [da:ee:aa:ff:13:ab]

RSSI: -75 [da:ee:aa:ff:13:bb]

RSSI: -62 [da:ee:aa:ff:15:aa]

RSSI: -75 [da:ee:aa:ff:13:db]

RSSI: -62 [da:ee:aa:ff:15:aa]

RSSI: -75 [da:ee:aa:ff:13:db]

RSSI: -62 [da:ee:aa:ff:15:aa]

RSSI: -74 [da:ee:aa:ff:13:db]

RSSI: -62 [da:ee:aa:ff:15:aa]

RSSI: -74 [da:ee:aa:ff:13:db]

RSSI: -61 [da:ee:aa:ff:15:ba]

RSSI: -70 [da:ee:aa:ff:13:eb]

RSSI: -70 [da:ee:aa:ff:13:eb]

RSSI: -71 [da:ee:aa:ff:13:eb]

RSSI: -54 [da:ee:aa:ff:14:2b]

RSSI: -86 [da:ee:aa:ff:15:dc]

RSSI: -83 [da:ee:aa:ff:15:dc]

RSSI: -54 [da:ee:aa:ff:14:2b]

RSSI: -54 [da:ee:aa:ff:14:2b]

RSSI: -59 [da:ee:aa:ff:16:0a]

RSSI: -74 [da:ee:aa:ff:14:4b]

RSSI: -73 [da:ee:aa:ff:14:4b]

RSSI: -59 [da:ee:aa:ff:16:2a]

RSSI: -73 [da:ee:aa:ff:14:5b]

RSSI: -58 [da:ee:aa:ff:16:3a]

RSSI: -70 [da:ee:aa:ff:14:7b]

RSSI: -58 [da:ee:aa:ff:16:3a]

RSSI: -70 [da:ee:aa:ff:14:7b]

RSSI: -58 [da:ee:aa:ff:16:3a]

RSSI: -70 [da:ee:aa:ff:14:7b]

RSSI: -58 [da:ee:aa:ff:16:3a]

RSSI: -70 [da:ee:aa:ff:14:7b]

RSSI: -58 [da:ee:aa:ff:16:3a]

RSSI: -70 [da:ee:aa:ff:14:7b]

RSSI: -61 [da:ee:aa:ff:16:7a]

RSSI: -76 [da:ee:aa:ff:14:ab]

RSSI: -62 [da:ee:aa:ff:16:7a]

RSSI: -76 [da:ee:aa:ff:14:ab]

RSSI: -62 [da:ee:aa:ff:16:7a]

RSSI: -72 [da:ee:aa:ff:14:cb]

RSSI: -55 [da:ee:aa:ff:00:0a]

RSSI: -72 [da:ee:aa:ff:14:cb]

RSSI: -71 [da:ee:aa:ff:14:cb]

RSSI: -72 [da:ee:aa:ff:14:cb]

RSSI: -71 [da:ee:aa:ff:14:cb]

RSSI: -82 [da:ee:aa:ff:00:2c]

RSSI: -70 [da:ee:aa:ff:14:fb]

RSSI: -84 [da:ee:aa:ff:00:2c]

RSSI: -70 [da:ee:aa:ff:14:fb]

RSSI: -70 [da:ee:aa:ff:14:fb]

RSSI: -70 [da:ee:aa:ff:14:fb]

RSSI: -68 [da:ee:aa:ff:00:3c]

RSSI: -76 [da:ee:aa:ff:15:1b]

RSSI: -84 [da:ee:aa:ff:00:4c]

RSSI: -64 [da:ee:aa:ff:00:6a]

RSSI: -84 [da:ee:aa:ff:00:4c]

RSSI: -76 [da:ee:aa:ff:15:1b]

RSSI: -84 [da:ee:aa:ff:00:4c]

RSSI: -77 [da:ee:aa:ff:15:3b]

RSSI: -43 [da:ee:aa:ff:00:9a]

RSSI: -70 [da:ee:aa:ff:15:4b]

RSSI: -53 [da:ee:aa:ff:00:9a]

RSSI: -56 [da:ee:aa:ff:15:4b]

RSSI: -56 [da:ee:aa:ff:00:9a]

RSSI: -61 [da:ee:aa:ff:15:4b]

RSSI: -56 [da:ee:aa:ff:00:9a]

RSSI: -53 [da:ee:aa:ff:15:4b]

RSSI: -56 [da:ee:aa:ff:00:9a]

RSSI: -52 [da:ee:aa:ff:15:4b]

RSSI: -70 [da:ee:aa:ff:15:6b]

RSSI: -56 [da:ee:aa:ff:00:aa]

RSSI: -82 [da:ee:aa:ff:00:9c]

RSSI: -81 [da:ee:aa:ff:00:9c]

RSSI: -66 [da:ee:aa:ff:00:ea]

RSSI: -74 [da:ee:aa:ff:15:8b]

RSSI: -67 [da:ee:aa:ff:00:ea]

RSSI: -67 [da:ee:aa:ff:00:ea]

RSSI: -73 [da:ee:aa:ff:15:8b]

RSSI: -66 [da:ee:aa:ff:00:ea]

RSSI: -74 [da:ee:aa:ff:15:8b]

RSSI: -82 [da:ee:aa:ff:00:dc]

RSSI: -71 [da:ee:aa:ff:15:cb]

RSSI: -57 [da:ee:aa:ff:01:1a]

RSSI: -71 [da:ee:aa:ff:15:cb]

RSSI: -57 [da:ee:aa:ff:01:1a]

RSSI: -71 [da:ee:aa:ff:15:cb]

RSSI: -58 [da:ee:aa:ff:01:1a]

RSSI: -71 [da:ee:aa:ff:15:cb]

RSSI: -58 [da:ee:aa:ff:01:1a]

RSSI: -71 [da:ee:aa:ff:15:cb]

RSSI: -82 [da:ee:aa:ff:01:0c]

RSSI: -70 [da:ee:aa:ff:15:db]

RSSI: -70 [da:ee:aa:ff:15:db]

RSSI: -70 [da:ee:aa:ff:15:db]

RSSI: -83 [da:ee:aa:ff:01:2c]

RSSI: -57 [da:ee:aa:ff:01:3a]

RSSI: -70 [da:ee:aa:ff:15:fb]

RSSI: -76 [da:ee:aa:ff:16:1b]

RSSI: -76 [da:ee:aa:ff:16:1b]

RSSI: -75 [da:ee:aa:ff:16:1b]

RSSI: -76 [da:ee:aa:ff:16:1b]

RSSI: -76 [da:ee:aa:ff:16:1b]

RSSI: -60 [da:ee:aa:ff:01:8a]

RSSI: -72 [da:ee:aa:ff:16:2b]

RSSI: -61 [da:ee:aa:ff:01:8a]

RSSI: -72 [da:ee:aa:ff:16:3b]

RSSI: -72 [da:ee:aa:ff:16:3b]

RSSI: -71 [da:ee:aa:ff:16:3b]

RSSI: -61 [da:ee:aa:ff:01:9a]

RSSI: -66 [da:ee:aa:ff:16:5b]

RSSI: -83 [da:ee:aa:ff:01:9c]

RSSI: -67 [da:ee:aa:ff:16:5b]

RSSI: -84 [da:ee:aa:ff:01:9c]

RSSI: -70 [da:ee:aa:ff:16:5b]

RSSI: -71 [da:ee:aa:ff:16:5b]

RSSI: -66 [da:ee:aa:ff:01:da]

RSSI: -75 [da:ee:aa:ff:00:0b]

RSSI: -81 [da:ee:aa:ff:01:cc]

RSSI: -76 [da:ee:aa:ff:00:0b]

RSSI: -81 [da:ee:aa:ff:01:cc]

RSSI: -76 [da:ee:aa:ff:00:0b]

RSSI: -65 [da:ee:aa:ff:01:ea]

RSSI: -81 [da:ee:aa:ff:01:cc]

RSSI: -70 [da:ee:aa:ff:00:2b]

RSSI: -61 [da:ee:aa:ff:02:0a]

RSSI: -70 [da:ee:aa:ff:00:2b]

RSSI: -61 [da:ee:aa:ff:02:0a]

RSSI: -70 [da:ee:aa:ff:00:2b]

RSSI: -61 [da:ee:aa:ff:02:0a]

RSSI: -61 [da:ee:aa:ff:02:0a]

RSSI: -70 [da:ee:aa:ff:00:3b]

RSSI: -59 [da:ee:aa:ff:02:2a]

RSSI: -71 [da:ee:aa:ff:00:5b]

RSSI: -71 [da:ee:aa:ff:00:5b]

RSSI: -71 [da:ee:aa:ff:00:5b]

RSSI: -71 [da:ee:aa:ff:00:5b]

RSSI: -70 [da:ee:aa:ff:00:9b]

RSSI: -60 [da:ee:aa:ff:02:7a]

RSSI: -70 [da:ee:aa:ff:00:9b]

RSSI: -60 [da:ee:aa:ff:02:7a]

RSSI: -70 [da:ee:aa:ff:00:9b]

RSSI: -60 [da:ee:aa:ff:02:7a]

RSSI: -70 [da:ee:aa:ff:00:9b]

RSSI: -60 [da:ee:aa:ff:02:7a]

RSSI: -70 [da:ee:aa:ff:00:9b]

RSSI: -57 [da:ee:aa:ff:02:9a]

RSSI: -69 [da:ee:aa:ff:00:cb]

RSSI: -57 [da:ee:aa:ff:02:9a]

RSSI: -69 [da:ee:aa:ff:00:cb]

RSSI: -57 [da:ee:aa:ff:02:9a]

RSSI: -69 [da:ee:aa:ff:00:cb]

RSSI: -84 [da:ee:aa:ff:02:8c]

RSSI: -57 [da:ee:aa:ff:02:9a]

RSSI: -69 [da:ee:aa:ff:00:cb]

RSSI: -74 [da:ee:aa:ff:00:eb]

RSSI: -80 [da:ee:aa:ff:02:bc]

RSSI: -81 [da:ee:aa:ff:02:bc]

RSSI: -81 [da:ee:aa:ff:02:bc]

RSSI: -79 [da:ee:aa:ff:02:bc]

RSSI: -74 [da:ee:aa:ff:01:1b]

RSSI: -63 [da:ee:aa:ff:02:ca]

RSSI: -92 [da:ee:aa:ff:02:dc]

RSSI: -63 [da:ee:aa:ff:02:ca]

RSSI: -73 [da:ee:aa:ff:01:1b]

RSSI: -64 [da:ee:aa:ff:02:ca]

RSSI: -57 [da:ee:aa:ff:03:0a]

RSSI: -71 [da:ee:aa:ff:01:5b]

RSSI: -57 [da:ee:aa:ff:03:0a]

RSSI: -74 [da:ee:aa:ff:01:7b]

RSSI: -73 [da:ee:aa:ff:01:7b]

RSSI: -71 [da:ee:aa:ff:03:6a]

RSSI: -71 [da:ee:aa:ff:03:6a]

RSSI: -71 [da:ee:aa:ff:03:6a]

RSSI: -71 [da:ee:aa:ff:03:6a]

RSSI: -70 [da:ee:aa:ff:03:6a]

RSSI: -58 [da:ee:aa:ff:03:7a]

RSSI: -79 [da:ee:aa:ff:01:bb]

RSSI: -80 [da:ee:aa:ff:01:bb]

RSSI: -80 [da:ee:aa:ff:01:bb]

RSSI: -58 [da:ee:aa:ff:03:9a]

RSSI: -58 [da:ee:aa:ff:03:9a]

RSSI: -80 [da:ee:aa:ff:01:cb]

RSSI: -74 [da:ee:aa:ff:01:db]

RSSI: -75 [da:ee:aa:ff:01:db]

RSSI: -75 [da:ee:aa:ff:01:db]

RSSI: -78 [da:ee:aa:ff:02:0b]

RSSI: -52 [da:ee:aa:ff:03:ea]

RSSI: -60 [da:ee:aa:ff:02:0b]

RSSI: -63 [da:ee:aa:ff:03:ea]

RSSI: -71 [da:ee:aa:ff:02:0b]

RSSI: -60 [da:ee:aa:ff:03:fa]

RSSI: -78 [da:ee:aa:ff:02:2b]

RSSI: -60 [da:ee:aa:ff:03:fa]

RSSI: -78 [da:ee:aa:ff:02:2b]

RSSI: -78 [da:ee:aa:ff:02:2b]

RSSI: -77 [da:ee:aa:ff:02:2b]

RSSI: -77 [da:ee:aa:ff:02:2b]

RSSI: -59 [da:ee:aa:ff:04:2a]

RSSI: -63 [da:ee:aa:ff:04:3a]

RSSI: -62 [da:ee:aa:ff:04:3a]

RSSI: -62 [da:ee:aa:ff:04:3a]

RSSI: -88 [da:ee:aa:ff:04:4c]

RSSI: -58 [da:ee:aa:ff:04:7a]

RSSI: -75 [da:ee:aa:ff:02:ab]

RSSI: -58 [da:ee:aa:ff:04:7a]

RSSI: -75 [da:ee:aa:ff:02:ab]

RSSI: -58 [da:ee:aa:ff:04:7a]

RSSI: -58 [da:ee:aa:ff:04:7a]

RSSI: -75 [da:ee:aa:ff:02:ab]

RSSI: -57 [da:ee:aa:ff:04:7a]

RSSI: -75 [da:ee:aa:ff:02:ab]

RSSI: -73 [da:ee:aa:ff:02:cb]

RSSI: -86 [da:ee:aa:ff:04:9c]

RSSI: -80 [da:ee:aa:ff:04:9c]

RSSI: -82 [da:ee:aa:ff:04:9c]

RSSI: -60 [da:ee:aa:ff:04:9a]

RSSI: -72 [da:ee:aa:ff:02:eb]

RSSI: -60 [da:ee:aa:ff:04:9a]

RSSI: -59 [da:ee:aa:ff:04:ba]

RSSI: -59 [da:ee:aa:ff:04:ba]

RSSI: -60 [da:ee:aa:ff:04:ba]

RSSI: -74 [da:ee:aa:ff:02:fb]

RSSI: -59 [da:ee:aa:ff:04:ba]

RSSI: -74 [da:ee:aa:ff:02:fb]

RSSI: -60 [da:ee:aa:ff:04:ba]

RSSI: -55 [da:ee:aa:ff:04:ca]

RSSI: -82 [da:ee:aa:ff:04:fc]

RSSI: -55 [da:ee:aa:ff:04:ea]

RSSI: -56 [da:ee:aa:ff:03:3b]

RSSI: -52 [da:ee:aa:ff:04:ea]

RSSI: -73 [da:ee:aa:ff:03:3b]

RSSI: -76 [da:ee:aa:ff:03:5b]

RSSI: -81 [da:ee:aa:ff:05:1c]

RSSI: -75 [da:ee:aa:ff:03:5b]

RSSI: -75 [da:ee:aa:ff:03:5b]

RSSI: -58 [da:ee:aa:ff:05:0a]

RSSI: -81 [da:ee:aa:ff:05:3c]

RSSI: -82 [da:ee:aa:ff:05:3c]

RSSI: -57 [da:ee:aa:ff:05:3a]

RSSI: -71 [da:ee:aa:ff:03:8b]

RSSI: -57 [da:ee:aa:ff:05:3a]

RSSI: -72 [da:ee:aa:ff:03:8b]

RSSI: -72 [da:ee:aa:ff:03:8b]

RSSI: -72 [da:ee:aa:ff:03:8b]

RSSI: -57 [da:ee:aa:ff:05:3a]

RSSI: -71 [da:ee:aa:ff:03:8b]

RSSI: -72 [da:ee:aa:ff:03:9b]

RSSI: -53 [da:ee:aa:ff:05:5a]

RSSI: -71 [da:ee:aa:ff:03:9b]

RSSI: -53 [da:ee:aa:ff:05:5a]

RSSI: -53 [da:ee:aa:ff:05:5a]

RSSI: -72 [da:ee:aa:ff:03:bb]

RSSI: -70 [da:ee:aa:ff:03:bb]

RSSI: -56 [da:ee:aa:ff:05:8a]

RSSI: -72 [da:ee:aa:ff:03:db]

RSSI: -56 [da:ee:aa:ff:05:8a]

RSSI: -72 [da:ee:aa:ff:03:db]

RSSI: -56 [da:ee:aa:ff:05:8a]

RSSI: -72 [da:ee:aa:ff:03:db]

RSSI: -55 [da:ee:aa:ff:05:8a]

RSSI: -72 [da:ee:aa:ff:03:db]

RSSI: -71 [da:ee:aa:ff:03:eb]

RSSI: -56 [da:ee:aa:ff:05:aa]

RSSI: -71 [da:ee:aa:ff:03:fb]

RSSI: -71 [da:ee:aa:ff:03:fb]

RSSI: -71 [da:ee:aa:ff:03:fb]

RSSI: -57 [da:ee:aa:ff:05:ba]

RSSI: -71 [da:ee:aa:ff:03:fb]

RSSI: -54 [da:ee:aa:ff:05:da]

RSSI: -65 [da:ee:aa:ff:04:4b]

RSSI: -54 [da:ee:aa:ff:04:4b]

RSSI: -54 [da:ee:aa:ff:04:4b]

RSSI: -78 [da:ee:aa:ff:06:0c]

RSSI: -56 [da:ee:aa:ff:06:2a]

RSSI: -56 [da:ee:aa:ff:06:2a]

RSSI: -56 [da:ee:aa:ff:06:2a]

RSSI: -72 [da:ee:aa:ff:04:8b]

RSSI: -72 [da:ee:aa:ff:04:8b]

RSSI: -91 [da:ee:aa:ff:06:4c]

RSSI: -72 [da:ee:aa:ff:04:8b]

RSSI: -55 [da:ee:aa:ff:06:5a]

RSSI: -55 [da:ee:aa:ff:06:5a]

RSSI: -95 [da:ee:aa:ff:06:6c]

RSSI: -72 [da:ee:aa:ff:04:8b]

RSSI: -55 [da:ee:aa:ff:06:5a]

RSSI: -79 [da:ee:aa:ff:06:8c]

RSSI: -59 [da:ee:aa:ff:06:7a]

RSSI: -78 [da:ee:aa:ff:06:8c]

RSSI: -59 [da:ee:aa:ff:06:7a]

RSSI: -73 [da:ee:aa:ff:04:bb]

RSSI: -77 [da:ee:aa:ff:06:8c]

RSSI: -59 [da:ee:aa:ff:06:7a]

RSSI: -73 [da:ee:aa:ff:04:bb]

RSSI: -78 [da:ee:aa:ff:06:8c]

RSSI: -59 [da:ee:aa:ff:06:7a]

RSSI: -73 [da:ee:aa:ff:04:bb]

RSSI: -77 [da:ee:aa:ff:06:8c]

RSSI: -70 [da:ee:aa:ff:04:cb]

RSSI: -69 [da:ee:aa:ff:04:cb]

RSSI: -69 [da:ee:aa:ff:04:cb]

RSSI: -69 [da:ee:aa:ff:04:cb]

RSSI: -71 [da:ee:aa:ff:04:fb]

RSSI: -54 [da:ee:aa:ff:06:ca]

RSSI: -71 [da:ee:aa:ff:04:fb]

RSSI: -54 [da:ee:aa:ff:06:ca]

RSSI: -71 [da:ee:aa:ff:04:fb]

RSSI: -54 [da:ee:aa:ff:06:ca]

RSSI: -70 [da:ee:aa:ff:04:fb]

RSSI: -54 [da:ee:aa:ff:06:ca]

RSSI: -90 [da:ee:aa:ff:06:cc]

RSSI: -70 [da:ee:aa:ff:04:fb]

RSSI: -87 [da:ee:aa:ff:06:cc]

RSSI: -74 [da:ee:aa:ff:05:1b]

RSSI: -62 [da:ee:aa:ff:06:ea]

RSSI: -67 [da:ee:aa:ff:06:fc]

RSSI: -74 [da:ee:aa:ff:05:1b]

RSSI: -62 [da:ee:aa:ff:06:ea]

RSSI: -63 [da:ee:aa:ff:06:fc]

RSSI: -62 [da:ee:aa:ff:06:ea]

RSSI: -62 [da:ee:aa:ff:06:ea]

RSSI: -67 [da:ee:aa:ff:05:3b]

RSSI: -54 [da:ee:aa:ff:07:2a]

RSSI: -69 [da:ee:aa:ff:05:5b]

RSSI: -43 [da:ee:aa:ff:07:2a]

RSSI: -71 [da:ee:aa:ff:05:7b]

RSSI: -54 [da:ee:aa:ff:07:3a]

RSSI: -54 [da:ee:aa:ff:07:3a]

RSSI: -54 [da:ee:aa:ff:07:3a]

RSSI: -54 [da:ee:aa:ff:07:3a]

RSSI: -71 [da:ee:aa:ff:05:8b]

RSSI: -54 [da:ee:aa:ff:07:3a]

RSSI: -75 [da:ee:aa:ff:05:ab]

RSSI: -74 [da:ee:aa:ff:05:ab]

RSSI: -74 [da:ee:aa:ff:05:ab]

RSSI: -78 [da:ee:aa:ff:07:5c]

RSSI: -75 [da:ee:aa:ff:05:ab]

RSSI: -78 [da:ee:aa:ff:07:5c]

RSSI: -75 [da:ee:aa:ff:05:ab]

RSSI: -64 [da:ee:aa:ff:07:7a]

RSSI: -79 [da:ee:aa:ff:07:5c]

RSSI: -55 [da:ee:aa:ff:07:9a]

RSSI: -68 [da:ee:aa:ff:05:cb]

RSSI: -55 [da:ee:aa:ff:07:9a]

RSSI: -68 [da:ee:aa:ff:05:cb]

RSSI: -55 [da:ee:aa:ff:07:9a]

RSSI: -68 [da:ee:aa:ff:05:cb]

RSSI: -68 [da:ee:aa:ff:05:cb]

RSSI: -73 [da:ee:aa:ff:05:eb]

RSSI: -53 [da:ee:aa:ff:07:ba]

RSSI: -73 [da:ee:aa:ff:05:eb]

RSSI: -53 [da:ee:aa:ff:07:da]

RSSI: -53 [da:ee:aa:ff:07:da]

RSSI: -53 [da:ee:aa:ff:07:da]

RSSI: -73 [da:ee:aa:ff:05:fb]

RSSI: -63 [da:ee:aa:ff:07:ea]

RSSI: -63 [da:ee:aa:ff:07:ea]

RSSI: -63 [da:ee:aa:ff:07:ea]

RSSI: -53 [da:ee:aa:ff:08:1a]

RSSI: -53 [da:ee:aa:ff:08:1a]

RSSI: -69 [da:ee:aa:ff:06:4b]

RSSI: -53 [da:ee:aa:ff:08:1a]

RSSI: -69 [da:ee:aa:ff:06:4b]

RSSI: -53 [da:ee:aa:ff:08:1a]

RSSI: -80 [da:ee:aa:ff:07:dc]

RSSI: -68 [da:ee:aa:ff:06:4b]

RSSI: -53 [da:ee:aa:ff:08:1a]

RSSI: -54 [da:ee:aa:ff:08:2a]

RSSI: -55 [da:ee:aa:ff:06:5b]

RSSI: -50 [da:ee:aa:ff:08:2a]

RSSI: -53 [da:ee:aa:ff:08:2a]

RSSI: -71 [da:ee:aa:ff:06:5b]

RSSI: -71 [da:ee:aa:ff:06:5b]

RSSI: -54 [da:ee:aa:ff:08:3a]

RSSI: -61 [da:ee:aa:ff:08:5a]

RSSI: -79 [da:ee:aa:ff:08:1c]

RSSI: -61 [da:ee:aa:ff:08:5a]

RSSI: -61 [da:ee:aa:ff:08:5a]

RSSI: -80 [da:ee:aa:ff:08:1c]

RSSI: -79 [da:ee:aa:ff:08:1c]

RSSI: -79 [da:ee:aa:ff:08:1c]

RSSI: -68 [da:ee:aa:ff:06:9b]

RSSI: -52 [da:ee:aa:ff:08:6a]

RSSI: -68 [da:ee:aa:ff:06:9b]

RSSI: -52 [da:ee:aa:ff:08:6a]

RSSI: -68 [da:ee:aa:ff:06:9b]

RSSI: -52 [da:ee:aa:ff:08:8a]

RSSI: -68 [da:ee:aa:ff:06:ab]

RSSI: -52 [da:ee:aa:ff:08:8a]

RSSI: -53 [da:ee:aa:ff:08:aa]

RSSI: -88 [da:ee:aa:ff:08:4c]

RSSI: -53 [da:ee:aa:ff:08:aa]

RSSI: -53 [da:ee:aa:ff:08:aa]

RSSI: -53 [da:ee:aa:ff:08:aa]

RSSI: -88 [da:ee:aa:ff:08:4c]

RSSI: -79 [da:ee:aa:ff:08:8c]

RSSI: -57 [da:ee:aa:ff:08:ba]

RSSI: -79 [da:ee:aa:ff:08:8c]

RSSI: -80 [da:ee:aa:ff:08:8c]

RSSI: -79 [da:ee:aa:ff:08:8c]

RSSI: -80 [da:ee:aa:ff:08:8c]

RSSI: -52 [da:ee:aa:ff:08:fa]

RSSI: -52 [da:ee:aa:ff:08:fa]

RSSI: -52 [da:ee:aa:ff:08:fa]

RSSI: -52 [da:ee:aa:ff:08:fa]

RSSI: -53 [da:ee:aa:ff:09:1a]

RSSI: -53 [da:ee:aa:ff:07:3b]

RSSI: -53 [da:ee:aa:ff:09:3a]

RSSI: -59 [da:ee:aa:ff:07:3b]

RSSI: -53 [da:ee:aa:ff:09:3a]

RSSI: -84 [da:ee:aa:ff:08:dc]

RSSI: -50 [da:ee:aa:ff:07:3b]

RSSI: -53 [da:ee:aa:ff:09:3a]

RSSI: -67 [da:ee:aa:ff:07:3b]

RSSI: -53 [da:ee:aa:ff:09:3a]

RSSI: -81 [da:ee:aa:ff:08:fc]

RSSI: -81 [da:ee:aa:ff:08:fc]

RSSI: -50 [da:ee:aa:ff:09:8a]

RSSI: -66 [da:ee:aa:ff:07:9b]

RSSI: -50 [da:ee:aa:ff:09:8a]

RSSI: -67 [da:ee:aa:ff:07:9b]

RSSI: -49 [da:ee:aa:ff:09:8a]

RSSI: -67 [da:ee:aa:ff:07:9b]

RSSI: -65 [da:ee:aa:ff:07:bb]

RSSI: -87 [da:ee:aa:ff:09:4c]

RSSI: -65 [da:ee:aa:ff:07:bb]

RSSI: -54 [da:ee:aa:ff:09:9a]

RSSI: -87 [da:ee:aa:ff:09:4c]

RSSI: -65 [da:ee:aa:ff:07:cb]

RSSI: -50 [da:ee:aa:ff:09:da]

RSSI: -69 [da:ee:aa:ff:08:0b]

RSSI: -86 [da:ee:aa:ff:09:9c]

RSSI: -69 [da:ee:aa:ff:08:0b]

RSSI: -50 [da:ee:aa:ff:09:ea]

RSSI: -70 [da:ee:aa:ff:08:0b]

RSSI: -54 [da:ee:aa:ff:0a:0a]

RSSI: -66 [da:ee:aa:ff:08:2b]

RSSI: -54 [da:ee:aa:ff:0a:0a]

RSSI: -67 [da:ee:aa:ff:08:2b]

RSSI: -54 [da:ee:aa:ff:0a:0a]

RSSI: -67 [da:ee:aa:ff:08:2b]

RSSI: -54 [da:ee:aa:ff:0a:0a]

RSSI: -54 [da:ee:aa:ff:0a:0a]

RSSI: -56 [da:ee:aa:ff:0a:2a]

RSSI: -65 [da:ee:aa:ff:08:4b]

RSSI: -79 [da:ee:aa:ff:09:cc]

RSSI: -58 [da:ee:aa:ff:08:4b]

RSSI: -53 [da:ee:aa:ff:08:4b]

RSSI: -80 [da:ee:aa:ff:09:cc]

RSSI: -67 [da:ee:aa:ff:08:4b]

RSSI: -56 [da:ee:aa:ff:0a:4a]

RSSI: -49 [da:ee:aa:ff:08:4b]

RSSI: -37 [da:ee:aa:ff:0a:6a]

RSSI: -69 [da:ee:aa:ff:08:6b]

RSSI: -43 [da:ee:aa:ff:0a:6a]

RSSI: -84 [da:ee:aa:ff:09:ec]

RSSI: -50 [da:ee:aa:ff:0a:6a]

RSSI: -38 [da:ee:aa:ff:0a:6a]

RSSI: -68 [da:ee:aa:ff:08:9b]

RSSI: -67 [da:ee:aa:ff:08:9b]

RSSI: -54 [da:ee:aa:ff:0a:aa]

RSSI: -53 [da:ee:aa:ff:0a:aa]

RSSI: -81 [da:ee:aa:ff:0a:1c]

RSSI: -56 [da:ee:aa:ff:0a:ba]

RSSI: -81 [da:ee:aa:ff:0a:1c]

RSSI: -56 [da:ee:aa:ff:0a:ba]

RSSI: -68 [da:ee:aa:ff:08:cb]

RSSI: -56 [da:ee:aa:ff:0a:ba]

RSSI: -68 [da:ee:aa:ff:08:cb]

RSSI: -56 [da:ee:aa:ff:0a:ba]

RSSI: -68 [da:ee:aa:ff:08:cb]

RSSI: -81 [da:ee:aa:ff:0a:1c]

RSSI: -69 [da:ee:aa:ff:08:db]

RSSI: -51 [da:ee:aa:ff:0a:ea]

RSSI: -69 [da:ee:aa:ff:08:db]

RSSI: -51 [da:ee:aa:ff:0a:ea]

RSSI: -69 [da:ee:aa:ff:08:db]

RSSI: -69 [da:ee:aa:ff:08:db]

RSSI: -51 [da:ee:aa:ff:0a:ea]

RSSI: -67 [da:ee:aa:ff:09:0b]

RSSI: -87 [da:ee:aa:ff:0a:5c]

RSSI: -55 [da:ee:aa:ff:0b:0a]

RSSI: -67 [da:ee:aa:ff:09:0b]

RSSI: -87 [da:ee:aa:ff:0a:5c]

RSSI: -55 [da:ee:aa:ff:0b:0a]

RSSI: -67 [da:ee:aa:ff:09:0b]

RSSI: -55 [da:ee:aa:ff:0b:0a]

RSSI: -67 [da:ee:aa:ff:09:0b]

RSSI: -55 [da:ee:aa:ff:0b:0a]

RSSI: -67 [da:ee:aa:ff:09:0b]

RSSI: -68 [da:ee:aa:ff:09:1b]

RSSI: -57 [da:ee:aa:ff:0b:3a]

RSSI: -68 [da:ee:aa:ff:09:1b]

RSSI: -57 [da:ee:aa:ff:0b:3a]

RSSI: -57 [da:ee:aa:ff:0b:3a]

RSSI: -69 [da:ee:aa:ff:09:3b]

RSSI: -84 [da:ee:aa:ff:0a:ac]

RSSI: -50 [da:ee:aa:ff:0b:6a]

RSSI: -85 [da:ee:aa:ff:0a:ac]

RSSI: -61 [da:ee:aa:ff:09:4b]

RSSI: -67 [da:ee:aa:ff:09:7b]

RSSI: -46 [da:ee:aa:ff:0b:7a]

RSSI: -67 [da:ee:aa:ff:09:7b]

RSSI: -47 [da:ee:aa:ff:0b:7a]

RSSI: -90 [da:ee:aa:ff:0a:bc]

RSSI: -54 [da:ee:aa:ff:0b:7a]

RSSI: -68 [da:ee:aa:ff:09:9b]

RSSI: -56 [da:ee:aa:ff:0b:8a]

RSSI: -68 [da:ee:aa:ff:09:9b]

RSSI: -80 [da:ee:aa:ff:0a:dc]

RSSI: -68 [da:ee:aa:ff:09:9b]

RSSI: -81 [da:ee:aa:ff:0a:dc]

RSSI: -68 [da:ee:aa:ff:09:9b]

RSSI: -81 [da:ee:aa:ff:0a:dc]

RSSI: -80 [da:ee:aa:ff:0a:dc]

RSSI: -69 [da:ee:aa:ff:09:cb]

RSSI: -52 [da:ee:aa:ff:0b:ca]

RSSI: -69 [da:ee:aa:ff:09:cb]

RSSI: -52 [da:ee:aa:ff:0b:ca]

RSSI: -69 [da:ee:aa:ff:09:cb]

RSSI: -52 [da:ee:aa:ff:0b:ca]

RSSI: -69 [da:ee:aa:ff:09:cb]

RSSI: -52 [da:ee:aa:ff:0b:ca]

RSSI: -70 [da:ee:aa:ff:09:cb]

RSSI: -52 [da:ee:aa:ff:0b:ca]

RSSI: -67 [da:ee:aa:ff:09:eb]

RSSI: -55 [da:ee:aa:ff:0b:da]

RSSI: -67 [da:ee:aa:ff:09:eb]

RSSI: -55 [da:ee:aa:ff:0b:da]

RSSI: -67 [da:ee:aa:ff:09:eb]

RSSI: -55 [da:ee:aa:ff:0b:da]

RSSI: -55 [da:ee:aa:ff:0b:fa]

RSSI: -67 [da:ee:aa:ff:0a:0b]

RSSI: -55 [da:ee:aa:ff:0c:0a]

RSSI: -55 [da:ee:aa:ff:0c:0a]

RSSI: -55 [da:ee:aa:ff:0c:0a]

RSSI: -55 [da:ee:aa:ff:0c:0a]

RSSI: -68 [da:ee:aa:ff:0a:1b]

RSSI: -86 [da:ee:aa:ff:0b:4c]

RSSI: -69 [da:ee:aa:ff:0a:3b]

RSSI: -52 [da:ee:aa:ff:0c:2a]

RSSI: -52 [da:ee:aa:ff:0c:2a]

RSSI: -69 [da:ee:aa:ff:0a:4b]

RSSI: -52 [da:ee:aa:ff:0c:4a]

RSSI: -69 [da:ee:aa:ff:0a:4b]

RSSI: -52 [da:ee:aa:ff:0c:4a]

RSSI: -69 [da:ee:aa:ff:0a:4b]

RSSI: -48 [da:ee:aa:ff:0a:6b]

RSSI: -54 [da:ee:aa:ff:0c:6a]

RSSI: -65 [da:ee:aa:ff:0a:6b]

RSSI: -54 [da:ee:aa:ff:0c:6a]

RSSI: -48 [da:ee:aa:ff:0a:6b]

RSSI: -54 [da:ee:aa:ff:0c:6a]

RSSI: -53 [da:ee:aa:ff:0a:6b]

RSSI: -54 [da:ee:aa:ff:0c:6a]

RSSI: -65 [da:ee:aa:ff:0a:6b]

RSSI: -56 [da:ee:aa:ff:0c:8a]

RSSI: -79 [da:ee:aa:ff:0b:9c]

RSSI: -69 [da:ee:aa:ff:0a:8b]

RSSI: -79 [da:ee:aa:ff:0b:9c]

RSSI: -68 [da:ee:aa:ff:0a:8b]

RSSI: -80 [da:ee:aa:ff:0b:9c]

RSSI: -68 [da:ee:aa:ff:0a:8b]

RSSI: -87 [da:ee:aa:ff:0b:ac]

RSSI: -69 [da:ee:aa:ff:0a:ab]

RSSI: -45 [da:ee:aa:ff:0c:ba]

RSSI: -70 [da:ee:aa:ff:0a:ab]

RSSI: -52 [da:ee:aa:ff:0c:ba]

RSSI: -87 [da:ee:aa:ff:0b:cc]

RSSI: -70 [da:ee:aa:ff:0a:ab]

RSSI: -52 [da:ee:aa:ff:0c:ba]

RSSI: -85 [da:ee:aa:ff:0b:cc]

RSSI: -70 [da:ee:aa:ff:0a:ab]

RSSI: -52 [da:ee:aa:ff:0c:ba]

RSSI: -85 [da:ee:aa:ff:0b:cc]

RSSI: -52 [da:ee:aa:ff:0c:ba]

RSSI: -69 [da:ee:aa:ff:0a:db]

RSSI: -90 [da:ee:aa:ff:0b:dc]

RSSI: -55 [da:ee:aa:ff:0c:fa]

RSSI: -55 [da:ee:aa:ff:0c:fa]

RSSI: -69 [da:ee:aa:ff:0a:db]

RSSI: -55 [da:ee:aa:ff:0c:fa]

RSSI: -69 [da:ee:aa:ff:0a:db]

RSSI: -55 [da:ee:aa:ff:0c:fa]

RSSI: -69 [da:ee:aa:ff:0a:db]

RSSI: -55 [da:ee:aa:ff:0d:0a]

RSSI: -81 [da:ee:aa:ff:0c:0c]

RSSI: -55 [da:ee:aa:ff:0d:0a]

RSSI: -80 [da:ee:aa:ff:0c:0c]

RSSI: -55 [da:ee:aa:ff:0d:0a]

RSSI: -55 [da:ee:aa:ff:0d:0a]

RSSI: -81 [da:ee:aa:ff:0c:0c]

RSSI: -68 [da:ee:aa:ff:0b:1b]

RSSI: -53 [da:ee:aa:ff:0d:4a]

RSSI: -67 [da:ee:aa:ff:0b:2b]

RSSI: -53 [da:ee:aa:ff:0d:4a]

RSSI: -67 [da:ee:aa:ff:0b:2b]

RSSI: -53 [da:ee:aa:ff:0d:4a]

RSSI: -68 [da:ee:aa:ff:0b:2b]

RSSI: -53 [da:ee:aa:ff:0d:4a]

RSSI: -67 [da:ee:aa:ff:0b:2b]

RSSI: -53 [da:ee:aa:ff:0d:4a]

RSSI: -69 [da:ee:aa:ff:0b:6b]

RSSI: -58 [da:ee:aa:ff:0d:6a]

RSSI: -68 [da:ee:aa:ff:0b:6b]

RSSI: -58 [da:ee:aa:ff:0d:6a]

RSSI: -68 [da:ee:aa:ff:0b:6b]

RSSI: -58 [da:ee:aa:ff:0d:8a]

RSSI: -52 [da:ee:aa:ff:0b:7b]

RSSI: -80 [da:ee:aa:ff:0c:6c]

RSSI: -69 [da:ee:aa:ff:0b:7b]

RSSI: -78 [da:ee:aa:ff:0c:6c]

RSSI: -57 [da:ee:aa:ff:0b:7b]

RSSI: -79 [da:ee:aa:ff:0c:6c]

RSSI: -55 [da:ee:aa:ff:0d:aa]

RSSI: -78 [da:ee:aa:ff:0c:6c]

RSSI: -90 [da:ee:aa:ff:0c:7c]

RSSI: -53 [da:ee:aa:ff:0d:ca]

RSSI: -69 [da:ee:aa:ff:0b:bb]

RSSI: -53 [da:ee:aa:ff:0d:ca]

RSSI: -68 [da:ee:aa:ff:0b:bb]

RSSI: -68 [da:ee:aa:ff:0b:bb]

RSSI: -53 [da:ee:aa:ff:0d:ea]

RSSI: -68 [da:ee:aa:ff:0b:bb]

RSSI: -53 [da:ee:aa:ff:0d:ea]

RSSI: -68 [da:ee:aa:ff:0b:bb]

RSSI: -54 [da:ee:aa:ff:0e:0a]

RSSI: -68 [da:ee:aa:ff:0b:cb]

RSSI: -42 [da:ee:aa:ff:0e:0a]

RSSI: -68 [da:ee:aa:ff:0b:cb]

RSSI: -53 [da:ee:aa:ff:0e:0a]

RSSI: -68 [da:ee:aa:ff:0b:db]

RSSI: -68 [da:ee:aa:ff:0b:db]

RSSI: -58 [da:ee:aa:ff:0e:1a]

RSSI: -68 [da:ee:aa:ff:0b:fb]

RSSI: -58 [da:ee:aa:ff:0e:2a]

RSSI: -58 [da:ee:aa:ff:0e:2a]

RSSI: -52 [da:ee:aa:ff:0e:4a]

RSSI: -52 [da:ee:aa:ff:0e:4a]

RSSI: -68 [da:ee:aa:ff:0c:2b]

RSSI: -69 [da:ee:aa:ff:0c:2b]

RSSI: -88 [da:ee:aa:ff:0c:fc]

RSSI: -52 [da:ee:aa:ff:0e:4a]

RSSI: -69 [da:ee:aa:ff:0c:2b]

RSSI: -52 [da:ee:aa:ff:0e:4a]

RSSI: -68 [da:ee:aa:ff:0c:2b]

RSSI: -70 [da:ee:aa:ff:0c:4b]

RSSI: -56 [da:ee:aa:ff:0e:7a]

RSSI: -70 [da:ee:aa:ff:0c:4b]

RSSI: -56 [da:ee:aa:ff:0e:7a]

RSSI: -70 [da:ee:aa:ff:0c:4b]

RSSI: -56 [da:ee:aa:ff:0e:7a]

RSSI: -70 [da:ee:aa:ff:0c:4b]

RSSI: -56 [da:ee:aa:ff:0e:7a]

RSSI: -77 [da:ee:aa:ff:0d:3c]

RSSI: -59 [da:ee:aa:ff:0e:9a]

RSSI: -78 [da:ee:aa:ff:0d:3c]

RSSI: -58 [da:ee:aa:ff:0e:9a]

RSSI: -77 [da:ee:aa:ff:0d:3c]

RSSI: -59 [da:ee:aa:ff:0e:9a]

RSSI: -77 [da:ee:aa:ff:0d:3c]

RSSI: -77 [da:ee:aa:ff:0d:3c]

RSSI: -87 [da:ee:aa:ff:0d:4c]

RSSI: -52 [da:ee:aa:ff:0e:ba]

RSSI: -58 [da:ee:aa:ff:0c:9b]

RSSI: -53 [da:ee:aa:ff:0e:ba]

RSSI: -67 [da:ee:aa:ff:0c:9b]

RSSI: -53 [da:ee:aa:ff:0e:ba]

RSSI: -88 [da:ee:aa:ff:0d:5c]

RSSI: -53 [da:ee:aa:ff:0e:ba]

RSSI: -87 [da:ee:aa:ff:0d:5c]

RSSI: -86 [da:ee:aa:ff:0d:5c]

RSSI: -70 [da:ee:aa:ff:0c:cb]

RSSI: -56 [da:ee:aa:ff:0e:da]

RSSI: -70 [da:ee:aa:ff:0c:cb]

RSSI: -56 [da:ee:aa:ff:0e:da]

RSSI: -70 [da:ee:aa:ff:0c:cb]

RSSI: -56 [da:ee:aa:ff:0e:da]

RSSI: -70 [da:ee:aa:ff:0c:cb]

RSSI: -70 [da:ee:aa:ff:0c:cb]

RSSI: -80 [da:ee:aa:ff:0d:8c]

RSSI: -84 [da:ee:aa:ff:0d:8c]

RSSI: -80 [da:ee:aa:ff:0d:8c]

RSSI: -70 [da:ee:aa:ff:0c:fb]

RSSI: -70 [da:ee:aa:ff:0c:fb]

RSSI: -67 [da:ee:aa:ff:0d:1b]

RSSI: -53 [da:ee:aa:ff:0f:3a]

RSSI: -53 [da:ee:aa:ff:0f:4a]

RSSI: -55 [da:ee:aa:ff:0f:6a]

RSSI: -81 [da:ee:aa:ff:0d:cc]

RSSI: -70 [da:ee:aa:ff:0d:3b]

RSSI: -56 [da:ee:aa:ff:0f:6a]

RSSI: -70 [da:ee:aa:ff:0d:3b]

RSSI: -55 [da:ee:aa:ff:0f:6a]

RSSI: -70 [da:ee:aa:ff:0d:3b]

RSSI: -56 [da:ee:aa:ff:0f:6a]

RSSI: -58 [da:ee:aa:ff:0f:8a]

RSSI: -78 [da:ee:aa:ff:0d:ec]

RSSI: -71 [da:ee:aa:ff:0d:5b]

RSSI: -80 [da:ee:aa:ff:0d:ec]

RSSI: -71 [da:ee:aa:ff:0d:5b]

RSSI: -79 [da:ee:aa:ff:0d:ec]

RSSI: -70 [da:ee:aa:ff:0d:5b]

RSSI: -78 [da:ee:aa:ff:0d:ec]

RSSI: -58 [da:ee: