
RSSI: -79 [da:ee:aa:ff:05:1c]

RSSI: -71 [da:ee:aa:ff:07:ba]

RSSI: -82 [da:ee:aa:ff:0c:2b]

RSSI: -64 [da:ee:aa:ff:07:ea]

RSSI: -82 [da:ee:aa:ff:0c:2b]

RSSI: -83 [da:ee:aa:ff:05:4c]

RSSI: -64 [da:ee:aa:ff:07:ea]

RSSI: -82 [da:ee:aa:ff:05:4c]

RSSI: -65 [da:ee:aa:ff:07:ea]

RSSI: -81 [da:ee:aa:ff:0c:2b]

RSSI: -65 [da:ee:aa:ff:07:ea]

RSSI: -65 [da:ee:aa:ff:08:0a]

RSSI: -65 [da:ee:aa:ff:08:0a]

RSSI: -83 [da:ee:aa:ff:05:6c]

RSSI: -65 [da:ee:aa:ff:08:0a]

RSSI: -84 [da:ee:aa:ff:05:6c]

RSSI: -73 [da:ee:aa:ff:0c:5b]

RSSI: -83 [da:ee:aa:ff:05:6c]

RSSI: -56 [da:ee:aa:ff:0c:5b]

RSSI: -72 [da:ee:aa:ff:0c:5b]

RSSI: -76 [da:ee:aa:ff:08:3a]

RSSI: -56 [da:ee:aa:ff:0c:6b]

RSSI: -74 [da:ee:aa:ff:08:3a]

RSSI: -73 [da:ee:aa:ff:0c:6b]

RSSI: -74 [da:ee:aa:ff:08:3a]

RSSI: -73 [da:ee:aa:ff:0c:6b]

RSSI: -74 [da:ee:aa:ff:08:3a]

RSSI: -73 [da:ee:aa:ff:0c:6b]

RSSI: -82 [da:ee:aa:ff:05:8c]

RSSI: -73 [da:ee:aa:ff:08:3a]

RSSI: -81 [da:ee:aa:ff:0c:9b]

RSSI: -80 [da:ee:aa:ff:05:ac]

RSSI: -65 [da:ee:aa:ff:08:5a]

RSSI: -81 [da:ee:aa:ff:0c:9b]

RSSI: -79 [da:ee:aa:ff:05:ac]

RSSI: -80 [da:ee:aa:ff:0c:9b]

RSSI: -79 [da:ee:aa:ff:05:ac]

RSSI: -65 [da:ee:aa:ff:08:6a]

RSSI: -74 [da:ee:aa:ff:0c:ab]

RSSI: -62 [da:ee:aa:ff:08:7a]

RSSI: -54 [da:ee:aa:ff:08:7a]

RSSI: -87 [da:ee:aa:ff:05:cc]

RSSI: -87 [da:ee:aa:ff:05:cc]

RSSI: -87 [da:ee:aa:ff:05:cc]

RSSI: -73 [da:ee:aa:ff:0c:db]

RSSI: -79 [da:ee:aa:ff:05:ec]

RSSI: -73 [da:ee:aa:ff:0c:db]

RSSI: -74 [da:ee:aa:ff:08:aa]

RSSI: -80 [da:ee:aa:ff:05:ec]

RSSI: -74 [da:ee:aa:ff:08:aa]

RSSI: -73 [da:ee:aa:ff:0c:db]

RSSI: -79 [da:ee:aa:ff:06:0c]

RSSI: -73 [da:ee:aa:ff:0c:db]

RSSI: -66 [da:ee:aa:ff:08:ba]

RSSI: -80 [da:ee:aa:ff:0d:1b]

RSSI: -79 [da:ee:aa:ff:0d:1b]

RSSI: -80 [da:ee:aa:ff:0d:1b]

RSSI: -84 [da:ee:aa:ff:06:3c]

RSSI: -67 [da:ee:aa:ff:08:ea]

RSSI: -67 [da:ee:aa:ff:08:ea]

RSSI: -83 [da:ee:aa:ff:06:4c]

RSSI: -67 [da:ee:aa:ff:08:ea]

RSSI: -83 [da:ee:aa:ff:06:4c]

RSSI: -66 [da:ee:aa:ff:08:ea]

RSSI: -81 [da:ee:aa:ff:06:6c]

RSSI: -56 [da:ee:aa:ff:0d:5b]

RSSI: -78 [da:ee:aa:ff:09:1a]

RSSI: -81 [da:ee:aa:ff:06:6c]

RSSI: -70 [da:ee:aa:ff:0d:5b]

RSSI: -81 [da:ee:aa:ff:06:6c]

RSSI: -67 [da:ee:aa:ff:09:3a]

RSSI: -69 [da:ee:aa:ff:09:3a]

RSSI: -81 [da:ee:aa:ff:06:9c]

RSSI: -66 [da:ee:aa:ff:09:3a]

RSSI: -82 [da:ee:aa:ff:06:9c]

RSSI: -81 [da:ee:aa:ff:06:9c]

RSSI: -69 [da:ee:aa:ff:09:3a]

RSSI: -86 [da:ee:aa:ff:06:ac]

RSSI: -86 [da:ee:aa:ff:06:ac]

RSSI: -71 [da:ee:aa:ff:09:6a]

RSSI: -71 [da:ee:aa:ff:09:6a]

RSSI: -82 [da:ee:aa:ff:06:dc]

RSSI: -74 [da:ee:aa:ff:0d:cb]

RSSI: -82 [da:ee:aa:ff:06:dc]

RSSI: -74 [da:ee:aa:ff:0d:cb]

RSSI: -82 [da:ee:aa:ff:06:dc]

RSSI: -74 [da:ee:aa:ff:0d:cb]

RSSI: -74 [da:ee:aa:ff:0d:cb]

RSSI: -82 [da:ee:aa:ff:06:dc]

RSSI: -74 [da:ee:aa:ff:0d:cb]

RSSI: -66 [da:ee:aa:ff:09:ca]

RSSI: -79 [da:ee:aa:ff:0d:eb]

RSSI: -83 [da:ee:aa:ff:06:ec]

RSSI: -66 [da:ee:aa:ff:09:ca]

RSSI: -83 [da:ee:aa:ff:06:ec]

RSSI: -66 [da:ee:aa:ff:09:ca]

RSSI: -79 [da:ee:aa:ff:0d:fb]

RSSI: -84 [da:ee:aa:ff:06:ec]

RSSI: -66 [da:ee:aa:ff:09:ca]

RSSI: -78 [da:ee:aa:ff:0d:fb]

RSSI: -66 [da:ee:aa:ff:09:ca]

RSSI: -84 [da:ee:aa:ff:07:0c]

RSSI: -78 [da:ee:aa:ff:0d:fb]

RSSI: -72 [da:ee:aa:ff:09:da]

RSSI: -71 [da:ee:aa:ff:09:da]

RSSI: -73 [da:ee:aa:ff:0e:4b]

RSSI: -73 [da:ee:aa:ff:0a:0a]

RSSI: -85 [da:ee:aa:ff:07:3c]

RSSI: -73 [da:ee:aa:ff:0e:4b]

RSSI: -73 [da:ee:aa:ff:0a:0a]

RSSI: -73 [da:ee:aa:ff:0e:4b]

RSSI: -72 [da:ee:aa:ff:0a:0a]

RSSI: -73 [da:ee:aa:ff:0e:4b]

RSSI: -73 [da:ee:aa:ff:0e:4b]

RSSI: -82 [da:ee:aa:ff:07:6c]

RSSI: -79 [da:ee:aa:ff:0e:5b]

RSSI: -69 [da:ee:aa:ff:0a:3a]

RSSI: -69 [da:ee:aa:ff:0a:3a]

RSSI: -69 [da:ee:aa:ff:0e:6b]

RSSI: -81 [da:ee:aa:ff:07:6c]

RSSI: -69 [da:ee:aa:ff:0a:3a]

RSSI: -64 [da:ee:aa:ff:0e:6b]

RSSI: -82 [da:ee:aa:ff:07:6c]

RSSI: -69 [da:ee:aa:ff:0a:3a]

RSSI: -82 [da:ee:aa:ff:07:9c]

RSSI: -73 [da:ee:aa:ff:0e:8b]

RSSI: -73 [da:ee:aa:ff:0e:ab]

RSSI: -74 [da:ee:aa:ff:0a:8a]

RSSI: -81 [da:ee:aa:ff:07:ac]

RSSI: -72 [da:ee:aa:ff:0e:ab]

RSSI: -73 [da:ee:aa:ff:0a:8a]

RSSI: -81 [da:ee:aa:ff:07:ac]

RSSI: -72 [da:ee:aa:ff:0e:ab]

RSSI: -73 [da:ee:aa:ff:0a:8a]

RSSI: -72 [da:ee:aa:ff:0e:ab]

RSSI: -72 [da:ee:aa:ff:0a:8a]

RSSI: -81 [da:ee:aa:ff:07:ac]

RSSI: -73 [da:ee:aa:ff:0e:ab]

RSSI: -72 [da:ee:aa:ff:0a:8a]

RSSI: -81 [da:ee:aa:ff:0e:cb]

RSSI: -51 [da:ee:aa:ff:0a:9a]

RSSI: -65 [da:ee:aa:ff:0a:9a]

RSSI: -80 [da:ee:aa:ff:07:dc]

RSSI: -80 [da:ee:aa:ff:0e:eb]

RSSI: -72 [da:ee:aa:ff:0f:1b]

RSSI: -70 [da:ee:aa:ff:08:2c]

RSSI: -81 [da:ee:aa:ff:08:4c]

RSSI: -68 [da:ee:aa:ff:0b:0a]

RSSI: -82 [da:ee:aa:ff:0f:3b]

RSSI: -82 [da:ee:aa:ff:08:4c]

RSSI: -68 [da:ee:aa:ff:0b:0a]

RSSI: -81 [da:ee:aa:ff:0f:3b]

RSSI: -81 [da:ee:aa:ff:08:4c]

RSSI: -68 [da:ee:aa:ff:0b:0a]

RSSI: -81 [da:ee:aa:ff:0f:3b]

RSSI: -68 [da:ee:aa:ff:0b:0a]

RSSI: -61 [da:ee:aa:ff:0f:5b]

RSSI: -69 [da:ee:aa:ff:0b:3a]

RSSI: -69 [da:ee:aa:ff:0b:3a]

RSSI: -54 [da:ee:aa:ff:0f:5b]

RSSI: -68 [da:ee:aa:ff:0b:3a]

RSSI: -69 [da:ee:aa:ff:0b:3a]

RSSI: -71 [da:ee:aa:ff:0f:5b]

RSSI: -73 [da:ee:aa:ff:0f:6b]

RSSI: -69 [da:ee:aa:ff:0b:4a]

RSSI: -82 [da:ee:aa:ff:08:9c]

RSSI: -69 [da:ee:aa:ff:0b:4a]

RSSI: -72 [da:ee:aa:ff:0f:7b]

RSSI: -72 [da:ee:aa:ff:0f:7b]

RSSI: -82 [da:ee:aa:ff:08:bc]

RSSI: -69 [da:ee:aa:ff:0b:5a]

RSSI: -72 [da:ee:aa:ff:0f:7b]

RSSI: -82 [da:ee:aa:ff:08:bc]

RSSI: -82 [da:ee:aa:ff:0f:9b]

RSSI: -82 [da:ee:aa:ff:0f:9b]

RSSI: -82 [da:ee:aa:ff:0f:9b]

RSSI: -74 [da:ee:aa:ff:0f:bb]

RSSI: -85 [da:ee:aa:ff:08:fc]

RSSI: -74 [da:ee:aa:ff:0f:bb]

RSSI: -84 [da:ee:aa:ff:08:fc]

RSSI: -74 [da:ee:aa:ff:0f:bb]

RSSI: -82 [da:ee:aa:ff:09:1c]

RSSI: -72 [da:ee:aa:ff:0f:cb]

RSSI: -82 [da:ee:aa:ff:09:1c]

RSSI: -68 [da:ee:aa:ff:0b:aa]

RSSI: -82 [da:ee:aa:ff:09:1c]

RSSI: -82 [da:ee:aa:ff:09:1c]

RSSI: -69 [da:ee:aa:ff:09:5c]

RSSI: -76 [da:ee:aa:ff:0b:fa]

RSSI: -76 [da:ee:aa:ff:0b:fa]

RSSI: -63 [da:ee:aa:ff:10:2b]

RSSI: -58 [da:ee:aa:ff:10:2b]

RSSI: -71 [da:ee:aa:ff:10:2b]

RSSI: -76 [da:ee:aa:ff:0c:0a]

RSSI: -72 [da:ee:aa:ff:0c:1a]

RSSI: -72 [da:ee:aa:ff:10:3b]

RSSI: -72 [da:ee:aa:ff:0c:1a]

RSSI: -72 [da:ee:aa:ff:10:3b]

RSSI: -72 [da:ee:aa:ff:0c:1a]

RSSI: -72 [da:ee:aa:ff:0c:1a]

RSSI: -72 [da:ee:aa:ff:10:4b]

RSSI: -73 [da:ee:aa:ff:0c:1a]

RSSI: -81 [da:ee:aa:ff:10:6b]

RSSI: -78 [da:ee:aa:ff:0c:2a]

RSSI: -81 [da:ee:aa:ff:10:6b]

RSSI: -86 [da:ee:aa:ff:09:9c]

RSSI: -77 [da:ee:aa:ff:0c:5a]

RSSI: -80 [da:ee:aa:ff:09:cc]

RSSI: -77 [da:ee:aa:ff:0c:5a]

RSSI: -74 [da:ee:aa:ff:10:9b]

RSSI: -77 [da:ee:aa:ff:0c:5a]

RSSI: -74 [da:ee:aa:ff:10:9b]

RSSI: -78 [da:ee:aa:ff:0c:5a]

RSSI: -74 [da:ee:aa:ff:10:9b]

RSSI: -70 [da:ee:aa:ff:0c:8a]

RSSI: -73 [da:ee:aa:ff:10:bb]

RSSI: -73 [da:ee:aa:ff:10:bb]

RSSI: -68 [da:ee:aa:ff:0c:8a]

RSSI: -73 [da:ee:aa:ff:10:bb]

RSSI: -83 [da:ee:aa:ff:09:fc]

RSSI: -83 [da:ee:aa:ff:09:fc]

RSSI: -63 [da:ee:aa:ff:0c:8a]

RSSI: -73 [da:ee:aa:ff:10:cb]

RSSI: -82 [da:ee:aa:ff:10:db]

RSSI: -83 [da:ee:aa:ff:10:db]

RSSI: -83 [da:ee:aa:ff:10:db]

RSSI: -83 [da:ee:aa:ff:10:db]

RSSI: -78 [da:ee:aa:ff:0c:ca]

RSSI: -77 [da:ee:aa:ff:0c:ca]

RSSI: -78 [da:ee:aa:ff:0c:ca]

RSSI: -74 [da:ee:aa:ff:11:0b]

RSSI: -79 [da:ee:aa:ff:0c:ca]

RSSI: -74 [da:ee:aa:ff:0a:3c]

RSSI: -74 [da:ee:aa:ff:11:0b]

RSSI: -79 [da:ee:aa:ff:0c:ca]

RSSI: -56 [da:ee:aa:ff:11:1b]

RSSI: -82 [da:ee:aa:ff:0a:4c]

RSSI: -66 [da:ee:aa:ff:0c:fa]

RSSI: -66 [da:ee:aa:ff:0c:fa]

RSSI: -82 [da:ee:aa:ff:0a:4c]

RSSI: -73 [da:ee:aa:ff:11:4b]

RSSI: -82 [da:ee:aa:ff:0a:8c]

RSSI: -65 [da:ee:aa:ff:0d:5a]

RSSI: -73 [da:ee:aa:ff:11:7b]

RSSI: -81 [da:ee:aa:ff:0a:cc]

RSSI: -72 [da:ee:aa:ff:11:7b]

RSSI: -82 [da:ee:aa:ff:0a:cc]

RSSI: -65 [da:ee:aa:ff:0d:5a]

RSSI: -73 [da:ee:aa:ff:11:7b]

RSSI: -80 [da:ee:aa:ff:0a:cc]

RSSI: -65 [da:ee:aa:ff:0d:5a]

RSSI: -73 [da:ee:aa:ff:11:7b]

RSSI: -80 [da:ee:aa:ff:0a:cc]

RSSI: -64 [da:ee:aa:ff:0d:7a]

RSSI: -80 [da:ee:aa:ff:0a:dc]

RSSI: -80 [da:ee:aa:ff:0a:dc]

RSSI: -80 [da:ee:aa:ff:0a:dc]

RSSI: -78 [da:ee:aa:ff:0d:8a]

RSSI: -84 [da:ee:aa:ff:0b:1c]

RSSI: -73 [da:ee:aa:ff:11:bb]

RSSI: -83 [da:ee:aa:ff:0b:1c]

RSSI: -72 [da:ee:aa:ff:11:bb]

RSSI: -83 [da:ee:aa:ff:0b:1c]

RSSI: -73 [da:ee:aa:ff:0d:ca]

RSSI: -73 [da:ee:aa:ff:11:eb]

RSSI: -63 [da:ee:aa:ff:0d:da]

RSSI: -73 [da:ee:aa:ff:11:eb]

RSSI: -63 [da:ee:aa:ff:0d:da]

RSSI: -73 [da:ee:aa:ff:11:eb]

RSSI: -83 [da:ee:aa:ff:0b:4c]

RSSI: -63 [da:ee:aa:ff:0d:da]

RSSI: -73 [da:ee:aa:ff:11:eb]

RSSI: -71 [da:ee:aa:ff:0b:4c]

RSSI: -63 [da:ee:aa:ff:0d:da]

RSSI: -73 [da:ee:aa:ff:11:eb]

RSSI: -63 [da:ee:aa:ff:0d:da]

RSSI: -77 [da:ee:aa:ff:0b:6c]

RSSI: -75 [da:ee:aa:ff:0e:1a]

RSSI: -75 [da:ee:aa:ff:0e:1a]

RSSI: -75 [da:ee:aa:ff:0e:1a]

RSSI: -81 [da:ee:aa:ff:0b:6c]

RSSI: -75 [da:ee:aa:ff:0e:1a]

RSSI: -72 [da:ee:aa:ff:12:2b]

RSSI: -77 [da:ee:aa:ff:0e:3a]

RSSI: -73 [da:ee:aa:ff:12:2b]

RSSI: -80 [da:ee:aa:ff:0e:3a]

RSSI: -81 [da:ee:aa:ff:0b:9c]

RSSI: -73 [da:ee:aa:ff:12:2b]

RSSI: -78 [da:ee:aa:ff:0e:3a]

RSSI: -81 [da:ee:aa:ff:0b:9c]

RSSI: -82 [da:ee:aa:ff:0b:9c]

RSSI: -74 [da:ee:aa:ff:12:6b]

RSSI: -62 [da:ee:aa:ff:0e:6a]

RSSI: -83 [da:ee:aa:ff:0b:bc]

RSSI: -73 [da:ee:aa:ff:12:6b]

RSSI: -63 [da:ee:aa:ff:0e:6a]

RSSI: -74 [da:ee:aa:ff:12:6b]

RSSI: -63 [da:ee:aa:ff:0e:6a]

RSSI: -83 [da:ee:aa:ff:0b:bc]

RSSI: -73 [da:ee:aa:ff:12:6b]

RSSI: -63 [da:ee:aa:ff:0e:6a]

RSSI: -82 [da:ee:aa:ff:0b:bc]

RSSI: -74 [da:ee:aa:ff:12:6b]

RSSI: -63 [da:ee:aa:ff:0e:6a]

RSSI: -72 [da:ee:aa:ff:0e:8a]

RSSI: -72 [da:ee:aa:ff:0e:8a]

RSSI: -81 [da:ee:aa:ff:0b:ec]

RSSI: -62 [da:ee:aa:ff:0e:9a]

RSSI: -73 [da:ee:aa:ff:12:ab]

RSSI: -74 [da:ee:aa:ff:12:cb]

RSSI: -85 [da:ee:aa:ff:0c:3c]

RSSI: -85 [da:ee:aa:ff:0c:3c]

RSSI: -87 [da:ee:aa:ff:0c:3c]

RSSI: -87 [da:ee:aa:ff:0c:3c]

RSSI: -64 [da:ee:aa:ff:0e:fa]

RSSI: -81 [da:ee:aa:ff:0c:5c]

RSSI: -64 [da:ee:aa:ff:0e:fa]

RSSI: -84 [da:ee:aa:ff:12:eb]

RSSI: -81 [da:ee:aa:ff:0c:5c]

RSSI: -64 [da:ee:aa:ff:0e:fa]

RSSI: -64 [da:ee:aa:ff:0e:fa]

RSSI: -71 [da:ee:aa:ff:12:fb]

RSSI: -64 [da:ee:aa:ff:13:1b]

RSSI: -81 [da:ee:aa:ff:0c:8c]

RSSI: -58 [da:ee:aa:ff:13:1b]

RSSI: -74 [da:ee:aa:ff:0c:8c]

RSSI: -72 [da:ee:aa:ff:13:1b]

RSSI: -68 [da:ee:aa:ff:0f:1a]

RSSI: -72 [da:ee:aa:ff:13:1b]

RSSI: -68 [da:ee:aa:ff:0f:1a]

RSSI: -72 [da:ee:aa:ff:13:1b]

RSSI: -68 [da:ee:aa:ff:0f:2a]

RSSI: -75 [da:ee:aa:ff:13:3b]

RSSI: -67 [da:ee:aa:ff:0f:2a]

RSSI: -75 [da:ee:aa:ff:13:3b]

RSSI: -74 [da:ee:aa:ff:13:3b]

RSSI: -67 [da:ee:aa:ff:0f:3a]

RSSI: -75 [da:ee:aa:ff:13:3b]

RSSI: -66 [da:ee:aa:ff:0f:3a]

RSSI: -67 [da:ee:aa:ff:0f:5a]

RSSI: -83 [da:ee:aa:ff:13:4b]

RSSI: -67 [da:ee:aa:ff:0f:5a]

RSSI: -84 [da:ee:aa:ff:13:4b]

RSSI: -68 [da:ee:aa:ff:0f:5a]

RSSI: -83 [da:ee:aa:ff:13:4b]

RSSI: -68 [da:ee:aa:ff:0f:5a]

RSSI: -82 [da:ee:aa:ff:0c:cc]

RSSI: -69 [da:ee:aa:ff:0f:5a]

RSSI: -83 [da:ee:aa:ff:13:5b]

RSSI: -73 [da:ee:aa:ff:13:7b]

RSSI: -73 [da:ee:aa:ff:13:7b]

RSSI: -72 [da:ee:aa:ff:13:7b]

RSSI: -81 [da:ee:aa:ff:0c:fc]

RSSI: -72 [da:ee:aa:ff:13:7b]

RSSI: -81 [da:ee:aa:ff:0c:fc]

RSSI: -73 [da:ee:aa:ff:13:7b]

RSSI: -51 [da:ee:aa:ff:0f:9a]

RSSI: -65 [da:ee:aa:ff:0f:9a]

RSSI: -86 [da:ee:aa:ff:0d:1c]

RSSI: -74 [da:ee:aa:ff:13:9b]

RSSI: -64 [da:ee:aa:ff:0f:9a]

RSSI: -74 [da:ee:aa:ff:13:9b]

RSSI: -64 [da:ee:aa:ff:0f:9a]

RSSI: -85 [da:ee:aa:ff:0d:1c]

RSSI: -74 [da:ee:aa:ff:13:9b]

RSSI: -64 [da:ee:aa:ff:0f:9a]

RSSI: -65 [da:ee:aa:ff:0f:ca]

RSSI: -65 [da:ee:aa:ff:0f:ca]

RSSI: -82 [da:ee:aa:ff:0d:5c]

RSSI: -64 [da:ee:aa:ff:0f:ca]

RSSI: -64 [da:ee:aa:ff:0f:ca]

RSSI: -81 [da:ee:aa:ff:0d:6c]

RSSI: -79 [da:ee:aa:ff:0d:6c]

RSSI: -80 [da:ee:aa:ff:0d:6c]

RSSI: -80 [da:ee:aa:ff:0d:6c]

RSSI: -70 [da:ee:aa:ff:13:db]

RSSI: -70 [da:ee:aa:ff:13:db]

RSSI: -69 [da:ee:aa:ff:0f:fa]

RSSI: -82 [da:ee:aa:ff:0d:9c]

RSSI: -70 [da:ee:aa:ff:10:1a]

RSSI: -74 [da:ee:aa:ff:13:fb]

RSSI: -69 [da:ee:aa:ff:10:1a]

RSSI: -70 [da:ee:aa:ff:0d:9c]

RSSI: -69 [da:ee:aa:ff:10:1a]

RSSI: -74 [da:ee:aa:ff:14:1b]

RSSI: -69 [da:ee:aa:ff:10:1a]

RSSI: -70 [da:ee:aa:ff:10:1a]

RSSI: -64 [da:ee:aa:ff:10:2a]

RSSI: -83 [da:ee:aa:ff:0d:bc]

RSSI: -65 [da:ee:aa:ff:10:4a]

RSSI: -65 [da:ee:aa:ff:10:4a]

RSSI: -77 [da:ee:aa:ff:10:5a]

RSSI: -80 [da:ee:aa:ff:0d:dc]

RSSI: -73 [da:ee:aa:ff:14:5b]

RSSI: -77 [da:ee:aa:ff:10:5a]

RSSI: -80 [da:ee:aa:ff:0d:dc]

RSSI: -73 [da:ee:aa:ff:14:5b]

RSSI: -78 [da:ee:aa:ff:10:5a]

RSSI: -79 [da:ee:aa:ff:0d:dc]

RSSI: -73 [da:ee:aa:ff:14:5b]

RSSI: -78 [da:ee:aa:ff:10:5a]

RSSI: -81 [da:ee:aa:ff:0d:dc]

RSSI: -73 [da:ee:aa:ff:14:5b]

RSSI: -75 [da:ee:aa:ff:14:6b]

RSSI: -66 [da:ee:aa:ff:10:8a]

RSSI: -75 [da:ee:aa:ff:14:6b]

RSSI: -66 [da:ee:aa:ff:10:8a]

RSSI: -54 [da:ee:aa:ff:10:8a]

RSSI: -75 [da:ee:aa:ff:14:8b]

RSSI: -59 [da:ee:aa:ff:10:8a]

RSSI: -84 [da:ee:aa:ff:0e:1c]

RSSI: -66 [da:ee:aa:ff:10:9a]

RSSI: -65 [da:ee:aa:ff:10:9a]

RSSI: -84 [da:ee:aa:ff:0e:1c]

RSSI: -66 [da:ee:aa:ff:10:9a]

RSSI: -85 [da:ee:aa:ff:0e:1c]

RSSI: -85 [da:ee:aa:ff:14:9b]

RSSI: -85 [da:ee:aa:ff:0e:1c]

RSSI: -86 [da:ee:aa:ff:14:9b]

RSSI: -73 [da:ee:aa:ff:14:bb]

RSSI: -67 [da:ee:aa:ff:10:ca]

RSSI: -67 [da:ee:aa:ff:10:ca]

RSSI: -67 [da:ee:aa:ff:10:ca]

RSSI: -67 [da:ee:aa:ff:10:ca]

RSSI: -74 [da:ee:aa:ff:14:cb]

RSSI: -67 [da:ee:aa:ff:10:ca]

RSSI: -72 [da:ee:aa:ff:14:eb]

RSSI: -73 [da:ee:aa:ff:10:da]

RSSI: -68 [da:ee:aa:ff:14:eb]

RSSI: -73 [da:ee:aa:ff:10:ea]

RSSI: -74 [da:ee:aa:ff:14:eb]

RSSI: -73 [da:ee:aa:ff:10:ea]

RSSI: -73 [da:ee:aa:ff:10:ea]

RSSI: -81 [da:ee:aa:ff:0e:9c]

RSSI: -74 [da:ee:aa:ff:15:2b]

RSSI: -67 [da:ee:aa:ff:11:3a]

RSSI: -81 [da:ee:aa:ff:0e:ac]

RSSI: -68 [da:ee:aa:ff:11:3a]

RSSI: -80 [da:ee:aa:ff:0e:ac]

RSSI: -74 [da:ee:aa:ff:15:4b]

RSSI: -68 [da:ee:aa:ff:11:3a]

RSSI: -74 [da:ee:aa:ff:15:4b]

RSSI: -68 [da:ee:aa:ff:11:3a]

RSSI: -81 [da:ee:aa:ff:11:5a]

RSSI: -75 [da:ee:aa:ff:15:6b]

RSSI: -80 [da:ee:aa:ff:11:5a]

RSSI: -75 [da:ee:aa:ff:15:6b]

RSSI: -75 [da:ee:aa:ff:15:6b]

RSSI: -75 [da:ee:aa:ff:15:6b]

RSSI: -53 [da:ee:aa:ff:11:7a]

RSSI: -74 [da:ee:aa:ff:15:bb]

RSSI: -70 [da:ee:aa:ff:11:9a]

RSSI: -74 [da:ee:aa:ff:15:bb]

RSSI: -81 [da:ee:aa:ff:0f:3c]

RSSI: -81 [da:ee:aa:ff:0f:3c]

RSSI: -81 [da:ee:aa:ff:0f:3c]

RSSI: -70 [da:ee:aa:ff:11:aa]

RSSI: -75 [da:ee:aa:ff:15:cb]

RSSI: -82 [da:ee:aa:ff:0f:3c]

RSSI: -73 [da:ee:aa:ff:15:eb]

RSSI: -73 [da:ee:aa:ff:15:eb]

RSSI: -74 [da:ee:aa:ff:15:eb]

RSSI: -73 [da:ee:aa:ff:15:eb]

RSSI: -83 [da:ee:aa:ff:0f:8c]

RSSI: -83 [da:ee:aa:ff:0f:8c]

RSSI: -68 [da:ee:aa:ff:11:ea]

RSSI: -84 [da:ee:aa:ff:0f:8c]

RSSI: -68 [da:ee:aa:ff:11:ea]

RSSI: -83 [da:ee:aa:ff:0f:8c]

RSSI: -69 [da:ee:aa:ff:11:ea]

RSSI: -75 [da:ee:aa:ff:16:2b]

RSSI: -72 [da:ee:aa:ff:12:0a]

RSSI: -75 [da:ee:aa:ff:16:2b]

RSSI: -72 [da:ee:aa:ff:12:0a]

RSSI: -75 [da:ee:aa:ff:16:2b]

RSSI: -73 [da:ee:aa:ff:16:6b]

RSSI: -74 [da:ee:aa:ff:16:6b]

RSSI: -73 [da:ee:aa:ff:16:6b]

RSSI: -88 [da:ee:aa:ff:0f:ec]

RSSI: -84 [da:ee:aa:ff:10:1c]

RSSI: -67 [da:ee:aa:ff:12:5a]

RSSI: -83 [da:ee:aa:ff:10:1c]

RSSI: -82 [da:ee:aa:ff:00:1b]

RSSI: -83 [da:ee:aa:ff:10:1c]

RSSI: -82 [da:ee:aa:ff:00:1b]

RSSI: -82 [da:ee:aa:ff:00:1b]

RSSI: -75 [da:ee:aa:ff:00:2b]

RSSI: -75 [da:ee:aa:ff:00:2b]

RSSI: -82 [da:ee:aa:ff:10:3c]

RSSI: -75 [da:ee:aa:ff:00:2b]

RSSI: -82 [da:ee:aa:ff:10:3c]

RSSI: -75 [da:ee:aa:ff:00:2b]

RSSI: -77 [da:ee:aa:ff:12:aa]

RSSI: -74 [da:ee:aa:ff:00:5b]

RSSI: -74 [da:ee:aa:ff:00:5b]

RSSI: -78 [da:ee:aa:ff:12:ba]

RSSI: -73 [da:ee:aa:ff:00:5b]

RSSI: -74 [da:ee:aa:ff:00:5b]

RSSI: -67 [da:ee:aa:ff:12:ca]

RSSI: -67 [da:ee:aa:ff:12:ca]

RSSI: -67 [da:ee:aa:ff:12:ca]

RSSI: -67 [da:ee:aa:ff:12:ca]

RSSI: -85 [da:ee:aa:ff:12:fa]

RSSI: -83 [da:ee:aa:ff:12:fa]

RSSI: -84 [da:ee:aa:ff:10:cc]

RSSI: -75 [da:ee:aa:ff:00:9b]

RSSI: -84 [da:ee:aa:ff:10:cc]

RSSI: -72 [da:ee:aa:ff:13:0a]

RSSI: -73 [da:ee:aa:ff:00:cb]

RSSI: -72 [da:ee:aa:ff:13:0a]

RSSI: -73 [da:ee:aa:ff:00:cb]

RSSI: -73 [da:ee:aa:ff:13:0a]

RSSI: -73 [da:ee:aa:ff:00:cb]

RSSI: -73 [da:ee:aa:ff:00:cb]

RSSI: -73 [da:ee:aa:ff:13:2a]

RSSI: -74 [da:ee:aa:ff:00:cb]

RSSI: -69 [da:ee:aa:ff:13:3a]

RSSI: -86 [da:ee:aa:ff:00:db]

RSSI: -80 [da:ee:aa:ff:11:1c]

RSSI: -69 [da:ee:aa:ff:13:3a]

RSSI: -81 [da:ee:aa:ff:11:1c]

RSSI: -68 [da:ee:aa:ff:13:3a]

RSSI: -80 [da:ee:aa:ff:11:1c]

RSSI: -69 [da:ee:aa:ff:13:3a]

RSSI: -80 [da:ee:aa:ff:11:1c]

RSSI: -69 [da:ee:aa:ff:13:3a]

RSSI: -75 [da:ee:aa:ff:00:fb]

RSSI: -75 [da:ee:aa:ff:00:fb]

RSSI: -75 [da:ee:aa:ff:00:fb]

RSSI: -74 [da:ee:aa:ff:00:fb]

RSSI: -75 [da:ee:aa:ff:00:fb]

RSSI: -65 [da:ee:aa:ff:13:8a]

RSSI: -85 [da:ee:aa:ff:11:7c]

RSSI: -67 [da:ee:aa:ff:13:8a]

RSSI: -83 [da:ee:aa:ff:11:7c]

RSSI: -72 [da:ee:aa:ff:01:3b]

RSSI: -72 [da:ee:aa:ff:01:3b]

RSSI: -85 [da:ee:aa:ff:11:7c]

RSSI: -72 [da:ee:aa:ff:01:3b]

RSSI: -85 [da:ee:aa:ff:11:7c]

RSSI: -85 [da:ee:aa:ff:01:4b]

RSSI: -74 [da:ee:aa:ff:13:ba]

RSSI: -85 [da:ee:aa:ff:01:4b]

RSSI: -79 [da:ee:aa:ff:11:9c]

RSSI: -74 [da:ee:aa:ff:13:ba]

RSSI: -85 [da:ee:aa:ff:01:4b]

RSSI: -74 [da:ee:aa:ff:13:ba]

RSSI: -85 [da:ee:aa:ff:01:4b]

RSSI: -74 [da:ee:aa:ff:13:ba]

RSSI: -78 [da:ee:aa:ff:11:ac]

RSSI: -75 [da:ee:aa:ff:13:da]

RSSI: -74 [da:ee:aa:ff:01:7b]

RSSI: -80 [da:ee:aa:ff:11:cc]

RSSI: -71 [da:ee:aa:ff:01:7b]

RSSI: -82 [da:ee:aa:ff:11:cc]

RSSI: -64 [da:ee:aa:ff:01:7b]

RSSI: -82 [da:ee:aa:ff:11:cc]

RSSI: -74 [da:ee:aa:ff:01:7b]

RSSI: -81 [da:ee:aa:ff:11:cc]

RSSI: -57 [da:ee:aa:ff:01:7b]

RSSI: -71 [da:ee:aa:ff:01:8b]

RSSI: -76 [da:ee:aa:ff:13:fa]

RSSI: -76 [da:ee:aa:ff:13:fa]

RSSI: -71 [da:ee:aa:ff:01:ab]

RSSI: -76 [da:ee:aa:ff:13:fa]

RSSI: -71 [da:ee:aa:ff:01:ab]

RSSI: -76 [da:ee:aa:ff:13:fa]

RSSI: -71 [da:ee:aa:ff:01:ab]

RSSI: -75 [da:ee:aa:ff:14:0a]

RSSI: -74 [da:ee:aa:ff:14:0a]

RSSI: -74 [da:ee:aa:ff:14:1a]

RSSI: -75 [da:ee:aa:ff:14:1a]

RSSI: -72 [da:ee:aa:ff:14:3a]

RSSI: -72 [da:ee:aa:ff:14:3a]

RSSI: -75 [da:ee:aa:ff:01:eb]

RSSI: -72 [da:ee:aa:ff:14:3a]

RSSI: -75 [da:ee:aa:ff:01:eb]

RSSI: -75 [da:ee:aa:ff:01:eb]

RSSI: -75 [da:ee:aa:ff:01:eb]

RSSI: -73 [da:ee:aa:ff:01:fb]

RSSI: -72 [da:ee:aa:ff:01:fb]

RSSI: -88 [da:ee:aa:ff:12:6c]

RSSI: -76 [da:ee:aa:ff:14:6a]

RSSI: -72 [da:ee:aa:ff:01:fb]

RSSI: -87 [da:ee:aa:ff:12:6c]

RSSI: -76 [da:ee:aa:ff:14:6a]

RSSI: -76 [da:ee:aa:ff:14:6a]

RSSI: -75 [da:ee:aa:ff:14:6a]

RSSI: -72 [da:ee:aa:ff:14:7a]

RSSI: -80 [da:ee:aa:ff:02:2b]

RSSI: -59 [da:ee:aa:ff:14:7a]

RSSI: -80 [da:ee:aa:ff:02:2b]

RSSI: -64 [da:ee:aa:ff:14:7a]

RSSI: -80 [da:ee:aa:ff:02:2b]

RSSI: -82 [da:ee:aa:ff:12:9c]

RSSI: -80 [da:ee:aa:ff:02:2b]

RSSI: -82 [da:ee:aa:ff:12:9c]

RSSI: -82 [da:ee:aa:ff:12:9c]

RSSI: -82 [da:ee:aa:ff:12:bc]

RSSI: -70 [da:ee:aa:ff:14:aa]

RSSI: -81 [da:ee:aa:ff:12:bc]

RSSI: -70 [da:ee:aa:ff:14:aa]

RSSI: -75 [da:ee:aa:ff:02:4b]

RSSI: -69 [da:ee:aa:ff:14:aa]

RSSI: -76 [da:ee:aa:ff:02:4b]

RSSI: -70 [da:ee:aa:ff:14:aa]

RSSI: -76 [da:ee:aa:ff:02:4b]

RSSI: -70 [da:ee:aa:ff:14:aa]

RSSI: -73 [da:ee:aa:ff:14:ca]

RSSI: -56 [da:ee:aa:ff:02:5b]

RSSI: -72 [da:ee:aa:ff:14:ca]

RSSI: -69 [da:ee:aa:ff:02:5b]

RSSI: -72 [da:ee:aa:ff:14:ca]

RSSI: -87 [da:ee:aa:ff:12:dc]

RSSI: -74 [da:ee:aa:ff:02:5b]

RSSI: -72 [da:ee:aa:ff:14:da]

RSSI: -72 [da:ee:aa:ff:14:da]

RSSI: -81 [da:ee:aa:ff:02:8b]

RSSI: -69 [da:ee:aa:ff:14:ea]

RSSI: -68 [da:ee:aa:ff:14:ea]

RSSI: -82 [da:ee:aa:ff:02:8b]

RSSI: -68 [da:ee:aa:ff:14:ea]

RSSI: -80 [da:ee:aa:ff:02:8b]

RSSI: -68 [da:ee:aa:ff:14:ea]

RSSI: -68 [da:ee:aa:ff:14:ea]

RSSI: -72 [da:ee:aa:ff:15:2a]

RSSI: -81 [da:ee:aa:ff:13:1c]

RSSI: -75 [da:ee:aa:ff:02:ab]

RSSI: -72 [da:ee:aa:ff:15:2a]

RSSI: -75 [da:ee:aa:ff:02:ab]

RSSI: -87 [da:ee:aa:ff:13:2c]

RSSI: -74 [da:ee:aa:ff:02:cb]

RSSI: -87 [da:ee:aa:ff:13:2c]

RSSI: -74 [da:ee:aa:ff:02:cb]

RSSI: -74 [da:ee:aa:ff:02:cb]

RSSI: -74 [da:ee:aa:ff:02:cb]

RSSI: -88 [da:ee:aa:ff:13:4c]

RSSI: -68 [da:ee:aa:ff:15:7a]

RSSI: -67 [da:ee:aa:ff:15:7a]

RSSI: -68 [da:ee:aa:ff:15:7a]

RSSI: -68 [da:ee:aa:ff:15:7a]

RSSI: -68 [da:ee:aa:ff:15:7a]

RSSI: -75 [da:ee:aa:ff:03:0b]

RSSI: -75 [da:ee:aa:ff:03:0b]

RSSI: -75 [da:ee:aa:ff:03:0b]

RSSI: -82 [da:ee:aa:ff:13:ac]

RSSI: -75 [da:ee:aa:ff:03:1b]

RSSI: -68 [da:ee:aa:ff:15:9a]

RSSI: -73 [da:ee:aa:ff:03:2b]

RSSI: -77 [da:ee:aa:ff:15:ba]

RSSI: -74 [da:ee:aa:ff:03:2b]

RSSI: -77 [da:ee:aa:ff:15:ba]

RSSI: -73 [da:ee:aa:ff:03:2b]

RSSI: -87 [da:ee:aa:ff:13:bc]

RSSI: -78 [da:ee:aa:ff:15:ba]

RSSI: -73 [da:ee:aa:ff:03:2b]

RSSI: -87 [da:ee:aa:ff:13:bc]

RSSI: -79 [da:ee:aa:ff:15:ba]

RSSI: -73 [da:ee:aa:ff:03:2b]

RSSI: -80 [da:ee:aa:ff:15:ba]

RSSI: -70 [da:ee:aa:ff:15:ca]

RSSI: -70 [da:ee:aa:ff:15:ea]

RSSI: -82 [da:ee:aa:ff:14:1c]

RSSI: -75 [da:ee:aa:ff:03:5b]

RSSI: -80 [da:ee:aa:ff:16:0a]

RSSI: -82 [da:ee:aa:ff:14:1c]

RSSI: -74 [da:ee:aa:ff:03:5b]

RSSI: -80 [da:ee:aa:ff:16:0a]

RSSI: -82 [da:ee:aa:ff:14:1c]

RSSI: -74 [da:ee:aa:ff:03:5b]

RSSI: -79 [da:ee:aa:ff:16:0a]

RSSI: -83 [da:ee:aa:ff:14:1c]

RSSI: -78 [da:ee:aa:ff:16:0a]

RSSI: -81 [da:ee:aa:ff:16:3a]

RSSI: -73 [da:ee:aa:ff:03:8b]

RSSI: -82 [da:ee:aa:ff:16:3a]

RSSI: -73 [da:ee:aa:ff:03:8b]

RSSI: -73 [da:ee:aa:ff:03:8b]

RSSI: -80 [da:ee:aa:ff:16:3a]

RSSI: -74 [da:ee:aa:ff:03:8b]

RSSI: -81 [da:ee:aa:ff:16:3a]

RSSI: -73 [da:ee:aa:ff:16:4a]

RSSI: -74 [da:ee:aa:ff:16:4a]

RSSI: -81 [da:ee:aa:ff:03:bb]

RSSI: -73 [da:ee:aa:ff:16:4a]

RSSI: -80 [da:ee:aa:ff:03:bb]

RSSI: -81 [da:ee:aa:ff:14:ac]

RSSI: -74 [da:ee:aa:ff:03:cb]

RSSI: -79 [da:ee:aa:ff:16:7a]

RSSI: -81 [da:ee:aa:ff:14:ac]

RSSI: -74 [da:ee:aa:ff:03:cb]

RSSI: -78 [da:ee:aa:ff:16:7a]

RSSI: -82 [da:ee:aa:ff:14:ac]

RSSI: -74 [da:ee:aa:ff:03:cb]

RSSI: -78 [da:ee:aa:ff:16:7a]

RSSI: -81 [da:ee:aa:ff:14:ac]

RSSI: -73 [da:ee:aa:ff:03:cb]

RSSI: -78 [da:ee:aa:ff:16:7a]

RSSI: -81 [da:ee:aa:ff:14:ac]

RSSI: -77 [da:ee:aa:ff:16:7a]

RSSI: -85 [da:ee:aa:ff:14:bc]

RSSI: -73 [da:ee:aa:ff:03:eb]

RSSI: -73 [da:ee:aa:ff:03:eb]

RSSI: -74 [da:ee:aa:ff:03:eb]

RSSI: -81 [da:ee:aa:ff:04:0b]

RSSI: -81 [da:ee:aa:ff:04:0b]

RSSI: -65 [da:ee:aa:ff:04:1b]

RSSI: -54 [da:ee:aa:ff:04:3b]

RSSI: -55 [da:ee:aa:ff:04:3b]

RSSI: -61 [da:ee:aa:ff:04:3b]

RSSI: -81 [da:ee:aa:ff:15:2c]

RSSI: -81 [da:ee:aa:ff:15:2c]

RSSI: -72 [da:ee:aa:ff:04:3b]

RSSI: -75 [da:ee:aa:ff:00:8a]

RSSI: -73 [da:ee:aa:ff:04:5b]

RSSI: -86 [da:ee:aa:ff:15:4c]

RSSI: -75 [da:ee:aa:ff:00:8a]

RSSI: -73 [da:ee:aa:ff:04:5b]

RSSI: -85 [da:ee:aa:ff:15:4c]

RSSI: -75 [da:ee:aa:ff:00:8a]

RSSI: -73 [da:ee:aa:ff:04:5b]

RSSI: -86 [da:ee:aa:ff:15:4c]

RSSI: -74 [da:ee:aa:ff:00:8a]

RSSI: -73 [da:ee:aa:ff:04:5b]

RSSI: -86 [da:ee:aa:ff:15:4c]

RSSI: -85 [da:ee:aa:ff:15:5c]

RSSI: -75 [da:ee:aa:ff:00:ba]

RSSI: -81 [da:ee:aa:ff:04:7b]

RSSI: -76 [da:ee:aa:ff:00:ba]

RSSI: -76 [da:ee:aa:ff:00:ba]

RSSI: -76 [da:ee:aa:ff:00:ba]

RSSI: -75 [da:ee:aa:ff:00:ba]

RSSI: -72 [da:ee:aa:ff:04:ab]

RSSI: -71 [da:ee:aa:ff:00:ca]

RSSI: -72 [da:ee:aa:ff:04:ab]

RSSI: -71 [da:ee:aa:ff:00:ca]

RSSI: -82 [da:ee:aa:ff:15:9c]

RSSI: -72 [da:ee:aa:ff:04:ab]

RSSI: -82 [da:ee:aa:ff:15:9c]

RSSI: -72 [da:ee:aa:ff:04:ab]

RSSI: -71 [da:ee:aa:ff:00:ea]

RSSI: -72 [da:ee:aa:ff:04:ab]

RSSI: -73 [da:ee:aa:ff:04:bb]

RSSI: -72 [da:ee:aa:ff:01:0a]

RSSI: -73 [da:ee:aa:ff:04:db]

RSSI: -73 [da:ee:aa:ff:04:db]

RSSI: -71 [da:ee:aa:ff:01:0a]

RSSI: -73 [da:ee:aa:ff:04:db]

RSSI: -72 [da:ee:aa:ff:01:0a]

RSSI: -80 [da:ee:aa:ff:04:eb]

RSSI: -82 [da:ee:aa:ff:15:ec]

RSSI: -81 [da:ee:aa:ff:04:eb]

RSSI: -81 [da:ee:aa:ff:16:2c]

RSSI: -56 [da:ee:aa:ff:05:2b]

RSSI: -66 [da:ee:aa:ff:01:4a]

RSSI: -82 [da:ee:aa:ff:16:2c]

RSSI: -54 [da:ee:aa:ff:05:2b]

RSSI: -66 [da:ee:aa:ff:01:4a]

RSSI: -81 [da:ee:aa:ff:16:2c]

RSSI: -64 [da:ee:aa:ff:05:2b]

RSSI: -66 [da:ee:aa:ff:01:4a]

RSSI: -81 [da:ee:aa:ff:16:2c]

RSSI: -71 [da:ee:aa:ff:05:2b]

RSSI: -66 [da:ee:aa:ff:01:4a]

RSSI: -71 [da:ee:aa:ff:05:2b]

RSSI: -73 [da:ee:aa:ff:05:4b]

RSSI: -73 [da:ee:aa:ff:05:4b]

RSSI: -75 [da:ee:aa:ff:01:9a]

RSSI: -79 [da:ee:aa:ff:05:6b]

RSSI: -75 [da:ee:aa:ff:01:9a]

RSSI: -80 [da:ee:aa:ff:05:6b]

RSSI: -75 [da:ee:aa:ff:01:9a]

RSSI: -79 [da:ee:aa:ff:05:6b]

RSSI: -79 [da:ee:aa:ff:05:6b]

RSSI: -75 [da:ee:aa:ff:01:ba]

RSSI: -74 [da:ee:aa:ff:05:9b]

RSSI: -73 [da:ee:aa:ff:01:ea]

RSSI: -73 [da:ee:aa:ff:05:9b]

RSSI: -73 [da:ee:aa:ff:01:ea]

RSSI: -73 [da:ee:aa:ff:05:9b]

RSSI: -74 [da:ee:aa:ff:00:5c]

RSSI: -74 [da:ee:aa:ff:05:bb]

RSSI: -73 [da:ee:aa:ff:02:2a]

RSSI: -73 [da:ee:aa:ff:02:2a]

RSSI: -79 [da:ee:aa:ff:05:db]

RSSI: -73 [da:ee:aa:ff:02:2a]

RSSI: -79 [da:ee:aa:ff:05:db]

RSSI: -79 [da:ee:aa:ff:00:9c]

RSSI: -78 [da:ee:aa:ff:00:9c]

RSSI: -78 [da:ee:aa:ff:00:9c]

RSSI: -72 [da:ee:aa:ff:06:0b]

RSSI: -79 [da:ee:aa:ff:00:9c]

RSSI: -72 [da:ee:aa:ff:06:0b]

RSSI: -70 [da:ee:aa:ff:02:5a]

RSSI: -79 [da:ee:aa:ff:00:9c]

RSSI: -62 [da:ee:aa:ff:06:1b]

RSSI: -80 [da:ee:aa:ff:02:6a]

RSSI: -78 [da:ee:aa:ff:06:4b]

RSSI: -77 [da:ee:aa:ff:02:7a]

RSSI: -70 [da:ee:aa:ff:02:ba]

RSSI: -73 [da:ee:aa:ff:06:6b]

RSSI: -70 [da:ee:aa:ff:02:ba]

RSSI: -70 [da:ee:aa:ff:02:ba]

RSSI: -80 [da:ee:aa:ff:01:1c]

RSSI: -69 [da:ee:aa:ff:02:ba]

RSSI: -91 [da:ee:aa:ff:01:3c]

RSSI: -82 [da:ee:aa:ff:02:ea]

RSSI: -74 [da:ee:aa:ff:06:9b]

RSSI: -74 [da:ee:aa:ff:06:9b]

RSSI: -75 [da:ee:aa:ff:06:9b]

RSSI: -79 [da:ee:aa:ff:02:ea]

RSSI: -75 [da:ee:aa:ff:06:9b]

RSSI: -78 [da:ee:aa:ff:02:ea]

RSSI: -74 [da:ee:aa:ff:06:9b]

RSSI: -74 [da:ee:aa:ff:03:0a]

RSSI: -66 [da:ee:aa:ff:01:6c]

RSSI: -79 [da:ee:aa:ff:01:6c]

RSSI: -81 [da:ee:aa:ff:01:8c]

RSSI: -67 [da:ee:aa:ff:03:3a]

RSSI: -81 [da:ee:aa:ff:01:8c]

RSSI: -67 [da:ee:aa:ff:03:3a]

RSSI: -81 [da:ee:aa:ff:01:8c]

RSSI: -67 [da:ee:aa:ff:03:3a]

RSSI: -67 [da:ee:aa:ff:03:3a]

RSSI: -67 [da:ee:aa:ff:03:3a]

RSSI: -76 [da:ee:aa:ff:06:fb]

RSSI: -90 [da:ee:aa:ff:01:bc]

RSSI: -75 [da:ee:aa:ff:06:fb]

RSSI: -72 [da:ee:aa:ff:03:5a]

RSSI: -75 [da:ee:aa:ff:06:fb]

RSSI: -63 [da:ee:aa:ff:03:5a]

RSSI: -75 [da:ee:aa:ff:06:fb]

RSSI: -81 [da:ee:aa:ff:01:dc]

RSSI: -72 [da:ee:aa:ff:03:7a]

RSSI: -72 [da:ee:aa:ff:03:7a]

RSSI: -81 [da:ee:aa:ff:01:fc]

RSSI: -73 [da:ee:aa:ff:07:3b]

RSSI: -72 [da:ee:aa:ff:07:3b]

RSSI: -73 [da:ee:aa:ff:07:3b]

RSSI: -67 [da:ee:aa:ff:03:aa]

RSSI: -72 [da:ee:aa:ff:07:3b]

RSSI: -67 [da:ee:aa:ff:03:aa]

RSSI: -83 [da:ee:aa:ff:02:1c]

RSSI: -67 [da:ee:aa:ff:03:aa]

RSSI: -70 [da:ee:aa:ff:03:ca]

RSSI: -69 [da:ee:aa:ff:03:ca]

RSSI: -89 [da:ee:aa:ff:02:5c]

RSSI: -69 [da:ee:aa:ff:03:ca]

RSSI: -66 [da:ee:aa:ff:03:fa]

RSSI: -80 [da:ee:aa:ff:07:8b]

RSSI: -82 [da:ee:aa:ff:02:6c]

RSSI: -66 [da:ee:aa:ff:03:fa]

RSSI: -80 [da:ee:aa:ff:07:8b]

RSSI: -83 [da:ee:aa:ff:02:6c]

RSSI: -66 [da:ee:aa:ff:03:fa]

RSSI: -66 [da:ee:aa:ff:03:fa]

RSSI: -80 [da:ee:aa:ff:07:9b]

RSSI: -83 [da:ee:aa:ff:02:6c]

RSSI: -66 [da:ee:aa:ff:03:fa]

RSSI: -81 [da:ee:aa:ff:07:9b]

RSSI: -72 [da:ee:aa:ff:07:ab]

RSSI: -83 [da:ee:aa:ff:02:8c]

RSSI: -66 [da:ee:aa:ff:04:1a]

RSSI: -73 [da:ee:aa:ff:07:ab]

RSSI: -66 [da:ee:aa:ff:04:1a]

RSSI: -72 [da:ee:aa:ff:07:ab]

RSSI: -72 [da:ee:aa:ff:07:ab]

RSSI: -72 [da:ee:aa:ff:04:4a]

RSSI: -75 [da:ee:aa:ff:07:db]

RSSI: -74 [da:ee:aa:ff:07:db]

RSSI: -74 [da:ee:aa:ff:07:db]

RSSI: -72 [da:ee:aa:ff:04:4a]

RSSI: -72 [da:ee:aa:ff:04:4a]

RSSI: -65 [da:ee:aa:ff:04:6a]

RSSI: -82 [da:ee:aa:ff:02:fc]

RSSI: -79 [da:ee:aa:ff:07:fb]

RSSI: -81 [da:ee:aa:ff:02:fc]

RSSI: -81 [da:ee:aa:ff:02:fc]

RSSI: -81 [da:ee:aa:ff:02:fc]

RSSI: -55 [da:ee:aa:ff:08:1b]

RSSI: -55 [da:ee:aa:ff:08:1b]

RSSI: -68 [da:ee:aa:ff:04:aa]

RSSI: -69 [da:ee:aa:ff:08:1b]

RSSI: -67 [da:ee:aa:ff:04:aa]

RSSI: -73 [da:ee:aa:ff:08:1b]

RSSI: -68 [da:ee:aa:ff:04:ea]

RSSI: -68 [da:ee:aa:ff:04:ea]

RSSI: -74 [da:ee:aa:ff:08:5b]

RSSI: -68 [da:ee:aa:ff:04:ea]

RSSI: -80 [da:ee:aa:ff:03:5c]

RSSI: -66 [da:ee:aa:ff:04:fa]

RSSI: -80 [da:ee:aa:ff:03:5c]

RSSI: -66 [da:ee:aa:ff:04:fa]

RSSI: -79 [da:ee:aa:ff:08:6b]

RSSI: -80 [da:ee:aa:ff:03:6c]

RSSI: -65 [da:ee:aa:ff:05:1a]

RSSI: -72 [da:ee:aa:ff:08:9b]

RSSI: -68 [da:ee:aa:ff:05:3a]

RSSI: -81 [da:ee:aa:ff:03:8c]

RSSI: -72 [da:ee:aa:ff:08:9b]

RSSI: -68 [da:ee:aa:ff:05:3a]

RSSI: -82 [da:ee:aa:ff:03:8c]

RSSI: -73 [da:ee:aa:ff:08:9b]

RSSI: -68 [da:ee:aa:ff:05:3a]

RSSI: -82 [da:ee:aa:ff:03:8c]

RSSI: -72 [da:ee:aa:ff:08:9b]

RSSI: -68 [da:ee:aa:ff:05:3a]

RSSI: -82 [da:ee:aa:ff:03:8c]

RSSI: -72 [da:ee:aa:ff:08:9b]

RSSI: -68 [da:ee:aa:ff:05:3a]

RSSI: -69 [da:ee:aa:ff:05:4a]

RSSI: -74 [da:ee:aa:ff:08:ab]

RSSI: -74 [da:ee:aa:ff:08:ab]

RSSI: -70 [da:ee:aa:ff:05:5a]

RSSI: -74 [da:ee:aa:ff:08:cb]

RSSI: -70 [da:ee:aa:ff:05:5a]

RSSI: -74 [da:ee:aa:ff:08:cb]

RSSI: -69 [da:ee:aa:ff:05:5a]

RSSI: -69 [da:ee:aa:ff:05:7a]

RSSI: -70 [da:ee:aa:ff:05:7a]

RSSI: -70 [da:ee:aa:ff:05:7a]

RSSI: -71 [da:ee:aa:ff:05:7a]

RSSI: -82 [da:ee:aa:ff:03:dc]

RSSI: -59 [da:ee:aa:ff:09:0b]

RSSI: -54 [da:ee:aa:ff:09:0b]

RSSI: -82 [da:ee:aa:ff:03:fc]

RSSI: -55 [da:ee:aa:ff:09:0b]

RSSI: -82 [da:ee:aa:ff:03:fc]

RSSI: -62 [da:ee:aa:ff:09:0b]

RSSI: -75 [da:ee:aa:ff:05:ca]

RSSI: -73 [da:ee:aa:ff:09:2b]

RSSI: -75 [da:ee:aa:ff:05:ca]

RSSI: -73 [da:ee:aa:ff:09:2b]

RSSI: -74 [da:ee:aa:ff:05:ca]

RSSI: -73 [da:ee:aa:ff:09:2b]

RSSI: -74 [da:ee:aa:ff:05:ca]

RSSI: -72 [da:ee:aa:ff:09:6b]

RSSI: -71 [da:ee:aa:ff:06:0a]

RSSI: -82 [da:ee:aa:ff:04:6c]

RSSI: -71 [da:ee:aa:ff:06:0a]

RSSI: -81 [da:ee:aa:ff:04:6c]

RSSI: -82 [da:ee:aa:ff:04:6c]

RSSI: -72 [da:ee:aa:ff:09:7b]

RSSI: -83 [da:ee:aa:ff:04:6c]

RSSI: -72 [da:ee:aa:ff:09:7b]

RSSI: -74 [da:ee:aa:ff:06:2a]

RSSI: -73 [da:ee:aa:ff:09:8b]

RSSI: -74 [da:ee:aa:ff:06:2a]

RSSI: -73 [da:ee:aa:ff:09:8b]

RSSI: -74 [da:ee:aa:ff:06:2a]

RSSI: -73 [da:ee:aa:ff:09:8b]

RSSI: -74 [da:ee:aa:ff:06:2a]

RSSI: -73 [da:ee:aa:ff:09:8b]

RSSI: -75 [da:ee:aa:ff:06:2a]

RSSI: -73 [da:ee:aa:ff:09:8b]

RSSI: -70 [da:ee:aa:ff:06:4a]

RSSI: -79 [da:ee:aa:ff:09:bb]

RSSI: -81 [da:ee:aa:ff:04:fc]

RSSI: -72 [da:ee:aa:ff:06:7a]

RSSI: -80 [da:ee:aa:ff:04:fc]

RSSI: -85 [da:ee:aa:ff:05:1c]

RSSI: -85 [da:ee:aa:ff:05:1c]

RSSI: -84 [da:ee:aa:ff:05:1c]

RSSI: -82 [da:ee:aa:ff:05:4c]

RSSI: -67 [da:ee:aa:ff:06:ca]

RSSI: -83 [da:ee:aa:ff:05:4c]

RSSI: -67 [da:ee:aa:ff:06:ca]

RSSI: -82 [da:ee:aa:ff:05:4c]

RSSI: -67 [da:ee:aa:ff:06:ca]

RSSI: -82 [da:ee:aa:ff:05:4c]

RSSI: -67 [da:ee:aa:ff:06:ca]

RSSI: -83 [da:ee:aa:ff:05:4c]

RSSI: -80 [da:ee:aa:ff:05:6c]

RSSI: -80 [da:ee:aa:ff:05:6c]

RSSI: -80 [da:ee:aa:ff:05:6c]

RSSI: -71 [da:ee:aa:ff:06:fa]

RSSI: -68 [da:ee:aa:ff:07:1a]

RSSI: -68 [da:ee:aa:ff:07:1a]

RSSI: -68 [da:ee:aa:ff:07:2a]

RSSI: -68 [da:ee:aa:ff:07:4a]

RSSI: -78 [da:ee:aa:ff:0a:8b]

RSSI: -68 [da:ee:aa:ff:07:4a]

RSSI: -78 [da:ee:aa:ff:0a:8b]

RSSI: -68 [da:ee:aa:ff:07:4a]

RSSI: -68 [da:ee:aa:ff:07:4a]

RSSI: -68 [da:ee:aa:ff:07:4a]

RSSI: -72 [da:ee:aa:ff:0a:bb]

RSSI: -72 [da:ee:aa:ff:0a:bb]

RSSI: -83 [da:ee:aa:ff:05:fc]

RSSI: -70 [da:ee:aa:ff:07:8a]

RSSI: -73 [da:ee:aa:ff:0a:eb]

RSSI: -83 [da:ee:aa:ff:05:fc]

RSSI: -71 [da:ee:aa:ff:07:8a]

RSSI: -73 [da:ee:aa:ff:0a:eb]

RSSI: -70 [da:ee:aa:ff:07:8a]

RSSI: -73 [da:ee:aa:ff:0a:eb]

RSSI: -71 [da:ee:aa:ff:07:8a]

RSSI: -72 [da:ee:aa:ff:0a:eb]

RSSI: -83 [da:ee:aa:ff:06:0c]

RSSI: -81 [da:ee:aa:ff:06:2c]

RSSI: -81 [da:ee:aa:ff:06:2c]

RSSI: -78 [da:ee:aa:ff:0b:0b]

RSSI: -81 [da:ee:aa:ff:06:2c]

RSSI: -72 [da:ee:aa:ff:0b:4b]

RSSI: -66 [da:ee:aa:ff:07:ea]

RSSI: -72 [da:ee:aa:ff:0b:4b]

RSSI: -66 [da:ee:aa:ff:07:ea]

RSSI: -72 [da:ee:aa:ff:0b:4b]

RSSI: -66 [da:ee:aa:ff:07:ea]

RSSI: -72 [da:ee:aa:ff:0b:4b]

RSSI: -66 [da:ee:aa:ff:07:ea]

RSSI: -72 [da:ee:aa:ff:0b:4b]

RSSI: -82 [da:ee:aa:ff:06:6c]

RSSI: -73 [da:ee:aa:ff:0b:5b]

RSSI: -72 [da:ee:aa:ff:08:1a]

RSSI: -84 [da:ee:aa:ff:06:8c]

RSSI: -72 [da:ee:aa:ff:08:1a]

RSSI: -71 [da:ee:aa:ff:08:1a]

RSSI: -84 [da:ee:aa:ff:06:8c]

RSSI: -73 [da:ee:aa:ff:0b:6b]

RSSI: -71 [da:ee:aa:ff:08:1a]

RSSI: -84 [da:ee:aa:ff:06:8c]

RSSI: -73 [da:ee:aa:ff:0b:6b]

RSSI: -71 [da:ee:aa:ff:08:1a]

RSSI: -80 [da:ee:aa:ff:0b:8b]

RSSI: -73 [da:ee:aa:ff:08:3a]

RSSI: -80 [da:ee:aa:ff:0b:8b]

RSSI: -80 [da:ee:aa:ff:06:bc]

RSSI: -73 [da:ee:aa:ff:08:5a]

RSSI: -81 [da:ee:aa:ff:06:bc]

RSSI: -80 [da:ee:aa:ff:06:dc]

RSSI: -71 [da:ee:aa:ff:0b:ab]

RSSI: -68 [da:ee:aa:ff:08:7a]

RSSI: -80 [da:ee:aa:ff:06:dc]

RSSI: -72 [da:ee:aa:ff:0b:ab]

RSSI: -69 [da:ee:aa:ff:08:7a]

RSSI: -80 [da:ee:aa:ff:06:dc]

RSSI: -69 [da:ee:aa:ff:08:7a]

RSSI: -81 [da:ee:aa:ff:06:dc]

RSSI: -70 [da:ee:aa:ff:08:7a]

RSSI: -81 [da:ee:aa:ff:06:dc]

RSSI: -73 [da:ee:aa:ff:08:8a]

RSSI: -73 [da:ee:aa:ff:08:8a]

RSSI: -73 [da:ee:aa:ff:0b:db]

RSSI: -74 [da:ee:aa:ff:08:aa]

RSSI: -74 [da:ee:aa:ff:0b:db]

RSSI: -84 [da:ee:aa:ff:07:1c]

RSSI: -74 [da:ee:aa:ff:08:aa]

RSSI: -73 [da:ee:aa:ff:0b:db]

RSSI: -79 [da:ee:aa:ff:0b:eb]

RSSI: -75 [da:ee:aa:ff:08:ba]

RSSI: -71 [da:ee:aa:ff:07:2c]

RSSI: -75 [da:ee:aa:ff:08:ba]

RSSI: -79 [da:ee:aa:ff:0b:fb]

RSSI: -75 [da:ee:aa:ff:08:ba]

RSSI: -79 [da:ee:aa:ff:0b:fb]

RSSI: -82 [da:ee:aa:ff:07:2c]

RSSI: -74 [da:ee:aa:ff:08:ba]

RSSI: -79 [da:ee:aa:ff:0b:fb]

RSSI: -59 [da:ee:aa:ff:0c:1b]

RSSI: -54 [da:ee:aa:ff:0c:1b]

RSSI: -54 [da:ee:aa:ff:0c:1b]

RSSI: -80 [da:ee:aa:ff:07:5c]

RSSI: -71 [da:ee:aa:ff:0c:1b]

RSSI: -80 [da:ee:aa:ff:07:5c]

RSSI: -54 [da:ee:aa:ff:0c:1b]

RSSI: -73 [da:ee:aa:ff:0c:4b]

RSSI: -71 [da:ee:aa:ff:09:0a]

RSSI: -72 [da:ee:aa:ff:09:0a]

RSSI: -71 [da:ee:aa:ff:09:0a]

RSSI: -73 [da:ee:aa:ff:0c:4b]

RSSI: -71 [da:ee:aa:ff:09:0a]

RSSI: -85 [da:ee:aa:ff:07:7c]

RSSI: -74 [da:ee:aa:ff:0c:4b]

RSSI: -77 [da:ee:aa:ff:0c:6b]

RSSI: -72 [da:ee:aa:ff:09:2a]

RSSI: -82 [da:ee:aa:ff:07:ac]

RSSI: -72 [da:ee:aa:ff:09:2a]

RSSI: -83 [da:ee:aa:ff:07:ac]

RSSI: -72 [da:ee:aa:ff:09:2a]

RSSI: -82 [da:ee:aa:ff:07:ac]

RSSI: -79 [da:ee:aa:ff:0c:8b]

RSSI: -79 [da:ee:aa:ff:07:cc]

RSSI: -79 [da:ee:aa:ff:07:cc]

RSSI: -79 [da:ee:aa:ff:07:cc]

RSSI: -71 [da:ee:aa:ff:0c:ab]

RSSI: -79 [da:ee:aa:ff:07:cc]

RSSI: -71 [da:ee:aa:ff:0c:ab]

RSSI: -78 [da:ee:aa:ff:07:cc]

RSSI: -69 [da:ee:aa:ff:09:6a]

RSSI: -73 [da:ee:aa:ff:0c:cb]

RSSI: -69 [da:ee:aa:ff:09:6a]

RSSI: -74 [da:ee:aa:ff:0c:eb]

RSSI: -69 [da:ee:aa:ff:09:6a]

RSSI: -74 [da:ee:aa:ff:0c:eb]

RSSI: -70 [da:ee:aa:ff:09:6a]

RSSI: -74 [da:ee:aa:ff:0c:eb]

RSSI: -69 [da:ee:aa:ff:09:6a]

RSSI: -76 [da:ee:aa:ff:0c:fb]

RSSI: -82 [da:ee:aa:ff:08:1c]

RSSI: -67 [da:ee:aa:ff:09:8a]

RSSI: -77 [da:ee:aa:ff:0c:fb]

RSSI: -81 [da:ee:aa:ff:08:1c]

RSSI: -67 [da:ee:aa:ff:09:8a]

RSSI: -77 [da:ee:aa:ff:0c:fb]

RSSI: -81 [da:ee:aa:ff:08:1c]

RSSI: -77 [da:ee:aa:ff:0c:fb]

RSSI: -82 [da:ee:aa:ff:08:1c]

RSSI: -77 [da:ee:aa:ff:0c:fb]

RSSI: -67 [da:ee:aa:ff:09:9a]

RSSI: -71 [da:ee:aa:ff:0d:3b]

RSSI: -67 [da:ee:aa:ff:09:aa]

RSSI: -65 [da:ee:aa:ff:08:4c]

RSSI: -68 [da:ee:aa:ff:09:aa]

RSSI: -68 [da:ee:aa:ff:09:aa]

RSSI: -70 [da:ee:aa:ff:08:4c]

RSSI: -57 [da:ee:aa:ff:0d:4b]

RSSI: -59 [da:ee:aa:ff:09:ca]

RSSI: -56 [da:ee:aa:ff:0d:4b]

RSSI: -75 [da:ee:aa:ff:0d:4b]

RSSI: -86 [da:ee:aa:ff:08:6c]

RSSI: -59 [da:ee:aa:ff:09:da]

RSSI: -74 [da:ee:aa:ff:0d:6b]

RSSI: -59 [da:ee:aa:ff:09:da]

RSSI: -74 [da:ee:aa:ff:0d:6b]

RSSI: -65 [da:ee:aa:ff:09:fa]

RSSI: -77 [da:ee:aa:ff:0d:8b]

RSSI: -66 [da:ee:aa:ff:09:fa]

RSSI: -76 [da:ee:aa:ff:0d:8b]

RSSI: -65 [da:ee:aa:ff:09:fa]

RSSI: -77 [da:ee:aa:ff:0d:8b]

RSSI: -65 [da:ee:aa:ff:09:fa]

RSSI: -76 [da:ee:aa:ff:0d:8b]

RSSI: -65 [da:ee:aa:ff:09:fa]

RSSI: -79 [da:ee:aa:ff:08:bc]

RSSI: -79 [da:ee:aa:ff:08:bc]

RSSI: -66 [da:ee:aa:ff:0a:2a]

RSSI: -80 [da:ee:aa:ff:08:bc]

RSSI: -66 [da:ee:aa:ff:0a:2a]

RSSI: -66 [da:ee:aa:ff:0a:2a]

RSSI: -75 [da:ee:aa:ff:0d:db]

RSSI: -75 [da:ee:aa:ff:0a:3a]

RSSI: -74 [da:ee:aa:ff:0d:db]

RSSI: -75 [da:ee:aa:ff:0a:3a]

RSSI: -75 [da:ee:aa:ff:0d:db]

RSSI: -82 [da:ee:aa:ff:09:1c]

RSSI: -77 [da:ee:aa:ff:0d:fb]

RSSI: -66 [da:ee:aa:ff:0a:7a]

RSSI: -78 [da:ee:aa:ff:0d:fb]

RSSI: -65 [da:ee:aa:ff:0a:7a]

RSSI: -65 [da:ee:aa:ff:0a:7a]

RSSI: -79 [da:ee:aa:ff:0d:fb]

RSSI: -65 [da:ee:aa:ff:0a:7a]

RSSI: -80 [da:ee:aa:ff:09:3c]

RSSI: -77 [da:ee:aa:ff:0d:fb]

RSSI: -64 [da:ee:aa:ff:0a:8a]

RSSI: -80 [da:ee:aa:ff:09:4c]

RSSI: -64 [da:ee:aa:ff:0a:8a]

RSSI: -81 [da:ee:aa:ff:09:4c]

RSSI: -64 [da:ee:aa:ff:0a:8a]

RSSI: -81 [da:ee:aa:ff:09:4c]

RSSI: -81 [da:ee:aa:ff:09:4c]

RSSI: -74 [da:ee:aa:ff:0e:1b]

RSSI: -81 [da:ee:aa:ff:0a:ba]

RSSI: -80 [da:ee:aa:ff:0a:ba]

RSSI: -75 [da:ee:aa:ff:0e:3b]

RSSI: -79 [da:ee:aa:ff:0a:ba]

RSSI: -79 [da:ee:aa:ff:0a:ba]

RSSI: -79 [da:ee:aa:ff:0a:ba]

RSSI: -78 [da:ee:aa:ff:0e:4b]

RSSI: -48 [da:ee:aa:ff:0a:ca]

RSSI: -63 [da:ee:aa:ff:0a:ca]

RSSI: -65 [da:ee:aa:ff:0e:5b]

RSSI: -81 [da:ee:aa:ff:09:9c]

RSSI: -82 [da:ee:aa:ff:09:9c]

RSSI: -80 [da:ee:aa:ff:09:bc]

RSSI: -63 [da:ee:aa:ff:0a:fa]

RSSI: -80 [da:ee:aa:ff:09:bc]

RSSI: -63 [da:ee:aa:ff:0a:fa]

RSSI: -63 [da:ee:aa:ff:0a:fa]

RSSI: -80 [da:ee:aa:ff:09:dc]

RSSI: -63 [da:ee:aa:ff:0a:fa]

RSSI: -80 [da:ee:aa:ff:09:dc]

RSSI: -76 [da:ee:aa:ff:0b:3a]

RSSI: -75 [da:ee:aa:ff:0e:ab]

RSSI: -76 [da:ee:aa:ff:0b:3a]

RSSI: -76 [da:ee:aa:ff:0e:ab]

RSSI: -76 [da:ee:aa:ff:0b:3a]

RSSI: -75 [da:ee:aa:ff:0e:ab]

RSSI: -64 [da:ee:aa:ff:0b:4a]

RSSI: -79 [da:ee:aa:ff:0e:bb]

RSSI: -64 [da:ee:aa:ff:0b:4a]

RSSI: -79 [da:ee:aa:ff:0e:bb]

RSSI: -64 [da:ee:aa:ff:0b:4a]

RSSI: -64 [da:ee:aa:ff:0b:4a]

RSSI: -79 [da:ee:aa:ff:0e:db]

RSSI: -64 [da:ee:aa:ff:0b:4a]

RSSI: -71 [da:ee:aa:ff:0e:fb]

RSSI: -64 [da:ee:aa:ff:0b:8a]

RSSI: -71 [da:ee:aa:ff:0e:fb]

RSSI: -64 [da:ee:aa:ff:0b:8a]

RSSI: -72 [da:ee:aa:ff:0e:fb]

RSSI: -64 [da:ee:aa:ff:0b:8a]

RSSI: -76 [da:ee:aa:ff:0f:0b]

RSSI: -74 [da:ee:aa:ff:0b:aa]

RSSI: -84 [da:ee:aa:ff:0a:7c]

RSSI: -86 [da:ee:aa:ff:0a:7c]

RSSI: -84 [da:ee:aa:ff:0a:7c]

RSSI: -76 [da:ee:aa:ff:0f:2b]

RSSI: -73 [da:ee:aa:ff:0b:ba]

RSSI: -68 [da:ee:aa:ff:0b:da]

RSSI: -77 [da:ee:aa:ff:0a:8c]

RSSI: -66 [da:ee:aa:ff:0b:da]

RSSI: -66 [da:ee:aa:ff:0b:da]

RSSI: -78 [da:ee:aa:ff:0a:8c]

RSSI: -66 [da:ee:aa:ff:0b:da]

RSSI: -66 [da:ee:aa:ff:0a:8c]

RSSI: -66 [da:ee:aa:ff:0b:da]

RSSI: -80 [da:ee:aa:ff:0a:8c]

RSSI: -52 [da:ee:aa:ff:0b:ea]

RSSI: -73 [da:ee:aa:ff:0f:5b]

RSSI: -64 [da:ee:aa:ff:0b:ea]

RSSI: -86 [da:ee:aa:ff:0a:dc]

RSSI: -75 [da:ee:aa:ff:0f:6b]

RSSI: -86 [da:ee:aa:ff:0a:dc]

RSSI: -70 [da:ee:aa:ff:0c:3a]

RSSI: -77 [da:ee:aa:ff:0f:9b]

RSSI: -77 [da:ee:aa:ff:0f:9b]

RSSI: -80 [da:ee:aa:ff:0b:1c]

RSSI: -70 [da:ee:aa:ff:0c:5a]

RSSI: -79 [da:ee:aa:ff:0b:1c]

RSSI: -70 [da:ee:aa:ff:0c:5a]

RSSI: -80 [da:ee:aa:ff:0b:1c]

RSSI: -70 [da:ee:aa:ff:0c:5a]

RSSI: -65 [da:ee:aa:ff:0c:7a]

RSSI: -78 [da:ee:aa:ff:0b:2c]

RSSI: -65 [da:ee:aa:ff:0c:7a]

RSSI: -79 [da:ee:aa:ff:0b:2c]

RSSI: -65 [da:ee:aa:ff:0c:7a]

RSSI: -73 [da:ee:aa:ff:0f:cb]

RSSI: -65 [da:ee:aa:ff:0c:7a]

RSSI: -73 [da:ee:aa:ff:0f:cb]

RSSI: -65 [da:ee:aa:ff:0c:7a]

RSSI: -72 [da:ee:aa:ff:0f:cb]

RSSI: -85 [da:ee:aa:ff:0b:6c]

RSSI: -74 [da:ee:aa:ff:0f:db]

RSSI: -70 [da:ee:aa:ff:0c:9a]

RSSI: -75 [da:ee:aa:ff:0f:db]

RSSI: -75 [da:ee:aa:ff:0f:db]

RSSI: -74 [da:ee:aa:ff:0f:db]

RSSI: -77 [da:ee:aa:ff:10:0b]

RSSI: -70 [da:ee:aa:ff:0c:ba]

RSSI: -79 [da:ee:aa:ff:0b:7c]

RSSI: -70 [da:ee:aa:ff:0c:ba]

RSSI: -79 [da:ee:aa:ff:0b:7c]

RSSI: -78 [da:ee:aa:ff:10:0b]

RSSI: -70 [da:ee:aa:ff:0c:ba]

RSSI: -79 [da:ee:aa:ff:0b:7c]

RSSI: -77 [da:ee:aa:ff:10:0b]

RSSI: -77 [da:ee:aa:ff:10:0b]

RSSI: -79 [da:ee:aa:ff:0b:8c]

RSSI: -66 [da:ee:aa:ff:0c:ea]

RSSI: -73 [da:ee:aa:ff:10:2b]

RSSI: -66 [da:ee:aa:ff:0c:ea]

RSSI: -66 [da:ee:aa:ff:0c:ea]

RSSI: -79 [da:ee:aa:ff:0b:ac]

RSSI: -66 [da:ee:aa:ff:0c:ea]

RSSI: -63 [da:ee:aa:ff:0b:ac]

RSSI: -85 [da:ee:aa:ff:0b:cc]

RSSI: -56 [da:ee:aa:ff:10:4b]

RSSI: -85 [da:ee:aa:ff:0b:ec]

RSSI: -73 [da:ee:aa:ff:10:4b]

RSSI: -69 [da:ee:aa:ff:0d:4a]

RSSI: -78 [da:ee:aa:ff:0c:0c]

RSSI: -70 [da:ee:aa:ff:0d:4a]

RSSI: -78 [da:ee:aa:ff:0c:0c]

RSSI: -77 [da:ee:aa:ff:0c:0c]

RSSI: -78 [da:ee:aa:ff:10:7b]

RSSI: -69 [da:ee:aa:ff:0d:4a]

RSSI: -77 [da:ee:aa:ff:0c:0c]

RSSI: -78 [da:ee:aa:ff:10:7b]

RSSI: -69 [da:ee:aa:ff:0d:4a]

RSSI: -78 [da:ee:aa:ff:0c:0c]

RSSI: -78 [da:ee:aa:ff:10:7b]

RSSI: -73 [da:ee:aa:ff:10:9b]

RSSI: -81 [da:ee:aa:ff:0c:2c]

RSSI: -67 [da:ee:aa:ff:0d:6a]

RSSI: -73 [da:ee:aa:ff:10:9b]

RSSI: -81 [da:ee:aa:ff:0c:2c]

RSSI: -72 [da:ee:aa:ff:10:9b]

RSSI: -72 [da:ee:aa:ff:10:9b]

RSSI: -79 [da:ee:aa:ff:0c:4c]

RSSI: -73 [da:ee:aa:ff:10:9b]

RSSI: -67 [da:ee:aa:ff:0d:7a]

RSSI: -74 [da:ee:aa:ff:10:db]

RSSI: -74 [da:ee:aa:ff:0d:9a]

RSSI: -73 [da:ee:aa:ff:10:db]

RSSI: -74 [da:ee:aa:ff:0d:9a]

RSSI: -73 [da:ee:aa:ff:10:db]

RSSI: -86 [da:ee:aa:ff:0c:6c]

RSSI: -74 [da:ee:aa:ff:0d:9a]

RSSI: -73 [da:ee:aa:ff:10:db]

RSSI: -74 [da:ee:aa:ff:0d:9a]

RSSI: -74 [da:ee:aa:ff:10:db]

RSSI: -86 [da:ee:aa:ff:0c:6c]

RSSI: -66 [da:ee:aa:ff:0d:ba]

RSSI: -79 [da:ee:aa:ff:0c:7c]

RSSI: -80 [da:ee:aa:ff:10:fb]

RSSI: -66 [da:ee:aa:ff:0d:da]

RSSI: -66 [da:ee:aa:ff:0d:da]

RSSI: -80 [da:ee:aa:ff:11:0b]

RSSI: -80 [da:ee:aa:ff:0c:bc]

RSSI: -80 [da:ee:aa:ff:0c:bc]

RSSI: -80 [da:ee:aa:ff:0c:bc]

RSSI: -80 [da:ee:aa:ff:0c:bc]

RSSI: -85 [da:ee:aa:ff:0c:cc]

RSSI: -74 [da:ee:aa:ff:11:3b]

RSSI: -74 [da:ee:aa:ff:11:5b]

RSSI: -79 [da:ee:aa:ff:0e:2a]

RSSI: -74 [da:ee:aa:ff:11:5b]

RSSI: -80 [da:ee:aa:ff:0e:2a]

RSSI: -59 [da:ee:aa:ff:11:5b]

RSSI: -80 [da:ee:aa:ff:0e:2a]

RSSI: -76 [da:ee:aa:ff:0d:0c]

RSSI: -59 [da:ee:aa:ff:0e:3a]

RSSI: -73 [da:ee:aa:ff:11:6b]

RSSI: -53 [da:ee:aa:ff:0e:3a]

RSSI: -80 [da:ee:aa:ff:11:6b]

RSSI: -52 [da:ee:aa:ff:0e:3a]

RSSI: -78 [da:ee:aa:ff:0d:0c]

RSSI: -66 [da:ee:aa:ff:0e:3a]

RSSI: -78 [da:ee:aa:ff:0d:0c]

RSSI: -80 [da:ee:aa:ff:11:6b]

RSSI: -80 [da:ee:aa:ff:0d:4c]

RSSI: -80 [da:ee:aa:ff:0d:4c]

RSSI: -80 [da:ee:aa:ff:0d:4c]

RSSI: -76 [da:ee:aa:ff:11:ab]

RSSI: -81 [da:ee:aa:ff:0e:7a]

RSSI: -75 [da:ee:aa:ff:11:ab]

RSSI: -80 [da:ee:aa:ff:0e:7a]

RSSI: -76 [da:ee:aa:ff:11:ab]

RSSI: -81 [da:ee:aa:ff:0e:7a]

RSSI: -66 [da:ee:aa:ff:0e:9a]

RSSI: -67 [da:ee:aa:ff:0e:9a]

RSSI: -80 [da:ee:aa:ff:11:db]

RSSI: -66 [da:ee:aa:ff:0e:9a]

RSSI: -80 [da:ee:aa:ff:11:db]

RSSI: -66 [da:ee:aa:ff:0e:9a]

RSSI: -79 [da:ee:aa:ff:11:db]

RSSI: -66 [da:ee:aa:ff:0e:9a]

RSSI: -66 [da:ee:aa:ff:0e:ba]

RSSI: -79 [da:ee:aa:ff:0d:cc]

RSSI: -65 [da:ee:aa:ff:0e:ba]

RSSI: -79 [da:ee:aa:ff:0d:cc]

RSSI: -78 [da:ee:aa:ff:0d:cc]

RSSI: -73 [da:ee:aa:ff:11:fb]

RSSI: -79 [da:ee:aa:ff:0d:cc]

RSSI: -77 [da:ee:aa:ff:0e:ea]

RSSI: -77 [da:ee:aa:ff:0e:ea]

RSSI: -77 [da:ee:aa:ff:0e:ea]

RSSI: -77 [da:ee:aa:ff:0e:ea]

RSSI: -76 [da:ee:aa:ff:12:1b]

RSSI: -77 [da:ee:aa:ff:0e:ea]

RSSI: -67 [da:ee:aa:ff:0f:1a]

RSSI: -67 [da:ee:aa:ff:0f:1a]

RSSI: -67 [da:ee:aa:ff:0f:1a]

RSSI: -79 [da:ee:aa:ff:12:4b]

RSSI: -79 [da:ee:aa:ff:0e:3c]

RSSI: -66 [da:ee:aa:ff:0e:3c]

RSSI: -70 [da:ee:aa:ff:0e:3c]

RSSI: -75 [da:ee:aa:ff:12:9b]

RSSI: -74 [da:ee:aa:ff:0f:6a]

RSSI: -75 [da:ee:aa:ff:12:9b]

RSSI: -75 [da:ee:aa:ff:0f:6a]

RSSI: -75 [da:ee:aa:ff:12:9b]

RSSI: -74 [da:ee:aa:ff:0f:6a]

RSSI: -75 [da:ee:aa:ff:12:9b]

RSSI: -74 [da:ee:aa:ff:0f:6a]

RSSI: -75 [da:ee:aa:ff:12:9b]

RSSI: -73 [da:ee:aa:ff:0f:6a]

RSSI: -68 [da:ee:aa:ff:0f:7a]

RSSI: -69 [da:ee:aa:ff:0f:7a]

RSSI: -68 [da:ee:aa:ff:0f:7a]

RSSI: -69 [da:ee:aa:ff:0f:7a]

RSSI: -78 [da:ee:aa:ff:12:cb]

RSSI: -67 [da:ee:aa:ff:0f:ba]

RSSI: -79 [da:ee:aa:ff:0e:9c]

RSSI: -78 [da:ee:aa:ff:0e:9c]

RSSI: -66 [da:ee:aa:ff:0f:ba]

RSSI: -66 [da:ee:aa:ff:0f:ba]

RSSI: -66 [da:ee:aa:ff:0f:ba]
