ff:16:4c]

RSSI: -69 [da:ee:aa:ff:02:6b]

RSSI: -48 [da:ee:aa:ff:02:7a]

RSSI: -80 [da:ee:aa:ff:16:4c]

RSSI: -69 [da:ee:aa:ff:02:6b]

RSSI: -48 [da:ee:aa:ff:02:7a]

RSSI: -79 [da:ee:aa:ff:16:4c]

RSSI: -69 [da:ee:aa:ff:02:6b]

RSSI: -48 [da:ee:aa:ff:02:7a]

RSSI: -56 [da:ee:aa:ff:0d:8a]

RSSI: -61 [da:ee:aa:ff:0a:ab]

RSSI: -65 [da:ee:aa:ff:0a:ab]

RSSI: -53 [da:ee:aa:ff:0a:ab]

RSSI: -65 [da:ee:aa:ff:0a:ab]

RSSI: -70 [da:ee:aa:ff:0a:ab]

RSSI: -56 [da:ee:aa:ff:0d:9a]

RSSI: -69 [da:ee:aa:ff:0a:cb]

RSSI: -38 [da:ee:aa:ff:0d:ba]

RSSI: -69 [da:ee:aa:ff:0a:db]

RSSI: -77 [da:ee:aa:ff:09:cc]

RSSI: -69 [da:ee:aa:ff:0a:db]

RSSI: -77 [da:ee:aa:ff:09:cc]

RSSI: -46 [da:ee:aa:ff:0d:ba]

RSSI: -69 [da:ee:aa:ff:0a:db]

RSSI: -77 [da:ee:aa:ff:09:dc]

RSSI: -69 [da:ee:aa:ff:0a:db]

RSSI: -67 [da:ee:aa:ff:0a:eb]

RSSI: -67 [da:ee:aa:ff:0a:eb]

RSSI: -68 [da:ee:aa:ff:0a:eb]

RSSI: -51 [da:ee:aa:ff:0d:ea]

RSSI: -51 [da:ee:aa:ff:0d:ea]

RSSI: -77 [da:ee:aa:ff:09:fc]

RSSI: -56 [da:ee:aa:ff:0e:0a]

RSSI: -71 [da:ee:aa:ff:0b:2b]

RSSI: -56 [da:ee:aa:ff:0e:0a]

RSSI: -71 [da:ee:aa:ff:0b:2b]

RSSI: -56 [da:ee:aa:ff:0e:0a]

RSSI: -71 [da:ee:aa:ff:0b:2b]

RSSI: -77 [da:ee:aa:ff:0a:1c]

RSSI: -71 [da:ee:aa:ff:0b:2b]

RSSI: -56 [da:ee:aa:ff:0e:1a]

RSSI: -47 [da:ee:aa:ff:0e:3a]

RSSI: -77 [da:ee:aa:ff:0a:2c]

RSSI: -69 [da:ee:aa:ff:0b:3b]

RSSI: -77 [da:ee:aa:ff:0a:2c]

RSSI: -69 [da:ee:aa:ff:0b:3b]

RSSI: -47 [da:ee:aa:ff:0e:3a]

RSSI: -76 [da:ee:aa:ff:0a:2c]

RSSI: -68 [da:ee:aa:ff:0b:3b]

RSSI: -47 [da:ee:aa:ff:0e:3a]

RSSI: -77 [da:ee:aa:ff:0a:2c]

RSSI: -47 [da:ee:aa:ff:0e:3a]

RSSI: -69 [da:ee:aa:ff:0b:5b]

RSSI: -68 [da:ee:aa:ff:0b:7b]

RSSI: -69 [da:ee:aa:ff:0b:7b]

RSSI: -68 [da:ee:aa:ff:0b:7b]

RSSI: -52 [da:ee:aa:ff:0e:5a]

RSSI: -68 [da:ee:aa:ff:0b:7b]

RSSI: -52 [da:ee:aa:ff:0e:5a]

RSSI: -77 [da:ee:aa:ff:0a:6c]

RSSI: -56 [da:ee:aa:ff:0e:7a]

RSSI: -76 [da:ee:aa:ff:0a:6c]

RSSI: -72 [da:ee:aa:ff:0b:8b]

RSSI: -56 [da:ee:aa:ff:0e:7a]

RSSI: -56 [da:ee:aa:ff:0e:7a]

RSSI: -56 [da:ee:aa:ff:0e:8a]

RSSI: -47 [da:ee:aa:ff:0e:aa]

RSSI: -47 [da:ee:aa:ff:0e:aa]

RSSI: -67 [da:ee:aa:ff:0b:cb]

RSSI: -47 [da:ee:aa:ff:0e:aa]

RSSI: -54 [da:ee:aa:ff:0b:cb]

RSSI: -47 [da:ee:aa:ff:0e:aa]

RSSI: -61 [da:ee:aa:ff:0b:cb]

RSSI: -69 [da:ee:aa:ff:0b:fb]

RSSI: -70 [da:ee:aa:ff:0b:fb]

RSSI: -43 [da:ee:aa:ff:0e:da]

RSSI: -76 [da:ee:aa:ff:0a:cc]

RSSI: -72 [da:ee:aa:ff:0c:1b]

RSSI: -57 [da:ee:aa:ff:0e:ea]

RSSI: -76 [da:ee:aa:ff:0a:cc]

RSSI: -72 [da:ee:aa:ff:0c:1b]

RSSI: -57 [da:ee:aa:ff:0e:ea]

RSSI: -72 [da:ee:aa:ff:0c:1b]

RSSI: -57 [da:ee:aa:ff:0e:ea]

RSSI: -72 [da:ee:aa:ff:0c:1b]

RSSI: -72 [da:ee:aa:ff:0c:1b]

RSSI: -48 [da:ee:aa:ff:0f:0a]

RSSI: -70 [da:ee:aa:ff:0c:5b]

RSSI: -48 [da:ee:aa:ff:0f:0a]

RSSI: -70 [da:ee:aa:ff:0c:5b]

RSSI: -48 [da:ee:aa:ff:0f:0a]

RSSI: -69 [da:ee:aa:ff:0c:5b]

RSSI: -48 [da:ee:aa:ff:0f:0a]

RSSI: -70 [da:ee:aa:ff:0c:5b]

RSSI: -70 [da:ee:aa:ff:0c:6b]

RSSI: -69 [da:ee:aa:ff:0c:6b]

RSSI: -51 [da:ee:aa:ff:0f:2a]

RSSI: -69 [da:ee:aa:ff:0c:6b]

RSSI: -51 [da:ee:aa:ff:0f:2a]

RSSI: -93 [da:ee:aa:ff:0b:2c]

RSSI: -51 [da:ee:aa:ff:0f:2a]

RSSI: -73 [da:ee:aa:ff:0c:9b]

RSSI: -76 [da:ee:aa:ff:0b:3c]

RSSI: -56 [da:ee:aa:ff:0f:3a]

RSSI: -73 [da:ee:aa:ff:0c:9b]

RSSI: -76 [da:ee:aa:ff:0b:3c]

RSSI: -56 [da:ee:aa:ff:0f:3a]

RSSI: -73 [da:ee:aa:ff:0c:9b]

RSSI: -77 [da:ee:aa:ff:0b:3c]

RSSI: -56 [da:ee:aa:ff:0f:3a]

RSSI: -73 [da:ee:aa:ff:0c:9b]

RSSI: -77 [da:ee:aa:ff:0b:3c]

RSSI: -73 [da:ee:aa:ff:0c:9b]

RSSI: -56 [da:ee:aa:ff:0f:5a]

RSSI: -70 [da:ee:aa:ff:0c:bb]

RSSI: -48 [da:ee:aa:ff:0f:7a]

RSSI: -48 [da:ee:aa:ff:0f:7a]

RSSI: -50 [da:ee:aa:ff:0f:9a]

RSSI: -56 [da:ee:aa:ff:0c:eb]

RSSI: -47 [da:ee:aa:ff:0f:aa]

RSSI: -72 [da:ee:aa:ff:0d:0b]

RSSI: -55 [da:ee:aa:ff:0f:aa]

RSSI: -55 [da:ee:aa:ff:0f:aa]

RSSI: -77 [da:ee:aa:ff:0b:bc]

RSSI: -55 [da:ee:aa:ff:0f:ba]

RSSI: -77 [da:ee:aa:ff:0b:bc]

RSSI: -69 [da:ee:aa:ff:0d:3b]

RSSI: -49 [da:ee:aa:ff:0f:ca]

RSSI: -49 [da:ee:aa:ff:0f:ca]

RSSI: -80 [da:ee:aa:ff:0b:ec]

RSSI: -68 [da:ee:aa:ff:0d:3b]

RSSI: -48 [da:ee:aa:ff:0f:ca]

RSSI: -80 [da:ee:aa:ff:0b:ec]

RSSI: -69 [da:ee:aa:ff:0d:3b]

RSSI: -48 [da:ee:aa:ff:0f:ca]

RSSI: -79 [da:ee:aa:ff:0b:ec]

RSSI: -69 [da:ee:aa:ff:0d:3b]

RSSI: -72 [da:ee:aa:ff:0d:5b]

RSSI: -52 [da:ee:aa:ff:0f:fa]

RSSI: -52 [da:ee:aa:ff:0f:fa]

RSSI: -72 [da:ee:aa:ff:0d:6b]

RSSI: -52 [da:ee:aa:ff:0f:fa]

RSSI: -72 [da:ee:aa:ff:0d:8b]

RSSI: -55 [da:ee:aa:ff:10:1a]

RSSI: -77 [da:ee:aa:ff:0c:3c]

RSSI: -55 [da:ee:aa:ff:10:1a]

RSSI: -72 [da:ee:aa:ff:0d:8b]

RSSI: -55 [da:ee:aa:ff:10:1a]

RSSI: -72 [da:ee:aa:ff:0d:8b]

RSSI: -55 [da:ee:aa:ff:10:3a]

RSSI: -76 [da:ee:aa:ff:0c:3c]

RSSI: -81 [da:ee:aa:ff:0c:4c]

RSSI: -81 [da:ee:aa:ff:0c:5c]

RSSI: -68 [da:ee:aa:ff:0d:bb]

RSSI: -69 [da:ee:aa:ff:0d:bb]

RSSI: -80 [da:ee:aa:ff:0c:5c]

RSSI: -68 [da:ee:aa:ff:0d:bb]

RSSI: -73 [da:ee:aa:ff:0d:db]

RSSI: -73 [da:ee:aa:ff:0d:db]

RSSI: -53 [da:ee:aa:ff:10:7a]

RSSI: -54 [da:ee:aa:ff:10:7a]

RSSI: -43 [da:ee:aa:ff:10:8a]

RSSI: -74 [da:ee:aa:ff:0d:fb]

RSSI: -41 [da:ee:aa:ff:10:8a]

RSSI: -77 [da:ee:aa:ff:0c:9c]

RSSI: -73 [da:ee:aa:ff:0d:fb]

RSSI: -55 [da:ee:aa:ff:10:8a]

RSSI: -77 [da:ee:aa:ff:0c:9c]

RSSI: -66 [da:ee:aa:ff:0d:fb]

RSSI: -77 [da:ee:aa:ff:0c:9c]

RSSI: -80 [da:ee:aa:ff:0c:ac]

RSSI: -49 [da:ee:aa:ff:10:aa]

RSSI: -81 [da:ee:aa:ff:0c:ac]

RSSI: -49 [da:ee:aa:ff:10:aa]

RSSI: -49 [da:ee:aa:ff:10:aa]

RSSI: -49 [da:ee:aa:ff:10:aa]

RSSI: -79 [da:ee:aa:ff:0c:bc]

RSSI: -49 [da:ee:aa:ff:10:aa]

RSSI: -72 [da:ee:aa:ff:0e:4b]

RSSI: -53 [da:ee:aa:ff:10:ca]

RSSI: -94 [da:ee:aa:ff:0c:cc]

RSSI: -53 [da:ee:aa:ff:10:ca]

RSSI: -93 [da:ee:aa:ff:0c:cc]

RSSI: -53 [da:ee:aa:ff:10:ca]

RSSI: -56 [da:ee:aa:ff:10:da]

RSSI: -78 [da:ee:aa:ff:0c:fc]

RSSI: -56 [da:ee:aa:ff:10:da]

RSSI: -78 [da:ee:aa:ff:0c:fc]

RSSI: -56 [da:ee:aa:ff:10:da]

RSSI: -78 [da:ee:aa:ff:0c:fc]

RSSI: -78 [da:ee:aa:ff:0c:fc]

RSSI: -78 [da:ee:aa:ff:0c:fc]

RSSI: -49 [da:ee:aa:ff:10:fa]

RSSI: -72 [da:ee:aa:ff:0e:bb]

RSSI: -52 [da:ee:aa:ff:11:1a]

RSSI: -91 [da:ee:aa:ff:0d:3c]

RSSI: -51 [da:ee:aa:ff:11:1a]

RSSI: -79 [da:ee:aa:ff:0d:5c]

RSSI: -72 [da:ee:aa:ff:0e:db]

RSSI: -73 [da:ee:aa:ff:0e:db]

RSSI: -54 [da:ee:aa:ff:11:2a]

RSSI: -42 [da:ee:aa:ff:11:3a]

RSSI: -45 [da:ee:aa:ff:11:4a]

RSSI: -68 [da:ee:aa:ff:0e:fb]

RSSI: -78 [da:ee:aa:ff:0d:8c]

RSSI: -67 [da:ee:aa:ff:0f:1b]

RSSI: -77 [da:ee:aa:ff:0d:8c]

RSSI: -56 [da:ee:aa:ff:0f:1b]

RSSI: -49 [da:ee:aa:ff:11:4a]

RSSI: -78 [da:ee:aa:ff:0d:8c]

RSSI: -62 [da:ee:aa:ff:0f:1b]

RSSI: -49 [da:ee:aa:ff:11:4a]

RSSI: -53 [da:ee:aa:ff:0f:2b]

RSSI: -70 [da:ee:aa:ff:0f:2b]

RSSI: -51 [da:ee:aa:ff:11:7a]

RSSI: -59 [da:ee:aa:ff:0f:2b]

RSSI: -86 [da:ee:aa:ff:0d:ac]

RSSI: -51 [da:ee:aa:ff:11:7a]

RSSI: -70 [da:ee:aa:ff:0f:2b]

RSSI: -85 [da:ee:aa:ff:0d:ac]

RSSI: -51 [da:ee:aa:ff:11:7a]

RSSI: -70 [da:ee:aa:ff:0f:2b]

RSSI: -78 [da:ee:aa:ff:0d:cc]

RSSI: -55 [da:ee:aa:ff:11:8a]

RSSI: -72 [da:ee:aa:ff:0f:6b]

RSSI: -55 [da:ee:aa:ff:11:8a]

RSSI: -55 [da:ee:aa:ff:11:9a]

RSSI: -78 [da:ee:aa:ff:0d:dc]

RSSI: -49 [da:ee:aa:ff:11:aa]

RSSI: -68 [da:ee:aa:ff:0f:7b]

RSSI: -49 [da:ee:aa:ff:11:aa]

RSSI: -68 [da:ee:aa:ff:0f:7b]

RSSI: -49 [da:ee:aa:ff:11:aa]

RSSI: -67 [da:ee:aa:ff:0f:7b]

RSSI: -49 [da:ee:aa:ff:11:aa]

RSSI: -71 [da:ee:aa:ff:0f:bb]

RSSI: -78 [da:ee:aa:ff:0e:3c]

RSSI: -74 [da:ee:aa:ff:0f:cb]

RSSI: -78 [da:ee:aa:ff:0e:3c]

RSSI: -74 [da:ee:aa:ff:0f:cb]

RSSI: -78 [da:ee:aa:ff:0e:3c]

RSSI: -74 [da:ee:aa:ff:0f:cb]

RSSI: -55 [da:ee:aa:ff:12:0a]

RSSI: -78 [da:ee:aa:ff:0e:5c]

RSSI: -67 [da:ee:aa:ff:0e:7c]

RSSI: -67 [da:ee:aa:ff:10:0b]

RSSI: -35 [da:ee:aa:ff:12:1a]

RSSI: -61 [da:ee:aa:ff:0e:7c]

RSSI: -68 [da:ee:aa:ff:10:0b]

RSSI: -68 [da:ee:aa:ff:10:0b]

RSSI: -68 [da:ee:aa:ff:10:0b]

RSSI: -71 [da:ee:aa:ff:10:2b]

RSSI: -71 [da:ee:aa:ff:10:2b]

RSSI: -51 [da:ee:aa:ff:12:3a]

RSSI: -51 [da:ee:aa:ff:12:3a]

RSSI: -55 [da:ee:aa:ff:12:4a]

RSSI: -78 [da:ee:aa:ff:0e:cc]

RSSI: -58 [da:ee:aa:ff:10:6b]

RSSI: -56 [da:ee:aa:ff:12:4a]

RSSI: -78 [da:ee:aa:ff:0e:cc]

RSSI: -55 [da:ee:aa:ff:12:4a]

RSSI: -78 [da:ee:aa:ff:0e:cc]

RSSI: -73 [da:ee:aa:ff:10:6b]

RSSI: -78 [da:ee:aa:ff:0e:cc]

RSSI: -56 [da:ee:aa:ff:12:6a]

RSSI: -73 [da:ee:aa:ff:10:6b]

RSSI: -67 [da:ee:aa:ff:10:8b]

RSSI: -76 [da:ee:aa:ff:0e:fc]

RSSI: -48 [da:ee:aa:ff:12:7a]

RSSI: -67 [da:ee:aa:ff:10:8b]

RSSI: -76 [da:ee:aa:ff:0e:fc]

RSSI: -48 [da:ee:aa:ff:12:7a]

RSSI: -76 [da:ee:aa:ff:0e:fc]

RSSI: -48 [da:ee:aa:ff:12:7a]

RSSI: -76 [da:ee:aa:ff:0e:fc]

RSSI: -48 [da:ee:aa:ff:12:7a]

RSSI: -77 [da:ee:aa:ff:0e:fc]

RSSI: -48 [da:ee:aa:ff:12:7a]

RSSI: -70 [da:ee:aa:ff:10:bb]

RSSI: -71 [da:ee:aa:ff:10:bb]

RSSI: -52 [da:ee:aa:ff:12:9a]

RSSI: -70 [da:ee:aa:ff:10:bb]

RSSI: -52 [da:ee:aa:ff:12:9a]

RSSI: -70 [da:ee:aa:ff:10:bb]

RSSI: -52 [da:ee:aa:ff:12:9a]

RSSI: -56 [da:ee:aa:ff:12:aa]

RSSI: -78 [da:ee:aa:ff:0f:3c]

RSSI: -56 [da:ee:aa:ff:12:aa]

RSSI: -79 [da:ee:aa:ff:0f:3c]

RSSI: -56 [da:ee:aa:ff:12:aa]

RSSI: -79 [da:ee:aa:ff:0f:3c]

RSSI: -72 [da:ee:aa:ff:10:eb]

RSSI: -78 [da:ee:aa:ff:0f:3c]

RSSI: -56 [da:ee:aa:ff:12:ca]

RSSI: -72 [da:ee:aa:ff:10:eb]

RSSI: -48 [da:ee:aa:ff:12:da]

RSSI: -68 [da:ee:aa:ff:11:0b]

RSSI: -76 [da:ee:aa:ff:0f:6c]

RSSI: -48 [da:ee:aa:ff:12:da]

RSSI: -68 [da:ee:aa:ff:11:0b]

RSSI: -64 [da:ee:aa:ff:0f:6c]

RSSI: -48 [da:ee:aa:ff:12:da]

RSSI: -68 [da:ee:aa:ff:11:0b]

RSSI: -48 [da:ee:aa:ff:12:da]

RSSI: -68 [da:ee:aa:ff:11:0b]

RSSI: -74 [da:ee:aa:ff:0f:6c]

RSSI: -70 [da:ee:aa:ff:11:3b]

RSSI: -40 [da:ee:aa:ff:12:fa]

RSSI: -53 [da:ee:aa:ff:13:1a]

RSSI: -71 [da:ee:aa:ff:11:4b]

RSSI: -78 [da:ee:aa:ff:0f:ac]

RSSI: -71 [da:ee:aa:ff:11:4b]

RSSI: -78 [da:ee:aa:ff:0f:ac]

RSSI: -53 [da:ee:aa:ff:13:1a]

RSSI: -70 [da:ee:aa:ff:11:4b]

RSSI: -78 [da:ee:aa:ff:0f:ac]

RSSI: -53 [da:ee:aa:ff:13:2a]

RSSI: -45 [da:ee:aa:ff:13:3a]

RSSI: -75 [da:ee:aa:ff:0f:dc]

RSSI: -47 [da:ee:aa:ff:13:3a]

RSSI: -76 [da:ee:aa:ff:0f:dc]

RSSI: -69 [da:ee:aa:ff:11:9b]

RSSI: -89 [da:ee:aa:ff:0f:fc]

RSSI: -69 [da:ee:aa:ff:11:9b]

RSSI: -52 [da:ee:aa:ff:13:5a]

RSSI: -52 [da:ee:aa:ff:13:5a]

RSSI: -89 [da:ee:aa:ff:0f:fc]

RSSI: -52 [da:ee:aa:ff:13:5a]

RSSI: -54 [da:ee:aa:ff:13:6a]

RSSI: -70 [da:ee:aa:ff:11:cb]

RSSI: -78 [da:ee:aa:ff:10:1c]

RSSI: -54 [da:ee:aa:ff:13:6a]

RSSI: -70 [da:ee:aa:ff:11:cb]

RSSI: -78 [da:ee:aa:ff:10:1c]

RSSI: -54 [da:ee:aa:ff:13:6a]

RSSI: -70 [da:ee:aa:ff:11:cb]

RSSI: -78 [da:ee:aa:ff:10:1c]

RSSI: -70 [da:ee:aa:ff:11:cb]

RSSI: -54 [da:ee:aa:ff:13:7a]

RSSI: -78 [da:ee:aa:ff:10:1c]

RSSI: -75 [da:ee:aa:ff:10:2c]

RSSI: -75 [da:ee:aa:ff:10:2c]

RSSI: -47 [da:ee:aa:ff:13:8a]

RSSI: -47 [da:ee:aa:ff:13:8a]

RSSI: -75 [da:ee:aa:ff:10:3c]

RSSI: -68 [da:ee:aa:ff:11:fb]

RSSI: -47 [da:ee:aa:ff:13:8a]

RSSI: -70 [da:ee:aa:ff:12:1b]

RSSI: -86 [da:ee:aa:ff:10:8c]

RSSI: -54 [da:ee:aa:ff:13:ca]

RSSI: -79 [da:ee:aa:ff:10:8c]

RSSI: -54 [da:ee:aa:ff:13:ca]

RSSI: -71 [da:ee:aa:ff:12:5b]

RSSI: -70 [da:ee:aa:ff:12:5b]

RSSI: -54 [da:ee:aa:ff:13:ea]

RSSI: -75 [da:ee:aa:ff:10:ac]

RSSI: -68 [da:ee:aa:ff:12:7b]

RSSI: -47 [da:ee:aa:ff:13:fa]

RSSI: -75 [da:ee:aa:ff:10:ac]

RSSI: -68 [da:ee:aa:ff:12:7b]

RSSI: -47 [da:ee:aa:ff:13:fa]

RSSI: -75 [da:ee:aa:ff:10:ac]

RSSI: -68 [da:ee:aa:ff:12:7b]

RSSI: -47 [da:ee:aa:ff:13:fa]

RSSI: -75 [da:ee:aa:ff:10:ac]

RSSI: -68 [da:ee:aa:ff:12:7b]

RSSI: -47 [da:ee:aa:ff:13:fa]

RSSI: -68 [da:ee:aa:ff:12:7b]

RSSI: -52 [da:ee:aa:ff:14:2a]

RSSI: -52 [da:ee:aa:ff:14:2a]

RSSI: -70 [da:ee:aa:ff:12:ab]

RSSI: -52 [da:ee:aa:ff:14:2a]

RSSI: -53 [da:ee:aa:ff:12:ab]

RSSI: -54 [da:ee:aa:ff:14:3a]

RSSI: -70 [da:ee:aa:ff:12:cb]

RSSI: -54 [da:ee:aa:ff:14:3a]

RSSI: -70 [da:ee:aa:ff:12:cb]

RSSI: -80 [da:ee:aa:ff:11:0c]

RSSI: -54 [da:ee:aa:ff:14:3a]

RSSI: -70 [da:ee:aa:ff:12:cb]

RSSI: -78 [da:ee:aa:ff:11:0c]

RSSI: -70 [da:ee:aa:ff:12:cb]

RSSI: -54 [da:ee:aa:ff:14:4a]

RSSI: -79 [da:ee:aa:ff:11:0c]

RSSI: -70 [da:ee:aa:ff:12:cb]

RSSI: -47 [da:ee:aa:ff:14:5a]

RSSI: -75 [da:ee:aa:ff:11:2c]

RSSI: -47 [da:ee:aa:ff:14:5a]

RSSI: -74 [da:ee:aa:ff:11:2c]

RSSI: -68 [da:ee:aa:ff:12:fb]

RSSI: -47 [da:ee:aa:ff:14:5a]

RSSI: -68 [da:ee:aa:ff:12:fb]

RSSI: -47 [da:ee:aa:ff:14:5a]

RSSI: -75 [da:ee:aa:ff:11:2c]

RSSI: -68 [da:ee:aa:ff:12:fb]

RSSI: -72 [da:ee:aa:ff:13:1b]

RSSI: -71 [da:ee:aa:ff:13:1b]

RSSI: -53 [da:ee:aa:ff:14:7a]

RSSI: -71 [da:ee:aa:ff:13:1b]

RSSI: -53 [da:ee:aa:ff:14:7a]

RSSI: -72 [da:ee:aa:ff:13:1b]

RSSI: -53 [da:ee:aa:ff:14:7a]

RSSI: -70 [da:ee:aa:ff:13:4b]

RSSI: -71 [da:ee:aa:ff:13:4b]

RSSI: -70 [da:ee:aa:ff:13:4b]

RSSI: -81 [da:ee:aa:ff:11:9c]

RSSI: -70 [da:ee:aa:ff:13:4b]

RSSI: -47 [da:ee:aa:ff:14:ba]

RSSI: -75 [da:ee:aa:ff:11:bc]

RSSI: -68 [da:ee:aa:ff:13:6b]

RSSI: -47 [da:ee:aa:ff:14:ba]

RSSI: -75 [da:ee:aa:ff:11:bc]

RSSI: -68 [da:ee:aa:ff:13:6b]

RSSI: -47 [da:ee:aa:ff:14:ba]

RSSI: -75 [da:ee:aa:ff:11:bc]

RSSI: -68 [da:ee:aa:ff:13:6b]

RSSI: -47 [da:ee:aa:ff:14:ba]

RSSI: -68 [da:ee:aa:ff:13:6b]

RSSI: -47 [da:ee:aa:ff:14:ba]

RSSI: -75 [da:ee:aa:ff:11:bc]

RSSI: -72 [da:ee:aa:ff:13:ab]

RSSI: -52 [da:ee:aa:ff:14:ea]

RSSI: -71 [da:ee:aa:ff:13:ab]

RSSI: -52 [da:ee:aa:ff:14:ea]

RSSI: -72 [da:ee:aa:ff:13:ab]

RSSI: -52 [da:ee:aa:ff:14:ea]

RSSI: -71 [da:ee:aa:ff:13:ab]

RSSI: -64 [da:ee:aa:ff:13:cb]

RSSI: -58 [da:ee:aa:ff:13:cb]

RSSI: -52 [da:ee:aa:ff:13:cb]

RSSI: -67 [da:ee:aa:ff:13:cb]

RSSI: -47 [da:ee:aa:ff:15:3a]

RSSI: -70 [da:ee:aa:ff:13:eb]

RSSI: -74 [da:ee:aa:ff:12:2c]

RSSI: -47 [da:ee:aa:ff:15:3a]

RSSI: -69 [da:ee:aa:ff:13:eb]

RSSI: -75 [da:ee:aa:ff:12:2c]

RSSI: -81 [da:ee:aa:ff:12:2c]

RSSI: -47 [da:ee:aa:ff:15:3a]

RSSI: -69 [da:ee:aa:ff:13:eb]

RSSI: -75 [da:ee:aa:ff:12:2c]

RSSI: -47 [da:ee:aa:ff:15:3a]

RSSI: -69 [da:ee:aa:ff:13:eb]

RSSI: -72 [da:ee:aa:ff:14:0b]

RSSI: -71 [da:ee:aa:ff:14:0b]

RSSI: -53 [da:ee:aa:ff:15:6a]

RSSI: -72 [da:ee:aa:ff:14:0b]

RSSI: -53 [da:ee:aa:ff:15:6a]

RSSI: -53 [da:ee:aa:ff:15:6a]

RSSI: -56 [da:ee:aa:ff:15:8a]

RSSI: -56 [da:ee:aa:ff:15:8a]

RSSI: -56 [da:ee:aa:ff:15:8a]

RSSI: -56 [da:ee:aa:ff:15:8a]

RSSI: -70 [da:ee:aa:ff:14:5b]

RSSI: -45 [da:ee:aa:ff:15:aa]

RSSI: -34 [da:ee:aa:ff:15:aa]

RSSI: -73 [da:ee:aa:ff:12:9c]

RSSI: -47 [da:ee:aa:ff:15:aa]

RSSI: -72 [da:ee:aa:ff:14:8b]

RSSI: -72 [da:ee:aa:ff:14:8b]

RSSI: -53 [da:ee:aa:ff:15:ca]

RSSI: -72 [da:ee:aa:ff:14:8b]

RSSI: -53 [da:ee:aa:ff:15:ca]

RSSI: -72 [da:ee:aa:ff:14:8b]

RSSI: -53 [da:ee:aa:ff:15:ca]

RSSI: -56 [da:ee:aa:ff:15:da]

RSSI: -57 [da:ee:aa:ff:15:da]

RSSI: -79 [da:ee:aa:ff:12:dc]

RSSI: -57 [da:ee:aa:ff:15:da]

RSSI: -79 [da:ee:aa:ff:12:dc]

RSSI: -79 [da:ee:aa:ff:12:dc]

RSSI: -70 [da:ee:aa:ff:14:cb]

RSSI: -48 [da:ee:aa:ff:16:0a]

RSSI: -65 [da:ee:aa:ff:14:eb]

RSSI: -48 [da:ee:aa:ff:16:0a]

RSSI: -52 [da:ee:aa:ff:14:eb]

RSSI: -48 [da:ee:aa:ff:16:0a]

RSSI: -75 [da:ee:aa:ff:13:1c]

RSSI: -53 [da:ee:aa:ff:14:eb]

RSSI: -48 [da:ee:aa:ff:16:0a]

RSSI: -48 [da:ee:aa:ff:16:0a]

RSSI: -75 [da:ee:aa:ff:13:1c]

RSSI: -73 [da:ee:aa:ff:15:0b]

RSSI: -72 [da:ee:aa:ff:15:0b]

RSSI: -53 [da:ee:aa:ff:16:3a]

RSSI: -73 [da:ee:aa:ff:15:2b]

RSSI: -53 [da:ee:aa:ff:16:3a]

RSSI: -73 [da:ee:aa:ff:15:2b]

RSSI: -53 [da:ee:aa:ff:16:3a]

RSSI: -70 [da:ee:aa:ff:15:4b]

RSSI: -57 [da:ee:aa:ff:16:4a]

RSSI: -80 [da:ee:aa:ff:13:4c]

RSSI: -70 [da:ee:aa:ff:15:4b]

RSSI: -57 [da:ee:aa:ff:16:4a]

RSSI: -70 [da:ee:aa:ff:15:4b]

RSSI: -57 [da:ee:aa:ff:16:4a]

RSSI: -70 [da:ee:aa:ff:15:4b]

RSSI: -56 [da:ee:aa:ff:16:4a]

RSSI: -70 [da:ee:aa:ff:15:4b]

RSSI: -79 [da:ee:aa:ff:13:6c]

RSSI: -70 [da:ee:aa:ff:15:6b]

RSSI: -41 [da:ee:aa:ff:16:6a]

RSSI: -75 [da:ee:aa:ff:13:8c]

RSSI: -52 [da:ee:aa:ff:00:0a]

RSSI: -72 [da:ee:aa:ff:15:9b]

RSSI: -52 [da:ee:aa:ff:00:0a]

RSSI: -72 [da:ee:aa:ff:15:9b]

RSSI: -79 [da:ee:aa:ff:13:cc]

RSSI: -57 [da:ee:aa:ff:00:1a]

RSSI: -78 [da:ee:aa:ff:13:cc]

RSSI: -58 [da:ee:aa:ff:00:1a]

RSSI: -70 [da:ee:aa:ff:15:db]

RSSI: -79 [da:ee:aa:ff:13:cc]

RSSI: -57 [da:ee:aa:ff:00:1a]

RSSI: -70 [da:ee:aa:ff:15:db]

RSSI: -79 [da:ee:aa:ff:13:cc]

RSSI: -57 [da:ee:aa:ff:00:1a]

RSSI: -70 [da:ee:aa:ff:15:db]

RSSI: -70 [da:ee:aa:ff:15:eb]

RSSI: -48 [da:ee:aa:ff:00:4a]

RSSI: -70 [da:ee:aa:ff:15:eb]

RSSI: -48 [da:ee:aa:ff:00:4a]

RSSI: -70 [da:ee:aa:ff:15:eb]

RSSI: -71 [da:ee:aa:ff:15:eb]

RSSI: -48 [da:ee:aa:ff:00:4a]

RSSI: -70 [da:ee:aa:ff:15:eb]

RSSI: -48 [da:ee:aa:ff:00:4a]

RSSI: -52 [da:ee:aa:ff:00:5a]

RSSI: -70 [da:ee:aa:ff:16:2b]

RSSI: -65 [da:ee:aa:ff:16:2b]

RSSI: -52 [da:ee:aa:ff:00:6a]

RSSI: -63 [da:ee:aa:ff:16:2b]

RSSI: -52 [da:ee:aa:ff:00:6a]

RSSI: -70 [da:ee:aa:ff:16:2b]

RSSI: -53 [da:ee:aa:ff:16:3b]

RSSI: -57 [da:ee:aa:ff:00:7a]

RSSI: -70 [da:ee:aa:ff:16:3b]

RSSI: -57 [da:ee:aa:ff:00:7a]

RSSI: -71 [da:ee:aa:ff:16:3b]

RSSI: -57 [da:ee:aa:ff:00:7a]

RSSI: -70 [da:ee:aa:ff:16:3b]

RSSI: -57 [da:ee:aa:ff:00:7a]

RSSI: -78 [da:ee:aa:ff:14:3c]

RSSI: -48 [da:ee:aa:ff:00:9a]

RSSI: -70 [da:ee:aa:ff:16:7b]

RSSI: -48 [da:ee:aa:ff:00:9a]

RSSI: -69 [da:ee:aa:ff:16:7b]

RSSI: -76 [da:ee:aa:ff:14:6c]

RSSI: -48 [da:ee:aa:ff:00:9a]

RSSI: -70 [da:ee:aa:ff:16:7b]

RSSI: -76 [da:ee:aa:ff:14:6c]

RSSI: -48 [da:ee:aa:ff:00:9a]

RSSI: -52 [da:ee:aa:ff:00:aa]

RSSI: -70 [da:ee:aa:ff:00:0b]

RSSI: -70 [da:ee:aa:ff:00:0b]

RSSI: -55 [da:ee:aa:ff:00:da]

RSSI: -56 [da:ee:aa:ff:00:da]

RSSI: -56 [da:ee:aa:ff:00:da]

RSSI: -56 [da:ee:aa:ff:00:da]

RSSI: -75 [da:ee:aa:ff:14:cc]

RSSI: -70 [da:ee:aa:ff:00:5b]

RSSI: -48 [da:ee:aa:ff:01:0a]

RSSI: -75 [da:ee:aa:ff:14:cc]

RSSI: -70 [da:ee:aa:ff:00:5b]

RSSI: -48 [da:ee:aa:ff:01:0a]

RSSI: -69 [da:ee:aa:ff:00:5b]

RSSI: -48 [da:ee:aa:ff:01:0a]

RSSI: -75 [da:ee:aa:ff:14:ec]

RSSI: -48 [da:ee:aa:ff:01:0a]

RSSI: -69 [da:ee:aa:ff:00:7b]

RSSI: -75 [da:ee:aa:ff:14:ec]

RSSI: -69 [da:ee:aa:ff:00:9b]

RSSI: -50 [da:ee:aa:ff:01:3a]

RSSI: -88 [da:ee:aa:ff:14:fc]

RSSI: -69 [da:ee:aa:ff:00:9b]

RSSI: -51 [da:ee:aa:ff:01:3a]

RSSI: -55 [da:ee:aa:ff:01:4a]

RSSI: -70 [da:ee:aa:ff:00:ab]

RSSI: -56 [da:ee:aa:ff:01:4a]

RSSI: -79 [da:ee:aa:ff:15:2c]

RSSI: -70 [da:ee:aa:ff:00:ab]

RSSI: -55 [da:ee:aa:ff:01:4a]

RSSI: -55 [da:ee:aa:ff:01:4a]

RSSI: -70 [da:ee:aa:ff:00:cb]

RSSI: -79 [da:ee:aa:ff:15:2c]

RSSI: -55 [da:ee:aa:ff:01:4a]

RSSI: -60 [da:ee:aa:ff:00:eb]

RSSI: -47 [da:ee:aa:ff:01:7a]

RSSI: -74 [da:ee:aa:ff:15:3c]

RSSI: -68 [da:ee:aa:ff:00:eb]

RSSI: -47 [da:ee:aa:ff:01:7a]

RSSI: -74 [da:ee:aa:ff:15:3c]

RSSI: -47 [da:ee:aa:ff:01:7a]

RSSI: -75 [da:ee:aa:ff:15:3c]

RSSI: -53 [da:ee:aa:ff:00:eb]

RSSI: -47 [da:ee:aa:ff:01:7a]

RSSI: -74 [da:ee:aa:ff:15:3c]

RSSI: -70 [da:ee:aa:ff:00:eb]

RSSI: -50 [da:ee:aa:ff:01:9a]

RSSI: -69 [da:ee:aa:ff:01:1b]

RSSI: -70 [da:ee:aa:ff:01:3b]

RSSI: -78 [da:ee:aa:ff:15:7c]

RSSI: -54 [da:ee:aa:ff:01:ba]

RSSI: -42 [da:ee:aa:ff:01:ba]

RSSI: -69 [da:ee:aa:ff:01:3b]

RSSI: -54 [da:ee:aa:ff:01:ba]

RSSI: -79 [da:ee:aa:ff:15:8c]

RSSI: -69 [da:ee:aa:ff:01:3b]

RSSI: -54 [da:ee:aa:ff:01:ba]

RSSI: -64 [da:ee:aa:ff:15:8c]

RSSI: -69 [da:ee:aa:ff:01:3b]

RSSI: -54 [da:ee:aa:ff:01:ba]

RSSI: -64 [da:ee:aa:ff:15:9c]

RSSI: -47 [da:ee:aa:ff:01:fa]

RSSI: -68 [da:ee:aa:ff:15:9c]

RSSI: -47 [da:ee:aa:ff:01:fa]

RSSI: -59 [da:ee:aa:ff:15:9c]

RSSI: -68 [da:ee:aa:ff:01:6b]

RSSI: -47 [da:ee:aa:ff:01:fa]

RSSI: -69 [da:ee:aa:ff:01:6b]

RSSI: -47 [da:ee:aa:ff:01:fa]

RSSI: -72 [da:ee:aa:ff:15:9c]

RSSI: -69 [da:ee:aa:ff:01:6b]

RSSI: -69 [da:ee:aa:ff:01:8b]

RSSI: -50 [da:ee:aa:ff:02:0a]

RSSI: -69 [da:ee:aa:ff:01:8b]

RSSI: -50 [da:ee:aa:ff:02:0a]

RSSI: -69 [da:ee:aa:ff:01:8b]

RSSI: -69 [da:ee:aa:ff:01:8b]

RSSI: -69 [da:ee:aa:ff:01:8b]

RSSI: -50 [da:ee:aa:ff:02:1a]

RSSI: -69 [da:ee:aa:ff:01:ab]

RSSI: -54 [da:ee:aa:ff:02:2a]

RSSI: -80 [da:ee:aa:ff:15:ec]

RSSI: -54 [da:ee:aa:ff:02:2a]

RSSI: -70 [da:ee:aa:ff:01:cb]

RSSI: -80 [da:ee:aa:ff:15:ec]

RSSI: -54 [da:ee:aa:ff:02:2a]

RSSI: -69 [da:ee:aa:ff:01:cb]

RSSI: -80 [da:ee:aa:ff:15:ec]

RSSI: -54 [da:ee:aa:ff:02:2a]

RSSI: -70 [da:ee:aa:ff:01:cb]

RSSI: -70 [da:ee:aa:ff:01:cb]

RSSI: -47 [da:ee:aa:ff:02:3a]

RSSI: -69 [da:ee:aa:ff:01:eb]

RSSI: -73 [da:ee:aa:ff:16:0c]

RSSI: -47 [da:ee:aa:ff:02:5a]

RSSI: -73 [da:ee:aa:ff:16:0c]

RSSI: -69 [da:ee:aa:ff:01:eb]

RSSI: -47 [da:ee:aa:ff:02:5a]

RSSI: -73 [da:ee:aa:ff:16:0c]

RSSI: -69 [da:ee:aa:ff:01:eb]

RSSI: -47 [da:ee:aa:ff:02:5a]

RSSI: -73 [da:ee:aa:ff:16:0c]

RSSI: -69 [da:ee:aa:ff:01:eb]

RSSI: -47 [da:ee:aa:ff:02:5a]

RSSI: -50 [da:ee:aa:ff:02:6a]

RSSI: -68 [da:ee:aa:ff:02:1b]

RSSI: -50 [da:ee:aa:ff:02:6a]

RSSI: -52 [da:ee:aa:ff:02:1b]

RSSI: -61 [da:ee:aa:ff:02:1b]

RSSI: -69 [da:ee:aa:ff:02:3b]

RSSI: -51 [da:ee:aa:ff:02:9a]

RSSI: -68 [da:ee:aa:ff:02:3b]

RSSI: -55 [da:ee:aa:ff:02:9a]

RSSI: -69 [da:ee:aa:ff:02:3b]

RSSI: -47 [da:ee:aa:ff:02:9a]

RSSI: -69 [da:ee:aa:ff:02:3b]

RSSI: -52 [da:ee:aa:ff:02:9a]

RSSI: -80 [da:ee:aa:ff:16:5c]

RSSI: -47 [da:ee:aa:ff:02:aa]

RSSI: -69 [da:ee:aa:ff:02:6b]

RSSI: -69 [da:ee:aa:ff:02:6b]

RSSI: -58 [da:ee:aa:ff:00:0c]

RSSI: -47 [da:ee:aa:ff:02:ba]

RSSI: -69 [da:ee:aa:ff:02:6b]

RSSI: -65 [da:ee:aa:ff:00:0c]

RSSI: -47 [da:ee:aa:ff:02:ba]

RSSI: -48 [da:ee:aa:ff:02:ca]

RSSI: -68 [da:ee:aa:ff:02:8b]

RSSI: -48 [da:ee:aa:ff:02:ca]

RSSI: -48 [da:ee:aa:ff:02:ca]

RSSI: -69 [da:ee:aa:ff:02:8b]

RSSI: -48 [da:ee:aa:ff:02:ca]

RSSI: -49 [da:ee:aa:ff:02:ca]

RSSI: -68 [da:ee:aa:ff:02:bb]

RSSI: -55 [da:ee:aa:ff:02:fa]

RSSI: -69 [da:ee:aa:ff:02:bb]

RSSI: -55 [da:ee:aa:ff:02:fa]

RSSI: -68 [da:ee:aa:ff:02:bb]

RSSI: -55 [da:ee:aa:ff:02:fa]

RSSI: -69 [da:ee:aa:ff:02:bb]

RSSI: -55 [da:ee:aa:ff:02:fa]

RSSI: -68 [da:ee:aa:ff:02:bb]

RSSI: -47 [da:ee:aa:ff:03:1a]

RSSI: -69 [da:ee:aa:ff:02:db]

RSSI: -47 [da:ee:aa:ff:03:1a]

RSSI: -70 [da:ee:aa:ff:02:db]

RSSI: -47 [da:ee:aa:ff:03:3a]

RSSI: -73 [da:ee:aa:ff:00:7c]

RSSI: -47 [da:ee:aa:ff:03:3a]

RSSI: -74 [da:ee:aa:ff:00:7c]

RSSI: -49 [da:ee:aa:ff:03:4a]

RSSI: -69 [da:ee:aa:ff:03:0b]

RSSI: -87 [da:ee:aa:ff:00:9c]

RSSI: -49 [da:ee:aa:ff:03:4a]

RSSI: -68 [da:ee:aa:ff:03:0b]

RSSI: -86 [da:ee:aa:ff:00:9c]

RSSI: -49 [da:ee:aa:ff:03:4a]

RSSI: -68 [da:ee:aa:ff:03:0b]

RSSI: -49 [da:ee:aa:ff:03:4a]

RSSI: -68 [da:ee:aa:ff:03:0b]

RSSI: -88 [da:ee:aa:ff:00:9c]

RSSI: -49 [da:ee:aa:ff:03:4a]

RSSI: -68 [da:ee:aa:ff:03:0b]

RSSI: -86 [da:ee:aa:ff:00:9c]

RSSI: -52 [da:ee:aa:ff:03:2b]

RSSI: -81 [da:ee:aa:ff:00:ac]

RSSI: -55 [da:ee:aa:ff:03:7a]

RSSI: -55 [da:ee:aa:ff:03:7a]

RSSI: -68 [da:ee:aa:ff:03:2b]

RSSI: -55 [da:ee:aa:ff:03:7a]

RSSI: -56 [da:ee:aa:ff:03:7a]

RSSI: -56 [da:ee:aa:ff:03:7a]

RSSI: -39 [da:ee:aa:ff:03:8a]

RSSI: -69 [da:ee:aa:ff:03:5b]

RSSI: -75 [da:ee:aa:ff:00:dc]

RSSI: -70 [da:ee:aa:ff:03:5b]

RSSI: -75 [da:ee:aa:ff:00:dc]

RSSI: -47 [da:ee:aa:ff:03:8a]

RSSI: -70 [da:ee:aa:ff:03:5b]

RSSI: -75 [da:ee:aa:ff:00:dc]

RSSI: -70 [da:ee:aa:ff:03:5b]

RSSI: -74 [da:ee:aa:ff:00:dc]

RSSI: -69 [da:ee:aa:ff:03:5b]

RSSI: -69 [da:ee:aa:ff:03:7b]

RSSI: -76 [da:ee:aa:ff:01:0c]

RSSI: -49 [da:ee:aa:ff:03:ba]

RSSI: -68 [da:ee:aa:ff:03:7b]

RSSI: -49 [da:ee:aa:ff:03:ba]

RSSI: -49 [da:ee:aa:ff:03:ba]

RSSI: -49 [da:ee:aa:ff:03:ba]

RSSI: -69 [da:ee:aa:ff:03:ab]

RSSI: -57 [da:ee:aa:ff:03:da]

RSSI: -69 [da:ee:aa:ff:03:ab]

RSSI: -57 [da:ee:aa:ff:03:da]

RSSI: -70 [da:ee:aa:ff:03:ab]

RSSI: -57 [da:ee:aa:ff:03:da]

RSSI: -57 [da:ee:aa:ff:03:da]

RSSI: -69 [da:ee:aa:ff:03:cb]

RSSI: -48 [da:ee:aa:ff:03:ea]

RSSI: -48 [da:ee:aa:ff:03:ea]

RSSI: -75 [da:ee:aa:ff:01:5c]

RSSI: -48 [da:ee:aa:ff:03:ea]

RSSI: -75 [da:ee:aa:ff:01:5c]

RSSI: -70 [da:ee:aa:ff:03:db]

RSSI: -50 [da:ee:aa:ff:04:0a]

RSSI: -69 [da:ee:aa:ff:03:fb]

RSSI: -68 [da:ee:aa:ff:03:fb]

RSSI: -70 [da:ee:aa:ff:03:fb]

RSSI: -89 [da:ee:aa:ff:01:7c]

RSSI: -49 [da:ee:aa:ff:04:0a]

RSSI: -88 [da:ee:aa:ff:01:7c]

RSSI: -49 [da:ee:aa:ff:04:0a]

RSSI: -69 [da:ee:aa:ff:03:fb]

RSSI: -57 [da:ee:aa:ff:04:1a]

RSSI: -70 [da:ee:aa:ff:04:1b]

RSSI: -81 [da:ee:aa:ff:01:8c]

RSSI: -56 [da:ee:aa:ff:04:2a]

RSSI: -56 [da:ee:aa:ff:04:2a]

RSSI: -56 [da:ee:aa:ff:04:2a]

RSSI: -70 [da:ee:aa:ff:04:2b]

RSSI: -48 [da:ee:aa:ff:04:3a]

RSSI: -63 [da:ee:aa:ff:04:3b]

RSSI: -48 [da:ee:aa:ff:04:3a]

RSSI: -53 [da:ee:aa:ff:04:3b]

RSSI: -48 [da:ee:aa:ff:04:3a]

RSSI: -54 [da:ee:aa:ff:04:3b]

RSSI: -48 [da:ee:aa:ff:04:3a]

RSSI: -68 [da:ee:aa:ff:04:5b]

RSSI: -68 [da:ee:aa:ff:04:5b]

RSSI: -56 [da:ee:aa:ff:04:7a]

RSSI: -70 [da:ee:aa:ff:04:6b]

RSSI: -65 [da:ee:aa:ff:02:1c]

RSSI: -70 [da:ee:aa:ff:04:6b]

RSSI: -56 [da:ee:aa:ff:04:9a]

RSSI: -70 [da:ee:aa:ff:04:6b]

RSSI: -55 [da:ee:aa:ff:04:9a]

RSSI: -70 [da:ee:aa:ff:04:6b]

RSSI: -55 [da:ee:aa:ff:04:9a]

RSSI: -48 [da:ee:aa:ff:04:ba]

RSSI: -48 [da:ee:aa:ff:04:ba]

RSSI: -74 [da:ee:aa:ff:02:4c]

RSSI: -48 [da:ee:aa:ff:04:ba]

RSSI: -70 [da:ee:aa:ff:04:ab]

RSSI: -74 [da:ee:aa:ff:02:4c]

RSSI: -48 [da:ee:aa:ff:04:ba]

RSSI: -70 [da:ee:aa:ff:04:ab]

RSSI: -74 [da:ee:aa:ff:02:4c]

RSSI: -48 [da:ee:aa:ff:04:ba]

RSSI: -70 [da:ee:aa:ff:04:ab]

RSSI: -68 [da:ee:aa:ff:04:bb]

RSSI: -51 [da:ee:aa:ff:04:ea]

RSSI: -68 [da:ee:aa:ff:04:bb]

RSSI: -51 [da:ee:aa:ff:04:ea]

RSSI: -68 [da:ee:aa:ff:04:bb]

RSSI: -51 [da:ee:aa:ff:04:ea]

RSSI: -68 [da:ee:aa:ff:04:bb]

RSSI: -51 [da:ee:aa:ff:04:ea]

RSSI: -68 [da:ee:aa:ff:04:bb]

RSSI: -80 [da:ee:aa:ff:02:7c]

RSSI: -54 [da:ee:aa:ff:05:0a]

RSSI: -79 [da:ee:aa:ff:02:7c]

RSSI: -54 [da:ee:aa:ff:05:0a]

RSSI: -69 [da:ee:aa:ff:04:db]

RSSI: -69 [da:ee:aa:ff:04:db]

RSSI: -78 [da:ee:aa:ff:02:7c]

RSSI: -54 [da:ee:aa:ff:05:1a]

RSSI: -69 [da:ee:aa:ff:04:db]

RSSI: -79 [da:ee:aa:ff:02:7c]

RSSI: -54 [da:ee:aa:ff:05:1a]

RSSI: -47 [da:ee:aa:ff:05:3a]

RSSI: -68 [da:ee:aa:ff:04:fb]

RSSI: -47 [da:ee:aa:ff:05:3a]

RSSI: -69 [da:ee:aa:ff:04:fb]

RSSI: -74 [da:ee:aa:ff:02:8c]

RSSI: -47 [da:ee:aa:ff:05:3a]

RSSI: -69 [da:ee:aa:ff:04:fb]

RSSI: -47 [da:ee:aa:ff:05:3a]

RSSI: -70 [da:ee:aa:ff:04:fb]

RSSI: -75 [da:ee:aa:ff:02:9c]

RSSI: -47 [da:ee:aa:ff:05:3a]

RSSI: -69 [da:ee:aa:ff:04:fb]

RSSI: -68 [da:ee:aa:ff:05:2b]

RSSI: -57 [da:ee:aa:ff:05:2b]

RSSI: -68 [da:ee:aa:ff:05:3b]

RSSI: -53 [da:ee:aa:ff:05:7a]

RSSI: -79 [da:ee:aa:ff:02:ec]

RSSI: -53 [da:ee:aa:ff:05:7a]

RSSI: -79 [da:ee:aa:ff:02:ec]

RSSI: -69 [da:ee:aa:ff:05:3b]

RSSI: -80 [da:ee:aa:ff:02:ec]

RSSI: -53 [da:ee:aa:ff:05:8a]

RSSI: -47 [da:ee:aa:ff:05:9a]

RSSI: -58 [da:ee:aa:ff:02:fc]

RSSI: -68 [da:ee:aa:ff:05:7b]

RSSI: -47 [da:ee:aa:ff:05:9a]

RSSI: -70 [da:ee:aa:ff:02:fc]

RSSI: -68 [da:ee:aa:ff:05:7b]

RSSI: -47 [da:ee:aa:ff:05:9a]

RSSI: -68 [da:ee:aa:ff:05:7b]

RSSI: -47 [da:ee:aa:ff:05:9a]

RSSI: -68 [da:ee:aa:ff:05:7b]

RSSI: -47 [da:ee:aa:ff:05:9a]

RSSI: -69 [da:ee:aa:ff:05:9b]

RSSI: -85 [da:ee:aa:ff:03:1c]

RSSI: -50 [da:ee:aa:ff:05:ca]

RSSI: -85 [da:ee:aa:ff:03:1c]

RSSI: -50 [da:ee:aa:ff:05:ca]

RSSI: -85 [da:ee:aa:ff:03:1c]

RSSI: -50 [da:ee:aa:ff:05:ca]

RSSI: -82 [da:ee:aa:ff:03:3c]

RSSI: -53 [da:ee:aa:ff:05:ea]

RSSI: -69 [da:ee:aa:ff:05:bb]

RSSI: -81 [da:ee:aa:ff:03:3c]

RSSI: -53 [da:ee:aa:ff:05:ea]

RSSI: -69 [da:ee:aa:ff:05:bb]

RSSI: -53 [da:ee:aa:ff:05:ea]

RSSI: -69 [da:ee:aa:ff:05:bb]

RSSI: -69 [da:ee:aa:ff:05:bb]

RSSI: -81 [da:ee:aa:ff:03:4c]

RSSI: -74 [da:ee:aa:ff:03:6c]

RSSI: -47 [da:ee:aa:ff:06:0a]

RSSI: -74 [da:ee:aa:ff:03:6c]

RSSI: -47 [da:ee:aa:ff:06:0a]

RSSI: -74 [da:ee:aa:ff:03:6c]

RSSI: -47 [da:ee:aa:ff:06:0a]

RSSI: -74 [da:ee:aa:ff:03:6c]

RSSI: -47 [da:ee:aa:ff:06:0a]

RSSI: -74 [da:ee:aa:ff:03:6c]

RSSI: -47 [da:ee:aa:ff:06:0a]

RSSI: -69 [da:ee:aa:ff:06:0b]

RSSI: -50 [da:ee:aa:ff:06:2a]

RSSI: -50 [da:ee:aa:ff:06:2a]

RSSI: -82 [da:ee:aa:ff:03:ac]

RSSI: -50 [da:ee:aa:ff:06:2a]

RSSI: -82 [da:ee:aa:ff:03:ac]

RSSI: -50 [da:ee:aa:ff:06:2a]

RSSI: -82 [da:ee:aa:ff:03:ac]

RSSI: -52 [da:ee:aa:ff:06:6a]

RSSI: -68 [da:ee:aa:ff:06:1b]

RSSI: -68 [da:ee:aa:ff:06:1b]

RSSI: -45 [da:ee:aa:ff:06:6a]

RSSI: -49 [da:ee:aa:ff:06:6a]

RSSI: -75 [da:ee:aa:ff:03:fc]

RSSI: -47 [da:ee:aa:ff:06:7a]

RSSI: -74 [da:ee:aa:ff:03:fc]

RSSI: -47 [da:ee:aa:ff:06:7a]

RSSI: -68 [da:ee:aa:ff:06:5b]

RSSI: -74 [da:ee:aa:ff:03:fc]

RSSI: -57 [da:ee:aa:ff:06:5b]

RSSI: -74 [da:ee:aa:ff:03:fc]

RSSI: -51 [da:ee:aa:ff:06:5b]

RSSI: -74 [da:ee:aa:ff:03:fc]

RSSI: -67 [da:ee:aa:ff:06:5b]

RSSI: -69 [da:ee:aa:ff:06:9b]

RSSI: -82 [da:ee:aa:ff:04:4c]

RSSI: -53 [da:ee:aa:ff:06:ca]

RSSI: -53 [da:ee:aa:ff:06:ca]

RSSI: -81 [da:ee:aa:ff:04:4c]

RSSI: -53 [da:ee:aa:ff:06:ca]

RSSI: -82 [da:ee:aa:ff:04:4c]

RSSI: -53 [da:ee:aa:ff:06:ca]

RSSI: -81 [da:ee:aa:ff:04:4c]

RSSI: -53 [da:ee:aa:ff:06:ca]

RSSI: -68 [da:ee:aa:ff:06:db]

RSSI: -73 [da:ee:aa:ff:04:5c]

RSSI: -68 [da:ee:aa:ff:06:db]

RSSI: -48 [da:ee:aa:ff:06:ea]

RSSI: -48 [da:ee:aa:ff:06:ea]

RSSI: -73 [da:ee:aa:ff:04:6c]

RSSI: -68 [da:ee:aa:ff:06:fb]

RSSI: -74 [da:ee:aa:ff:04:6c]

RSSI: -73 [da:ee:aa:ff:04:6c]

RSSI: -49 [da:ee:aa:ff:07:1a]

RSSI: -83 [da:ee:aa:ff:04:8c]

RSSI: -50 [da:ee:aa:ff:07:1a]

RSSI: -83 [da:ee:aa:ff:04:8c]

RSSI: -50 [da:ee:aa:ff:07:1a]

RSSI: -83 [da:ee:aa:ff:04:8c]

RSSI: -49 [da:ee:aa:ff:07:1a]

RSSI: -68 [da:ee:aa:ff:07:2b]

RSSI: -82 [da:ee:aa:ff:04:bc]

RSSI: -52 [da:ee:aa:ff:07:4a]

RSSI: -81 [da:ee:aa:ff:04:bc]

RSSI: -52 [da:ee:aa:ff:07:4a]

RSSI: -53 [da:ee:aa:ff:07:4a]

RSSI: -82 [da:ee:aa:ff:04:bc]

RSSI: -53 [da:ee:aa:ff:07:4a]

RSSI: -82 [da:ee:aa:ff:04:bc]

RSSI: -73 [da:ee:aa:ff:04:cc]

RSSI: -41 [da:ee:aa:ff:07:6a]

RSSI: -73 [da:ee:aa:ff:04:cc]

RSSI: -45 [da:ee:aa:ff:07:6a]

RSSI: -68 [da:ee:aa:ff:07:5b]

RSSI: -73 [da:ee:aa:ff:04:ec]

RSSI: -49 [da:ee:aa:ff:07:9a]

RSSI: -50 [da:ee:aa:ff:07:9a]

RSSI: -89 [da:ee:aa:ff:04:fc]

RSSI: -90 [da:ee:aa:ff:04:fc]

RSSI: -68 [da:ee:aa:ff:07:ab]

RSSI: -79 [da:ee:aa:ff:05:1c]

RSSI: -68 [da:ee:aa:ff:07:ab]

RSSI: -53 [da:ee:aa:ff:07:ba]

RSSI: -53 [da:ee:aa:ff:07:ba]

RSSI: -73 [da:ee:aa:ff:05:3c]

RSSI: -47 [da:ee:aa:ff:07:da]

RSSI: -68 [da:ee:aa:ff:07:eb]

RSSI: -76 [da:ee:aa:ff:07:eb]

RSSI: -48 [da:ee:aa:ff:07:da]

RSSI: -74 [da:ee:aa:ff:05:3c]

RSSI: -68 [da:ee:aa:ff:07:eb]

RSSI: -68 [da:ee:aa:ff:07:fb]

RSSI: -50 [da:ee:aa:ff:08:0a]

RSSI: -68 [da:ee:aa:ff:07:fb]

RSSI: -50 [da:ee:aa:ff:08:0a]

RSSI: -88 [da:ee:aa:ff:05:7c]

RSSI: -69 [da:ee:aa:ff:07:fb]

RSSI: -49 [da:ee:aa:ff:08:0a]

RSSI: -69 [da:ee:aa:ff:07:fb]

RSSI: -50 [da:ee:aa:ff:08:0a]

RSSI: -88 [da:ee:aa:ff:05:7c]

RSSI: -50 [da:ee:aa:ff:08:0a]

RSSI: -52 [da:ee:aa:ff:08:2a]

RSSI: -79 [da:ee:aa:ff:05:8c]

RSSI: -52 [da:ee:aa:ff:08:2a]

RSSI: -79 [da:ee:aa:ff:05:8c]

RSSI: -80 [da:ee:aa:ff:05:8c]

RSSI: -68 [da:ee:aa:ff:08:3b]

RSSI: -52 [da:ee:aa:ff:08:3a]

RSSI: -67 [da:ee:aa:ff:08:3b]

RSSI: -52 [da:ee:aa:ff:08:3a]

RSSI: -73 [da:ee:aa:ff:05:bc]

RSSI: -69 [da:ee:aa:ff:08:4b]

RSSI: -48 [da:ee:aa:ff:08:4a]

RSSI: -73 [da:ee:aa:ff:05:bc]

RSSI: -69 [da:ee:aa:ff:08:4b]

RSSI: -48 [da:ee:aa:ff:08:4a]

RSSI: -73 [da:ee:aa:ff:05:bc]

RSSI: -69 [da:ee:aa:ff:08:4b]

RSSI: -48 [da:ee:aa:ff:08:4a]

RSSI: -73 [da:ee:aa:ff:05:bc]

RSSI: -48 [da:ee:aa:ff:08:4a]

RSSI: -74 [da:ee:aa:ff:05:bc]

RSSI: -86 [da:ee:aa:ff:05:dc]

RSSI: -68 [da:ee:aa:ff:08:8b]

RSSI: -68 [da:ee:aa:ff:08:8b]

RSSI: -71 [da:ee:aa:ff:08:8b]

RSSI: -87 [da:ee:aa:ff:05:fc]

RSSI: -68 [da:ee:aa:ff:08:8b]

RSSI: -80 [da:ee:aa:ff:06:0c]

RSSI: -79 [da:ee:aa:ff:06:0c]

RSSI: -52 [da:ee:aa:ff:08:7a]

RSSI: -66 [da:ee:aa:ff:08:9b]

RSSI: -52 [da:ee:aa:ff:08:9a]

RSSI: -79 [da:ee:aa:ff:06:0c]

RSSI: -67 [da:ee:aa:ff:08:bb]

RSSI: -70 [da:ee:aa:ff:08:cb]

RSSI: -48 [da:ee:aa:ff:08:aa]

RSSI: -70 [da:ee:aa:ff:08:cb]

RSSI: -70 [da:ee:aa:ff:08:cb]

RSSI: -70 [da:ee:aa:ff:08:cb]

RSSI: -70 [da:ee:aa:ff:08:cb]

RSSI: -68 [da:ee:aa:ff:08:eb]

RSSI: -51 [da:ee:aa:ff:08:ca]

RSSI: -51 [da:ee:aa:ff:08:ca]

RSSI: -51 [da:ee:aa:ff:08:ca]

RSSI: -67 [da:ee:aa:ff:09:0b]

RSSI: -67 [da:ee:aa:ff:09:2b]

RSSI: -53 [da:ee:aa:ff:08:ea]

RSSI: -67 [da:ee:aa:ff:09:2b]

RSSI: -53 [da:ee:aa:ff:08:ea]

RSSI: -67 [da:ee:aa:ff:09:2b]

RSSI: -53 [da:ee:aa:ff:08:ea]

RSSI: -67 [da:ee:aa:ff:09:2b]

RSSI: -79 [da:ee:aa:ff:06:7c]

RSSI: -67 [da:ee:aa:ff:09:2b]

RSSI: -73 [da:ee:aa:ff:06:8c]

RSSI: -48 [da:ee:aa:ff:09:0a]

RSSI: -48 [da:ee:aa:ff:09:0a]

RSSI: -70 [da:ee:aa:ff:09:5b]

RSSI: -48 [da:ee:aa:ff:09:0a]

RSSI: -51 [da:ee:aa:ff:09:1a]

RSSI: -67 [da:ee:aa:ff:09:7b]

RSSI: -67 [da:ee:aa:ff:09:7b]

RSSI: -68 [da:ee:aa:ff:09:7b]

RSSI: -67 [da:ee:aa:ff:09:7b]

RSSI: -68 [da:ee:aa:ff:09:9b]

RSSI: -45 [da:ee:aa:ff:09:5a]

RSSI: -80 [da:ee:aa:ff:06:fc]

RSSI: -68 [da:ee:aa:ff:09:9b]

RSSI: -52 [da:ee:aa:ff:09:5a]

RSSI: -53 [da:ee:aa:ff:09:5a]

RSSI: -68 [da:ee:aa:ff:09:bb]

RSSI: -53 [da:ee:aa:ff:09:5a]

RSSI: -68 [da:ee:aa:ff:09:bb]

RSSI: -80 [da:ee:aa:ff:06:fc]

RSSI: -48 [da:ee:aa:ff:09:8a]

RSSI: -74 [da:ee:aa:ff:07:1c]

RSSI: -71 [da:ee:aa:ff:09:db]

RSSI: -48 [da:ee:aa:ff:09:8a]

RSSI: -74 [da:ee:aa:ff:07:1c]

RSSI: -53 [da:ee:aa:ff:09:db]

RSSI: -48 [da:ee:aa:ff:09:8a]

RSSI: -75 [da:ee:aa:ff:07:1c]

RSSI: -61 [da:ee:aa:ff:09:db]

RSSI: -48 [da:ee:aa:ff:09:8a]

RSSI: -48 [da:ee:aa:ff:09:8a]

RSSI: -67 [da:ee:aa:ff:09:eb]

RSSI: -52 [da:ee:aa:ff:09:9a]

RSSI: -52 [da:ee:aa:ff:09:9a]

RSSI: -84 [da:ee:aa:ff:07:4c]

RSSI: -52 [da:ee:aa:ff:09:aa]

RSSI: -67 [da:ee:aa:ff:0a:0b]

RSSI: -68 [da:ee:aa:ff:0a:2b]

RSSI: -68 [da:ee:aa:ff:0a:2b]

RSSI: -54 [da:ee:aa:ff:09:ba]

RSSI: -68 [da:ee:aa:ff:0a:2b]

RSSI: -54 [da:ee:aa:ff:09:ba]

RSSI: -54 [da:ee:aa:ff:09:ba]

RSSI: -54 [da:ee:aa:ff:09:ba]

RSSI: -76 [da:ee:aa:ff:07:8c]

RSSI: -70 [da:ee:aa:ff:0a:3b]

RSSI: -48 [da:ee:aa:ff:09:fa]

RSSI: -48 [da:ee:aa:ff:09:fa]

RSSI: -48 [da:ee:aa:ff:09:fa]

RSSI: -70 [da:ee:aa:ff:0a:4b]

RSSI: -48 [da:ee:aa:ff:09:fa]

RSSI: -69 [da:ee:aa:ff:0a:4b]

RSSI: -69 [da:ee:aa:ff:0a:6b]

RSSI: -51 [da:ee:aa:ff:0a:0a]

RSSI: -68 [da:ee:aa:ff:0a:6b]

RSSI: -51 [da:ee:aa:ff:0a:0a]

RSSI: -68 [da:ee:aa:ff:0a:6b]

RSSI: -88 [da:ee:aa:ff:07:bc]

RSSI: -68 [da:ee:aa:ff:0a:6b]

RSSI: -51 [da:ee:aa:ff:0a:2a]

RSSI: -68 [da:ee:aa:ff:0a:7b]

RSSI: -45 [da:ee:aa:ff:0a:4a]

RSSI: -82 [da:ee:aa:ff:07:cc]

RSSI: -41 [da:ee:aa:ff:0a:4a]

RSSI: -68 [da:ee:aa:ff:0a:9b]

RSSI: -82 [da:ee:aa:ff:07:cc]

RSSI: -41 [da:ee:aa:ff:0a:4a]

RSSI: -68 [da:ee:aa:ff:0a:9b]

RSSI: -81 [da:ee:aa:ff:07:cc]

RSSI: -41 [da:ee:aa:ff:0a:4a]

RSSI: -68 [da:ee:aa:ff:0a:9b]

RSSI: -47 [da:ee:aa:ff:0a:4a]

RSSI: -68 [da:ee:aa:ff:0a:9b]

RSSI: -48 [da:ee:aa:ff:0a:6a]

RSSI: -69 [da:ee:aa:ff:0a:bb]

RSSI: -48 [da:ee:aa:ff:0a:6a]

RSSI: -69 [da:ee:aa:ff:0a:bb]

RSSI: -51 [da:ee:aa:ff:0a:7a]

RSSI: -87 [da:ee:aa:ff:08:1c]

RSSI: -51 [da:ee:aa:ff:0a:7a]

RSSI: -69 [da:ee:aa:ff:0a:db]

RSSI: -51 [da:ee:aa:ff:0a:7a]

RSSI: -51 [da:ee:aa:ff:0a:db]

RSSI: -53 [da:ee:aa:ff:0a:9a]

RSSI: -68 [da:ee:aa:ff:0a:fb]

RSSI: -84 [da:ee:aa:ff:08:3c]

RSSI: -53 [da:ee:aa:ff:0a:9a]

RSSI: -68 [da:ee:aa:ff:0a:fb]

RSSI: -84 [da:ee:aa:ff:08:3c]

RSSI: -53 [da:ee:aa:ff:0a:9a]

RSSI: -68 [da:ee:aa:ff:0a:fb]

RSSI: -84 [da:ee:aa:ff:08:3c]

RSSI: -53 [da:ee:aa:ff:0a:9a]

RSSI: -48 [da:ee:aa:ff:0a:aa]

RSSI: -69 [da:ee:aa:ff:0b:2b]

RSSI: -75 [da:ee:aa:ff:08:6c]

RSSI: -69 [da:ee:aa:ff:0b:2b]

RSSI: -74 [da:ee:aa:ff:08:6c]

RSSI: -48 [da:ee:aa:ff:0a:ca]

RSSI: -69 [da:ee:aa:ff:0b:2b]

RSSI: -48 [da:ee:aa:ff:0a:ca]

RSSI: -69 [da:ee:aa:ff:0b:2b]

RSSI: -75 [da:ee:aa:ff:08:6c]

RSSI: -50 [da:ee:aa:ff:0a:ea]

RSSI: -68 [da:ee:aa:ff:0b:4b]

RSSI: -50 [da:ee:aa:ff:0a:ea]

RSSI: -85 [da:ee:aa:ff:08:7c]

RSSI: -70 [da:ee:aa:ff:0b:4b]

RSSI: -50 [da:ee:aa:ff:0a:ea]

RSSI: -84 [da:ee:aa:ff:08:7c]

RSSI: -69 [da:ee:aa:ff:0b:4b]

RSSI: -50 [da:ee:aa:ff:0a:ea]

RSSI: -50 [da:ee:aa:ff:0a:ea]

RSSI: -52 [da:ee:aa:ff:0b:1a]

RSSI: -68 [da:ee:aa:ff:0b:7b]

RSSI: -53 [da:ee:aa:ff:0b:1a]

RSSI: -68 [da:ee:aa:ff:0b:7b]

RSSI: -85 [da:ee:aa:ff:08:9c]

RSSI: -53 [da:ee:aa:ff:0b:1a]

RSSI: -68 [da:ee:aa:ff:0b:7b]

RSSI: -52 [da:ee:aa:ff:0b:1a]

RSSI: -68 [da:ee:aa:ff:0b:7b]

RSSI: -52 [da:ee:aa:ff:0b:1a]

RSSI: -68 [da:ee:aa:ff:0b:7b]

RSSI: -69 [da:ee:aa:ff:0b:8b]

RSSI: -69 [da:ee:aa:ff:0b:8b]

RSSI: -48 [da:ee:aa:ff:0b:3a]

RSSI: -69 [da:ee:aa:ff:0b:8b]

RSSI: -69 [da:ee:aa:ff:0b:8b]

RSSI: -48 [da:ee:aa:ff:0b:4a]

RSSI: -75 [da:ee:aa:ff:08:dc]

RSSI: -50 [da:ee:aa:ff:0b:5a]

RSSI: -50 [da:ee:aa:ff:0b:5a]

RSSI: -50 [da:ee:aa:ff:0b:5a]

RSSI: -50 [da:ee:aa:ff:0b:5a]

RSSI: -50 [da:ee:aa:ff:0b:5a]

RSSI: -68 [da:ee:aa:ff:0b:db]

RSSI: -52 [da:ee:aa:ff:0b:8a]

RSSI: -68 [da:ee:aa:ff:0b:db]

RSSI: -52 [da:ee:aa:ff:0b:8a]

RSSI: -68 [da:ee:aa:ff:0b:db]

RSSI: -52 [da:ee:aa:ff:0b:8a]

RSSI: -52 [da:ee:aa:ff:0b:8a]

RSSI: -73 [da:ee:aa:ff:09:3c]

RSSI: -48 [da:ee:aa:ff:0b:9a]

RSSI: -60 [da:ee:aa:ff:09:3c]

RSSI: -74 [da:ee:aa:ff:09:3c]

RSSI: -75 [da:ee:aa:ff:09:3c]

RSSI: -69 [da:ee:aa:ff:0c:0b]

RSSI: -75 [da:ee:aa:ff:09:3c]

RSSI: -47 [da:ee:aa:ff:0b:ba]

RSSI: -50 [da:ee:aa:ff:0b:da]

RSSI: -68 [da:ee:aa:ff:0c:2b]

RSSI: -82 [da:ee:aa:ff:09:5c]

RSSI: -50 [da:ee:aa:ff:0b:da]

RSSI: -68 [da:ee:aa:ff:0c:2b]

RSSI: -83 [da:ee:aa:ff:09:5c]

RSSI: -50 [da:ee:aa:ff:0b:da]

RSSI: -83 [da:ee:aa:ff:09:5c]

RSSI: -50 [da:ee:aa:ff:0b:da]

RSSI: -83 [da:ee:aa:ff:09:5c]

RSSI: -50 [da:ee:aa:ff:0b:da]

RSSI: -68 [da:ee:aa:ff:0c:5b]

RSSI: -53 [da:ee:aa:ff:0c:0a]

RSSI: -68 [da:ee:aa:ff:0c:5b]

RSSI: -83 [da:ee:aa:ff:09:6c]

RSSI: -53 [da:ee:aa:ff:0c:0a]

RSSI: -68 [da:ee:aa:ff:0c:5b]

RSSI: -53 [da:ee:aa:ff:0c:0a]

RSSI: -68 [da:ee:aa:ff:0c:5b]

RSSI: -53 [da:ee:aa:ff:0c:0a]

RSSI: -74 [da:ee:aa:ff:09:9c]

RSSI: -48 [da:ee:aa:ff:0c:1a]

RSSI: -74 [da:ee:aa:ff:09:9c]

RSSI: -48 [da:ee:aa:ff:0c:1a]

RSSI: -70 [da:ee:aa:ff:0c:7b]

RSSI: -74 [da:ee:aa:ff:09:9c]

RSSI: -48 [da:ee:aa:ff:0c:1a]

RSSI: -75 [da:ee:aa:ff:09:9c]

RSSI: -48 [da:ee:aa:ff:0c:1a]

RSSI: -75 [da:ee:aa:ff:09:9c]

RSSI: -80 [da:ee:aa:ff:09:ac]

RSSI: -69 [da:ee:aa:ff:0c:ab]

RSSI: -82 [da:ee:aa:ff:09:bc]

RSSI: -69 [da:ee:aa:ff:0c:ab]

RSSI: -69 [da:ee:aa:ff:0c:ab]

RSSI: -53 [da:ee:aa:ff:0c:5a]

RSSI: -53 [da:ee:aa:ff:0c:7a]

RSSI: -53 [da:ee:aa:ff:0c:7a]

RSSI: -48 [da:ee:aa:ff:0c:9a]

RSSI: -70 [da:ee:aa:ff:0c:fb]

RSSI: -73 [da:ee:aa:ff:0a:0c]

RSSI: -48 [da:ee:aa:ff:0c:9a]

RSSI: -61 [da:ee:aa:ff:0a:0c]

RSSI: -48 [da:ee:aa:ff:0c:9a]

RSSI: -70 [da:ee:aa:ff:0c:fb]

RSSI: -66 [da:ee:aa:ff:0a:0c]

RSSI: -48 [da:ee:aa:ff:0c:9a]

RSSI: -70 [da:ee:aa:ff:0c:fb]

RSSI: -48 [da:ee:aa:ff:0c:9a]

RSSI: -70 [da:ee:aa:ff:0c:fb]

RSSI: -59 [da:ee:aa:ff:0d:1b]

RSSI: -50 [da:ee:aa:ff:0c:ba]

RSSI: -51 [da:ee:aa:ff:0c:ba]

RSSI: -50 [da:ee:aa:ff:0c:ba]

RSSI: -50 [da:ee:aa:ff:0c:ba]

RSSI: -68 [da:ee:aa:ff:0d:2b]

RSSI: -81 [da:ee:aa:ff:0a:3c]

RSSI: -53 [da:ee:aa:ff:0c:ca]

RSSI: -68 [da:ee:aa:ff:0d:4b]

RSSI: -53 [da:ee:aa:ff:0c:ca]

RSSI: -68 [da:ee:aa:ff:0d:4b]

RSSI: -68 [da:ee:aa:ff:0d:4b]

RSSI: -53 [da:ee:aa:ff:0c:ea]

RSSI: -53 [da:ee:aa:ff:0c:ea]

RSSI: -76 [da:ee:aa:ff:0a:6c]

RSSI: -48 [da:ee:aa:ff:0d:0a]

RSSI: -70 [da:ee:aa:ff:0d:6b]

RSSI: -48 [da:ee:aa:ff:0d:0a]

RSSI: -70 [da:ee:aa:ff:0d:6b]

RSSI: -48 [da:ee:aa:ff:0d:0a]

RSSI: -76 [da:ee:aa:ff:0a:8c]

RSSI: -70 [da:ee:aa:ff:0d:6b]

RSSI: -48 [da:ee:aa:ff:0d:0a]

RSSI: -75 [da:ee:aa:ff:0a:8c]

RSSI: -70 [da:ee:aa:ff:0d:6b]

RSSI: -48 [da:ee:aa:ff:0d:0a]

RSSI: -75 [da:ee:aa:ff:0a:8c]

RSSI: -79 [da:ee:aa:ff:0d:9b]

RSSI: -82 [da:ee:aa:ff:0a:ac]

RSSI: -70 [da:ee:aa:ff:0d:9b]

RSSI: -69 [da:ee:aa:ff:0d:9b]

RSSI: -69 [da:ee:aa:ff:0d:bb]

RSSI: -81 [da:ee:aa:ff:0a:dc]

RSSI: -54 [da:ee:aa:ff:0d:5a]

RSSI: -69 [da:ee:aa:ff:0d:bb]

RSSI: -54 [da:ee:aa:ff:0d:5a]

RSSI: -68 [da:ee:aa:ff:0d:bb]

RSSI: -82 [da:ee:aa:ff:0a:dc]

RSSI: -54 [da:ee:aa:ff:0d:5a]

RSSI: -69 [da:ee:aa:ff:0d:bb]

RSSI: -54 [da:ee:aa:ff:0d:7a]

RSSI: -82 [da:ee:aa:ff:0a:dc]

RSSI: -48 [da:ee:aa:ff:0d:8a]

RSSI: -70 [da:ee:aa:ff:0d:db]

RSSI: -76 [da:ee:aa:ff:0a:fc]

RSSI: -48 [da:ee:aa:ff:0d:8a]

RSSI: -70 [da:ee:aa:ff:0d:db]

RSSI: -75 [da:ee:aa:ff:0a:fc]

RSSI: -48 [da:ee:aa:ff:0d:8a]

RSSI: -70 [da:ee:aa:ff:0d:db]

RSSI: -76 [da:ee:aa:ff:0a:fc]

RSSI: -48 [da:ee:aa:ff:0d:8a]

RSSI: -70 [da:ee:aa:ff:0d:db]

RSSI: -48 [da:ee:aa:ff:0d:8a]

RSSI: -71 [da:ee:aa:ff:0d:db]

RSSI: -50 [da:ee:aa:ff:0d:9a]

RSSI: -69 [da:ee:aa:ff:0d:fb]

RSSI: -69 [da:ee:aa:ff:0d:fb]

RSSI: -70 [da:ee:aa:ff:0b:2c]

RSSI: -68 [da:ee:aa:ff:0d:fb]

RSSI: -49 [da:ee:aa:ff:0d:aa]

RSSI: -49 [da:ee:aa:ff:0d:aa]

RSSI: -75 [da:ee:aa:ff:0b:2c]

RSSI: -51 [da:ee:aa:ff:0e:2b]

RSSI: -52 [da:ee:aa:ff:0e:2b]

RSSI: -81 [da:ee:aa:ff:0b:5c]

RSSI: -52 [da:ee:aa:ff:0e:2b]

RSSI: -87 [da:ee:aa:ff:0b:5c]

RSSI: -62 [da:ee:aa:ff:0e:2b]

RSSI: -70 [da:ee:aa:ff:0e:3b]

RSSI: -48 [da:ee:aa:ff:0d:fa]

RSSI: -70 [da:ee:aa:ff:0e:4b]

RSSI: -48 [da:ee:aa:ff:0d:fa]

RSSI: -48 [da:ee:aa:ff:0d:fa]

RSSI: -48 [da:ee:aa:ff:0d:fa]

RSSI: -49 [da:ee:aa:ff:0e:1a]

RSSI: -69 [da:ee:aa:ff:0e:5b]

RSSI: -69 [da:ee:aa:ff:0e:5b]

RSSI: -87 [da:ee:aa:ff:0b:ac]

RSSI: -49 [da:ee:aa:ff:0e:3a]

RSSI: -70 [da:ee:aa:ff:0e:8b]

RSSI: -51 [da:ee:aa:ff:0e:4a]

RSSI: -70 [da:ee:aa:ff:0e:8b]

RSSI: -90 [da:ee:aa:ff:0b:cc]

RSSI: -70 [da:ee:aa:ff:0e:8b]

RSSI: -75 [da:ee:aa:ff:0b:ec]

RSSI: -48 [da:ee:aa:ff:0e:6a]

RSSI: -70 [da:ee:aa:ff:0e:bb]

RSSI: -75 [da:ee:aa:ff:0b:ec]

RSSI: -48 [da:ee:aa:ff:0e:6a]

RSSI: -70 [da:ee:aa:ff:0e:bb]

RSSI: -76 [da:ee:aa:ff:0b:ec]

RSSI: -48 [da:ee:aa:ff:0e:6a]

RSSI: -71 [da:ee:aa:ff:0e:bb]

RSSI: -75 [da:ee:aa:ff:0b:ec]

RSSI: -48 [da:ee:aa:ff:0e:6a]

RSSI: -70 [da:ee:aa:ff:0e:bb]

RSSI: -48 [da:ee:aa:ff:0e:7a]

RSSI: -68 [da:ee:aa:ff:0e:cb]

RSSI: -48 [da:ee:aa:ff:0e:7a]

RSSI: -68 [da:ee:aa:ff:0e:cb]

RSSI: -48 [da:ee:aa:ff:0e:7a]

RSSI: -86 [da:ee:aa:ff:0c:2c]

RSSI: -68 [da:ee:aa:ff:0e:db]

RSSI: -48 [da:ee:aa:ff:0e:9a]

RSSI: -51 [da:ee:aa:ff:0e:ba]

RSSI: -51 [da:ee:aa:ff:0e:ba]

RSSI: -51 [da:ee:aa:ff:0e:ba]

RSSI: -51 [da:ee:aa:ff:0e:ba]

RSSI: -48 [da:ee:aa:ff:0e:ca]

RSSI: -69 [da:ee:aa:ff:0f:0b]

RSSI: -75 [da:ee:aa:ff:0c:7c]

RSSI: -48 [da:ee:aa:ff:0e:ea]

RSSI: -64 [da:ee:aa:ff:0f:0b]

RSSI: -75 [da:ee:aa:ff:0c:7c]

RSSI: -48 [da:ee:aa:ff:0e:ea]

RSSI: -70 [da:ee:aa:ff:0f:0b]

RSSI: -75 [da:ee:aa:ff:0c:7c]

RSSI: -48 [da:ee:aa:ff:0e:ea]

RSSI: -58 [da:ee:aa:ff:0f:0b]

RSSI: -48 [da:ee:aa:ff:0f:0a]

RSSI: -85 [da:ee:aa:ff:0c:9c]

RSSI: -48 [da:ee:aa:ff:0f:0a]

RSSI: -67 [da:ee:aa:ff:0f:2b]

RSSI: -51 [da:ee:aa:ff:0f:4a]

RSSI: -68 [da:ee:aa:ff:0f:3b]

RSSI: -51 [da:ee:aa:ff:0f:4a]

RSSI: -69 [da:ee:aa:ff:0f:3b]

RSSI: -51 [da:ee:aa:ff:0f:4a]

RSSI: -68 [da:ee:aa:ff:0f:3b]

RSSI: -51 [da:ee:aa:ff:0f:4a]

RSSI: -74 [da:ee:aa:ff:0c:ec]

RSSI: -48 [da:ee:aa:ff:0f:5a]

RSSI: -70 [da:ee:aa:ff:0f:5b]

RSSI: -48 [da:ee:aa:ff:0f:5a]

RSSI: -69 [da:ee:aa:ff:0f:5b]

RSSI: -47 [da:ee:aa:ff:0f:7a]

RSSI: -69 [da:ee:aa:ff:0f:5b]

RSSI: -40 [da:ee:aa:ff:0f:7a]

RSSI: -69 [da:ee:aa:ff:0f:5b]

RSSI: -67 [da:ee:aa:ff:0f:6b]

RSSI: -48 [da:ee:aa:ff:0f:8a]

RSSI: -86 [da:ee:aa:ff:0d:2c]

RSSI: -68 [da:ee:aa:ff:0f:6b]

RSSI: -48 [da:ee:aa:ff:0f:8a]

RSSI: -48 [da:ee:aa:ff:0f:8a]

RSSI: -67 [da:ee:aa:ff:0f:7b]

RSSI: -81 [da:ee:aa:ff:0d:3c]

RSSI: -52 [da:ee:aa:ff:0f:aa]

RSSI: -68 [da:ee:aa:ff:0f:8b]

RSSI: -52 [da:ee:aa:ff:0f:aa]

RSSI: -68 [da:ee:aa:ff:0f:8b]

RSSI: -81 [da:ee:aa:ff:0d:4c]

RSSI: -52 [da:ee:aa:ff:0f:aa]

RSSI: -69 [da:ee:aa:ff:0f:8b]

RSSI: -52 [da:ee:aa:ff:0f:aa]

RSSI: -68 [da:ee:aa:ff:0f:8b]

RSSI: -80 [da:ee:aa:ff:0d:4c]

RSSI: -52 [da:ee:aa:ff:0f:aa]

RSSI: -68 [da:ee:aa:ff:0f:8b]

RSSI: -47 [da:ee:aa:ff:0f:ca]

RSSI: -47 [da:ee:aa:ff:0f:ca]

RSSI: -47 [da:ee:aa:ff:0f:ca]

RSSI: -52 [da:ee:aa:ff:0f:ab]

RSSI: -47 [da:ee:aa:ff:0f:ea]

RSSI: -67 [da:ee:aa:ff:0f:bb]

RSSI: -49 [da:ee:aa:ff:0f:fa]

RSSI: -68 [da:ee:aa:ff:0f:bb]

RSSI: -49 [da:ee:aa:ff:0f:fa]

RSSI: -85 [da:ee:aa:ff:0d:7c]

RSSI: -49 [da:ee:aa:ff:0f:fa]

RSSI: -84 [da:ee:aa:ff:0d:7c]

RSSI: -49 [da:ee:aa:ff:0f:fa]

RSSI: -85 [da:ee:aa:ff:0d:7c]

RSSI: -68 [da:ee:aa:ff:0f:cb]

RSSI: -49 [da:ee:aa:ff:0f:fa]

RSSI: -68 [da:ee:aa:ff:0f:db]

RSSI: -81 [da:ee:aa:ff:0d:8c]

RSSI: -52 [da:ee:aa:ff:10:2a]

RSSI: -68 [da:ee:aa:ff:0f:db]

RSSI: -80 [da:ee:aa:ff:0d:8c]

RSSI: -52 [da:ee:aa:ff:10:2a]

RSSI: -68 [da:ee:aa:ff:0f:db]

RSSI: -52 [da:ee:aa:ff:10:2a]

RSSI: -68 [da:ee:aa:ff:0f:db]

RSSI: -69 [da:ee:aa:ff:0f:db]

RSSI: -47 [da:ee:aa:ff:10:3a]

RSSI: -69 [da:ee:aa:ff:10:0b]

RSSI: -47 [da:ee:aa:ff:10:3a]

RSSI: -69 [da:ee:aa:ff:10:0b]

RSSI: -47 [da:ee:aa:ff:10:3a]

RSSI: -69 [da:ee:aa:ff:10:0b]

RSSI: -69 [da:ee:aa:ff:10:0b]

RSSI: -67 [da:ee:aa:ff:10:1b]

RSSI: -68 [da:ee:aa:ff:10:1b]

RSSI: -88 [da:ee:aa:ff:0d:dc]

RSSI: -42 [da:ee:aa:ff:10:6a]

RSSI: -87 [da:ee:aa:ff:0d:dc]

RSSI: -68 [da:ee:aa:ff:10:5b]

RSSI: -51 [da:ee:aa:ff:10:7a]

RSSI: -80 [da:ee:aa:ff:0d:fc]

RSSI: -80 [da:ee:aa:ff:0d:fc]

RSSI: -51 [da:ee:aa:ff:10:8a]

RSSI: -79 [da:ee:aa:ff:0d:fc]

RSSI: -50 [da:ee:aa:ff:10:8a]

RSSI: -80 [da:ee:aa:ff:0d:fc]

RSSI: -50 [da:ee:aa:ff:10:8a]

RSSI: -46 [da:ee:aa:ff:10:9a]

RSSI: -69 [da:ee:aa:ff:10:7b]

RSSI: -46 [da:ee:aa:ff:10:9a]

RSSI: -74 [da:ee:aa:ff:0e:1c]

RSSI: -69 [da:ee:aa:ff:10:7b]

RSSI: -46 [da:ee:aa:ff:10:9a]

RSSI: -75 [da:ee:aa:ff:0e:1c]

RSSI: -69 [da:ee:aa:ff:10:7b]

RSSI: -46 [da:ee:aa:ff:10:9a]

RSSI: -74 [da:ee:aa:ff:0e:1c]

RSSI: -69 [da:ee:aa:ff:10:7b]

RSSI: -46 [da:ee:aa:ff:10:9a]

RSSI: -74 [da:ee:aa:ff:0e:1c]

RSSI: -69 [da:ee:aa:ff:10:7b]

RSSI: -50 [da:ee:aa:ff:10:9b]

RSSI: -48 [da:ee:aa:ff:10:ca]

RSSI: -50 [da:ee:aa:ff:10:9b]

RSSI: -48 [da:ee:aa:ff:10:ca]

RSSI: -48 [da:ee:aa:ff:10:ca]

RSSI: -68 [da:ee:aa:ff:10:cb]

RSSI: -49 [da:ee:aa:ff:10:da]

RSSI: -68 [da:ee:aa:ff:10:cb]

RSSI: -50 [da:ee:aa:ff:10:da]

RSSI: -68 [da:ee:aa:ff:10:cb]

RSSI: -50 [da:ee:aa:ff:10:ea]

RSSI: -78 [da:ee:aa:ff:0e:6c]

RSSI: -50 [da:ee:aa:ff:10:ea]

RSSI: -78 [da:ee:aa:ff:0e:6c]

RSSI: -46 [da:ee:aa:ff:10:fa]

RSSI: -71 [da:ee:aa:ff:10:eb]

RSSI: -75 [da:ee:aa:ff:0e:8c]

RSSI: -46 [da:ee:aa:ff:10:fa]

RSSI: -71 [da:ee:aa:ff:10:eb]

RSSI: -46 [da:ee:aa:ff:10:fa]

RSSI: -71 [da:ee:aa:ff:10:eb]

RSSI: -46 [da:ee:aa:ff:10:fa]

RSSI: -71 [da:ee:aa:ff:10:eb]

RSSI: -68 [da:ee:aa:ff:10:fb]

RSSI: -68 [da:ee:aa:ff:10:fb]

RSSI: -87 [da:ee:aa:ff:0e:ac]

RSSI: -94 [da:ee:aa:ff:0e:ac]

RSSI: -69 [da:ee:aa:ff:11:2b]

RSSI: -51 [da:ee:aa:ff:11:3a]

RSSI: -51 [da:ee:aa:ff:11:3a]

RSSI: -51 [da:ee:aa:ff:11:3a]

RSSI: -51 [da:ee:aa:ff:11:4a]

RSSI: -47 [da:ee:aa:ff:11:6a]

RSSI: -71 [da:ee:aa:ff:11:5b]

RSSI: -46 [da:ee:aa:ff:11:6a]

RSSI: -71 [da:ee:aa:ff:11:5b]

RSSI: -47 [da:ee:aa:ff:11:6a]

RSSI: -71 [da:ee:aa:ff:11:5b]

RSSI: -87 [da:ee:aa:ff:0f:2c]

RSSI: -68 [da:ee:aa:ff:11:7b]

RSSI: -85 [da:ee:aa:ff:0f:2c]

RSSI: -86 [da:ee:aa:ff:0f:2c]

RSSI: -48 [da:ee:aa:ff:11:aa]

RSSI: -86 [da:ee:aa:ff:0f:2c]

RSSI: -64 [da:ee:aa:ff:11:8b]

RSSI: -48 [da:ee:aa:ff:11:aa]

RSSI: -59 [da:ee:aa:ff:11:8b]

RSSI: -51 [da:ee:aa:ff:11:ba]

RSSI: -76 [da:ee:aa:ff:0f:3c]

RSSI: -68 [da:ee:aa:ff:11:9b]

RSSI: -51 [da:ee:aa:ff:11:ba]

RSSI: -79 [da:ee:aa:ff:0f:3c]

RSSI: -69 [da:ee:aa:ff:11:9b]

RSSI: -51 [da:ee:aa:ff:11:ba]

RSSI: -69 [da:ee:aa:ff:11:9b]

RSSI: -77 [da:ee:aa:ff:0f:5c]

RSSI: -51 [da:ee:aa:ff:11:ba]

RSSI: -77 [da:ee:aa:ff:0f:5c]

RSSI: -48 [da:ee:aa:ff:11:ea]

RSSI: -48 [da:ee:aa:ff:11:fa]

RSSI: -83 [da:ee:aa:ff:0f:ac]

RSSI: -68 [da:ee:aa:ff:11:eb]

RSSI: -48 [da:ee:aa:ff:11:fa]

RSSI: -79 [da:ee:aa:ff:0f:bc]

RSSI: -45 [da:ee:aa:ff:12:1a]

RSSI: -69 [da:ee:aa:ff:12:0b]

RSSI: -77 [da:ee:aa:ff:0f:bc]

RSSI: -49 [da:ee:aa:ff:12:1a]

RSSI: -69 [da:ee:aa:ff:12:0b]

RSSI: -77 [da:ee:aa:ff:0f:bc]

RSSI: -38 [da:ee:aa:ff:12:1a]

RSSI: -70 [da:ee:aa:ff:12:0b]

RSSI: -77 [da:ee:aa:ff:0f:bc]

RSSI: -46 [da:ee:aa:ff:12:1a]

RSSI: -69 [da:ee:aa:ff:12:0b]

RSSI: -50 [da:ee:aa:ff:12:1a]

RSSI: -70 [da:ee:aa:ff:12:3b]

RSSI: -48 [da:ee:aa:ff:12:3a]

RSSI: -48 [da:ee:aa:ff:12:3a]

RSSI: -48 [da:ee:aa:ff:12:3a]

RSSI: -47 [da:ee:aa:ff:12:3a]

RSSI: -48 [da:ee:aa:ff:12:5a]

RSSI: -82 [da:ee:aa:ff:10:0c]

RSSI: -67 [da:ee:aa:ff:12:4b]

RSSI: -48 [da:ee:aa:ff:12:5a]

RSSI: -48 [da:ee:aa:ff:12:5a]

RSSI: -67 [da:ee:aa:ff:12:5b]

RSSI: -68 [da:ee:aa:ff:12:5b]

RSSI: -48 [da:ee:aa:ff:12:7a]

RSSI: -51 [da:ee:aa:ff:12:9a]

RSSI: -77 [da:ee:aa:ff:10:2c]

RSSI: -51 [da:ee:aa:ff:12:9a]

RSSI: -53 [da:ee:aa:ff:12:7b]

RSSI: -76 [da:ee:aa:ff:10:2c]

RSSI: -51 [da:ee:aa:ff:12:9a]

RSSI: -70 [da:ee:aa:ff:12:7b]

RSSI: -51 [da:ee:aa:ff:12:9a]

RSSI: -53 [da:ee:aa:ff:12:7b]

RSSI: -77 [da:ee:aa:ff:10:2c]

RSSI: -51 [da:ee:aa:ff:12:9a]

RSSI: -71 [da:ee:aa:ff:12:9b]

RSSI: -71 [da:ee:aa:ff:12:9b]

RSSI: -48 [da:ee:aa:ff:12:ba]

RSSI: -82 [da:ee:aa:ff:10:8c]

RSSI: -68 [da:ee:aa:ff:12:ab]

RSSI: -48 [da:ee:aa:ff:12:ca]

RSSI: -48 [da:ee:aa:ff:12:ca]

RSSI: -82 [da:ee:aa:ff:10:8c]

RSSI: -48 [da:ee:aa:ff:12:ca]

RSSI: -68 [da:ee:aa:ff:12:bb]

RSSI: -68 [da:ee:aa:ff:12:bb]

RSSI: -52 [da:ee:aa:ff:12:fa]

RSSI: -71 [da:ee:aa:ff:12:cb]

RSSI: -76 [da:ee:aa:ff:10:cc]

RSSI: -52 [da:ee:aa:ff:12:fa]

RSSI: -71 [da:ee:aa:ff:12:cb]

RSSI: -77 [da:ee:aa:ff:10:cc]

RSSI: -52 [da:ee:aa:ff:12:fa]

RSSI: -71 [da:ee:aa:ff:12:cb]

RSSI: -77 [da:ee:aa:ff:10:cc]

RSSI: -52 [da:ee:aa:ff:12:fa]

RSSI: -71 [da:ee:aa:ff:12:cb]

RSSI: -77 [da:ee:aa:ff:10:cc]

RSSI: -52 [da:ee:aa:ff:12:fa]

RSSI: -76 [da:ee:aa:ff:10:dc]

RSSI: -48 [da:ee:aa:ff:13:1a]

RSSI: -76 [da:ee:aa:ff:10:dc]

RSSI: -70 [da:ee:aa:ff:13:0b]

RSSI: -76 [da:ee:aa:ff:10:dc]

RSSI: -70 [da:ee:aa:ff:13:0b]

RSSI: -70 [da:ee:aa:ff:13:0b]

RSSI: -43 [da:ee:aa:ff:13:3a]

RSSI: -75 [da:ee:aa:ff:10:fc]

RSSI: -48 [da:ee:aa:ff:13:5a]

RSSI: -84 [da:ee:aa:ff:11:0c]

RSSI: -48 [da:ee:aa:ff:13:5a]

RSSI: -84 [da:ee:aa:ff:11:0c]

RSSI: -48 [da:ee:aa:ff:13:5a]

RSSI: -83 [da:ee:aa:ff:11:0c]

RSSI: -69 [da:ee:aa:ff:13:3b]

RSSI: -48 [da:ee:aa:ff:13:5a]

RSSI: -76 [da:ee:aa:ff:11:1c]

RSSI: -71 [da:ee:aa:ff:13:4b]

RSSI: -51 [da:ee:aa:ff:13:8a]

RSSI: -72 [da:ee:aa:ff:13:4b]

RSSI: -51 [da:ee:aa:ff:13:8a]

RSSI: -52 [da:ee:aa:ff:13:8a]

RSSI: -75 [da:ee:aa:ff:11:4c]

RSSI: -49 [da:ee:aa:ff:13:9a]

RSSI: -49 [da:ee:aa:ff:13:9a]

RSSI: -62 [da:ee:aa:ff:13:7b]

RSSI: -49 [da:ee:aa:ff:13:9a]

RSSI: -70 [da:ee:aa:ff:13:7b]

RSSI: -49 [da:ee:aa:ff:13:ba]

RSSI: -48 [da:ee:aa:ff:13:da]

RSSI: -68 [da:ee:aa:ff:13:8b]

RSSI: -48 [da:ee:aa:ff:13:da]

RSSI: -48 [da:ee:aa:ff:13:da]

RSSI: -69 [da:ee:aa:ff:13:9b]

RSSI: -48 [da:ee:aa:ff:13:da]

RSSI: -77 [da:ee:aa:ff:11:8c]

RSSI: -71 [da:ee:aa:ff:13:ab]

RSSI: -76 [da:ee:aa:ff:11:8c]

RSSI: -52 [da:ee:aa:ff:14:0a]

RSSI: -77 [da:ee:aa:ff:11:8c]

RSSI: -52 [da:ee:aa:ff:14:0a]

RSSI: -77 [da:ee:aa:ff:11:8c]

RSSI: -52 [da:ee:aa:ff:14:0a]

RSSI: -69 [da:ee:aa:ff:13:db]

RSSI: -76 [da:ee:aa:ff:11:ac]

RSSI: -49 [da:ee:aa:ff:14:1a]

RSSI: -69 [da:ee:aa:ff:13:db]

RSSI: -77 [da:ee:aa:ff:11:ac]

RSSI: -49 [da:ee:aa:ff:14:1a]

RSSI: -70 [da:ee:aa:ff:13:db]

RSSI: -76 [da:ee:aa:ff:11:ac]

RSSI: -75 [da:ee:aa:ff:13:db]

RSSI: -77 [da:ee:aa:ff:11:ac]
