
RSSI: -51 [da:ee:aa:ff:07:ea]

RSSI: -81 [da:ee:aa:ff:04:6c]

RSSI: -66 [da:ee:aa:ff:04:ab]

RSSI: -51 [da:ee:aa:ff:07:ea]

RSSI: -67 [da:ee:aa:ff:04:ab]

RSSI: -51 [da:ee:aa:ff:07:ea]

RSSI: -81 [da:ee:aa:ff:04:6c]

RSSI: -66 [da:ee:aa:ff:04:ab]

RSSI: -66 [da:ee:aa:ff:04:ab]

RSSI: -74 [da:ee:aa:ff:04:db]

RSSI: -51 [da:ee:aa:ff:08:1a]

RSSI: -72 [da:ee:aa:ff:04:9c]

RSSI: -51 [da:ee:aa:ff:08:1a]

RSSI: -74 [da:ee:aa:ff:04:db]

RSSI: -51 [da:ee:aa:ff:08:1a]

RSSI: -81 [da:ee:aa:ff:04:9c]

RSSI: -74 [da:ee:aa:ff:04:db]

RSSI: -51 [da:ee:aa:ff:08:1a]

RSSI: -82 [da:ee:aa:ff:04:9c]

RSSI: -51 [da:ee:aa:ff:08:3a]

RSSI: -51 [da:ee:aa:ff:08:3a]

RSSI: -68 [da:ee:aa:ff:04:eb]

RSSI: -66 [da:ee:aa:ff:05:1b]

RSSI: -52 [da:ee:aa:ff:08:6a]

RSSI: -82 [da:ee:aa:ff:04:dc]

RSSI: -50 [da:ee:aa:ff:05:1b]

RSSI: -52 [da:ee:aa:ff:08:6a]

RSSI: -49 [da:ee:aa:ff:05:1b]

RSSI: -52 [da:ee:aa:ff:08:6a]

RSSI: -82 [da:ee:aa:ff:04:dc]

RSSI: -56 [da:ee:aa:ff:05:1b]

RSSI: -52 [da:ee:aa:ff:08:6a]

RSSI: -82 [da:ee:aa:ff:04:dc]

RSSI: -51 [da:ee:aa:ff:08:6a]

RSSI: -83 [da:ee:aa:ff:04:fc]

RSSI: -74 [da:ee:aa:ff:05:4b]

RSSI: -91 [da:ee:aa:ff:05:1c]

RSSI: -51 [da:ee:aa:ff:08:ba]

RSSI: -51 [da:ee:aa:ff:08:ba]

RSSI: -51 [da:ee:aa:ff:08:ba]

RSSI: -67 [da:ee:aa:ff:05:7b]

RSSI: -85 [da:ee:aa:ff:05:4c]

RSSI: -85 [da:ee:aa:ff:05:4c]

RSSI: -66 [da:ee:aa:ff:05:9b]

RSSI: -70 [da:ee:aa:ff:05:9b]

RSSI: -49 [da:ee:aa:ff:09:0a]

RSSI: -72 [da:ee:aa:ff:05:ab]

RSSI: -38 [da:ee:aa:ff:09:0a]

RSSI: -46 [da:ee:aa:ff:09:0a]

RSSI: -50 [da:ee:aa:ff:09:0a]

RSSI: -51 [da:ee:aa:ff:09:0a]

RSSI: -68 [da:ee:aa:ff:05:eb]

RSSI: -68 [da:ee:aa:ff:05:eb]

RSSI: -67 [da:ee:aa:ff:05:eb]

RSSI: -50 [da:ee:aa:ff:09:4a]

RSSI: -68 [da:ee:aa:ff:05:eb]

RSSI: -67 [da:ee:aa:ff:06:0b]

RSSI: -51 [da:ee:aa:ff:09:5a]

RSSI: -67 [da:ee:aa:ff:06:0b]

RSSI: -51 [da:ee:aa:ff:09:5a]

RSSI: -84 [da:ee:aa:ff:05:cc]

RSSI: -67 [da:ee:aa:ff:06:0b]

RSSI: -51 [da:ee:aa:ff:09:5a]

RSSI: -84 [da:ee:aa:ff:05:cc]

RSSI: -67 [da:ee:aa:ff:06:0b]

RSSI: -51 [da:ee:aa:ff:09:5a]

RSSI: -84 [da:ee:aa:ff:05:cc]

RSSI: -51 [da:ee:aa:ff:09:5a]

RSSI: -51 [da:ee:aa:ff:09:7a]

RSSI: -58 [da:ee:aa:ff:06:3b]

RSSI: -74 [da:ee:aa:ff:06:3b]

RSSI: -52 [da:ee:aa:ff:09:9a]

RSSI: -50 [da:ee:aa:ff:09:9a]

RSSI: -50 [da:ee:aa:ff:09:ba]

RSSI: -89 [da:ee:aa:ff:06:0c]

RSSI: -50 [da:ee:aa:ff:09:ba]

RSSI: -50 [da:ee:aa:ff:09:ba]

RSSI: -50 [da:ee:aa:ff:09:ba]

RSSI: -50 [da:ee:aa:ff:09:ba]

RSSI: -67 [da:ee:aa:ff:06:9b]

RSSI: -82 [da:ee:aa:ff:06:2c]

RSSI: -67 [da:ee:aa:ff:06:9b]

RSSI: -51 [da:ee:aa:ff:09:fa]

RSSI: -67 [da:ee:aa:ff:06:9b]

RSSI: -51 [da:ee:aa:ff:09:fa]

RSSI: -83 [da:ee:aa:ff:06:2c]

RSSI: -66 [da:ee:aa:ff:06:9b]

RSSI: -83 [da:ee:aa:ff:06:2c]

RSSI: -67 [da:ee:aa:ff:06:9b]

RSSI: -83 [da:ee:aa:ff:06:3c]

RSSI: -51 [da:ee:aa:ff:0a:0a]

RSSI: -82 [da:ee:aa:ff:06:3c]

RSSI: -51 [da:ee:aa:ff:0a:0a]

RSSI: -51 [da:ee:aa:ff:0a:0a]

RSSI: -82 [da:ee:aa:ff:06:5c]

RSSI: -51 [da:ee:aa:ff:0a:0a]

RSSI: -82 [da:ee:aa:ff:06:5c]

RSSI: -51 [da:ee:aa:ff:0a:0a]

RSSI: -67 [da:ee:aa:ff:06:eb]

RSSI: -67 [da:ee:aa:ff:06:eb]

RSSI: -67 [da:ee:aa:ff:06:eb]

RSSI: -67 [da:ee:aa:ff:06:eb]

RSSI: -67 [da:ee:aa:ff:06:eb]

RSSI: -41 [da:ee:aa:ff:0a:4a]

RSSI: -83 [da:ee:aa:ff:06:bc]

RSSI: -52 [da:ee:aa:ff:0a:5a]

RSSI: -83 [da:ee:aa:ff:06:bc]

RSSI: -51 [da:ee:aa:ff:0a:5a]

RSSI: -67 [da:ee:aa:ff:07:1b]

RSSI: -68 [da:ee:aa:ff:07:1b]

RSSI: -68 [da:ee:aa:ff:07:1b]

RSSI: -75 [da:ee:aa:ff:07:2b]

RSSI: -86 [da:ee:aa:ff:06:cc]

RSSI: -52 [da:ee:aa:ff:0a:8a]

RSSI: -86 [da:ee:aa:ff:06:cc]

RSSI: -52 [da:ee:aa:ff:0a:8a]

RSSI: -52 [da:ee:aa:ff:0a:8a]

RSSI: -86 [da:ee:aa:ff:06:ec]

RSSI: -52 [da:ee:aa:ff:0a:8a]

RSSI: -51 [da:ee:aa:ff:0a:aa]

RSSI: -51 [da:ee:aa:ff:0a:aa]

RSSI: -90 [da:ee:aa:ff:06:fc]

RSSI: -67 [da:ee:aa:ff:07:6b]

RSSI: -51 [da:ee:aa:ff:0a:aa]

RSSI: -90 [da:ee:aa:ff:06:fc]

RSSI: -58 [da:ee:aa:ff:07:6b]

RSSI: -51 [da:ee:aa:ff:0a:aa]

RSSI: -51 [da:ee:aa:ff:07:6b]

RSSI: -51 [da:ee:aa:ff:0a:aa]

RSSI: -49 [da:ee:aa:ff:07:8b]

RSSI: -51 [da:ee:aa:ff:0a:da]

RSSI: -84 [da:ee:aa:ff:07:3c]

RSSI: -51 [da:ee:aa:ff:0a:da]

RSSI: -83 [da:ee:aa:ff:07:3c]

RSSI: -51 [da:ee:aa:ff:0a:da]

RSSI: -82 [da:ee:aa:ff:07:3c]

RSSI: -51 [da:ee:aa:ff:0a:da]

RSSI: -83 [da:ee:aa:ff:07:3c]

RSSI: -52 [da:ee:aa:ff:0a:fa]

RSSI: -75 [da:ee:aa:ff:07:bb]

RSSI: -52 [da:ee:aa:ff:0a:fa]

RSSI: -75 [da:ee:aa:ff:07:bb]

RSSI: -52 [da:ee:aa:ff:0a:fa]

RSSI: -75 [da:ee:aa:ff:07:bb]

RSSI: -84 [da:ee:aa:ff:07:4c]

RSSI: -75 [da:ee:aa:ff:07:bb]

RSSI: -83 [da:ee:aa:ff:07:6c]

RSSI: -86 [da:ee:aa:ff:07:7c]

RSSI: -68 [da:ee:aa:ff:07:db]

RSSI: -51 [da:ee:aa:ff:0b:3a]

RSSI: -68 [da:ee:aa:ff:07:db]

RSSI: -51 [da:ee:aa:ff:0b:3a]

RSSI: -86 [da:ee:aa:ff:07:7c]

RSSI: -87 [da:ee:aa:ff:07:7c]

RSSI: -51 [da:ee:aa:ff:0b:3a]

RSSI: -67 [da:ee:aa:ff:08:0b]

RSSI: -51 [da:ee:aa:ff:0b:5a]

RSSI: -67 [da:ee:aa:ff:08:0b]

RSSI: -42 [da:ee:aa:ff:0b:5a]

RSSI: -51 [da:ee:aa:ff:0b:5a]

RSSI: -66 [da:ee:aa:ff:08:0b]

RSSI: -50 [da:ee:aa:ff:0b:7a]

RSSI: -76 [da:ee:aa:ff:08:1b]

RSSI: -86 [da:ee:aa:ff:07:bc]

RSSI: -52 [da:ee:aa:ff:0b:8a]

RSSI: -87 [da:ee:aa:ff:07:bc]

RSSI: -52 [da:ee:aa:ff:0b:8a]

RSSI: -75 [da:ee:aa:ff:08:2b]

RSSI: -52 [da:ee:aa:ff:0b:8a]

RSSI: -85 [da:ee:aa:ff:07:bc]

RSSI: -75 [da:ee:aa:ff:08:2b]

RSSI: -52 [da:ee:aa:ff:0b:8a]

RSSI: -69 [da:ee:aa:ff:08:3b]

RSSI: -51 [da:ee:aa:ff:0b:aa]

RSSI: -69 [da:ee:aa:ff:08:3b]

RSSI: -51 [da:ee:aa:ff:0b:aa]

RSSI: -69 [da:ee:aa:ff:08:3b]

RSSI: -51 [da:ee:aa:ff:0b:aa]

RSSI: -69 [da:ee:aa:ff:08:3b]

RSSI: -69 [da:ee:aa:ff:08:3b]

RSSI: -67 [da:ee:aa:ff:08:5b]

RSSI: -50 [da:ee:aa:ff:0b:da]

RSSI: -81 [da:ee:aa:ff:08:0c]

RSSI: -50 [da:ee:aa:ff:0b:da]

RSSI: -50 [da:ee:aa:ff:0b:da]

RSSI: -50 [da:ee:aa:ff:0b:da]

RSSI: -50 [da:ee:aa:ff:0b:da]

RSSI: -52 [da:ee:aa:ff:0b:fa]

RSSI: -58 [da:ee:aa:ff:08:9b]

RSSI: -65 [da:ee:aa:ff:08:9b]

RSSI: -83 [da:ee:aa:ff:08:2c]

RSSI: -52 [da:ee:aa:ff:0b:fa]

RSSI: -75 [da:ee:aa:ff:08:9b]

RSSI: -84 [da:ee:aa:ff:08:2c]

RSSI: -75 [da:ee:aa:ff:08:9b]

RSSI: -84 [da:ee:aa:ff:08:2c]

RSSI: -52 [da:ee:aa:ff:0c:1a]

RSSI: -52 [da:ee:aa:ff:0c:2a]

RSSI: -70 [da:ee:aa:ff:08:db]

RSSI: -52 [da:ee:aa:ff:0c:2a]

RSSI: -70 [da:ee:aa:ff:08:db]

RSSI: -52 [da:ee:aa:ff:0c:2a]

RSSI: -70 [da:ee:aa:ff:08:db]

RSSI: -52 [da:ee:aa:ff:0c:2a]

RSSI: -70 [da:ee:aa:ff:08:db]

RSSI: -49 [da:ee:aa:ff:0c:4a]

RSSI: -66 [da:ee:aa:ff:08:eb]

RSSI: -50 [da:ee:aa:ff:0c:4a]

RSSI: -66 [da:ee:aa:ff:08:eb]

RSSI: -66 [da:ee:aa:ff:08:eb]

RSSI: -49 [da:ee:aa:ff:0c:6a]

RSSI: -49 [da:ee:aa:ff:0c:6a]

RSSI: -67 [da:ee:aa:ff:09:0b]

RSSI: -66 [da:ee:aa:ff:08:ac]

RSSI: -75 [da:ee:aa:ff:09:2b]

RSSI: -49 [da:ee:aa:ff:0c:8a]

RSSI: -75 [da:ee:aa:ff:09:2b]

RSSI: -37 [da:ee:aa:ff:0c:8a]

RSSI: -80 [da:ee:aa:ff:08:ac]

RSSI: -75 [da:ee:aa:ff:09:2b]

RSSI: -80 [da:ee:aa:ff:08:ac]

RSSI: -75 [da:ee:aa:ff:09:2b]

RSSI: -81 [da:ee:aa:ff:08:ac]

RSSI: -52 [da:ee:aa:ff:0c:aa]

RSSI: -70 [da:ee:aa:ff:09:3b]

RSSI: -52 [da:ee:aa:ff:0c:aa]

RSSI: -84 [da:ee:aa:ff:08:cc]

RSSI: -52 [da:ee:aa:ff:0c:ca]

RSSI: -70 [da:ee:aa:ff:09:5b]

RSSI: -84 [da:ee:aa:ff:08:cc]

RSSI: -52 [da:ee:aa:ff:0c:ca]

RSSI: -49 [da:ee:aa:ff:0c:da]

RSSI: -66 [da:ee:aa:ff:09:7b]

RSSI: -49 [da:ee:aa:ff:0c:da]

RSSI: -66 [da:ee:aa:ff:09:7b]

RSSI: -49 [da:ee:aa:ff:0c:da]

RSSI: -66 [da:ee:aa:ff:09:7b]

RSSI: -49 [da:ee:aa:ff:0c:da]

RSSI: -67 [da:ee:aa:ff:09:7b]

RSSI: -84 [da:ee:aa:ff:08:fc]

RSSI: -80 [da:ee:aa:ff:09:0c]

RSSI: -52 [da:ee:aa:ff:0c:fa]

RSSI: -76 [da:ee:aa:ff:09:8b]

RSSI: -80 [da:ee:aa:ff:09:0c]

RSSI: -79 [da:ee:aa:ff:09:0c]

RSSI: -52 [da:ee:aa:ff:0d:1a]

RSSI: -52 [da:ee:aa:ff:0d:1a]

RSSI: -80 [da:ee:aa:ff:09:0c]

RSSI: -52 [da:ee:aa:ff:0d:1a]

RSSI: -52 [da:ee:aa:ff:0d:2a]

RSSI: -84 [da:ee:aa:ff:09:2c]

RSSI: -52 [da:ee:aa:ff:0d:2a]

RSSI: -53 [da:ee:aa:ff:09:cb]

RSSI: -52 [da:ee:aa:ff:0d:2a]

RSSI: -52 [da:ee:aa:ff:0d:2a]

RSSI: -53 [da:ee:aa:ff:0d:2a]

RSSI: -68 [da:ee:aa:ff:09:fb]

RSSI: -52 [da:ee:aa:ff:0d:6a]

RSSI: -93 [da:ee:aa:ff:09:4c]

RSSI: -52 [da:ee:aa:ff:0d:6a]

RSSI: -52 [da:ee:aa:ff:0d:6a]

RSSI: -64 [da:ee:aa:ff:09:7c]

RSSI: -77 [da:ee:aa:ff:0a:1b]

RSSI: -52 [da:ee:aa:ff:0d:8a]

RSSI: -77 [da:ee:aa:ff:0a:1b]

RSSI: -52 [da:ee:aa:ff:0d:8a]

RSSI: -77 [da:ee:aa:ff:0a:1b]

RSSI: -52 [da:ee:aa:ff:0d:8a]

RSSI: -63 [da:ee:aa:ff:09:7c]

RSSI: -78 [da:ee:aa:ff:0a:1b]

RSSI: -52 [da:ee:aa:ff:0d:8a]

RSSI: -70 [da:ee:aa:ff:09:7c]

RSSI: -85 [da:ee:aa:ff:09:8c]

RSSI: -53 [da:ee:aa:ff:0d:aa]

RSSI: -70 [da:ee:aa:ff:0a:4b]

RSSI: -71 [da:ee:aa:ff:0a:4b]

RSSI: -70 [da:ee:aa:ff:0a:4b]

RSSI: -71 [da:ee:aa:ff:0a:4b]

RSSI: -52 [da:ee:aa:ff:0d:ca]

RSSI: -70 [da:ee:aa:ff:0a:4b]

RSSI: -54 [da:ee:aa:ff:0d:da]

RSSI: -54 [da:ee:aa:ff:0d:da]

RSSI: -55 [da:ee:aa:ff:0d:da]

RSSI: -55 [da:ee:aa:ff:0d:da]

RSSI: -55 [da:ee:aa:ff:0d:da]

RSSI: -77 [da:ee:aa:ff:0a:9b]

RSSI: -80 [da:ee:aa:ff:09:ec]

RSSI: -77 [da:ee:aa:ff:0a:9b]

RSSI: -52 [da:ee:aa:ff:0e:0a]

RSSI: -80 [da:ee:aa:ff:09:ec]

RSSI: -77 [da:ee:aa:ff:0a:9b]

RSSI: -52 [da:ee:aa:ff:0e:0a]

RSSI: -80 [da:ee:aa:ff:09:ec]

RSSI: -77 [da:ee:aa:ff:0a:9b]

RSSI: -80 [da:ee:aa:ff:09:ec]

RSSI: -76 [da:ee:aa:ff:0a:9b]

RSSI: -52 [da:ee:aa:ff:0e:0a]

RSSI: -53 [da:ee:aa:ff:0e:1a]

RSSI: -70 [da:ee:aa:ff:0a:ab]

RSSI: -53 [da:ee:aa:ff:0e:1a]

RSSI: -53 [da:ee:aa:ff:0e:1a]

RSSI: -53 [da:ee:aa:ff:0e:1a]

RSSI: -67 [da:ee:aa:ff:0a:cb]

RSSI: -57 [da:ee:aa:ff:0e:5a]

RSSI: -57 [da:ee:aa:ff:0e:5a]

RSSI: -57 [da:ee:aa:ff:0e:5a]

RSSI: -57 [da:ee:aa:ff:0e:5a]

RSSI: -57 [da:ee:aa:ff:0e:5a]

RSSI: -74 [da:ee:aa:ff:0b:0b]

RSSI: -51 [da:ee:aa:ff:0e:7a]

RSSI: -51 [da:ee:aa:ff:0e:7a]

RSSI: -51 [da:ee:aa:ff:0e:7a]

RSSI: -79 [da:ee:aa:ff:0a:6c]

RSSI: -73 [da:ee:aa:ff:0b:2b]

RSSI: -79 [da:ee:aa:ff:0a:6c]

RSSI: -71 [da:ee:aa:ff:0b:4b]

RSSI: -53 [da:ee:aa:ff:0e:ba]

RSSI: -71 [da:ee:aa:ff:0b:4b]

RSSI: -72 [da:ee:aa:ff:0a:8c]

RSSI: -53 [da:ee:aa:ff:0e:ba]

RSSI: -71 [da:ee:aa:ff:0b:4b]

RSSI: -87 [da:ee:aa:ff:0a:8c]

RSSI: -71 [da:ee:aa:ff:0b:4b]

RSSI: -88 [da:ee:aa:ff:0a:8c]

RSSI: -72 [da:ee:aa:ff:0b:4b]

RSSI: -58 [da:ee:aa:ff:0e:da]

RSSI: -58 [da:ee:aa:ff:0e:da]

RSSI: -58 [da:ee:aa:ff:0e:da]

RSSI: -70 [da:ee:aa:ff:0b:6b]

RSSI: -58 [da:ee:aa:ff:0e:fa]

RSSI: -70 [da:ee:aa:ff:0b:6b]

RSSI: -75 [da:ee:aa:ff:0b:8b]

RSSI: -79 [da:ee:aa:ff:0a:dc]

RSSI: -76 [da:ee:aa:ff:0b:8b]

RSSI: -51 [da:ee:aa:ff:0f:1a]

RSSI: -52 [da:ee:aa:ff:0f:3a]

RSSI: -86 [da:ee:aa:ff:0b:0c]

RSSI: -52 [da:ee:aa:ff:0f:3a]

RSSI: -71 [da:ee:aa:ff:0b:bb]

RSSI: -87 [da:ee:aa:ff:0b:0c]

RSSI: -52 [da:ee:aa:ff:0f:3a]

RSSI: -71 [da:ee:aa:ff:0b:bb]

RSSI: -86 [da:ee:aa:ff:0b:0c]

RSSI: -87 [da:ee:aa:ff:0b:0c]

RSSI: -52 [da:ee:aa:ff:0f:5a]

RSSI: -85 [da:ee:aa:ff:0b:3c]

RSSI: -60 [da:ee:aa:ff:0f:7a]

RSSI: -73 [da:ee:aa:ff:0b:db]

RSSI: -86 [da:ee:aa:ff:0b:3c]

RSSI: -60 [da:ee:aa:ff:0f:7a]

RSSI: -72 [da:ee:aa:ff:0b:db]

RSSI: -86 [da:ee:aa:ff:0b:3c]

RSSI: -60 [da:ee:aa:ff:0f:7a]

RSSI: -72 [da:ee:aa:ff:0b:db]

RSSI: -61 [da:ee:aa:ff:0f:7a]

RSSI: -61 [da:ee:aa:ff:0f:7a]

RSSI: -82 [da:ee:aa:ff:0b:5c]

RSSI: -82 [da:ee:aa:ff:0b:5c]

RSSI: -52 [da:ee:aa:ff:0f:8a]

RSSI: -52 [da:ee:aa:ff:0f:8a]

RSSI: -52 [da:ee:aa:ff:0f:8a]

RSSI: -70 [da:ee:aa:ff:0c:2b]

RSSI: -51 [da:ee:aa:ff:0f:ba]

RSSI: -70 [da:ee:aa:ff:0c:2b]

RSSI: -51 [da:ee:aa:ff:0f:ba]

RSSI: -51 [da:ee:aa:ff:0f:da]

RSSI: -70 [da:ee:aa:ff:0c:4b]

RSSI: -51 [da:ee:aa:ff:0f:da]

RSSI: -62 [da:ee:aa:ff:0f:ea]

RSSI: -78 [da:ee:aa:ff:0c:6b]

RSSI: -79 [da:ee:aa:ff:0c:6b]

RSSI: -80 [da:ee:aa:ff:0c:6b]

RSSI: -79 [da:ee:aa:ff:0c:6b]

RSSI: -80 [da:ee:aa:ff:0c:6b]

RSSI: -53 [da:ee:aa:ff:10:0a]

RSSI: -86 [da:ee:aa:ff:0b:bc]

RSSI: -53 [da:ee:aa:ff:10:2a]

RSSI: -86 [da:ee:aa:ff:0b:bc]

RSSI: -54 [da:ee:aa:ff:10:2a]

RSSI: -54 [da:ee:aa:ff:10:2a]

RSSI: -69 [da:ee:aa:ff:0c:bb]

RSSI: -70 [da:ee:aa:ff:0c:bb]

RSSI: -69 [da:ee:aa:ff:0c:bb]

RSSI: -70 [da:ee:aa:ff:0c:bb]

RSSI: -69 [da:ee:aa:ff:0c:bb]

RSSI: -78 [da:ee:aa:ff:0b:fc]

RSSI: -57 [da:ee:aa:ff:10:6a]

RSSI: -78 [da:ee:aa:ff:0c:eb]

RSSI: -57 [da:ee:aa:ff:10:6a]

RSSI: -78 [da:ee:aa:ff:0c:eb]

RSSI: -78 [da:ee:aa:ff:0c:0c]

RSSI: -57 [da:ee:aa:ff:10:6a]

RSSI: -78 [da:ee:aa:ff:0c:eb]

RSSI: -79 [da:ee:aa:ff:0c:0c]

RSSI: -57 [da:ee:aa:ff:10:6a]

RSSI: -77 [da:ee:aa:ff:0c:eb]

RSSI: -78 [da:ee:aa:ff:0c:0c]

RSSI: -57 [da:ee:aa:ff:10:6a]

RSSI: -51 [da:ee:aa:ff:10:7a]

RSSI: -79 [da:ee:aa:ff:0d:0b]

RSSI: -51 [da:ee:aa:ff:10:7a]

RSSI: -78 [da:ee:aa:ff:0d:0b]

RSSI: -51 [da:ee:aa:ff:10:7a]

RSSI: -78 [da:ee:aa:ff:0d:0b]

RSSI: -78 [da:ee:aa:ff:0d:0b]

RSSI: -50 [da:ee:aa:ff:10:8a]

RSSI: -50 [da:ee:aa:ff:10:8a]

RSSI: -48 [da:ee:aa:ff:10:9a]

RSSI: -67 [da:ee:aa:ff:0d:4b]

RSSI: -48 [da:ee:aa:ff:10:9a]

RSSI: -48 [da:ee:aa:ff:10:9a]

RSSI: -48 [da:ee:aa:ff:10:9a]

RSSI: -94 [da:ee:aa:ff:0c:3c]

RSSI: -55 [da:ee:aa:ff:0d:4b]

RSSI: -48 [da:ee:aa:ff:10:9a]

RSSI: -78 [da:ee:aa:ff:0c:4c]

RSSI: -73 [da:ee:aa:ff:0d:5b]

RSSI: -74 [da:ee:aa:ff:0d:5b]

RSSI: -51 [da:ee:aa:ff:10:ca]

RSSI: -77 [da:ee:aa:ff:0c:6c]

RSSI: -51 [da:ee:aa:ff:10:ca]

RSSI: -51 [da:ee:aa:ff:10:ca]

RSSI: -71 [da:ee:aa:ff:0d:8b]

RSSI: -50 [da:ee:aa:ff:10:ea]

RSSI: -71 [da:ee:aa:ff:0d:8b]

RSSI: -50 [da:ee:aa:ff:10:ea]

RSSI: -71 [da:ee:aa:ff:0d:8b]

RSSI: -86 [da:ee:aa:ff:0c:7c]

RSSI: -71 [da:ee:aa:ff:0d:8b]

RSSI: -87 [da:ee:aa:ff:0c:7c]

RSSI: -71 [da:ee:aa:ff:0d:8b]

RSSI: -50 [da:ee:aa:ff:11:0a]

RSSI: -49 [da:ee:aa:ff:11:1a]

RSSI: -67 [da:ee:aa:ff:0d:ab]

RSSI: -50 [da:ee:aa:ff:11:1a]

RSSI: -50 [da:ee:aa:ff:11:1a]

RSSI: -50 [da:ee:aa:ff:11:1a]

RSSI: -68 [da:ee:aa:ff:0d:cb]

RSSI: -49 [da:ee:aa:ff:11:1a]

RSSI: -67 [da:ee:aa:ff:0d:cb]

RSSI: -72 [da:ee:aa:ff:0d:eb]

RSSI: -46 [da:ee:aa:ff:11:3a]

RSSI: -77 [da:ee:aa:ff:0c:cc]

RSSI: -72 [da:ee:aa:ff:0d:eb]

RSSI: -50 [da:ee:aa:ff:11:3a]

RSSI: -77 [da:ee:aa:ff:0c:cc]

RSSI: -72 [da:ee:aa:ff:0d:eb]

RSSI: -37 [da:ee:aa:ff:11:3a]

RSSI: -78 [da:ee:aa:ff:0c:cc]

RSSI: -71 [da:ee:aa:ff:0d:eb]

RSSI: -42 [da:ee:aa:ff:11:3a]

RSSI: -49 [da:ee:aa:ff:11:3a]

RSSI: -69 [da:ee:aa:ff:0d:fb]

RSSI: -49 [da:ee:aa:ff:11:4a]

RSSI: -85 [da:ee:aa:ff:0d:0c]

RSSI: -49 [da:ee:aa:ff:11:4a]

RSSI: -69 [da:ee:aa:ff:0e:1b]

RSSI: -85 [da:ee:aa:ff:0d:0c]

RSSI: -69 [da:ee:aa:ff:0e:1b]

RSSI: -49 [da:ee:aa:ff:11:6a]

RSSI: -69 [da:ee:aa:ff:0e:1b]

RSSI: -49 [da:ee:aa:ff:11:6a]

RSSI: -67 [da:ee:aa:ff:0e:2b]

RSSI: -50 [da:ee:aa:ff:11:7a]

RSSI: -66 [da:ee:aa:ff:0e:2b]

RSSI: -50 [da:ee:aa:ff:11:7a]

RSSI: -66 [da:ee:aa:ff:0e:2b]

RSSI: -50 [da:ee:aa:ff:11:7a]

RSSI: -87 [da:ee:aa:ff:0d:3c]

RSSI: -66 [da:ee:aa:ff:0e:2b]

RSSI: -50 [da:ee:aa:ff:11:7a]

RSSI: -48 [da:ee:aa:ff:11:9a]

RSSI: -71 [da:ee:aa:ff:0e:6b]

RSSI: -48 [da:ee:aa:ff:11:9a]

RSSI: -58 [da:ee:aa:ff:0e:6b]

RSSI: -49 [da:ee:aa:ff:11:9a]

RSSI: -54 [da:ee:aa:ff:0e:6b]

RSSI: -48 [da:ee:aa:ff:11:9a]

RSSI: -68 [da:ee:aa:ff:0e:6b]

RSSI: -48 [da:ee:aa:ff:11:9a]

RSSI: -68 [da:ee:aa:ff:0e:7b]

RSSI: -49 [da:ee:aa:ff:11:aa]

RSSI: -68 [da:ee:aa:ff:0e:7b]

RSSI: -49 [da:ee:aa:ff:11:aa]

RSSI: -83 [da:ee:aa:ff:0d:7c]

RSSI: -50 [da:ee:aa:ff:11:ba]

RSSI: -50 [da:ee:aa:ff:11:ba]

RSSI: -66 [da:ee:aa:ff:0e:ab]

RSSI: -50 [da:ee:aa:ff:11:ca]

RSSI: -66 [da:ee:aa:ff:0e:ab]

RSSI: -50 [da:ee:aa:ff:11:ca]

RSSI: -66 [da:ee:aa:ff:0e:ab]

RSSI: -50 [da:ee:aa:ff:11:ca]

RSSI: -66 [da:ee:aa:ff:0e:ab]

RSSI: -50 [da:ee:aa:ff:11:ca]

RSSI: -66 [da:ee:aa:ff:0e:ab]

RSSI: -84 [da:ee:aa:ff:0d:ac]

RSSI: -81 [da:ee:aa:ff:0d:bc]

RSSI: -80 [da:ee:aa:ff:0d:bc]

RSSI: -41 [da:ee:aa:ff:11:fa]

RSSI: -70 [da:ee:aa:ff:0e:db]

RSSI: -49 [da:ee:aa:ff:12:0a]

RSSI: -81 [da:ee:aa:ff:0d:ec]

RSSI: -49 [da:ee:aa:ff:12:0a]

RSSI: -81 [da:ee:aa:ff:0d:ec]

RSSI: -80 [da:ee:aa:ff:0d:ec]

RSSI: -49 [da:ee:aa:ff:12:2a]

RSSI: -80 [da:ee:aa:ff:0d:ec]

RSSI: -66 [da:ee:aa:ff:0e:fb]

RSSI: -51 [da:ee:aa:ff:12:3a]

RSSI: -83 [da:ee:aa:ff:0e:0c]

RSSI: -51 [da:ee:aa:ff:12:3a]

RSSI: -84 [da:ee:aa:ff:0e:0c]

RSSI: -51 [da:ee:aa:ff:12:3a]

RSSI: -51 [da:ee:aa:ff:12:3a]

RSSI: -80 [da:ee:aa:ff:0e:2c]

RSSI: -70 [da:ee:aa:ff:0f:4b]

RSSI: -48 [da:ee:aa:ff:12:5a]

RSSI: -80 [da:ee:aa:ff:0e:2c]

RSSI: -70 [da:ee:aa:ff:0f:4b]

RSSI: -48 [da:ee:aa:ff:12:5a]

RSSI: -80 [da:ee:aa:ff:0e:2c]

RSSI: -70 [da:ee:aa:ff:0f:4b]

RSSI: -48 [da:ee:aa:ff:12:5a]

RSSI: -70 [da:ee:aa:ff:0f:4b]

RSSI: -48 [da:ee:aa:ff:12:5a]

RSSI: -80 [da:ee:aa:ff:0e:2c]

RSSI: -69 [da:ee:aa:ff:0f:4b]

RSSI: -49 [da:ee:aa:ff:12:7a]

RSSI: -80 [da:ee:aa:ff:0e:5c]

RSSI: -66 [da:ee:aa:ff:0f:7b]

RSSI: -49 [da:ee:aa:ff:12:8a]

RSSI: -81 [da:ee:aa:ff:0e:5c]

RSSI: -67 [da:ee:aa:ff:0f:9b]

RSSI: -67 [da:ee:aa:ff:0f:9b]

RSSI: -74 [da:ee:aa:ff:0e:6c]

RSSI: -66 [da:ee:aa:ff:0f:9b]

RSSI: -67 [da:ee:aa:ff:0f:9b]

RSSI: -71 [da:ee:aa:ff:0f:9b]

RSSI: -81 [da:ee:aa:ff:0e:9c]

RSSI: -48 [da:ee:aa:ff:12:ba]

RSSI: -70 [da:ee:aa:ff:0f:bb]

RSSI: -77 [da:ee:aa:ff:0f:bb]

RSSI: -48 [da:ee:aa:ff:12:ba]

RSSI: -80 [da:ee:aa:ff:0e:9c]

RSSI: -70 [da:ee:aa:ff:0f:bb]

RSSI: -48 [da:ee:aa:ff:12:ca]

RSSI: -66 [da:ee:aa:ff:0f:cb]

RSSI: -36 [da:ee:aa:ff:12:da]

RSSI: -66 [da:ee:aa:ff:0f:cb]

RSSI: -81 [da:ee:aa:ff:0e:cc]

RSSI: -68 [da:ee:aa:ff:0f:cb]

RSSI: -83 [da:ee:aa:ff:0e:cc]

RSSI: -52 [da:ee:aa:ff:12:ea]

RSSI: -66 [da:ee:aa:ff:0f:fb]

RSSI: -52 [da:ee:aa:ff:12:ea]

RSSI: -66 [da:ee:aa:ff:0f:fb]

RSSI: -52 [da:ee:aa:ff:12:ea]

RSSI: -66 [da:ee:aa:ff:0f:fb]

RSSI: -52 [da:ee:aa:ff:12:ea]

RSSI: -66 [da:ee:aa:ff:0f:fb]

RSSI: -47 [da:ee:aa:ff:13:1a]

RSSI: -81 [da:ee:aa:ff:0e:fc]

RSSI: -47 [da:ee:aa:ff:13:1a]

RSSI: -81 [da:ee:aa:ff:0e:fc]

RSSI: -47 [da:ee:aa:ff:13:1a]

RSSI: -48 [da:ee:aa:ff:13:2a]

RSSI: -66 [da:ee:aa:ff:10:3b]

RSSI: -82 [da:ee:aa:ff:0f:1c]

RSSI: -48 [da:ee:aa:ff:13:2a]

RSSI: -66 [da:ee:aa:ff:10:3b]

RSSI: -82 [da:ee:aa:ff:0f:1c]

RSSI: -48 [da:ee:aa:ff:13:3a]

RSSI: -83 [da:ee:aa:ff:0f:2c]

RSSI: -48 [da:ee:aa:ff:13:3a]

RSSI: -48 [da:ee:aa:ff:10:5b]

RSSI: -52 [da:ee:aa:ff:13:4a]

RSSI: -82 [da:ee:aa:ff:0f:4c]

RSSI: -52 [da:ee:aa:ff:13:4a]

RSSI: -83 [da:ee:aa:ff:0f:4c]

RSSI: -52 [da:ee:aa:ff:13:4a]

RSSI: -67 [da:ee:aa:ff:10:7b]

RSSI: -82 [da:ee:aa:ff:0f:4c]

RSSI: -46 [da:ee:aa:ff:13:6a]

RSSI: -46 [da:ee:aa:ff:13:6a]

RSSI: -81 [da:ee:aa:ff:0f:8c]

RSSI: -66 [da:ee:aa:ff:10:cb]

RSSI: -35 [da:ee:aa:ff:13:9a]

RSSI: -81 [da:ee:aa:ff:0f:8c]

RSSI: -66 [da:ee:aa:ff:10:cb]

RSSI: -40 [da:ee:aa:ff:13:9a]

RSSI: -66 [da:ee:aa:ff:10:cb]

RSSI: -52 [da:ee:aa:ff:13:aa]

RSSI: -81 [da:ee:aa:ff:0f:bc]

RSSI: -90 [da:ee:aa:ff:0f:bc]

RSSI: -66 [da:ee:aa:ff:10:eb]

RSSI: -83 [da:ee:aa:ff:0f:bc]

RSSI: -79 [da:ee:aa:ff:0f:cc]

RSSI: -72 [da:ee:aa:ff:11:2b]

RSSI: -46 [da:ee:aa:ff:13:ca]

RSSI: -69 [da:ee:aa:ff:11:2b]

RSSI: -78 [da:ee:aa:ff:0f:ec]

RSSI: -46 [da:ee:aa:ff:13:ca]

RSSI: -69 [da:ee:aa:ff:11:2b]

RSSI: -79 [da:ee:aa:ff:0f:ec]

RSSI: -81 [da:ee:aa:ff:0f:fc]

RSSI: -66 [da:ee:aa:ff:11:3b]

RSSI: -71 [da:ee:aa:ff:11:3b]

RSSI: -84 [da:ee:aa:ff:0f:fc]

RSSI: -48 [da:ee:aa:ff:13:fa]

RSSI: -66 [da:ee:aa:ff:11:3b]

RSSI: -79 [da:ee:aa:ff:0f:fc]

RSSI: -48 [da:ee:aa:ff:13:fa]

RSSI: -66 [da:ee:aa:ff:11:3b]

RSSI: -48 [da:ee:aa:ff:13:fa]

RSSI: -68 [da:ee:aa:ff:11:7b]

RSSI: -52 [da:ee:aa:ff:14:0a]

RSSI: -81 [da:ee:aa:ff:10:1c]

RSSI: -66 [da:ee:aa:ff:11:7b]

RSSI: -52 [da:ee:aa:ff:14:0a]

RSSI: -81 [da:ee:aa:ff:10:1c]

RSSI: -67 [da:ee:aa:ff:11:7b]

RSSI: -52 [da:ee:aa:ff:14:0a]

RSSI: -81 [da:ee:aa:ff:10:1c]

RSSI: -67 [da:ee:aa:ff:11:7b]

RSSI: -81 [da:ee:aa:ff:10:1c]

RSSI: -67 [da:ee:aa:ff:11:7b]

RSSI: -45 [da:ee:aa:ff:14:3a]

RSSI: -58 [da:ee:aa:ff:11:8b]

RSSI: -45 [da:ee:aa:ff:14:3a]

RSSI: -51 [da:ee:aa:ff:11:8b]

RSSI: -78 [da:ee:aa:ff:10:3c]

RSSI: -45 [da:ee:aa:ff:14:3a]

RSSI: -45 [da:ee:aa:ff:14:3a]

RSSI: -68 [da:ee:aa:ff:11:8b]

RSSI: -45 [da:ee:aa:ff:14:3a]

RSSI: -51 [da:ee:aa:ff:11:8b]

RSSI: -48 [da:ee:aa:ff:14:4a]

RSSI: -66 [da:ee:aa:ff:11:cb]

RSSI: -48 [da:ee:aa:ff:14:5a]

RSSI: -66 [da:ee:aa:ff:11:cb]

RSSI: -48 [da:ee:aa:ff:14:5a]

RSSI: -66 [da:ee:aa:ff:11:cb]

RSSI: -48 [da:ee:aa:ff:14:5a]

RSSI: -66 [da:ee:aa:ff:11:eb]

RSSI: -39 [da:ee:aa:ff:14:7a]

RSSI: -66 [da:ee:aa:ff:11:eb]

RSSI: -83 [da:ee:aa:ff:10:9c]

RSSI: -67 [da:ee:aa:ff:11:eb]

RSSI: -82 [da:ee:aa:ff:10:9c]

RSSI: -82 [da:ee:aa:ff:10:9c]

RSSI: -45 [da:ee:aa:ff:14:9a]

RSSI: -76 [da:ee:aa:ff:10:ac]

RSSI: -69 [da:ee:aa:ff:12:1b]

RSSI: -45 [da:ee:aa:ff:14:9a]

RSSI: -77 [da:ee:aa:ff:10:ac]

RSSI: -68 [da:ee:aa:ff:12:1b]

RSSI: -45 [da:ee:aa:ff:14:9a]

RSSI: -78 [da:ee:aa:ff:10:ac]

RSSI: -68 [da:ee:aa:ff:12:1b]

RSSI: -76 [da:ee:aa:ff:12:1b]

RSSI: -66 [da:ee:aa:ff:12:2b]

RSSI: -48 [da:ee:aa:ff:14:ba]

RSSI: -66 [da:ee:aa:ff:12:2b]

RSSI: -82 [da:ee:aa:ff:10:cc]

RSSI: -66 [da:ee:aa:ff:12:2b]

RSSI: -48 [da:ee:aa:ff:14:ca]

RSSI: -80 [da:ee:aa:ff:10:cc]

RSSI: -66 [da:ee:aa:ff:12:2b]

RSSI: -48 [da:ee:aa:ff:14:ca]

RSSI: -81 [da:ee:aa:ff:10:cc]

RSSI: -65 [da:ee:aa:ff:12:5b]

RSSI: -50 [da:ee:aa:ff:14:da]

RSSI: -66 [da:ee:aa:ff:12:5b]

RSSI: -50 [da:ee:aa:ff:14:da]

RSSI: -65 [da:ee:aa:ff:12:5b]

RSSI: -65 [da:ee:aa:ff:12:5b]

RSSI: -83 [da:ee:aa:ff:10:fc]

RSSI: -65 [da:ee:aa:ff:12:5b]

RSSI: -45 [da:ee:aa:ff:15:1a]

RSSI: -76 [da:ee:aa:ff:11:1c]

RSSI: -69 [da:ee:aa:ff:12:7b]

RSSI: -45 [da:ee:aa:ff:15:1a]

RSSI: -76 [da:ee:aa:ff:11:1c]

RSSI: -68 [da:ee:aa:ff:12:7b]

RSSI: -45 [da:ee:aa:ff:15:1a]

RSSI: -76 [da:ee:aa:ff:11:1c]

RSSI: -45 [da:ee:aa:ff:15:1a]

RSSI: -77 [da:ee:aa:ff:11:1c]

RSSI: -45 [da:ee:aa:ff:15:1a]

RSSI: -68 [da:ee:aa:ff:12:9b]

RSSI: -48 [da:ee:aa:ff:15:2a]

RSSI: -63 [da:ee:aa:ff:12:bb]

RSSI: -48 [da:ee:aa:ff:15:3a]

RSSI: -60 [da:ee:aa:ff:12:bb]

RSSI: -48 [da:ee:aa:ff:15:3a]

RSSI: -66 [da:ee:aa:ff:12:bb]

RSSI: -66 [da:ee:aa:ff:12:cb]

RSSI: -52 [da:ee:aa:ff:15:4a]

RSSI: -84 [da:ee:aa:ff:11:5c]

RSSI: -52 [da:ee:aa:ff:15:4a]

RSSI: -52 [da:ee:aa:ff:15:4a]

RSSI: -66 [da:ee:aa:ff:12:eb]

RSSI: -84 [da:ee:aa:ff:11:7c]

RSSI: -66 [da:ee:aa:ff:12:eb]

RSSI: -68 [da:ee:aa:ff:13:0b]

RSSI: -79 [da:ee:aa:ff:11:8c]

RSSI: -33 [da:ee:aa:ff:15:7a]

RSSI: -67 [da:ee:aa:ff:13:0b]

RSSI: -79 [da:ee:aa:ff:11:8c]

RSSI: -42 [da:ee:aa:ff:15:7a]

RSSI: -68 [da:ee:aa:ff:13:0b]

RSSI: -78 [da:ee:aa:ff:11:8c]

RSSI: -45 [da:ee:aa:ff:15:7a]

RSSI: -68 [da:ee:aa:ff:13:0b]

RSSI: -79 [da:ee:aa:ff:11:8c]

RSSI: -45 [da:ee:aa:ff:15:7a]

RSSI: -67 [da:ee:aa:ff:13:0b]

RSSI: -79 [da:ee:aa:ff:11:8c]

RSSI: -48 [da:ee:aa:ff:15:8a]

RSSI: -81 [da:ee:aa:ff:11:cc]

RSSI: -66 [da:ee:aa:ff:13:3b]

RSSI: -48 [da:ee:aa:ff:15:9a]

RSSI: -66 [da:ee:aa:ff:13:3b]

RSSI: -48 [da:ee:aa:ff:15:9a]

RSSI: -66 [da:ee:aa:ff:13:3b]

RSSI: -48 [da:ee:aa:ff:15:9a]

RSSI: -66 [da:ee:aa:ff:13:3b]

RSSI: -70 [da:ee:aa:ff:13:5b]

RSSI: -57 [da:ee:aa:ff:15:aa]

RSSI: -70 [da:ee:aa:ff:13:5b]

RSSI: -57 [da:ee:aa:ff:15:aa]

RSSI: -70 [da:ee:aa:ff:13:5b]

RSSI: -57 [da:ee:aa:ff:15:aa]

RSSI: -70 [da:ee:aa:ff:13:5b]

RSSI: -67 [da:ee:aa:ff:13:8b]

RSSI: -82 [da:ee:aa:ff:12:1c]

RSSI: -46 [da:ee:aa:ff:15:da]

RSSI: -67 [da:ee:aa:ff:13:8b]

RSSI: -84 [da:ee:aa:ff:12:1c]

RSSI: -46 [da:ee:aa:ff:15:da]

RSSI: -67 [da:ee:aa:ff:13:8b]

RSSI: -82 [da:ee:aa:ff:12:1c]

RSSI: -46 [da:ee:aa:ff:15:da]

RSSI: -84 [da:ee:aa:ff:12:1c]

RSSI: -46 [da:ee:aa:ff:15:da]

RSSI: -67 [da:ee:aa:ff:13:8b]

RSSI: -48 [da:ee:aa:ff:15:ea]

RSSI: -79 [da:ee:aa:ff:12:3c]

RSSI: -66 [da:ee:aa:ff:13:9b]

RSSI: -66 [da:ee:aa:ff:13:9b]

RSSI: -48 [da:ee:aa:ff:16:0a]

RSSI: -66 [da:ee:aa:ff:13:9b]

RSSI: -48 [da:ee:aa:ff:16:0a]

RSSI: -48 [da:ee:aa:ff:16:0a]

RSSI: -58 [da:ee:aa:ff:16:2a]

RSSI: -58 [da:ee:aa:ff:16:2a]

RSSI: -58 [da:ee:aa:ff:16:2a]

RSSI: -56 [da:ee:aa:ff:13:cb]

RSSI: -67 [da:ee:aa:ff:13:eb]

RSSI: -48 [da:ee:aa:ff:16:4a]

RSSI: -67 [da:ee:aa:ff:13:eb]

RSSI: -84 [da:ee:aa:ff:12:ac]

RSSI: -82 [da:ee:aa:ff:12:ac]

RSSI: -43 [da:ee:aa:ff:16:4a]

RSSI: -67 [da:ee:aa:ff:13:fb]

RSSI: -83 [da:ee:aa:ff:12:ac]

RSSI: -49 [da:ee:aa:ff:16:5a]

RSSI: -79 [da:ee:aa:ff:12:cc]

RSSI: -66 [da:ee:aa:ff:14:1b]

RSSI: -79 [da:ee:aa:ff:12:cc]

RSSI: -66 [da:ee:aa:ff:14:1b]

RSSI: -49 [da:ee:aa:ff:16:6a]

RSSI: -79 [da:ee:aa:ff:12:ec]

RSSI: -49 [da:ee:aa:ff:16:6a]

RSSI: -80 [da:ee:aa:ff:12:ec]

RSSI: -72 [da:ee:aa:ff:14:2b]

RSSI: -56 [da:ee:aa:ff:16:7a]

RSSI: -85 [da:ee:aa:ff:12:fc]

RSSI: -56 [da:ee:aa:ff:16:7a]

RSSI: -84 [da:ee:aa:ff:12:fc]

RSSI: -56 [da:ee:aa:ff:16:7a]

RSSI: -72 [da:ee:aa:ff:14:4b]

RSSI: -66 [da:ee:aa:ff:14:6b]

RSSI: -46 [da:ee:aa:ff:00:1a]

RSSI: -82 [da:ee:aa:ff:13:1c]

RSSI: -66 [da:ee:aa:ff:14:6b]

RSSI: -46 [da:ee:aa:ff:00:1a]

RSSI: -81 [da:ee:aa:ff:13:1c]

RSSI: -66 [da:ee:aa:ff:14:6b]

RSSI: -46 [da:ee:aa:ff:00:1a]

RSSI: -83 [da:ee:aa:ff:13:1c]

RSSI: -66 [da:ee:aa:ff:14:6b]

RSSI: -46 [da:ee:aa:ff:00:1a]

RSSI: -82 [da:ee:aa:ff:13:1c]

RSSI: -66 [da:ee:aa:ff:14:6b]

RSSI: -46 [da:ee:aa:ff:00:1a]

RSSI: -48 [da:ee:aa:ff:00:3a]

RSSI: -48 [da:ee:aa:ff:00:4a]

RSSI: -66 [da:ee:aa:ff:14:9b]

RSSI: -48 [da:ee:aa:ff:00:4a]

RSSI: -66 [da:ee:aa:ff:14:9b]

RSSI: -48 [da:ee:aa:ff:00:4a]

RSSI: -78 [da:ee:aa:ff:13:3c]

RSSI: -67 [da:ee:aa:ff:14:9b]

RSSI: -83 [da:ee:aa:ff:13:4c]

RSSI: -55 [da:ee:aa:ff:00:5a]

RSSI: -71 [da:ee:aa:ff:14:ab]

RSSI: -84 [da:ee:aa:ff:13:4c]

RSSI: -55 [da:ee:aa:ff:00:5a]

RSSI: -71 [da:ee:aa:ff:14:ab]

RSSI: -84 [da:ee:aa:ff:13:4c]

RSSI: -55 [da:ee:aa:ff:00:5a]

RSSI: -70 [da:ee:aa:ff:14:ab]

RSSI: -85 [da:ee:aa:ff:13:4c]

RSSI: -71 [da:ee:aa:ff:14:ab]

RSSI: -85 [da:ee:aa:ff:13:4c]

RSSI: -46 [da:ee:aa:ff:00:8a]

RSSI: -63 [da:ee:aa:ff:14:eb]

RSSI: -46 [da:ee:aa:ff:00:8a]

RSSI: -65 [da:ee:aa:ff:14:eb]

RSSI: -46 [da:ee:aa:ff:00:8a]

RSSI: -46 [da:ee:aa:ff:00:8a]

RSSI: -48 [da:ee:aa:ff:14:eb]

RSSI: -46 [da:ee:aa:ff:00:8a]

RSSI: -48 [da:ee:aa:ff:00:9a]

RSSI: -50 [da:ee:aa:ff:14:fb]

RSSI: -35 [da:ee:aa:ff:00:aa]

RSSI: -55 [da:ee:aa:ff:00:ba]

RSSI: -70 [da:ee:aa:ff:15:2b]

RSSI: -87 [da:ee:aa:ff:13:cc]

RSSI: -55 [da:ee:aa:ff:00:ba]

RSSI: -70 [da:ee:aa:ff:15:2b]

RSSI: -55 [da:ee:aa:ff:00:ba]

RSSI: -70 [da:ee:aa:ff:15:2b]

RSSI: -70 [da:ee:aa:ff:15:2b]

RSSI: -85 [da:ee:aa:ff:13:cc]

RSSI: -80 [da:ee:aa:ff:13:ec]

RSSI: -66 [da:ee:aa:ff:15:3b]

RSSI: -46 [da:ee:aa:ff:00:da]

RSSI: -46 [da:ee:aa:ff:00:da]

RSSI: -66 [da:ee:aa:ff:15:3b]

RSSI: -46 [da:ee:aa:ff:00:da]

RSSI: -66 [da:ee:aa:ff:15:5b]

RSSI: -46 [da:ee:aa:ff:00:da]

RSSI: -48 [da:ee:aa:ff:00:ea]

RSSI: -78 [da:ee:aa:ff:14:1c]

RSSI: -66 [da:ee:aa:ff:15:7b]

RSSI: -78 [da:ee:aa:ff:14:1c]

RSSI: -48 [da:ee:aa:ff:00:fa]

RSSI: -78 [da:ee:aa:ff:14:1c]

RSSI: -55 [da:ee:aa:ff:01:0a]

RSSI: -69 [da:ee:aa:ff:15:9b]

RSSI: -55 [da:ee:aa:ff:01:0a]

RSSI: -55 [da:ee:aa:ff:01:0a]

RSSI: -85 [da:ee:aa:ff:14:4c]

RSSI: -69 [da:ee:aa:ff:15:bb]

RSSI: -85 [da:ee:aa:ff:14:4c]

RSSI: -80 [da:ee:aa:ff:14:6c]

RSSI: -66 [da:ee:aa:ff:15:cb]

RSSI: -88 [da:ee:aa:ff:14:6c]

RSSI: -66 [da:ee:aa:ff:15:cb]

RSSI: -80 [da:ee:aa:ff:14:6c]

RSSI: -45 [da:ee:aa:ff:01:2a]

RSSI: -67 [da:ee:aa:ff:15:cb]

RSSI: -45 [da:ee:aa:ff:01:2a]

RSSI: -63 [da:ee:aa:ff:14:9c]

RSSI: -67 [da:ee:aa:ff:15:eb]

RSSI: -48 [da:ee:aa:ff:01:5a]

RSSI: -49 [da:ee:aa:ff:16:0b]

RSSI: -48 [da:ee:aa:ff:01:5a]

RSSI: -52 [da:ee:aa:ff:16:0b]

RSSI: -66 [da:ee:aa:ff:16:1b]

RSSI: -51 [da:ee:aa:ff:16:1b]

RSSI: -54 [da:ee:aa:ff:01:6a]

RSSI: -59 [da:ee:aa:ff:16:1b]

RSSI: -54 [da:ee:aa:ff:01:6a]

RSSI: -84 [da:ee:aa:ff:14:cc]

RSSI: -67 [da:ee:aa:ff:16:1b]

RSSI: -68 [da:ee:aa:ff:16:1b]

RSSI: -84 [da:ee:aa:ff:14:cc]

RSSI: -79 [da:ee:aa:ff:14:ec]

RSSI: -45 [da:ee:aa:ff:01:8a]

RSSI: -78 [da:ee:aa:ff:14:ec]

RSSI: -67 [da:ee:aa:ff:16:5b]

RSSI: -45 [da:ee:aa:ff:01:8a]

RSSI: -67 [da:ee:aa:ff:16:5b]

RSSI: -71 [da:ee:aa:ff:16:5b]

RSSI: -45 [da:ee:aa:ff:01:8a]

RSSI: -67 [da:ee:aa:ff:16:5b]

RSSI: -45 [da:ee:aa:ff:01:8a]

RSSI: -48 [da:ee:aa:ff:01:9a]

RSSI: -67 [da:ee:aa:ff:16:6b]

RSSI: -78 [da:ee:aa:ff:15:1c]

RSSI: -47 [da:ee:aa:ff:01:aa]

RSSI: -78 [da:ee:aa:ff:15:1c]

RSSI: -48 [da:ee:aa:ff:01:aa]

RSSI: -79 [da:ee:aa:ff:15:1c]

RSSI: -48 [da:ee:aa:ff:01:aa]

RSSI: -78 [da:ee:aa:ff:15:1c]

RSSI: -53 [da:ee:aa:ff:01:ba]

RSSI: -67 [da:ee:aa:ff:00:1b]

RSSI: -53 [da:ee:aa:ff:01:ba]

RSSI: -84 [da:ee:aa:ff:15:3c]

RSSI: -67 [da:ee:aa:ff:00:1b]

RSSI: -53 [da:ee:aa:ff:01:ba]

RSSI: -67 [da:ee:aa:ff:00:1b]

RSSI: -84 [da:ee:aa:ff:15:4c]

RSSI: -85 [da:ee:aa:ff:15:4c]

RSSI: -46 [da:ee:aa:ff:01:ea]

RSSI: -46 [da:ee:aa:ff:01:ea]

RSSI: -78 [da:ee:aa:ff:15:6c]

RSSI: -46 [da:ee:aa:ff:01:ea]

RSSI: -79 [da:ee:aa:ff:15:6c]

RSSI: -46 [da:ee:aa:ff:01:ea]

RSSI: -68 [da:ee:aa:ff:00:4b]

RSSI: -79 [da:ee:aa:ff:15:6c]

RSSI: -46 [da:ee:aa:ff:01:ea]

RSSI: -48 [da:ee:aa:ff:01:fa]

RSSI: -67 [da:ee:aa:ff:00:6b]

RSSI: -48 [da:ee:aa:ff:02:0a]

RSSI: -68 [da:ee:aa:ff:15:9c]

RSSI: -48 [da:ee:aa:ff:02:0a]

RSSI: -66 [da:ee:aa:ff:00:7b]

RSSI: -88 [da:ee:aa:ff:15:ac]

RSSI: -66 [da:ee:aa:ff:00:7b]

RSSI: -86 [da:ee:aa:ff:15:ac]

RSSI: -67 [da:ee:aa:ff:00:9b]

RSSI: -46 [da:ee:aa:ff:02:3a]

RSSI: -59 [da:ee:aa:ff:00:bb]

RSSI: -46 [da:ee:aa:ff:02:3a]

RSSI: -46 [da:ee:aa:ff:02:3a]

RSSI: -46 [da:ee:aa:ff:02:3a]

RSSI: -46 [da:ee:aa:ff:02:3a]

RSSI: -48 [da:ee:aa:ff:02:4a]

RSSI: -66 [da:ee:aa:ff:00:cb]

RSSI: -48 [da:ee:aa:ff:02:6a]

RSSI: -67 [da:ee:aa:ff:00:eb]

RSSI: -48 [da:ee:aa:ff:02:6a]

RSSI: -67 [da:ee:aa:ff:00:eb]

RSSI: -48 [da:ee:aa:ff:02:6a]

RSSI: -67 [da:ee:aa:ff:00:eb]

RSSI: -66 [da:ee:aa:ff:01:0b]

RSSI: -52 [da:ee:aa:ff:02:8a]

RSSI: -89 [da:ee:aa:ff:16:2c]

RSSI: -66 [da:ee:aa:ff:01:0b]

RSSI: -52 [da:ee:aa:ff:02:8a]

RSSI: -65 [da:ee:aa:ff:01:0b]

RSSI: -52 [da:ee:aa:ff:02:8a]

RSSI: -66 [da:ee:aa:ff:01:0b]

RSSI: -66 [da:ee:aa:ff:01:0b]

RSSI: -76 [da:ee:aa:ff:16:5c]

RSSI: -46 [da:ee:aa:ff:02:aa]

RSSI: -68 [da:ee:aa:ff:01:3b]

RSSI: -46 [da:ee:aa:ff:02:aa]

RSSI: -68 [da:ee:aa:ff:01:3b]

RSSI: -46 [da:ee:aa:ff:02:aa]

RSSI: -68 [da:ee:aa:ff:01:3b]

RSSI: -46 [da:ee:aa:ff:02:aa]

RSSI: -68 [da:ee:aa:ff:01:3b]

RSSI: -66 [da:ee:aa:ff:01:5b]

RSSI: -78 [da:ee:aa:ff:16:7c]

RSSI: -66 [da:ee:aa:ff:01:5b]

RSSI: -49 [da:ee:aa:ff:02:da]

RSSI: -78 [da:ee:aa:ff:00:0c]

RSSI: -66 [da:ee:aa:ff:01:5b]

RSSI: -48 [da:ee:aa:ff:02:da]

RSSI: -52 [da:ee:aa:ff:02:ea]

RSSI: -67 [da:ee:aa:ff:01:8b]

RSSI: -52 [da:ee:aa:ff:02:ea]

RSSI: -67 [da:ee:aa:ff:01:8b]

RSSI: -52 [da:ee:aa:ff:02:ea]

RSSI: -67 [da:ee:aa:ff:01:8b]

RSSI: -67 [da:ee:aa:ff:01:8b]

RSSI: -68 [da:ee:aa:ff:01:9b]

RSSI: -39 [da:ee:aa:ff:03:1a]

RSSI: -68 [da:ee:aa:ff:01:9b]

RSSI: -35 [da:ee:aa:ff:03:1a]

RSSI: -68 [da:ee:aa:ff:01:9b]

RSSI: -80 [da:ee:aa:ff:00:4c]

RSSI: -46 [da:ee:aa:ff:03:1a]

RSSI: -46 [da:ee:aa:ff:03:1a]

RSSI: -78 [da:ee:aa:ff:00:6c]

RSSI: -47 [da:ee:aa:ff:01:cb]

RSSI: -78 [da:ee:aa:ff:00:6c]

RSSI: -54 [da:ee:aa:ff:01:cb]

RSSI: -48 [da:ee:aa:ff:03:4a]

RSSI: -78 [da:ee:aa:ff:00:6c]

RSSI: -54 [da:ee:aa:ff:01:cb]

RSSI: -48 [da:ee:aa:ff:03:4a]

RSSI: -64 [da:ee:aa:ff:01:cb]

RSSI: -48 [da:ee:aa:ff:03:4a]

RSSI: -78 [da:ee:aa:ff:00:8c]

RSSI: -63 [da:ee:aa:ff:01:cb]

RSSI: -67 [da:ee:aa:ff:01:eb]

RSSI: -68 [da:ee:aa:ff:01:eb]

RSSI: -54 [da:ee:aa:ff:03:6a]

RSSI: -82 [da:ee:aa:ff:00:9c]

RSSI: -54 [da:ee:aa:ff:03:6a]

RSSI: -82 [da:ee:aa:ff:00:9c]

RSSI: -69 [da:ee:aa:ff:02:1b]

RSSI: -46 [da:ee:aa:ff:03:8a]

RSSI: -69 [da:ee:aa:ff:02:1b]

RSSI: -46 [da:ee:aa:ff:03:8a]

RSSI: -82 [da:ee:aa:ff:00:cc]

RSSI: -69 [da:ee:aa:ff:02:1b]

RSSI: -46 [da:ee:aa:ff:03:8a]

RSSI: -82 [da:ee:aa:ff:00:cc]

RSSI: -69 [da:ee:aa:ff:02:1b]

RSSI: -46 [da:ee:aa:ff:03:8a]

RSSI: -83 [da:ee:aa:ff:00:cc]

RSSI: -69 [da:ee:aa:ff:02:1b]

RSSI: -46 [da:ee:aa:ff:03:8a]

RSSI: -82 [da:ee:aa:ff:00:cc]

RSSI: -80 [da:ee:aa:ff:00:dc]

RSSI: -66 [da:ee:aa:ff:02:3b]

RSSI: -80 [da:ee:aa:ff:00:dc]

RSSI: -48 [da:ee:aa:ff:03:ba]

RSSI: -81 [da:ee:aa:ff:00:dc]

RSSI: -48 [da:ee:aa:ff:03:ba]

RSSI: -48 [da:ee:aa:ff:03:ba]

RSSI: -66 [da:ee:aa:ff:02:5b]

RSSI: -54 [da:ee:aa:ff:03:ca]

RSSI: -81 [da:ee:aa:ff:01:0c]

RSSI: -54 [da:ee:aa:ff:03:ca]

RSSI: -81 [da:ee:aa:ff:01:0c]

RSSI: -54 [da:ee:aa:ff:03:ca]

RSSI: -80 [da:ee:aa:ff:01:0c]

RSSI: -67 [da:ee:aa:ff:02:7b]

RSSI: -67 [da:ee:aa:ff:02:7b]

RSSI: -75 [da:ee:aa:ff:01:1c]

RSSI: -69 [da:ee:aa:ff:02:8b]

RSSI: -39 [da:ee:aa:ff:03:fa]

RSSI: -68 [da:ee:aa:ff:01:1c]

RSSI: -35 [da:ee:aa:ff:03:fa]

RSSI: -70 [da:ee:aa:ff:02:ab]

RSSI: -46 [da:ee:aa:ff:03:fa]

RSSI: -34 [da:ee:aa:ff:03:fa]

RSSI: -48 [da:ee:aa:ff:04:0a]

RSSI: -66 [da:ee:aa:ff:02:cb]

RSSI: -66 [da:ee:aa:ff:02:cb]

RSSI: -47 [da:ee:aa:ff:04:1a]

RSSI: -66 [da:ee:aa:ff:02:cb]

RSSI: -47 [da:ee:aa:ff:04:1a]

RSSI: -66 [da:ee:aa:ff:02:cb]

RSSI: -66 [da:ee:aa:ff:02:cb]

RSSI: -54 [da:ee:aa:ff:04:2a]

RSSI: -80 [da:ee:aa:ff:01:7c]

RSSI: -54 [da:ee:aa:ff:04:2a]

RSSI: -54 [da:ee:aa:ff:04:2a]

RSSI: -55 [da:ee:aa:ff:02:fb]

RSSI: -80 [da:ee:aa:ff:01:7c]

RSSI: -66 [da:ee:aa:ff:02:fb]

RSSI: -80 [da:ee:aa:ff:01:7c]

RSSI: -70 [da:ee:aa:ff:03:1b]

RSSI: -47 [da:ee:aa:ff:04:5a]

RSSI: -85 [da:ee:aa:ff:01:8c]

RSSI: -70 [da:ee:aa:ff:03:1b]

RSSI: -47 [da:ee:aa:ff:04:5a]

RSSI: -70 [da:ee:aa:ff:03:1b]

RSSI: -47 [da:ee:aa:ff:04:5a]

RSSI: -70 [da:ee:aa:ff:03:1b]

RSSI: -47 [da:ee:aa:ff:04:5a]

RSSI: -48 [da:ee:aa:ff:04:6a]

RSSI: -82 [da:ee:aa:ff:01:bc]

RSSI: -82 [da:ee:aa:ff:01:bc]

RSSI: -48 [da:ee:aa:ff:04:7a]

RSSI: -48 [da:ee:aa:ff:04:7a]

RSSI: -84 [da:ee:aa:ff:01:bc]

RSSI: -48 [da:ee:aa:ff:04:7a]

RSSI: -82 [da:ee:aa:ff:01:bc]

RSSI: -67 [da:ee:aa:ff:03:6b]

RSSI: -55 [da:ee:aa:ff:04:8a]

RSSI: -67 [da:ee:aa:ff:03:6b]

RSSI: -56 [da:ee:aa:ff:04:8a]

RSSI: -67 [da:ee:aa:ff:03:6b]

RSSI: -56 [da:ee:aa:ff:04:8a]

RSSI: -81 [da:ee:aa:ff:01:dc]

RSSI: -67 [da:ee:aa:ff:03:6b]

RSSI: -80 [da:ee:aa:ff:01:dc]

RSSI: -67 [da:ee:aa:ff:03:6b]

RSSI: -81 [da:ee:aa:ff:01:dc]

RSSI: -47 [da:ee:aa:ff:04:ba]

RSSI: -70 [da:ee:aa:ff:03:9b]

RSSI: -47 [da:ee:aa:ff:04:ba]

RSSI: -70 [da:ee:aa:ff:03:9b]

RSSI: -47 [da:ee:aa:ff:04:ba]

RSSI: -70 [da:ee:aa:ff:03:9b]

RSSI: -47 [da:ee:aa:ff:04:ba]

RSSI: -70 [da:ee:aa:ff:03:9b]

RSSI: -47 [da:ee:aa:ff:04:ba]

RSSI: -48 [da:ee:aa:ff:04:ca]

RSSI: -66 [da:ee:aa:ff:03:bb]

RSSI: -66 [da:ee:aa:ff:03:bb]

RSSI: -48 [da:ee:aa:ff:04:ea]

RSSI: -65 [da:ee:aa:ff:03:bb]

RSSI: -40 [da:ee:aa:ff:04:ea]

RSSI: -65 [da:ee:aa:ff:03:bb]

RSSI: -67 [da:ee:aa:ff:02:1c]

RSSI: -55 [da:ee:aa:ff:04:fa]

RSSI: -81 [da:ee:aa:ff:02:3c]

RSSI: -67 [da:ee:aa:ff:03:eb]

RSSI: -55 [da:ee:aa:ff:04:fa]

RSSI: -81 [da:ee:aa:ff:02:3c]

RSSI: -67 [da:ee:aa:ff:03:eb]

RSSI: -55 [da:ee:aa:ff:04:fa]

RSSI: -67 [da:ee:aa:ff:03:eb]

RSSI: -67 [da:ee:aa:ff:03:eb]

RSSI: -87 [da:ee:aa:ff:02:7c]

RSSI: -47 [da:ee:aa:ff:05:3a]

RSSI: -52 [da:ee:aa:ff:04:0b]

RSSI: -47 [da:ee:aa:ff:05:3a]

RSSI: -69 [da:ee:aa:ff:04:0b]

RSSI: -85 [da:ee:aa:ff:02:7c]

RSSI: -47 [da:ee:aa:ff:05:3a]

RSSI: -46 [da:ee:aa:ff:05:3a]

RSSI: -52 [da:ee:aa:ff:04:1b]

RSSI: -83 [da:ee:aa:ff:02:7c]

RSSI: -48 [da:ee:aa:ff:05:4a]

RSSI: -66 [da:ee:aa:ff:04:3b]

RSSI: -81 [da:ee:aa:ff:02:ac]

RSSI: -66 [da:ee:aa:ff:04:3b]

RSSI: -81 [da:ee:aa:ff:02:bc]

RSSI: -66 [da:ee:aa:ff:04:5b]

RSSI: -54 [da:ee:aa:ff:05:7a]

RSSI: -82 [da:ee:aa:ff:02:bc]

RSSI: -67 [da:ee:aa:ff:04:5b]

RSSI: -54 [da:ee:aa:ff:05:7a]

RSSI: -82 [da:ee:aa:ff:02:bc]

RSSI: -66 [da:ee:aa:ff:04:5b]

RSSI: -55 [da:ee:aa:ff:05:7a]

RSSI: -66 [da:ee:aa:ff:04:7b]

RSSI: -82 [da:ee:aa:ff:02:dc]

RSSI: -46 [da:ee:aa:ff:05:aa]

RSSI: -46 [da:ee:aa:ff:05:aa]

RSSI: -46 [da:ee:aa:ff:05:aa]

RSSI: -46 [da:ee:aa:ff:05:aa]

RSSI: -48 [da:ee:aa:ff:05:ca]

RSSI: -80 [da:ee:aa:ff:03:0c]

RSSI: -66 [da:ee:aa:ff:04:ab]

RSSI: -35 [da:ee:aa:ff:05:da]

RSSI: -76 [da:ee:aa:ff:03:1c]

RSSI: -39 [da:ee:aa:ff:05:da]

RSSI: -80 [da:ee:aa:ff:03:1c]

RSSI: -66 [da:ee:aa:ff:04:cb]

RSSI: -43 [da:ee:aa:ff:05:da]

RSSI: -66 [da:ee:aa:ff:04:cb]

RSSI: -55 [da:ee:aa:ff:05:ea]

RSSI: -55 [da:ee:aa:ff:05:ea]

RSSI: -66 [da:ee:aa:ff:04:db]

RSSI: -69 [da:ee:aa:ff:04:fb]

RSSI: -47 [da:ee:aa:ff:06:0a]

RSSI: -88 [da:ee:aa:ff:03:7c]

RSSI: -47 [da:ee:aa:ff:06:0a]

RSSI: -69 [da:ee:aa:ff:05:1b]

RSSI: -47 [da:ee:aa:ff:06:0a]

RSSI: -69 [da:ee:aa:ff:05:1b]

RSSI: -85 [da:ee:aa:ff:03:7c]

RSSI: -47 [da:ee:aa:ff:06:0a]

RSSI: -88 [da:ee:aa:ff:03:7c]

RSSI: -48 [da:ee:aa:ff:06:1a]

RSSI: -81 [da:ee:aa:ff:03:9c]

RSSI: -48 [da:ee:aa:ff:05:2b]

RSSI: -79 [da:ee:aa:ff:03:9c]

RSSI: -55 [da:ee:aa:ff:06:4a]

RSSI: -55 [da:ee:aa:ff:06:4a]

RSSI: -54 [da:ee:aa:ff:06:4a]

RSSI: -66 [da:ee:aa:ff:05:6b]

RSSI: -66 [da:ee:aa:ff:05:6b]

RSSI: -47 [da:ee:aa:ff:06:7a]

RSSI: -47 [da:ee:aa:ff:06:7a]

RSSI: -69 [da:ee:aa:ff:05:7b]

RSSI: -47 [da:ee:aa:ff:06:7a]

RSSI: -69 [da:ee:aa:ff:05:7b]

RSSI: -47 [da:ee:aa:ff:06:7a]

RSSI: -69 [da:ee:aa:ff:05:7b]

RSSI: -66 [da:ee:aa:ff:05:bb]

RSSI: -66 [da:ee:aa:ff:05:bb]

RSSI: -66 [da:ee:aa:ff:05:bb]

RSSI: -50 [da:ee:aa:ff:06:ca]

RSSI: -52 [da:ee:aa:ff:06:ca]

RSSI: -67 [da:ee:aa:ff:04:4c]

RSSI: -47 [da:ee:aa:ff:06:fa]

RSSI: -69 [da:ee:aa:ff:05:fb]

RSSI: -47 [da:ee:aa:ff:06:fa]

RSSI: -69 [da:ee:aa:ff:05:fb]

RSSI: -47 [da:ee:aa:ff:06:fa]

RSSI: -69 [da:ee:aa:ff:05:fb]

RSSI: -47 [da:ee:aa:ff:06:fa]

RSSI: -69 [da:ee:aa:ff:05:fb]

RSSI: -47 [da:ee:aa:ff:06:fa]

RSSI: -67 [da:ee:aa:ff:06:0b]

RSSI: -49 [da:ee:aa:ff:07:0a]

RSSI: -79 [da:ee:aa:ff:04:9c]

RSSI: -67 [da:ee:aa:ff:06:0b]

RSSI: -81 [da:ee:aa:ff:04:9c]

RSSI: -49 [da:ee:aa:ff:07:1a]

RSSI: -67 [da:ee:aa:ff:06:0b]

RSSI: -79 [da:ee:aa:ff:04:9c]

RSSI: -49 [da:ee:aa:ff:07:1a]

RSSI: -67 [da:ee:aa:ff:06:0b]

RSSI: -79 [da:ee:aa:ff:04:9c]

RSSI: -49 [da:ee:aa:ff:07:1a]

RSSI: -49 [da:ee:aa:ff:06:4b]

RSSI: -54 [da:ee:aa:ff:07:3a]

RSSI: -85 [da:ee:aa:ff:04:dc]

RSSI: -56 [da:ee:aa:ff:06:4b]

RSSI: -54 [da:ee:aa:ff:07:3a]

RSSI: -85 [da:ee:aa:ff:04:dc]

RSSI: -49 [da:ee:aa:ff:06:4b]

RSSI: -54 [da:ee:aa:ff:07:3a]

RSSI: -85 [da:ee:aa:ff:04:dc]

RSSI: -66 [da:ee:aa:ff:06:4b]

RSSI: -63 [da:ee:aa:ff:06:4b]

RSSI: -48 [da:ee:aa:ff:07:5a]

RSSI: -48 [da:ee:aa:ff:07:5a]

RSSI: -48 [da:ee:aa:ff:07:5a]

RSSI: -72 [da:ee:aa:ff:06:5b]

RSSI: -48 [da:ee:aa:ff:07:5a]

RSSI: -71 [da:ee:aa:ff:06:7b]

RSSI: -86 [da:ee:aa:ff:05:0c]

RSSI: -48 [da:ee:aa:ff:07:5a]

RSSI: -72 [da:ee:aa:ff:06:7b]

RSSI: -68 [da:ee:aa:ff:06:9b]

RSSI: -50 [da:ee:aa:ff:07:6a]

RSSI: -81 [da:ee:aa:ff:05:2c]

RSSI: -68 [da:ee:aa:ff:06:9b]

RSSI: -80 [da:ee:aa:ff:05:2c]

RSSI: -50 [da:ee:aa:ff:07:7a]

RSSI: -80 [da:ee:aa:ff:05:2c]

RSSI: -50 [da:ee:aa:ff:07:7a]

RSSI: -81 [da:ee:aa:ff:05:2c]

RSSI: -50 [da:ee:aa:ff:07:7a]

RSSI: -67 [da:ee:aa:ff:06:ab]

RSSI: -52 [da:ee:aa:ff:07:9a]

RSSI: -52 [da:ee:aa:ff:07:9a]

RSSI: -52 [da:ee:aa:ff:07:9a]

RSSI: -67 [da:ee:aa:ff:06:cb]

RSSI: -35 [da:ee:aa:ff:07:ca]

RSSI: -71 [da:ee:aa:ff:06:db]

RSSI: -44 [da:ee:aa:ff:07:ca]

RSSI: -71 [da:ee:aa:ff:06:db]

RSSI: -48 [da:ee:aa:ff:07:ca]

RSSI: -71 [da:ee:aa:ff:06:db]

RSSI: -88 [da:ee:aa:ff:05:7c]

RSSI: -37 [da:ee:aa:ff:07:ca]

RSSI: -71 [da:ee:aa:ff:06:db]

RSSI: -37 [da:ee:aa:ff:07:ca]

RSSI: -72 [da:ee:aa:ff:06:db]

RSSI: -69 [da:ee:aa:ff:06:fb]

RSSI: -50 [da:ee:aa:ff:07:ea]

RSSI: -68 [da:ee:aa:ff:06:fb]

RSSI: -50 [da:ee:aa:ff:07:fa]

RSSI: -68 [da:ee:aa:ff:07:1b]

RSSI: -50 [da:ee:aa:ff:07:fa]

RSSI: -68 [da:ee:aa:ff:07:1b]

RSSI: -81 [da:ee:aa:ff:05:ac]

RSSI: -50 [da:ee:aa:ff:07:fa]

RSSI: -52 [da:ee:aa:ff:08:0a]

RSSI: -67 [da:ee:aa:ff:07:3b]

RSSI: -52 [da:ee:aa:ff:08:0a]

RSSI: -67 [da:ee:aa:ff:07:3b]

RSSI: -52 [da:ee:aa:ff:08:0a]

RSSI: -66 [da:ee:aa:ff:07:3b]

RSSI: -52 [da:ee:aa:ff:08:0a]

RSSI: -67 [da:ee:aa:ff:07:3b]

RSSI: -66 [da:ee:aa:ff:07:3b]

RSSI: -71 [da:ee:aa:ff:07:4b]

RSSI: -48 [da:ee:aa:ff:08:3a]

RSSI: -48 [da:ee:aa:ff:08:3a]

RSSI: -71 [da:ee:aa:ff:07:6b]

RSSI: -48 [da:ee:aa:ff:08:3a]

RSSI: -59 [da:ee:aa:ff:07:6b]

RSSI: -88 [da:ee:aa:ff:05:fc]

RSSI: -48 [da:ee:aa:ff:08:3a]

RSSI: -60 [da:ee:aa:ff:07:6b]

RSSI: -48 [da:ee:aa:ff:08:3a]

RSSI: -68 [da:ee:aa:ff:07:6b]

RSSI: -62 [da:ee:aa:ff:07:8b]

RSSI: -50 [da:ee:aa:ff:08:5a]

RSSI: -79 [da:ee:aa:ff:06:0c]

RSSI: -63 [da:ee:aa:ff:07:8b]

RSSI: -80 [da:ee:aa:ff:06:0c]

RSSI: -50 [da:ee:aa:ff:08:6a]

RSSI: -80 [da:ee:aa:ff:06:0c]

RSSI: -50 [da:ee:aa:ff:08:6a]

RSSI: -50 [da:ee:aa:ff:08:6a]

RSSI: -82 [da:ee:aa:ff:06:4c]

RSSI: -52 [da:ee:aa:ff:08:8a]

RSSI: -83 [da:ee:aa:ff:06:4c]

RSSI: -52 [da:ee:aa:ff:08:8a]

RSSI: -66 [da:ee:aa:ff:07:bb]

RSSI: -52 [da:ee:aa:ff:08:8a]

RSSI: -66 [da:ee:aa:ff:07:bb]

RSSI: -83 [da:ee:aa:ff:06:4c]

RSSI: -70 [da:ee:aa:ff:07:db]

RSSI: -87 [da:ee:aa:ff:06:6c]

RSSI: -44 [da:ee:aa:ff:08:ba]

RSSI: -71 [da:ee:aa:ff:07:db]

RSSI: -71 [da:ee:aa:ff:07:db]

RSSI: -71 [da:ee:aa:ff:07:db]

RSSI: -36 [da:ee:aa:ff:08:ba]

RSSI: -50 [da:ee:aa:ff:08:ca]

RSSI: -65 [da:ee:aa:ff:06:9c]

RSSI: -68 [da:ee:aa:ff:08:0b]

RSSI: -78 [da:ee:aa:ff:06:9c]

RSSI: -68 [da:ee:aa:ff:08:0b]

RSSI: -50 [da:ee:aa:ff:08:ea]

RSSI: -68 [da:ee:aa:ff:08:0b]

RSSI: -50 [da:ee:aa:ff:08:ea]

RSSI: -68 [da:ee:aa:ff:08:0b]

RSSI: -66 [da:ee:aa:ff:08:2b]

RSSI: -53 [da:ee:aa:ff:08:fa]

RSSI: -66 [da:ee:aa:ff:08:2b]

RSSI: -53 [da:ee:aa:ff:08:fa]

RSSI: -66 [da:ee:aa:ff:08:2b]

RSSI: -53 [da:ee:aa:ff:08:fa]

RSSI: -82 [da:ee:aa:ff:06:bc]

RSSI: -71 [da:ee:aa:ff:08:5b]

RSSI: -48 [da:ee:aa:ff:09:2a]

RSSI: -71 [da:ee:aa:ff:08:5b]

RSSI: -49 [da:ee:aa:ff:09:2a]

RSSI: -71 [da:ee:aa:ff:08:5b]

RSSI: -48 [da:ee:aa:ff:09:2a]

RSSI: -70 [da:ee:aa:ff:08:5b]

RSSI: -48 [da:ee:aa:ff:09:2a]

RSSI: -71 [da:ee:aa:ff:08:5b]

RSSI: -49 [da:ee:aa:ff:09:2a]

RSSI: -50 [da:ee:aa:ff:09:4a]

RSSI: -68 [da:ee:aa:ff:08:7b]

RSSI: -50 [da:ee:aa:ff:09:4a]

RSSI: -77 [da:ee:aa:ff:06:fc]

RSSI: -68 [da:ee:aa:ff:08:7b]

RSSI: -50 [da:ee:aa:ff:09:6a]

RSSI: -50 [da:ee:aa:ff:09:6a]

RSSI: -53 [da:ee:aa:ff:09:8a]

RSSI: -58 [da:ee:aa:ff:08:ab]

RSSI: -49 [da:ee:aa:ff:09:ca]

RSSI: -49 [da:ee:aa:ff:09:ca]

RSSI: -50 [da:ee:aa:ff:09:da]

RSSI: -77 [da:ee:aa:ff:07:8c]

RSSI: -68 [da:ee:aa:ff:08:fb]

RSSI: -77 [da:ee:aa:ff:07:8c]

RSSI: -78 [da:ee:aa:ff:07:8c]

RSSI: -53 [da:ee:aa:ff:0a:0a]

RSSI: -53 [da:ee:aa:ff:0a:0a]

RSSI: -77 [da:ee:aa:ff:07:ac]

RSSI: -53 [da:ee:aa:ff:0a:0a]

RSSI: -53 [da:ee:aa:ff:0a:0a]

RSSI: -53 [da:ee:aa:ff:0a:0a]

RSSI: -49 [da:ee:aa:ff:0a:3a]

RSSI: -49 [da:ee:aa:ff:0a:3a]

RSSI: -50 [da:ee:aa:ff:0a:4a]

RSSI: -79 [da:ee:aa:ff:07:fc]

RSSI: -50 [da:ee:aa:ff:0a:4a]

RSSI: -79 [da:ee:aa:ff:07:fc]

RSSI: -50 [da:ee:aa:ff:0a:4a]

RSSI: -79 [da:ee:aa:ff:08:0c]

RSSI: -50 [da:ee:aa:ff:0a:5a]

RSSI: -68 [da:ee:aa:ff:09:7b]

RSSI: -78 [da:ee:aa:ff:08:0c]

RSSI: -53 [da:ee:aa:ff:0a:7a]

RSSI: -82 [da:ee:aa:ff:08:1c]

RSSI: -67 [da:ee:aa:ff:09:9b]

RSSI: -53 [da:ee:aa:ff:0a:7a]

RSSI: -82 [da:ee:aa:ff:08:1c]

RSSI: -67 [da:ee:aa:ff:09:9b]

RSSI: -67 [da:ee:aa:ff:09:9b]

RSSI: -71 [da:ee:aa:ff:09:ab]

RSSI: -48 [da:ee:aa:ff:0a:9a]

RSSI: -48 [da:ee:aa:ff:0a:9a]

RSSI: -48 [da:ee:aa:ff:0a:9a]

RSSI: -67 [da:ee:aa:ff:09:cb]

RSSI: -48 [da:ee:aa:ff:0a:9a]

RSSI: -55 [da:ee:aa:ff:09:cb]

RSSI: -78 [da:ee:aa:ff:08:6c]

RSSI: -68 [da:ee:aa:ff:09:eb]

RSSI: -50 [da:ee:aa:ff:0a:ba]

RSSI: -79 [da:ee:aa:ff:08:6c]

RSSI: -68 [da:ee:aa:ff:09:eb]

RSSI: -50 [da:ee:aa:ff:0a:ba]

RSSI: -78 [da:ee:aa:ff:08:6c]

RSSI: -68 [da:ee:aa:ff:09:eb]

RSSI: -50 [da:ee:aa:ff:0a:ba]

RSSI: -68 [da:ee:aa:ff:09:eb]

RSSI: -68 [da:ee:aa:ff:09:eb]

RSSI: -85 [da:ee:aa:ff:08:9c]

RSSI: -47 [da:ee:aa:ff:0a:ea]

RSSI: -84 [da:ee:aa:ff:08:9c]

RSSI: -67 [da:ee:aa:ff:0a:0b]

RSSI: -84 [da:ee:aa:ff:08:9c]

RSSI: -54 [da:ee:aa:ff:0a:ea]

RSSI: -48 [da:ee:aa:ff:0b:0a]

RSSI: -73 [da:ee:aa:ff:0a:2b]

RSSI: -72 [da:ee:aa:ff:0a:2b]

RSSI: -48 [da:ee:aa:ff:0b:1a]

RSSI: -72 [da:ee:aa:ff:0a:2b]

RSSI: -48 [da:ee:aa:ff:0b:1a]

RSSI: -83 [da:ee:aa:ff:08:cc]

RSSI: -72 [da:ee:aa:ff:0a:2b]

RSSI: -48 [da:ee:aa:ff:0b:1a]

RSSI: -50 [da:ee:aa:ff:0b:2a]

RSSI: -78 [da:ee:aa:ff:08:ec]

RSSI: -50 [da:ee:aa:ff:0b:2a]

RSSI: -50 [da:ee:aa:ff:0b:2a]

RSSI: -78 [da:ee:aa:ff:08:ec]

RSSI: -50 [da:ee:aa:ff:0b:2a]

RSSI: -78 [da:ee:aa:ff:08:ec]

RSSI: -68 [da:ee:aa:ff:0a:5b]

RSSI: -55 [da:ee:aa:ff:0b:5a]

RSSI: -67 [da:ee:aa:ff:0a:7b]

RSSI: -55 [da:ee:aa:ff:0b:5a]

RSSI: -67 [da:ee:aa:ff:0a:7b]

RSSI: -55 [da:ee:aa:ff:0b:5a]

RSSI: -67 [da:ee:aa:ff:0a:7b]

RSSI: -55 [da:ee:aa:ff:0b:5a]

RSSI: -67 [da:ee:aa:ff:0a:7b]

RSSI: -55 [da:ee:aa:ff:0b:5a]

RSSI: -48 [da:ee:aa:ff:0b:7a]

RSSI: -72 [da:ee:aa:ff:0a:bb]

RSSI: -48 [da:ee:aa:ff:0b:8a]

RSSI: -48 [da:ee:aa:ff:0b:8a]

RSSI: -48 [da:ee:aa:ff:0b:8a]

RSSI: -60 [da:ee:aa:ff:0a:cb]

RSSI: -50 [da:ee:aa:ff:0b:9a]

RSSI: -63 [da:ee:aa:ff:0a:cb]

RSSI: -50 [da:ee:aa:ff:0b:9a]

RSSI: -50 [da:ee:aa:ff:0b:9a]

RSSI: -60 [da:ee:aa:ff:0a:cb]

RSSI: -50 [da:ee:aa:ff:0b:9a]

RSSI: -62 [da:ee:aa:ff:0a:cb]

RSSI: -50 [da:ee:aa:ff:0b:9a]

RSSI: -81 [da:ee:aa:ff:09:7c]

RSSI: -47 [da:ee:aa:ff:0b:ca]

RSSI: -71 [da:ee:aa:ff:0b:1b]

RSSI: -48 [da:ee:aa:ff:0b:da]

RSSI: -72 [da:ee:aa:ff:0b:1b]

RSSI: -48 [da:ee:aa:ff:0b:da]

RSSI: -84 [da:ee:aa:ff:09:ac]

RSSI: -72 [da:ee:aa:ff:0b:1b]

RSSI: -83 [da:ee:aa:ff:09:ac]

RSSI: -47 [da:ee:aa:ff:0b:ea]

RSSI: -48 [da:ee:aa:ff:0b:ea]

RSSI: -50 [da:ee:aa:ff:0c:0a]

RSSI: -70 [da:ee:aa:ff:09:dc]

RSSI: -68 [da:ee:aa:ff:0b:5b]

RSSI: -82 [da:ee:aa:ff:09:ec]

RSSI: -81 [da:ee:aa:ff:09:ec]

RSSI: -54 [da:ee:aa:ff:0c:3a]

RSSI: -72 [da:ee:aa:ff:0b:8b]

RSSI: -47 [da:ee:aa:ff:0c:4a]

RSSI: -83 [da:ee:aa:ff:0a:2c]

RSSI: -72 [da:ee:aa:ff:0b:8b]

RSSI: -47 [da:ee:aa:ff:0c:5a]

RSSI: -69 [da:ee:aa:ff:0b:ab]

RSSI: -89 [da:ee:aa:ff:0a:3c]

RSSI: -69 [da:ee:aa:ff:0b:ab]

RSSI: -71 [da:ee:aa:ff:0b:ab]

RSSI: -92 [da:ee:aa:ff:0a:5c]

RSSI: -49 [da:ee:aa:ff:0c:7a]

RSSI: -79 [da:ee:aa:ff:0a:5c]

RSSI: -67 [da:ee:aa:ff:0b:eb]

RSSI: -64 [da:ee:aa:ff:0b:eb]

RSSI: -81 [da:ee:aa:ff:0a:7c]

RSSI: -57 [da:ee:aa:ff:0b:eb]

RSSI: -54 [da:ee:aa:ff:0c:9a]

RSSI: -81 [da:ee:aa:ff:0a:7c]

RSSI: -67 [da:ee:aa:ff:0b:eb]

RSSI: -54 [da:ee:aa:ff:0c:9a]

RSSI: -81 [da:ee:aa:ff:0a:7c]

RSSI: -50 [da:ee:aa:ff:0b:eb]

RSSI: -54 [da:ee:aa:ff:0c:9a]

RSSI: -71 [da:ee:aa:ff:0c:0b]

RSSI: -41 [da:ee:aa:ff:0c:ba]

RSSI: -72 [da:ee:aa:ff:0c:0b]

RSSI: -82 [da:ee:aa:ff:0a:ac]

RSSI: -37 [da:ee:aa:ff:0c:ba]

RSSI: -71 [da:ee:aa:ff:0c:2b]

RSSI: -83 [da:ee:aa:ff:0a:ac]

RSSI: -71 [da:ee:aa:ff:0c:2b]

RSSI: -70 [da:ee:aa:ff:0c:3b]

RSSI: -49 [da:ee:aa:ff:0c:ea]

RSSI: -69 [da:ee:aa:ff:0c:3b]

RSSI: -49 [da:ee:aa:ff:0c:ea]

RSSI: -69 [da:ee:aa:ff:0c:3b]

RSSI: -54 [da:ee:aa:ff:0c:fa]

RSSI: -71 [da:ee:aa:ff:0a:fc]

RSSI: -67 [da:ee:aa:ff:0c:5b]

RSSI: -67 [da:ee:aa:ff:0c:5b]

RSSI: -54 [da:ee:aa:ff:0d:0a]

RSSI: -67 [da:ee:aa:ff:0c:7b]

RSSI: -53 [da:ee:aa:ff:0d:0a]

RSSI: -80 [da:ee:aa:ff:0a:fc]

RSSI: -71 [da:ee:aa:ff:0c:8b]

RSSI: -48 [da:ee:aa:ff:0d:1a]

RSSI: -71 [da:ee:aa:ff:0c:8b]

RSSI: -48 [da:ee:aa:ff:0d:1a]

RSSI: -71 [da:ee:aa:ff:0c:8b]

RSSI: -48 [da:ee:aa:ff:0d:1a]

RSSI: -84 [da:ee:aa:ff:0b:2c]

RSSI: -71 [da:ee:aa:ff:0c:8b]

RSSI: -48 [da:ee:aa:ff:0d:1a]

RSSI: -86 [da:ee:aa:ff:0b:2c]

RSSI: -71 [da:ee:aa:ff:0c:8b]

RSSI: -50 [da:ee:aa:ff:0d:5a]

RSSI: -81 [da:ee:aa:ff:0b:4c]

RSSI: -68 [da:ee:aa:ff:0c:ab]

RSSI: -49 [da:ee:aa:ff:0d:5a]

RSSI: -79 [da:ee:aa:ff:0b:4c]

RSSI: -49 [da:ee:aa:ff:0d:5a]

RSSI: -69 [da:ee:aa:ff:0c:cb]

RSSI: -49 [da:ee:aa:ff:0d:5a]

RSSI: -80 [da:ee:aa:ff:0b:4c]

RSSI: -68 [da:ee:aa:ff:0c:cb]

RSSI: -49 [da:ee:aa:ff:0d:5a]

RSSI: -53 [da:ee:aa:ff:0d:6a]

RSSI: -66 [da:ee:aa:ff:0c:db]

RSSI: -53 [da:ee:aa:ff:0d:6a]

RSSI: -67 [da:ee:aa:ff:0c:db]

RSSI: -66 [da:ee:aa:ff:0c:db]

RSSI: -54 [da:ee:aa:ff:0d:8a]

RSSI: -66 [da:ee:aa:ff:0c:db]

RSSI: -81 [da:ee:aa:ff:0b:7c]

RSSI: -54 [da:ee:aa:ff:0d:8a]

RSSI: -71 [da:ee:aa:ff:0c:fb]

RSSI: -48 [da:ee:aa:ff:0d:9a]

RSSI: -85 [da:ee:aa:ff:0b:9c]

RSSI: -47 [da:ee:aa:ff:0d:9a]

RSSI: -71 [da:ee:aa:ff:0d:1b]

RSSI: -48 [da:ee:aa:ff:0d:9a]

RSSI: -84 [da:ee:aa:ff:0b:9c]

RSSI: -70 [da:ee:aa:ff:0d:1b]

RSSI: -47 [da:ee:aa:ff:0d:9a]

RSSI: -84 [da:ee:aa:ff:0b:9c]

RSSI: -65 [da:ee:aa:ff:0d:1b]

RSSI: -48 [da:ee:aa:ff:0d:9a]

RSSI: -78 [da:ee:aa:ff:0b:cc]

RSSI: -80 [da:ee:aa:ff:0b:cc]

RSSI: -78 [da:ee:aa:ff:0b:cc]

RSSI: -47 [da:ee:aa:ff:0d:ba]

RSSI: -77 [da:ee:aa:ff:0b:cc]

RSSI: -66 [da:ee:aa:ff:0d:4b]

RSSI: -54 [da:ee:aa:ff:0d:da]

RSSI: -67 [da:ee:aa:ff:0d:6b]

RSSI: -66 [da:ee:aa:ff:0d:6b]

RSSI: -66 [da:ee:aa:ff:0d:6b]

RSSI: -54 [da:ee:aa:ff:0d:ea]

RSSI: -48 [da:ee:aa:ff:0d:fa]

RSSI: -48 [da:ee:aa:ff:0d:fa]

RSSI: -47 [da:ee:aa:ff:0d:fa]

RSSI: -68 [da:ee:aa:ff:0d:9b]

RSSI: -49 [da:ee:aa:ff:0e:1a]

RSSI: -68 [da:ee:aa:ff:0d:9b]

RSSI: -49 [da:ee:aa:ff:0e:1a]

RSSI: -49 [da:ee:aa:ff:0e:1a]

RSSI: -68 [da:ee:aa:ff:0d:9b]

RSSI: -79 [da:ee:aa:ff:0c:5c]

RSSI: -83 [da:ee:aa:ff:0c:5c]

RSSI: -68 [da:ee:aa:ff:0d:db]

RSSI: -68 [da:ee:aa:ff:0d:db]

RSSI: -47 [da:ee:aa:ff:0e:7a]

RSSI: -69 [da:ee:aa:ff:0d:db]

RSSI: -84 [da:ee:aa:ff:0c:7c]

RSSI: -47 [da:ee:aa:ff:0e:7a]

RSSI: -68 [da:ee:aa:ff:0d:db]

RSSI: -47 [da:ee:aa:ff:0e:7a]

RSSI: -68 [da:ee:aa:ff:0d:db]

RSSI: -67 [da:ee:aa:ff:0d:fb]

RSSI: -49 [da:ee:aa:ff:0e:8a]

RSSI: -78 [da:ee:aa:ff:0c:8c]

RSSI: -67 [da:ee:aa:ff:0d:fb]

RSSI: