
RSSI: -73 [da:ee:aa:ff:11:6c]

RSSI: -72 [da:ee:aa:ff:11:6c]

RSSI: -69 [da:ee:aa:ff:13:4b]

RSSI: -72 [da:ee:aa:ff:11:6c]

RSSI: -51 [da:ee:aa:ff:13:1a]

RSSI: -69 [da:ee:aa:ff:13:4b]

RSSI: -72 [da:ee:aa:ff:11:6c]

RSSI: -51 [da:ee:aa:ff:13:1a]

RSSI: -69 [da:ee:aa:ff:13:4b]

RSSI: -71 [da:ee:aa:ff:11:6c]

RSSI: -54 [da:ee:aa:ff:01:5b]

RSSI: -76 [da:ee:aa:ff:00:5c]

RSSI: -49 [da:ee:aa:ff:03:fa]

RSSI: -48 [da:ee:aa:ff:04:0a]

RSSI: -79 [da:ee:aa:ff:00:7c]

RSSI: -48 [da:ee:aa:ff:04:0a]

RSSI: -64 [da:ee:aa:ff:01:7b]

RSSI: -79 [da:ee:aa:ff:00:7c]

RSSI: -48 [da:ee:aa:ff:04:0a]

RSSI: -69 [da:ee:aa:ff:01:7b]

RSSI: -48 [da:ee:aa:ff:04:0a]

RSSI: -69 [da:ee:aa:ff:01:7b]

RSSI: -48 [da:ee:aa:ff:04:0a]

RSSI: -75 [da:ee:aa:ff:00:9c]

RSSI: -76 [da:ee:aa:ff:00:9c]

RSSI: -50 [da:ee:aa:ff:04:2a]

RSSI: -75 [da:ee:aa:ff:00:9c]

RSSI: -41 [da:ee:aa:ff:04:2a]

RSSI: -75 [da:ee:aa:ff:00:9c]

RSSI: -46 [da:ee:aa:ff:04:2a]

RSSI: -76 [da:ee:aa:ff:00:9c]

RSSI: -76 [da:ee:aa:ff:00:bc]

RSSI: -50 [da:ee:aa:ff:04:3a]

RSSI: -69 [da:ee:aa:ff:01:db]

RSSI: -50 [da:ee:aa:ff:04:3a]

RSSI: -68 [da:ee:aa:ff:01:db]

RSSI: -76 [da:ee:aa:ff:00:dc]

RSSI: -50 [da:ee:aa:ff:04:3a]

RSSI: -68 [da:ee:aa:ff:01:db]

RSSI: -76 [da:ee:aa:ff:00:dc]

RSSI: -75 [da:ee:aa:ff:00:dc]

RSSI: -50 [da:ee:aa:ff:04:4a]

RSSI: -69 [da:ee:aa:ff:01:fb]

RSSI: -74 [da:ee:aa:ff:02:1b]

RSSI: -78 [da:ee:aa:ff:00:ec]

RSSI: -48 [da:ee:aa:ff:04:5a]

RSSI: -68 [da:ee:aa:ff:02:1b]

RSSI: -78 [da:ee:aa:ff:00:ec]

RSSI: -48 [da:ee:aa:ff:04:5a]

RSSI: -69 [da:ee:aa:ff:02:1b]

RSSI: -77 [da:ee:aa:ff:00:ec]

RSSI: -48 [da:ee:aa:ff:04:5a]

RSSI: -69 [da:ee:aa:ff:02:1b]

RSSI: -77 [da:ee:aa:ff:01:0c]

RSSI: -50 [da:ee:aa:ff:04:9a]

RSSI: -70 [da:ee:aa:ff:02:3b]

RSSI: -50 [da:ee:aa:ff:04:9a]

RSSI: -77 [da:ee:aa:ff:01:0c]

RSSI: -50 [da:ee:aa:ff:04:9a]

RSSI: -76 [da:ee:aa:ff:01:0c]

RSSI: -76 [da:ee:aa:ff:01:1c]

RSSI: -50 [da:ee:aa:ff:04:ba]

RSSI: -68 [da:ee:aa:ff:02:6b]

RSSI: -76 [da:ee:aa:ff:01:1c]

RSSI: -50 [da:ee:aa:ff:04:ba]

RSSI: -68 [da:ee:aa:ff:02:6b]

RSSI: -50 [da:ee:aa:ff:04:ba]

RSSI: -68 [da:ee:aa:ff:02:6b]

RSSI: -76 [da:ee:aa:ff:01:2c]

RSSI: -68 [da:ee:aa:ff:02:6b]

RSSI: -76 [da:ee:aa:ff:01:2c]

RSSI: -50 [da:ee:aa:ff:04:ca]

RSSI: -61 [da:ee:aa:ff:01:3c]

RSSI: -69 [da:ee:aa:ff:02:7b]

RSSI: -48 [da:ee:aa:ff:04:ea]

RSSI: -78 [da:ee:aa:ff:01:3c]

RSSI: -48 [da:ee:aa:ff:04:ea]

RSSI: -52 [da:ee:aa:ff:02:9b]

RSSI: -76 [da:ee:aa:ff:01:6c]

RSSI: -50 [da:ee:aa:ff:05:0a]

RSSI: -70 [da:ee:aa:ff:02:9b]

RSSI: -77 [da:ee:aa:ff:01:6c]

RSSI: -50 [da:ee:aa:ff:05:0a]

RSSI: -52 [da:ee:aa:ff:02:9b]

RSSI: -77 [da:ee:aa:ff:01:6c]

RSSI: -50 [da:ee:aa:ff:05:0a]

RSSI: -68 [da:ee:aa:ff:02:9b]

RSSI: -76 [da:ee:aa:ff:01:6c]

RSSI: -50 [da:ee:aa:ff:05:0a]

RSSI: -52 [da:ee:aa:ff:02:9b]

RSSI: -77 [da:ee:aa:ff:01:6c]

RSSI: -76 [da:ee:aa:ff:01:7c]

RSSI: -70 [da:ee:aa:ff:02:bb]

RSSI: -76 [da:ee:aa:ff:01:7c]

RSSI: -49 [da:ee:aa:ff:05:2a]

RSSI: -42 [da:ee:aa:ff:05:3a]

RSSI: -69 [da:ee:aa:ff:02:fb]

RSSI: -48 [da:ee:aa:ff:05:4a]

RSSI: -68 [da:ee:aa:ff:02:fb]

RSSI: -48 [da:ee:aa:ff:05:4a]

RSSI: -48 [da:ee:aa:ff:05:4a]

RSSI: -68 [da:ee:aa:ff:02:fb]

RSSI: -48 [da:ee:aa:ff:05:4a]

RSSI: -70 [da:ee:aa:ff:03:1b]

RSSI: -50 [da:ee:aa:ff:05:6a]

RSSI: -76 [da:ee:aa:ff:01:cc]

RSSI: -50 [da:ee:aa:ff:05:6a]

RSSI: -76 [da:ee:aa:ff:01:cc]

RSSI: -71 [da:ee:aa:ff:03:2b]

RSSI: -50 [da:ee:aa:ff:05:6a]

RSSI: -71 [da:ee:aa:ff:03:2b]

RSSI: -50 [da:ee:aa:ff:05:6a]

RSSI: -71 [da:ee:aa:ff:03:2b]

RSSI: -68 [da:ee:aa:ff:03:4b]

RSSI: -49 [da:ee:aa:ff:05:7a]

RSSI: -68 [da:ee:aa:ff:03:4b]

RSSI: -49 [da:ee:aa:ff:05:7a]

RSSI: -68 [da:ee:aa:ff:03:4b]

RSSI: -49 [da:ee:aa:ff:05:7a]

RSSI: -69 [da:ee:aa:ff:03:4b]

RSSI: -49 [da:ee:aa:ff:05:8a]

RSSI: -48 [da:ee:aa:ff:05:9a]

RSSI: -78 [da:ee:aa:ff:02:1c]

RSSI: -48 [da:ee:aa:ff:05:9a]

RSSI: -79 [da:ee:aa:ff:02:1c]

RSSI: -68 [da:ee:aa:ff:03:8b]

RSSI: -48 [da:ee:aa:ff:05:9a]

RSSI: -78 [da:ee:aa:ff:02:1c]

RSSI: -68 [da:ee:aa:ff:03:8b]

RSSI: -48 [da:ee:aa:ff:05:9a]

RSSI: -75 [da:ee:aa:ff:02:3c]

RSSI: -50 [da:ee:aa:ff:05:ba]

RSSI: -50 [da:ee:aa:ff:05:ba]

RSSI: -49 [da:ee:aa:ff:05:ca]

RSSI: -65 [da:ee:aa:ff:03:eb]

RSSI: -60 [da:ee:aa:ff:03:eb]

RSSI: -75 [da:ee:aa:ff:02:5c]

RSSI: -81 [da:ee:aa:ff:02:8c]

RSSI: -80 [da:ee:aa:ff:02:8c]

RSSI: -48 [da:ee:aa:ff:05:fa]

RSSI: -80 [da:ee:aa:ff:02:8c]

RSSI: -48 [da:ee:aa:ff:05:fa]

RSSI: -76 [da:ee:aa:ff:02:ac]

RSSI: -50 [da:ee:aa:ff:06:1a]

RSSI: -76 [da:ee:aa:ff:02:ac]

RSSI: -50 [da:ee:aa:ff:06:1a]

RSSI: -72 [da:ee:aa:ff:04:4b]

RSSI: -73 [da:ee:aa:ff:04:4b]

RSSI: -80 [da:ee:aa:ff:02:bc]

RSSI: -50 [da:ee:aa:ff:06:1a]

RSSI: -48 [da:ee:aa:ff:06:2a]

RSSI: -76 [da:ee:aa:ff:02:dc]

RSSI: -49 [da:ee:aa:ff:06:2a]

RSSI: -77 [da:ee:aa:ff:02:dc]

RSSI: -48 [da:ee:aa:ff:06:2a]

RSSI: -77 [da:ee:aa:ff:02:dc]

RSSI: -77 [da:ee:aa:ff:02:dc]

RSSI: -78 [da:ee:aa:ff:02:dc]

RSSI: -66 [da:ee:aa:ff:04:8b]

RSSI: -49 [da:ee:aa:ff:06:5a]

RSSI: -49 [da:ee:aa:ff:06:5a]

RSSI: -80 [da:ee:aa:ff:03:0c]

RSSI: -67 [da:ee:aa:ff:04:8b]

RSSI: -49 [da:ee:aa:ff:06:5a]

RSSI: -80 [da:ee:aa:ff:03:0c]

RSSI: -49 [da:ee:aa:ff:06:5a]

RSSI: -81 [da:ee:aa:ff:03:0c]

RSSI: -66 [da:ee:aa:ff:04:8b]

RSSI: -49 [da:ee:aa:ff:06:5a]

RSSI: -76 [da:ee:aa:ff:03:1c]

RSSI: -78 [da:ee:aa:ff:03:1c]

RSSI: -66 [da:ee:aa:ff:03:5c]

RSSI: -67 [da:ee:aa:ff:04:db]

RSSI: -77 [da:ee:aa:ff:03:5c]

RSSI: -68 [da:ee:aa:ff:04:db]

RSSI: -68 [da:ee:aa:ff:04:db]

RSSI: -49 [da:ee:aa:ff:06:ba]

RSSI: -68 [da:ee:aa:ff:04:db]

RSSI: -78 [da:ee:aa:ff:03:5c]

RSSI: -50 [da:ee:aa:ff:06:ca]

RSSI: -67 [da:ee:aa:ff:05:1b]

RSSI: -84 [da:ee:aa:ff:03:7c]

RSSI: -60 [da:ee:aa:ff:05:1b]

RSSI: -49 [da:ee:aa:ff:06:ca]

RSSI: -50 [da:ee:aa:ff:06:fa]

RSSI: -70 [da:ee:aa:ff:05:3b]

RSSI: -50 [da:ee:aa:ff:06:fa]

RSSI: -71 [da:ee:aa:ff:05:3b]

RSSI: -50 [da:ee:aa:ff:06:fa]

RSSI: -71 [da:ee:aa:ff:05:3b]

RSSI: -50 [da:ee:aa:ff:06:fa]

RSSI: -71 [da:ee:aa:ff:05:3b]

RSSI: -50 [da:ee:aa:ff:06:fa]

RSSI: -50 [da:ee:aa:ff:07:0a]

RSSI: -79 [da:ee:aa:ff:03:bc]

RSSI: -50 [da:ee:aa:ff:07:0a]

RSSI: -68 [da:ee:aa:ff:05:6b]

RSSI: -79 [da:ee:aa:ff:03:bc]

RSSI: -80 [da:ee:aa:ff:03:bc]

RSSI: -49 [da:ee:aa:ff:07:3a]

RSSI: -67 [da:ee:aa:ff:05:7b]

RSSI: -49 [da:ee:aa:ff:07:3a]

RSSI: -67 [da:ee:aa:ff:05:7b]

RSSI: -49 [da:ee:aa:ff:07:3a]

RSSI: -49 [da:ee:aa:ff:07:3a]

RSSI: -50 [da:ee:aa:ff:07:5a]

RSSI: -75 [da:ee:aa:ff:03:fc]

RSSI: -49 [da:ee:aa:ff:07:5a]

RSSI: -76 [da:ee:aa:ff:03:fc]

RSSI: -49 [da:ee:aa:ff:07:5a]

RSSI: -76 [da:ee:aa:ff:03:fc]

RSSI: -50 [da:ee:aa:ff:07:5a]

RSSI: -76 [da:ee:aa:ff:03:fc]

RSSI: -49 [da:ee:aa:ff:07:5a]

RSSI: -75 [da:ee:aa:ff:03:fc]

RSSI: -71 [da:ee:aa:ff:05:cb]

RSSI: -51 [da:ee:aa:ff:07:7a]

RSSI: -68 [da:ee:aa:ff:04:1c]

RSSI: -51 [da:ee:aa:ff:07:7a]

RSSI: -81 [da:ee:aa:ff:04:1c]

RSSI: -51 [da:ee:aa:ff:07:8a]

RSSI: -51 [da:ee:aa:ff:07:8a]

RSSI: -49 [da:ee:aa:ff:07:aa]

RSSI: -49 [da:ee:aa:ff:07:aa]

RSSI: -49 [da:ee:aa:ff:07:aa]

RSSI: -49 [da:ee:aa:ff:07:aa]

RSSI: -76 [da:ee:aa:ff:04:5c]

RSSI: -51 [da:ee:aa:ff:07:da]

RSSI: -70 [da:ee:aa:ff:06:1b]

RSSI: -76 [da:ee:aa:ff:04:5c]

RSSI: -37 [da:ee:aa:ff:07:da]

RSSI: -76 [da:ee:aa:ff:04:5c]

RSSI: -37 [da:ee:aa:ff:07:da]

RSSI: -38 [da:ee:aa:ff:07:da]

RSSI: -70 [da:ee:aa:ff:06:2b]

RSSI: -76 [da:ee:aa:ff:04:5c]

RSSI: -53 [da:ee:aa:ff:06:2b]

RSSI: -71 [da:ee:aa:ff:06:4b]

RSSI: -50 [da:ee:aa:ff:07:ea]

RSSI: -69 [da:ee:aa:ff:06:4b]

RSSI: -50 [da:ee:aa:ff:07:ea]

RSSI: -69 [da:ee:aa:ff:06:4b]

RSSI: -80 [da:ee:aa:ff:04:7c]

RSSI: -69 [da:ee:aa:ff:06:4b]

RSSI: -69 [da:ee:aa:ff:06:4b]

RSSI: -48 [da:ee:aa:ff:08:0a]

RSSI: -82 [da:ee:aa:ff:04:8c]

RSSI: -48 [da:ee:aa:ff:08:0a]

RSSI: -48 [da:ee:aa:ff:08:0a]

RSSI: -48 [da:ee:aa:ff:08:0a]

RSSI: -66 [da:ee:aa:ff:06:8b]

RSSI: -81 [da:ee:aa:ff:04:8c]

RSSI: -48 [da:ee:aa:ff:08:0a]

RSSI: -66 [da:ee:aa:ff:06:8b]

RSSI: -74 [da:ee:aa:ff:04:bc]

RSSI: -49 [da:ee:aa:ff:08:3a]

RSSI: -70 [da:ee:aa:ff:06:ab]

RSSI: -76 [da:ee:aa:ff:04:bc]

RSSI: -49 [da:ee:aa:ff:08:3a]

RSSI: -70 [da:ee:aa:ff:06:ab]

RSSI: -49 [da:ee:aa:ff:08:3a]

RSSI: -49 [da:ee:aa:ff:08:3a]

RSSI: -70 [da:ee:aa:ff:06:ab]

RSSI: -49 [da:ee:aa:ff:08:4a]

RSSI: -79 [da:ee:aa:ff:04:dc]

RSSI: -49 [da:ee:aa:ff:08:4a]

RSSI: -78 [da:ee:aa:ff:04:dc]

RSSI: -68 [da:ee:aa:ff:06:db]

RSSI: -49 [da:ee:aa:ff:08:6a]

RSSI: -69 [da:ee:aa:ff:06:db]

RSSI: -48 [da:ee:aa:ff:08:7a]

RSSI: -48 [da:ee:aa:ff:08:7a]

RSSI: -48 [da:ee:aa:ff:08:7a]

RSSI: -48 [da:ee:aa:ff:08:7a]

RSSI: -48 [da:ee:aa:ff:08:7a]

RSSI: -75 [da:ee:aa:ff:04:fc]

RSSI: -49 [da:ee:aa:ff:08:aa]

RSSI: -70 [da:ee:aa:ff:07:2b]

RSSI: -49 [da:ee:aa:ff:08:aa]

RSSI: -75 [da:ee:aa:ff:05:3c]

RSSI: -69 [da:ee:aa:ff:07:2b]

RSSI: -38 [da:ee:aa:ff:08:aa]

RSSI: -75 [da:ee:aa:ff:05:3c]

RSSI: -70 [da:ee:aa:ff:07:2b]

RSSI: -41 [da:ee:aa:ff:08:aa]

RSSI: -75 [da:ee:aa:ff:05:3c]

RSSI: -70 [da:ee:aa:ff:07:2b]

RSSI: -77 [da:ee:aa:ff:05:4c]

RSSI: -58 [da:ee:aa:ff:07:4b]

RSSI: -48 [da:ee:aa:ff:08:ca]

RSSI: -69 [da:ee:aa:ff:07:4b]

RSSI: -48 [da:ee:aa:ff:08:ca]

RSSI: -78 [da:ee:aa:ff:05:4c]

RSSI: -52 [da:ee:aa:ff:07:4b]

RSSI: -78 [da:ee:aa:ff:05:4c]

RSSI: -56 [da:ee:aa:ff:07:4b]

RSSI: -48 [da:ee:aa:ff:08:da]

RSSI: -48 [da:ee:aa:ff:08:ea]

RSSI: -66 [da:ee:aa:ff:07:8b]

RSSI: -78 [da:ee:aa:ff:05:8c]

RSSI: -48 [da:ee:aa:ff:08:ea]

RSSI: -66 [da:ee:aa:ff:07:8b]

RSSI: -78 [da:ee:aa:ff:05:8c]

RSSI: -48 [da:ee:aa:ff:08:ea]

RSSI: -66 [da:ee:aa:ff:07:8b]

RSSI: -77 [da:ee:aa:ff:05:8c]

RSSI: -48 [da:ee:aa:ff:09:0a]

RSSI: -75 [da:ee:aa:ff:05:ac]

RSSI: -69 [da:ee:aa:ff:07:ab]

RSSI: -48 [da:ee:aa:ff:09:0a]

RSSI: -70 [da:ee:aa:ff:07:ab]

RSSI: -48 [da:ee:aa:ff:09:0a]

RSSI: -75 [da:ee:aa:ff:05:bc]

RSSI: -48 [da:ee:aa:ff:09:0a]

RSSI: -69 [da:ee:aa:ff:07:cb]

RSSI: -48 [da:ee:aa:ff:09:0a]

RSSI: -69 [da:ee:aa:ff:07:cb]

RSSI: -78 [da:ee:aa:ff:05:cc]

RSSI: -48 [da:ee:aa:ff:09:2a]

RSSI: -79 [da:ee:aa:ff:05:cc]

RSSI: -48 [da:ee:aa:ff:09:2a]

RSSI: -78 [da:ee:aa:ff:05:cc]

RSSI: -78 [da:ee:aa:ff:05:cc]

RSSI: -48 [da:ee:aa:ff:09:4a]

RSSI: -68 [da:ee:aa:ff:07:db]

RSSI: -74 [da:ee:aa:ff:07:eb]

RSSI: -48 [da:ee:aa:ff:09:5a]

RSSI: -48 [da:ee:aa:ff:09:5a]

RSSI: -67 [da:ee:aa:ff:08:0b]

RSSI: -48 [da:ee:aa:ff:09:5a]

RSSI: -67 [da:ee:aa:ff:08:0b]

RSSI: -47 [da:ee:aa:ff:09:8a]

RSSI: -69 [da:ee:aa:ff:08:1b]

RSSI: -47 [da:ee:aa:ff:09:8a]

RSSI: -66 [da:ee:aa:ff:06:1c]

RSSI: -69 [da:ee:aa:ff:08:1b]

RSSI: -47 [da:ee:aa:ff:09:8a]

RSSI: -69 [da:ee:aa:ff:08:1b]

RSSI: -47 [da:ee:aa:ff:09:8a]

RSSI: -69 [da:ee:aa:ff:08:1b]

RSSI: -69 [da:ee:aa:ff:08:3b]

RSSI: -78 [da:ee:aa:ff:06:5c]

RSSI: -42 [da:ee:aa:ff:09:aa]

RSSI: -78 [da:ee:aa:ff:06:5c]

RSSI: -48 [da:ee:aa:ff:09:aa]

RSSI: -68 [da:ee:aa:ff:08:5b]

RSSI: -77 [da:ee:aa:ff:06:5c]

RSSI: -68 [da:ee:aa:ff:08:5b]

RSSI: -48 [da:ee:aa:ff:09:ca]

RSSI: -49 [da:ee:aa:ff:08:6b]

RSSI: -49 [da:ee:aa:ff:08:6b]

RSSI: -53 [da:ee:aa:ff:08:6b]

RSSI: -47 [da:ee:aa:ff:09:fa]

RSSI: -75 [da:ee:aa:ff:06:ac]

RSSI: -47 [da:ee:aa:ff:09:fa]

RSSI: -68 [da:ee:aa:ff:08:ab]

RSSI: -76 [da:ee:aa:ff:06:ac]

RSSI: -47 [da:ee:aa:ff:09:fa]

RSSI: -68 [da:ee:aa:ff:08:ab]

RSSI: -76 [da:ee:aa:ff:06:ac]

RSSI: -47 [da:ee:aa:ff:09:fa]

RSSI: -68 [da:ee:aa:ff:08:ab]

RSSI: -47 [da:ee:aa:ff:09:fa]

RSSI: -75 [da:ee:aa:ff:06:cc]

RSSI: -67 [da:ee:aa:ff:08:cb]

RSSI: -47 [da:ee:aa:ff:0a:0a]

RSSI: -67 [da:ee:aa:ff:08:cb]

RSSI: -47 [da:ee:aa:ff:0a:0a]

RSSI: -67 [da:ee:aa:ff:08:cb]

RSSI: -67 [da:ee:aa:ff:08:cb]

RSSI: -47 [da:ee:aa:ff:0a:1a]

RSSI: -47 [da:ee:aa:ff:0a:3a]

RSSI: -47 [da:ee:aa:ff:0a:3a]

RSSI: -66 [da:ee:aa:ff:08:fb]

RSSI: -47 [da:ee:aa:ff:0a:3a]

RSSI: -66 [da:ee:aa:ff:08:fb]

RSSI: -47 [da:ee:aa:ff:0a:3a]

RSSI: -66 [da:ee:aa:ff:08:fb]

RSSI: -47 [da:ee:aa:ff:0a:5a]

RSSI: -74 [da:ee:aa:ff:07:1c]

RSSI: -67 [da:ee:aa:ff:09:0b]

RSSI: -47 [da:ee:aa:ff:0a:5a]

RSSI: -75 [da:ee:aa:ff:07:1c]

RSSI: -67 [da:ee:aa:ff:09:0b]

RSSI: -47 [da:ee:aa:ff:0a:5a]

RSSI: -75 [da:ee:aa:ff:07:1c]

RSSI: -47 [da:ee:aa:ff:0a:5a]

RSSI: -74 [da:ee:aa:ff:07:1c]

RSSI: -47 [da:ee:aa:ff:0a:5a]

RSSI: -67 [da:ee:aa:ff:09:2b]

RSSI: -67 [da:ee:aa:ff:09:4b]

RSSI: -47 [da:ee:aa:ff:0a:6a]

RSSI: -60 [da:ee:aa:ff:07:4c]

RSSI: -41 [da:ee:aa:ff:0a:7a]

RSSI: -76 [da:ee:aa:ff:07:6c]

RSSI: -67 [da:ee:aa:ff:09:5b]

RSSI: -77 [da:ee:aa:ff:07:6c]

RSSI: -48 [da:ee:aa:ff:0a:8a]

RSSI: -68 [da:ee:aa:ff:09:7b]

RSSI: -48 [da:ee:aa:ff:0a:8a]

RSSI: -68 [da:ee:aa:ff:09:7b]

RSSI: -77 [da:ee:aa:ff:07:7c]

RSSI: -47 [da:ee:aa:ff:0a:ba]

RSSI: -49 [da:ee:aa:ff:09:9b]

RSSI: -47 [da:ee:aa:ff:0a:ba]

RSSI: -66 [da:ee:aa:ff:09:9b]

RSSI: -66 [da:ee:aa:ff:09:ab]

RSSI: -47 [da:ee:aa:ff:0a:da]

RSSI: -47 [da:ee:aa:ff:0a:da]

RSSI: -66 [da:ee:aa:ff:09:cb]

RSSI: -47 [da:ee:aa:ff:0a:ea]

RSSI: -68 [da:ee:aa:ff:09:cb]

RSSI: -47 [da:ee:aa:ff:0a:ea]

RSSI: -50 [da:ee:aa:ff:0a:fa]

RSSI: -69 [da:ee:aa:ff:09:eb]

RSSI: -50 [da:ee:aa:ff:0a:fa]

RSSI: -50 [da:ee:aa:ff:0a:fa]

RSSI: -68 [da:ee:aa:ff:09:eb]

RSSI: -67 [da:ee:aa:ff:0a:1b]

RSSI: -46 [da:ee:aa:ff:0b:2a]

RSSI: -74 [da:ee:aa:ff:07:dc]

RSSI: -67 [da:ee:aa:ff:0a:1b]

RSSI: -46 [da:ee:aa:ff:0b:2a]

RSSI: -75 [da:ee:aa:ff:07:dc]

RSSI: -66 [da:ee:aa:ff:0a:1b]

RSSI: -46 [da:ee:aa:ff:0b:2a]

RSSI: -74 [da:ee:aa:ff:07:dc]

RSSI: -67 [da:ee:aa:ff:0a:1b]

RSSI: -47 [da:ee:aa:ff:0b:2a]

RSSI: -74 [da:ee:aa:ff:07:dc]

RSSI: -76 [da:ee:aa:ff:07:fc]

RSSI: -67 [da:ee:aa:ff:0a:3b]

RSSI: -47 [da:ee:aa:ff:0b:3a]

RSSI: -47 [da:ee:aa:ff:0b:5a]

RSSI: -67 [da:ee:aa:ff:0a:3b]

RSSI: -61 [da:ee:aa:ff:08:1c]

RSSI: -47 [da:ee:aa:ff:0b:5a]

RSSI: -72 [da:ee:aa:ff:0a:7b]

RSSI: -71 [da:ee:aa:ff:0a:7b]

RSSI: -41 [da:ee:aa:ff:0b:6a]

RSSI: -71 [da:ee:aa:ff:0a:7b]

RSSI: -71 [da:ee:aa:ff:0a:7b]

RSSI: -48 [da:ee:aa:ff:0b:6a]

RSSI: -47 [da:ee:aa:ff:0b:8a]

RSSI: -47 [da:ee:aa:ff:0b:8a]

RSSI: -67 [da:ee:aa:ff:0a:9b]

RSSI: -47 [da:ee:aa:ff:0b:8a]

RSSI: -47 [da:ee:aa:ff:0b:8a]

RSSI: -76 [da:ee:aa:ff:08:5c]

RSSI: -47 [da:ee:aa:ff:0b:8a]

RSSI: -75 [da:ee:aa:ff:08:5c]

RSSI: -76 [da:ee:aa:ff:08:6c]

RSSI: -48 [da:ee:aa:ff:0b:aa]

RSSI: -77 [da:ee:aa:ff:08:6c]

RSSI: -48 [da:ee:aa:ff:0b:aa]

RSSI: -46 [da:ee:aa:ff:0a:cb]

RSSI: -48 [da:ee:aa:ff:0b:ba]

RSSI: -65 [da:ee:aa:ff:0a:cb]

RSSI: -77 [da:ee:aa:ff:08:8c]

RSSI: -48 [da:ee:aa:ff:0b:ba]

RSSI: -81 [da:ee:aa:ff:08:9c]

RSSI: -71 [da:ee:aa:ff:0a:eb]

RSSI: -53 [da:ee:aa:ff:0b:ca]

RSSI: -79 [da:ee:aa:ff:08:9c]

RSSI: -71 [da:ee:aa:ff:0a:eb]

RSSI: -53 [da:ee:aa:ff:0b:ca]

RSSI: -79 [da:ee:aa:ff:08:9c]

RSSI: -53 [da:ee:aa:ff:0b:ca]

RSSI: -80 [da:ee:aa:ff:08:9c]

RSSI: -53 [da:ee:aa:ff:0b:ca]

RSSI: -80 [da:ee:aa:ff:08:9c]

RSSI: -67 [da:ee:aa:ff:0b:0b]

RSSI: -75 [da:ee:aa:ff:08:ac]

RSSI: -47 [da:ee:aa:ff:0b:ea]

RSSI: -75 [da:ee:aa:ff:08:cc]

RSSI: -67 [da:ee:aa:ff:0b:0b]

RSSI: -47 [da:ee:aa:ff:0b:ea]

RSSI: -47 [da:ee:aa:ff:0b:ea]

RSSI: -75 [da:ee:aa:ff:08:cc]

RSSI: -68 [da:ee:aa:ff:0b:0b]

RSSI: -48 [da:ee:aa:ff:0b:ea]

RSSI: -75 [da:ee:aa:ff:08:dc]

RSSI: -48 [da:ee:aa:ff:0b:fa]

RSSI: -76 [da:ee:aa:ff:08:dc]

RSSI: -48 [da:ee:aa:ff:0c:0a]

RSSI: -48 [da:ee:aa:ff:0c:0a]

RSSI: -54 [da:ee:aa:ff:0c:1a]

RSSI: -54 [da:ee:aa:ff:0c:1a]

RSSI: -77 [da:ee:aa:ff:09:0c]

RSSI: -71 [da:ee:aa:ff:0b:5b]

RSSI: -54 [da:ee:aa:ff:0c:1a]

RSSI: -69 [da:ee:aa:ff:09:0c]

RSSI: -71 [da:ee:aa:ff:0b:5b]

RSSI: -74 [da:ee:aa:ff:09:0c]

RSSI: -76 [da:ee:aa:ff:09:2c]

RSSI: -67 [da:ee:aa:ff:0b:7b]

RSSI: -75 [da:ee:aa:ff:09:2c]

RSSI: -35 [da:ee:aa:ff:0c:5a]

RSSI: -36 [da:ee:aa:ff:0c:5a]

RSSI: -48 [da:ee:aa:ff:0c:7a]

RSSI: -48 [da:ee:aa:ff:0c:9a]

RSSI: -47 [da:ee:aa:ff:0c:9a]

RSSI: -54 [da:ee:aa:ff:0c:ba]

RSSI: -54 [da:ee:aa:ff:0c:ba]

RSSI: -78 [da:ee:aa:ff:09:8c]

RSSI: -54 [da:ee:aa:ff:0c:ba]

RSSI: -79 [da:ee:aa:ff:09:8c]

RSSI: -54 [da:ee:aa:ff:0c:ba]

RSSI: -68 [da:ee:aa:ff:0b:cb]

RSSI: -54 [da:ee:aa:ff:0c:ba]

RSSI: -68 [da:ee:aa:ff:0b:cb]

RSSI: -48 [da:ee:aa:ff:0c:da]

RSSI: -49 [da:ee:aa:ff:0b:eb]

RSSI: -48 [da:ee:aa:ff:0c:da]

RSSI: -60 [da:ee:aa:ff:0b:eb]

RSSI: -48 [da:ee:aa:ff:0c:da]

RSSI: -67 [da:ee:aa:ff:0b:eb]

RSSI: -47 [da:ee:aa:ff:0c:fa]

RSSI: -76 [da:ee:aa:ff:09:cc]

RSSI: -47 [da:ee:aa:ff:0c:fa]

RSSI: -75 [da:ee:aa:ff:09:cc]

RSSI: -67 [da:ee:aa:ff:0c:1b]

RSSI: -75 [da:ee:aa:ff:09:cc]

RSSI: -67 [da:ee:aa:ff:0c:1b]

RSSI: -47 [da:ee:aa:ff:0d:0a]

RSSI: -80 [da:ee:aa:ff:09:ec]

RSSI: -71 [da:ee:aa:ff:0c:3b]

RSSI: -56 [da:ee:aa:ff:0d:1a]

RSSI: -71 [da:ee:aa:ff:0c:3b]

RSSI: -56 [da:ee:aa:ff:0d:1a]

RSSI: -80 [da:ee:aa:ff:0a:0c]

RSSI: -71 [da:ee:aa:ff:0c:3b]

RSSI: -56 [da:ee:aa:ff:0d:1a]

RSSI: -79 [da:ee:aa:ff:0a:0c]

RSSI: -71 [da:ee:aa:ff:0c:3b]

RSSI: -56 [da:ee:aa:ff:0d:1a]

RSSI: -48 [da:ee:aa:ff:0d:4a]

RSSI: -66 [da:ee:aa:ff:0c:6b]

RSSI: -67 [da:ee:aa:ff:0c:6b]

RSSI: -74 [da:ee:aa:ff:0a:2c]

RSSI: -67 [da:ee:aa:ff:0c:6b]

RSSI: -75 [da:ee:aa:ff:0a:4c]

RSSI: -67 [da:ee:aa:ff:0c:8b]

RSSI: -47 [da:ee:aa:ff:0d:5a]

RSSI: -75 [da:ee:aa:ff:0a:4c]

RSSI: -67 [da:ee:aa:ff:0c:8b]

RSSI: -47 [da:ee:aa:ff:0d:5a]

RSSI: -74 [da:ee:aa:ff:0a:4c]

RSSI: -67 [da:ee:aa:ff:0c:8b]

RSSI: -74 [da:ee:aa:ff:0a:4c]

RSSI: -74 [da:ee:aa:ff:0a:4c]

RSSI: -47 [da:ee:aa:ff:0d:6a]

RSSI: -55 [da:ee:aa:ff:0d:7a]

RSSI: -55 [da:ee:aa:ff:0d:7a]

RSSI: -70 [da:ee:aa:ff:0c:bb]

RSSI: -79 [da:ee:aa:ff:0a:5c]

RSSI: -55 [da:ee:aa:ff:0d:7a]

RSSI: -70 [da:ee:aa:ff:0c:bb]

RSSI: -55 [da:ee:aa:ff:0d:7a]

RSSI: -70 [da:ee:aa:ff:0c:bb]

RSSI: -55 [da:ee:aa:ff:0d:7a]

RSSI: -74 [da:ee:aa:ff:0a:7c]

RSSI: -48 [da:ee:aa:ff:0d:ba]

RSSI: -66 [da:ee:aa:ff:0c:db]

RSSI: -75 [da:ee:aa:ff:0a:7c]

RSSI: -48 [da:ee:aa:ff:0d:ba]

RSSI: -67 [da:ee:aa:ff:0c:db]

RSSI: -75 [da:ee:aa:ff:0a:7c]

RSSI: -48 [da:ee:aa:ff:0d:ba]

RSSI: -66 [da:ee:aa:ff:0c:db]

RSSI: -75 [da:ee:aa:ff:0a:7c]

RSSI: -47 [da:ee:aa:ff:0d:ca]

RSSI: -67 [da:ee:aa:ff:0c:fb]

RSSI: -51 [da:ee:aa:ff:0c:fb]

RSSI: -75 [da:ee:aa:ff:0a:bc]

RSSI: -67 [da:ee:aa:ff:0c:fb]

RSSI: -74 [da:ee:aa:ff:0a:bc]

RSSI: -54 [da:ee:aa:ff:0c:fb]

RSSI: -47 [da:ee:aa:ff:0d:da]

RSSI: -51 [da:ee:aa:ff:0c:fb]

RSSI: -47 [da:ee:aa:ff:0d:da]

RSSI: -54 [da:ee:aa:ff:0d:ea]

RSSI: -71 [da:ee:aa:ff:0d:1b]

RSSI: -54 [da:ee:aa:ff:0d:ea]

RSSI: -71 [da:ee:aa:ff:0d:1b]

RSSI: -54 [da:ee:aa:ff:0d:ea]

RSSI: -71 [da:ee:aa:ff:0d:1b]

RSSI: -54 [da:ee:aa:ff:0d:ea]

RSSI: -54 [da:ee:aa:ff:0d:ea]

RSSI: -74 [da:ee:aa:ff:0a:fc]

RSSI: -48 [da:ee:aa:ff:0e:1a]

RSSI: -74 [da:ee:aa:ff:0a:fc]

RSSI: -48 [da:ee:aa:ff:0e:1a]

RSSI: -74 [da:ee:aa:ff:0a:fc]

RSSI: -48 [da:ee:aa:ff:0e:1a]

RSSI: -74 [da:ee:aa:ff:0a:fc]

RSSI: -48 [da:ee:aa:ff:0e:1a]

RSSI: -48 [da:ee:aa:ff:0e:1a]

RSSI: -68 [da:ee:aa:ff:0d:6b]

RSSI: -47 [da:ee:aa:ff:0e:2a]

RSSI: -75 [da:ee:aa:ff:0b:2c]

RSSI: -48 [da:ee:aa:ff:0e:4a]

RSSI: -68 [da:ee:aa:ff:0d:8b]

RSSI: -68 [da:ee:aa:ff:0b:2c]

RSSI: -81 [da:ee:aa:ff:0b:4c]

RSSI: -72 [da:ee:aa:ff:0d:9b]

RSSI: -80 [da:ee:aa:ff:0b:4c]

RSSI: -72 [da:ee:aa:ff:0d:9b]

RSSI: -81 [da:ee:aa:ff:0b:4c]

RSSI: -73 [da:ee:aa:ff:0d:9b]

RSSI: -53 [da:ee:aa:ff:0e:6a]

RSSI: -72 [da:ee:aa:ff:0d:9b]

RSSI: -80 [da:ee:aa:ff:0b:4c]

RSSI: -73 [da:ee:aa:ff:0d:9b]

RSSI: -67 [da:ee:aa:ff:0d:bb]

RSSI: -48 [da:ee:aa:ff:0e:9a]

RSSI: -74 [da:ee:aa:ff:0b:7c]

RSSI: -48 [da:ee:aa:ff:0e:9a]

RSSI: -74 [da:ee:aa:ff:0b:7c]

RSSI: -67 [da:ee:aa:ff:0d:db]

RSSI: -48 [da:ee:aa:ff:0e:9a]

RSSI: -75 [da:ee:aa:ff:0b:7c]

RSSI: -67 [da:ee:aa:ff:0d:db]

RSSI: -48 [da:ee:aa:ff:0e:9a]

RSSI: -47 [da:ee:aa:ff:0e:ba]

RSSI: -74 [da:ee:aa:ff:0b:9c]

RSSI: -68 [da:ee:aa:ff:0d:fb]

RSSI: -47 [da:ee:aa:ff:0e:ba]

RSSI: -74 [da:ee:aa:ff:0b:9c]

RSSI: -68 [da:ee:aa:ff:0d:fb]

RSSI: -47 [da:ee:aa:ff:0e:ba]

RSSI: -75 [da:ee:aa:ff:0b:9c]

RSSI: -68 [da:ee:aa:ff:0d:fb]

RSSI: -68 [da:ee:aa:ff:0d:fb]

RSSI: -47 [da:ee:aa:ff:0e:ca]

RSSI: -75 [da:ee:aa:ff:0b:ac]

RSSI: -68 [da:ee:aa:ff:0d:fb]

RSSI: -53 [da:ee:aa:ff:0e:1b]

RSSI: -52 [da:ee:aa:ff:0e:ea]

RSSI: -51 [da:ee:aa:ff:0e:ea]

RSSI: -51 [da:ee:aa:ff:0e:ea]

RSSI: -64 [da:ee:aa:ff:0e:3b]

RSSI: -51 [da:ee:aa:ff:0e:ea]

RSSI: -70 [da:ee:aa:ff:0e:3b]

RSSI: -51 [da:ee:aa:ff:0e:ea]

RSSI: -49 [da:ee:aa:ff:0f:0a]

RSSI: -49 [da:ee:aa:ff:0f:0a]

RSSI: -49 [da:ee:aa:ff:0f:0a]

RSSI: -49 [da:ee:aa:ff:0f:0a]

RSSI: -75 [da:ee:aa:ff:0b:ec]

RSSI: -47 [da:ee:aa:ff:0f:1a]

RSSI: -75 [da:ee:aa:ff:0c:0c]

RSSI: -75 [da:ee:aa:ff:0c:0c]

RSSI: -47 [da:ee:aa:ff:0f:1a]

RSSI: -76 [da:ee:aa:ff:0c:0c]

RSSI: -68 [da:ee:aa:ff:0e:8b]

RSSI: -34 [da:ee:aa:ff:0f:2a]

RSSI: -77 [da:ee:aa:ff:0c:2c]

RSSI: -69 [da:ee:aa:ff:0e:ab]

RSSI: -61 [da:ee:aa:ff:0c:2c]

RSSI: -42 [da:ee:aa:ff:0f:3a]

RSSI: -70 [da:ee:aa:ff:0e:ab]

RSSI: -75 [da:ee:aa:ff:0e:ab]

RSSI: -75 [da:ee:aa:ff:0c:5c]

RSSI: -51 [da:ee:aa:ff:0f:5a]

RSSI: -70 [da:ee:aa:ff:0e:eb]

RSSI: -76 [da:ee:aa:ff:0c:5c]

RSSI: -51 [da:ee:aa:ff:0f:5a]

RSSI: -70 [da:ee:aa:ff:0e:eb]

RSSI: -76 [da:ee:aa:ff:0c:5c]

RSSI: -51 [da:ee:aa:ff:0f:5a]

RSSI: -70 [da:ee:aa:ff:0e:eb]

RSSI: -76 [da:ee:aa:ff:0c:5c]

RSSI: -51 [da:ee:aa:ff:0f:5a]

RSSI: -70 [da:ee:aa:ff:0e:eb]

RSSI: -76 [da:ee:aa:ff:0c:5c]

RSSI: -51 [da:ee:aa:ff:0f:5a]

RSSI: -69 [da:ee:aa:ff:0e:fb]

RSSI: -48 [da:ee:aa:ff:0f:6a]

RSSI: -69 [da:ee:aa:ff:0e:fb]

RSSI: -49 [da:ee:aa:ff:0f:6a]

RSSI: -75 [da:ee:aa:ff:0c:8c]

RSSI: -69 [da:ee:aa:ff:0e:fb]

RSSI: -77 [da:ee:aa:ff:0c:8c]

RSSI: -77 [da:ee:aa:ff:0c:ac]

RSSI: -51 [da:ee:aa:ff:0f:aa]

RSSI: -78 [da:ee:aa:ff:0c:ac]

RSSI: -51 [da:ee:aa:ff:0f:aa]

RSSI: -78 [da:ee:aa:ff:0c:ac]

RSSI: -51 [da:ee:aa:ff:0f:aa]

RSSI: -70 [da:ee:aa:ff:0f:3b]

RSSI: -50 [da:ee:aa:ff:0f:aa]

RSSI: -49 [da:ee:aa:ff:0f:da]

RSSI: -49 [da:ee:aa:ff:0f:da]

RSSI: -63 [da:ee:aa:ff:0f:4b]

RSSI: -50 [da:ee:aa:ff:0f:da]

RSSI: -69 [da:ee:aa:ff:0f:4b]

RSSI: -49 [da:ee:aa:ff:0f:da]

RSSI: -75 [da:ee:aa:ff:0c:dc]

RSSI: -77 [da:ee:aa:ff:0c:ec]

RSSI: -49 [da:ee:aa:ff:0f:ea]

RSSI: -68 [da:ee:aa:ff:0f:8b]

RSSI: -49 [da:ee:aa:ff:0f:ea]

RSSI: -69 [da:ee:aa:ff:0f:8b]

RSSI: -49 [da:ee:aa:ff:0f:ea]

RSSI: -69 [da:ee:aa:ff:0f:8b]

RSSI: -77 [da:ee:aa:ff:0d:0c]

RSSI: -69 [da:ee:aa:ff:0f:8b]

RSSI: -49 [da:ee:aa:ff:0f:fa]

RSSI: -68 [da:ee:aa:ff:0f:8b]

RSSI: -79 [da:ee:aa:ff:0d:1c]

RSSI: -69 [da:ee:aa:ff:0f:9b]

RSSI: -80 [da:ee:aa:ff:0d:1c]

RSSI: -70 [da:ee:aa:ff:0f:9b]

RSSI: -79 [da:ee:aa:ff:0d:1c]

RSSI: -79 [da:ee:aa:ff:0d:1c]

RSSI: -48 [da:ee:aa:ff:10:4a]

RSSI: -48 [da:ee:aa:ff:10:4a]

RSSI: -48 [da:ee:aa:ff:10:4a]

RSSI: -48 [da:ee:aa:ff:10:4a]

RSSI: -68 [da:ee:aa:ff:0f:eb]

RSSI: -47 [da:ee:aa:ff:10:6a]

RSSI: -75 [da:ee:aa:ff:0d:6c]

RSSI: -67 [da:ee:aa:ff:0f:eb]

RSSI: -47 [da:ee:aa:ff:10:6a]

RSSI: -76 [da:ee:aa:ff:0d:6c]

RSSI: -67 [da:ee:aa:ff:0f:eb]

RSSI: -47 [da:ee:aa:ff:10:8a]

RSSI: -50 [da:ee:aa:ff:10:9a]

RSSI: -79 [da:ee:aa:ff:0d:9c]

RSSI: -69 [da:ee:aa:ff:10:2b]

RSSI: -50 [da:ee:aa:ff:10:9a]

RSSI: -80 [da:ee:aa:ff:0d:9c]

RSSI: -69 [da:ee:aa:ff:10:2b]

RSSI: -50 [da:ee:aa:ff:10:9a]

RSSI: -79 [da:ee:aa:ff:0d:9c]

RSSI: -69 [da:ee:aa:ff:10:2b]

RSSI: -50 [da:ee:aa:ff:10:9a]

RSSI: -80 [da:ee:aa:ff:0d:9c]

RSSI: -69 [da:ee:aa:ff:10:2b]

RSSI: -50 [da:ee:aa:ff:10:9a]

RSSI: -81 [da:ee:aa:ff:0d:9c]

RSSI: -68 [da:ee:aa:ff:10:3b]

RSSI: -74 [da:ee:aa:ff:0d:bc]

RSSI: -47 [da:ee:aa:ff:10:da]

RSSI: -47 [da:ee:aa:ff:10:da]

RSSI: -73 [da:ee:aa:ff:0d:cc]

RSSI: -68 [da:ee:aa:ff:10:5b]

RSSI: -47 [da:ee:aa:ff:10:da]

RSSI: -47 [da:ee:aa:ff:10:da]

RSSI: -47 [da:ee:aa:ff:10:ea]

RSSI: -74 [da:ee:aa:ff:0d:dc]

RSSI: -68 [da:ee:aa:ff:10:7b]

RSSI: -47 [da:ee:aa:ff:10:ea]

RSSI: -50 [da:ee:aa:ff:10:7b]

RSSI: -47 [da:ee:aa:ff:10:ea]

RSSI: -75 [da:ee:aa:ff:0d:dc]

RSSI: -57 [da:ee:aa:ff:10:7b]

RSSI: -47 [da:ee:aa:ff:10:ea]

RSSI: -75 [da:ee:aa:ff:0d:dc]

RSSI: -50 [da:ee:aa:ff:10:7b]

RSSI: -51 [da:ee:aa:ff:11:2a]

RSSI: -51 [da:ee:aa:ff:11:2a]

RSSI: -79 [da:ee:aa:ff:0e:1c]

RSSI: -51 [da:ee:aa:ff:11:2a]

RSSI: -80 [da:ee:aa:ff:0e:1c]

RSSI: -69 [da:ee:aa:ff:10:bb]

RSSI: -50 [da:ee:aa:ff:11:2a]

RSSI: -79 [da:ee:aa:ff:0e:1c]

RSSI: -68 [da:ee:aa:ff:10:bb]

RSSI: -51 [da:ee:aa:ff:11:2a]

RSSI: -68 [da:ee:aa:ff:10:db]

RSSI: -47 [da:ee:aa:ff:11:3a]

RSSI: -68 [da:ee:aa:ff:10:db]

RSSI: -73 [da:ee:aa:ff:0e:2c]

RSSI: -74 [da:ee:aa:ff:0e:2c]

RSSI: -36 [da:ee:aa:ff:11:4a]

RSSI: -73 [da:ee:aa:ff:0e:2c]

RSSI: -43 [da:ee:aa:ff:11:4a]

RSSI: -74 [da:ee:aa:ff:0e:4c]

RSSI: -47 [da:ee:aa:ff:11:5a]

RSSI: -65 [da:ee:aa:ff:0e:5c]

RSSI: -47 [da:ee:aa:ff:11:5a]

RSSI: -67 [da:ee:aa:ff:11:0b]

RSSI: -59 [da:ee:aa:ff:0e:5c]

RSSI: -50 [da:ee:aa:ff:11:8a]

RSSI: -50 [da:ee:aa:ff:11:8a]

RSSI: -51 [da:ee:aa:ff:11:8a]

RSSI: -50 [da:ee:aa:ff:11:8a]

RSSI: -78 [da:ee:aa:ff:0e:7c]

RSSI: -51 [da:ee:aa:ff:11:8a]

RSSI: -79 [da:ee:aa:ff:0e:7c]

RSSI: -48 [da:ee:aa:ff:11:aa]

RSSI: -68 [da:ee:aa:ff:11:4b]

RSSI: -68 [da:ee:aa:ff:11:4b]

RSSI: -47 [da:ee:aa:ff:11:ba]

RSSI: -68 [da:ee:aa:ff:11:4b]

RSSI: -47 [da:ee:aa:ff:11:ba]

RSSI: -68 [da:ee:aa:ff:11:4b]

RSSI: -47 [da:ee:aa:ff:11:da]

RSSI: -78 [da:ee:aa:ff:0e:ec]

RSSI: -50 [da:ee:aa:ff:12:0a]

RSSI: -70 [da:ee:aa:ff:11:8b]

RSSI: -50 [da:ee:aa:ff:12:0a]

RSSI: -79 [da:ee:aa:ff:0e:ec]

RSSI: -52 [da:ee:aa:ff:11:8b]

RSSI: -50 [da:ee:aa:ff:12:0a]

RSSI: -50 [da:ee:aa:ff:12:0a]

RSSI: -73 [da:ee:aa:ff:0f:0c]

RSSI: -48 [da:ee:aa:ff:12:1a]

RSSI: -74 [da:ee:aa:ff:0f:0c]

RSSI: -67 [da:ee:aa:ff:11:ab]

RSSI: -74 [da:ee:aa:ff:0f:0c]

RSSI: -68 [da:ee:aa:ff:11:ab]

RSSI: -75 [da:ee:aa:ff:0f:0c]

RSSI: -47 [da:ee:aa:ff:12:2a]

RSSI: -69 [da:ee:aa:ff:11:db]

RSSI: -68 [da:ee:aa:ff:11:db]

RSSI: -36 [da:ee:aa:ff:12:4a]

RSSI: -67 [da:ee:aa:ff:11:db]

RSSI: -48 [da:ee:aa:ff:12:4a]

RSSI: -68 [da:ee:aa:ff:11:db]

RSSI: -48 [da:ee:aa:ff:12:4a]

RSSI: -64 [da:ee:aa:ff:0f:4c]

RSSI: -69 [da:ee:aa:ff:11:fb]

RSSI: -50 [da:ee:aa:ff:12:8a]

RSSI: -75 [da:ee:aa:ff:0f:4c]

RSSI: -69 [da:ee:aa:ff:11:fb]

RSSI: -49 [da:ee:aa:ff:12:8a]

RSSI: -78 [da:ee:aa:ff:0f:4c]

RSSI: -49 [da:ee:aa:ff:12:8a]

RSSI: -80 [da:ee:aa:ff:0f:4c]

RSSI: -47 [da:ee:aa:ff:12:9a]

RSSI: -74 [da:ee:aa:ff:0f:6c]

RSSI: -67 [da:ee:aa:ff:12:2b]

RSSI: -47 [da:ee:aa:ff:12:9a]

RSSI: -73 [da:ee:aa:ff:0f:6c]

RSSI: -67 [da:ee:aa:ff:12:2b]

RSSI: -47 [da:ee:aa:ff:12:9a]

RSSI: -73 [da:ee:aa:ff:0f:6c]

RSSI: -68 [da:ee:aa:ff:12:2b]

RSSI: -67 [da:ee:aa:ff:12:2b]

RSSI: -47 [da:ee:aa:ff:12:aa]

RSSI: -73 [da:ee:aa:ff:0f:6c]

RSSI: -47 [da:ee:aa:ff:12:ca]

RSSI: -68 [da:ee:aa:ff:12:4b]

RSSI: -47 [da:ee:aa:ff:12:ca]

RSSI: -47 [da:ee:aa:ff:12:ca]

RSSI: -69 [da:ee:aa:ff:12:7b]

RSSI: -79 [da:ee:aa:ff:0f:bc]

RSSI: -69 [da:ee:aa:ff:12:7b]

RSSI: -79 [da:ee:aa:ff:0f:bc]

RSSI: -69 [da:ee:aa:ff:12:7b]

RSSI: -49 [da:ee:aa:ff:12:ea]

RSSI: -79 [da:ee:aa:ff:0f:bc]

RSSI: -69 [da:ee:aa:ff:12:7b]

RSSI: -49 [da:ee:aa:ff:12:ea]

RSSI: -79 [da:ee:aa:ff:0f:bc]

RSSI: -69 [da:ee:aa:ff:12:7b]

RSSI: -49 [da:ee:aa:ff:12:ea]

RSSI: -47 [da:ee:aa:ff:13:0a]

RSSI: -73 [da:ee:aa:ff:0f:cc]

RSSI: -68 [da:ee:aa:ff:12:8b]

RSSI: -47 [da:ee:aa:ff:13:0a]

RSSI: -67 [da:ee:aa:ff:12:8b]

RSSI: -47 [da:ee:aa:ff:13:0a]

RSSI: -51 [da:ee:aa:ff:12:bb]

RSSI: -51 [da:ee:aa:ff:12:bb]

RSSI: -67 [da:ee:aa:ff:12:bb]

RSSI: -68 [da:ee:aa:ff:12:db]

RSSI: -50 [da:ee:aa:ff:13:5a]

RSSI: -68 [da:ee:aa:ff:12:db]

RSSI: -78 [da:ee:aa:ff:10:3c]

RSSI: -72 [da:ee:aa:ff:10:3c]

RSSI: -50 [da:ee:aa:ff:13:7a]

RSSI: -50 [da:ee:aa:ff:13:7a]

RSSI: -46 [da:ee:aa:ff:13:8a]

RSSI: -47 [da:ee:aa:ff:13:8a]

RSSI: -47 [da:ee:aa:ff:13:8a]

RSSI: -46 [da:ee:aa:ff:13:8a]

RSSI: -68 [da:ee:aa:ff:13:0b]

RSSI: -72 [da:ee:aa:ff:10:6c]

RSSI: -68 [da:ee:aa:ff:13:2b]

RSSI: -47 [da:ee:aa:ff:13:ca]

RSSI: -75 [da:ee:aa:ff:10:7c]

RSSI: -68 [da:ee:aa:ff:13:2b]

RSSI: -47 [da:ee:aa:ff:13:ca]

RSSI: -76 [da:ee:aa:ff:10:7c]

RSSI: -47 [da:ee:aa:ff:13:ca]

RSSI: -76 [da:ee:aa:ff:10:7c]

RSSI: -75 [da:ee:aa:ff:10:7c]

RSSI: -68 [da:ee:aa:ff:13:3b]

RSSI: -47 [da:ee:aa:ff:13:ca]

RSSI: -76 [da:ee:aa:ff:10:7c]

RSSI: -79 [da:ee:aa:ff:10:9c]

RSSI: -69 [da:ee:aa:ff:13:5b]

RSSI: -50 [da:ee:aa:ff:13:ea]

RSSI: -79 [da:ee:aa:ff:10:9c]

RSSI: -69 [da:ee:aa:ff:13:5b]

RSSI: -50 [da:ee:aa:ff:13:ea]

RSSI: -69 [da:ee:aa:ff:13:5b]

RSSI: -69 [da:ee:aa:ff:13:5b]

RSSI: -50 [da:ee:aa:ff:13:fa]

RSSI: -69 [da:ee:aa:ff:13:5b]

RSSI: -68 [da:ee:aa:ff:13:6b]

RSSI: -68 [da:ee:aa:ff:13:7b]

RSSI: -68 [da:ee:aa:ff:13:7b]

RSSI: -67 [da:ee:aa:ff:13:9b]

RSSI: -47 [da:ee:aa:ff:14:3a]

RSSI: -76 [da:ee:aa:ff:10:fc]

RSSI: -68 [da:ee:aa:ff:13:9b]

RSSI: -76 [da:ee:aa:ff:10:fc]

RSSI: -67 [da:ee:aa:ff:13:9b]

RSSI: -47 [da:ee:aa:ff:14:3a]

RSSI: -75 [da:ee:aa:ff:10:fc]

RSSI: -67 [da:ee:aa:ff:13:9b]

RSSI: -78 [da:ee:aa:ff:11:1c]

RSSI: -79 [da:ee:aa:ff:11:1c]

RSSI: -79 [da:ee:aa:ff:11:1c]

RSSI: -53 [da:ee:aa:ff:13:cb]

RSSI: -59 [da:ee:aa:ff:13:cb]

RSSI: -48 [da:ee:aa:ff:14:8a]

RSSI: -68 [da:ee:aa:ff:13:eb]

RSSI: -47 [da:ee:aa:ff:14:8a]

RSSI: -47 [da:ee:aa:ff:14:9a]

RSSI: -75 [da:ee:aa:ff:11:5c]

RSSI: -75 [da:ee:aa:ff:11:5c]

RSSI: -47 [da:ee:aa:ff:14:aa]

RSSI: -68 [da:ee:aa:ff:14:2b]

RSSI: -47 [da:ee:aa:ff:14:aa]

RSSI: -75 [da:ee:aa:ff:11:6c]

RSSI: -68 [da:ee:aa:ff:14:2b]

RSSI: -47 [da:ee:aa:ff:14:aa]

RSSI: -75 [da:ee:aa:ff:11:6c]

RSSI: -68 [da:ee:aa:ff:14:2b]

RSSI: -79 [da:ee:aa:ff:11:8c]

RSSI: -49 [da:ee:aa:ff:14:ca]

RSSI: -68 [da:ee:aa:ff:14:4b]

RSSI: -80 [da:ee:aa:ff:11:8c]

RSSI: -49 [da:ee:aa:ff:14:ca]

RSSI: -68 [da:ee:aa:ff:14:4b]

RSSI: -80 [da:ee:aa:ff:11:8c]

RSSI: -49 [da:ee:aa:ff:14:ca]

RSSI: -68 [da:ee:aa:ff:14:4b]

RSSI: -79 [da:ee:aa:ff:11:8c]

RSSI: -68 [da:ee:aa:ff:14:4b]

RSSI: -80 [da:ee:aa:ff:11:8c]

RSSI: -47 [da:ee:aa:ff:14:fa]

RSSI: -68 [da:ee:aa:ff:14:7b]

RSSI: -47 [da:ee:aa:ff:14:fa]

RSSI: -69 [da:ee:aa:ff:14:7b]

RSSI: -47 [da:ee:aa:ff:14:fa]

RSSI: -68 [da:ee:aa:ff:14:7b]

RSSI: -47 [da:ee:aa:ff:14:fa]

RSSI: -68 [da:ee:aa:ff:14:7b]

RSSI: -70 [da:ee:aa:ff:14:9b]

RSSI: -47 [da:ee:aa:ff:15:1a]

RSSI: -70 [da:ee:aa:ff:14:9b]

RSSI: -70 [da:ee:aa:ff:14:9b]

RSSI: -47 [da:ee:aa:ff:15:2a]

RSSI: -68 [da:ee:aa:ff:14:9b]

RSSI: -47 [da:ee:aa:ff:15:2a]

RSSI: -48 [da:ee:aa:ff:15:3a]

RSSI: -80 [da:ee:aa:ff:12:0c]

RSSI: -48 [da:ee:aa:ff:15:3a]

RSSI: -68 [da:ee:aa:ff:14:cb]

RSSI: -48 [da:ee:aa:ff:15:3a]

RSSI: -68 [da:ee:aa:ff:14:cb]

RSSI: -48 [da:ee:aa:ff:15:3a]

RSSI: -48 [da:ee:aa:ff:15:3a]

RSSI: -66 [da:ee:aa:ff:14:eb]

RSSI: -44 [da:ee:aa:ff:15:6a]

RSSI: -68 [da:ee:aa:ff:14:eb]

RSSI: -35 [da:ee:aa:ff:15:6a]

RSSI: -44 [da:ee:aa:ff:15:6a]

RSSI: -47 [da:ee:aa:ff:15:8a]

RSSI: -60 [da:ee:aa:ff:12:6c]

RSSI: -68 [da:ee:aa:ff:15:1b]

RSSI: -47 [da:ee:aa:ff:15:8a]

RSSI: -67 [da:ee:aa:ff:15:1b]

RSSI: -60 [da:ee:aa:ff:12:6c]

RSSI: -68 [da:ee:aa:ff:15:1b]

RSSI: -47 [da:ee:aa:ff:15:9a]

RSSI: -59 [da:ee:aa:ff:12:6c]

RSSI: -68 [da:ee:aa:ff:15:1b]

RSSI: -47 [da:ee:aa:ff:15:9a]

RSSI: -66 [da:ee:aa:ff:12:6c]

RSSI: -48 [da:ee:aa:ff:15:aa]

RSSI: -67 [da:ee:aa:ff:15:3b]

RSSI: -48 [da:ee:aa:ff:15:aa]

RSSI: -68 [da:ee:aa:ff:15:3b]

RSSI: -48 [da:ee:aa:ff:15:aa]

RSSI: -81 [da:ee:aa:ff:12:ac]

RSSI: -68 [da:ee:aa:ff:15:3b]

RSSI: -48 [da:ee:aa:ff:15:aa]

RSSI: -81 [da:ee:aa:ff:12:ac]

RSSI: -68 [da:ee:aa:ff:15:3b]

RSSI: -48 [da:ee:aa:ff:15:aa]

RSSI: -81 [da:ee:aa:ff:12:ac]

RSSI: -68 [da:ee:aa:ff:15:6b]

RSSI: -47 [da:ee:aa:ff:15:da]

RSSI: -68 [da:ee:aa:ff:15:6b]

RSSI: -47 [da:ee:aa:ff:15:da]

RSSI: -68 [da:ee:aa:ff:15:6b]

RSSI: -47 [da:ee:aa:ff:15:da]

RSSI: -68 [da:ee:aa:ff:15:6b]

RSSI: -47 [da:ee:aa:ff:15:da]

RSSI: -68 [da:ee:aa:ff:15:6b]

RSSI: -47 [da:ee:aa:ff:15:da]

RSSI: -47 [da:ee:aa:ff:15:ea]

RSSI: -67 [da:ee:aa:ff:15:8b]

RSSI: -74 [da:ee:aa:ff:12:fc]

RSSI: -47 [da:ee:aa:ff:15:ea]

RSSI: -68 [da:ee:aa:ff:15:8b]

RSSI: -75 [da:ee:aa:ff:12:fc]

RSSI: -47 [da:ee:aa:ff:15:ea]

RSSI: -67 [da:ee:aa:ff:15:8b]

RSSI: -75 [da:ee:aa:ff:12:fc]

RSSI: -67 [da:ee:aa:ff:15:9b]

RSSI: -68 [da:ee:aa:ff:15:ab]

RSSI: -81 [da:ee:aa:ff:13:1c]

RSSI: -48 [da:ee:aa:ff:16:1a]

RSSI: -68 [da:ee:aa:ff:15:ab]

RSSI: -81 [da:ee:aa:ff:13:1c]

RSSI: -48 [da:ee:aa:ff:16:1a]

RSSI: -68 [da:ee:aa:ff:15:ab]

RSSI: -48 [da:ee:aa:ff:16:1a]

RSSI: -68 [da:ee:aa:ff:15:ab]

RSSI: -48 [da:ee:aa:ff:16:1a]

RSSI: -68 [da:ee:aa:ff:15:ab]

RSSI: -72 [da:ee:aa:ff:13:3c]

RSSI: -47 [da:ee:aa:ff:16:3a]

RSSI: -72 [da:ee:aa:ff:13:3c]

RSSI: -47 [da:ee:aa:ff:16:3a]

RSSI: -72 [da:ee:aa:ff:13:3c]

RSSI: -47 [da:ee:aa:ff:16:3a]

RSSI: -73 [da:ee:aa:ff:13:3c]

RSSI: -69 [da:ee:aa:ff:15:db]

RSSI: -73 [da:ee:aa:ff:13:3c]

RSSI: -37 [da:ee:aa:ff:16:5a]

RSSI: -69 [da:ee:aa:ff:15:db]

RSSI: -41 [da:ee:aa:ff:16:6a]

RSSI: -64 [da:ee:aa:ff:15:eb]

RSSI: -43 [da:ee:aa:ff:16:6a]

RSSI: -47 [da:ee:aa:ff:16:6a]

RSSI: -60 [da:ee:aa:ff:15:eb]

RSSI: -34 [da:ee:aa:ff:16:6a]

RSSI: -54 [da:ee:aa:ff:15:eb]

RSSI: -74 [da:ee:aa:ff:13:7c]

RSSI: -47 [da:ee:aa:ff:16:6a]

RSSI: -67 [da:ee:aa:ff:15:eb]

RSSI: -48 [da:ee:aa:ff:00:0a]

RSSI: -48 [da:ee:aa:ff:00:0a]

RSSI: -68 [da:ee:aa:ff:16:2b]

RSSI: -48 [da:ee:aa:ff:00:0a]

RSSI: -47 [da:ee:aa:ff:00:1a]

RSSI: -69 [da:ee:aa:ff:16:3b]

RSSI: -47 [da:ee:aa:ff:00:1a]

RSSI: -68 [da:ee:aa:ff:16:3b]

RSSI: -47 [da:ee:aa:ff:00:1a]

RSSI: -68 [da:ee:aa:ff:16:3b]

RSSI: -68 [da:ee:aa:ff:16:5b]

RSSI: -47 [da:ee:aa:ff:00:4a]

RSSI: -67 [da:ee:aa:ff:16:5b]

RSSI: -47 [da:ee:aa:ff:00:4a]

RSSI: -46 [da:ee:aa:ff:00:4a]

RSSI: -67 [da:ee:aa:ff:16:7b]

RSSI: -74 [da:ee:aa:ff:13:dc]

RSSI: -46 [da:ee:aa:ff:00:4a]

RSSI: -68 [da:ee:aa:ff:16:7b]

RSSI: -74 [da:ee:aa:ff:13:dc]

RSSI: -46 [da:ee:aa:ff:00:4a]

RSSI: -48 [da:ee:aa:ff:00:5a]

RSSI: -68 [da:ee:aa:ff:00:0b]

RSSI: -79 [da:ee:aa:ff:13:fc]

RSSI: -68 [da:ee:aa:ff:00:0b]

RSSI: -68 [da:ee:aa:ff:00:0b]

RSSI: -48 [da:ee:aa:ff:00:6a]

RSSI: -68 [da:ee:aa:ff:00:0b]

RSSI: -48 [da:ee:aa:ff:00:6a]

RSSI: -47 [da:ee:aa:ff:00:7a]

RSSI: -68 [da:ee:aa:ff:00:2b]

RSSI: -47 [da:ee:aa:ff:00:7a]

RSSI: -73 [da:ee:aa:ff:14:3c]

RSSI: -47 [da:ee:aa:ff:00:7a]

RSSI: -68 [da:ee:aa:ff:00:4b]

RSSI: -48 [da:ee:aa:ff:00:7a]

RSSI: -68 [da:ee:aa:ff:00:4b]

RSSI: -68 [da:ee:aa:ff:00:5b]

RSSI: -74 [da:ee:aa:ff:14:4c]

RSSI: -34 [da:ee:aa:ff:00:9a]

RSSI: -68 [da:ee:aa:ff:00:5b]

RSSI: -42 [da:ee:aa:ff:00:9a]

RSSI: -68 [da:ee:aa:ff:00:5b]

RSSI: -68 [da:ee:aa:ff:00:5b]

RSSI: -33 [da:ee:aa:ff:00:9a]

RSSI: -68 [da:ee:aa:ff:00:5b]

RSSI: -47 [da:ee:aa:ff:00:aa]

RSSI: -68 [da:ee:aa:ff:00:7b]

RSSI: -47 [da:ee:aa:ff:00:aa]

RSSI: -47 [da:ee:aa:ff:00:aa]

RSSI: -59 [da:ee:aa:ff:00:9b]

RSSI: -78 [da:ee:aa:ff:14:8c]

RSSI: -47 [da:ee:aa:ff:00:ba]

RSSI: -49 [da:ee:aa:ff:00:9b]

RSSI: -48 [da:ee:aa:ff:00:da]

RSSI: -48 [da:ee:aa:ff:00:da]

RSSI: -51 [da:ee:aa:ff:00:ab]

RSSI: -59 [da:ee:aa:ff:14:9c]

RSSI: -48 [da:ee:aa:ff:00:da]

RSSI: -68 [da:ee:aa:ff:00:ab]

RSSI: -47 [da:ee:aa:ff:00:da]

RSSI: -68 [da:ee:aa:ff:00:ab]

RSSI: -47 [da:ee:aa:ff:00:da]

RSSI: -68 [da:ee:aa:ff:00:ab]

RSSI: -75 [da:ee:aa:ff:14:cc]

RSSI: -75 [da:ee:aa:ff:14:cc]

RSSI: -47 [da:ee:aa:ff:01:1a]

RSSI: -68 [da:ee:aa:ff:00:eb]

RSSI: -74 [da:ee:aa:ff:14:cc]

RSSI: -47 [da:ee:aa:ff:01:1a]

RSSI: -68 [da:ee:aa:ff:00:eb]

RSSI: -74 [da:ee:aa:ff:14:cc]

RSSI: -47 [da:ee:aa:ff:01:1a]

RSSI: -68 [da:ee:aa:ff:00:eb]

RSSI: -76 [da:ee:aa:ff:14:cc]

RSSI: -47 [da:ee:aa:ff:01:3a]

RSSI: -48 [da:ee:aa:ff:01:3a]

RSSI: -47 [da:ee:aa:ff:01:3a]

RSSI: -80 [da:ee:aa:ff:14:fc]

RSSI: -68 [da:ee:aa:ff:00:fb]

RSSI: -78 [da:ee:aa:ff:14:fc]

RSSI: -73 [da:ee:aa:ff:15:1c]

RSSI: -47 [da:ee:aa:ff:01:5a]

RSSI: -72 [da:ee:aa:ff:15:1c]

RSSI: -47 [da:ee:aa:ff:01:5a]

RSSI: -72 [da:ee:aa:ff:15:1c]

RSSI: -47 [da:ee:aa:ff:01:5a]

RSSI: -73 [da:ee:aa:ff:15:1c]

RSSI: -47 [da:ee:aa:ff:01:5a]

RSSI: -73 [da:ee:aa:ff:15:1c]

RSSI: -47 [da:ee:aa:ff:01:5a]

RSSI: -46 [da:ee:aa:ff:01:6a]

RSSI: -68 [da:ee:aa:ff:01:4b]

RSSI: -46 [da:ee:aa:ff:01:8a]

RSSI: -67 [da:ee:aa:ff:01:4b]

RSSI: -46 [da:ee:aa:ff:01:8a]

RSSI: -67 [da:ee:aa:ff:01:4b]

RSSI: -46 [da:ee:aa:ff:01:8a]

RSSI: -74 [da:ee:aa:ff:15:4c]

RSSI: -37 [da:ee:aa:ff:01:9a]

RSSI: -68 [da:ee:aa:ff:01:8b]

RSSI: -79 [da:ee:aa:ff:15:7c]

RSSI: -72 [da:ee:aa:ff:15:8c]

RSSI: -47 [da:ee:aa:ff:01:ca]

RSSI: -73 [da:ee:aa:ff:15:8c]

RSSI: -47 [da:ee:aa:ff:01:ca]

RSSI: -68 [da:ee:aa:ff:01:bb]

RSSI: -68 [da:ee:aa:ff:01:db]

RSSI: -79 [da:ee:aa:ff:15:cc]

RSSI: -48 [da:ee:aa:ff:02:0a]

RSSI: -69 [da:ee:aa:ff:01:eb]

RSSI: -79 [da:ee:aa:ff:15:cc]

RSSI: -48 [da:ee:aa:ff:02:0a]

RSSI: -69 [da:ee:aa:ff:01:eb]

RSSI: -78 [da:ee:aa:ff:15:cc]

RSSI: -48 [da:ee:aa:ff:02:0a]

RSSI: -79 [da:ee:aa:ff:15:cc]

RSSI: -48 [da:ee:aa:ff:02:0a]

RSSI: -69 [da:ee:aa:ff:01:fb]

RSSI: -71 [da:ee:aa:ff:16:0c]

RSSI: -68 [da:ee:aa:ff:02:1b]

RSSI: -48 [da:ee:aa:ff:02:2a]

RSSI: -72 [da:ee:aa:ff:16:0c]

RSSI: -68 [da:ee:aa:ff:02:1b]

RSSI: -48 [da:ee:aa:ff:02:2a]

RSSI: -68 [da:ee:aa:ff:02:1b]

RSSI: -71 [da:ee:aa:ff:02:2b]

RSSI: -75 [da:ee:aa:ff:16:1c]

RSSI: -46 [da:ee:aa:ff:02:4a]

RSSI: -67 [da:ee:aa:ff:02:2b]

RSSI: -75 [da:ee:aa:ff:16:1c]

RSSI: -46 [da:ee:aa:ff:02:4a]

RSSI: -68 [da:ee:aa:ff:02:2b]

RSSI: -75 [da:ee:aa:ff:16:1c]

RSSI: -68 [da:ee:aa:ff:02:4b]

RSSI: -46 [da:ee:aa:ff:02:6a]

RSSI: -80 [da:ee:aa:ff:16:4c]

RSSI: -69 [da:ee:aa:ff:02:6b]

RSSI: -48 [da:ee:aa:ff:02:7a]

RSSI: -79 [da:ee:aa: