
RSSI: -72 [da:ee:aa:ff:15:db]

RSSI: -59 [da:ee:aa:ff:14:aa]

RSSI: -72 [da:ee:aa:ff:15:db]

RSSI: -59 [da:ee:aa:ff:14:aa]

RSSI: -80 [da:ee:aa:ff:14:9c]

RSSI: -59 [da:ee:aa:ff:14:aa]

RSSI: -59 [da:ee:aa:ff:14:aa]

RSSI: -59 [da:ee:aa:ff:14:aa]

RSSI: -60 [da:ee:aa:ff:14:ba]

RSSI: -84 [da:ee:aa:ff:16:0b]

RSSI: -60 [da:ee:aa:ff:14:ba]

RSSI: -85 [da:ee:aa:ff:16:0b]

RSSI: -60 [da:ee:aa:ff:14:ba]

RSSI: -84 [da:ee:aa:ff:14:dc]

RSSI: -85 [da:ee:aa:ff:16:0b]

RSSI: -60 [da:ee:aa:ff:14:da]

RSSI: -86 [da:ee:aa:ff:14:dc]

RSSI: -60 [da:ee:aa:ff:14:da]

RSSI: -77 [da:ee:aa:ff:16:3b]

RSSI: -85 [da:ee:aa:ff:14:fc]

RSSI: -76 [da:ee:aa:ff:16:3b]

RSSI: -59 [da:ee:aa:ff:14:ea]

RSSI: -60 [da:ee:aa:ff:14:ea]

RSSI: -76 [da:ee:aa:ff:16:3b]

RSSI: -87 [da:ee:aa:ff:15:1c]

RSSI: -60 [da:ee:aa:ff:14:ea]

RSSI: -78 [da:ee:aa:ff:15:3c]

RSSI: -60 [da:ee:aa:ff:15:0a]

RSSI: -73 [da:ee:aa:ff:16:5b]

RSSI: -73 [da:ee:aa:ff:16:5b]

RSSI: -59 [da:ee:aa:ff:15:2a]

RSSI: -78 [da:ee:aa:ff:15:3c]

RSSI: -59 [da:ee:aa:ff:15:2a]

RSSI: -77 [da:ee:aa:ff:15:3c]

RSSI: -59 [da:ee:aa:ff:15:2a]

RSSI: -58 [da:ee:aa:ff:15:4a]

RSSI: -58 [da:ee:aa:ff:15:4a]

RSSI: -84 [da:ee:aa:ff:15:6c]

RSSI: -78 [da:ee:aa:ff:00:0b]

RSSI: -58 [da:ee:aa:ff:15:4a]

RSSI: -82 [da:ee:aa:ff:15:6c]

RSSI: -83 [da:ee:aa:ff:15:6c]

RSSI: -65 [da:ee:aa:ff:00:0b]

RSSI: -77 [da:ee:aa:ff:00:2b]

RSSI: -57 [da:ee:aa:ff:15:8a]

RSSI: -58 [da:ee:aa:ff:15:8a]

RSSI: -76 [da:ee:aa:ff:15:8c]

RSSI: -78 [da:ee:aa:ff:00:3b]

RSSI: -82 [da:ee:aa:ff:15:8c]

RSSI: -76 [da:ee:aa:ff:15:8c]

RSSI: -78 [da:ee:aa:ff:00:3b]

RSSI: -73 [da:ee:aa:ff:00:4b]

RSSI: -62 [da:ee:aa:ff:15:aa]

RSSI: -82 [da:ee:aa:ff:15:cc]

RSSI: -73 [da:ee:aa:ff:00:4b]

RSSI: -73 [da:ee:aa:ff:00:4b]

RSSI: -62 [da:ee:aa:ff:15:ba]

RSSI: -81 [da:ee:aa:ff:15:ec]

RSSI: -60 [da:ee:aa:ff:15:da]

RSSI: -78 [da:ee:aa:ff:00:7b]

RSSI: -81 [da:ee:aa:ff:15:ec]

RSSI: -59 [da:ee:aa:ff:15:da]

RSSI: -78 [da:ee:aa:ff:00:7b]

RSSI: -81 [da:ee:aa:ff:15:ec]

RSSI: -60 [da:ee:aa:ff:15:da]

RSSI: -78 [da:ee:aa:ff:00:7b]

RSSI: -82 [da:ee:aa:ff:15:ec]

RSSI: -59 [da:ee:aa:ff:15:da]

RSSI: -59 [da:ee:aa:ff:15:da]

RSSI: -78 [da:ee:aa:ff:00:8b]

RSSI: -89 [da:ee:aa:ff:16:1c]

RSSI: -58 [da:ee:aa:ff:15:ea]

RSSI: -54 [da:ee:aa:ff:15:fa]

RSSI: -77 [da:ee:aa:ff:00:ab]

RSSI: -43 [da:ee:aa:ff:15:fa]

RSSI: -78 [da:ee:aa:ff:00:ab]

RSSI: -56 [da:ee:aa:ff:15:fa]

RSSI: -65 [da:ee:aa:ff:16:0a]

RSSI: -63 [da:ee:aa:ff:16:0a]

RSSI: -74 [da:ee:aa:ff:00:bb]

RSSI: -84 [da:ee:aa:ff:16:7c]

RSSI: -85 [da:ee:aa:ff:16:7c]

RSSI: -61 [da:ee:aa:ff:16:3a]

RSSI: -85 [da:ee:aa:ff:16:7c]

RSSI: -61 [da:ee:aa:ff:16:3a]

RSSI: -77 [da:ee:aa:ff:00:fb]

RSSI: -84 [da:ee:aa:ff:16:7c]

RSSI: -61 [da:ee:aa:ff:16:3a]

RSSI: -77 [da:ee:aa:ff:00:fb]

RSSI: -84 [da:ee:aa:ff:16:7c]

RSSI: -61 [da:ee:aa:ff:16:3a]

RSSI: -59 [da:ee:aa:ff:16:4a]

RSSI: -84 [da:ee:aa:ff:00:1c]

RSSI: -58 [da:ee:aa:ff:16:4a]

RSSI: -62 [da:ee:aa:ff:16:7a]

RSSI: -62 [da:ee:aa:ff:16:7a]

RSSI: -62 [da:ee:aa:ff:16:7a]

RSSI: -62 [da:ee:aa:ff:16:7a]

RSSI: -62 [da:ee:aa:ff:16:7a]

RSSI: -76 [da:ee:aa:ff:01:5b]

RSSI: -76 [da:ee:aa:ff:01:5b]

RSSI: -64 [da:ee:aa:ff:00:2a]

RSSI: -87 [da:ee:aa:ff:00:7c]

RSSI: -76 [da:ee:aa:ff:01:5b]

RSSI: -63 [da:ee:aa:ff:00:2a]

RSSI: -85 [da:ee:aa:ff:00:7c]

RSSI: -76 [da:ee:aa:ff:01:5b]

RSSI: -79 [da:ee:aa:ff:01:6b]

RSSI: -59 [da:ee:aa:ff:00:4a]

RSSI: -84 [da:ee:aa:ff:00:9c]

RSSI: -59 [da:ee:aa:ff:00:4a]

RSSI: -85 [da:ee:aa:ff:00:9c]

RSSI: -78 [da:ee:aa:ff:01:6b]

RSSI: -59 [da:ee:aa:ff:00:4a]

RSSI: -78 [da:ee:aa:ff:01:6b]

RSSI: -59 [da:ee:aa:ff:00:4a]

RSSI: -58 [da:ee:aa:ff:00:4a]

RSSI: -73 [da:ee:aa:ff:01:ab]

RSSI: -59 [da:ee:aa:ff:00:6a]

RSSI: -73 [da:ee:aa:ff:01:ab]

RSSI: -74 [da:ee:aa:ff:01:ab]

RSSI: -74 [da:ee:aa:ff:01:ab]

RSSI: -74 [da:ee:aa:ff:01:ab]

RSSI: -78 [da:ee:aa:ff:00:cc]

RSSI: -56 [da:ee:aa:ff:00:aa]

RSSI: -75 [da:ee:aa:ff:01:bb]

RSSI: -64 [da:ee:aa:ff:00:aa]

RSSI: -64 [da:ee:aa:ff:00:aa]

RSSI: -75 [da:ee:aa:ff:01:cb]

RSSI: -53 [da:ee:aa:ff:00:aa]

RSSI: -89 [da:ee:aa:ff:00:ec]

RSSI: -75 [da:ee:aa:ff:01:cb]

RSSI: -63 [da:ee:aa:ff:00:aa]

RSSI: -58 [da:ee:aa:ff:00:ba]

RSSI: -76 [da:ee:aa:ff:01:db]

RSSI: -82 [da:ee:aa:ff:01:1c]

RSSI: -76 [da:ee:aa:ff:01:db]

RSSI: -58 [da:ee:aa:ff:00:ca]

RSSI: -76 [da:ee:aa:ff:01:db]

RSSI: -58 [da:ee:aa:ff:00:ca]

RSSI: -58 [da:ee:aa:ff:00:ea]

RSSI: -58 [da:ee:aa:ff:00:ea]

RSSI: -56 [da:ee:aa:ff:01:fb]

RSSI: -58 [da:ee:aa:ff:00:ea]

RSSI: -61 [da:ee:aa:ff:01:fb]

RSSI: -58 [da:ee:aa:ff:00:ea]

RSSI: -59 [da:ee:aa:ff:01:fb]

RSSI: -58 [da:ee:aa:ff:00:ea]

RSSI: -54 [da:ee:aa:ff:01:fb]

RSSI: -73 [da:ee:aa:ff:02:1b]

RSSI: -57 [da:ee:aa:ff:01:0a]

RSSI: -73 [da:ee:aa:ff:02:1b]

RSSI: -58 [da:ee:aa:ff:01:0a]

RSSI: -58 [da:ee:aa:ff:01:0a]

RSSI: -73 [da:ee:aa:ff:02:3b]

RSSI: -79 [da:ee:aa:ff:01:6c]

RSSI: -59 [da:ee:aa:ff:01:2a]

RSSI: -77 [da:ee:aa:ff:02:4b]

RSSI: -84 [da:ee:aa:ff:01:6c]

RSSI: -58 [da:ee:aa:ff:01:2a]

RSSI: -77 [da:ee:aa:ff:02:4b]

RSSI: -58 [da:ee:aa:ff:01:2a]

RSSI: -77 [da:ee:aa:ff:02:4b]

RSSI: -76 [da:ee:aa:ff:02:4b]

RSSI: -58 [da:ee:aa:ff:01:4a]

RSSI: -72 [da:ee:aa:ff:02:6b]

RSSI: -76 [da:ee:aa:ff:01:9c]

RSSI: -58 [da:ee:aa:ff:01:4a]

RSSI: -59 [da:ee:aa:ff:01:4a]

RSSI: -73 [da:ee:aa:ff:02:7b]

RSSI: -59 [da:ee:aa:ff:01:4a]

RSSI: -59 [da:ee:aa:ff:01:4a]

RSSI: -73 [da:ee:aa:ff:02:7b]

RSSI: -73 [da:ee:aa:ff:02:8b]

RSSI: -58 [da:ee:aa:ff:01:6a]

RSSI: -73 [da:ee:aa:ff:02:8b]

RSSI: -58 [da:ee:aa:ff:01:6a]

RSSI: -73 [da:ee:aa:ff:02:8b]

RSSI: -73 [da:ee:aa:ff:02:8b]

RSSI: -75 [da:ee:aa:ff:02:bb]

RSSI: -76 [da:ee:aa:ff:02:bb]

RSSI: -77 [da:ee:aa:ff:01:fc]

RSSI: -76 [da:ee:aa:ff:02:bb]

RSSI: -57 [da:ee:aa:ff:01:9a]

RSSI: -77 [da:ee:aa:ff:01:fc]

RSSI: -76 [da:ee:aa:ff:02:bb]

RSSI: -57 [da:ee:aa:ff:01:9a]

RSSI: -77 [da:ee:aa:ff:01:fc]

RSSI: -80 [da:ee:aa:ff:02:1c]

RSSI: -73 [da:ee:aa:ff:02:db]

RSSI: -80 [da:ee:aa:ff:02:1c]

RSSI: -61 [da:ee:aa:ff:01:da]

RSSI: -61 [da:ee:aa:ff:01:da]

RSSI: -64 [da:ee:aa:ff:02:eb]

RSSI: -81 [da:ee:aa:ff:02:3c]

RSSI: -61 [da:ee:aa:ff:01:da]

RSSI: -68 [da:ee:aa:ff:02:eb]

RSSI: -80 [da:ee:aa:ff:02:3c]

RSSI: -74 [da:ee:aa:ff:03:0b]

RSSI: -59 [da:ee:aa:ff:02:0a]

RSSI: -77 [da:ee:aa:ff:03:3b]

RSSI: -59 [da:ee:aa:ff:02:0a]

RSSI: -59 [da:ee:aa:ff:02:0a]

RSSI: -77 [da:ee:aa:ff:03:3b]

RSSI: -59 [da:ee:aa:ff:02:0a]

RSSI: -69 [da:ee:aa:ff:02:8c]

RSSI: -77 [da:ee:aa:ff:03:3b]

RSSI: -59 [da:ee:aa:ff:02:0a]

RSSI: -57 [da:ee:aa:ff:02:2a]

RSSI: -72 [da:ee:aa:ff:03:5b]

RSSI: -73 [da:ee:aa:ff:03:5b]

RSSI: -78 [da:ee:aa:ff:02:ac]

RSSI: -79 [da:ee:aa:ff:02:ac]

RSSI: -59 [da:ee:aa:ff:02:4a]

RSSI: -78 [da:ee:aa:ff:02:ac]

RSSI: -60 [da:ee:aa:ff:02:6a]

RSSI: -75 [da:ee:aa:ff:03:8b]

RSSI: -60 [da:ee:aa:ff:02:6a]

RSSI: -75 [da:ee:aa:ff:03:8b]

RSSI: -60 [da:ee:aa:ff:02:6a]

RSSI: -74 [da:ee:aa:ff:03:8b]

RSSI: -60 [da:ee:aa:ff:02:6a]

RSSI: -74 [da:ee:aa:ff:03:8b]

RSSI: -83 [da:ee:aa:ff:02:dc]

RSSI: -60 [da:ee:aa:ff:02:6a]

RSSI: -77 [da:ee:aa:ff:03:9b]

RSSI: -59 [da:ee:aa:ff:02:8a]

RSSI: -77 [da:ee:aa:ff:03:bb]

RSSI: -77 [da:ee:aa:ff:03:bb]

RSSI: -46 [da:ee:aa:ff:02:9a]

RSSI: -77 [da:ee:aa:ff:03:bb]

RSSI: -47 [da:ee:aa:ff:02:aa]

RSSI: -72 [da:ee:aa:ff:03:cb]

RSSI: -59 [da:ee:aa:ff:02:aa]

RSSI: -81 [da:ee:aa:ff:03:2c]

RSSI: -58 [da:ee:aa:ff:02:aa]

RSSI: -81 [da:ee:aa:ff:03:2c]

RSSI: -72 [da:ee:aa:ff:03:cb]

RSSI: -74 [da:ee:aa:ff:03:eb]

RSSI: -69 [da:ee:aa:ff:03:eb]

RSSI: -74 [da:ee:aa:ff:03:eb]

RSSI: -62 [da:ee:aa:ff:03:eb]

RSSI: -60 [da:ee:aa:ff:02:da]

RSSI: -56 [da:ee:aa:ff:03:eb]

RSSI: -77 [da:ee:aa:ff:03:fb]

RSSI: -59 [da:ee:aa:ff:02:fa]

RSSI: -86 [da:ee:aa:ff:03:7c]

RSSI: -77 [da:ee:aa:ff:03:fb]

RSSI: -59 [da:ee:aa:ff:02:fa]

RSSI: -59 [da:ee:aa:ff:02:fa]

RSSI: -77 [da:ee:aa:ff:04:0b]

RSSI: -77 [da:ee:aa:ff:04:0b]

RSSI: -87 [da:ee:aa:ff:03:7c]

RSSI: -73 [da:ee:aa:ff:04:1b]

RSSI: -62 [da:ee:aa:ff:03:2a]

RSSI: -73 [da:ee:aa:ff:04:1b]

RSSI: -62 [da:ee:aa:ff:03:2a]

RSSI: -73 [da:ee:aa:ff:04:1b]

RSSI: -62 [da:ee:aa:ff:03:2a]

RSSI: -73 [da:ee:aa:ff:04:1b]

RSSI: -73 [da:ee:aa:ff:04:1b]

RSSI: -62 [da:ee:aa:ff:03:2a]

RSSI: -74 [da:ee:aa:ff:04:4b]

RSSI: -66 [da:ee:aa:ff:03:4a]

RSSI: -74 [da:ee:aa:ff:04:4b]

RSSI: -65 [da:ee:aa:ff:03:5a]

RSSI: -74 [da:ee:aa:ff:04:4b]

RSSI: -65 [da:ee:aa:ff:03:5a]

RSSI: -60 [da:ee:aa:ff:03:7a]

RSSI: -77 [da:ee:aa:ff:04:5b]

RSSI: -60 [da:ee:aa:ff:03:7a]

RSSI: -88 [da:ee:aa:ff:03:dc]

RSSI: -78 [da:ee:aa:ff:04:5b]

RSSI: -60 [da:ee:aa:ff:03:7a]

RSSI: -60 [da:ee:aa:ff:03:7a]

RSSI: -78 [da:ee:aa:ff:04:7b]

RSSI: -72 [da:ee:aa:ff:04:8b]

RSSI: -78 [da:ee:aa:ff:04:1c]

RSSI: -71 [da:ee:aa:ff:04:8b]

RSSI: -77 [da:ee:aa:ff:04:1c]

RSSI: -71 [da:ee:aa:ff:04:8b]

RSSI: -78 [da:ee:aa:ff:04:1c]

RSSI: -72 [da:ee:aa:ff:04:8b]

RSSI: -62 [da:ee:aa:ff:03:9a]

RSSI: -77 [da:ee:aa:ff:04:1c]

RSSI: -71 [da:ee:aa:ff:04:8b]

RSSI: -53 [da:ee:aa:ff:03:9a]

RSSI: -75 [da:ee:aa:ff:04:9b]

RSSI: -57 [da:ee:aa:ff:03:aa]

RSSI: -74 [da:ee:aa:ff:04:bb]

RSSI: -64 [da:ee:aa:ff:03:aa]

RSSI: -74 [da:ee:aa:ff:04:bb]

RSSI: -63 [da:ee:aa:ff:03:aa]

RSSI: -74 [da:ee:aa:ff:04:bb]

RSSI: -63 [da:ee:aa:ff:03:aa]

RSSI: -74 [da:ee:aa:ff:04:bb]

RSSI: -66 [da:ee:aa:ff:04:db]

RSSI: -60 [da:ee:aa:ff:03:ca]

RSSI: -62 [da:ee:aa:ff:04:db]

RSSI: -60 [da:ee:aa:ff:03:ca]

RSSI: -60 [da:ee:aa:ff:03:ca]

RSSI: -60 [da:ee:aa:ff:03:ca]

RSSI: -71 [da:ee:aa:ff:04:fb]

RSSI: -62 [da:ee:aa:ff:03:ea]

RSSI: -77 [da:ee:aa:ff:04:8c]

RSSI: -71 [da:ee:aa:ff:04:fb]

RSSI: -62 [da:ee:aa:ff:03:ea]

RSSI: -62 [da:ee:aa:ff:03:ea]

RSSI: -72 [da:ee:aa:ff:04:fb]

RSSI: -63 [da:ee:aa:ff:03:fa]

RSSI: -62 [da:ee:aa:ff:04:1a]

RSSI: -74 [da:ee:aa:ff:05:0b]

RSSI: -61 [da:ee:aa:ff:04:1a]

RSSI: -61 [da:ee:aa:ff:04:1a]

RSSI: -62 [da:ee:aa:ff:04:1a]

RSSI: -61 [da:ee:aa:ff:04:1a]

RSSI: -84 [da:ee:aa:ff:05:3b]

RSSI: -84 [da:ee:aa:ff:04:dc]

RSSI: -81 [da:ee:aa:ff:05:3b]

RSSI: -60 [da:ee:aa:ff:04:5a]

RSSI: -60 [da:ee:aa:ff:04:5a]

RSSI: -73 [da:ee:aa:ff:05:7b]

RSSI: -63 [da:ee:aa:ff:04:6a]

RSSI: -73 [da:ee:aa:ff:05:7b]

RSSI: -73 [da:ee:aa:ff:05:7b]

RSSI: -73 [da:ee:aa:ff:05:9b]

RSSI: -73 [da:ee:aa:ff:05:9b]

RSSI: -73 [da:ee:aa:ff:05:9b]

RSSI: -64 [da:ee:aa:ff:04:aa]

RSSI: -74 [da:ee:aa:ff:05:bb]

RSSI: -57 [da:ee:aa:ff:04:aa]

RSSI: -84 [da:ee:aa:ff:05:6c]

RSSI: -48 [da:ee:aa:ff:04:ba]

RSSI: -79 [da:ee:aa:ff:05:db]

RSSI: -83 [da:ee:aa:ff:05:6c]

RSSI: -61 [da:ee:aa:ff:04:ba]

RSSI: -79 [da:ee:aa:ff:05:db]

RSSI: -61 [da:ee:aa:ff:04:ba]

RSSI: -61 [da:ee:aa:ff:04:ba]

RSSI: -79 [da:ee:aa:ff:05:db]

RSSI: -83 [da:ee:aa:ff:05:6c]

RSSI: -66 [da:ee:aa:ff:05:eb]

RSSI: -65 [da:ee:aa:ff:04:fa]

RSSI: -80 [da:ee:aa:ff:05:9c]

RSSI: -65 [da:ee:aa:ff:04:fa]

RSSI: -65 [da:ee:aa:ff:04:fa]

RSSI: -56 [da:ee:aa:ff:06:0b]

RSSI: -65 [da:ee:aa:ff:04:fa]

RSSI: -68 [da:ee:aa:ff:06:0b]

RSSI: -62 [da:ee:aa:ff:05:0a]

RSSI: -72 [da:ee:aa:ff:06:1b]

RSSI: -63 [da:ee:aa:ff:05:0a]

RSSI: -72 [da:ee:aa:ff:06:1b]

RSSI: -63 [da:ee:aa:ff:05:0a]

RSSI: -84 [da:ee:aa:ff:05:bc]

RSSI: -72 [da:ee:aa:ff:06:1b]

RSSI: -83 [da:ee:aa:ff:05:bc]

RSSI: -72 [da:ee:aa:ff:06:1b]

RSSI: -62 [da:ee:aa:ff:05:1a]

RSSI: -77 [da:ee:aa:ff:06:4b]

RSSI: -58 [da:ee:aa:ff:05:2a]

RSSI: -77 [da:ee:aa:ff:06:4b]

RSSI: -58 [da:ee:aa:ff:05:2a]

RSSI: -77 [da:ee:aa:ff:06:4b]

RSSI: -58 [da:ee:aa:ff:05:2a]

RSSI: -80 [da:ee:aa:ff:05:dc]

RSSI: -77 [da:ee:aa:ff:06:4b]

RSSI: -58 [da:ee:aa:ff:05:2a]

RSSI: -79 [da:ee:aa:ff:05:dc]

RSSI: -77 [da:ee:aa:ff:06:4b]

RSSI: -59 [da:ee:aa:ff:05:2a]

RSSI: -72 [da:ee:aa:ff:06:5b]

RSSI: -73 [da:ee:aa:ff:06:5b]

RSSI: -64 [da:ee:aa:ff:05:fc]

RSSI: -61 [da:ee:aa:ff:05:5a]

RSSI: -72 [da:ee:aa:ff:06:6b]

RSSI: -61 [da:ee:aa:ff:05:5a]

RSSI: -73 [da:ee:aa:ff:06:6b]

RSSI: -60 [da:ee:aa:ff:05:7a]

RSSI: -60 [da:ee:aa:ff:05:7a]

RSSI: -60 [da:ee:aa:ff:05:7a]

RSSI: -60 [da:ee:aa:ff:05:7a]

RSSI: -60 [da:ee:aa:ff:05:7a]

RSSI: -58 [da:ee:aa:ff:05:8a]

RSSI: -77 [da:ee:aa:ff:06:4c]

RSSI: -76 [da:ee:aa:ff:06:cb]

RSSI: -75 [da:ee:aa:ff:06:cb]

RSSI: -76 [da:ee:aa:ff:06:cb]

RSSI: -81 [da:ee:aa:ff:06:7c]

RSSI: -81 [da:ee:aa:ff:06:7c]

RSSI: -73 [da:ee:aa:ff:05:ca]

RSSI: -82 [da:ee:aa:ff:06:7c]

RSSI: -72 [da:ee:aa:ff:05:ca]

RSSI: -82 [da:ee:aa:ff:06:7c]

RSSI: -60 [da:ee:aa:ff:05:fa]

RSSI: -80 [da:ee:aa:ff:06:9c]

RSSI: -54 [da:ee:aa:ff:06:fb]

RSSI: -60 [da:ee:aa:ff:05:fa]

RSSI: -79 [da:ee:aa:ff:06:9c]

RSSI: -58 [da:ee:aa:ff:06:fb]

RSSI: -60 [da:ee:aa:ff:05:fa]

RSSI: -55 [da:ee:aa:ff:06:fb]

RSSI: -60 [da:ee:aa:ff:05:fa]

RSSI: -55 [da:ee:aa:ff:06:fb]

RSSI: -60 [da:ee:aa:ff:05:fa]

RSSI: -78 [da:ee:aa:ff:06:ac]

RSSI: -80 [da:ee:aa:ff:07:1b]

RSSI: -59 [da:ee:aa:ff:06:1a]

RSSI: -59 [da:ee:aa:ff:06:1a]

RSSI: -82 [da:ee:aa:ff:06:cc]

RSSI: -59 [da:ee:aa:ff:06:1a]

RSSI: -84 [da:ee:aa:ff:06:cc]

RSSI: -82 [da:ee:aa:ff:07:2b]

RSSI: -63 [da:ee:aa:ff:06:4a]

RSSI: -82 [da:ee:aa:ff:06:ec]

RSSI: -64 [da:ee:aa:ff:06:4a]

RSSI: -63 [da:ee:aa:ff:06:4a]

RSSI: -63 [da:ee:aa:ff:06:4a]

RSSI: -63 [da:ee:aa:ff:06:4a]

RSSI: -64 [da:ee:aa:ff:06:6a]

RSSI: -79 [da:ee:aa:ff:07:6b]

RSSI: -67 [da:ee:aa:ff:07:1c]

RSSI: -78 [da:ee:aa:ff:07:8b]

RSSI: -61 [da:ee:aa:ff:06:9a]

RSSI: -80 [da:ee:aa:ff:07:ab]

RSSI: -90 [da:ee:aa:ff:07:3c]

RSSI: -61 [da:ee:aa:ff:06:9a]

RSSI: -80 [da:ee:aa:ff:07:ab]

RSSI: -61 [da:ee:aa:ff:06:9a]

RSSI: -80 [da:ee:aa:ff:07:ab]

RSSI: -61 [da:ee:aa:ff:06:9a]

RSSI: -79 [da:ee:aa:ff:07:ab]

RSSI: -88 [da:ee:aa:ff:07:7c]

RSSI: -81 [da:ee:aa:ff:07:cb]

RSSI: -89 [da:ee:aa:ff:07:7c]

RSSI: -80 [da:ee:aa:ff:07:cb]

RSSI: -80 [da:ee:aa:ff:07:eb]

RSSI: -79 [da:ee:aa:ff:07:eb]

RSSI: -70 [da:ee:aa:ff:06:ea]

RSSI: -79 [da:ee:aa:ff:07:eb]

RSSI: -70 [da:ee:aa:ff:06:ea]

RSSI: -79 [da:ee:aa:ff:07:eb]

RSSI: -69 [da:ee:aa:ff:06:ea]

RSSI: -59 [da:ee:aa:ff:08:1b]

RSSI: -60 [da:ee:aa:ff:08:1b]

RSSI: -72 [da:ee:aa:ff:08:1b]

RSSI: -68 [da:ee:aa:ff:08:1b]

RSSI: -70 [da:ee:aa:ff:08:1b]

RSSI: -63 [da:ee:aa:ff:07:4a]

RSSI: -63 [da:ee:aa:ff:07:4a]

RSSI: -61 [da:ee:aa:ff:07:7a]

RSSI: -73 [da:ee:aa:ff:08:5b]

RSSI: -62 [da:ee:aa:ff:07:7a]

RSSI: -74 [da:ee:aa:ff:08:5b]

RSSI: -62 [da:ee:aa:ff:07:7a]

RSSI: -73 [da:ee:aa:ff:08:5b]

RSSI: -62 [da:ee:aa:ff:07:7a]

RSSI: -73 [da:ee:aa:ff:08:5b]

RSSI: -62 [da:ee:aa:ff:07:7a]

RSSI: -73 [da:ee:aa:ff:08:5b]

RSSI: -63 [da:ee:aa:ff:07:9a]

RSSI: -73 [da:ee:aa:ff:08:8b]

RSSI: -63 [da:ee:aa:ff:07:9a]

RSSI: -73 [da:ee:aa:ff:08:8b]

RSSI: -73 [da:ee:aa:ff:08:8b]

RSSI: -59 [da:ee:aa:ff:07:ca]

RSSI: -59 [da:ee:aa:ff:07:ca]

RSSI: -90 [da:ee:aa:ff:08:6c]

RSSI: -59 [da:ee:aa:ff:07:ca]

RSSI: -76 [da:ee:aa:ff:08:9b]

RSSI: -59 [da:ee:aa:ff:07:ca]

RSSI: -91 [da:ee:aa:ff:08:6c]

RSSI: -59 [da:ee:aa:ff:07:ca]

RSSI: -71 [da:ee:aa:ff:08:cb]

RSSI: -62 [da:ee:aa:ff:07:fa]

RSSI: -72 [da:ee:aa:ff:08:cb]

RSSI: -63 [da:ee:aa:ff:07:fa]

RSSI: -72 [da:ee:aa:ff:08:cb]

RSSI: -61 [da:ee:aa:ff:08:0a]

RSSI: -69 [da:ee:aa:ff:08:fb]

RSSI: -81 [da:ee:aa:ff:08:ac]

RSSI: -61 [da:ee:aa:ff:08:0a]

RSSI: -65 [da:ee:aa:ff:08:fb]

RSSI: -60 [da:ee:aa:ff:09:0b]

RSSI: -89 [da:ee:aa:ff:08:ec]

RSSI: -64 [da:ee:aa:ff:09:0b]

RSSI: -59 [da:ee:aa:ff:08:3a]

RSSI: -77 [da:ee:aa:ff:09:0b]

RSSI: -59 [da:ee:aa:ff:08:3a]

RSSI: -78 [da:ee:aa:ff:09:0b]

RSSI: -59 [da:ee:aa:ff:08:3a]

RSSI: -89 [da:ee:aa:ff:08:ec]

RSSI: -77 [da:ee:aa:ff:09:0b]

RSSI: -61 [da:ee:aa:ff:08:4a]

RSSI: -72 [da:ee:aa:ff:09:3b]

RSSI: -72 [da:ee:aa:ff:09:3b]

RSSI: -72 [da:ee:aa:ff:09:3b]

RSSI: -72 [da:ee:aa:ff:09:3b]

RSSI: -73 [da:ee:aa:ff:09:5b]

RSSI: -60 [da:ee:aa:ff:08:7a]

RSSI: -73 [da:ee:aa:ff:09:5b]

RSSI: -72 [da:ee:aa:ff:09:5b]

RSSI: -60 [da:ee:aa:ff:08:7a]

RSSI: -58 [da:ee:aa:ff:08:8a]

RSSI: -80 [da:ee:aa:ff:09:8b]

RSSI: -58 [da:ee:aa:ff:08:8a]

RSSI: -80 [da:ee:aa:ff:09:8b]

RSSI: -58 [da:ee:aa:ff:08:8a]

RSSI: -80 [da:ee:aa:ff:09:8b]

RSSI: -81 [da:ee:aa:ff:09:8b]

RSSI: -81 [da:ee:aa:ff:09:8b]

RSSI: -61 [da:ee:aa:ff:08:ca]

RSSI: -71 [da:ee:aa:ff:09:9b]

RSSI: -61 [da:ee:aa:ff:08:ca]

RSSI: -72 [da:ee:aa:ff:09:9b]

RSSI: -61 [da:ee:aa:ff:08:ca]

RSSI: -61 [da:ee:aa:ff:08:ca]

RSSI: -72 [da:ee:aa:ff:09:ab]

RSSI: -61 [da:ee:aa:ff:08:ca]

RSSI: -73 [da:ee:aa:ff:09:ab]

RSSI: -72 [da:ee:aa:ff:09:bb]

RSSI: -61 [da:ee:aa:ff:08:da]

RSSI: -72 [da:ee:aa:ff:09:bb]

RSSI: -61 [da:ee:aa:ff:08:da]

RSSI: -72 [da:ee:aa:ff:09:bb]

RSSI: -72 [da:ee:aa:ff:09:bb]

RSSI: -61 [da:ee:aa:ff:08:fa]

RSSI: -72 [da:ee:aa:ff:09:bb]

RSSI: -47 [da:ee:aa:ff:08:fa]

RSSI: -85 [da:ee:aa:ff:09:dc]

RSSI: -58 [da:ee:aa:ff:09:1a]

RSSI: -62 [da:ee:aa:ff:09:2a]

RSSI: -89 [da:ee:aa:ff:09:fc]

RSSI: -55 [da:ee:aa:ff:0a:0b]

RSSI: -62 [da:ee:aa:ff:09:4a]

RSSI: -72 [da:ee:aa:ff:0a:0b]

RSSI: -62 [da:ee:aa:ff:09:4a]

RSSI: -73 [da:ee:aa:ff:0a:0b]

RSSI: -88 [da:ee:aa:ff:0a:1c]

RSSI: -63 [da:ee:aa:ff:09:4a]

RSSI: -72 [da:ee:aa:ff:0a:0b]

RSSI: -62 [da:ee:aa:ff:09:5a]

RSSI: -82 [da:ee:aa:ff:0a:2c]

RSSI: -62 [da:ee:aa:ff:09:5a]

RSSI: -83 [da:ee:aa:ff:0a:2c]

RSSI: -62 [da:ee:aa:ff:09:5a]

RSSI: -62 [da:ee:aa:ff:09:5a]

RSSI: -62 [da:ee:aa:ff:09:5a]

RSSI: -81 [da:ee:aa:ff:0a:4c]

RSSI: -83 [da:ee:aa:ff:0a:5b]

RSSI: -56 [da:ee:aa:ff:09:7a]

RSSI: -81 [da:ee:aa:ff:0a:4c]

RSSI: -83 [da:ee:aa:ff:0a:5b]

RSSI: -56 [da:ee:aa:ff:09:7a]

RSSI: -56 [da:ee:aa:ff:09:7a]

RSSI: -56 [da:ee:aa:ff:09:7a]

RSSI: -80 [da:ee:aa:ff:0a:5c]

RSSI: -74 [da:ee:aa:ff:0a:8b]

RSSI: -62 [da:ee:aa:ff:09:8a]

RSSI: -62 [da:ee:aa:ff:09:8a]

RSSI: -74 [da:ee:aa:ff:0a:8b]

RSSI: -62 [da:ee:aa:ff:09:8a]

RSSI: -74 [da:ee:aa:ff:0a:8b]

RSSI: -75 [da:ee:aa:ff:0a:8b]

RSSI: -61 [da:ee:aa:ff:09:ca]

RSSI: -74 [da:ee:aa:ff:0a:bb]

RSSI: -75 [da:ee:aa:ff:0a:bb]

RSSI: -61 [da:ee:aa:ff:09:ca]

RSSI: -74 [da:ee:aa:ff:0a:bb]

RSSI: -61 [da:ee:aa:ff:09:ca]

RSSI: -57 [da:ee:aa:ff:09:ea]

RSSI: -79 [da:ee:aa:ff:0a:ac]

RSSI: -81 [da:ee:aa:ff:0a:cb]

RSSI: -57 [da:ee:aa:ff:09:ea]

RSSI: -80 [da:ee:aa:ff:0a:ac]

RSSI: -80 [da:ee:aa:ff:0a:ac]

RSSI: -80 [da:ee:aa:ff:0a:cb]

RSSI: -79 [da:ee:aa:ff:0a:ac]

RSSI: -80 [da:ee:aa:ff:0a:ac]

RSSI: -57 [da:ee:aa:ff:09:fa]

RSSI: -50 [da:ee:aa:ff:0a:1a]

RSSI: -74 [da:ee:aa:ff:0a:fb]

RSSI: -50 [da:ee:aa:ff:0a:1a]

RSSI: -57 [da:ee:aa:ff:0a:1a]

RSSI: -76 [da:ee:aa:ff:0a:fb]

RSSI: -63 [da:ee:aa:ff:0a:1a]

RSSI: -63 [da:ee:aa:ff:0a:1a]

RSSI: -71 [da:ee:aa:ff:0a:fb]

RSSI: -85 [da:ee:aa:ff:0a:fc]

RSSI: -61 [da:ee:aa:ff:0a:3a]

RSSI: -75 [da:ee:aa:ff:0b:1b]

RSSI: -86 [da:ee:aa:ff:0a:fc]

RSSI: -62 [da:ee:aa:ff:0a:5a]

RSSI: -74 [da:ee:aa:ff:0b:3b]

RSSI: -62 [da:ee:aa:ff:0a:5a]

RSSI: -75 [da:ee:aa:ff:0b:3b]

RSSI: -79 [da:ee:aa:ff:0b:5b]

RSSI: -58 [da:ee:aa:ff:0a:7a]

RSSI: -79 [da:ee:aa:ff:0b:5b]

RSSI: -58 [da:ee:aa:ff:0a:7a]

RSSI: -79 [da:ee:aa:ff:0b:3c]

RSSI: -79 [da:ee:aa:ff:0b:5b]

RSSI: -58 [da:ee:aa:ff:0a:7a]

RSSI: -80 [da:ee:aa:ff:0b:3c]

RSSI: -79 [da:ee:aa:ff:0b:5b]

RSSI: -58 [da:ee:aa:ff:0a:7a]

RSSI: -80 [da:ee:aa:ff:0b:3c]

RSSI: -79 [da:ee:aa:ff:0b:5b]

RSSI: -58 [da:ee:aa:ff:0a:7a]

RSSI: -75 [da:ee:aa:ff:0b:8b]

RSSI: -67 [da:ee:aa:ff:0a:aa]

RSSI: -75 [da:ee:aa:ff:0b:8b]

RSSI: -68 [da:ee:aa:ff:0a:aa]

RSSI: -68 [da:ee:aa:ff:0a:aa]

RSSI: -75 [da:ee:aa:ff:0b:8b]

RSSI: -63 [da:ee:aa:ff:0a:ca]

RSSI: -78 [da:ee:aa:ff:0b:ab]

RSSI: -63 [da:ee:aa:ff:0a:ca]

RSSI: -78 [da:ee:aa:ff:0b:ab]

RSSI: -91 [da:ee:aa:ff:0b:9c]

RSSI: -63 [da:ee:aa:ff:0a:ca]

RSSI: -78 [da:ee:aa:ff:0b:ab]

RSSI: -63 [da:ee:aa:ff:0a:ca]

RSSI: -79 [da:ee:aa:ff:0b:ab]

RSSI: -94 [da:ee:aa:ff:0b:9c]

RSSI: -63 [da:ee:aa:ff:0a:ca]

RSSI: -79 [da:ee:aa:ff:0b:eb]

RSSI: -79 [da:ee:aa:ff:0b:eb]

RSSI: -59 [da:ee:aa:ff:0b:0a]

RSSI: -59 [da:ee:aa:ff:0b:0a]

RSSI: -69 [da:ee:aa:ff:0b:ac]

RSSI: -78 [da:ee:aa:ff:0b:eb]

RSSI: -59 [da:ee:aa:ff:0b:0a]

RSSI: -79 [da:ee:aa:ff:0b:eb]

RSSI: -59 [da:ee:aa:ff:0b:0a]

RSSI: -73 [da:ee:aa:ff:0c:0b]

RSSI: -69 [da:ee:aa:ff:0b:1a]

RSSI: -73 [da:ee:aa:ff:0c:0b]

RSSI: -70 [da:ee:aa:ff:0b:1a]

RSSI: -70 [da:ee:aa:ff:0b:1a]

RSSI: -73 [da:ee:aa:ff:0c:1b]

RSSI: -58 [da:ee:aa:ff:0b:5a]

RSSI: -46 [da:ee:aa:ff:0b:5a]

RSSI: -57 [da:ee:aa:ff:0b:5a]

RSSI: -91 [da:ee:aa:ff:0c:1c]

RSSI: -64 [da:ee:aa:ff:0b:7a]

RSSI: -65 [da:ee:aa:ff:0b:7a]

RSSI: -79 [da:ee:aa:ff:0c:4b]

RSSI: -81 [da:ee:aa:ff:0c:4b]

RSSI: -84 [da:ee:aa:ff:0c:4c]

RSSI: -66 [da:ee:aa:ff:0b:aa]

RSSI: -71 [da:ee:aa:ff:0c:6b]

RSSI: -66 [da:ee:aa:ff:0b:aa]

RSSI: -71 [da:ee:aa:ff:0c:6b]

RSSI: -84 [da:ee:aa:ff:0c:4c]

RSSI: -65 [da:ee:aa:ff:0b:aa]

RSSI: -71 [da:ee:aa:ff:0c:6b]

RSSI: -66 [da:ee:aa:ff:0b:aa]

RSSI: -70 [da:ee:aa:ff:0c:6b]

RSSI: -66 [da:ee:aa:ff:0b:aa]

RSSI: -64 [da:ee:aa:ff:0b:ca]

RSSI: -64 [da:ee:aa:ff:0b:ea]

RSSI: -63 [da:ee:aa:ff:0b:ea]

RSSI: -63 [da:ee:aa:ff:0b:ea]

RSSI: -84 [da:ee:aa:ff:0c:cb]

RSSI: -64 [da:ee:aa:ff:0b:fa]

RSSI: -91 [da:ee:aa:ff:0c:ac]

RSSI: -82 [da:ee:aa:ff:0c:cb]

RSSI: -65 [da:ee:aa:ff:0b:fa]

RSSI: -65 [da:ee:aa:ff:0b:fa]

RSSI: -65 [da:ee:aa:ff:0b:fa]

RSSI: -70 [da:ee:aa:ff:0c:fb]

RSSI: -70 [da:ee:aa:ff:0c:ec]

RSSI: -65 [da:ee:aa:ff:0c:4a]

RSSI: -64 [da:ee:aa:ff:0c:4a]

RSSI: -85 [da:ee:aa:ff:0d:2b]

RSSI: -65 [da:ee:aa:ff:0c:4a]

RSSI: -66 [da:ee:aa:ff:0c:4a]

RSSI: -86 [da:ee:aa:ff:0d:2b]

RSSI: -85 [da:ee:aa:ff:0d:1c]

RSSI: -62 [da:ee:aa:ff:0c:8a]

RSSI: -71 [da:ee:aa:ff:0c:9a]

RSSI: -73 [da:ee:aa:ff:0d:6b]

RSSI: -72 [da:ee:aa:ff:0c:9a]

RSSI: -83 [da:ee:aa:ff:0d:7c]

RSSI: -73 [da:ee:aa:ff:0d:6b]

RSSI: -84 [da:ee:aa:ff:0d:7c]

RSSI: -72 [da:ee:aa:ff:0c:ba]

RSSI: -83 [da:ee:aa:ff:0d:7c]

RSSI: -71 [da:ee:aa:ff:0c:ba]

RSSI: -69 [da:ee:aa:ff:0c:ca]

RSSI: -68 [da:ee:aa:ff:0c:ca]

RSSI: -68 [da:ee:aa:ff:0c:ca]

RSSI: -68 [da:ee:aa:ff:0c:ca]

RSSI: -68 [da:ee:aa:ff:0c:ca]

RSSI: -63 [da:ee:aa:ff:0c:fa]

RSSI: -86 [da:ee:aa:ff:0d:cb]

RSSI: -63 [da:ee:aa:ff:0c:fa]

RSSI: -68 [da:ee:aa:ff:0d:1a]

RSSI: -75 [da:ee:aa:ff:0d:fb]

RSSI: -67 [da:ee:aa:ff:0d:1a]

RSSI: -75 [da:ee:aa:ff:0d:fb]

RSSI: -67 [da:ee:aa:ff:0d:1a]

RSSI: -68 [da:ee:aa:ff:0d:1a]

RSSI: -64 [da:ee:aa:ff:0d:3a]

RSSI: -82 [da:ee:aa:ff:0e:1b]

RSSI: -64 [da:ee:aa:ff:0d:4a]

RSSI: -64 [da:ee:aa:ff:0d:4a]

RSSI: -83 [da:ee:aa:ff:0e:1b]

RSSI: -64 [da:ee:aa:ff:0d:4a]

RSSI: -63 [da:ee:aa:ff:0d:6a]

RSSI: -83 [da:ee:aa:ff:0e:6c]

RSSI: -62 [da:ee:aa:ff:0d:8a]

RSSI: -82 [da:ee:aa:ff:0e:6c]

RSSI: -59 [da:ee:aa:ff:0e:7b]

RSSI: -85 [da:ee:aa:ff:0e:8b]

RSSI: -84 [da:ee:aa:ff:0e:8b]

RSSI: -85 [da:ee:aa:ff:0e:8b]

RSSI: -87 [da:ee:aa:ff:0e:8b]

RSSI: -70 [da:ee:aa:ff:0d:ca]

RSSI: -69 [da:ee:aa:ff:0d:ca]

RSSI: -87 [da:ee:aa:ff:0e:bb]

RSSI: -88 [da:ee:aa:ff:0e:bb]

RSSI: -69 [da:ee:aa:ff:0d:ca]

RSSI: -70 [da:ee:aa:ff:0d:da]

RSSI: -74 [da:ee:aa:ff:0e:cb]

RSSI: -70 [da:ee:aa:ff:0d:da]

RSSI: -75 [da:ee:aa:ff:0e:cb]

RSSI: -75 [da:ee:aa:ff:0e:cb]

RSSI: -67 [da:ee:aa:ff:0e:0a]

RSSI: -67 [da:ee:aa:ff:0e:0a]

RSSI: -66 [da:ee:aa:ff:0e:0a]

RSSI: -73 [da:ee:aa:ff:0e:3a]

RSSI: -81 [da:ee:aa:ff:0f:3b]

RSSI: -73 [da:ee:aa:ff:0e:3a]

RSSI: -68 [da:ee:aa:ff:0e:4a]

RSSI: -68 [da:ee:aa:ff:0e:4a]

RSSI: -68 [da:ee:aa:ff:0e:4a]

RSSI: -76 [da:ee:aa:ff:0f:4b]

RSSI: -69 [da:ee:aa:ff:0e:4a]

RSSI: -76 [da:ee:aa:ff:0f:4b]

RSSI: -82 [da:ee:aa:ff:0f:4c]

RSSI: -68 [da:ee:aa:ff:0e:4a]

RSSI: -77 [da:ee:aa:ff:0f:4b]

RSSI: -86 [da:ee:aa:ff:0f:6c]

RSSI: -84 [da:ee:aa:ff:0f:8b]

RSSI: -68 [da:ee:aa:ff:0e:9a]

RSSI: -88 [da:ee:aa:ff:0f:ac]

RSSI: -84 [da:ee:aa:ff:0f:8b]

RSSI: -68 [da:ee:aa:ff:0e:9a]

RSSI: -87 [da:ee:aa:ff:0f:ac]

RSSI: -84 [da:ee:aa:ff:0f:8b]

RSSI: -68 [da:ee:aa:ff:0e:9a]

RSSI: -86 [da:ee:aa:ff:0f:ac]

RSSI: -67 [da:ee:aa:ff:0e:9a]

RSSI: -88 [da:ee:aa:ff:0f:ac]

RSSI: -76 [da:ee:aa:ff:0e:ba]

RSSI: -75 [da:ee:aa:ff:0e:ba]

RSSI: -75 [da:ee:aa:ff:0e:ba]

RSSI: -77 [da:ee:aa:ff:0f:bb]

RSSI: -75 [da:ee:aa:ff:0e:ba]

RSSI: -79 [da:ee:aa:ff:0f:bb]

RSSI: -69 [da:ee:aa:ff:0e:da]

RSSI: -68 [da:ee:aa:ff:0e:da]

RSSI: -89 [da:ee:aa:ff:0f:fc]

RSSI: -79 [da:ee:aa:ff:0f:eb]

RSSI: -86 [da:ee:aa:ff:0f:fc]

RSSI: -64 [da:ee:aa:ff:0f:0a]

RSSI: -81 [da:ee:aa:ff:0f:fb]

RSSI: -64 [da:ee:aa:ff:0f:0a]

RSSI: -81 [da:ee:aa:ff:0f:fb]

RSSI: -64 [da:ee:aa:ff:0f:0a]

RSSI: -80 [da:ee:aa:ff:0f:fb]

RSSI: -64 [da:ee:aa:ff:0f:0a]

RSSI: -80 [da:ee:aa:ff:0f:fb]

RSSI: -64 [da:ee:aa:ff:0f:0a]

RSSI: -75 [da:ee:aa:ff:10:1b]

RSSI: -69 [da:ee:aa:ff:0f:2a]

RSSI: -69 [da:ee:aa:ff:0f:2a]

RSSI: -75 [da:ee:aa:ff:10:2b]

RSSI: -69 [da:ee:aa:ff:0f:4a]

RSSI: -76 [da:ee:aa:ff:10:2b]

RSSI: -69 [da:ee:aa:ff:0f:4a]

RSSI: -75 [da:ee:aa:ff:10:2b]

RSSI: -71 [da:ee:aa:ff:0f:5a]

RSSI: -82 [da:ee:aa:ff:10:6b]

RSSI: -87 [da:ee:aa:ff:10:ac]

RSSI: -87 [da:ee:aa:ff:10:ac]

RSSI: -56 [da:ee:aa:ff:0f:9a]

RSSI: -86 [da:ee:aa:ff:10:cc]

RSSI: -69 [da:ee:aa:ff:0f:ba]

RSSI: -75 [da:ee:aa:ff:10:7b]

RSSI: -69 [da:ee:aa:ff:0f:ba]

RSSI: -75 [da:ee:aa:ff:10:7b]

RSSI: -68 [da:ee:aa:ff:0f:ba]

RSSI: -69 [da:ee:aa:ff:0f:ba]

RSSI: -75 [da:ee:aa:ff:10:9b]

RSSI: -68 [da:ee:aa:ff:0f:ba]

RSSI: -76 [da:ee:aa:ff:10:bb]

RSSI: -88 [da:ee:aa:ff:10:fc]

RSSI: -68 [da:ee:aa:ff:0f:fa]

RSSI: -89 [da:ee:aa:ff:10:fc]

RSSI: -65 [da:ee:aa:ff:0f:fa]

RSSI: -67 [da:ee:aa:ff:0f:fa]

RSSI: -64 [da:ee:aa:ff:10:0a]

RSSI: -64 [da:ee:aa:ff:10:0a]

RSSI: -64 [da:ee:aa:ff:10:0a]

RSSI: -86 [da:ee:aa:ff:11:3c]

RSSI: -82 [da:ee:aa:ff:10:db]

RSSI: -87 [da:ee:aa:ff:11:3c]

RSSI: -68 [da:ee:aa:ff:10:3a]

RSSI: -77 [da:ee:aa:ff:10:fb]

RSSI: -67 [da:ee:aa:ff:10:3a]

RSSI: -75 [da:ee:aa:ff:10:fb]

RSSI: -87 [da:ee:aa:ff:11:5c]

RSSI: -67 [da:ee:aa:ff:10:3a]

RSSI: -75 [da:ee:aa:ff:10:fb]

RSSI: -67 [da:ee:aa:ff:10:3a]

RSSI: -75 [da:ee:aa:ff:10:fb]

RSSI: -67 [da:ee:aa:ff:10:4a]

RSSI: -75 [da:ee:aa:ff:11:2b]

RSSI: -67 [da:ee:aa:ff:10:4a]

RSSI: -75 [da:ee:aa:ff:11:2b]

RSSI: -68 [da:ee:aa:ff:10:4a]

RSSI: -75 [da:ee:aa:ff:11:2b]

RSSI: -75 [da:ee:aa:ff:11:2b]

RSSI: -68 [da:ee:aa:ff:10:6a]

RSSI: -82 [da:ee:aa:ff:11:4b]

RSSI: -67 [da:ee:aa:ff:10:7a]

RSSI: -83 [da:ee:aa:ff:11:4b]

RSSI: -67 [da:ee:aa:ff:10:7a]

RSSI: -66 [da:ee:aa:ff:10:7a]

RSSI: -67 [da:ee:aa:ff:10:7a]

RSSI: -66 [da:ee:aa:ff:10:7a]

RSSI: -58 [da:ee:aa:ff:10:8a]

RSSI: -59 [da:ee:aa:ff:11:6b]

RSSI: -69 [da:ee:aa:ff:10:8a]

RSSI: -74 [da:ee:aa:ff:11:6b]

RSSI: -67 [da:ee:aa:ff:10:aa]

RSSI: -68 [da:ee:aa:ff:10:ca]

RSSI: -70 [da:ee:aa:ff:10:ca]

RSSI: -70 [da:ee:aa:ff:10:ca]

RSSI: -76 [da:ee:aa:ff:11:ab]

RSSI: -70 [da:ee:aa:ff:10:ca]

RSSI: -76 [da:ee:aa:ff:11:ab]

RSSI: -70 [da:ee:aa:ff:10:ca]

RSSI: -76 [da:ee:aa:ff:11:ab]

RSSI: -86 [da:ee:aa:ff:11:bb]

RSSI: -71 [da:ee:aa:ff:10:fa]

RSSI: -72 [da:ee:aa:ff:10:fa]

RSSI: -88 [da:ee:aa:ff:11:bb]

RSSI: -73 [da:ee:aa:ff:10:fa]

RSSI: -65 [da:ee:aa:ff:11:1a]

RSSI: -66 [da:ee:aa:ff:11:1a]

RSSI: -65 [da:ee:aa:ff:11:1a]

RSSI: -69 [da:ee:aa:ff:11:4a]

RSSI: -68 [da:ee:aa:ff:11:4a]

RSSI: -78 [da:ee:aa:ff:12:0b]

RSSI: -68 [da:ee:aa:ff:11:4a]

RSSI: -68 [da:ee:aa:ff:11:4a]

RSSI: -79 [da:ee:aa:ff:12:2b]

RSSI: -79 [da:ee:aa:ff:11:6a]

RSSI: -80 [da:ee:aa:ff:11:6a]

RSSI: -88 [da:ee:aa:ff:12:8c]

RSSI: -87 [da:ee:aa:ff:12:8c]

RSSI: -88 [da:ee:aa:ff:12:8c]

RSSI: -94 [da:ee:aa:ff:12:3b]

RSSI: -65 [da:ee:aa:ff:11:9a]

RSSI: -65 [da:ee:aa:ff:11:9a]

RSSI: -66 [da:ee:aa:ff:11:9a]

RSSI: -65 [da:ee:aa:ff:11:9a]

RSSI: -86 [da:ee:aa:ff:12:bc]

RSSI: -60 [da:ee:aa:ff:11:ba]

RSSI: -65 [da:ee:aa:ff:11:ba]

RSSI: -79 [da:ee:aa:ff:12:8b]

RSSI: -79 [da:ee:aa:ff:12:8b]

RSSI: -80 [da:ee:aa:ff:12:8b]

RSSI: -69 [da:ee:aa:ff:11:ea]

RSSI: -67 [da:ee:aa:ff:11:ea]

RSSI: -67 [da:ee:aa:ff:11:ea]

RSSI: -87 [da:ee:aa:ff:13:0c]

RSSI: -88 [da:ee:aa:ff:13:0c]

RSSI: -67 [da:ee:aa:ff:11:ea]

RSSI: -63 [da:ee:aa:ff:12:0a]

RSSI: -63 [da:ee:aa:ff:12:2a]

RSSI: -88 [da:ee:aa:ff:12:eb]

RSSI: -89 [da:ee:aa:ff:13:0b]

RSSI: -67 [da:ee:aa:ff:12:4a]

RSSI: -67 [da:ee:aa:ff:12:4a]

RSSI: -66 [da:ee:aa:ff:12:4a]

RSSI: -84 [da:ee:aa:ff:13:2b]

RSSI: -66 [da:ee:aa:ff:12:6a]

RSSI: -85 [da:ee:aa:ff:13:3b]

RSSI: -66 [da:ee:aa:ff:12:6a]

RSSI: -83 [da:ee:aa:ff:13:3b]

RSSI: -60 [da:ee:aa:ff:12:8a]

RSSI: -81 [da:ee:aa:ff:13:4b]

RSSI: -60 [da:ee:aa:ff:12:8a]

RSSI: -60 [da:ee:aa:ff:12:8a]

RSSI: -81 [da:ee:aa:ff:13:4b]

RSSI: -60 [da:ee:aa:ff:12:8a]

RSSI: -60 [da:ee:aa:ff:12:8a]

RSSI: -86 [da:ee:aa:ff:13:bc]

RSSI: -85 [da:ee:aa:ff:13:bc]

RSSI: -70 [da:ee:aa:ff:13:dc]

RSSI: -62 [da:ee:aa:ff:12:ea]

RSSI: -77 [da:ee:aa:ff:13:cb]

RSSI: -62 [da:ee:aa:ff:12:ea]

RSSI: -78 [da:ee:aa:ff:13:cb]

RSSI: -62 [da:ee:aa:ff:12:ea]

RSSI: -77 [da:ee:aa:ff:13:cb]

RSSI: -62 [da:ee:aa:ff:12:ea]

RSSI: -77 [da:ee:aa:ff:13:cb]

RSSI: -77 [da:ee:aa:ff:13:cb]

RSSI: -68 [da:ee:aa:ff:13:0a]

RSSI: -68 [da:ee:aa:ff:13:0a]

RSSI: -80 [da:ee:aa:ff:14:4c]

RSSI: -68 [da:ee:aa:ff:13:0a]

RSSI: -80 [da:ee:aa:ff:14:4c]

RSSI: -77 [da:ee:aa:ff:13:fb]

RSSI: -81 [da:ee:aa:ff:14:4c]

RSSI: -68 [da:ee:aa:ff:13:2a]

RSSI: -83 [da:ee:aa:ff:14:0b]

RSSI: -70 [da:ee:aa:ff:13:3a]

RSSI: -71 [da:ee:aa:ff:13:3a]

RSSI: -70 [da:ee:aa:ff:13:3a]

RSSI: -70 [da:ee:aa:ff:13:3a]

RSSI: -70 [da:ee:aa:ff:13:3a]

RSSI: -66 [da:ee:aa:ff:13:5a]

RSSI: -66 [da:ee:aa:ff:13:5a]

RSSI: -66 [da:ee:aa:ff:13:7a]

RSSI: -66 [da:ee:aa:ff:13:7a]

RSSI: -66 [da:ee:aa:ff:13:7a]

RSSI: -67 [da:ee:aa:ff:13:8a]

RSSI: -81 [da:ee:aa:ff:14:bc]

RSSI: -67 [da:ee:aa:ff:13:8a]

RSSI: -66 [da:ee:aa:ff:13:8a]

RSSI: -80 [da:ee:aa:ff:14:cc]

RSSI: -67 [da:ee:aa:ff:13:8a]

RSSI: -67 [da:ee:aa:ff:13:8a]

RSSI: -81 [da:ee:aa:ff:14:cc]

RSSI: -79 [da:ee:aa:ff:13:ba]

RSSI: -78 [da:ee:aa:ff:13:ba]

RSSI: -78 [da:ee:aa:ff:13:ba]

RSSI: -78 [da:ee:aa:ff:14:9b]

RSSI: -60 [da:ee:aa:ff:13:ca]

RSSI: -78 [da:ee:aa:ff:14:9b]

RSSI: -54 [da:ee:aa:ff:13:ca]

RSSI: -79 [da:ee:aa:ff:14:db]

RSSI: -71 [da:ee:aa:ff:14:0a]

RSSI: -71 [da:ee:aa:ff:14:0a]

RSSI: -80 [da:ee:aa:ff:15:0b]

RSSI: -70 [da:ee:aa:ff:14:0a]

RSSI: -80 [da:ee:aa:ff:15:0b]

RSSI: -80 [da:ee:aa:ff:15:0b]

RSSI: -68 [da:ee:aa:ff:14:4a]

RSSI: -76 [da:ee:aa:ff:15:1b]

RSSI: -68 [da:ee:aa:ff:14:4a]

RSSI: -75 [da:ee:aa:ff:15:1b]

RSSI: -68 [da:ee:aa:ff:14:4a]

RSSI: -76 [da:ee:aa:ff:15:1b]

RSSI: -68 [da:ee:aa:ff:14:4a]

RSSI: -68 [da:ee:aa:ff:14:4a]

RSSI: -66 [da:ee:aa:ff:14:5a]

RSSI: -81 [da:ee:aa:ff:15:bc]

RSSI: -81 [da:ee:aa:ff:15:bc]

RSSI: -66 [da:ee:aa:ff:14:5a]

RSSI: -77 [da:ee:aa:ff:15:4b]

RSSI: -66 [da:ee:aa:ff:14:7a]

RSSI: -66 [da:ee:aa:ff:14:7a]

RSSI: -65 [da:ee:aa:ff:14:9a]

RSSI: -58 [da:ee:aa:ff:15:8b]

RSSI: -66 [da:ee:aa:ff:14:ba]

RSSI: -68 [da:ee:aa:ff:15:8b]

RSSI: -67 [da:ee:aa:ff:14:ba]

RSSI: -58 [da:ee:aa:ff:15:8b]

RSSI: -66 [da:ee:aa:ff:14:ba]

RSSI: -58 [da:ee:aa:ff:15:8b]

RSSI: -77 [da:ee:aa:ff:15:bb]

RSSI: -64 [da:ee:aa:ff:14:da]

RSSI: -76 [da:ee:aa:ff:15:bb]

RSSI: -59 [da:ee:aa:ff:14:da]

RSSI: -76 [da:ee:aa:ff:15:bb]

RSSI: -80 [da:ee:aa:ff:16:3c]

RSSI: -76 [da:ee:aa:ff:15:db]

RSSI: -77 [da:ee:aa:ff:15:db]

RSSI: -66 [da:ee:aa:ff:15:0a]

RSSI: -77 [da:ee:aa:ff:15:db]

RSSI: -65 [da:ee:aa:ff:15:0a]

RSSI: -77 [da:ee:aa:ff:16:1b]

RSSI: -70 [da:ee:aa:ff:15:2a]

RSSI: -69 [da:ee:aa:ff:15:2a]

RSSI: -77 [da:ee:aa:ff:16:1b]

RSSI: -70 [da:ee:aa:ff:15:2a]

RSSI: -69 [da:ee:aa:ff:15:2a]

RSSI: -78 [da:ee:aa:ff:16:1b]

RSSI: -69 [da:ee:aa:ff:15:5a]

RSSI: -70 [da:ee:aa:ff:15:5a]

RSSI: -77 [da:ee:aa:ff:16:4b]

RSSI: -80 [da:ee:aa:ff:00:3c]

RSSI: -70 [da:ee:aa:ff:15:5a]

RSSI: -66 [da:ee:aa:ff:15:7a]

RSSI: -67 [da:ee:aa:ff:15:7a]

RSSI: -66 [da:ee:aa:ff:15:7a]

RSSI: -79 [da:ee:aa:ff:16:6b]

RSSI: -78 [da:ee:aa:ff:16:6b]

RSSI: -74 [da:ee:aa:ff:15:aa]

RSSI: -77 [da:ee:aa:ff:16:7b]

RSSI: -74 [da:ee:aa:ff:15:aa]

RSSI: -77 [da:ee:aa:ff:00:1b]

RSSI: -75 [da:ee:aa:ff:15:aa]

RSSI: -77 [da:ee:aa:ff:00:1b]

RSSI: -74 [da:ee:aa:ff:15:aa]

RSSI: -62 [da:ee:aa:ff:00:2b]

RSSI: -69 [da:ee:aa:ff:15:ca]

RSSI: -65 [da:ee:aa:ff:00:2b]

RSSI: -81 [da:ee:aa:ff:00:9c]

RSSI: -68 [da:ee:aa:ff:15:ca]

RSSI: -80 [da:ee:aa:ff:00:9c]

RSSI: -69 [da:ee:aa:ff:15:da]

RSSI: -77 [da:ee:aa:ff:16:0a]

RSSI: -93 [da:ee:aa:ff:00:fc]

RSSI: -76 [da:ee:aa:ff:00:7b]

RSSI: -76 [da:ee:aa:ff:00:7b]

RSSI: -80 [da:ee:aa:ff:16:1a]

RSSI: -76 [da:ee:aa:ff:00:9b]

RSSI: -80 [da:ee:aa:ff:16:1a]

RSSI: -76 [da:ee:aa:ff:00:9b]

RSSI: -78 [da:ee:aa:ff:00:ab]

RSSI: -67 [da:ee:aa:ff:16:3a]

RSSI: -67 [da:ee:aa:ff:16:3a]

RSSI: -78 [da:ee:aa:ff:00:ab]

RSSI: -67 [da:ee:aa:ff:16:3a]

RSSI: -78 [da:ee:aa:ff:00:ab]

RSSI: -82 [da:ee:aa:ff:01:2c]

RSSI: -80 [da:ee:aa:ff:00:bb]

RSSI: -90 [da:ee:aa:ff:01:4c]

RSSI: -81 [da:ee:aa:ff:00:db]

RSSI: -80 [da:ee:aa:ff:00:db]

RSSI: -80 [da:ee:aa:ff:00:db]

RSSI: -75 [da:ee:aa:ff:00:0a]

RSSI: -89 [da:ee:aa:ff:01:7c]

RSSI: -76 [da:ee:aa:ff:00:fb]

RSSI: -75 [da:ee:aa:ff:00:0a]

RSSI: -88 [da:ee:aa:ff:01:7c]

RSSI: -76 [da:ee:aa:ff:00:fb]

RSSI: -75 [da:ee:aa:ff:00:0a]

RSSI: -75 [da:ee:aa:ff:00:0a]

RSSI: -77 [da:ee:aa:ff:00:fb]

RSSI: -75 [da:ee:aa:ff:00:0a]

RSSI: -88 [da:ee:aa:ff:01:7c]

RSSI: -77 [da:ee:aa:ff:01:2b]

RSSI: -84 [da:ee:aa:ff:01:8c]

RSSI: -68 [da:ee:aa:ff:00:3a]

RSSI: -78 [da:ee:aa:ff:01:2b]

RSSI: -68 [da:ee:aa:ff:00:3a]

RSSI: -77 [da:ee:aa:ff:01:2b]

RSSI: -68 [da:ee:aa:ff:00:3a]

RSSI: -68 [da:ee:aa:ff:00:3a]

RSSI: -79 [da:ee:aa:ff:01:2b]

RSSI: -67 [da:ee:aa:ff:00:4a]

RSSI: -67 [da:ee:aa:ff:00:4a]

RSSI: -85 [da:ee:aa:ff:01:dc]

RSSI: -76 [da:ee:aa:ff:01:7b]

RSSI: -73 [da:ee:aa:ff:00:7a]

RSSI: -76 [da:ee:aa:ff:01:7b]

RSSI: -85 [da:ee:aa:ff:01:dc]

RSSI: -76 [da:ee:aa:ff:01:7b]

RSSI: -61 [da:ee:aa:ff:00:7a]

RSSI: -85 [da:ee:aa:ff:01:dc]

RSSI: -75 [da:ee:aa:ff:01:7b]

RSSI: -60 [da:ee:aa:ff:00:7a]

RSSI: -84 [da:ee:aa:ff:01:dc]

RSSI: -75 [da:ee:aa:ff:01:7b]

RSSI: -85 [da:ee:aa:ff:01:ec]

RSSI: -67 [da:ee:aa:ff:00:8a]

RSSI: -77 [da:ee:aa:ff:01:9b]

RSSI: -67 [da:ee:aa:ff:00:8a]

RSSI: -85 [da:ee:aa:ff:01:ec]

RSSI: -67 [da:ee:aa:ff:00:8a]

RSSI: -85 [da:ee:aa:ff:02:0c]

RSSI: -67 [da:ee:aa:ff:00:aa]

RSSI: -81 [da:ee:aa:ff:01:db]

RSSI: -84 [da:ee:aa:ff:02:1c]

RSSI: -67 [da:ee:aa:ff:00:ba]

RSSI: -85 [da:ee:aa:ff:02:1c]

RSSI: -80 [da:ee:aa:ff:01:db]

RSSI: -85 [da:ee:aa:ff:02:1c]

RSSI: -81 [da:ee:aa:ff:01:db]

RSSI: -86 [da:ee:aa:ff:02:1c]

RSSI: -81 [da:ee:aa:ff:01:db]

RSSI: -73 [da:ee:aa:ff:00:da]

RSSI: -84 [da:ee:aa:ff:02:3c]

RSSI: -76 [da:ee:aa:ff:01:fb]

RSSI: -84 [da:ee:aa:ff:02:3c]

RSSI: -73 [da:ee:aa:ff:00:fa]

RSSI: -74 [da:ee:aa:ff:01:fb]

RSSI: -73 [da:ee:aa:ff:00:fa]

RSSI: -75 [da:ee:aa:ff:01:fb]

RSSI: -83 [da:ee:aa:ff:02:3c]

RSSI: -65 [da:ee:aa:ff:01:0a]

RSSI: -77 [da:ee:aa:ff:02:1b]

RSSI: -65 [da:ee:aa:ff:01:0a]

RSSI: -76 [da:ee:aa:ff:02:1b]

RSSI: -65 [da:ee:aa:ff:01:0a]

RSSI: -76 [da:ee:aa:ff:02:1b]

RSSI: -65 [da:ee:aa:ff:01:0a]

RSSI: -65 [da:ee:aa:ff:01:0a]

RSSI: -87 [da:ee:aa:ff:02:6c]

RSSI: -80 [da:ee:aa:ff:02:4b]

RSSI: -65 [da:ee:aa:ff:01:4a]

RSSI: -81 [da:ee:aa:ff:02:4b]

RSSI: -65 [da:ee:aa:ff:01:4a]

RSSI: -87 [da:ee:aa:ff:02:6c]

RSSI: -73 [da:ee:aa:ff:01:5a]

RSSI: -73 [da:ee:aa:ff:01:5a]

RSSI: -74 [da:ee:aa:ff:02:9c]

RSSI: -77 [da:ee:aa:ff:02:5b]

RSSI: -73 [da:ee:aa:ff:01:5a]

RSSI: -76 [da:ee:aa:ff:02:8b]

RSSI: -50 [da:ee:aa:ff:01:8a]

RSSI: -77 [da:ee:aa:ff:02:8b]

RSSI: -67 [da:ee:aa:ff:01:aa]

RSSI: -80 [da:ee:aa:ff:02:ab]

RSSI: -67 [da:ee:aa:ff:01:aa]

RSSI: -74 [da:ee:aa:ff:01:da]

RSSI: -73 [da:ee:aa:ff:01:da]

RSSI: -77 [da:ee:aa:ff:02:cb]

RSSI: -74 [da:ee:aa:ff:01:da]

RSSI: -73 [da:ee:aa:ff:01:da]

RSSI: -86 [da:ee:aa:ff:03:1c]

RSSI: -65 [da:ee:aa:ff:01:ea]

RSSI: -77 [da:ee:aa:ff:02:fb]

RSSI: -65 [da:ee:aa:ff:01:ea]

RSSI: -77 [da:ee:aa:ff:02:fb]

RSSI: -65 [da:ee:aa:ff:01:ea]

RSSI: -77 [da:ee:aa:ff:02:fb]

RSSI: -80 [da:ee:aa:ff:03:0b]

RSSI: -67 [da:ee:aa:ff:02:2a]

RSSI: -80 [da:ee:aa:ff:03:0b]

RSSI: -67 [da:ee:aa:ff:02:2a]

RSSI: -86 [da:ee:aa:ff:03:4c]

RSSI: -67 [da:ee:aa:ff:02:2a]

RSSI: -85 [da:ee:aa:ff:03:4c]

RSSI: -67 [da:ee:aa:ff:02:2a]

RSSI: -73 [da:ee:aa:ff:02:3a]

RSSI: -73 [da:ee:aa:ff:02:5a]

RSSI: -72 [da:ee:aa:ff:02:5a]

RSSI: -79 [da:ee:aa:ff:03:4b]

RSSI: -73 [da:ee:aa:ff:02:5a]

RSSI: -67 [da:ee:aa:ff:02:7a]

RSSI: -67 [da:ee:aa:ff:02:7a]

RSSI: -92 [da:ee:aa:ff:03:9c]

RSSI: -71 [da:ee:aa:ff:03:8b]

RSSI: -67 [da:ee:aa:ff:02:7a]

RSSI: -61 [da:ee:aa:ff:03:8b]

RSSI: -67 [da:ee:aa:ff:02:7a]

RSSI: -80 [da:ee:aa:ff:03:ab]

RSSI: -79 [da:ee:aa:ff:03:ab]

RSSI: -84 [da:ee:aa:ff:03:bc]

RSSI: -79 [da:ee:aa:ff:03:ab]

RSSI: -66 [da:ee:aa:ff:02:aa]

RSSI: -84 [da:ee:aa:ff:03:bc]

RSSI: -79 [da:ee:aa:ff:03:eb]

RSSI: -80 [da:ee:aa:ff:03:eb]

RSSI: -71 [da:ee:aa:ff:02:ca]

RSSI: -78 [da:ee:aa:ff:03:fb]

RSSI: -66 [da:ee:aa:ff:02:ea]

RSSI: -78 [da:ee:aa:ff:03:fb]

RSSI: -66 [da:ee:aa:ff:02:fa]

RSSI: -84 [da:ee:aa:ff:04:1c]

RSSI: -85 [da:ee:aa:ff:04:1c]

RSSI: -84 [da:ee:aa:ff:04:1c]

RSSI: -76 [da:ee:aa:ff:03:3a]

RSSI: -66 [da:ee:aa:ff:03:7a]

RSSI: -79 [da:ee:aa:ff:04:5b]

RSSI: -65 [da:ee:aa:ff:03:7a]

RSSI: -80 [da:ee:aa:ff:04:5b]

RSSI: -80 [da:ee:aa:ff:04:5b]

RSSI: -65 [da:ee:aa:ff:03:7a]

RSSI: -80 [da:ee:aa:ff:04:5b]

RSSI: -65 [da:ee:aa:ff:03:7a]

RSSI: -69 [da:ee:aa:ff:03:aa]

RSSI: -61 [da:ee:aa:ff:04:8b]

RSSI: -86 [da:ee:aa:ff:04:9c]

RSSI: -68 [da:ee:aa:ff:03:aa]

RSSI: -73 [da:ee:aa:ff:04:8b]

RSSI: -87 [da:ee:aa:ff:04:9c]

RSSI: -68 [da:ee:aa:ff:03:aa]

RSSI: -59 [da:ee:aa:ff:04:8b]

RSSI: -68 [da:ee:aa:ff:03:aa]
