
RSSI: -65 [da:46:81:79:09:8a]

RSSI: -78 [da:46:81:b1:0a:2a]

RSSI: -87 [da:46:81:cb:11:fe]

RSSI: -73 [da:46:81:fa:0a:fa]

RSSI: -81 [da:46:82:b3:0d:0a]

RSSI: -79 [da:46:83:b6:10:0a]

RSSI: -78 [da:46:83:f1:10:ba]

RSSI: -78 [da:46:84:72:12:4a]

RSSI: -70 [da:46:84:8b:03:7e]

RSSI: -79 [da:46:84:f4:13:ba]

RSSI: -78 [da:46:85:4a:05:ae]

RSSI: -83 [da:46:85:b1:15:fa]

RSSI: -85 [da:46:85:cd:07:1e]

RSSI: -85 [da:46:86:06:07:ce]

RSSI: -81 [da:46:86:33:01:0a]

RSSI: -78 [da:46:87:38:04:1a]

RSSI: -75 [da:46:87:71:04:ba]

RSSI: -87 [da:46:87:cd:0c:ee]

RSSI: -85 [da:46:88:8d:0f:1e]

RSSI: -85 [da:46:88:c6:0f:be]

RSSI: -63 [da:46:88:f3:09:2a]

RSSI: -88 [da:46:89:12:10:9e]

RSSI: -78 [da:46:89:76:0a:aa]

RSSI: -87 [da:46:89:87:11:fe]

RSSI: -82 [da:46:89:fa:0c:2a]

RSSI: -86 [da:46:8a:32:0c:da]

RSSI: -91 [da:46:8a:f1:0f:0a]

RSSI: -76 [da:46:8b:b1:11:3a]

RSSI: -87 [da:46:8b:8b:01:2e]

RSSI: -85 [da:46:8b:c7:01:de]

RSSI: -80 [da:46:8c:6e:13:7a]

RSSI: -79 [da:46:8c:b9:14:5a]

RSSI: -82 [da:46:8d:0e:05:9e]

RSSI: -78 [da:46:8d:76:00:0a]

RSSI: -88 [da:46:8d:ce:07:ce]

RSSI: -91 [da:46:8e:0a:08:7e]

RSSI: -97 [da:46:8e:cd:0a:ae]

RSSI: -76 [da:46:8f:30:05:1a]

RSSI: -75 [da:46:8f:b5:06:aa]

RSSI: -89 [da:46:8f:8d:0c:de]

RSSI: -68 [da:46:8f:f2:07:5a]

RSSI: -66 [da:46:90:b3:09:8a]

RSSI: -87 [da:46:90:c6:10:7e]

RSSI: -76 [da:46:91:39:0b:0a]

RSSI: -86 [da:46:91:46:11:ee]

RSSI: -84 [da:46:91:ae:0c:6a]

RSSI: -83 [da:46:92:34:0d:ea]

RSSI: -82 [da:46:92:71:0e:9a]

RSSI: -77 [da:46:93:30:10:ca]

RSSI: -82 [da:46:93:f3:13:1a]

RSSI: -69 [da:46:94:51:04:5e]

RSSI: -74 [da:46:94:91:05:1e]

RSSI: -85 [da:46:94:f0:15:fa]

RSSI: -81 [da:46:95:11:06:8e]

RSSI: -79 [da:46:95:77:01:0a]

RSSI: -91 [da:46:95:51:07:4e]

RSSI: -83 [da:46:95:b4:01:ba]

RSSI: -77 [da:46:96:f4:05:6a]

RSSI: -72 [da:46:97:33:06:1a]

RSSI: -83 [da:46:97:72:06:da]

RSSI: -66 [da:46:97:b2:07:8a]

RSSI: -88 [da:46:98:48:0f:fe]

RSSI: -87 [da:46:98:c9:11:7e]

RSSI: -92 [da:46:99:0a:12:3e]

RSSI: -90 [da:46:99:4b:12:fe]

RSSI: -84 [da:46:9c:31:14:ba]

RSSI: -72 [da:46:9c:09:04:8e]

RSSI: -77 [da:46:9c:4a:05:4e]

RSSI: -81 [da:46:9c:b2:16:3a]

RSSI: -84 [da:46:9c:cd:06:ce]

RSSI: -80 [da:46:9c:f2:00:7a]

RSSI: -86 [da:46:9d:73:01:ea]

RSSI: -89 [da:46:9d:50:08:3e]

RSSI: -79 [da:46:9e:35:04:2a]

RSSI: -76 [da:46:9e:b7:05:aa]

RSSI: -74 [da:46:9e:f7:06:6a]

RSSI: -91 [da:46:9f:0a:0d:4e]

RSSI: -64 [da:46:9f:79:07:da]

RSSI: -62 [da:46:9f:ba:08:9a]

RSSI: -84 [da:46:a0:f3:0c:2a]

RSSI: -92 [da:46:a0:ca:12:7e]

RSSI: -87 [da:46:a1:76:0d:aa]

RSSI: -84 [da:46:a1:b7:0e:6a]

RSSI: -85 [da:46:a1:f8:0f:2a]

RSSI: -81 [da:46:a2:3a:0f:ea]

RSSI: -93 [da:46:a2:4b:00:4e]

RSSI: -88 [da:46:a2:8d:01:0e]

RSSI: -72 [da:46:a3:8a:03:fe]

RSSI: -79 [da:46:a3:f3:15:0a]

RSSI: -72 [da:46:a3:cc:04:be]

RSSI: -79 [da:46:a4:0f:05:7e]

RSSI: -88 [da:46:a4:52:06:4e]

RSSI: -88 [da:46:a4:b8:00:ca]

RSSI: -88 [da:46:a4:fa:01:8a]

RSSI: -87 [da:46:a4:ca:07:9e]

RSSI: -96 [da:46:a5:0d:08:6e]

RSSI: -82 [da:46:a5:b3:03:aa]

RSSI: -77 [da:46:a5:f5:04:7a]

RSSI: -89 [da:46:a6:0b:0b:4e]

RSSI: -76 [da:46:a6:37:05:3a]

RSSI: -73 [da:46:a6:7a:05:fa]

RSSI: -88 [da:46:a6:91:0c:ce]

RSSI: -63 [da:46:a7:33:08:0a]

RSSI: -85 [da:46:a7:4e:0e:fe]

RSSI: -62 [da:46:a7:75:08:ca]

RSSI: -66 [da:46:a7:b8:09:9a]

RSSI: -86 [da:46:a7:fa:0a:5a]

RSSI: -91 [da:46:a8:0a:11:3e]

RSSI: -85 [da:46:a8:b4:0c:7a]

RSSI: -86 [da:46:a8:f7:0d:3a]

RSSI: -90 [da:46:a9:0a:14:1e]

RSSI: -87 [da:46:a9:3a:0d:fa]

RSSI: -80 [da:46:a9:f4:10:1a]

RSSI: -89 [da:46:aa:4f:01:6e]

RSSI: -76 [da:46:aa:c9:02:ce]

RSSI: -86 [da:46:aa:f3:13:1a]

RSSI: -72 [da:46:ab:0d:03:9e]

RSSI: -80 [da:46:ab:79:14:aa]

RSSI: -72 [da:46:ab:8f:05:1e]

RSSI: -78 [da:46:ab:f2:16:1a]

RSSI: -83 [da:46:ac:09:06:7e]

RSSI: -81 [da:46:ac:78:01:1a]

RSSI: -87 [da:46:ac:bc:01:ea]

RSSI: -76 [da:46:ad:f2:05:7a]

RSSI: -73 [da:46:ae:35:06:3a]

RSSI: -84 [da:46:ae:79:07:0a]

RSSI: -61 [da:46:ae:f3:08:6a]

RSSI: -88 [da:46:ae:d0:0e:ae]

RSSI: -63 [da:46:af:36:09:3a]

RSSI: -72 [da:46:af:79:09:fa]

RSSI: -80 [da:46:af:f3:0b:5a]

RSSI: -82 [da:46:b0:38:0c:2a]

RSSI: -86 [da:46:b0:0b:12:4e]

RSSI: -92 [da:46:b0:4f:13:0e]

RSSI: -79 [da:46:b1:78:0f:da]

RSSI: -78 [da:46:b2:37:12:1a]

RSSI: -80 [da:46:b2:b1:13:8a]

RSSI: -72 [da:46:b2:ca:03:ce]

RSSI: -93 [da:46:b3:3b:15:1a]

RSSI: -70 [da:46:b3:0f:04:8e]

RSSI: -80 [da:46:b3:b6:00:2a]

RSSI: -92 [da:46:b4:75:02:6a]

RSSI: -91 [da:46:b4:4f:08:3e]

RSSI: -87 [da:46:b4:bb:03:3a]

RSSI: -80 [da:46:b4:f1:03:da]

RSSI: -77 [da:46:b5:37:04:aa]

RSSI: -77 [da:46:b5:7b:05:7a]

RSSI: -72 [da:46:b5:b3:06:1a]

RSSI: -81 [da:46:b5:f7:06:da]

RSSI: -62 [da:46:b6:73:08:4a]

RSSI: -62 [da:46:b6:b7:09:0a]

RSSI: -84 [da:46:b6:8a:0e:be]

RSSI: -87 [da:46:b6:cf:0f:7e]

RSSI: -76 [da:46:b7:7a:0b:4a]

RSSI: -83 [da:46:b8:b8:0e:fa]

RSSI: -78 [da:46:b9:35:10:5a]

RSSI: -75 [da:46:b9:7a:11:2a]

RSSI: -85 [da:46:b9:cb:01:be]

RSSI: -86 [da:46:ba:13:02:8e]

RSSI: -89 [da:46:ba:f1:15:8a]

RSSI: -72 [da:46:ba:c9:04:be]

RSSI: -76 [da:46:bb:11:05:8e]

RSSI: -79 [da:46:bb:38:16:6a]

RSSI: -82 [da:46:bb:b6:01:4a]

RSSI: -87 [da:46:bc:34:02:ba]

RSSI: -81 [da:46:bc:79:03:8a]

RSSI: -75 [da:46:bc:f7:05:0a]

RSSI: -72 [da:46:bd:75:06:7a]

RSSI: -73 [da:46:bd:bb:07:4a]

RSSI: -65 [da:46:bd:f4:07:ea]

RSSI: -65 [da:46:be:72:09:5a]

RSSI: -82 [da:46:be:8d:0f:ae]

RSSI: -76 [da:46:be:f8:0a:ea]

RSSI: -88 [da:46:bf:0e:11:1e]

RSSI: -79 [da:46:bf:76:0c:5a]

RSSI: -87 [da:46:bf:8e:12:9e]

RSSI: -85 [da:46:bf:f5:0d:ca]

RSSI: -88 [da:46:c0:ba:10:1a]

RSSI: -82 [da:46:c0:f4:10:ca]

RSSI: -79 [da:46:c1:39:11:9a]

RSSI: -84 [da:46:c1:b9:13:1a]

RSSI: -87 [da:46:c1:91:01:ce]

RSSI: -81 [da:46:c2:72:15:3a]

RSSI: -79 [da:46:c2:b8:16:1a]

RSSI: -80 [da:46:c2:f2:00:2a]

RSSI: -79 [da:46:c3:38:00:fa]

RSSI: -88 [da:46:c3:b8:02:7a]

RSSI: -84 [da:46:c4:72:04:aa]

RSSI: -79 [da:46:c4:f3:06:2a]

RSSI: -85 [da:46:c5:39:06:fa]

RSSI: -72 [da:46:c5:73:07:9a]

RSSI: -70 [da:46:c5:f4:09:1a]

RSSI: -81 [da:46:c6:75:0a:8a]

RSSI: -82 [da:46:c6:f6:0b:fa]

RSSI: -85 [da:46:c7:77:0d:7a]

RSSI: -83 [da:46:c7:f8:0e:fa]

RSSI: -86 [da:46:c8:7a:10:7a]

RSSI: -83 [da:46:c8:fb:11:fa]

RSSI: -88 [da:46:c9:b7:14:3a]

RSSI: -75 [da:46:ca:71:16:6a]

RSSI: -84 [da:46:ca:49:04:de]

RSSI: -76 [da:46:ca:bc:00:aa]

RSSI: -77 [da:46:ca:f4:01:5a]

RSSI: -85 [da:46:cb:3e:02:3a]

RSSI: -88 [da:46:cb:76:02:da]

RSSI: -85 [da:46:cb:f8:04:6a]

RSSI: -77 [da:46:cc:33:05:1a]

RSSI: -81 [da:46:cc:b6:06:9a]

RSSI: -72 [da:46:cc:f7:07:5a]

RSSI: -66 [da:46:cd:7a:08:da]

RSSI: -70 [da:46:cd:b2:09:7a]

RSSI: -79 [da:46:ce:35:0a:fa]

RSSI: -84 [da:46:ce:b9:0c:7a]

RSSI: -80 [da:46:ce:f4:0d:2a]

RSSI: -82 [da:46:cf:78:0e:aa]

RSSI: -81 [da:46:d0:37:10:ea]

RSSI: -82 [da:46:d0:f3:13:2a]

RSSI: -85 [da:46:d1:77:14:aa]

RSSI: -80 [da:46:d1:b3:15:5a]

RSSI: -84 [da:46:d1:d4:04:3e]

RSSI: -84 [da:46:d2:0d:04:de]

RSSI: -76 [da:46:d2:37:00:8a]

RSSI: -88 [da:46:d2:f8:02:ba]

RSSI: -81 [da:46:d3:7d:04:5a]

RSSI: -77 [da:46:d4:3a:06:7a]

RSSI: -82 [da:46:d4:76:07:2a]

RSSI: -66 [da:46:d5:38:09:6a]

RSSI: -79 [da:46:d5:bd:0a:ea]

RSSI: -81 [da:46:d5:f6:0b:9a]

RSSI: -93 [da:46:d6:33:0c:4a]

RSSI: -84 [da:46:d6:b8:0d:ca]

RSSI: -88 [da:46:d7:7a:10:0a]

RSSI: -83 [da:46:d8:3a:12:4a]

RSSI: -87 [da:46:d8:77:12:fa]

RSSI: -93 [da:46:d8:d3:01:de]

RSSI: -81 [da:46:d9:3a:15:4a]

RSSI: -79 [da:46:d9:53:03:5e]

RSSI: -81 [da:46:d9:73:15:fa]

RSSI: -80 [da:46:d9:b0:00:0a]

RSSI: -81 [da:46:d9:93:04:1e]

RSSI: -83 [da:46:d9:d3:04:ce]

RSSI: -81 [da:46:da:37:01:8a]

RSSI: -84 [da:46:da:74:02:3a]

RSSI: -89 [da:46:da:fa:03:da]

RSSI: -85 [da:46:db:34:04:7a]

RSSI: -82 [da:46:db:f0:06:aa]

RSSI: -82 [da:46:de:3d:0d:4a]

RSSI: -88 [da:46:de:bd:0e:ca]

RSSI: -92 [da:46:df:10:13:ce]

RSSI: -81 [da:46:e0:3d:13:3a]

RSSI: -84 [da:46:e0:7e:13:fa]

RSSI: -76 [da:46:e1:4d:03:de]

RSSI: -81 [da:46:e1:8e:04:9e]

RSSI: -89 [da:46:e1:d0:05:4e]

RSSI: -80 [da:46:e3:36:05:9a]

RSSI: -75 [da:46:e3:77:06:5a]

RSSI: -77 [da:46:e3:b7:07:0a]

RSSI: -76 [da:46:e3:f8:07:ca]

RSSI: -76 [da:46:e4:39:08:8a]

RSSI: -65 [da:46:e4:7a:09:4a]

RSSI: -63 [da:46:e4:bb:0a:0a]

RSSI: -65 [da:46:e4:fc:0a:ca]

RSSI: -78 [da:46:e5:7e:0c:4a]

RSSI: -79 [da:46:e6:35:0e:6a]

RSSI: -79 [da:46:e6:76:0f:2a]

RSSI: -79 [da:46:e6:b7:0f:ea]

RSSI: -81 [da:46:e6:f9:10:aa]

RSSI: -81 [da:46:e7:3a:11:6a]

RSSI: -82 [da:46:e7:7c:12:3a]

RSSI: -90 [da:46:e7:4d:15:2e]

RSSI: -73 [da:46:e7:bd:12:fa]

RSSI: -90 [da:46:e7:d2:00:2e]

RSSI: -82 [da:46:e8:74:15:1a]

RSSI: -77 [da:46:e8:cf:03:0e]

RSSI: -82 [da:46:e9:35:00:ea]

RSSI: -77 [da:46:e9:12:03:de]

RSSI: -75 [da:46:e9:77:01:ba]

RSSI: -75 [da:46:e9:b8:02:7a]

RSSI: -74 [da:46:e9:fb:03:3a]

RSSI: -84 [da:46:ea:3c:03:fa]

RSSI: -91 [da:46:ea:cb:08:ce]

RSSI: -86 [da:46:ea:f5:06:2a]

RSSI: -80 [da:46:eb:38:06:ea]

RSSI: -83 [da:46:eb:7a:07:aa]

RSSI: -79 [da:46:eb:bc:08:6a]

RSSI: -63 [da:46:ec:76:0a:8a]

RSSI: -60 [da:46:ec:b8:0b:4a]

RSSI: -84 [da:46:ec:94:0d:ee]

RSSI: -67 [da:46:ec:fa:0c:0a]

RSSI: -78 [da:46:ed:3d:0c:da]

RSSI: -86 [da:46:ed:0d:0f:4e]

RSSI: -85 [da:46:ed:50:10:0e]

RSSI: -80 [da:46:ed:b5:0e:3a]

RSSI: -81 [da:46:ed:f7:0e:fa]

RSSI: -84 [da:46:ee:3a:0f:ca]

RSSI: -87 [da:46:ef:0e:15:0e]

RSSI: -78 [da:46:ef:38:12:ba]

RSSI: -91 [da:46:ef:cb:00:9e]

RSSI: -76 [da:46:f0:37:15:aa]

RSSI: -76 [da:46:f0:79:16:7a]

RSSI: -79 [da:46:f0:bc:00:ca]

RSSI: -73 [da:46:f0:92:02:de]

RSSI: -75 [da:46:f1:50:05:0e]

RSSI: -73 [da:46:f1:79:02:fa]

RSSI: -80 [da:46:f2:35:05:2a]

RSSI: -86 [da:46:f2:0e:07:2e]

RSSI: -80 [da:46:f2:78:05:fa]

RSSI: -77 [da:46:f2:bc:06:ba]

RSSI: -73 [da:46:f3:36:08:2a]

RSSI: -76 [da:46:f3:79:08:ea]

RSSI: -86 [da:46:f3:8e:0b:8e]

RSSI: -86 [da:46:f3:d2:0c:4e]

RSSI: -61 [da:46:f4:36:0b:1a]

RSSI: -61 [da:46:f4:7a:0b:da]

RSSI: -74 [da:46:f5:38:0e:0a]

RSSI: -85 [da:46:f5:7b:0e:da]

RSSI: -91 [da:46:f5:53:10:be]

RSSI: -77 [da:46:f5:fb:10:4a]

RSSI: -90 [da:46:f5:cf:12:2e]

RSSI: -76 [da:46:f6:34:10:fa]

RSSI: -91 [da:46:f6:13:12:ee]

RSSI: -77 [da:46:f6:78:11:ca]

RSSI: -83 [da:46:f7:0c:15:be]

RSSI: -84 [da:46:f7:38:14:0a]

RSSI: -76 [da:46:f7:7c:14:da]

RSSI: -84 [da:46:f7:ce:01:9e]

RSSI: -84 [da:46:f8:13:02:5e]

RSSI: -90 [da:46:f8:3a:00:7a]

RSSI: -77 [da:46:f8:b6:01:ea]

RSSI: -72 [da:46:f8:90:03:de]

RSSI: -79 [da:46:f8:fb:02:ba]

RSSI: -74 [da:46:f8:d4:04:ae]

RSSI: -83 [da:46:f9:0d:05:4e]

RSSI: -78 [da:46:f9:77:04:3a]

RSSI: -84 [da:46:f9:51:06:0e]

RSSI: -77 [da:46:f9:bb:04:fa]

RSSI: -82 [da:46:fa:36:06:7a]

RSSI: -83 [da:46:fa:f6:08:aa]

RSSI: -87 [da:46:fb:10:0b:1e]

RSSI: -77 [da:46:fb:3c:09:7a]

RSSI: -87 [da:46:fb:8e:0c:9e]

RSSI: -74 [da:46:fb:b9:0a:ea]

RSSI: -63 [da:46:fb:fd:0b:ba]

RSSI: -61 [da:46:fc:35:0c:5a]

RSSI: -85 [da:46:fc:51:0e:ce]

RSSI: -62 [da:46:fc:79:0d:2a]

RSSI: -79 [da:46:fc:f6:0e:aa]

RSSI: -84 [da:46:fd:3a:0f:6a]

RSSI: -78 [da:46:fd:b7:10:ea]

RSSI: -82 [da:46:fd:fe:11:ba]

RSSI: -81 [da:46:fe:34:12:5a]

RSSI: -82 [da:46:fe:7b:13:2a]

RSSI: -76 [da:46:fe:f8:14:aa]

RSSI: -72 [da:46:ff:3d:15:7a]

RSSI: -80 [da:46:ff:4e:00:fe]

RSSI: -87 [da:46:ff:ba:00:7a]

RSSI: -77 [da:46:ff:cd:02:6e]

RSSI: -85 [da:47:00:38:01:fa]

RSSI: -70 [da:47:00:13:03:2e]

RSSI: -83 [da:47:00:7d:02:ca]

RSSI: -72 [da:47:00:4c:03:de]

RSSI: -77 [da:47:00:92:04:ae]

RSSI: -76 [da:47:00:b5:03:6a]

RSSI: -74 [da:47:00:fa:04:3a]

RSSI: -77 [da:47:01:11:06:2e]

RSSI: -76 [da:47:01:78:05:ba]

RSSI: -86 [da:47:01:4a:06:ce]

RSSI: -91 [da:47:01:90:07:8e]

RSSI: -89 [da:47:02:90:0a:7e]

RSSI: -75 [da:47:02:bc:09:6a]

RSSI: -70 [da:47:03:3a:0a:da]

RSSI: -81 [da:47:03:0f:0b:ee]

RSSI: -88 [da:47:03:8f:0d:5e]

RSSI: -60 [da:47:03:f7:0d:0a]

RSSI: -84 [da:47:04:10:0e:ce]

RSSI: -82 [da:47:04:49:0f:7e]

RSSI: -81 [da:47:04:90:10:4e]

RSSI: -73 [da:47:04:f4:0f:ea]

RSSI: -83 [da:47:05:91:13:3e]

RSSI: -77 [da:47:06:3b:13:ba]

RSSI: -90 [da:47:06:92:16:1e]

RSSI: -78 [da:47:06:ba:15:3a]

RSSI: -92 [da:47:06:cd:00:5e]

RSSI: -75 [da:47:07:3a:00:2a]

RSSI: -80 [da:47:07:13:01:1e]

RSSI: -77 [da:47:07:4e:01:ce]

RSSI: -62 [da:47:07:cf:03:4e]

RSSI: -86 [da:47:08:3a:03:2a]

RSSI: -79 [da:47:08:ba:04:aa]

RSSI: -81 [da:47:08:d2:06:3e]

RSSI: -90 [da:47:0a:10:09:ce]

RSSI: -91 [da:47:0a:3b:09:2a]

RSSI: -87 [da:47:0b:3c:0c:1a]

RSSI: -79 [da:47:0b:4c:0d:6e]

RSSI: -63 [da:47:0b:bd:0d:9a]

RSSI: -62 [da:47:0b:f5:0e:3a]

RSSI: -64 [da:47:0c:3e:0f:1a]

RSSI: -76 [da:47:0c:76:0f:ba]

RSSI: -79 [da:47:0c:92:11:1e]

RSSI: -77 [da:47:0c:bf:10:9a]

RSSI: -81 [da:47:0d:41:12:1a]

RSSI: -83 [da:47:0d:78:12:ca]

RSSI: -88 [da:47:0d:50:13:4e]

RSSI: -82 [da:47:0d:fa:14:4a]

RSSI: -87 [da:47:0e:35:14:fa]

RSSI: -91 [da:47:0e:ca:00:fe]

RSSI: -81 [da:47:0f:38:01:8a]

RSSI: -74 [da:47:0f:12:01:ce]

RSSI: -65 [da:47:0f:4d:02:7e]

RSSI: -90 [da:47:0f:ba:03:0a]

RSSI: -69 [da:47:0f:d1:04:0e]

RSSI: -81 [da:47:10:3d:04:9a]

RSSI: -88 [da:47:10:90:06:3e]

RSSI: -76 [da:47:10:fa:06:ca]

RSSI: -86 [da:47:11:14:07:ae]

RSSI: -86 [da:47:12:91:0c:0e]

RSSI: -74 [da:47:13:37:0d:5a]

RSSI: -73 [da:47:13:ba:0e:ea]

RSSI: -92 [da:47:13:d6:0f:ce]

RSSI: -81 [da:47:14:76:11:0a]

RSSI: -80 [da:47:14:fa:12:aa]

RSSI: -77 [da:47:15:35:13:5a]

RSSI: -82 [da:47:15:7e:14:2a]

RSSI: -83 [da:47:15:b9:14:da]

RSSI: -78 [da:47:16:3d:16:7a]

RSSI: -78 [da:47:16:79:00:aa]

RSSI: -84 [da:47:16:fd:02:3a]

RSSI: -80 [da:47:17:11:02:be]

RSSI: -81 [da:47:17:f6:05:2a]

RSSI: -83 [da:47:18:7b:06:ba]

RSSI: -80 [da:47:18:b7:07:6a]

RSSI: -88 [da:47:18:93:07:1e]

RSSI: -90 [da:47:18:d0:07:ce]

RSSI: -83 [da:47:19:3c:08:ea]

RSSI: -87 [da:47:19:75:09:9a]

RSSI: -83 [da:47:19:93:09:ee]

RSSI: -79 [da:47:19:fa:0b:1a]

RSSI: -78 [da:47:1a:36:0b:ca]

RSSI: -80 [da:47:1a:bb:0d:5a]

RSSI: -64 [da:47:1b:7d:0f:9a]

RSSI: -72 [da:47:1b:b6:10:4a]

RSSI: -93 [da:47:1b:8f:0f:ae]

RSSI: -84 [da:47:1d:3b:14:da]

RSSI: -87 [da:47:1d:c1:16:6a]

RSSI: -81 [da:47:1d:fb:00:8a]

RSSI: -77 [da:47:1e:38:01:3a]

RSSI: -70 [da:47:1e:57:01:2e]

RSSI: -92 [da:47:1f:35:04:3a]

RSSI: -64 [da:47:1f:17:03:5e]

RSSI: -77 [da:47:1f:d7:05:8e]

RSSI: -93 [da:47:21:38:0a:3a]

RSSI: -87 [da:47:21:8d:0a:7e]

RSSI: -87 [da:47:22:0e:0b:ee]

RSSI: -83 [da:47:22:4e:0c:ae]

RSSI: -78 [da:47:22:8f:0d:6e]

RSSI: -83 [da:47:22:d0:0e:2e]

RSSI: -83 [da:47:23:10:0e:ee]

RSSI: -83 [da:47:23:92:10:6e]

RSSI: -85 [da:47:23:c2:11:ca]

RSSI: -83 [da:47:24:54:12:9e]

RSSI: -87 [da:47:25:17:14:de]

RSSI: -77 [da:47:25:ce:00:7e]

RSSI: -60 [da:47:26:50:01:ee]

RSSI: -59 [da:47:26:92:02:ae]

RSSI: -66 [da:47:26:d3:03:7e]

RSSI: -72 [da:47:27:14:04:3e]

RSSI: -71 [da:47:27:56:04:fe]

RSSI: -79 [da:47:28:15:07:1e]

RSSI: -85 [da:47:28:57:07:de]

RSSI: -81 [da:47:29:0f:09:ee]

RSSI: -85 [da:47:29:ff:0e:0a]

RSSI: -83 [da:47:2a:8d:0e:3e]

RSSI: -83 [da:47:2a:d0:0e:fe]

RSSI: -76 [da:47:2b:12:0f:be]

RSSI: -85 [da:47:2b:7a:12:8a]

RSSI: -81 [da:47:2b:54:10:7e]

RSSI: -85 [da:47:2b:97:11:3e]

RSSI: -79 [da:47:2c:0e:12:9e]

RSSI: -94 [da:47:2c:3e:14:da]

RSSI: -82 [da:47:2c:50:13:5e]

RSSI: -84 [da:47:2c:c0:16:6a]

RSSI: -80 [da:47:2c:92:14:1e]

RSSI: -83 [da:47:2d:78:02:0a]

RSSI: -69 [da:47:2d:8f:00:9e]

RSSI: -63 [da:47:2d:d1:01:5e]

RSSI: -88 [da:47:2e:38:04:4a]

RSSI: -62 [da:47:2e:15:02:1e]

RSSI: -87 [da:47:2e:79:05:0a]

RSSI: -87 [da:47:2e:bc:05:da]

RSSI: -85 [da:47:2e:fd:06:9a]

RSSI: -81 [da:47:2f:3f:07:5a]

RSSI: -81 [da:47:2f:55:05:ce]

RSSI: -78 [da:47:30:10:07:ee]

RSSI: -88 [da:47:30:7c:0b:0a]

RSSI: -78 [da:47:30:53:08:ae]

RSSI: -79 [da:47:30:bf:0b:da]

RSSI: -82 [da:47:30:97:09:6e]

RSSI: -76 [da:47:31:78:0d:fa]

RSSI: -89 [da:47:31:95:0c:4e]

RSSI: -69 [da:47:31:fd:0f:8a]

RSSI: -70 [da:47:32:3f:10:4a]

RSSI: -82 [da:47:32:53:0e:7e]

RSSI: -87 [da:47:32:f9:12:8a]

RSSI: -80 [da:47:34:11:13:8e]

RSSI: -87 [da:47:34:7d:00:9a]

RSSI: -76 [da:47:34:ce:15:be]

RSSI: -87 [da:47:35:7b:03:9a]

RSSI: -63 [da:47:35:4d:00:8e]

RSSI: -63 [da:47:35:93:01:4e]

RSSI: -76 [da:47:36:52:03:7e]

RSSI: -87 [da:47:36:96:04:4e]

RSSI: -82 [da:47:37:11:05:ae]

RSSI: -84 [da:47:37:54:06:6e]

RSSI: -77 [da:47:38:90:09:fe]

RSSI: -84 [da:47:38:d4:0a:ce]

RSSI: -79 [da:47:39:7c:0f:8a]

RSSI: -80 [da:47:39:bf:10:5a]

RSSI: -81 [da:47:39:94:0c:fe]

RSSI: -82 [da:47:3a:55:0f:2e]

RSSI: -83 [da:47:3a:d1:10:8e]

RSSI: -93 [da:47:3b:7a:15:9a]

RSSI: -91 [da:47:3b:d6:13:7e]

RSSI: -82 [da:47:3c:c1:02:ea]

RSSI: -67 [da:47:3c:ce:16:5e]

RSSI: -62 [da:47:3d:15:00:9e]

RSSI: -72 [da:47:3d:92:02:0e]

RSSI: -81 [da:47:3d:d6:02:ce]

RSSI: -79 [da:47:3e:0e:03:6e]

RSSI: -89 [da:47:3e:3f:07:5a]

RSSI: -83 [da:47:3e:53:04:3e]

RSSI: -81 [da:47:3f:4e:07:1e]

RSSI: -94 [da:47:3f:7c:0b:0a]

RSSI: -82 [da:47:3f:92:07:de]

RSSI: -77 [da:47:40:10:09:4e]

RSSI: -88 [da:47:40:57:0a:0e]

RSSI: -83 [da:47:40:b9:0e:ba]

RSSI: -80 [da:47:40:d5:0b:7e]

RSSI: -77 [da:47:40:fd:0f:7a]

RSSI: -82 [da:47:41:52:0c:de]

RSSI: -77 [da:47:41:7a:10:fa]

RSSI: -84 [da:47:41:c0:11:ca]

RSSI: -91 [da:47:41:f6:12:6a]

RSSI: -79 [da:47:41:d0:0e:4e]

RSSI: -85 [da:47:42:3c:13:3a]

RSSI: -81 [da:47:42:94:10:9e]

RSSI: -94 [da:47:42:b9:14:ba]

RSSI: -87 [da:47:42:fe:15:8a]

RSSI: -80 [da:47:43:7b:00:7a]

RSSI: -78 [da:47:43:f8:01:fa]

RSSI: -72 [da:47:43:d1:14:2e]

RSSI: -78 [da:47:44:3d:02:ca]

RSSI: -60 [da:47:44:95:16:5e]

RSSI: -61 [da:47:44:ce:00:ae]

RSSI: -86 [da:47:45:01:05:1a]

RSSI: -67 [da:47:45:14:01:6e]

RSSI: -75 [da:47:45:93:02:ee]

RSSI: -81 [da:47:46:12:04:6e]

RSSI: -83 [da:47:46:92:05:de]

RSSI: -85 [da:47:46:bf:0a:3a]

RSSI: -79 [da:47:47:11:07:4e]

RSSI: -83 [da:47:47:3d:0b:ba]

RSSI: -72 [da:47:47:91:08:be]

RSSI: -78 [da:47:47:bb:0d:2a]

RSSI: -76 [da:47:48:11:0a:2e]

RSSI: -76 [da:47:48:3a:0e:aa]

RSSI: -77 [da:47:48:7f:0f:7a]

RSSI: -77 [da:47:48:57:0a:fe]

RSSI: -82 [da:47:49:11:0d:1e]

RSSI: -90 [da:47:49:bc:13:3a]

RSSI: -85 [da:47:4a:12:10:0e]

RSSI: -80 [da:47:4a:92:11:8e]

RSSI: -81 [da:47:4a:bb:16:2a]

RSSI: -82 [da:47:4b:80:01:fa]

RSSI: -81 [da:47:4b:ba:02:aa]

RSSI: -69 [da:47:4c:4f:00:0e]

RSSI: -93 [da:47:4c:7f:05:0a]

RSSI: -81 [da:47:4c:d0:01:7e]

RSSI: -89 [da:47:4d:39:07:2a]

RSSI: -85 [da:47:4d:7f:07:fa]

RSSI: -81 [da:47:4d:ff:09:7a]

RSSI: -83 [da:47:4d:d3:04:7e]

RSSI: -86 [da:47:4e:39:0a:1a]

RSSI: -86 [da:47:4e:54:05:ee]

RSSI: -83 [da:47:4e:d6:07:6e]

RSSI: -87 [da:47:4f:39:0d:1a]

RSSI: -74 [da:47:4f:0e:08:0e]

RSSI: -81 [da:47:4f:58:08:ee]

RSSI: -89 [da:47:4f:80:0d:fa]

RSSI: -85 [da:47:50:00:0f:7a]

RSSI: -80 [da:47:50:12:0a:fe]

RSSI: -74 [da:47:50:3b:10:2a]

RSSI: -74 [da:47:50:bb:11:aa]

RSSI: -79 [da:47:50:cf:0d:1e]

RSSI: -86 [da:47:51:be:14:ba]

RSSI: -81 [da:47:52:4e:11:8e]

RSSI: -74 [da:47:52:d1:13:0e]

RSSI: -85 [da:47:53:0c:13:be]

RSSI: -68 [da:47:53:54:14:7e]

RSSI: -93 [da:47:53:7c:03:6a]

RSSI: -61 [da:47:53:8f:15:2e]

RSSI: -66 [da:47:54:12:00:2e]

RSSI: -85 [da:47:54:80:06:7a]

RSSI: -74 [da:47:54:96:01:ae]

RSSI: -82 [da:47:54:d1:02:5e]

RSSI: -83 [da:47:55:3a:08:9a]

RSSI: -78 [da:47:55:55:03:ee]

RSSI: -82 [da:47:55:8d:04:8e]

RSSI: -76 [da:47:55:d9:05:6e]

RSSI: -77 [da:47:56:11:06:0e]

RSSI: -73 [da:47:56:95:07:8e]

RSSI: -76 [da:47:56:d1:08:3e]

RSSI: -83 [da:47:56:fd:0d:da]

RSSI: -76 [da:47:57:3e:0e:9a]

RSSI: -76 [da:47:57:55:09:ae]

RSSI: -70 [da:47:57:c1:10:2a]

RSSI: -75 [da:47:57:91:0a:5e]

RSSI: -66 [da:47:57:f9:10:ca]

RSSI: -78 [da:47:58:16:0b:de]

RSSI: -74 [da:47:58:4e:0c:8e]

RSSI: -80 [da:47:58:b8:13:0a]

RSSI: -80 [da:47:59:0f:0e:be]

RSSI: -79 [da:47:59:94:10:4e]

RSSI: -78 [da:47:59:d0:10:fe]

RSSI: -72 [da:47:5a:55:12:7e]

RSSI: -85 [da:47:5a:7e:01:ea]

RSSI: -85 [da:47:5a:b6:02:9a]

RSSI: -83 [da:47:5b:02:03:7a]

RSSI: -59 [da:47:5b:13:14:ae]

RSSI: -88 [da:47:5b:76:04:da]

RSSI: -60 [da:47:5b:50:15:5e]

RSSI: -75 [da:47:5b:d5:00:5e]

RSSI: -72 [da:47:5c:12:01:0e]

RSSI: -78 [da:47:5c:97:02:8e]

RSSI: -76 [da:47:5d:56:04:ce]

RSSI: -77 [da:47:5d:93:05:7e]

RSSI: -75 [da:47:5e:56:07:ae]

RSSI: -82 [da:47:5e:bd:0e:aa]

RSSI: -75 [da:47:5e:8f:08:5e]

RSSI: -78 [da:47:5f:16:09:ee]

RSSI: -79 [da:47:5f:53:0a:9e]

RSSI: -72 [da:47:5f:7f:10:ea]

RSSI: -71 [da:47:5f:b8:11:9a]

RSSI: -79 [da:47:60:3d:13:2a]

RSSI: -84 [da:47:60:0f:0c:be]

RSSI: -83 [da:47:60:7a:13:da]

RSSI: -83 [da:47:61:1a:0f:de]

RSSI: -92 [da:47:61:c1:01:3a]

RSSI: -74 [da:47:61:d9:12:1e]

RSSI: -88 [da:47:61:fb:01:ea]

RSSI: -85 [da:47:62:37:02:9a]

RSSI: -70 [da:47:62:58:13:8e]

RSSI: -63 [da:47:62:98:14:3e]

RSSI: -90 [da:47:62:bd:04:3a]

RSSI: -64 [da:47:62:d8:14:fe]

RSSI: -68 [da:47:63:18:15:ae]

RSSI: -85 [da:47:63:58:16:6e]

RSSI: -75 [da:47:63:97:00:be]

RSSI: -95 [da:47:63:ba:07:2a]

RSSI: -82 [da:47:63:d8:01:7e]

RSSI: -91 [da:47:64:40:08:ba]

RSSI: -79 [da:47:64:17:02:3e]

RSSI: -81 [da:47:64:57:02:ee]

RSSI: -92 [da:47:64:7d:09:6a]

RSSI: -84 [da:47:64:98:03:be]

RSSI: -80 [da:47:65:18:05:2e]

RSSI: -84 [da:47:65:58:05:ee]

RSSI: -81 [da:47:65:98:06:ae]

RSSI: -80 [da:47:66:b9:10:1a]

RSSI: -85 [da:47:68:04:13:fa]

RSSI: -85 [da:47:68:11:0d:de]

RSSI: -82 [da:47:68:51:0e:9e]

RSSI: -85 [da:47:69:55:11:9e]

RSSI: -86 [da:47:69:96:12:5e]

RSSI: -75 [da:47:69:d7:13:1e]

RSSI: -66 [da:47:6a:59:14:9e]

RSSI: -79 [da:47:6b:10:00:2e]

RSSI: -88 [da:47:6b:d4:02:5e]

RSSI: -90 [da:47:6c:15:03:2e]

RSSI: -88 [da:47:6c:98:04:ae]

RSSI: -84 [da:47:6d:16:06:1e]

RSSI: -84 [da:47:6d:58:06:de]

RSSI: -84 [da:47:6d:bd:0e:aa]

RSSI: -87 [da:47:6e:10:08:fe]

RSSI: -82 [da:47:6e:3e:10:2a]

RSSI: -84 [da:47:6e:52:09:be]

RSSI: -76 [da:47:6e:7f:10:ea]

RSSI: -79 [da:47:6e:c0:11:aa]

RSSI: -88 [da:47:6e:d6:0b:4e]

RSSI: -84 [da:47:6f:01:12:7a]

RSSI: -87 [da:47:6f:18:0c:0e]

RSSI: -92 [da:47:6f:42:13:3a]

RSSI: -84 [da:47:6f:83:13:fa]

RSSI: -84 [da:47:70:13:0e:ee]

RSSI: -82 [da:47:70:97:10:7e]

RSSI: -85 [da:47:70:da:11:4e]

RSSI: -74 [da:47:71:93:13:6e]

RSSI: -73 [da:47:71:d5:14:2e]

RSSI: -72 [da:47:72:18:14:fe]

RSSI: -82 [da:47:72:90:16:5e]

RSSI: -87 [da:47:72:d3:00:9e]

RSSI: -90 [da:47:73:15:01:6e]

RSSI: -88 [da:47:73:58:02:2e]

RSSI: -87 [da:47:74:13:04:6e]

RSSI: -86 [da:47:74:55:05:2e]

RSSI: -81 [da:47:74:99:05:fe]

RSSI: -88 [da:47:75:12:07:4e]

RSSI: -85 [da:47:75:54:08:1e]

RSSI: -85 [da:47:75:97:08:de]

RSSI: -82 [da:47:76:54:0b:0e]

RSSI: -90 [da:47:76:97:0b:ce]

RSSI: -94 [da:47:76:fe:13:fa]

RSSI: -87 [da:47:77:10:0d:3e]

RSSI: -85 [da:47:77:53:0e:0e]

RSSI: -86 [da:47:77:98:0e:de]

RSSI: -82 [da:47:78:54:11:0e]

RSSI: -86 [da:47:78:97:11:ce]

RSSI: -69 [da:47:79:11:13:2e]

RSSI: -71 [da:47:79:56:13:fe]

RSSI: -83 [da:47:7a:13:16:2e]

RSSI: -82 [da:47:7a:95:01:2e]

RSSI: -88 [da:47:7b:98:04:2e]

RSSI: -87 [da:47:7c:13:05:9e]

RSSI: -89 [da:47:7d:bf:11:ca]

RSSI: -88 [da:47:7e:02:12:8a]

RSSI: -83 [da:47:7f:11:0e:7e]

RSSI: -84 [da:47:7f:d1:10:be]

RSSI: -88 [da:47:80:17:11:8e]

RSSI: -79 [da:47:80:94:12:fe]

RSSI: -87 [da:47:80:d8:13:be]

RSSI: -87 [da:47:81:d1:00:2e]

RSSI: -84 [da:47:82:15:00:fe]

RSSI: -94 [da:47:82:80:09:8a]

RSSI: -85 [da:47:82:92:02:6e]

RSSI: -85 [da:47:83:0f:03:de]

RSSI: -85 [da:47:83:56:04:be]

RSSI: -92 [da:47:83:bc:0d:2a]

RSSI: -88 [da:47:84:95:08:5e]

RSSI: -91 [da:47:85:13:09:ce]

RSSI: -86 [da:47:85:58:0a:9e]

RSSI: -86 [da:47:85:d5:0c:0e]

RSSI: -95 [da:47:86:43:14:ca]

RSSI: -80 [da:47:86:53:0d:8e]

RSSI: -82 [da:47:86:9b:0e:5e]

RSSI: -81 [da:47:86:d1:0f:0e]

RSSI: -80 [da:47:87:19:0f:de]

RSSI: -79 [da:47:87:97:11:4e]

RSSI: -71 [da:47:88:15:12:ce]

RSSI: -82 [da:47:88:d1:14:ee]

RSSI: -84 [da:47:89:19:15:ce]

RSSI: -90 [da:47:89:cf:01:4e]

RSSI: -88 [da:47:8a:17:02:1e]

RSSI: -81 [da:47:8b:95:06:8e]

RSSI: -88 [da:47:8c:3c:10:1a]

RSSI: -83 [da:47:8c:14:08:0e]

RSSI: -81 [da:47:8c:83:10:ea]

RSSI: -76 [da:47:8c:ba:11:8a]

RSSI: -89 [da:47:8c:94:09:7e]

RSSI: -81 [da:47:8d:14:0a:fe]

RSSI: -91 [da:47:8d:80:13:ea]

RSSI: -80 [da:47:8e:14:0d:ee]

RSSI: -78 [da:47:8e:94:0f:6e]

RSSI: -77 [da:47:8f:15:10:ee]

RSSI: -92 [da:47:8f:3a:02:9a]

RSSI: -89 [da:47:8f:82:03:7a]

RSSI: -64 [da:47:8f:95:12:6e]

RSSI: -76 [da:47:90:16:13:ee]

RSSI: -87 [da:47:91:00:07:ea]

RSSI: -83 [da:47:91:80:09:6a]

RSSI: -91 [da:47:93:90:07:ae]

RSSI: -85 [da:47:94:00:10:da]

RSSI: -94 [da:47:93:d7:08:7e]

RSSI: -95 [da:47:96:bb:02:8a]

RSSI: -81 [da:47:97:16:12:1e]

RSSI: -86 [da:47:97:51:12:ce]

RSSI: -96 [da:47:9a:00:0c:4a]

RSSI: -94 [da:47:9a:82:0d:da]
